

================================================================
== Synthesis Summary Report of 'clefia_enc'
================================================================
+ General Information: 
    * Date:           Mon Dec 26 14:19:54 2022
    * Version:        2022.1 (Build 3526262 on Mon Apr 18 15:48:16 MDT 2022)
    * Project:        enc_ip
    * Solution:       solution2 (Vivado IP Flow Target)
    * Product family: zynq
    * Target device:  xc7z020-clg400-1
    

+ Performance & Resource Estimates: 
    
    PS: '+' for module; 'o' for loop; '*' for dataflow
    +--------------+------+------+---------+-----------+----------+---------+------+----------+---------+----+-------------+-------------+-----+
    |    Modules   | Issue|      | Latency |  Latency  | Iteration|         | Trip |          |         |    |             |             |     |
    |    & Loops   | Type | Slack| (cycles)|    (ns)   |  Latency | Interval| Count| Pipelined|  BRAM   | DSP|      FF     |     LUT     | URAM|
    +--------------+------+------+---------+-----------+----------+---------+------+----------+---------+----+-------------+-------------+-----+
    |+ clefia_enc  |     -|  0.30|      207|  2.070e+03|         -|      208|     -|        no|  12 (4%)|   -|  13177 (12%)|  50069 (94%)|    -|
    +--------------+------+------+---------+-----------+----------+---------+------+----------+---------+----+-------------+-------------+-----+


================================================================
== HW Interfaces
================================================================
* S_AXILITE Interfaces
+---------------+------------+---------------+--------+----------+
| Interface     | Data Width | Address Width | Offset | Register |
+---------------+------------+---------------+--------+----------+
| s_axi_control | 32         | 7             | 16     | 0        |
+---------------+------------+---------------+--------+----------+

* S_AXILITE Registers
+---------------+----------+--------+-------+--------+----------------------------------+----------------------------------------------------------------------+
| Interface     | Register | Offset | Width | Access | Description                      | Bit Fields                                                           |
+---------------+----------+--------+-------+--------+----------------------------------+----------------------------------------------------------------------+
| s_axi_control | CTRL     | 0x00   | 32    | RW     | Control signals                  | 0=AP_START 1=AP_DONE 2=AP_IDLE 3=AP_READY 7=AUTO_RESTART 9=INTERRUPT |
| s_axi_control | GIER     | 0x04   | 32    | RW     | Global Interrupt Enable Register | 0=Enable                                                             |
| s_axi_control | IP_IER   | 0x08   | 32    | RW     | IP Interrupt Enable Register     | 0=CHAN0_INT_EN 1=CHAN1_INT_EN                                        |
| s_axi_control | IP_ISR   | 0x0c   | 32    | RW     | IP Interrupt Status Register     | 0=CHAN0_INT_ST 1=CHAN1_INT_ST                                        |
+---------------+----------+--------+-------+--------+----------------------------------+----------------------------------------------------------------------+

* TOP LEVEL CONTROL
+-----------+------------+-----------+
| Interface | Type       | Ports     |
+-----------+------------+-----------+
| ap_clk    | clock      | ap_clk    |
| ap_rst_n  | reset      | ap_rst_n  |
| interrupt | interrupt  | interrupt |
| ap_ctrl   | ap_ctrl_hs |           |
+-----------+------------+-----------+


================================================================
== SW I/O Information
================================================================
* Top Function Arguments
+----------+-----------+-----------------------+
| Argument | Direction | Datatype              |
+----------+-----------+-----------------------+
| pt       | in        | unsigned char const * |
| skey     | in        | unsigned char const * |
| ct       | out       | unsigned char*        |
+----------+-----------+-----------------------+

* SW-to-HW Mapping
+----------+---------------+---------+------------------------------+
| Argument | HW Interface  | HW Type | HW Info                      |
+----------+---------------+---------+------------------------------+
| pt       | s_axi_control | memory  | name=pt offset=16 range=16   |
| skey     | s_axi_control | memory  | name=skey offset=32 range=32 |
| ct       | s_axi_control | memory  | name=ct offset=64 range=16   |
+----------+---------------+---------+------------------------------+


================================================================
== Bind Op Report
================================================================
  No bind op info in design

================================================================
== Bind Storage Report
================================================================
+---------------+------+------+--------+-----------+---------+------+---------+
| Name          | BRAM | URAM | Pragma | Variable  | Storage | Impl | Latency |
+---------------+------+------+--------+-----------+---------+------+---------+
| + clefia_enc  | 12   | 0    |        |           |         |      |         |
|   rk_U        | 1    | -    |        | rk        | ram_t2p | auto | 1       |
|   clefia_s0_U | 6    | -    |        | clefia_s0 | rom_np  | auto | 1       |
|   clefia_s1_U | 5    | -    |        | clefia_s1 | rom_np  | auto | 1       |
+---------------+------+------+--------+-----------+---------+------+---------+


================================================================
== Pragma Report
================================================================
* Valid Pragma Syntax
+-----------+-----------------------+---------------------------------------------------------+
| Type      | Options               | Location                                                |
+-----------+-----------------------+---------------------------------------------------------+
| inline    | recursive             | enc_ip/solution2/directives.tcl:7 in clefia_enc         |
| interface | s_axilite port=ct     | enc_ip/solution2/directives.tcl:9 in clefia_enc, ct     |
| interface | s_axilite port=pt     | enc_ip/solution2/directives.tcl:8 in clefia_enc, pt     |
| interface | s_axilite port=return | enc_ip/solution2/directives.tcl:6 in clefia_enc, return |
| interface | s_axilite port=skey   | enc_ip/solution2/directives.tcl:11 in clefia_enc, skey  |
| pipeline  |                       | enc_ip/solution2/directives.tcl:12 in clefiaencrypt     |
| pipeline  |                       | enc_ip/solution2/directives.tcl:13 in clefiakeyset256   |
+-----------+-----------------------+---------------------------------------------------------+


