

================================================================
== Vitis HLS Report for 'ClefiaDecrypt_1_Pipeline_VITIS_LOOP_123_1'
================================================================
* Date:           Tue Dec  6 19:10:38 2022

* Version:        2022.1 (Build 3526262 on Mon Apr 18 15:48:16 MDT 2022)
* Project:        CLEFIA_ip
* Solution:       solution1 (Vivado IP Flow Target)
* Product family: zynq
* Target device:  xc7z020-clg400-1


================================================================
== Performance Estimates
================================================================
+ Timing: 
    * Summary: 
    +--------+----------+----------+------------+
    |  Clock |  Target  | Estimated| Uncertainty|
    +--------+----------+----------+------------+
    |ap_clk  |  10.00 ns|  6.824 ns|     2.70 ns|
    +--------+----------+----------+------------+

+ Latency: 
    * Summary: 
    +---------+---------+-----------+-----------+-----+-----+---------+
    |  Latency (cycles) |   Latency (absolute)  |  Interval | Pipeline|
    |   min   |   max   |    min    |    max    | min | max |   Type  |
    +---------+---------+-----------+-----------+-----+-----+---------+
    |        7|        7|  70.000 ns|  70.000 ns|    7|    7|       no|
    +---------+---------+-----------+-----------+-----+-----+---------+

    + Detail: 
        * Instance: 
        N/A

        * Loop: 
        +--------------------+---------+---------+----------+-----------+-----------+------+----------+
        |                    |  Latency (cycles) | Iteration|  Initiation Interval  | Trip |          |
        |      Loop Name     |   min   |   max   |  Latency |  achieved |   target  | Count| Pipelined|
        +--------------------+---------+---------+----------+-----------+-----------+------+----------+
        |- VITIS_LOOP_123_1  |        5|        5|         2|          1|          1|     4|       yes|
        +--------------------+---------+---------+----------+-----------+-----------+------+----------+

============================================================
+ Verbose Summary: Synthesis Manager
============================================================
InlineROM: 1
ExposeGlobal: 0
============================================================
+ Verbose Summary: CDFG Model
============================================================
IsTopModel: 0
ResetActiveHigh: 1
IsCombinational: 0
IsDatapathOnly: 0
HasWiredReturn: 1
HasMFsm: 2
HasVarLatency: 1
IsPipeline: 0
IsRtlPipelined: 0
IsInstanceOverlapped: 0
IsDontTouch: 0
HasImplIP: 0
IsGatedGlobalClock: 0

+ Individual pipeline summary: 
  * Pipeline-0: initiation interval (II) = 1, depth = 3


============================================================
+ Verbose Summary: Schedule
============================================================
* Number of FSM states : 3
* Pipeline : 1
  Pipeline-0 : II = 1, D = 3, States = { 1 2 3 }
* Dataflow Pipeline: 0

* FSM state transitions: 
1 --> 2 
2 --> 3 
3 --> 

* FSM state operations: 

State 1 <SV = 0> <Delay = 1.58>
ST_1 : Operation 5 [1/1] (0.00ns)   --->   "%reuse_addr_reg = alloca i32 1"   --->   Operation 5 'alloca' 'reuse_addr_reg' <Predicate = true> <Delay = 0.00>
ST_1 : Operation 6 [1/1] (0.00ns)   --->   "%reuse_reg = alloca i32 1"   --->   Operation 6 'alloca' 'reuse_reg' <Predicate = true> <Delay = 0.00>
ST_1 : Operation 7 [1/1] (0.00ns)   --->   "%idx97 = alloca i32 1"   --->   Operation 7 'alloca' 'idx97' <Predicate = true> <Delay = 0.00>
ST_1 : Operation 8 [1/1] (0.00ns)   --->   "%shl_ln_read = read i8 @_ssdm_op_Read.ap_auto.i8, i8 %shl_ln"   --->   Operation 8 'read' 'shl_ln_read' <Predicate = true> <Delay = 0.00>
ST_1 : Operation 9 [1/1] (1.58ns)   --->   "%store_ln0 = store i2 0, i2 %idx97"   --->   Operation 9 'store' 'store_ln0' <Predicate = true> <Delay = 1.58>
ST_1 : Operation 10 [1/1] (1.58ns)   --->   "%store_ln0 = store i8 0, i8 %reuse_reg"   --->   Operation 10 'store' 'store_ln0' <Predicate = true> <Delay = 1.58>
ST_1 : Operation 11 [1/1] (1.58ns)   --->   "%store_ln0 = store i64 18446744073709551615, i64 %reuse_addr_reg"   --->   Operation 11 'store' 'store_ln0' <Predicate = true> <Delay = 1.58>
ST_1 : Operation 12 [1/1] (0.00ns)   --->   "%br_ln0 = br void %while.body.i13"   --->   Operation 12 'br' 'br_ln0' <Predicate = true> <Delay = 0.00>

State 2 <SV = 1> <Delay = 5.16>
ST_2 : Operation 13 [1/1] (0.00ns)   --->   "%idx97_load = load i2 %idx97" [clefia.c:124]   --->   Operation 13 'load' 'idx97_load' <Predicate = true> <Delay = 0.00>
ST_2 : Operation 14 [1/1] (0.00ns)   --->   "%zext_ln121_cast = bitconcatenate i4 @_ssdm_op_BitConcatenate.i4.i2.i2, i2 2, i2 %idx97_load" [clefia.c:121]   --->   Operation 14 'bitconcatenate' 'zext_ln121_cast' <Predicate = true> <Delay = 0.00>
ST_2 : Operation 15 [1/1] (0.00ns)   --->   "%zext_ln121 = zext i4 %zext_ln121_cast" [clefia.c:121]   --->   Operation 15 'zext' 'zext_ln121' <Predicate = true> <Delay = 0.00>
ST_2 : Operation 16 [1/1] (1.91ns)   --->   "%add_ln121 = add i8 %zext_ln121, i8 %shl_ln_read" [clefia.c:121]   --->   Operation 16 'add' 'add_ln121' <Predicate = true> <Delay = 1.91> <CoreInst = "Adder">   --->   Core 1 'Adder' <Latency = 0> <II = 1> <Delay = 1.91> <FuncUnit> <Opcode : 'add' 'sub'> <InPorts = 2> <OutPorts = 1>
ST_2 : Operation 17 [1/1] (0.00ns)   --->   "%zext_ln121_128 = zext i8 %add_ln121" [clefia.c:121]   --->   Operation 17 'zext' 'zext_ln121_128' <Predicate = true> <Delay = 0.00>
ST_2 : Operation 18 [1/1] (0.00ns)   --->   "%rk_addr = getelementptr i8 %rk, i64 0, i64 %zext_ln121_128" [clefia.c:121]   --->   Operation 18 'getelementptr' 'rk_addr' <Predicate = true> <Delay = 0.00>
ST_2 : Operation 19 [1/1] (0.00ns)   --->   "%zext_ln121_141_cast = bitconcatenate i3 @_ssdm_op_BitConcatenate.i3.i1.i2, i1 1, i2 %idx97_load" [clefia.c:121]   --->   Operation 19 'bitconcatenate' 'zext_ln121_141_cast' <Predicate = true> <Delay = 0.00>
ST_2 : Operation 20 [1/1] (0.00ns)   --->   "%zext_ln121_129 = zext i3 %zext_ln121_141_cast" [clefia.c:121]   --->   Operation 20 'zext' 'zext_ln121_129' <Predicate = true> <Delay = 0.00>
ST_2 : Operation 21 [1/1] (0.00ns)   --->   "%rin_addr = getelementptr i8 %rin, i64 0, i64 %zext_ln121_129" [clefia.c:121]   --->   Operation 21 'getelementptr' 'rin_addr' <Predicate = true> <Delay = 0.00>
ST_2 : Operation 22 [1/1] (1.56ns)   --->   "%add_ln124 = add i2 %idx97_load, i2 1" [clefia.c:124]   --->   Operation 22 'add' 'add_ln124' <Predicate = true> <Delay = 1.56> <CoreInst = "Adder">   --->   Core 1 'Adder' <Latency = 0> <II = 1> <Delay = 1.56> <FuncUnit> <Opcode : 'add' 'sub'> <InPorts = 2> <OutPorts = 1>
ST_2 : Operation 23 [1/1] (0.00ns)   --->   "%reuse_addr_reg_load = load i64 %reuse_addr_reg"   --->   Operation 23 'load' 'reuse_addr_reg_load' <Predicate = true> <Delay = 0.00>
ST_2 : Operation 24 [2/2] (2.32ns)   --->   "%rin_load = load i4 %rin_addr" [clefia.c:124]   --->   Operation 24 'load' 'rin_load' <Predicate = true> <Delay = 2.32> <CoreInst = "RAM">   --->   Core 82 'RAM' <Latency = 1> <II = 1> <Delay = 2.32> <Storage> <Opcode : 'load' 'store'> <Ports = 2> <Width = 8> <Depth = 16> <RAM>
ST_2 : Operation 25 [1/1] (2.77ns)   --->   "%addr_cmp = icmp_eq  i64 %reuse_addr_reg_load, i64 %zext_ln121_129" [clefia.c:121]   --->   Operation 25 'icmp' 'addr_cmp' <Predicate = true> <Delay = 2.77> <CoreInst = "Cmp">   --->   Core 9 'Cmp' <Latency = 0> <II = 1> <Delay = 2.77> <FuncUnit> <Opcode : 'icmp'> <InPorts = 2> <OutPorts = 1>
ST_2 : Operation 26 [2/2] (3.25ns)   --->   "%rk_load = load i8 %rk_addr" [clefia.c:124]   --->   Operation 26 'load' 'rk_load' <Predicate = true> <Delay = 3.25> <CoreInst = "RAM">   --->   Core 82 'RAM' <Latency = 1> <II = 1> <Delay = 3.25> <Storage> <Opcode : 'load' 'store'> <Ports = 2> <Width = 8> <Depth = 224> <RAM>
ST_2 : Operation 27 [1/1] (1.58ns)   --->   "%store_ln121 = store i64 %zext_ln121_129, i64 %reuse_addr_reg" [clefia.c:121]   --->   Operation 27 'store' 'store_ln121' <Predicate = true> <Delay = 1.58>
ST_2 : Operation 28 [1/1] (0.95ns)   --->   "%icmp_ln123 = icmp_eq  i2 %idx97_load, i2 3" [clefia.c:123]   --->   Operation 28 'icmp' 'icmp_ln123' <Predicate = true> <Delay = 0.95> <CoreInst = "Cmp">   --->   Core 9 'Cmp' <Latency = 0> <II = 1> <Delay = 0.95> <FuncUnit> <Opcode : 'icmp'> <InPorts = 2> <OutPorts = 1>
ST_2 : Operation 29 [1/1] (0.00ns)   --->   "%br_ln123 = br i1 %icmp_ln123, void %while.body.i13.while.body.i13_crit_edge, void %while.body.i27.preheader.exitStub" [clefia.c:123]   --->   Operation 29 'br' 'br_ln123' <Predicate = true> <Delay = 0.00>
ST_2 : Operation 30 [1/1] (1.58ns)   --->   "%store_ln123 = store i2 %add_ln124, i2 %idx97" [clefia.c:123]   --->   Operation 30 'store' 'store_ln123' <Predicate = (!icmp_ln123)> <Delay = 1.58>
ST_2 : Operation 31 [1/1] (0.00ns)   --->   "%br_ln123 = br void %while.body.i13" [clefia.c:123]   --->   Operation 31 'br' 'br_ln123' <Predicate = (!icmp_ln123)> <Delay = 0.00>

State 3 <SV = 2> <Delay = 6.82>
ST_3 : Operation 32 [1/1] (0.00ns)   --->   "%specpipeline_ln0 = specpipeline void @_ssdm_op_SpecPipeline, i32 4294967295, i32 0, i32 1, i32 0, void @p_str"   --->   Operation 32 'specpipeline' 'specpipeline_ln0' <Predicate = true> <Delay = 0.00>
ST_3 : Operation 33 [1/1] (0.00ns)   --->   "%specloopname_ln121 = specloopname void @_ssdm_op_SpecLoopName, void @empty_8" [clefia.c:121]   --->   Operation 33 'specloopname' 'specloopname_ln121' <Predicate = true> <Delay = 0.00>
ST_3 : Operation 34 [1/1] (0.00ns)   --->   "%reuse_reg_load = load i8 %reuse_reg"   --->   Operation 34 'load' 'reuse_reg_load' <Predicate = (addr_cmp)> <Delay = 0.00>
ST_3 : Operation 35 [1/2] (2.32ns)   --->   "%rin_load = load i4 %rin_addr" [clefia.c:124]   --->   Operation 35 'load' 'rin_load' <Predicate = true> <Delay = 2.32> <CoreInst = "RAM">   --->   Core 82 'RAM' <Latency = 1> <II = 1> <Delay = 2.32> <Storage> <Opcode : 'load' 'store'> <Ports = 2> <Width = 8> <Depth = 16> <RAM>
ST_3 : Operation 36 [1/1] (0.00ns) (grouped into LUT with out node xor_ln124)   --->   "%reuse_select = select i1 %addr_cmp, i8 %reuse_reg_load, i8 %rin_load" [clefia.c:121]   --->   Operation 36 'select' 'reuse_select' <Predicate = true> <Delay = 0.00> <CoreInst = "Sel">   --->   Core 73 'Sel' <Latency = 0> <II = 1> <Delay = 1.24> <FuncUnit> <Opcode : 'select'> <InPorts = 3> <OutPorts = 1>
ST_3 : Operation 37 [1/2] (3.25ns)   --->   "%rk_load = load i8 %rk_addr" [clefia.c:124]   --->   Operation 37 'load' 'rk_load' <Predicate = true> <Delay = 3.25> <CoreInst = "RAM">   --->   Core 82 'RAM' <Latency = 1> <II = 1> <Delay = 3.25> <Storage> <Opcode : 'load' 'store'> <Ports = 2> <Width = 8> <Depth = 224> <RAM>
ST_3 : Operation 38 [1/1] (1.24ns) (out node of the LUT)   --->   "%xor_ln124 = xor i8 %rk_load, i8 %reuse_select" [clefia.c:124]   --->   Operation 38 'xor' 'xor_ln124' <Predicate = true> <Delay = 1.24> <CoreInst = "LogicGate">   --->   Core 74 'LogicGate' <Latency = 0> <II = 1> <Delay = 0.99> <FuncUnit> <Opcode : 'and' 'or' 'xor'> <InPorts = 2> <OutPorts = 1>
ST_3 : Operation 39 [1/1] (2.32ns)   --->   "%store_ln124 = store i8 %xor_ln124, i4 %rin_addr" [clefia.c:124]   --->   Operation 39 'store' 'store_ln124' <Predicate = true> <Delay = 2.32> <CoreInst = "RAM">   --->   Core 82 'RAM' <Latency = 1> <II = 1> <Delay = 2.32> <Storage> <Opcode : 'load' 'store'> <Ports = 2> <Width = 8> <Depth = 16> <RAM>
ST_3 : Operation 40 [1/1] (1.58ns)   --->   "%store_ln124 = store i8 %xor_ln124, i8 %reuse_reg" [clefia.c:124]   --->   Operation 40 'store' 'store_ln124' <Predicate = true> <Delay = 1.58>
ST_3 : Operation 41 [1/1] (0.00ns)   --->   "%empty = speclooptripcount i32 @_ssdm_op_SpecLoopTripCount, i64 4, i64 4, i64 4"   --->   Operation 41 'speclooptripcount' 'empty' <Predicate = true> <Delay = 0.00>
ST_3 : Operation 42 [1/1] (0.00ns)   --->   "%ret_ln0 = ret"   --->   Operation 42 'ret' 'ret_ln0' <Predicate = (icmp_ln123)> <Delay = 0.00>


============================================================
+ Verbose Summary: Binding
============================================================
STG Binding: 
---------------- STG Properties BEGIN ----------------
- Is combinational: 0
- Is one-state seq: 0
- Is datapath-only: 0
- Is pipelined: 0
- Is top level: 0
Port [ Return ] is wired: 1; IO mode=ap_ctrl_hs:ce=0
Port [ shl_ln]:  wired=1; compound=0; hidden=0; nouse=0; global=0; static=0; extern=0; dir=0; type=0; pingpong=0; private_global=0; IO mode=ap_none:ce=0
Port [ rk]:  wired=1; compound=1; hidden=0; nouse=0; global=0; static=0; extern=0; dir=0; type=1; pingpong=0; private_global=0; MemPort=[13]; IO mode=ap_memory:ce=0
Port [ rin]:  wired=1; compound=1; hidden=0; nouse=0; global=0; static=0; extern=0; dir=2; type=1; pingpong=0; private_global=0; MemPort=[01]; IO mode=ap_memory:ce=0
---------------- STG Properties END ------------------

---------------- Datapath Model BEGIN ----------------

<LifeTime>
<method=bitvector/>
reuse_addr_reg      (alloca           ) [ 0110]
reuse_reg           (alloca           ) [ 0111]
idx97               (alloca           ) [ 0110]
shl_ln_read         (read             ) [ 0110]
store_ln0           (store            ) [ 0000]
store_ln0           (store            ) [ 0000]
store_ln0           (store            ) [ 0000]
br_ln0              (br               ) [ 0000]
idx97_load          (load             ) [ 0000]
zext_ln121_cast     (bitconcatenate   ) [ 0000]
zext_ln121          (zext             ) [ 0000]
add_ln121           (add              ) [ 0000]
zext_ln121_128      (zext             ) [ 0000]
rk_addr             (getelementptr    ) [ 0101]
zext_ln121_141_cast (bitconcatenate   ) [ 0000]
zext_ln121_129      (zext             ) [ 0000]
rin_addr            (getelementptr    ) [ 0101]
add_ln124           (add              ) [ 0000]
reuse_addr_reg_load (load             ) [ 0000]
addr_cmp            (icmp             ) [ 0101]
store_ln121         (store            ) [ 0000]
icmp_ln123          (icmp             ) [ 0111]
br_ln123            (br               ) [ 0000]
store_ln123         (store            ) [ 0000]
br_ln123            (br               ) [ 0000]
specpipeline_ln0    (specpipeline     ) [ 0000]
specloopname_ln121  (specloopname     ) [ 0000]
reuse_reg_load      (load             ) [ 0000]
rin_load            (load             ) [ 0000]
reuse_select        (select           ) [ 0000]
rk_load             (load             ) [ 0000]
xor_ln124           (xor              ) [ 0000]
store_ln124         (store            ) [ 0000]
store_ln124         (store            ) [ 0000]
empty               (speclooptripcount) [ 0000]
ret_ln0             (ret              ) [ 0000]
</LifeTime>

<model>

<comp_list>
<comp id="0" class="1000" name="shl_ln">
<pin_list>
<pin id="1" dir="1" index="0" bw="1" slack="0"/>
</pin_list>
<bind>
<StgValue><ssdm name="shl_ln"/></StgValue>
</bind>
</comp>

<comp id="2" class="1000" name="rk">
<pin_list>
<pin id="3" dir="1" index="0" bw="1" slack="0"/>
</pin_list>
<bind>
<StgValue><ssdm name="rk"/><MemPortTyVec>1 3 </MemPortTyVec>
</StgValue>
</bind>
</comp>

<comp id="4" class="1000" name="rin">
<pin_list>
<pin id="5" dir="1" index="0" bw="1" slack="0"/>
</pin_list>
<bind>
<StgValue><ssdm name="rin"/><MemPortTyVec>0 1 </MemPortTyVec>
</StgValue>
</bind>
</comp>

<comp id="6" class="1001" name="const_6">
<pin_list>
<pin id="7" dir="1" index="0" bw="1" slack="0"/>
</pin_list>
<bind>
<StgValue><ssdm name=""/></StgValue>
</bind>
</comp>

<comp id="8" class="1001" name="const_8">
<pin_list>
<pin id="9" dir="1" index="0" bw="1" slack="0"/>
</pin_list>
<bind>
<StgValue><ssdm name="_ssdm_op_Read.ap_auto.i8"/></StgValue>
</bind>
</comp>

<comp id="10" class="1001" name="const_10">
<pin_list>
<pin id="11" dir="1" index="0" bw="1" slack="0"/>
</pin_list>
<bind>
<StgValue><ssdm name=""/></StgValue>
</bind>
</comp>

<comp id="12" class="1001" name="const_12">
<pin_list>
<pin id="13" dir="1" index="0" bw="1" slack="0"/>
</pin_list>
<bind>
<StgValue><ssdm name=""/></StgValue>
</bind>
</comp>

<comp id="14" class="1001" name="const_14">
<pin_list>
<pin id="15" dir="1" index="0" bw="1" slack="0"/>
</pin_list>
<bind>
<StgValue><ssdm name=""/></StgValue>
</bind>
</comp>

<comp id="16" class="1001" name="const_16">
<pin_list>
<pin id="17" dir="1" index="0" bw="1" slack="0"/>
</pin_list>
<bind>
<StgValue><ssdm name="_ssdm_op_BitConcatenate.i4.i2.i2"/></StgValue>
</bind>
</comp>

<comp id="18" class="1001" name="const_18">
<pin_list>
<pin id="19" dir="1" index="0" bw="1" slack="0"/>
</pin_list>
<bind>
<StgValue><ssdm name=""/></StgValue>
</bind>
</comp>

<comp id="20" class="1001" name="const_20">
<pin_list>
<pin id="21" dir="1" index="0" bw="1" slack="0"/>
</pin_list>
<bind>
<StgValue><ssdm name=""/></StgValue>
</bind>
</comp>

<comp id="22" class="1001" name="const_22">
<pin_list>
<pin id="23" dir="1" index="0" bw="1" slack="0"/>
</pin_list>
<bind>
<StgValue><ssdm name="_ssdm_op_BitConcatenate.i3.i1.i2"/></StgValue>
</bind>
</comp>

<comp id="24" class="1001" name="const_24">
<pin_list>
<pin id="25" dir="1" index="0" bw="1" slack="0"/>
</pin_list>
<bind>
<StgValue><ssdm name=""/></StgValue>
</bind>
</comp>

<comp id="26" class="1001" name="const_26">
<pin_list>
<pin id="27" dir="1" index="0" bw="1" slack="0"/>
</pin_list>
<bind>
<StgValue><ssdm name=""/></StgValue>
</bind>
</comp>

<comp id="28" class="1001" name="const_28">
<pin_list>
<pin id="29" dir="1" index="0" bw="1" slack="0"/>
</pin_list>
<bind>
<StgValue><ssdm name=""/></StgValue>
</bind>
</comp>

<comp id="30" class="1001" name="const_30">
<pin_list>
<pin id="31" dir="1" index="0" bw="1" slack="2147483647"/>
</pin_list>
<bind>
<StgValue><ssdm name="_ssdm_op_SpecPipeline"/></StgValue>
</bind>
</comp>

<comp id="32" class="1001" name="const_32">
<pin_list>
<pin id="33" dir="1" index="0" bw="1" slack="2147483647"/>
</pin_list>
<bind>
<StgValue><ssdm name=""/></StgValue>
</bind>
</comp>

<comp id="34" class="1001" name="const_34">
<pin_list>
<pin id="35" dir="1" index="0" bw="1" slack="2147483647"/>
</pin_list>
<bind>
<StgValue><ssdm name=""/></StgValue>
</bind>
</comp>

<comp id="36" class="1001" name="const_36">
<pin_list>
<pin id="37" dir="1" index="0" bw="1" slack="2147483647"/>
</pin_list>
<bind>
<StgValue><ssdm name="p_str"/></StgValue>
</bind>
</comp>

<comp id="38" class="1001" name="const_38">
<pin_list>
<pin id="39" dir="1" index="0" bw="1" slack="2147483647"/>
</pin_list>
<bind>
<StgValue><ssdm name="_ssdm_op_SpecLoopName"/></StgValue>
</bind>
</comp>

<comp id="40" class="1001" name="const_40">
<pin_list>
<pin id="41" dir="1" index="0" bw="1" slack="2147483647"/>
</pin_list>
<bind>
<StgValue><ssdm name="empty_8"/></StgValue>
</bind>
</comp>

<comp id="42" class="1001" name="const_42">
<pin_list>
<pin id="43" dir="1" index="0" bw="1" slack="2147483647"/>
</pin_list>
<bind>
<StgValue><ssdm name="_ssdm_op_SpecLoopTripCount"/></StgValue>
</bind>
</comp>

<comp id="44" class="1001" name="const_44">
<pin_list>
<pin id="45" dir="1" index="0" bw="1" slack="2147483647"/>
</pin_list>
<bind>
<StgValue><ssdm name=""/></StgValue>
</bind>
</comp>

<comp id="46" class="1004" name="reuse_addr_reg_fu_46">
<pin_list>
<pin id="47" dir="0" index="0" bw="1" slack="0"/>
<pin id="48" dir="1" index="1" bw="64" slack="0"/>
</pin_list>
<bind>
<opcode="alloca(26) " fcode="alloca"/>
<opset="reuse_addr_reg/1 "/>
</bind>
</comp>

<comp id="50" class="1004" name="reuse_reg_fu_50">
<pin_list>
<pin id="51" dir="0" index="0" bw="1" slack="0"/>
<pin id="52" dir="1" index="1" bw="8" slack="0"/>
</pin_list>
<bind>
<opcode="alloca(26) " fcode="alloca"/>
<opset="reuse_reg/1 "/>
</bind>
</comp>

<comp id="54" class="1004" name="idx97_fu_54">
<pin_list>
<pin id="55" dir="0" index="0" bw="1" slack="0"/>
<pin id="56" dir="1" index="1" bw="2" slack="0"/>
</pin_list>
<bind>
<opcode="alloca(26) " fcode="alloca"/>
<opset="idx97/1 "/>
</bind>
</comp>

<comp id="58" class="1004" name="shl_ln_read_read_fu_58">
<pin_list>
<pin id="59" dir="0" index="0" bw="8" slack="0"/>
<pin id="60" dir="0" index="1" bw="8" slack="0"/>
<pin id="61" dir="1" index="2" bw="8" slack="1"/>
</pin_list>
<bind>
<opcode="read(1150) " fcode="read"/>
<opset="shl_ln_read/1 "/>
</bind>
</comp>

<comp id="64" class="1004" name="rk_addr_gep_fu_64">
<pin_list>
<pin id="65" dir="0" index="0" bw="8" slack="0"/>
<pin id="66" dir="0" index="1" bw="1" slack="0"/>
<pin id="67" dir="0" index="2" bw="8" slack="0"/>
<pin id="68" dir="1" index="3" bw="8" slack="0"/>
</pin_list>
<bind>
<opcode="getelementptr(29) " fcode="getelementptr"/>
<opset="rk_addr/2 "/>
</bind>
</comp>

<comp id="71" class="1004" name="rin_addr_gep_fu_71">
<pin_list>
<pin id="72" dir="0" index="0" bw="8" slack="0"/>
<pin id="73" dir="0" index="1" bw="1" slack="0"/>
<pin id="74" dir="0" index="2" bw="3" slack="0"/>
<pin id="75" dir="1" index="3" bw="4" slack="0"/>
</pin_list>
<bind>
<opcode="getelementptr(29) " fcode="getelementptr"/>
<opset="rin_addr/2 "/>
</bind>
</comp>

<comp id="78" class="1004" name="grp_access_fu_78">
<pin_list>
<pin id="79" dir="0" index="0" bw="4" slack="1"/>
<pin id="80" dir="0" index="1" bw="8" slack="0"/>
<pin id="81" dir="0" index="2" bw="0" slack="0"/>
<pin id="83" dir="0" index="4" bw="4" slack="2147483647"/>
<pin id="84" dir="0" index="5" bw="8" slack="2147483647"/>
<pin id="85" dir="0" index="6" bw="0" slack="2147483647"/>
<pin id="82" dir="1" index="3" bw="8" slack="2147483647"/>
<pin id="86" dir="1" index="7" bw="8" slack="0"/>
</pin_list>
<bind>
<opcode="load(27) store(28) " fcode="store"/>
<opset="rin_load/2 store_ln124/3 "/>
</bind>
</comp>

<comp id="88" class="1004" name="grp_access_fu_88">
<pin_list>
<pin id="89" dir="0" index="0" bw="8" slack="0"/>
<pin id="90" dir="0" index="1" bw="8" slack="2147483647"/>
<pin id="91" dir="0" index="2" bw="0" slack="2147483647"/>
<pin id="92" dir="1" index="3" bw="8" slack="0"/>
</pin_list>
<bind>
<opcode="load(27) " fcode="load"/>
<opset="rk_load/2 "/>
</bind>
</comp>

<comp id="94" class="1004" name="store_ln0_store_fu_94">
<pin_list>
<pin id="95" dir="0" index="0" bw="1" slack="0"/>
<pin id="96" dir="0" index="1" bw="2" slack="0"/>
<pin id="97" dir="1" index="2" bw="0" slack="2147483647"/>
</pin_list>
<bind>
<opcode="store(28) " fcode="store"/>
<opset="store_ln0/1 "/>
</bind>
</comp>

<comp id="99" class="1004" name="store_ln0_store_fu_99">
<pin_list>
<pin id="100" dir="0" index="0" bw="1" slack="0"/>
<pin id="101" dir="0" index="1" bw="8" slack="0"/>
<pin id="102" dir="1" index="2" bw="0" slack="2147483647"/>
</pin_list>
<bind>
<opcode="store(28) " fcode="store"/>
<opset="store_ln0/1 "/>
</bind>
</comp>

<comp id="104" class="1004" name="store_ln0_store_fu_104">
<pin_list>
<pin id="105" dir="0" index="0" bw="1" slack="0"/>
<pin id="106" dir="0" index="1" bw="64" slack="0"/>
<pin id="107" dir="1" index="2" bw="0" slack="2147483647"/>
</pin_list>
<bind>
<opcode="store(28) " fcode="store"/>
<opset="store_ln0/1 "/>
</bind>
</comp>

<comp id="109" class="1004" name="idx97_load_load_fu_109">
<pin_list>
<pin id="110" dir="0" index="0" bw="2" slack="1"/>
<pin id="111" dir="1" index="1" bw="2" slack="0"/>
</pin_list>
<bind>
<opcode="load(27) " fcode="load"/>
<opset="idx97_load/2 "/>
</bind>
</comp>

<comp id="112" class="1004" name="zext_ln121_cast_fu_112">
<pin_list>
<pin id="113" dir="0" index="0" bw="4" slack="0"/>
<pin id="114" dir="0" index="1" bw="2" slack="0"/>
<pin id="115" dir="0" index="2" bw="2" slack="0"/>
<pin id="116" dir="1" index="3" bw="4" slack="0"/>
</pin_list>
<bind>
<opcode="bitconcatenate(1004) " fcode="bitconcatenate"/>
<opset="zext_ln121_cast/2 "/>
</bind>
</comp>

<comp id="120" class="1004" name="zext_ln121_fu_120">
<pin_list>
<pin id="121" dir="0" index="0" bw="4" slack="0"/>
<pin id="122" dir="1" index="1" bw="8" slack="0"/>
</pin_list>
<bind>
<opcode="zext(34) " fcode="zext"/>
<opset="zext_ln121/2 "/>
</bind>
</comp>

<comp id="124" class="1004" name="add_ln121_fu_124">
<pin_list>
<pin id="125" dir="0" index="0" bw="4" slack="0"/>
<pin id="126" dir="0" index="1" bw="8" slack="1"/>
<pin id="127" dir="1" index="2" bw="8" slack="0"/>
</pin_list>
<bind>
<opcode="add(8) " fcode="add"/>
<opset="add_ln121/2 "/>
</bind>
</comp>

<comp id="129" class="1004" name="zext_ln121_128_fu_129">
<pin_list>
<pin id="130" dir="0" index="0" bw="8" slack="0"/>
<pin id="131" dir="1" index="1" bw="64" slack="0"/>
</pin_list>
<bind>
<opcode="zext(34) " fcode="zext"/>
<opset="zext_ln121_128/2 "/>
</bind>
</comp>

<comp id="134" class="1004" name="zext_ln121_141_cast_fu_134">
<pin_list>
<pin id="135" dir="0" index="0" bw="3" slack="0"/>
<pin id="136" dir="0" index="1" bw="1" slack="0"/>
<pin id="137" dir="0" index="2" bw="2" slack="0"/>
<pin id="138" dir="1" index="3" bw="3" slack="0"/>
</pin_list>
<bind>
<opcode="bitconcatenate(1004) " fcode="bitconcatenate"/>
<opset="zext_ln121_141_cast/2 "/>
</bind>
</comp>

<comp id="142" class="1004" name="zext_ln121_129_fu_142">
<pin_list>
<pin id="143" dir="0" index="0" bw="3" slack="0"/>
<pin id="144" dir="1" index="1" bw="64" slack="0"/>
</pin_list>
<bind>
<opcode="zext(34) " fcode="zext"/>
<opset="zext_ln121_129/2 "/>
</bind>
</comp>

<comp id="147" class="1004" name="add_ln124_fu_147">
<pin_list>
<pin id="148" dir="0" index="0" bw="2" slack="0"/>
<pin id="149" dir="0" index="1" bw="1" slack="0"/>
<pin id="150" dir="1" index="2" bw="2" slack="0"/>
</pin_list>
<bind>
<opcode="add(8) " fcode="add"/>
<opset="add_ln124/2 "/>
</bind>
</comp>

<comp id="153" class="1004" name="reuse_addr_reg_load_load_fu_153">
<pin_list>
<pin id="154" dir="0" index="0" bw="64" slack="1"/>
<pin id="155" dir="1" index="1" bw="64" slack="0"/>
</pin_list>
<bind>
<opcode="load(27) " fcode="load"/>
<opset="reuse_addr_reg_load/2 "/>
</bind>
</comp>

<comp id="156" class="1004" name="addr_cmp_fu_156">
<pin_list>
<pin id="157" dir="0" index="0" bw="64" slack="0"/>
<pin id="158" dir="0" index="1" bw="3" slack="0"/>
<pin id="159" dir="1" index="2" bw="1" slack="1"/>
</pin_list>
<bind>
<opcode="icmp(45) " fcode="icmp"/>
<opset="addr_cmp/2 "/>
</bind>
</comp>

<comp id="162" class="1004" name="store_ln121_store_fu_162">
<pin_list>
<pin id="163" dir="0" index="0" bw="3" slack="0"/>
<pin id="164" dir="0" index="1" bw="64" slack="1"/>
<pin id="165" dir="1" index="2" bw="0" slack="2147483647"/>
</pin_list>
<bind>
<opcode="store(28) " fcode="store"/>
<opset="store_ln121/2 "/>
</bind>
</comp>

<comp id="167" class="1004" name="icmp_ln123_fu_167">
<pin_list>
<pin id="168" dir="0" index="0" bw="2" slack="0"/>
<pin id="169" dir="0" index="1" bw="1" slack="0"/>
<pin id="170" dir="1" index="2" bw="1" slack="1"/>
</pin_list>
<bind>
<opcode="icmp(45) " fcode="icmp"/>
<opset="icmp_ln123/2 "/>
</bind>
</comp>

<comp id="173" class="1004" name="store_ln123_store_fu_173">
<pin_list>
<pin id="174" dir="0" index="0" bw="2" slack="0"/>
<pin id="175" dir="0" index="1" bw="2" slack="1"/>
<pin id="176" dir="1" index="2" bw="0" slack="2147483647"/>
</pin_list>
<bind>
<opcode="store(28) " fcode="store"/>
<opset="store_ln123/2 "/>
</bind>
</comp>

<comp id="178" class="1004" name="reuse_reg_load_load_fu_178">
<pin_list>
<pin id="179" dir="0" index="0" bw="8" slack="2"/>
<pin id="180" dir="1" index="1" bw="8" slack="0"/>
</pin_list>
<bind>
<opcode="load(27) " fcode="load"/>
<opset="reuse_reg_load/3 "/>
</bind>
</comp>

<comp id="181" class="1004" name="reuse_select_fu_181">
<pin_list>
<pin id="182" dir="0" index="0" bw="1" slack="1"/>
<pin id="183" dir="0" index="1" bw="8" slack="0"/>
<pin id="184" dir="0" index="2" bw="8" slack="0"/>
<pin id="185" dir="1" index="3" bw="8" slack="0"/>
</pin_list>
<bind>
<opcode="select(49) " fcode="select"/>
<opset="reuse_select/3 "/>
</bind>
</comp>

<comp id="188" class="1004" name="xor_ln124_fu_188">
<pin_list>
<pin id="189" dir="0" index="0" bw="8" slack="0"/>
<pin id="190" dir="0" index="1" bw="8" slack="0"/>
<pin id="191" dir="1" index="2" bw="8" slack="0"/>
</pin_list>
<bind>
<opcode="xor(25) " fcode="xor"/>
<opset="xor_ln124/3 "/>
</bind>
</comp>

<comp id="195" class="1004" name="store_ln124_store_fu_195">
<pin_list>
<pin id="196" dir="0" index="0" bw="8" slack="0"/>
<pin id="197" dir="0" index="1" bw="8" slack="2"/>
<pin id="198" dir="1" index="2" bw="0" slack="2147483647"/>
</pin_list>
<bind>
<opcode="store(28) " fcode="store"/>
<opset="store_ln124/3 "/>
</bind>
</comp>

<comp id="200" class="1005" name="reuse_addr_reg_reg_200">
<pin_list>
<pin id="201" dir="0" index="0" bw="64" slack="0"/>
<pin id="202" dir="1" index="1" bw="64" slack="0"/>
</pin_list>
<bind>
<opset="reuse_addr_reg "/>
</bind>
</comp>

<comp id="207" class="1005" name="reuse_reg_reg_207">
<pin_list>
<pin id="208" dir="0" index="0" bw="8" slack="0"/>
<pin id="209" dir="1" index="1" bw="8" slack="0"/>
</pin_list>
<bind>
<opset="reuse_reg "/>
</bind>
</comp>

<comp id="214" class="1005" name="idx97_reg_214">
<pin_list>
<pin id="215" dir="0" index="0" bw="2" slack="0"/>
<pin id="216" dir="1" index="1" bw="2" slack="0"/>
</pin_list>
<bind>
<opset="idx97 "/>
</bind>
</comp>

<comp id="221" class="1005" name="shl_ln_read_reg_221">
<pin_list>
<pin id="222" dir="0" index="0" bw="8" slack="1"/>
<pin id="223" dir="1" index="1" bw="8" slack="1"/>
</pin_list>
<bind>
<opset="shl_ln_read "/>
</bind>
</comp>

<comp id="226" class="1005" name="rk_addr_reg_226">
<pin_list>
<pin id="227" dir="0" index="0" bw="8" slack="1"/>
<pin id="228" dir="1" index="1" bw="8" slack="1"/>
</pin_list>
<bind>
<opset="rk_addr "/>
</bind>
</comp>

<comp id="231" class="1005" name="rin_addr_reg_231">
<pin_list>
<pin id="232" dir="0" index="0" bw="4" slack="1"/>
<pin id="233" dir="1" index="1" bw="4" slack="1"/>
</pin_list>
<bind>
<opset="rin_addr "/>
</bind>
</comp>

<comp id="237" class="1005" name="addr_cmp_reg_237">
<pin_list>
<pin id="238" dir="0" index="0" bw="1" slack="1"/>
<pin id="239" dir="1" index="1" bw="1" slack="1"/>
</pin_list>
<bind>
<opset="addr_cmp "/>
</bind>
</comp>

<comp id="242" class="1005" name="icmp_ln123_reg_242">
<pin_list>
<pin id="243" dir="0" index="0" bw="1" slack="1"/>
<pin id="244" dir="1" index="1" bw="1" slack="2147483647"/>
</pin_list>
<bind>
<opset="icmp_ln123 "/>
</bind>
</comp>

</comp_list>

<net_list>
<net id="49"><net_src comp="6" pin="0"/><net_sink comp="46" pin=0"/></net>

<net id="53"><net_src comp="6" pin="0"/><net_sink comp="50" pin=0"/></net>

<net id="57"><net_src comp="6" pin="0"/><net_sink comp="54" pin=0"/></net>

<net id="62"><net_src comp="8" pin="0"/><net_sink comp="58" pin=0"/></net>

<net id="63"><net_src comp="0" pin="0"/><net_sink comp="58" pin=1"/></net>

<net id="69"><net_src comp="2" pin="0"/><net_sink comp="64" pin=0"/></net>

<net id="70"><net_src comp="20" pin="0"/><net_sink comp="64" pin=1"/></net>

<net id="76"><net_src comp="4" pin="0"/><net_sink comp="71" pin=0"/></net>

<net id="77"><net_src comp="20" pin="0"/><net_sink comp="71" pin=1"/></net>

<net id="87"><net_src comp="71" pin="3"/><net_sink comp="78" pin=2"/></net>

<net id="93"><net_src comp="64" pin="3"/><net_sink comp="88" pin=0"/></net>

<net id="98"><net_src comp="10" pin="0"/><net_sink comp="94" pin=0"/></net>

<net id="103"><net_src comp="12" pin="0"/><net_sink comp="99" pin=0"/></net>

<net id="108"><net_src comp="14" pin="0"/><net_sink comp="104" pin=0"/></net>

<net id="117"><net_src comp="16" pin="0"/><net_sink comp="112" pin=0"/></net>

<net id="118"><net_src comp="18" pin="0"/><net_sink comp="112" pin=1"/></net>

<net id="119"><net_src comp="109" pin="1"/><net_sink comp="112" pin=2"/></net>

<net id="123"><net_src comp="112" pin="3"/><net_sink comp="120" pin=0"/></net>

<net id="128"><net_src comp="120" pin="1"/><net_sink comp="124" pin=0"/></net>

<net id="132"><net_src comp="124" pin="2"/><net_sink comp="129" pin=0"/></net>

<net id="133"><net_src comp="129" pin="1"/><net_sink comp="64" pin=2"/></net>

<net id="139"><net_src comp="22" pin="0"/><net_sink comp="134" pin=0"/></net>

<net id="140"><net_src comp="24" pin="0"/><net_sink comp="134" pin=1"/></net>

<net id="141"><net_src comp="109" pin="1"/><net_sink comp="134" pin=2"/></net>

<net id="145"><net_src comp="134" pin="3"/><net_sink comp="142" pin=0"/></net>

<net id="146"><net_src comp="142" pin="1"/><net_sink comp="71" pin=2"/></net>

<net id="151"><net_src comp="109" pin="1"/><net_sink comp="147" pin=0"/></net>

<net id="152"><net_src comp="26" pin="0"/><net_sink comp="147" pin=1"/></net>

<net id="160"><net_src comp="153" pin="1"/><net_sink comp="156" pin=0"/></net>

<net id="161"><net_src comp="142" pin="1"/><net_sink comp="156" pin=1"/></net>

<net id="166"><net_src comp="142" pin="1"/><net_sink comp="162" pin=0"/></net>

<net id="171"><net_src comp="109" pin="1"/><net_sink comp="167" pin=0"/></net>

<net id="172"><net_src comp="28" pin="0"/><net_sink comp="167" pin=1"/></net>

<net id="177"><net_src comp="147" pin="2"/><net_sink comp="173" pin=0"/></net>

<net id="186"><net_src comp="178" pin="1"/><net_sink comp="181" pin=1"/></net>

<net id="187"><net_src comp="78" pin="7"/><net_sink comp="181" pin=2"/></net>

<net id="192"><net_src comp="88" pin="3"/><net_sink comp="188" pin=0"/></net>

<net id="193"><net_src comp="181" pin="3"/><net_sink comp="188" pin=1"/></net>

<net id="194"><net_src comp="188" pin="2"/><net_sink comp="78" pin=1"/></net>

<net id="199"><net_src comp="188" pin="2"/><net_sink comp="195" pin=0"/></net>

<net id="203"><net_src comp="46" pin="1"/><net_sink comp="200" pin=0"/></net>

<net id="204"><net_src comp="200" pin="1"/><net_sink comp="104" pin=1"/></net>

<net id="205"><net_src comp="200" pin="1"/><net_sink comp="153" pin=0"/></net>

<net id="206"><net_src comp="200" pin="1"/><net_sink comp="162" pin=1"/></net>

<net id="210"><net_src comp="50" pin="1"/><net_sink comp="207" pin=0"/></net>

<net id="211"><net_src comp="207" pin="1"/><net_sink comp="99" pin=1"/></net>

<net id="212"><net_src comp="207" pin="1"/><net_sink comp="178" pin=0"/></net>

<net id="213"><net_src comp="207" pin="1"/><net_sink comp="195" pin=1"/></net>

<net id="217"><net_src comp="54" pin="1"/><net_sink comp="214" pin=0"/></net>

<net id="218"><net_src comp="214" pin="1"/><net_sink comp="94" pin=1"/></net>

<net id="219"><net_src comp="214" pin="1"/><net_sink comp="109" pin=0"/></net>

<net id="220"><net_src comp="214" pin="1"/><net_sink comp="173" pin=1"/></net>

<net id="224"><net_src comp="58" pin="2"/><net_sink comp="221" pin=0"/></net>

<net id="225"><net_src comp="221" pin="1"/><net_sink comp="124" pin=1"/></net>

<net id="229"><net_src comp="64" pin="3"/><net_sink comp="226" pin=0"/></net>

<net id="230"><net_src comp="226" pin="1"/><net_sink comp="88" pin=0"/></net>

<net id="234"><net_src comp="71" pin="3"/><net_sink comp="231" pin=0"/></net>

<net id="235"><net_src comp="231" pin="1"/><net_sink comp="78" pin=2"/></net>

<net id="236"><net_src comp="231" pin="1"/><net_sink comp="78" pin=0"/></net>

<net id="240"><net_src comp="156" pin="2"/><net_sink comp="237" pin=0"/></net>

<net id="241"><net_src comp="237" pin="1"/><net_sink comp="181" pin=0"/></net>

<net id="245"><net_src comp="167" pin="2"/><net_sink comp="242" pin=0"/></net>

</net_list>

</model> 
---------------- Datapath Model END ------------------

* FSMD analyzer results:
  - Output states:
	Port: rin | {3 }
 - Input state : 
	Port: ClefiaDecrypt.1_Pipeline_VITIS_LOOP_123_1 : shl_ln | {1 }
	Port: ClefiaDecrypt.1_Pipeline_VITIS_LOOP_123_1 : rk | {2 3 }
	Port: ClefiaDecrypt.1_Pipeline_VITIS_LOOP_123_1 : rin | {2 3 }
  - Chain level:
	State 1
		store_ln0 : 1
		store_ln0 : 1
		store_ln0 : 1
	State 2
		zext_ln121_cast : 1
		zext_ln121 : 2
		add_ln121 : 3
		zext_ln121_128 : 4
		rk_addr : 5
		zext_ln121_141_cast : 1
		zext_ln121_129 : 2
		rin_addr : 3
		add_ln124 : 1
		rin_load : 4
		addr_cmp : 3
		rk_load : 6
		store_ln121 : 3
		icmp_ln123 : 1
		br_ln123 : 2
		store_ln123 : 2
	State 3
		reuse_select : 1
		xor_ln124 : 2
		store_ln124 : 2
		store_ln124 : 2


============================================================
+ Verbose Summary: Datapath Resource usage 
============================================================

* Functional unit list:
|----------|----------------------------|---------|---------|
| Operation|       Functional Unit      |    FF   |   LUT   |
|----------|----------------------------|---------|---------|
|   icmp   |       addr_cmp_fu_156      |    0    |    29   |
|          |      icmp_ln123_fu_167     |    0    |    8    |
|----------|----------------------------|---------|---------|
|    add   |      add_ln121_fu_124      |    0    |    15   |
|          |      add_ln124_fu_147      |    0    |    10   |
|----------|----------------------------|---------|---------|
|  select  |     reuse_select_fu_181    |    0    |    8    |
|----------|----------------------------|---------|---------|
|    xor   |      xor_ln124_fu_188      |    0    |    8    |
|----------|----------------------------|---------|---------|
|   read   |   shl_ln_read_read_fu_58   |    0    |    0    |
|----------|----------------------------|---------|---------|
|bitconcatenate|   zext_ln121_cast_fu_112   |    0    |    0    |
|          | zext_ln121_141_cast_fu_134 |    0    |    0    |
|----------|----------------------------|---------|---------|
|          |      zext_ln121_fu_120     |    0    |    0    |
|   zext   |    zext_ln121_128_fu_129   |    0    |    0    |
|          |    zext_ln121_129_fu_142   |    0    |    0    |
|----------|----------------------------|---------|---------|
|   Total  |                            |    0    |    78   |
|----------|----------------------------|---------|---------|

Memories:
N/A

* Register list:
+----------------------+--------+
|                      |   FF   |
+----------------------+--------+
|   addr_cmp_reg_237   |    1   |
|  icmp_ln123_reg_242  |    1   |
|     idx97_reg_214    |    2   |
|reuse_addr_reg_reg_200|   64   |
|   reuse_reg_reg_207  |    8   |
|   rin_addr_reg_231   |    4   |
|    rk_addr_reg_226   |    8   |
|  shl_ln_read_reg_221 |    8   |
+----------------------+--------+
|         Total        |   96   |
+----------------------+--------+

* Multiplexer (MUX) list: 
|------------------|------|------|------|--------||---------||---------|
|       Comp       |  Pin | Size |  BW  | S x BW ||  Delay  ||   LUT   |
|------------------|------|------|------|--------||---------||---------|
| grp_access_fu_78 |  p2  |   2  |   0  |    0   ||    9    |
| grp_access_fu_88 |  p0  |   2  |   8  |   16   ||    9    |
|------------------|------|------|------|--------||---------||---------|
|       Total      |      |      |      |   16   ||  3.176  ||    18   |
|------------------|------|------|------|--------||---------||---------|



* Summary:
+-----------+--------+--------+--------+
|           |  Delay |   FF   |   LUT  |
+-----------+--------+--------+--------+
|  Function |    -   |    0   |   78   |
|   Memory  |    -   |    -   |    -   |
|Multiplexer|    3   |    -   |   18   |
|  Register |    -   |   96   |    -   |
+-----------+--------+--------+--------+
|   Total   |    3   |   96   |   96   |
+-----------+--------+--------+--------+
