

================================================================
== Vitis HLS Report for 'ClefiaF0Xor_125'
================================================================
* Date:           Tue Dec  6 19:10:25 2022

* Version:        2022.1 (Build 3526262 on Mon Apr 18 15:48:16 MDT 2022)
* Project:        CLEFIA_ip
* Solution:       solution1 (Vivado IP Flow Target)
* Product family: zynq
* Target device:  xc7z020-clg400-1


================================================================
== Performance Estimates
================================================================
+ Timing: 
    * Summary: 
    +--------+----------+----------+------------+
    |  Clock |  Target  | Estimated| Uncertainty|
    +--------+----------+----------+------------+
    |ap_clk  |  10.00 ns|  5.750 ns|     2.70 ns|
    +--------+----------+----------+------------+

+ Latency: 
    * Summary: 
    +---------+---------+-----------+-----------+-----+-----+---------+
    |  Latency (cycles) |   Latency (absolute)  |  Interval | Pipeline|
    |   min   |   max   |    min    |    max    | min | max |   Type  |
    +---------+---------+-----------+-----------+-----+-----+---------+
    |        8|        8|  80.000 ns|  80.000 ns|    4|    4|      yes|
    +---------+---------+-----------+-----------+-----+-----+---------+

    + Detail: 
        * Instance: 
        N/A

        * Loop: 
        N/A

============================================================
+ Verbose Summary: Synthesis Manager
============================================================
InlineROM: 1
ExposeGlobal: 0
============================================================
+ Verbose Summary: CDFG Model
============================================================
IsTopModel: 0
ResetActiveHigh: 1
IsCombinational: 0
IsDatapathOnly: 0
HasWiredReturn: 1
HasMFsm: 2
HasVarLatency: 0
IsPipeline: 1
IsRtlPipelined: 1
IsInstanceOverlapped: 0
IsDontTouch: 0
HasImplIP: 0
IsGatedGlobalClock: 0

+ Individual pipeline summary: 
  * Pipeline-0: initiation interval (II) = 4, depth = 9


============================================================
+ Verbose Summary: Schedule
============================================================
* Number of FSM states : 9
* Pipeline : 1
  Pipeline-0 : II = 4, D = 9, States = { 1 2 3 4 5 6 7 8 9 }
* Dataflow Pipeline: 0

* FSM state transitions: 
1 --> 2 
2 --> 3 
3 --> 4 
4 --> 5 
5 --> 6 
6 --> 7 
7 --> 8 
8 --> 9 
9 --> 

* FSM state operations: 

State 1 <SV = 0> <Delay = 3.25>
ST_1 : Operation 10 [1/1] (0.00ns)   --->   "%rk_offset_read = read i7 @_ssdm_op_Read.ap_auto.i7, i7 %rk_offset"   --->   Operation 10 'read' 'rk_offset_read' <Predicate = true> <Delay = 0.00>
ST_1 : Operation 11 [1/1] (0.00ns)   --->   "%rk_offset_cast = zext i7 %rk_offset_read"   --->   Operation 11 'zext' 'rk_offset_cast' <Predicate = true> <Delay = 0.00>
ST_1 : Operation 12 [1/1] (0.00ns)   --->   "%rk_addr = getelementptr i8 %rk, i64 0, i64 %rk_offset_cast" [clefia.c:121]   --->   Operation 12 'getelementptr' 'rk_addr' <Predicate = true> <Delay = 0.00>
ST_1 : Operation 13 [1/1] (0.00ns)   --->   "%src_addr = getelementptr i8 %src, i64 0, i64 0" [clefia.c:121]   --->   Operation 13 'getelementptr' 'src_addr' <Predicate = true> <Delay = 0.00>
ST_1 : Operation 14 [2/2] (2.32ns)   --->   "%src_load = load i4 %src_addr" [clefia.c:124]   --->   Operation 14 'load' 'src_load' <Predicate = true> <Delay = 2.32> <CoreInst = "RAM">   --->   Core 82 'RAM' <Latency = 1> <II = 1> <Delay = 2.32> <Storage> <Opcode : 'load' 'store'> <Ports = 2> <Width = 8> <Depth = 16> <RAM>
ST_1 : Operation 15 [2/2] (3.25ns)   --->   "%rk_load = load i8 %rk_addr" [clefia.c:124]   --->   Operation 15 'load' 'rk_load' <Predicate = true> <Delay = 3.25> <CoreInst = "ROM">   --->   Core 95 'ROM' <Latency = 1> <II = 1> <Delay = 3.25> <Storage> <Opcode : 'load'> <Ports = 0> <Width = 8> <Depth = 240> <ROM>
ST_1 : Operation 16 [1/1] (0.00ns)   --->   "%src_addr_36 = getelementptr i8 %src, i64 0, i64 1" [clefia.c:121]   --->   Operation 16 'getelementptr' 'src_addr_36' <Predicate = true> <Delay = 0.00>
ST_1 : Operation 17 [2/2] (2.32ns)   --->   "%src_load_36 = load i4 %src_addr_36" [clefia.c:124]   --->   Operation 17 'load' 'src_load_36' <Predicate = true> <Delay = 2.32> <CoreInst = "RAM">   --->   Core 82 'RAM' <Latency = 1> <II = 1> <Delay = 2.32> <Storage> <Opcode : 'load' 'store'> <Ports = 2> <Width = 8> <Depth = 16> <RAM>

State 2 <SV = 1> <Delay = 5.12>
ST_2 : Operation 18 [1/2] (2.32ns)   --->   "%src_load = load i4 %src_addr" [clefia.c:124]   --->   Operation 18 'load' 'src_load' <Predicate = true> <Delay = 2.32> <CoreInst = "RAM">   --->   Core 82 'RAM' <Latency = 1> <II = 1> <Delay = 2.32> <Storage> <Opcode : 'load' 'store'> <Ports = 2> <Width = 8> <Depth = 16> <RAM>
ST_2 : Operation 19 [1/2] (3.25ns)   --->   "%rk_load = load i8 %rk_addr" [clefia.c:124]   --->   Operation 19 'load' 'rk_load' <Predicate = true> <Delay = 3.25> <CoreInst = "ROM">   --->   Core 95 'ROM' <Latency = 1> <II = 1> <Delay = 3.25> <Storage> <Opcode : 'load'> <Ports = 0> <Width = 8> <Depth = 240> <ROM>
ST_2 : Operation 20 [1/1] (0.99ns)   --->   "%xor_ln124 = xor i8 %rk_load, i8 %src_load" [clefia.c:124]   --->   Operation 20 'xor' 'xor_ln124' <Predicate = true> <Delay = 0.99> <CoreInst = "LogicGate">   --->   Core 74 'LogicGate' <Latency = 0> <II = 1> <Delay = 0.99> <FuncUnit> <Opcode : 'and' 'or' 'xor'> <InPorts = 2> <OutPorts = 1>
ST_2 : Operation 21 [1/1] (1.87ns)   --->   "%add_ln121 = add i7 %rk_offset_read, i7 1" [clefia.c:121]   --->   Operation 21 'add' 'add_ln121' <Predicate = true> <Delay = 1.87> <CoreInst = "Adder">   --->   Core 1 'Adder' <Latency = 0> <II = 1> <Delay = 1.87> <FuncUnit> <Opcode : 'add' 'sub'> <InPorts = 2> <OutPorts = 1>
ST_2 : Operation 22 [1/1] (0.00ns)   --->   "%zext_ln121 = zext i7 %add_ln121" [clefia.c:121]   --->   Operation 22 'zext' 'zext_ln121' <Predicate = true> <Delay = 0.00>
ST_2 : Operation 23 [1/1] (0.00ns)   --->   "%rk_addr_31 = getelementptr i8 %rk, i64 0, i64 %zext_ln121" [clefia.c:121]   --->   Operation 23 'getelementptr' 'rk_addr_31' <Predicate = true> <Delay = 0.00>
ST_2 : Operation 24 [1/2] (2.32ns)   --->   "%src_load_36 = load i4 %src_addr_36" [clefia.c:124]   --->   Operation 24 'load' 'src_load_36' <Predicate = true> <Delay = 2.32> <CoreInst = "RAM">   --->   Core 82 'RAM' <Latency = 1> <II = 1> <Delay = 2.32> <Storage> <Opcode : 'load' 'store'> <Ports = 2> <Width = 8> <Depth = 16> <RAM>
ST_2 : Operation 25 [2/2] (3.25ns)   --->   "%rk_load_16 = load i8 %rk_addr_31" [clefia.c:124]   --->   Operation 25 'load' 'rk_load_16' <Predicate = true> <Delay = 3.25> <CoreInst = "ROM">   --->   Core 95 'ROM' <Latency = 1> <II = 1> <Delay = 3.25> <Storage> <Opcode : 'load'> <Ports = 0> <Width = 8> <Depth = 240> <ROM>
ST_2 : Operation 26 [1/1] (0.00ns)   --->   "%src_addr_37 = getelementptr i8 %src, i64 0, i64 2" [clefia.c:121]   --->   Operation 26 'getelementptr' 'src_addr_37' <Predicate = true> <Delay = 0.00>
ST_2 : Operation 27 [2/2] (2.32ns)   --->   "%src_load_37 = load i4 %src_addr_37" [clefia.c:124]   --->   Operation 27 'load' 'src_load_37' <Predicate = true> <Delay = 2.32> <CoreInst = "RAM">   --->   Core 82 'RAM' <Latency = 1> <II = 1> <Delay = 2.32> <Storage> <Opcode : 'load' 'store'> <Ports = 2> <Width = 8> <Depth = 16> <RAM>
ST_2 : Operation 28 [1/1] (0.00ns)   --->   "%src_addr_38 = getelementptr i8 %src, i64 0, i64 3" [clefia.c:121]   --->   Operation 28 'getelementptr' 'src_addr_38' <Predicate = true> <Delay = 0.00>
ST_2 : Operation 29 [2/2] (2.32ns)   --->   "%src_load_38 = load i4 %src_addr_38" [clefia.c:124]   --->   Operation 29 'load' 'src_load_38' <Predicate = true> <Delay = 2.32> <CoreInst = "RAM">   --->   Core 82 'RAM' <Latency = 1> <II = 1> <Delay = 2.32> <Storage> <Opcode : 'load' 'store'> <Ports = 2> <Width = 8> <Depth = 16> <RAM>
ST_2 : Operation 30 [1/1] (0.00ns)   --->   "%dst_addr = getelementptr i8 %dst, i64 0, i64 0" [clefia.c:114]   --->   Operation 30 'getelementptr' 'dst_addr' <Predicate = true> <Delay = 0.00>
ST_2 : Operation 31 [1/1] (2.32ns)   --->   "%store_ln117 = store i8 %src_load, i4 %dst_addr" [clefia.c:117]   --->   Operation 31 'store' 'store_ln117' <Predicate = true> <Delay = 2.32> <CoreInst = "RAM">   --->   Core 82 'RAM' <Latency = 1> <II = 1> <Delay = 2.32> <Storage> <Opcode : 'load' 'store'> <Ports = 2> <Width = 8> <Depth = 16> <RAM>
ST_2 : Operation 32 [1/1] (0.00ns)   --->   "%dst_addr_36 = getelementptr i8 %dst, i64 0, i64 1" [clefia.c:114]   --->   Operation 32 'getelementptr' 'dst_addr_36' <Predicate = true> <Delay = 0.00>
ST_2 : Operation 33 [1/1] (2.32ns)   --->   "%store_ln117 = store i8 %src_load_36, i4 %dst_addr_36" [clefia.c:117]   --->   Operation 33 'store' 'store_ln117' <Predicate = true> <Delay = 2.32> <CoreInst = "RAM">   --->   Core 82 'RAM' <Latency = 1> <II = 1> <Delay = 2.32> <Storage> <Opcode : 'load' 'store'> <Ports = 2> <Width = 8> <Depth = 16> <RAM>

State 3 <SV = 2> <Delay = 5.12>
ST_3 : Operation 34 [1/2] (3.25ns)   --->   "%rk_load_16 = load i8 %rk_addr_31" [clefia.c:124]   --->   Operation 34 'load' 'rk_load_16' <Predicate = true> <Delay = 3.25> <CoreInst = "ROM">   --->   Core 95 'ROM' <Latency = 1> <II = 1> <Delay = 3.25> <Storage> <Opcode : 'load'> <Ports = 0> <Width = 8> <Depth = 240> <ROM>
ST_3 : Operation 35 [1/1] (0.99ns)   --->   "%xor_ln124_1 = xor i8 %rk_load_16, i8 %src_load_36" [clefia.c:124]   --->   Operation 35 'xor' 'xor_ln124_1' <Predicate = true> <Delay = 0.99> <CoreInst = "LogicGate">   --->   Core 74 'LogicGate' <Latency = 0> <II = 1> <Delay = 0.99> <FuncUnit> <Opcode : 'and' 'or' 'xor'> <InPorts = 2> <OutPorts = 1>
ST_3 : Operation 36 [1/1] (1.87ns)   --->   "%add_ln121_67 = add i7 %rk_offset_read, i7 2" [clefia.c:121]   --->   Operation 36 'add' 'add_ln121_67' <Predicate = true> <Delay = 1.87> <CoreInst = "Adder">   --->   Core 1 'Adder' <Latency = 0> <II = 1> <Delay = 1.87> <FuncUnit> <Opcode : 'add' 'sub'> <InPorts = 2> <OutPorts = 1>
ST_3 : Operation 37 [1/1] (0.00ns)   --->   "%zext_ln121_102 = zext i7 %add_ln121_67" [clefia.c:121]   --->   Operation 37 'zext' 'zext_ln121_102' <Predicate = true> <Delay = 0.00>
ST_3 : Operation 38 [1/1] (0.00ns)   --->   "%rk_addr_32 = getelementptr i8 %rk, i64 0, i64 %zext_ln121_102" [clefia.c:121]   --->   Operation 38 'getelementptr' 'rk_addr_32' <Predicate = true> <Delay = 0.00>
ST_3 : Operation 39 [1/2] (2.32ns)   --->   "%src_load_37 = load i4 %src_addr_37" [clefia.c:124]   --->   Operation 39 'load' 'src_load_37' <Predicate = true> <Delay = 2.32> <CoreInst = "RAM">   --->   Core 82 'RAM' <Latency = 1> <II = 1> <Delay = 2.32> <Storage> <Opcode : 'load' 'store'> <Ports = 2> <Width = 8> <Depth = 16> <RAM>
ST_3 : Operation 40 [2/2] (3.25ns)   --->   "%rk_load_17 = load i8 %rk_addr_32" [clefia.c:124]   --->   Operation 40 'load' 'rk_load_17' <Predicate = true> <Delay = 3.25> <CoreInst = "ROM">   --->   Core 95 'ROM' <Latency = 1> <II = 1> <Delay = 3.25> <Storage> <Opcode : 'load'> <Ports = 0> <Width = 8> <Depth = 240> <ROM>
ST_3 : Operation 41 [1/2] (2.32ns)   --->   "%src_load_38 = load i4 %src_addr_38" [clefia.c:124]   --->   Operation 41 'load' 'src_load_38' <Predicate = true> <Delay = 2.32> <CoreInst = "RAM">   --->   Core 82 'RAM' <Latency = 1> <II = 1> <Delay = 2.32> <Storage> <Opcode : 'load' 'store'> <Ports = 2> <Width = 8> <Depth = 16> <RAM>
ST_3 : Operation 42 [1/1] (0.00ns)   --->   "%zext_ln150 = zext i8 %xor_ln124" [clefia.c:150]   --->   Operation 42 'zext' 'zext_ln150' <Predicate = true> <Delay = 0.00>
ST_3 : Operation 43 [1/1] (0.00ns)   --->   "%clefia_s0_addr = getelementptr i8 %clefia_s0, i64 0, i64 %zext_ln150" [clefia.c:150]   --->   Operation 43 'getelementptr' 'clefia_s0_addr' <Predicate = true> <Delay = 0.00>
ST_3 : Operation 44 [2/2] (3.25ns)   --->   "%z = load i8 %clefia_s0_addr" [clefia.c:150]   --->   Operation 44 'load' 'z' <Predicate = true> <Delay = 3.25> <CoreInst = "ROM">   --->   Core 95 'ROM' <Latency = 1> <II = 1> <Delay = 3.25> <Storage> <Opcode : 'load'> <Ports = 0> <Width = 8> <Depth = 256> <ROM>
ST_3 : Operation 45 [1/1] (0.00ns)   --->   "%dst_addr_37 = getelementptr i8 %dst, i64 0, i64 2" [clefia.c:114]   --->   Operation 45 'getelementptr' 'dst_addr_37' <Predicate = true> <Delay = 0.00>
ST_3 : Operation 46 [1/1] (2.32ns)   --->   "%store_ln117 = store i8 %src_load_37, i4 %dst_addr_37" [clefia.c:117]   --->   Operation 46 'store' 'store_ln117' <Predicate = true> <Delay = 2.32> <CoreInst = "RAM">   --->   Core 82 'RAM' <Latency = 1> <II = 1> <Delay = 2.32> <Storage> <Opcode : 'load' 'store'> <Ports = 2> <Width = 8> <Depth = 16> <RAM>
ST_3 : Operation 47 [1/1] (0.00ns)   --->   "%dst_addr_38 = getelementptr i8 %dst, i64 0, i64 3" [clefia.c:114]   --->   Operation 47 'getelementptr' 'dst_addr_38' <Predicate = true> <Delay = 0.00>
ST_3 : Operation 48 [1/1] (2.32ns)   --->   "%store_ln117 = store i8 %src_load_38, i4 %dst_addr_38" [clefia.c:117]   --->   Operation 48 'store' 'store_ln117' <Predicate = true> <Delay = 2.32> <CoreInst = "RAM">   --->   Core 82 'RAM' <Latency = 1> <II = 1> <Delay = 2.32> <Storage> <Opcode : 'load' 'store'> <Ports = 2> <Width = 8> <Depth = 16> <RAM>

State 4 <SV = 3> <Delay = 5.75>
ST_4 : Operation 49 [1/2] (3.25ns)   --->   "%rk_load_17 = load i8 %rk_addr_32" [clefia.c:124]   --->   Operation 49 'load' 'rk_load_17' <Predicate = true> <Delay = 3.25> <CoreInst = "ROM">   --->   Core 95 'ROM' <Latency = 1> <II = 1> <Delay = 3.25> <Storage> <Opcode : 'load'> <Ports = 0> <Width = 8> <Depth = 240> <ROM>
ST_4 : Operation 50 [1/1] (0.99ns)   --->   "%xor_ln124_2 = xor i8 %rk_load_17, i8 %src_load_37" [clefia.c:124]   --->   Operation 50 'xor' 'xor_ln124_2' <Predicate = true> <Delay = 0.99> <CoreInst = "LogicGate">   --->   Core 74 'LogicGate' <Latency = 0> <II = 1> <Delay = 0.99> <FuncUnit> <Opcode : 'and' 'or' 'xor'> <InPorts = 2> <OutPorts = 1>
ST_4 : Operation 51 [1/1] (1.87ns)   --->   "%add_ln121_68 = add i7 %rk_offset_read, i7 3" [clefia.c:121]   --->   Operation 51 'add' 'add_ln121_68' <Predicate = true> <Delay = 1.87> <CoreInst = "Adder">   --->   Core 1 'Adder' <Latency = 0> <II = 1> <Delay = 1.87> <FuncUnit> <Opcode : 'add' 'sub'> <InPorts = 2> <OutPorts = 1>
ST_4 : Operation 52 [1/1] (0.00ns)   --->   "%zext_ln121_103 = zext i7 %add_ln121_68" [clefia.c:121]   --->   Operation 52 'zext' 'zext_ln121_103' <Predicate = true> <Delay = 0.00>
ST_4 : Operation 53 [1/1] (0.00ns)   --->   "%rk_addr_33 = getelementptr i8 %rk, i64 0, i64 %zext_ln121_103" [clefia.c:121]   --->   Operation 53 'getelementptr' 'rk_addr_33' <Predicate = true> <Delay = 0.00>
ST_4 : Operation 54 [2/2] (3.25ns)   --->   "%rk_load_18 = load i8 %rk_addr_33" [clefia.c:124]   --->   Operation 54 'load' 'rk_load_18' <Predicate = true> <Delay = 3.25> <CoreInst = "ROM">   --->   Core 95 'ROM' <Latency = 1> <II = 1> <Delay = 3.25> <Storage> <Opcode : 'load'> <Ports = 0> <Width = 8> <Depth = 240> <ROM>
ST_4 : Operation 55 [1/2] (3.25ns)   --->   "%z = load i8 %clefia_s0_addr" [clefia.c:150]   --->   Operation 55 'load' 'z' <Predicate = true> <Delay = 3.25> <CoreInst = "ROM">   --->   Core 95 'ROM' <Latency = 1> <II = 1> <Delay = 3.25> <Storage> <Opcode : 'load'> <Ports = 0> <Width = 8> <Depth = 256> <ROM>
ST_4 : Operation 56 [1/1] (0.00ns)   --->   "%zext_ln151 = zext i8 %xor_ln124_1" [clefia.c:151]   --->   Operation 56 'zext' 'zext_ln151' <Predicate = true> <Delay = 0.00>
ST_4 : Operation 57 [1/1] (0.00ns)   --->   "%clefia_s1_addr = getelementptr i8 %clefia_s1, i64 0, i64 %zext_ln151" [clefia.c:151]   --->   Operation 57 'getelementptr' 'clefia_s1_addr' <Predicate = true> <Delay = 0.00>
ST_4 : Operation 58 [2/2] (3.25ns)   --->   "%z_16 = load i8 %clefia_s1_addr" [clefia.c:151]   --->   Operation 58 'load' 'z_16' <Predicate = true> <Delay = 3.25> <CoreInst = "ROM">   --->   Core 95 'ROM' <Latency = 1> <II = 1> <Delay = 3.25> <Storage> <Opcode : 'load'> <Ports = 0> <Width = 8> <Depth = 256> <ROM>
ST_4 : Operation 59 [1/1] (0.00ns) (grouped into LUT with out node select_ln131_56)   --->   "%tmp_124 = bitselect i1 @_ssdm_op_BitSelect.i1.i8.i32, i8 %z, i32 7" [clefia.c:131]   --->   Operation 59 'bitselect' 'tmp_124' <Predicate = true> <Delay = 0.00>
ST_4 : Operation 60 [1/1] (0.00ns) (grouped into LUT with out node select_ln131_56)   --->   "%xor_ln132_56 = xor i8 %z, i8 14" [clefia.c:132]   --->   Operation 60 'xor' 'xor_ln132_56' <Predicate = true> <Delay = 0.00> <CoreInst = "LogicGate">   --->   Core 74 'LogicGate' <Latency = 0> <II = 1> <Delay = 0.99> <FuncUnit> <Opcode : 'and' 'or' 'xor'> <InPorts = 2> <OutPorts = 1>
ST_4 : Operation 61 [1/1] (1.24ns) (out node of the LUT)   --->   "%select_ln131_56 = select i1 %tmp_124, i8 %xor_ln132_56, i8 %z" [clefia.c:131]   --->   Operation 61 'select' 'select_ln131_56' <Predicate = true> <Delay = 1.24> <CoreInst = "Sel">   --->   Core 73 'Sel' <Latency = 0> <II = 1> <Delay = 1.24> <FuncUnit> <Opcode : 'select'> <InPorts = 3> <OutPorts = 1>
ST_4 : Operation 62 [1/1] (0.00ns)   --->   "%trunc_ln134_56 = trunc i8 %select_ln131_56" [clefia.c:134]   --->   Operation 62 'trunc' 'trunc_ln134_56' <Predicate = true> <Delay = 0.00>
ST_4 : Operation 63 [1/1] (0.00ns)   --->   "%tmp_125 = bitselect i1 @_ssdm_op_BitSelect.i1.i8.i32, i8 %select_ln131_56, i32 7" [clefia.c:134]   --->   Operation 63 'bitselect' 'tmp_125' <Predicate = true> <Delay = 0.00>
ST_4 : Operation 64 [1/1] (0.00ns)   --->   "%x_assign_25 = bitconcatenate i8 @_ssdm_op_BitConcatenate.i8.i7.i1, i7 %trunc_ln134_56, i1 %tmp_125" [clefia.c:134]   --->   Operation 64 'bitconcatenate' 'x_assign_25' <Predicate = true> <Delay = 0.00>
ST_4 : Operation 65 [1/1] (0.00ns) (grouped into LUT with out node select_ln131_57)   --->   "%tmp_126 = bitselect i1 @_ssdm_op_BitSelect.i1.i8.i32, i8 %select_ln131_56, i32 6" [clefia.c:131]   --->   Operation 65 'bitselect' 'tmp_126' <Predicate = true> <Delay = 0.00>
ST_4 : Operation 66 [1/1] (0.00ns) (grouped into LUT with out node select_ln131_57)   --->   "%xor_ln132_57 = xor i8 %x_assign_25, i8 14" [clefia.c:132]   --->   Operation 66 'xor' 'xor_ln132_57' <Predicate = true> <Delay = 0.00> <CoreInst = "LogicGate">   --->   Core 74 'LogicGate' <Latency = 0> <II = 1> <Delay = 0.99> <FuncUnit> <Opcode : 'and' 'or' 'xor'> <InPorts = 2> <OutPorts = 1>
ST_4 : Operation 67 [1/1] (1.24ns) (out node of the LUT)   --->   "%select_ln131_57 = select i1 %tmp_126, i8 %xor_ln132_57, i8 %x_assign_25" [clefia.c:131]   --->   Operation 67 'select' 'select_ln131_57' <Predicate = true> <Delay = 1.24> <CoreInst = "Sel">   --->   Core 73 'Sel' <Latency = 0> <II = 1> <Delay = 1.24> <FuncUnit> <Opcode : 'select'> <InPorts = 3> <OutPorts = 1>
ST_4 : Operation 68 [1/1] (0.00ns)   --->   "%trunc_ln134_57 = trunc i8 %select_ln131_57" [clefia.c:134]   --->   Operation 68 'trunc' 'trunc_ln134_57' <Predicate = true> <Delay = 0.00>
ST_4 : Operation 69 [1/1] (0.00ns)   --->   "%tmp_127 = bitselect i1 @_ssdm_op_BitSelect.i1.i8.i32, i8 %select_ln131_57, i32 7" [clefia.c:134]   --->   Operation 69 'bitselect' 'tmp_127' <Predicate = true> <Delay = 0.00>

State 5 <SV = 4> <Delay = 5.75>
ST_5 : Operation 70 [1/2] (3.25ns)   --->   "%rk_load_18 = load i8 %rk_addr_33" [clefia.c:124]   --->   Operation 70 'load' 'rk_load_18' <Predicate = true> <Delay = 3.25> <CoreInst = "ROM">   --->   Core 95 'ROM' <Latency = 1> <II = 1> <Delay = 3.25> <Storage> <Opcode : 'load'> <Ports = 0> <Width = 8> <Depth = 240> <ROM>
ST_5 : Operation 71 [1/1] (0.99ns)   --->   "%xor_ln124_34 = xor i8 %rk_load_18, i8 %src_load_38" [clefia.c:124]   --->   Operation 71 'xor' 'xor_ln124_34' <Predicate = true> <Delay = 0.99> <CoreInst = "LogicGate">   --->   Core 74 'LogicGate' <Latency = 0> <II = 1> <Delay = 0.99> <FuncUnit> <Opcode : 'and' 'or' 'xor'> <InPorts = 2> <OutPorts = 1>
ST_5 : Operation 72 [1/2] (3.25ns)   --->   "%z_16 = load i8 %clefia_s1_addr" [clefia.c:151]   --->   Operation 72 'load' 'z_16' <Predicate = true> <Delay = 3.25> <CoreInst = "ROM">   --->   Core 95 'ROM' <Latency = 1> <II = 1> <Delay = 3.25> <Storage> <Opcode : 'load'> <Ports = 0> <Width = 8> <Depth = 256> <ROM>
ST_5 : Operation 73 [1/1] (0.00ns)   --->   "%zext_ln152 = zext i8 %xor_ln124_2" [clefia.c:152]   --->   Operation 73 'zext' 'zext_ln152' <Predicate = true> <Delay = 0.00>
ST_5 : Operation 74 [1/1] (0.00ns)   --->   "%clefia_s0_addr_2 = getelementptr i8 %clefia_s0, i64 0, i64 %zext_ln152" [clefia.c:152]   --->   Operation 74 'getelementptr' 'clefia_s0_addr_2' <Predicate = true> <Delay = 0.00>
ST_5 : Operation 75 [2/2] (3.25ns)   --->   "%z_17 = load i8 %clefia_s0_addr_2" [clefia.c:152]   --->   Operation 75 'load' 'z_17' <Predicate = true> <Delay = 3.25> <CoreInst = "ROM">   --->   Core 95 'ROM' <Latency = 1> <II = 1> <Delay = 3.25> <Storage> <Opcode : 'load'> <Ports = 0> <Width = 8> <Depth = 256> <ROM>
ST_5 : Operation 76 [1/1] (0.00ns) (grouped into LUT with out node select_ln131)   --->   "%tmp = bitselect i1 @_ssdm_op_BitSelect.i1.i8.i32, i8 %z_16, i32 7" [clefia.c:131]   --->   Operation 76 'bitselect' 'tmp' <Predicate = true> <Delay = 0.00>
ST_5 : Operation 77 [1/1] (0.00ns) (grouped into LUT with out node select_ln131)   --->   "%xor_ln132 = xor i8 %z_16, i8 14" [clefia.c:132]   --->   Operation 77 'xor' 'xor_ln132' <Predicate = true> <Delay = 0.00> <CoreInst = "LogicGate">   --->   Core 74 'LogicGate' <Latency = 0> <II = 1> <Delay = 0.99> <FuncUnit> <Opcode : 'and' 'or' 'xor'> <InPorts = 2> <OutPorts = 1>
ST_5 : Operation 78 [1/1] (1.24ns) (out node of the LUT)   --->   "%select_ln131 = select i1 %tmp, i8 %xor_ln132, i8 %z_16" [clefia.c:131]   --->   Operation 78 'select' 'select_ln131' <Predicate = true> <Delay = 1.24> <CoreInst = "Sel">   --->   Core 73 'Sel' <Latency = 0> <II = 1> <Delay = 1.24> <FuncUnit> <Opcode : 'select'> <InPorts = 3> <OutPorts = 1>
ST_5 : Operation 79 [1/1] (0.00ns)   --->   "%trunc_ln134 = trunc i8 %select_ln131" [clefia.c:134]   --->   Operation 79 'trunc' 'trunc_ln134' <Predicate = true> <Delay = 0.00>
ST_5 : Operation 80 [1/1] (0.00ns)   --->   "%tmp_115 = bitselect i1 @_ssdm_op_BitSelect.i1.i8.i32, i8 %select_ln131, i32 7" [clefia.c:134]   --->   Operation 80 'bitselect' 'tmp_115' <Predicate = true> <Delay = 0.00>
ST_5 : Operation 81 [1/1] (0.00ns)   --->   "%x_assign_s = bitconcatenate i8 @_ssdm_op_BitConcatenate.i8.i7.i1, i7 %trunc_ln134, i1 %tmp_115" [clefia.c:134]   --->   Operation 81 'bitconcatenate' 'x_assign_s' <Predicate = true> <Delay = 0.00>
ST_5 : Operation 82 [1/1] (0.00ns) (grouped into LUT with out node select_ln131_58)   --->   "%tmp_128 = bitselect i1 @_ssdm_op_BitSelect.i1.i8.i32, i8 %select_ln131, i32 6" [clefia.c:131]   --->   Operation 82 'bitselect' 'tmp_128' <Predicate = true> <Delay = 0.00>
ST_5 : Operation 83 [1/1] (0.00ns) (grouped into LUT with out node select_ln131_58)   --->   "%xor_ln132_58 = xor i8 %x_assign_s, i8 14" [clefia.c:132]   --->   Operation 83 'xor' 'xor_ln132_58' <Predicate = true> <Delay = 0.00> <CoreInst = "LogicGate">   --->   Core 74 'LogicGate' <Latency = 0> <II = 1> <Delay = 0.99> <FuncUnit> <Opcode : 'and' 'or' 'xor'> <InPorts = 2> <OutPorts = 1>
ST_5 : Operation 84 [1/1] (1.24ns) (out node of the LUT)   --->   "%select_ln131_58 = select i1 %tmp_128, i8 %xor_ln132_58, i8 %x_assign_s" [clefia.c:131]   --->   Operation 84 'select' 'select_ln131_58' <Predicate = true> <Delay = 1.24> <CoreInst = "Sel">   --->   Core 73 'Sel' <Latency = 0> <II = 1> <Delay = 1.24> <FuncUnit> <Opcode : 'select'> <InPorts = 3> <OutPorts = 1>
ST_5 : Operation 85 [1/1] (0.00ns)   --->   "%trunc_ln134_58 = trunc i8 %select_ln131_58" [clefia.c:134]   --->   Operation 85 'trunc' 'trunc_ln134_58' <Predicate = true> <Delay = 0.00>
ST_5 : Operation 86 [1/1] (0.00ns)   --->   "%tmp_129 = bitselect i1 @_ssdm_op_BitSelect.i1.i8.i32, i8 %select_ln131_58, i32 7" [clefia.c:134]   --->   Operation 86 'bitselect' 'tmp_129' <Predicate = true> <Delay = 0.00>

State 6 <SV = 5> <Delay = 5.75>
ST_6 : Operation 87 [1/2] (3.25ns)   --->   "%z_17 = load i8 %clefia_s0_addr_2" [clefia.c:152]   --->   Operation 87 'load' 'z_17' <Predicate = true> <Delay = 3.25> <CoreInst = "ROM">   --->   Core 95 'ROM' <Latency = 1> <II = 1> <Delay = 3.25> <Storage> <Opcode : 'load'> <Ports = 0> <Width = 8> <Depth = 256> <ROM>
ST_6 : Operation 88 [1/1] (0.00ns)   --->   "%zext_ln153 = zext i8 %xor_ln124_34" [clefia.c:153]   --->   Operation 88 'zext' 'zext_ln153' <Predicate = true> <Delay = 0.00>
ST_6 : Operation 89 [1/1] (0.00ns)   --->   "%clefia_s1_addr_2 = getelementptr i8 %clefia_s1, i64 0, i64 %zext_ln153" [clefia.c:153]   --->   Operation 89 'getelementptr' 'clefia_s1_addr_2' <Predicate = true> <Delay = 0.00>
ST_6 : Operation 90 [2/2] (3.25ns)   --->   "%z_18 = load i8 %clefia_s1_addr_2" [clefia.c:153]   --->   Operation 90 'load' 'z_18' <Predicate = true> <Delay = 3.25> <CoreInst = "ROM">   --->   Core 95 'ROM' <Latency = 1> <II = 1> <Delay = 3.25> <Storage> <Opcode : 'load'> <Ports = 0> <Width = 8> <Depth = 256> <ROM>
ST_6 : Operation 91 [1/1] (0.00ns) (grouped into LUT with out node select_ln131_52)   --->   "%tmp_116 = bitselect i1 @_ssdm_op_BitSelect.i1.i8.i32, i8 %z_17, i32 7" [clefia.c:131]   --->   Operation 91 'bitselect' 'tmp_116' <Predicate = true> <Delay = 0.00>
ST_6 : Operation 92 [1/1] (0.00ns) (grouped into LUT with out node select_ln131_52)   --->   "%xor_ln132_52 = xor i8 %z_17, i8 14" [clefia.c:132]   --->   Operation 92 'xor' 'xor_ln132_52' <Predicate = true> <Delay = 0.00> <CoreInst = "LogicGate">   --->   Core 74 'LogicGate' <Latency = 0> <II = 1> <Delay = 0.99> <FuncUnit> <Opcode : 'and' 'or' 'xor'> <InPorts = 2> <OutPorts = 1>
ST_6 : Operation 93 [1/1] (1.24ns) (out node of the LUT)   --->   "%select_ln131_52 = select i1 %tmp_116, i8 %xor_ln132_52, i8 %z_17" [clefia.c:131]   --->   Operation 93 'select' 'select_ln131_52' <Predicate = true> <Delay = 1.24> <CoreInst = "Sel">   --->   Core 73 'Sel' <Latency = 0> <II = 1> <Delay = 1.24> <FuncUnit> <Opcode : 'select'> <InPorts = 3> <OutPorts = 1>
ST_6 : Operation 94 [1/1] (0.00ns)   --->   "%trunc_ln134_52 = trunc i8 %select_ln131_52" [clefia.c:134]   --->   Operation 94 'trunc' 'trunc_ln134_52' <Predicate = true> <Delay = 0.00>
ST_6 : Operation 95 [1/1] (0.00ns)   --->   "%tmp_117 = bitselect i1 @_ssdm_op_BitSelect.i1.i8.i32, i8 %select_ln131_52, i32 7" [clefia.c:134]   --->   Operation 95 'bitselect' 'tmp_117' <Predicate = true> <Delay = 0.00>
ST_6 : Operation 96 [1/1] (0.00ns)   --->   "%x_assign_23 = bitconcatenate i8 @_ssdm_op_BitConcatenate.i8.i7.i1, i7 %trunc_ln134_52, i1 %tmp_117" [clefia.c:134]   --->   Operation 96 'bitconcatenate' 'x_assign_23' <Predicate = true> <Delay = 0.00>
ST_6 : Operation 97 [1/1] (0.00ns) (grouped into LUT with out node select_ln131_53)   --->   "%tmp_118 = bitselect i1 @_ssdm_op_BitSelect.i1.i8.i32, i8 %select_ln131_52, i32 6" [clefia.c:131]   --->   Operation 97 'bitselect' 'tmp_118' <Predicate = true> <Delay = 0.00>
ST_6 : Operation 98 [1/1] (0.00ns) (grouped into LUT with out node select_ln131_53)   --->   "%xor_ln132_53 = xor i8 %x_assign_23, i8 14" [clefia.c:132]   --->   Operation 98 'xor' 'xor_ln132_53' <Predicate = true> <Delay = 0.00> <CoreInst = "LogicGate">   --->   Core 74 'LogicGate' <Latency = 0> <II = 1> <Delay = 0.99> <FuncUnit> <Opcode : 'and' 'or' 'xor'> <InPorts = 2> <OutPorts = 1>
ST_6 : Operation 99 [1/1] (1.24ns) (out node of the LUT)   --->   "%select_ln131_53 = select i1 %tmp_118, i8 %xor_ln132_53, i8 %x_assign_23" [clefia.c:131]   --->   Operation 99 'select' 'select_ln131_53' <Predicate = true> <Delay = 1.24> <CoreInst = "Sel">   --->   Core 73 'Sel' <Latency = 0> <II = 1> <Delay = 1.24> <FuncUnit> <Opcode : 'select'> <InPorts = 3> <OutPorts = 1>
ST_6 : Operation 100 [1/1] (0.00ns)   --->   "%trunc_ln134_53 = trunc i8 %select_ln131_53" [clefia.c:134]   --->   Operation 100 'trunc' 'trunc_ln134_53' <Predicate = true> <Delay = 0.00>
ST_6 : Operation 101 [1/1] (0.00ns)   --->   "%tmp_119 = bitselect i1 @_ssdm_op_BitSelect.i1.i8.i32, i8 %select_ln131_53, i32 7" [clefia.c:134]   --->   Operation 101 'bitselect' 'tmp_119' <Predicate = true> <Delay = 0.00>

State 7 <SV = 6> <Delay = 5.75>
ST_7 : Operation 102 [1/2] (3.25ns)   --->   "%z_18 = load i8 %clefia_s1_addr_2" [clefia.c:153]   --->   Operation 102 'load' 'z_18' <Predicate = true> <Delay = 3.25> <CoreInst = "ROM">   --->   Core 95 'ROM' <Latency = 1> <II = 1> <Delay = 3.25> <Storage> <Opcode : 'load'> <Ports = 0> <Width = 8> <Depth = 256> <ROM>
ST_7 : Operation 103 [1/1] (0.00ns) (grouped into LUT with out node select_ln131_54)   --->   "%tmp_120 = bitselect i1 @_ssdm_op_BitSelect.i1.i8.i32, i8 %z_18, i32 7" [clefia.c:131]   --->   Operation 103 'bitselect' 'tmp_120' <Predicate = true> <Delay = 0.00>
ST_7 : Operation 104 [1/1] (0.00ns) (grouped into LUT with out node select_ln131_54)   --->   "%xor_ln132_54 = xor i8 %z_18, i8 14" [clefia.c:132]   --->   Operation 104 'xor' 'xor_ln132_54' <Predicate = true> <Delay = 0.00> <CoreInst = "LogicGate">   --->   Core 74 'LogicGate' <Latency = 0> <II = 1> <Delay = 0.99> <FuncUnit> <Opcode : 'and' 'or' 'xor'> <InPorts = 2> <OutPorts = 1>
ST_7 : Operation 105 [1/1] (1.24ns) (out node of the LUT)   --->   "%select_ln131_54 = select i1 %tmp_120, i8 %xor_ln132_54, i8 %z_18" [clefia.c:131]   --->   Operation 105 'select' 'select_ln131_54' <Predicate = true> <Delay = 1.24> <CoreInst = "Sel">   --->   Core 73 'Sel' <Latency = 0> <II = 1> <Delay = 1.24> <FuncUnit> <Opcode : 'select'> <InPorts = 3> <OutPorts = 1>
ST_7 : Operation 106 [1/1] (0.00ns)   --->   "%trunc_ln134_54 = trunc i8 %select_ln131_54" [clefia.c:134]   --->   Operation 106 'trunc' 'trunc_ln134_54' <Predicate = true> <Delay = 0.00>
ST_7 : Operation 107 [1/1] (0.00ns)   --->   "%tmp_121 = bitselect i1 @_ssdm_op_BitSelect.i1.i8.i32, i8 %select_ln131_54, i32 7" [clefia.c:134]   --->   Operation 107 'bitselect' 'tmp_121' <Predicate = true> <Delay = 0.00>
ST_7 : Operation 108 [1/1] (0.00ns)   --->   "%x_assign_24 = bitconcatenate i8 @_ssdm_op_BitConcatenate.i8.i7.i1, i7 %trunc_ln134_54, i1 %tmp_121" [clefia.c:134]   --->   Operation 108 'bitconcatenate' 'x_assign_24' <Predicate = true> <Delay = 0.00>
ST_7 : Operation 109 [1/1] (0.00ns) (grouped into LUT with out node select_ln131_55)   --->   "%tmp_122 = bitselect i1 @_ssdm_op_BitSelect.i1.i8.i32, i8 %select_ln131_54, i32 6" [clefia.c:131]   --->   Operation 109 'bitselect' 'tmp_122' <Predicate = true> <Delay = 0.00>
ST_7 : Operation 110 [1/1] (0.00ns) (grouped into LUT with out node select_ln131_55)   --->   "%xor_ln132_55 = xor i8 %x_assign_24, i8 14" [clefia.c:132]   --->   Operation 110 'xor' 'xor_ln132_55' <Predicate = true> <Delay = 0.00> <CoreInst = "LogicGate">   --->   Core 74 'LogicGate' <Latency = 0> <II = 1> <Delay = 0.99> <FuncUnit> <Opcode : 'and' 'or' 'xor'> <InPorts = 2> <OutPorts = 1>
ST_7 : Operation 111 [1/1] (1.24ns) (out node of the LUT)   --->   "%select_ln131_55 = select i1 %tmp_122, i8 %xor_ln132_55, i8 %x_assign_24" [clefia.c:131]   --->   Operation 111 'select' 'select_ln131_55' <Predicate = true> <Delay = 1.24> <CoreInst = "Sel">   --->   Core 73 'Sel' <Latency = 0> <II = 1> <Delay = 1.24> <FuncUnit> <Opcode : 'select'> <InPorts = 3> <OutPorts = 1>
ST_7 : Operation 112 [1/1] (0.00ns)   --->   "%trunc_ln134_55 = trunc i8 %select_ln131_55" [clefia.c:134]   --->   Operation 112 'trunc' 'trunc_ln134_55' <Predicate = true> <Delay = 0.00>
ST_7 : Operation 113 [1/1] (0.00ns)   --->   "%tmp_123 = bitselect i1 @_ssdm_op_BitSelect.i1.i8.i32, i8 %select_ln131_55, i32 7" [clefia.c:134]   --->   Operation 113 'bitselect' 'tmp_123' <Predicate = true> <Delay = 0.00>
ST_7 : Operation 114 [1/1] (0.00ns)   --->   "%src_addr_39 = getelementptr i8 %src, i64 0, i64 4" [clefia.c:121]   --->   Operation 114 'getelementptr' 'src_addr_39' <Predicate = true> <Delay = 0.00>
ST_7 : Operation 115 [2/2] (2.32ns)   --->   "%src_load_39 = load i4 %src_addr_39" [clefia.c:124]   --->   Operation 115 'load' 'src_load_39' <Predicate = true> <Delay = 2.32> <CoreInst = "RAM">   --->   Core 82 'RAM' <Latency = 1> <II = 1> <Delay = 2.32> <Storage> <Opcode : 'load' 'store'> <Ports = 2> <Width = 8> <Depth = 16> <RAM>
ST_7 : Operation 116 [1/1] (0.00ns)   --->   "%src_addr_40 = getelementptr i8 %src, i64 0, i64 5" [clefia.c:121]   --->   Operation 116 'getelementptr' 'src_addr_40' <Predicate = true> <Delay = 0.00>
ST_7 : Operation 117 [2/2] (2.32ns)   --->   "%src_load_40 = load i4 %src_addr_40" [clefia.c:124]   --->   Operation 117 'load' 'src_load_40' <Predicate = true> <Delay = 2.32> <CoreInst = "RAM">   --->   Core 82 'RAM' <Latency = 1> <II = 1> <Delay = 2.32> <Storage> <Opcode : 'load' 'store'> <Ports = 2> <Width = 8> <Depth = 16> <RAM>

State 8 <SV = 7> <Delay = 5.63>
ST_8 : Operation 118 [1/1] (0.00ns)   --->   "%or_ln134_s = bitconcatenate i8 @_ssdm_op_BitConcatenate.i8.i7.i1, i7 %trunc_ln134_53, i1 %tmp_119" [clefia.c:134]   --->   Operation 118 'bitconcatenate' 'or_ln134_s' <Predicate = true> <Delay = 0.00>
ST_8 : Operation 119 [1/1] (0.00ns)   --->   "%or_ln134_3 = bitconcatenate i8 @_ssdm_op_BitConcatenate.i8.i7.i1, i7 %trunc_ln134_55, i1 %tmp_123" [clefia.c:134]   --->   Operation 119 'bitconcatenate' 'or_ln134_3' <Predicate = true> <Delay = 0.00>
ST_8 : Operation 120 [1/1] (0.00ns)   --->   "%dst_addr_39 = getelementptr i8 %dst, i64 0, i64 4" [clefia.c:121]   --->   Operation 120 'getelementptr' 'dst_addr_39' <Predicate = true> <Delay = 0.00>
ST_8 : Operation 121 [1/2] (2.32ns)   --->   "%src_load_39 = load i4 %src_addr_39" [clefia.c:124]   --->   Operation 121 'load' 'src_load_39' <Predicate = true> <Delay = 2.32> <CoreInst = "RAM">   --->   Core 82 'RAM' <Latency = 1> <II = 1> <Delay = 2.32> <Storage> <Opcode : 'load' 'store'> <Ports = 2> <Width = 8> <Depth = 16> <RAM>
ST_8 : Operation 122 [1/1] (0.00ns) (grouped into LUT with out node xor_ln124_56)   --->   "%xor_ln124_108 = xor i8 %src_load_39, i8 %x_assign_s" [clefia.c:124]   --->   Operation 122 'xor' 'xor_ln124_108' <Predicate = true> <Delay = 0.00> <CoreInst = "LogicGate">   --->   Core 74 'LogicGate' <Latency = 0> <II = 1> <Delay = 0.99> <FuncUnit> <Opcode : 'and' 'or' 'xor'> <InPorts = 2> <OutPorts = 1>
ST_8 : Operation 123 [1/1] (0.00ns) (grouped into LUT with out node xor_ln124_56)   --->   "%xor_ln124_109 = xor i8 %xor_ln124_108, i8 %z" [clefia.c:124]   --->   Operation 123 'xor' 'xor_ln124_109' <Predicate = true> <Delay = 0.00> <CoreInst = "LogicGate">   --->   Core 74 'LogicGate' <Latency = 0> <II = 1> <Delay = 0.99> <FuncUnit> <Opcode : 'and' 'or' 'xor'> <InPorts = 2> <OutPorts = 1>
ST_8 : Operation 124 [1/1] (0.00ns) (grouped into LUT with out node xor_ln124_56)   --->   "%xor_ln124_110 = xor i8 %x_assign_24, i8 %or_ln134_3" [clefia.c:124]   --->   Operation 124 'xor' 'xor_ln124_110' <Predicate = true> <Delay = 0.00> <CoreInst = "LogicGate">   --->   Core 74 'LogicGate' <Latency = 0> <II = 1> <Delay = 0.99> <FuncUnit> <Opcode : 'and' 'or' 'xor'> <InPorts = 2> <OutPorts = 1>
ST_8 : Operation 125 [1/1] (0.00ns) (grouped into LUT with out node xor_ln124_56)   --->   "%xor_ln124_111 = xor i8 %xor_ln124_110, i8 %or_ln134_s" [clefia.c:124]   --->   Operation 125 'xor' 'xor_ln124_111' <Predicate = true> <Delay = 0.00> <CoreInst = "LogicGate">   --->   Core 74 'LogicGate' <Latency = 0> <II = 1> <Delay = 0.99> <FuncUnit> <Opcode : 'and' 'or' 'xor'> <InPorts = 2> <OutPorts = 1>
ST_8 : Operation 126 [1/1] (0.99ns) (out node of the LUT)   --->   "%xor_ln124_56 = xor i8 %xor_ln124_111, i8 %xor_ln124_109" [clefia.c:124]   --->   Operation 126 'xor' 'xor_ln124_56' <Predicate = true> <Delay = 0.99> <CoreInst = "LogicGate">   --->   Core 74 'LogicGate' <Latency = 0> <II = 1> <Delay = 0.99> <FuncUnit> <Opcode : 'and' 'or' 'xor'> <InPorts = 2> <OutPorts = 1>
ST_8 : Operation 127 [1/1] (2.32ns)   --->   "%store_ln124 = store i8 %xor_ln124_56, i4 %dst_addr_39" [clefia.c:124]   --->   Operation 127 'store' 'store_ln124' <Predicate = true> <Delay = 2.32> <CoreInst = "RAM">   --->   Core 82 'RAM' <Latency = 1> <II = 1> <Delay = 2.32> <Storage> <Opcode : 'load' 'store'> <Ports = 2> <Width = 8> <Depth = 16> <RAM>
ST_8 : Operation 128 [1/1] (0.00ns)   --->   "%dst_addr_40 = getelementptr i8 %dst, i64 0, i64 5" [clefia.c:121]   --->   Operation 128 'getelementptr' 'dst_addr_40' <Predicate = true> <Delay = 0.00>
ST_8 : Operation 129 [1/2] (2.32ns)   --->   "%src_load_40 = load i4 %src_addr_40" [clefia.c:124]   --->   Operation 129 'load' 'src_load_40' <Predicate = true> <Delay = 2.32> <CoreInst = "RAM">   --->   Core 82 'RAM' <Latency = 1> <II = 1> <Delay = 2.32> <Storage> <Opcode : 'load' 'store'> <Ports = 2> <Width = 8> <Depth = 16> <RAM>
ST_8 : Operation 130 [1/1] (0.00ns) (grouped into LUT with out node xor_ln124_57)   --->   "%xor_ln124_112 = xor i8 %src_load_40, i8 %x_assign_25" [clefia.c:124]   --->   Operation 130 'xor' 'xor_ln124_112' <Predicate = true> <Delay = 0.00> <CoreInst = "LogicGate">   --->   Core 74 'LogicGate' <Latency = 0> <II = 1> <Delay = 0.99> <FuncUnit> <Opcode : 'and' 'or' 'xor'> <InPorts = 2> <OutPorts = 1>
ST_8 : Operation 131 [1/1] (0.00ns) (grouped into LUT with out node xor_ln124_57)   --->   "%xor_ln124_113 = xor i8 %xor_ln124_112, i8 %z_16" [clefia.c:124]   --->   Operation 131 'xor' 'xor_ln124_113' <Predicate = true> <Delay = 0.00> <CoreInst = "LogicGate">   --->   Core 74 'LogicGate' <Latency = 0> <II = 1> <Delay = 0.99> <FuncUnit> <Opcode : 'and' 'or' 'xor'> <InPorts = 2> <OutPorts = 1>
ST_8 : Operation 132 [1/1] (0.00ns) (grouped into LUT with out node xor_ln124_57)   --->   "%xor_ln124_114 = xor i8 %or_ln134_s, i8 %or_ln134_3" [clefia.c:124]   --->   Operation 132 'xor' 'xor_ln124_114' <Predicate = true> <Delay = 0.00> <CoreInst = "LogicGate">   --->   Core 74 'LogicGate' <Latency = 0> <II = 1> <Delay = 0.99> <FuncUnit> <Opcode : 'and' 'or' 'xor'> <InPorts = 2> <OutPorts = 1>
ST_8 : Operation 133 [1/1] (0.00ns) (grouped into LUT with out node xor_ln124_57)   --->   "%xor_ln124_115 = xor i8 %xor_ln124_114, i8 %x_assign_23" [clefia.c:124]   --->   Operation 133 'xor' 'xor_ln124_115' <Predicate = true> <Delay = 0.00> <CoreInst = "LogicGate">   --->   Core 74 'LogicGate' <Latency = 0> <II = 1> <Delay = 0.99> <FuncUnit> <Opcode : 'and' 'or' 'xor'> <InPorts = 2> <OutPorts = 1>
ST_8 : Operation 134 [1/1] (0.99ns) (out node of the LUT)   --->   "%xor_ln124_57 = xor i8 %xor_ln124_115, i8 %xor_ln124_113" [clefia.c:124]   --->   Operation 134 'xor' 'xor_ln124_57' <Predicate = true> <Delay = 0.99> <CoreInst = "LogicGate">   --->   Core 74 'LogicGate' <Latency = 0> <II = 1> <Delay = 0.99> <FuncUnit> <Opcode : 'and' 'or' 'xor'> <InPorts = 2> <OutPorts = 1>
ST_8 : Operation 135 [1/1] (2.32ns)   --->   "%store_ln124 = store i8 %xor_ln124_57, i4 %dst_addr_40" [clefia.c:124]   --->   Operation 135 'store' 'store_ln124' <Predicate = true> <Delay = 2.32> <CoreInst = "RAM">   --->   Core 82 'RAM' <Latency = 1> <II = 1> <Delay = 2.32> <Storage> <Opcode : 'load' 'store'> <Ports = 2> <Width = 8> <Depth = 16> <RAM>
ST_8 : Operation 136 [1/1] (0.00ns)   --->   "%src_addr_41 = getelementptr i8 %src, i64 0, i64 6" [clefia.c:121]   --->   Operation 136 'getelementptr' 'src_addr_41' <Predicate = true> <Delay = 0.00>
ST_8 : Operation 137 [2/2] (2.32ns)   --->   "%src_load_41 = load i4 %src_addr_41" [clefia.c:124]   --->   Operation 137 'load' 'src_load_41' <Predicate = true> <Delay = 2.32> <CoreInst = "RAM">   --->   Core 82 'RAM' <Latency = 1> <II = 1> <Delay = 2.32> <Storage> <Opcode : 'load' 'store'> <Ports = 2> <Width = 8> <Depth = 16> <RAM>
ST_8 : Operation 138 [1/1] (0.00ns)   --->   "%src_addr_42 = getelementptr i8 %src, i64 0, i64 7" [clefia.c:121]   --->   Operation 138 'getelementptr' 'src_addr_42' <Predicate = true> <Delay = 0.00>
ST_8 : Operation 139 [2/2] (2.32ns)   --->   "%src_load_42 = load i4 %src_addr_42" [clefia.c:124]   --->   Operation 139 'load' 'src_load_42' <Predicate = true> <Delay = 2.32> <CoreInst = "RAM">   --->   Core 82 'RAM' <Latency = 1> <II = 1> <Delay = 2.32> <Storage> <Opcode : 'load' 'store'> <Ports = 2> <Width = 8> <Depth = 16> <RAM>

State 9 <SV = 8> <Delay = 5.63>
ST_9 : Operation 140 [1/1] (0.00ns)   --->   "%or_ln134_4 = bitconcatenate i8 @_ssdm_op_BitConcatenate.i8.i7.i1, i7 %trunc_ln134_57, i1 %tmp_127" [clefia.c:134]   --->   Operation 140 'bitconcatenate' 'or_ln134_4' <Predicate = true> <Delay = 0.00>
ST_9 : Operation 141 [1/1] (0.00ns)   --->   "%or_ln = bitconcatenate i8 @_ssdm_op_BitConcatenate.i8.i7.i1, i7 %trunc_ln134_58, i1 %tmp_129" [clefia.c:134]   --->   Operation 141 'bitconcatenate' 'or_ln' <Predicate = true> <Delay = 0.00>
ST_9 : Operation 142 [1/1] (0.00ns)   --->   "%dst_addr_41 = getelementptr i8 %dst, i64 0, i64 6" [clefia.c:121]   --->   Operation 142 'getelementptr' 'dst_addr_41' <Predicate = true> <Delay = 0.00>
ST_9 : Operation 143 [1/2] (2.32ns)   --->   "%src_load_41 = load i4 %src_addr_41" [clefia.c:124]   --->   Operation 143 'load' 'src_load_41' <Predicate = true> <Delay = 2.32> <CoreInst = "RAM">   --->   Core 82 'RAM' <Latency = 1> <II = 1> <Delay = 2.32> <Storage> <Opcode : 'load' 'store'> <Ports = 2> <Width = 8> <Depth = 16> <RAM>
ST_9 : Operation 144 [1/1] (0.00ns) (grouped into LUT with out node xor_ln124_58)   --->   "%xor_ln124_116 = xor i8 %src_load_41, i8 %x_assign_s" [clefia.c:124]   --->   Operation 144 'xor' 'xor_ln124_116' <Predicate = true> <Delay = 0.00> <CoreInst = "LogicGate">   --->   Core 74 'LogicGate' <Latency = 0> <II = 1> <Delay = 0.99> <FuncUnit> <Opcode : 'and' 'or' 'xor'> <InPorts = 2> <OutPorts = 1>
ST_9 : Operation 145 [1/1] (0.00ns) (grouped into LUT with out node xor_ln124_58)   --->   "%xor_ln124_117 = xor i8 %xor_ln124_116, i8 %z_17" [clefia.c:124]   --->   Operation 145 'xor' 'xor_ln124_117' <Predicate = true> <Delay = 0.00> <CoreInst = "LogicGate">   --->   Core 74 'LogicGate' <Latency = 0> <II = 1> <Delay = 0.99> <FuncUnit> <Opcode : 'and' 'or' 'xor'> <InPorts = 2> <OutPorts = 1>
ST_9 : Operation 146 [1/1] (0.00ns) (grouped into LUT with out node xor_ln124_58)   --->   "%xor_ln124_118 = xor i8 %or_ln, i8 %x_assign_24" [clefia.c:124]   --->   Operation 146 'xor' 'xor_ln124_118' <Predicate = true> <Delay = 0.00> <CoreInst = "LogicGate">   --->   Core 74 'LogicGate' <Latency = 0> <II = 1> <Delay = 0.99> <FuncUnit> <Opcode : 'and' 'or' 'xor'> <InPorts = 2> <OutPorts = 1>
ST_9 : Operation 147 [1/1] (0.00ns) (grouped into LUT with out node xor_ln124_58)   --->   "%xor_ln124_119 = xor i8 %xor_ln124_118, i8 %or_ln134_4" [clefia.c:124]   --->   Operation 147 'xor' 'xor_ln124_119' <Predicate = true> <Delay = 0.00> <CoreInst = "LogicGate">   --->   Core 74 'LogicGate' <Latency = 0> <II = 1> <Delay = 0.99> <FuncUnit> <Opcode : 'and' 'or' 'xor'> <InPorts = 2> <OutPorts = 1>
ST_9 : Operation 148 [1/1] (0.99ns) (out node of the LUT)   --->   "%xor_ln124_58 = xor i8 %xor_ln124_119, i8 %xor_ln124_117" [clefia.c:124]   --->   Operation 148 'xor' 'xor_ln124_58' <Predicate = true> <Delay = 0.99> <CoreInst = "LogicGate">   --->   Core 74 'LogicGate' <Latency = 0> <II = 1> <Delay = 0.99> <FuncUnit> <Opcode : 'and' 'or' 'xor'> <InPorts = 2> <OutPorts = 1>
ST_9 : Operation 149 [1/1] (2.32ns)   --->   "%store_ln124 = store i8 %xor_ln124_58, i4 %dst_addr_41" [clefia.c:124]   --->   Operation 149 'store' 'store_ln124' <Predicate = true> <Delay = 2.32> <CoreInst = "RAM">   --->   Core 82 'RAM' <Latency = 1> <II = 1> <Delay = 2.32> <Storage> <Opcode : 'load' 'store'> <Ports = 2> <Width = 8> <Depth = 16> <RAM>
ST_9 : Operation 150 [1/1] (0.00ns)   --->   "%dst_addr_42 = getelementptr i8 %dst, i64 0, i64 7" [clefia.c:121]   --->   Operation 150 'getelementptr' 'dst_addr_42' <Predicate = true> <Delay = 0.00>
ST_9 : Operation 151 [1/2] (2.32ns)   --->   "%src_load_42 = load i4 %src_addr_42" [clefia.c:124]   --->   Operation 151 'load' 'src_load_42' <Predicate = true> <Delay = 2.32> <CoreInst = "RAM">   --->   Core 82 'RAM' <Latency = 1> <II = 1> <Delay = 2.32> <Storage> <Opcode : 'load' 'store'> <Ports = 2> <Width = 8> <Depth = 16> <RAM>
ST_9 : Operation 152 [1/1] (0.00ns) (grouped into LUT with out node xor_ln124_59)   --->   "%xor_ln124_120 = xor i8 %src_load_42, i8 %or_ln134_4" [clefia.c:124]   --->   Operation 152 'xor' 'xor_ln124_120' <Predicate = true> <Delay = 0.00> <CoreInst = "LogicGate">   --->   Core 74 'LogicGate' <Latency = 0> <II = 1> <Delay = 0.99> <FuncUnit> <Opcode : 'and' 'or' 'xor'> <InPorts = 2> <OutPorts = 1>
ST_9 : Operation 153 [1/1] (0.00ns) (grouped into LUT with out node xor_ln124_59)   --->   "%xor_ln124_121 = xor i8 %xor_ln124_120, i8 %z_18" [clefia.c:124]   --->   Operation 153 'xor' 'xor_ln124_121' <Predicate = true> <Delay = 0.00> <CoreInst = "LogicGate">   --->   Core 74 'LogicGate' <Latency = 0> <II = 1> <Delay = 0.99> <FuncUnit> <Opcode : 'and' 'or' 'xor'> <InPorts = 2> <OutPorts = 1>
ST_9 : Operation 154 [1/1] (0.00ns) (grouped into LUT with out node xor_ln124_59)   --->   "%xor_ln124_122 = xor i8 %or_ln, i8 %x_assign_23" [clefia.c:124]   --->   Operation 154 'xor' 'xor_ln124_122' <Predicate = true> <Delay = 0.00> <CoreInst = "LogicGate">   --->   Core 74 'LogicGate' <Latency = 0> <II = 1> <Delay = 0.99> <FuncUnit> <Opcode : 'and' 'or' 'xor'> <InPorts = 2> <OutPorts = 1>
ST_9 : Operation 155 [1/1] (0.00ns) (grouped into LUT with out node xor_ln124_59)   --->   "%xor_ln124_123 = xor i8 %xor_ln124_122, i8 %x_assign_25" [clefia.c:124]   --->   Operation 155 'xor' 'xor_ln124_123' <Predicate = true> <Delay = 0.00> <CoreInst = "LogicGate">   --->   Core 74 'LogicGate' <Latency = 0> <II = 1> <Delay = 0.99> <FuncUnit> <Opcode : 'and' 'or' 'xor'> <InPorts = 2> <OutPorts = 1>
ST_9 : Operation 156 [1/1] (0.99ns) (out node of the LUT)   --->   "%xor_ln124_59 = xor i8 %xor_ln124_123, i8 %xor_ln124_121" [clefia.c:124]   --->   Operation 156 'xor' 'xor_ln124_59' <Predicate = true> <Delay = 0.99> <CoreInst = "LogicGate">   --->   Core 74 'LogicGate' <Latency = 0> <II = 1> <Delay = 0.99> <FuncUnit> <Opcode : 'and' 'or' 'xor'> <InPorts = 2> <OutPorts = 1>
ST_9 : Operation 157 [1/1] (2.32ns)   --->   "%store_ln124 = store i8 %xor_ln124_59, i4 %dst_addr_42" [clefia.c:124]   --->   Operation 157 'store' 'store_ln124' <Predicate = true> <Delay = 2.32> <CoreInst = "RAM">   --->   Core 82 'RAM' <Latency = 1> <II = 1> <Delay = 2.32> <Storage> <Opcode : 'load' 'store'> <Ports = 2> <Width = 8> <Depth = 16> <RAM>
ST_9 : Operation 158 [1/1] (0.00ns)   --->   "%ret_ln163 = ret" [clefia.c:163]   --->   Operation 158 'ret' 'ret_ln163' <Predicate = true> <Delay = 0.00>


============================================================
+ Verbose Summary: Timing violations
============================================================
Target clock period: 10ns, clock uncertainty: 2.7ns.

 <State 1>: 3.25ns
The critical path consists of the following:
	wire read operation ('rk_offset_read') on port 'rk_offset' [7]  (0 ns)
	'getelementptr' operation ('rk_addr', clefia.c:121) [9]  (0 ns)
	'load' operation ('rk_load', clefia.c:124) on array 'rk' [12]  (3.25 ns)

 <State 2>: 5.12ns
The critical path consists of the following:
	'add' operation ('add_ln121', clefia.c:121) [14]  (1.87 ns)
	'getelementptr' operation ('rk_addr_31', clefia.c:121) [16]  (0 ns)
	'load' operation ('rk_load_16', clefia.c:124) on array 'rk' [19]  (3.25 ns)

 <State 3>: 5.12ns
The critical path consists of the following:
	'add' operation ('add_ln121_67', clefia.c:121) [21]  (1.87 ns)
	'getelementptr' operation ('rk_addr_32', clefia.c:121) [23]  (0 ns)
	'load' operation ('rk_load_17', clefia.c:124) on array 'rk' [26]  (3.25 ns)

 <State 4>: 5.75ns
The critical path consists of the following:
	'load' operation ('z', clefia.c:150) on array 'clefia_s0' [37]  (3.25 ns)
	'select' operation ('x', clefia.c:131) [79]  (1.25 ns)
	'select' operation ('x', clefia.c:131) [85]  (1.25 ns)

 <State 5>: 5.75ns
The critical path consists of the following:
	'load' operation ('z', clefia.c:151) on array 'clefia_s1' [40]  (3.25 ns)
	'select' operation ('x', clefia.c:131) [49]  (1.25 ns)
	'select' operation ('x', clefia.c:131) [91]  (1.25 ns)

 <State 6>: 5.75ns
The critical path consists of the following:
	'load' operation ('z', clefia.c:152) on array 'clefia_s0' [43]  (3.25 ns)
	'select' operation ('x', clefia.c:131) [55]  (1.25 ns)
	'select' operation ('x', clefia.c:131) [61]  (1.25 ns)

 <State 7>: 5.75ns
The critical path consists of the following:
	'load' operation ('z', clefia.c:153) on array 'clefia_s1' [46]  (3.25 ns)
	'select' operation ('x', clefia.c:131) [67]  (1.25 ns)
	'select' operation ('x', clefia.c:131) [73]  (1.25 ns)

 <State 8>: 5.63ns
The critical path consists of the following:
	'load' operation ('src_load_39', clefia.c:124) on array 'src' [105]  (2.32 ns)
	'xor' operation ('xor_ln124_108', clefia.c:124) [106]  (0 ns)
	'xor' operation ('xor_ln124_109', clefia.c:124) [107]  (0 ns)
	'xor' operation ('xor_ln124_56', clefia.c:124) [110]  (0.99 ns)
	'store' operation ('store_ln124', clefia.c:124) of variable 'xor_ln124_56', clefia.c:124 on array 'dst' [111]  (2.32 ns)

 <State 9>: 5.63ns
The critical path consists of the following:
	'load' operation ('src_load_41', clefia.c:124) on array 'src' [123]  (2.32 ns)
	'xor' operation ('xor_ln124_116', clefia.c:124) [124]  (0 ns)
	'xor' operation ('xor_ln124_117', clefia.c:124) [125]  (0 ns)
	'xor' operation ('xor_ln124_58', clefia.c:124) [128]  (0.99 ns)
	'store' operation ('store_ln124', clefia.c:124) of variable 'xor_ln124_58', clefia.c:124 on array 'dst' [129]  (2.32 ns)


============================================================
+ Verbose Summary: Binding
============================================================
N/A
* FSMD analyzer results:
  - Output states:
 - Input state : 
  - Chain level:
	State 1
	State 2
	State 3
	State 4
	State 5
	State 6
	State 7
	State 8
	State 9


============================================================
+ Verbose Summary: Datapath Resource usage 
============================================================
N/A
