

================================================================
== Vitis HLS Report for 'ClefiaKeySet192_Pipeline_VITIS_LOOP_123_112'
================================================================
* Date:           Tue Dec  6 19:10:22 2022

* Version:        2022.1 (Build 3526262 on Mon Apr 18 15:48:16 MDT 2022)
* Project:        CLEFIA_ip
* Solution:       solution1 (Vivado IP Flow Target)
* Product family: zynq
* Target device:  xc7z020-clg400-1


================================================================
== Performance Estimates
================================================================
+ Timing: 
    * Summary: 
    +--------+----------+----------+------------+
    |  Clock |  Target  | Estimated| Uncertainty|
    +--------+----------+----------+------------+
    |ap_clk  |  10.00 ns|  6.566 ns|     2.70 ns|
    +--------+----------+----------+------------+

+ Latency: 
    * Summary: 
    +---------+---------+----------+----------+-----+-----+---------+
    |  Latency (cycles) |  Latency (absolute) |  Interval | Pipeline|
    |   min   |   max   |    min   |    max   | min | max |   Type  |
    +---------+---------+----------+----------+-----+-----+---------+
    |       19|       19|  0.190 us|  0.190 us|   19|   19|       no|
    +---------+---------+----------+----------+-----+-----+---------+

    + Detail: 
        * Instance: 
        N/A

        * Loop: 
        +--------------------+---------+---------+----------+-----------+-----------+------+----------+
        |                    |  Latency (cycles) | Iteration|  Initiation Interval  | Trip |          |
        |      Loop Name     |   min   |   max   |  Latency |  achieved |   target  | Count| Pipelined|
        +--------------------+---------+---------+----------+-----------+-----------+------+----------+
        |- VITIS_LOOP_123_1  |       17|       17|         3|          1|          1|    16|       yes|
        +--------------------+---------+---------+----------+-----------+-----------+------+----------+

============================================================
+ Verbose Summary: Synthesis Manager
============================================================
InlineROM: 1
ExposeGlobal: 0
============================================================
+ Verbose Summary: CDFG Model
============================================================
IsTopModel: 0
ResetActiveHigh: 1
IsCombinational: 0
IsDatapathOnly: 0
HasWiredReturn: 1
HasMFsm: 2
HasVarLatency: 1
IsPipeline: 0
IsRtlPipelined: 0
IsInstanceOverlapped: 0
IsDontTouch: 0
HasImplIP: 0
IsGatedGlobalClock: 0

+ Individual pipeline summary: 
  * Pipeline-0: initiation interval (II) = 1, depth = 3


============================================================
+ Verbose Summary: Schedule
============================================================
* Number of FSM states : 3
* Pipeline : 1
  Pipeline-0 : II = 1, D = 3, States = { 1 2 3 }
* Dataflow Pipeline: 0

* FSM state transitions: 
1 --> 2 
2 --> 3 
3 --> 

* FSM state operations: 

State 1 <SV = 0> <Delay = 5.07>
ST_1 : Operation 6 [1/1] (0.00ns)   --->   "%idx_i29 = alloca i32 1"   --->   Operation 6 'alloca' 'idx_i29' <Predicate = true> <Delay = 0.00>
ST_1 : Operation 7 [1/1] (0.00ns)   --->   "%or_ln326_read = read i8 @_ssdm_op_Read.ap_auto.i8, i8 %or_ln326"   --->   Operation 7 'read' 'or_ln326_read' <Predicate = true> <Delay = 0.00>
ST_1 : Operation 8 [1/1] (0.00ns)   --->   "%add_ln348_read = read i9 @_ssdm_op_Read.ap_auto.i9, i9 %add_ln348"   --->   Operation 8 'read' 'add_ln348_read' <Predicate = true> <Delay = 0.00>
ST_1 : Operation 9 [1/1] (1.58ns)   --->   "%store_ln0 = store i5 0, i5 %idx_i29"   --->   Operation 9 'store' 'store_ln0' <Predicate = true> <Delay = 1.58>
ST_1 : Operation 10 [1/1] (0.00ns)   --->   "%br_ln0 = br void %while.body.i31"   --->   Operation 10 'br' 'br_ln0' <Predicate = true> <Delay = 0.00>
ST_1 : Operation 11 [1/1] (0.00ns)   --->   "%idx_i29_load = load i5 %idx_i29" [clefia.c:124->clefia.c:348]   --->   Operation 11 'load' 'idx_i29_load' <Predicate = true> <Delay = 0.00>
ST_1 : Operation 12 [1/1] (0.00ns)   --->   "%specpipeline_ln0 = specpipeline void @_ssdm_op_SpecPipeline, i32 4294967295, i32 0, i32 1, i32 0, void @p_str"   --->   Operation 12 'specpipeline' 'specpipeline_ln0' <Predicate = true> <Delay = 0.00>
ST_1 : Operation 13 [1/1] (0.00ns)   --->   "%empty = speclooptripcount i32 @_ssdm_op_SpecLoopTripCount, i64 16, i64 16, i64 16"   --->   Operation 13 'speclooptripcount' 'empty' <Predicate = true> <Delay = 0.00>
ST_1 : Operation 14 [1/1] (1.36ns)   --->   "%icmp_ln123 = icmp_eq  i5 %idx_i29_load, i5 16" [clefia.c:123->clefia.c:348]   --->   Operation 14 'icmp' 'icmp_ln123' <Predicate = true> <Delay = 1.36> <CoreInst = "Cmp">   --->   Core 9 'Cmp' <Latency = 0> <II = 1> <Delay = 1.36> <FuncUnit> <Opcode : 'icmp'> <InPorts = 2> <OutPorts = 1>
ST_1 : Operation 15 [1/1] (1.78ns)   --->   "%add_ln124 = add i5 %idx_i29_load, i5 1" [clefia.c:124->clefia.c:348]   --->   Operation 15 'add' 'add_ln124' <Predicate = true> <Delay = 1.78> <CoreInst = "Adder">   --->   Core 1 'Adder' <Latency = 0> <II = 1> <Delay = 1.78> <FuncUnit> <Opcode : 'add' 'sub'> <InPorts = 2> <OutPorts = 1>
ST_1 : Operation 16 [1/1] (0.00ns)   --->   "%br_ln123 = br i1 %icmp_ln123, void %while.body.split.i42, void %ByteXor.115.exit43.exitStub" [clefia.c:123->clefia.c:348]   --->   Operation 16 'br' 'br_ln123' <Predicate = true> <Delay = 0.00>
ST_1 : Operation 17 [1/1] (0.00ns)   --->   "%zext_ln121_20 = zext i5 %idx_i29_load" [clefia.c:121->clefia.c:348]   --->   Operation 17 'zext' 'zext_ln121_20' <Predicate = (!icmp_ln123)> <Delay = 0.00>
ST_1 : Operation 18 [1/1] (1.82ns)   --->   "%add_ln121 = add i9 %add_ln348_read, i9 %zext_ln121_20" [clefia.c:121->clefia.c:348]   --->   Operation 18 'add' 'add_ln121' <Predicate = (!icmp_ln123)> <Delay = 1.82> <CoreInst = "Adder">   --->   Core 1 'Adder' <Latency = 0> <II = 1> <Delay = 1.82> <FuncUnit> <Opcode : 'add' 'sub'> <InPorts = 2> <OutPorts = 1>
ST_1 : Operation 19 [1/1] (0.00ns)   --->   "%zext_ln121_21 = zext i9 %add_ln121" [clefia.c:121->clefia.c:348]   --->   Operation 19 'zext' 'zext_ln121_21' <Predicate = (!icmp_ln123)> <Delay = 0.00>
ST_1 : Operation 20 [1/1] (0.00ns)   --->   "%con192_addr = getelementptr i8 %con192, i64 0, i64 %zext_ln121_21" [clefia.c:121->clefia.c:348]   --->   Operation 20 'getelementptr' 'con192_addr' <Predicate = (!icmp_ln123)> <Delay = 0.00>
ST_1 : Operation 21 [2/2] (3.25ns)   --->   "%con192_load = load i9 %con192_addr" [clefia.c:124->clefia.c:348]   --->   Operation 21 'load' 'con192_load' <Predicate = (!icmp_ln123)> <Delay = 3.25> <CoreInst = "ROM">   --->   Core 95 'ROM' <Latency = 1> <II = 1> <Delay = 3.25> <Storage> <Opcode : 'load'> <Ports = 0> <Width = 8> <Depth = 336> <ROM>
ST_1 : Operation 22 [1/1] (1.58ns)   --->   "%store_ln123 = store i5 %add_ln124, i5 %idx_i29" [clefia.c:123->clefia.c:348]   --->   Operation 22 'store' 'store_ln123' <Predicate = (!icmp_ln123)> <Delay = 1.58>

State 2 <SV = 1> <Delay = 3.25>
ST_2 : Operation 23 [1/1] (0.00ns)   --->   "%zext_ln121_7 = zext i5 %idx_i29_load" [clefia.c:121->clefia.c:348]   --->   Operation 23 'zext' 'zext_ln121_7' <Predicate = true> <Delay = 0.00>
ST_2 : Operation 24 [1/1] (0.00ns)   --->   "%lk_addr = getelementptr i8 %lk, i64 0, i64 %zext_ln121_7" [clefia.c:121->clefia.c:348]   --->   Operation 24 'getelementptr' 'lk_addr' <Predicate = true> <Delay = 0.00>
ST_2 : Operation 25 [2/2] (2.32ns)   --->   "%lk_load = load i5 %lk_addr" [clefia.c:124->clefia.c:348]   --->   Operation 25 'load' 'lk_load' <Predicate = true> <Delay = 2.32> <CoreInst = "RAM">   --->   Core 82 'RAM' <Latency = 1> <II = 1> <Delay = 2.32> <Storage> <Opcode : 'load' 'store'> <Ports = 2> <Width = 8> <Depth = 32> <RAM>
ST_2 : Operation 26 [1/2] (3.25ns)   --->   "%con192_load = load i9 %con192_addr" [clefia.c:124->clefia.c:348]   --->   Operation 26 'load' 'con192_load' <Predicate = true> <Delay = 3.25> <CoreInst = "ROM">   --->   Core 95 'ROM' <Latency = 1> <II = 1> <Delay = 3.25> <Storage> <Opcode : 'load'> <Ports = 0> <Width = 8> <Depth = 336> <ROM>
ST_2 : Operation 36 [1/1] (0.00ns)   --->   "%ret_ln0 = ret"   --->   Operation 36 'ret' 'ret_ln0' <Predicate = (icmp_ln123)> <Delay = 0.00>

State 3 <SV = 2> <Delay = 6.56>
ST_3 : Operation 27 [1/1] (0.00ns)   --->   "%specloopname_ln121 = specloopname void @_ssdm_op_SpecLoopName, void @empty_8" [clefia.c:121->clefia.c:348]   --->   Operation 27 'specloopname' 'specloopname_ln121' <Predicate = true> <Delay = 0.00>
ST_3 : Operation 28 [1/1] (0.00ns)   --->   "%zext_ln121 = zext i5 %idx_i29_load" [clefia.c:121->clefia.c:348]   --->   Operation 28 'zext' 'zext_ln121' <Predicate = true> <Delay = 0.00>
ST_3 : Operation 29 [1/1] (1.91ns)   --->   "%add_ln121_3 = add i8 %or_ln326_read, i8 %zext_ln121" [clefia.c:121->clefia.c:348]   --->   Operation 29 'add' 'add_ln121_3' <Predicate = true> <Delay = 1.91> <CoreInst = "Adder">   --->   Core 1 'Adder' <Latency = 0> <II = 1> <Delay = 1.91> <FuncUnit> <Opcode : 'add' 'sub'> <InPorts = 2> <OutPorts = 1>
ST_3 : Operation 30 [1/1] (0.00ns)   --->   "%zext_ln121_22 = zext i8 %add_ln121_3" [clefia.c:121->clefia.c:348]   --->   Operation 30 'zext' 'zext_ln121_22' <Predicate = true> <Delay = 0.00>
ST_3 : Operation 31 [1/1] (0.00ns)   --->   "%rk_addr = getelementptr i8 %rk, i64 0, i64 %zext_ln121_22" [clefia.c:121->clefia.c:348]   --->   Operation 31 'getelementptr' 'rk_addr' <Predicate = true> <Delay = 0.00>
ST_3 : Operation 32 [1/2] (2.32ns)   --->   "%lk_load = load i5 %lk_addr" [clefia.c:124->clefia.c:348]   --->   Operation 32 'load' 'lk_load' <Predicate = true> <Delay = 2.32> <CoreInst = "RAM">   --->   Core 82 'RAM' <Latency = 1> <II = 1> <Delay = 2.32> <Storage> <Opcode : 'load' 'store'> <Ports = 2> <Width = 8> <Depth = 32> <RAM>
ST_3 : Operation 33 [1/1] (0.99ns)   --->   "%xor_ln124 = xor i8 %con192_load, i8 %lk_load" [clefia.c:124->clefia.c:348]   --->   Operation 33 'xor' 'xor_ln124' <Predicate = true> <Delay = 0.99> <CoreInst = "LogicGate">   --->   Core 74 'LogicGate' <Latency = 0> <II = 1> <Delay = 0.99> <FuncUnit> <Opcode : 'and' 'or' 'xor'> <InPorts = 2> <OutPorts = 1>
ST_3 : Operation 34 [1/1] (3.25ns)   --->   "%store_ln124 = store i8 %xor_ln124, i8 %rk_addr" [clefia.c:124->clefia.c:348]   --->   Operation 34 'store' 'store_ln124' <Predicate = true> <Delay = 3.25> <CoreInst = "RAM">   --->   Core 82 'RAM' <Latency = 1> <II = 1> <Delay = 3.25> <Storage> <Opcode : 'load' 'store'> <Ports = 2> <Width = 8> <Depth = 224> <RAM>
ST_3 : Operation 35 [1/1] (0.00ns)   --->   "%br_ln123 = br void %while.body.i31" [clefia.c:123->clefia.c:348]   --->   Operation 35 'br' 'br_ln123' <Predicate = true> <Delay = 0.00>


============================================================
+ Verbose Summary: Timing violations
============================================================
Target clock period: 10ns, clock uncertainty: 2.7ns.

 <State 1>: 5.08ns
The critical path consists of the following:
	'alloca' operation ('idx_i29') [6]  (0 ns)
	'load' operation ('idx_i29_load', clefia.c:124->clefia.c:348) on local variable 'idx_i29' [12]  (0 ns)
	'add' operation ('add_ln121', clefia.c:121->clefia.c:348) [23]  (1.82 ns)
	'getelementptr' operation ('b', clefia.c:121->clefia.c:348) [25]  (0 ns)
	'load' operation ('con192_load', clefia.c:124->clefia.c:348) on array 'con192' [31]  (3.25 ns)

 <State 2>: 3.25ns
The critical path consists of the following:
	'load' operation ('con192_load', clefia.c:124->clefia.c:348) on array 'con192' [31]  (3.25 ns)

 <State 3>: 6.57ns
The critical path consists of the following:
	'load' operation ('lk_load', clefia.c:124->clefia.c:348) on array 'lk' [30]  (2.32 ns)
	'xor' operation ('xor_ln124', clefia.c:124->clefia.c:348) [32]  (0.99 ns)
	'store' operation ('store_ln124', clefia.c:124->clefia.c:348) of variable 'xor_ln124', clefia.c:124->clefia.c:348 on array 'rk' [33]  (3.25 ns)


============================================================
+ Verbose Summary: Binding
============================================================
N/A
* FSMD analyzer results:
  - Output states:
 - Input state : 
  - Chain level:
	State 1
	State 2
	State 3


============================================================
+ Verbose Summary: Datapath Resource usage 
============================================================
N/A
