

================================================================
== Vitis HLS Report for 'ClefiaEncrypt_1'
================================================================
* Date:           Tue Dec  6 19:10:37 2022

* Version:        2022.1 (Build 3526262 on Mon Apr 18 15:48:16 MDT 2022)
* Project:        CLEFIA_ip
* Solution:       solution1 (Vivado IP Flow Target)
* Product family: zynq
* Target device:  xc7z020-clg400-1


================================================================
== Performance Estimates
================================================================
+ Timing: 
    * Summary: 
    +--------+----------+----------+------------+
    |  Clock |  Target  | Estimated| Uncertainty|
    +--------+----------+----------+------------+
    |ap_clk  |  10.00 ns|  7.084 ns|     2.70 ns|
    +--------+----------+----------+------------+

+ Latency: 
    * Summary: 
    +---------+---------+----------+----------+-----+-----+---------+
    |  Latency (cycles) |  Latency (absolute) |  Interval | Pipeline|
    |   min   |   max   |    min   |    max   | min | max |   Type  |
    +---------+---------+----------+----------+-----+-----+---------+
    |      126|        ?|  1.260 us|         ?|  126|    ?|       no|
    +---------+---------+----------+----------+-----+-----+---------+

    + Detail: 
        * Instance: 
        N/A

        * Loop: 
        N/A

============================================================
+ Verbose Summary: Synthesis Manager
============================================================
InlineROM: 1
ExposeGlobal: 0
============================================================
+ Verbose Summary: CDFG Model
============================================================
IsTopModel: 0
ResetActiveHigh: 1
IsCombinational: 0
IsDatapathOnly: 0
HasWiredReturn: 1
HasMFsm: 0
HasVarLatency: 1
IsPipeline: 0
IsRtlPipelined: 0
IsInstanceOverlapped: 0
IsDontTouch: 0
HasImplIP: 0
IsGatedGlobalClock: 0


============================================================
+ Verbose Summary: Schedule
============================================================
* Number of FSM states : 18
* Pipeline : 0
* Dataflow Pipeline: 0

* FSM state transitions: 
1 --> 2 
2 --> 3 
3 --> 4 
4 --> 5 
5 --> 6 
6 --> 7 
7 --> 8 
8 --> 9 10 
9 --> 10 
10 --> 11 
11 --> 12 
12 --> 13 
13 --> 14 
14 --> 15 
15 --> 16 
16 --> 17 
17 --> 18 
18 --> 

* FSM state operations: 

State 1 <SV = 0> <Delay = 0.00>
ST_1 : Operation 19 [1/1] (0.00ns)   --->   "%fin = alloca i64 1" [clefia.c:190]   --->   Operation 19 'alloca' 'fin' <Predicate = true> <Delay = 0.00>
ST_1 : Operation 20 [1/1] (0.00ns)   --->   "%fout = alloca i64 1" [clefia.c:190]   --->   Operation 20 'alloca' 'fout' <Predicate = true> <Delay = 0.00>
ST_1 : Operation 21 [1/1] (0.00ns)   --->   "%rin = alloca i64 1" [clefia.c:411]   --->   Operation 21 'alloca' 'rin' <Predicate = true> <Delay = 0.00>
ST_1 : Operation 22 [1/1] (0.00ns)   --->   "%rout = alloca i64 1" [clefia.c:411]   --->   Operation 22 'alloca' 'rout' <Predicate = true> <Delay = 0.00>
ST_1 : Operation 23 [2/2] (0.00ns)   --->   "%call_ln0 = call void @ClefiaEncrypt.1_Pipeline_VITIS_LOOP_116_1, i8 %rin, i8 %pt"   --->   Operation 23 'call' 'call_ln0' <Predicate = true> <Delay = 0.00> <CoreType = "Generic">   --->   Core 0 '' <Latency = 0> <II = 1> <Delay = 1.00> <Generic> <Opcode : >

State 2 <SV = 1> <Delay = 0.00>
ST_2 : Operation 24 [1/2] (0.00ns)   --->   "%call_ln0 = call void @ClefiaEncrypt.1_Pipeline_VITIS_LOOP_116_1, i8 %rin, i8 %pt"   --->   Operation 24 'call' 'call_ln0' <Predicate = true> <Delay = 0.00> <CoreType = "Generic">   --->   Core 0 '' <Latency = 0> <II = 1> <Delay = 1.00> <Generic> <Opcode : >

State 3 <SV = 2> <Delay = 0.00>
ST_3 : Operation 25 [2/2] (0.00ns)   --->   "%call_ln0 = call void @ClefiaEncrypt.1_Pipeline_VITIS_LOOP_123_1, i8 %rk, i8 %rin"   --->   Operation 25 'call' 'call_ln0' <Predicate = true> <Delay = 0.00> <CoreType = "Generic">   --->   Core 0 '' <Latency = 0> <II = 1> <Delay = 1.00> <Generic> <Opcode : >

State 4 <SV = 3> <Delay = 0.00>
ST_4 : Operation 26 [1/2] (0.00ns)   --->   "%call_ln0 = call void @ClefiaEncrypt.1_Pipeline_VITIS_LOOP_123_1, i8 %rk, i8 %rin"   --->   Operation 26 'call' 'call_ln0' <Predicate = true> <Delay = 0.00> <CoreType = "Generic">   --->   Core 0 '' <Latency = 0> <II = 1> <Delay = 1.00> <Generic> <Opcode : >

State 5 <SV = 4> <Delay = 0.00>
ST_5 : Operation 27 [2/2] (0.00ns)   --->   "%call_ln0 = call void @ClefiaEncrypt.1_Pipeline_VITIS_LOOP_123_118, i8 %rk, i8 %rin"   --->   Operation 27 'call' 'call_ln0' <Predicate = true> <Delay = 0.00> <CoreType = "Generic">   --->   Core 0 '' <Latency = 0> <II = 1> <Delay = 1.00> <Generic> <Opcode : >

State 6 <SV = 5> <Delay = 0.00>
ST_6 : Operation 28 [1/2] (0.00ns)   --->   "%call_ln0 = call void @ClefiaEncrypt.1_Pipeline_VITIS_LOOP_123_118, i8 %rk, i8 %rin"   --->   Operation 28 'call' 'call_ln0' <Predicate = true> <Delay = 0.00> <CoreType = "Generic">   --->   Core 0 '' <Latency = 0> <II = 1> <Delay = 1.00> <Generic> <Opcode : >

State 7 <SV = 6> <Delay = 0.00>
ST_7 : Operation 29 [2/2] (0.00ns)   --->   "%call_ln0 = call void @ClefiaEncrypt.1_Pipeline_VITIS_LOOP_116_119, i8 %rin, i8 %fin"   --->   Operation 29 'call' 'call_ln0' <Predicate = true> <Delay = 0.00> <CoreType = "Generic">   --->   Core 0 '' <Latency = 0> <II = 1> <Delay = 1.00> <Generic> <Opcode : >

State 8 <SV = 7> <Delay = 1.36>
ST_8 : Operation 30 [1/1] (0.00ns)   --->   "%r_read = read i5 @_ssdm_op_Read.ap_auto.i5, i5 %r"   --->   Operation 30 'read' 'r_read' <Predicate = true> <Delay = 0.00>
ST_8 : Operation 31 [1/1] (0.00ns)   --->   "%specmemcore_ln0 = specmemcore void @_ssdm_op_SpecMemCore, i8 %Clefia_enc, i64 666, i64 207, i64 1"   --->   Operation 31 'specmemcore' 'specmemcore_ln0' <Predicate = true> <Delay = 0.00>
ST_8 : Operation 32 [1/1] (0.00ns)   --->   "%specmemcore_ln0 = specmemcore void @_ssdm_op_SpecMemCore, i8 %pt, i64 666, i64 207, i64 1"   --->   Operation 32 'specmemcore' 'specmemcore_ln0' <Predicate = true> <Delay = 0.00>
ST_8 : Operation 33 [1/1] (0.00ns)   --->   "%specinterface_ln0 = specinterface void @_ssdm_op_SpecInterface, i8 %Clefia_enc, void @empty_3, i32 0, i32 0, void @empty_0, i32 1, i32 0, void @empty_0, void @empty_0, void @empty_0, i32 0, i32 0, i32 0, i32 0, void @empty_0, void @empty_0, i32 4294967295, i32 0"   --->   Operation 33 'specinterface' 'specinterface_ln0' <Predicate = true> <Delay = 0.00>
ST_8 : Operation 34 [1/1] (0.00ns)   --->   "%specinterface_ln0 = specinterface void @_ssdm_op_SpecInterface, i8 %pt, void @empty_3, i32 0, i32 0, void @empty_0, i32 1, i32 0, void @empty_0, void @empty_0, void @empty_0, i32 0, i32 0, i32 0, i32 0, void @empty_0, void @empty_0, i32 4294967295, i32 0"   --->   Operation 34 'specinterface' 'specinterface_ln0' <Predicate = true> <Delay = 0.00>
ST_8 : Operation 35 [1/2] (0.00ns)   --->   "%call_ln0 = call void @ClefiaEncrypt.1_Pipeline_VITIS_LOOP_116_119, i8 %rin, i8 %fin"   --->   Operation 35 'call' 'call_ln0' <Predicate = true> <Delay = 0.00> <CoreType = "Generic">   --->   Core 0 '' <Latency = 0> <II = 1> <Delay = 1.00> <Generic> <Opcode : >
ST_8 : Operation 36 [1/1] (1.36ns)   --->   "%icmp_ln193 = icmp_eq  i5 %r_read, i5 0" [clefia.c:193]   --->   Operation 36 'icmp' 'icmp_ln193' <Predicate = true> <Delay = 1.36> <CoreInst = "Cmp">   --->   Core 9 'Cmp' <Latency = 0> <II = 1> <Delay = 1.36> <FuncUnit> <Opcode : 'icmp'> <InPorts = 2> <OutPorts = 1>
ST_8 : Operation 37 [1/1] (0.00ns)   --->   "%br_ln193 = br i1 %icmp_ln193, void %while.body.i30.preheader, void %while.end.i" [clefia.c:193]   --->   Operation 37 'br' 'br_ln193' <Predicate = true> <Delay = 0.00>

State 9 <SV = 8> <Delay = 1.58>
ST_9 : Operation 38 [2/2] (1.58ns)   --->   "%call_ln0 = call void @ClefiaEncrypt.1_Pipeline_VITIS_LOOP_193_1, i5 %r_read, i8 %fin, i8 %fout, i8 %rk, i8 %clefia_s0, i8 %clefia_s1"   --->   Operation 38 'call' 'call_ln0' <Predicate = true> <Delay = 1.58> <CoreType = "Generic">   --->   Core 0 '' <Latency = 0> <II = 1> <Delay = 1.00> <Generic> <Opcode : >

State 10 <SV = 9> <Delay = 0.00>
ST_10 : Operation 39 [1/2] (0.00ns)   --->   "%call_ln0 = call void @ClefiaEncrypt.1_Pipeline_VITIS_LOOP_193_1, i5 %r_read, i8 %fin, i8 %fout, i8 %rk, i8 %clefia_s0, i8 %clefia_s1"   --->   Operation 39 'call' 'call_ln0' <Predicate = (!icmp_ln193)> <Delay = 0.00> <CoreType = "Generic">   --->   Core 0 '' <Latency = 0> <II = 1> <Delay = 1.00> <Generic> <Opcode : >
ST_10 : Operation 40 [1/1] (0.00ns)   --->   "%br_ln0 = br void %while.end.i"   --->   Operation 40 'br' 'br_ln0' <Predicate = (!icmp_ln193)> <Delay = 0.00>

State 11 <SV = 10> <Delay = 0.00>
ST_11 : Operation 41 [2/2] (0.00ns)   --->   "%call_ln0 = call void @ClefiaEncrypt.1_Pipeline_VITIS_LOOP_116_120, i8 %fout, i8 %rout"   --->   Operation 41 'call' 'call_ln0' <Predicate = true> <Delay = 0.00> <CoreType = "Generic">   --->   Core 0 '' <Latency = 0> <II = 1> <Delay = 1.00> <Generic> <Opcode : >

State 12 <SV = 11> <Delay = 0.00>
ST_12 : Operation 42 [1/2] (0.00ns)   --->   "%call_ln0 = call void @ClefiaEncrypt.1_Pipeline_VITIS_LOOP_116_120, i8 %fout, i8 %rout"   --->   Operation 42 'call' 'call_ln0' <Predicate = true> <Delay = 0.00> <CoreType = "Generic">   --->   Core 0 '' <Latency = 0> <II = 1> <Delay = 1.00> <Generic> <Opcode : >

State 13 <SV = 12> <Delay = 0.00>
ST_13 : Operation 43 [2/2] (0.00ns)   --->   "%call_ln0 = call void @ClefiaEncrypt.1_Pipeline_VITIS_LOOP_116_121, i8 %rout, i8 %Clefia_enc"   --->   Operation 43 'call' 'call_ln0' <Predicate = true> <Delay = 0.00> <CoreType = "Generic">   --->   Core 0 '' <Latency = 0> <II = 1> <Delay = 1.00> <Generic> <Opcode : >

State 14 <SV = 13> <Delay = 0.00>
ST_14 : Operation 44 [1/2] (0.00ns)   --->   "%call_ln0 = call void @ClefiaEncrypt.1_Pipeline_VITIS_LOOP_116_121, i8 %rout, i8 %Clefia_enc"   --->   Operation 44 'call' 'call_ln0' <Predicate = true> <Delay = 0.00> <CoreType = "Generic">   --->   Core 0 '' <Latency = 0> <II = 1> <Delay = 1.00> <Generic> <Opcode : >

State 15 <SV = 14> <Delay = 5.16>
ST_15 : Operation 45 [1/1] (0.00ns)   --->   "%shl_ln = bitconcatenate i8 @_ssdm_op_BitConcatenate.i8.i5.i3, i5 %r_read, i3 0" [clefia.c:422]   --->   Operation 45 'bitconcatenate' 'shl_ln' <Predicate = true> <Delay = 0.00>
ST_15 : Operation 46 [2/2] (5.16ns)   --->   "%call_ln422 = call void @ClefiaEncrypt.1_Pipeline_VITIS_LOOP_123_122, i8 %shl_ln, i8 %rk, i8 %Clefia_enc" [clefia.c:422]   --->   Operation 46 'call' 'call_ln422' <Predicate = true> <Delay = 5.16> <CoreType = "Generic">   --->   Core 0 '' <Latency = 0> <II = 1> <Delay = 1.00> <Generic> <Opcode : >

State 16 <SV = 15> <Delay = 0.00>
ST_16 : Operation 47 [1/2] (0.00ns)   --->   "%call_ln422 = call void @ClefiaEncrypt.1_Pipeline_VITIS_LOOP_123_122, i8 %shl_ln, i8 %rk, i8 %Clefia_enc" [clefia.c:422]   --->   Operation 47 'call' 'call_ln422' <Predicate = true> <Delay = 0.00> <CoreType = "Generic">   --->   Core 0 '' <Latency = 0> <II = 1> <Delay = 1.00> <Generic> <Opcode : >

State 17 <SV = 16> <Delay = 5.16>
ST_17 : Operation 48 [2/2] (5.16ns)   --->   "%call_ln422 = call void @ClefiaEncrypt.1_Pipeline_VITIS_LOOP_123_123, i8 %shl_ln, i8 %rk, i8 %Clefia_enc" [clefia.c:422]   --->   Operation 48 'call' 'call_ln422' <Predicate = true> <Delay = 5.16> <CoreType = "Generic">   --->   Core 0 '' <Latency = 0> <II = 1> <Delay = 1.00> <Generic> <Opcode : >

State 18 <SV = 17> <Delay = 0.00>
ST_18 : Operation 49 [1/2] (0.00ns)   --->   "%call_ln422 = call void @ClefiaEncrypt.1_Pipeline_VITIS_LOOP_123_123, i8 %shl_ln, i8 %rk, i8 %Clefia_enc" [clefia.c:422]   --->   Operation 49 'call' 'call_ln422' <Predicate = true> <Delay = 0.00> <CoreType = "Generic">   --->   Core 0 '' <Latency = 0> <II = 1> <Delay = 1.00> <Generic> <Opcode : >
ST_18 : Operation 50 [1/1] (0.00ns)   --->   "%ret_ln424 = ret" [clefia.c:424]   --->   Operation 50 'ret' 'ret_ln424' <Predicate = true> <Delay = 0.00>


============================================================
+ Verbose Summary: Timing violations
============================================================
Target clock period: 10ns, clock uncertainty: 2.7ns.

 <State 1>: 0ns
The critical path consists of the following:

 <State 2>: 0ns
The critical path consists of the following:

 <State 3>: 0ns
The critical path consists of the following:

 <State 4>: 0ns
The critical path consists of the following:

 <State 5>: 0ns
The critical path consists of the following:

 <State 6>: 0ns
The critical path consists of the following:

 <State 7>: 0ns
The critical path consists of the following:

 <State 8>: 1.36ns
The critical path consists of the following:
	wire read operation ('r_read') on port 'r' [7]  (0 ns)
	'icmp' operation ('icmp_ln193', clefia.c:193) [20]  (1.36 ns)

 <State 9>: 1.59ns
The critical path consists of the following:
	'call' operation ('call_ln0') to 'ClefiaEncrypt.1_Pipeline_VITIS_LOOP_193_1' [23]  (1.59 ns)

 <State 10>: 0ns
The critical path consists of the following:

 <State 11>: 0ns
The critical path consists of the following:

 <State 12>: 0ns
The critical path consists of the following:

 <State 13>: 0ns
The critical path consists of the following:

 <State 14>: 0ns
The critical path consists of the following:

 <State 15>: 5.17ns
The critical path consists of the following:
	'call' operation ('call_ln422', clefia.c:422) to 'ClefiaEncrypt.1_Pipeline_VITIS_LOOP_123_122' [29]  (5.17 ns)

 <State 16>: 0ns
The critical path consists of the following:

 <State 17>: 5.17ns
The critical path consists of the following:
	'call' operation ('call_ln422', clefia.c:422) to 'ClefiaEncrypt.1_Pipeline_VITIS_LOOP_123_123' [30]  (5.17 ns)

 <State 18>: 0ns
The critical path consists of the following:


============================================================
+ Verbose Summary: Binding
============================================================
N/A
* FSMD analyzer results:
  - Output states:
 - Input state : 
  - Chain level:
	State 1
	State 2
	State 3
	State 4
	State 5
	State 6
	State 7
	State 8
	State 9
	State 10
	State 11
	State 12
	State 13
	State 14
	State 15
	State 16
	State 17
	State 18


============================================================
+ Verbose Summary: Datapath Resource usage 
============================================================
N/A
