

================================================================
== Vitis HLS Report for 'ClefiaDecrypt_1_Pipeline_VITIS_LOOP_230_1'
================================================================
* Date:           Tue Dec  6 19:10:40 2022

* Version:        2022.1 (Build 3526262 on Mon Apr 18 15:48:16 MDT 2022)
* Project:        CLEFIA_ip
* Solution:       solution1 (Vivado IP Flow Target)
* Product family: zynq
* Target device:  xc7z020-clg400-1


================================================================
== Performance Estimates
================================================================
+ Timing: 
    * Summary: 
    +--------+----------+----------+------------+
    |  Clock |  Target  | Estimated| Uncertainty|
    +--------+----------+----------+------------+
    |ap_clk  |  10.00 ns|  7.084 ns|     2.70 ns|
    +--------+----------+----------+------------+

+ Latency: 
    * Summary: 
    +---------+---------+----------+----------+-----+-----+---------+
    |  Latency (cycles) |  Latency (absolute) |  Interval | Pipeline|
    |   min   |   max   |    min   |    max   | min | max |   Type  |
    +---------+---------+----------+----------+-----+-----+---------+
    |       56|        ?|  0.560 us|         ?|   56|    ?|       no|
    +---------+---------+----------+----------+-----+-----+---------+

    + Detail: 
        * Instance: 
        N/A

        * Loop: 
        +--------------------+---------+---------+----------+-----------+-----------+-------+----------+
        |                    |  Latency (cycles) | Iteration|  Initiation Interval  |  Trip |          |
        |      Loop Name     |   min   |   max   |  Latency |  achieved |   target  | Count | Pipelined|
        +--------------------+---------+---------+----------+-----------+-----------+-------+----------+
        |- VITIS_LOOP_230_1  |       54|        ?|        28|         27|          1|  1 ~ ?|       yes|
        +--------------------+---------+---------+----------+-----------+-----------+-------+----------+

============================================================
+ Verbose Summary: Synthesis Manager
============================================================
InlineROM: 1
ExposeGlobal: 0
============================================================
+ Verbose Summary: CDFG Model
============================================================
IsTopModel: 0
ResetActiveHigh: 1
IsCombinational: 0
IsDatapathOnly: 0
HasWiredReturn: 1
HasMFsm: 2
HasVarLatency: 1
IsPipeline: 0
IsRtlPipelined: 0
IsInstanceOverlapped: 0
IsDontTouch: 0
HasImplIP: 0
IsGatedGlobalClock: 0

+ Individual pipeline summary: 
  * Pipeline-0: initiation interval (II) = 27, depth = 28


============================================================
+ Verbose Summary: Schedule
============================================================
* Number of FSM states : 28
* Pipeline : 1
  Pipeline-0 : II = 27, D = 28, States = { 1 2 3 4 5 6 7 8 9 10 11 12 13 14 15 16 17 18 19 20 21 22 23 24 25 26 27 28 }
* Dataflow Pipeline: 0

* FSM state transitions: 
1 --> 2 
2 --> 3 
3 --> 4 
4 --> 5 
5 --> 6 
6 --> 7 
7 --> 8 
8 --> 9 
9 --> 10 
10 --> 11 
11 --> 12 
12 --> 13 
13 --> 14 
14 --> 15 
15 --> 16 
16 --> 17 
17 --> 18 
18 --> 19 
19 --> 20 
20 --> 21 
21 --> 22 
22 --> 23 
23 --> 24 
24 --> 25 
25 --> 26 
26 --> 27 
27 --> 28 
28 --> 

* FSM state operations: 

State 1 <SV = 0> <Delay = 1.58>
ST_1 : Operation 31 [1/1] (0.00ns)   --->   "%idx109 = alloca i32 1"   --->   Operation 31 'alloca' 'idx109' <Predicate = true> <Delay = 0.00>
ST_1 : Operation 32 [1/1] (0.00ns)   --->   "%dec12_i_in = alloca i32 1"   --->   Operation 32 'alloca' 'dec12_i_in' <Predicate = true> <Delay = 0.00>
ST_1 : Operation 33 [1/1] (0.00ns)   --->   "%shl_ln_read = read i8 @_ssdm_op_Read.ap_auto.i8, i8 %shl_ln"   --->   Operation 33 'read' 'shl_ln_read' <Predicate = true> <Delay = 0.00>
ST_1 : Operation 34 [1/1] (0.00ns)   --->   "%r_cast5_read = read i5 @_ssdm_op_Read.ap_auto.i5, i5 %r_cast5"   --->   Operation 34 'read' 'r_cast5_read' <Predicate = true> <Delay = 0.00>
ST_1 : Operation 35 [1/1] (0.00ns)   --->   "%r_cast5_cast = zext i5 %r_cast5_read"   --->   Operation 35 'zext' 'r_cast5_cast' <Predicate = true> <Delay = 0.00>
ST_1 : Operation 36 [1/1] (1.58ns)   --->   "%store_ln0 = store i32 %r_cast5_cast, i32 %dec12_i_in"   --->   Operation 36 'store' 'store_ln0' <Predicate = true> <Delay = 1.58>
ST_1 : Operation 37 [1/1] (1.58ns)   --->   "%store_ln0 = store i36 0, i36 %idx109"   --->   Operation 37 'store' 'store_ln0' <Predicate = true> <Delay = 1.58>
ST_1 : Operation 38 [1/1] (0.00ns)   --->   "%br_ln0 = br void %while.body.i29"   --->   Operation 38 'br' 'br_ln0' <Predicate = true> <Delay = 0.00>

State 2 <SV = 1> <Delay = 7.08>
ST_2 : Operation 39 [1/1] (0.00ns)   --->   "%idx109_load = load i36 %idx109"   --->   Operation 39 'load' 'idx109_load' <Predicate = true> <Delay = 0.00>
ST_2 : Operation 40 [1/1] (0.00ns)   --->   "%empty = trunc i36 %idx109_load"   --->   Operation 40 'trunc' 'empty' <Predicate = true> <Delay = 0.00>
ST_2 : Operation 41 [1/1] (1.91ns)   --->   "%add_ln224 = add i8 %shl_ln_read, i8 %empty" [clefia.c:224]   --->   Operation 41 'add' 'add_ln224' <Predicate = true> <Delay = 1.91> <CoreInst = "Adder">   --->   Core 1 'Adder' <Latency = 0> <II = 1> <Delay = 1.91> <FuncUnit> <Opcode : 'add' 'sub'> <InPorts = 2> <OutPorts = 1>
ST_2 : Operation 42 [9/9] (5.16ns)   --->   "%call_ln231 = call void @ClefiaF0Xor, i8 %fout, i8 %fin, i8 %rk, i8 %add_ln224, i8 %clefia_s0, i8 %clefia_s1" [clefia.c:231]   --->   Operation 42 'call' 'call_ln231' <Predicate = true> <Delay = 5.16> <CoreType = "Generic">   --->   Core 0 '' <Latency = 0> <II = 1> <Delay = 1.00> <Generic> <Opcode : >

State 3 <SV = 2> <Delay = 5.75>
ST_3 : Operation 43 [8/9] (5.75ns)   --->   "%call_ln231 = call void @ClefiaF0Xor, i8 %fout, i8 %fin, i8 %rk, i8 %add_ln224, i8 %clefia_s0, i8 %clefia_s1" [clefia.c:231]   --->   Operation 43 'call' 'call_ln231' <Predicate = true> <Delay = 5.75> <CoreType = "Generic">   --->   Core 0 '' <Latency = 0> <II = 1> <Delay = 1.00> <Generic> <Opcode : >

State 4 <SV = 3> <Delay = 5.75>
ST_4 : Operation 44 [7/9] (5.75ns)   --->   "%call_ln231 = call void @ClefiaF0Xor, i8 %fout, i8 %fin, i8 %rk, i8 %add_ln224, i8 %clefia_s0, i8 %clefia_s1" [clefia.c:231]   --->   Operation 44 'call' 'call_ln231' <Predicate = true> <Delay = 5.75> <CoreType = "Generic">   --->   Core 0 '' <Latency = 0> <II = 1> <Delay = 1.00> <Generic> <Opcode : >

State 5 <SV = 4> <Delay = 5.75>
ST_5 : Operation 45 [6/9] (5.75ns)   --->   "%call_ln231 = call void @ClefiaF0Xor, i8 %fout, i8 %fin, i8 %rk, i8 %add_ln224, i8 %clefia_s0, i8 %clefia_s1" [clefia.c:231]   --->   Operation 45 'call' 'call_ln231' <Predicate = true> <Delay = 5.75> <CoreType = "Generic">   --->   Core 0 '' <Latency = 0> <II = 1> <Delay = 1.00> <Generic> <Opcode : >

State 6 <SV = 5> <Delay = 5.75>
ST_6 : Operation 46 [5/9] (5.75ns)   --->   "%call_ln231 = call void @ClefiaF0Xor, i8 %fout, i8 %fin, i8 %rk, i8 %add_ln224, i8 %clefia_s0, i8 %clefia_s1" [clefia.c:231]   --->   Operation 46 'call' 'call_ln231' <Predicate = true> <Delay = 5.75> <CoreType = "Generic">   --->   Core 0 '' <Latency = 0> <II = 1> <Delay = 1.00> <Generic> <Opcode : >

State 7 <SV = 6> <Delay = 5.75>
ST_7 : Operation 47 [4/9] (5.75ns)   --->   "%call_ln231 = call void @ClefiaF0Xor, i8 %fout, i8 %fin, i8 %rk, i8 %add_ln224, i8 %clefia_s0, i8 %clefia_s1" [clefia.c:231]   --->   Operation 47 'call' 'call_ln231' <Predicate = true> <Delay = 5.75> <CoreType = "Generic">   --->   Core 0 '' <Latency = 0> <II = 1> <Delay = 1.00> <Generic> <Opcode : >

State 8 <SV = 7> <Delay = 5.75>
ST_8 : Operation 48 [3/9] (5.75ns)   --->   "%call_ln231 = call void @ClefiaF0Xor, i8 %fout, i8 %fin, i8 %rk, i8 %add_ln224, i8 %clefia_s0, i8 %clefia_s1" [clefia.c:231]   --->   Operation 48 'call' 'call_ln231' <Predicate = true> <Delay = 5.75> <CoreType = "Generic">   --->   Core 0 '' <Latency = 0> <II = 1> <Delay = 1.00> <Generic> <Opcode : >

State 9 <SV = 8> <Delay = 5.75>
ST_9 : Operation 49 [2/9] (5.75ns)   --->   "%call_ln231 = call void @ClefiaF0Xor, i8 %fout, i8 %fin, i8 %rk, i8 %add_ln224, i8 %clefia_s0, i8 %clefia_s1" [clefia.c:231]   --->   Operation 49 'call' 'call_ln231' <Predicate = true> <Delay = 5.75> <CoreType = "Generic">   --->   Core 0 '' <Latency = 0> <II = 1> <Delay = 1.00> <Generic> <Opcode : >

State 10 <SV = 9> <Delay = 0.00>
ST_10 : Operation 50 [1/9] (0.00ns)   --->   "%call_ln231 = call void @ClefiaF0Xor, i8 %fout, i8 %fin, i8 %rk, i8 %add_ln224, i8 %clefia_s0, i8 %clefia_s1" [clefia.c:231]   --->   Operation 50 'call' 'call_ln231' <Predicate = true> <Delay = 0.00> <CoreType = "Generic">   --->   Core 0 '' <Latency = 0> <II = 1> <Delay = 1.00> <Generic> <Opcode : >

State 11 <SV = 10> <Delay = 5.16>
ST_11 : Operation 51 [1/1] (0.00ns)   --->   "%or_ln232 = or i8 %add_ln224, i8 4" [clefia.c:232]   --->   Operation 51 'or' 'or_ln232' <Predicate = true> <Delay = 0.00>
ST_11 : Operation 52 [9/9] (5.16ns)   --->   "%call_ln232 = call void @ClefiaF1Xor.3, i8 %fout, i8 %fin, i8 %rk, i8 %or_ln232, i8 %clefia_s1, i8 %clefia_s0" [clefia.c:232]   --->   Operation 52 'call' 'call_ln232' <Predicate = true> <Delay = 5.16> <CoreType = "Generic">   --->   Core 0 '' <Latency = 0> <II = 1> <Delay = 1.00> <Generic> <Opcode : >

State 12 <SV = 11> <Delay = 6.99>
ST_12 : Operation 53 [8/9] (6.99ns)   --->   "%call_ln232 = call void @ClefiaF1Xor.3, i8 %fout, i8 %fin, i8 %rk, i8 %or_ln232, i8 %clefia_s1, i8 %clefia_s0" [clefia.c:232]   --->   Operation 53 'call' 'call_ln232' <Predicate = true> <Delay = 6.99> <CoreType = "Generic">   --->   Core 0 '' <Latency = 0> <II = 1> <Delay = 1.00> <Generic> <Opcode : >

State 13 <SV = 12> <Delay = 6.99>
ST_13 : Operation 54 [7/9] (6.99ns)   --->   "%call_ln232 = call void @ClefiaF1Xor.3, i8 %fout, i8 %fin, i8 %rk, i8 %or_ln232, i8 %clefia_s1, i8 %clefia_s0" [clefia.c:232]   --->   Operation 54 'call' 'call_ln232' <Predicate = true> <Delay = 6.99> <CoreType = "Generic">   --->   Core 0 '' <Latency = 0> <II = 1> <Delay = 1.00> <Generic> <Opcode : >

State 14 <SV = 13> <Delay = 6.99>
ST_14 : Operation 55 [6/9] (6.99ns)   --->   "%call_ln232 = call void @ClefiaF1Xor.3, i8 %fout, i8 %fin, i8 %rk, i8 %or_ln232, i8 %clefia_s1, i8 %clefia_s0" [clefia.c:232]   --->   Operation 55 'call' 'call_ln232' <Predicate = true> <Delay = 6.99> <CoreType = "Generic">   --->   Core 0 '' <Latency = 0> <II = 1> <Delay = 1.00> <Generic> <Opcode : >

State 15 <SV = 14> <Delay = 6.99>
ST_15 : Operation 56 [5/9] (6.99ns)   --->   "%call_ln232 = call void @ClefiaF1Xor.3, i8 %fout, i8 %fin, i8 %rk, i8 %or_ln232, i8 %clefia_s1, i8 %clefia_s0" [clefia.c:232]   --->   Operation 56 'call' 'call_ln232' <Predicate = true> <Delay = 6.99> <CoreType = "Generic">   --->   Core 0 '' <Latency = 0> <II = 1> <Delay = 1.00> <Generic> <Opcode : >

State 16 <SV = 15> <Delay = 6.99>
ST_16 : Operation 57 [4/9] (6.99ns)   --->   "%call_ln232 = call void @ClefiaF1Xor.3, i8 %fout, i8 %fin, i8 %rk, i8 %or_ln232, i8 %clefia_s1, i8 %clefia_s0" [clefia.c:232]   --->   Operation 57 'call' 'call_ln232' <Predicate = true> <Delay = 6.99> <CoreType = "Generic">   --->   Core 0 '' <Latency = 0> <II = 1> <Delay = 1.00> <Generic> <Opcode : >

State 17 <SV = 16> <Delay = 6.99>
ST_17 : Operation 58 [3/9] (6.99ns)   --->   "%call_ln232 = call void @ClefiaF1Xor.3, i8 %fout, i8 %fin, i8 %rk, i8 %or_ln232, i8 %clefia_s1, i8 %clefia_s0" [clefia.c:232]   --->   Operation 58 'call' 'call_ln232' <Predicate = true> <Delay = 6.99> <CoreType = "Generic">   --->   Core 0 '' <Latency = 0> <II = 1> <Delay = 1.00> <Generic> <Opcode : >

State 18 <SV = 17> <Delay = 6.99>
ST_18 : Operation 59 [2/9] (6.99ns)   --->   "%call_ln232 = call void @ClefiaF1Xor.3, i8 %fout, i8 %fin, i8 %rk, i8 %or_ln232, i8 %clefia_s1, i8 %clefia_s0" [clefia.c:232]   --->   Operation 59 'call' 'call_ln232' <Predicate = true> <Delay = 6.99> <CoreType = "Generic">   --->   Core 0 '' <Latency = 0> <II = 1> <Delay = 1.00> <Generic> <Opcode : >

State 19 <SV = 18> <Delay = 0.00>
ST_19 : Operation 60 [1/9] (0.00ns)   --->   "%call_ln232 = call void @ClefiaF1Xor.3, i8 %fout, i8 %fin, i8 %rk, i8 %or_ln232, i8 %clefia_s1, i8 %clefia_s0" [clefia.c:232]   --->   Operation 60 'call' 'call_ln232' <Predicate = true> <Delay = 0.00> <CoreType = "Generic">   --->   Core 0 '' <Latency = 0> <II = 1> <Delay = 1.00> <Generic> <Opcode : >

State 20 <SV = 19> <Delay = 6.61>
ST_20 : Operation 61 [1/1] (0.00ns)   --->   "%dec12_i_in_load = load i32 %dec12_i_in" [clefia.c:224]   --->   Operation 61 'load' 'dec12_i_in_load' <Predicate = true> <Delay = 0.00>
ST_20 : Operation 62 [1/1] (0.00ns)   --->   "%fout_addr_106 = getelementptr i8 %fout, i64 0, i64 13" [clefia.c:114]   --->   Operation 62 'getelementptr' 'fout_addr_106' <Predicate = true> <Delay = 0.00>
ST_20 : Operation 63 [1/1] (0.00ns)   --->   "%fout_addr_107 = getelementptr i8 %fout, i64 0, i64 12" [clefia.c:114]   --->   Operation 63 'getelementptr' 'fout_addr_107' <Predicate = true> <Delay = 0.00>
ST_20 : Operation 64 [1/1] (2.55ns)   --->   "%add_ln224_1 = add i32 %dec12_i_in_load, i32 4294967295" [clefia.c:224]   --->   Operation 64 'add' 'add_ln224_1' <Predicate = true> <Delay = 2.55> <CoreInst = "Adder">   --->   Core 1 'Adder' <Latency = 0> <II = 1> <Delay = 2.55> <FuncUnit> <Opcode : 'add' 'sub'> <InPorts = 2> <OutPorts = 1>
ST_20 : Operation 65 [1/1] (2.71ns)   --->   "%add_ln233 = add i36 %idx109_load, i36 68719476728" [clefia.c:233]   --->   Operation 65 'add' 'add_ln233' <Predicate = true> <Delay = 2.71> <CoreInst = "Adder">   --->   Core 1 'Adder' <Latency = 0> <II = 1> <Delay = 2.71> <FuncUnit> <Opcode : 'add' 'sub'> <InPorts = 2> <OutPorts = 1>
ST_20 : Operation 66 [1/1] (2.47ns)   --->   "%icmp_ln234 = icmp_eq  i32 %add_ln224_1, i32 0" [clefia.c:234]   --->   Operation 66 'icmp' 'icmp_ln234' <Predicate = true> <Delay = 2.47> <CoreInst = "Cmp">   --->   Core 9 'Cmp' <Latency = 0> <II = 1> <Delay = 2.47> <FuncUnit> <Opcode : 'icmp'> <InPorts = 2> <OutPorts = 1>
ST_20 : Operation 67 [1/1] (0.00ns)   --->   "%br_ln234 = br i1 %icmp_ln234, void %while.body.i20.i.0, void %if.end.i" [clefia.c:234]   --->   Operation 67 'br' 'br_ln234' <Predicate = true> <Delay = 0.00>
ST_20 : Operation 68 [2/2] (2.32ns)   --->   "%fout_load = load i4 %fout_addr_107" [clefia.c:117]   --->   Operation 68 'load' 'fout_load' <Predicate = (!icmp_ln234)> <Delay = 2.32> <CoreInst = "RAM">   --->   Core 82 'RAM' <Latency = 1> <II = 1> <Delay = 2.32> <Storage> <Opcode : 'load' 'store'> <Ports = 2> <Width = 8> <Depth = 16> <RAM>
ST_20 : Operation 69 [2/2] (2.32ns)   --->   "%fout_load_93 = load i4 %fout_addr_106" [clefia.c:117]   --->   Operation 69 'load' 'fout_load_93' <Predicate = (!icmp_ln234)> <Delay = 2.32> <CoreInst = "RAM">   --->   Core 82 'RAM' <Latency = 1> <II = 1> <Delay = 2.32> <Storage> <Opcode : 'load' 'store'> <Ports = 2> <Width = 8> <Depth = 16> <RAM>
ST_20 : Operation 70 [1/1] (2.47ns)   --->   "%icmp_ln230 = icmp_sgt  i32 %add_ln224_1, i32 0" [clefia.c:230]   --->   Operation 70 'icmp' 'icmp_ln230' <Predicate = true> <Delay = 2.47> <CoreInst = "Cmp">   --->   Core 9 'Cmp' <Latency = 0> <II = 1> <Delay = 2.47> <FuncUnit> <Opcode : 'icmp'> <InPorts = 2> <OutPorts = 1>
ST_20 : Operation 71 [1/1] (0.00ns)   --->   "%br_ln230 = br i1 %icmp_ln230, void %while.end.i.loopexit.exitStub, void %if.end.i.while.body.i29_crit_edge" [clefia.c:230]   --->   Operation 71 'br' 'br_ln230' <Predicate = true> <Delay = 0.00>
ST_20 : Operation 72 [1/1] (1.58ns)   --->   "%store_ln230 = store i32 %add_ln224_1, i32 %dec12_i_in" [clefia.c:230]   --->   Operation 72 'store' 'store_ln230' <Predicate = (icmp_ln230)> <Delay = 1.58>
ST_20 : Operation 73 [1/1] (1.58ns)   --->   "%store_ln230 = store i36 %add_ln233, i36 %idx109" [clefia.c:230]   --->   Operation 73 'store' 'store_ln230' <Predicate = (icmp_ln230)> <Delay = 1.58>
ST_20 : Operation 74 [1/1] (0.00ns)   --->   "%br_ln230 = br void %while.body.i29" [clefia.c:230]   --->   Operation 74 'br' 'br_ln230' <Predicate = (icmp_ln230)> <Delay = 0.00>

State 21 <SV = 20> <Delay = 4.64>
ST_21 : Operation 75 [1/1] (0.00ns)   --->   "%fout_addr_104 = getelementptr i8 %fout, i64 0, i64 15" [clefia.c:114]   --->   Operation 75 'getelementptr' 'fout_addr_104' <Predicate = true> <Delay = 0.00>
ST_21 : Operation 76 [1/1] (0.00ns)   --->   "%fout_addr_105 = getelementptr i8 %fout, i64 0, i64 14" [clefia.c:114]   --->   Operation 76 'getelementptr' 'fout_addr_105' <Predicate = true> <Delay = 0.00>
ST_21 : Operation 77 [1/1] (0.00ns)   --->   "%fin_addr_106 = getelementptr i8 %fin, i64 0, i64 1" [clefia.c:114]   --->   Operation 77 'getelementptr' 'fin_addr_106' <Predicate = true> <Delay = 0.00>
ST_21 : Operation 78 [1/1] (0.00ns)   --->   "%fin_addr_107 = getelementptr i8 %fin, i64 0, i64 0" [clefia.c:114]   --->   Operation 78 'getelementptr' 'fin_addr_107' <Predicate = true> <Delay = 0.00>
ST_21 : Operation 79 [1/2] (2.32ns)   --->   "%fout_load = load i4 %fout_addr_107" [clefia.c:117]   --->   Operation 79 'load' 'fout_load' <Predicate = (!icmp_ln234)> <Delay = 2.32> <CoreInst = "RAM">   --->   Core 82 'RAM' <Latency = 1> <II = 1> <Delay = 2.32> <Storage> <Opcode : 'load' 'store'> <Ports = 2> <Width = 8> <Depth = 16> <RAM>
ST_21 : Operation 80 [1/1] (2.32ns)   --->   "%store_ln117 = store i8 %fout_load, i4 %fin_addr_107" [clefia.c:117]   --->   Operation 80 'store' 'store_ln117' <Predicate = (!icmp_ln234)> <Delay = 2.32> <CoreInst = "RAM">   --->   Core 82 'RAM' <Latency = 1> <II = 1> <Delay = 2.32> <Storage> <Opcode : 'load' 'store'> <Ports = 2> <Width = 8> <Depth = 16> <RAM>
ST_21 : Operation 81 [1/2] (2.32ns)   --->   "%fout_load_93 = load i4 %fout_addr_106" [clefia.c:117]   --->   Operation 81 'load' 'fout_load_93' <Predicate = (!icmp_ln234)> <Delay = 2.32> <CoreInst = "RAM">   --->   Core 82 'RAM' <Latency = 1> <II = 1> <Delay = 2.32> <Storage> <Opcode : 'load' 'store'> <Ports = 2> <Width = 8> <Depth = 16> <RAM>
ST_21 : Operation 82 [1/1] (2.32ns)   --->   "%store_ln117 = store i8 %fout_load_93, i4 %fin_addr_106" [clefia.c:117]   --->   Operation 82 'store' 'store_ln117' <Predicate = (!icmp_ln234)> <Delay = 2.32> <CoreInst = "RAM">   --->   Core 82 'RAM' <Latency = 1> <II = 1> <Delay = 2.32> <Storage> <Opcode : 'load' 'store'> <Ports = 2> <Width = 8> <Depth = 16> <RAM>
ST_21 : Operation 83 [2/2] (2.32ns)   --->   "%fout_load_94 = load i4 %fout_addr_105" [clefia.c:117]   --->   Operation 83 'load' 'fout_load_94' <Predicate = (!icmp_ln234)> <Delay = 2.32> <CoreInst = "RAM">   --->   Core 82 'RAM' <Latency = 1> <II = 1> <Delay = 2.32> <Storage> <Opcode : 'load' 'store'> <Ports = 2> <Width = 8> <Depth = 16> <RAM>
ST_21 : Operation 84 [2/2] (2.32ns)   --->   "%fout_load_95 = load i4 %fout_addr_104" [clefia.c:117]   --->   Operation 84 'load' 'fout_load_95' <Predicate = (!icmp_ln234)> <Delay = 2.32> <CoreInst = "RAM">   --->   Core 82 'RAM' <Latency = 1> <II = 1> <Delay = 2.32> <Storage> <Opcode : 'load' 'store'> <Ports = 2> <Width = 8> <Depth = 16> <RAM>

State 22 <SV = 21> <Delay = 4.64>
ST_22 : Operation 85 [1/1] (0.00ns)   --->   "%fout_addr_102 = getelementptr i8 %fout, i64 0, i64 1" [clefia.c:114]   --->   Operation 85 'getelementptr' 'fout_addr_102' <Predicate = true> <Delay = 0.00>
ST_22 : Operation 86 [1/1] (0.00ns)   --->   "%fout_addr_103 = getelementptr i8 %fout, i64 0, i64 0" [clefia.c:114]   --->   Operation 86 'getelementptr' 'fout_addr_103' <Predicate = true> <Delay = 0.00>
ST_22 : Operation 87 [1/1] (0.00ns)   --->   "%fin_addr_104 = getelementptr i8 %fin, i64 0, i64 3" [clefia.c:114]   --->   Operation 87 'getelementptr' 'fin_addr_104' <Predicate = true> <Delay = 0.00>
ST_22 : Operation 88 [1/1] (0.00ns)   --->   "%fin_addr_105 = getelementptr i8 %fin, i64 0, i64 2" [clefia.c:114]   --->   Operation 88 'getelementptr' 'fin_addr_105' <Predicate = true> <Delay = 0.00>
ST_22 : Operation 89 [1/2] (2.32ns)   --->   "%fout_load_94 = load i4 %fout_addr_105" [clefia.c:117]   --->   Operation 89 'load' 'fout_load_94' <Predicate = (!icmp_ln234)> <Delay = 2.32> <CoreInst = "RAM">   --->   Core 82 'RAM' <Latency = 1> <II = 1> <Delay = 2.32> <Storage> <Opcode : 'load' 'store'> <Ports = 2> <Width = 8> <Depth = 16> <RAM>
ST_22 : Operation 90 [1/1] (2.32ns)   --->   "%store_ln117 = store i8 %fout_load_94, i4 %fin_addr_105" [clefia.c:117]   --->   Operation 90 'store' 'store_ln117' <Predicate = (!icmp_ln234)> <Delay = 2.32> <CoreInst = "RAM">   --->   Core 82 'RAM' <Latency = 1> <II = 1> <Delay = 2.32> <Storage> <Opcode : 'load' 'store'> <Ports = 2> <Width = 8> <Depth = 16> <RAM>
ST_22 : Operation 91 [1/2] (2.32ns)   --->   "%fout_load_95 = load i4 %fout_addr_104" [clefia.c:117]   --->   Operation 91 'load' 'fout_load_95' <Predicate = (!icmp_ln234)> <Delay = 2.32> <CoreInst = "RAM">   --->   Core 82 'RAM' <Latency = 1> <II = 1> <Delay = 2.32> <Storage> <Opcode : 'load' 'store'> <Ports = 2> <Width = 8> <Depth = 16> <RAM>
ST_22 : Operation 92 [1/1] (2.32ns)   --->   "%store_ln117 = store i8 %fout_load_95, i4 %fin_addr_104" [clefia.c:117]   --->   Operation 92 'store' 'store_ln117' <Predicate = (!icmp_ln234)> <Delay = 2.32> <CoreInst = "RAM">   --->   Core 82 'RAM' <Latency = 1> <II = 1> <Delay = 2.32> <Storage> <Opcode : 'load' 'store'> <Ports = 2> <Width = 8> <Depth = 16> <RAM>
ST_22 : Operation 93 [2/2] (2.32ns)   --->   "%fout_load_96 = load i4 %fout_addr_103" [clefia.c:117]   --->   Operation 93 'load' 'fout_load_96' <Predicate = (!icmp_ln234)> <Delay = 2.32> <CoreInst = "RAM">   --->   Core 82 'RAM' <Latency = 1> <II = 1> <Delay = 2.32> <Storage> <Opcode : 'load' 'store'> <Ports = 2> <Width = 8> <Depth = 16> <RAM>
ST_22 : Operation 94 [2/2] (2.32ns)   --->   "%fout_load_97 = load i4 %fout_addr_102" [clefia.c:117]   --->   Operation 94 'load' 'fout_load_97' <Predicate = (!icmp_ln234)> <Delay = 2.32> <CoreInst = "RAM">   --->   Core 82 'RAM' <Latency = 1> <II = 1> <Delay = 2.32> <Storage> <Opcode : 'load' 'store'> <Ports = 2> <Width = 8> <Depth = 16> <RAM>

State 23 <SV = 22> <Delay = 4.64>
ST_23 : Operation 95 [1/1] (0.00ns)   --->   "%fout_addr_100 = getelementptr i8 %fout, i64 0, i64 3" [clefia.c:114]   --->   Operation 95 'getelementptr' 'fout_addr_100' <Predicate = true> <Delay = 0.00>
ST_23 : Operation 96 [1/1] (0.00ns)   --->   "%fout_addr_101 = getelementptr i8 %fout, i64 0, i64 2" [clefia.c:114]   --->   Operation 96 'getelementptr' 'fout_addr_101' <Predicate = true> <Delay = 0.00>
ST_23 : Operation 97 [1/1] (0.00ns)   --->   "%fin_addr_102 = getelementptr i8 %fin, i64 0, i64 5" [clefia.c:114]   --->   Operation 97 'getelementptr' 'fin_addr_102' <Predicate = true> <Delay = 0.00>
ST_23 : Operation 98 [1/1] (0.00ns)   --->   "%fin_addr_103 = getelementptr i8 %fin, i64 0, i64 4" [clefia.c:114]   --->   Operation 98 'getelementptr' 'fin_addr_103' <Predicate = true> <Delay = 0.00>
ST_23 : Operation 99 [1/2] (2.32ns)   --->   "%fout_load_96 = load i4 %fout_addr_103" [clefia.c:117]   --->   Operation 99 'load' 'fout_load_96' <Predicate = (!icmp_ln234)> <Delay = 2.32> <CoreInst = "RAM">   --->   Core 82 'RAM' <Latency = 1> <II = 1> <Delay = 2.32> <Storage> <Opcode : 'load' 'store'> <Ports = 2> <Width = 8> <Depth = 16> <RAM>
ST_23 : Operation 100 [1/1] (2.32ns)   --->   "%store_ln117 = store i8 %fout_load_96, i4 %fin_addr_103" [clefia.c:117]   --->   Operation 100 'store' 'store_ln117' <Predicate = (!icmp_ln234)> <Delay = 2.32> <CoreInst = "RAM">   --->   Core 82 'RAM' <Latency = 1> <II = 1> <Delay = 2.32> <Storage> <Opcode : 'load' 'store'> <Ports = 2> <Width = 8> <Depth = 16> <RAM>
ST_23 : Operation 101 [1/2] (2.32ns)   --->   "%fout_load_97 = load i4 %fout_addr_102" [clefia.c:117]   --->   Operation 101 'load' 'fout_load_97' <Predicate = (!icmp_ln234)> <Delay = 2.32> <CoreInst = "RAM">   --->   Core 82 'RAM' <Latency = 1> <II = 1> <Delay = 2.32> <Storage> <Opcode : 'load' 'store'> <Ports = 2> <Width = 8> <Depth = 16> <RAM>
ST_23 : Operation 102 [1/1] (2.32ns)   --->   "%store_ln117 = store i8 %fout_load_97, i4 %fin_addr_102" [clefia.c:117]   --->   Operation 102 'store' 'store_ln117' <Predicate = (!icmp_ln234)> <Delay = 2.32> <CoreInst = "RAM">   --->   Core 82 'RAM' <Latency = 1> <II = 1> <Delay = 2.32> <Storage> <Opcode : 'load' 'store'> <Ports = 2> <Width = 8> <Depth = 16> <RAM>
ST_23 : Operation 103 [2/2] (2.32ns)   --->   "%fout_load_98 = load i4 %fout_addr_101" [clefia.c:117]   --->   Operation 103 'load' 'fout_load_98' <Predicate = (!icmp_ln234)> <Delay = 2.32> <CoreInst = "RAM">   --->   Core 82 'RAM' <Latency = 1> <II = 1> <Delay = 2.32> <Storage> <Opcode : 'load' 'store'> <Ports = 2> <Width = 8> <Depth = 16> <RAM>
ST_23 : Operation 104 [2/2] (2.32ns)   --->   "%fout_load_99 = load i4 %fout_addr_100" [clefia.c:117]   --->   Operation 104 'load' 'fout_load_99' <Predicate = (!icmp_ln234)> <Delay = 2.32> <CoreInst = "RAM">   --->   Core 82 'RAM' <Latency = 1> <II = 1> <Delay = 2.32> <Storage> <Opcode : 'load' 'store'> <Ports = 2> <Width = 8> <Depth = 16> <RAM>

State 24 <SV = 23> <Delay = 4.64>
ST_24 : Operation 105 [1/1] (0.00ns)   --->   "%fout_addr_98 = getelementptr i8 %fout, i64 0, i64 5" [clefia.c:114]   --->   Operation 105 'getelementptr' 'fout_addr_98' <Predicate = true> <Delay = 0.00>
ST_24 : Operation 106 [1/1] (0.00ns)   --->   "%fout_addr_99 = getelementptr i8 %fout, i64 0, i64 4" [clefia.c:114]   --->   Operation 106 'getelementptr' 'fout_addr_99' <Predicate = true> <Delay = 0.00>
ST_24 : Operation 107 [1/1] (0.00ns)   --->   "%fin_addr_100 = getelementptr i8 %fin, i64 0, i64 7" [clefia.c:114]   --->   Operation 107 'getelementptr' 'fin_addr_100' <Predicate = true> <Delay = 0.00>
ST_24 : Operation 108 [1/1] (0.00ns)   --->   "%fin_addr_101 = getelementptr i8 %fin, i64 0, i64 6" [clefia.c:114]   --->   Operation 108 'getelementptr' 'fin_addr_101' <Predicate = true> <Delay = 0.00>
ST_24 : Operation 109 [1/2] (2.32ns)   --->   "%fout_load_98 = load i4 %fout_addr_101" [clefia.c:117]   --->   Operation 109 'load' 'fout_load_98' <Predicate = (!icmp_ln234)> <Delay = 2.32> <CoreInst = "RAM">   --->   Core 82 'RAM' <Latency = 1> <II = 1> <Delay = 2.32> <Storage> <Opcode : 'load' 'store'> <Ports = 2> <Width = 8> <Depth = 16> <RAM>
ST_24 : Operation 110 [1/1] (2.32ns)   --->   "%store_ln117 = store i8 %fout_load_98, i4 %fin_addr_101" [clefia.c:117]   --->   Operation 110 'store' 'store_ln117' <Predicate = (!icmp_ln234)> <Delay = 2.32> <CoreInst = "RAM">   --->   Core 82 'RAM' <Latency = 1> <II = 1> <Delay = 2.32> <Storage> <Opcode : 'load' 'store'> <Ports = 2> <Width = 8> <Depth = 16> <RAM>
ST_24 : Operation 111 [1/2] (2.32ns)   --->   "%fout_load_99 = load i4 %fout_addr_100" [clefia.c:117]   --->   Operation 111 'load' 'fout_load_99' <Predicate = (!icmp_ln234)> <Delay = 2.32> <CoreInst = "RAM">   --->   Core 82 'RAM' <Latency = 1> <II = 1> <Delay = 2.32> <Storage> <Opcode : 'load' 'store'> <Ports = 2> <Width = 8> <Depth = 16> <RAM>
ST_24 : Operation 112 [1/1] (2.32ns)   --->   "%store_ln117 = store i8 %fout_load_99, i4 %fin_addr_100" [clefia.c:117]   --->   Operation 112 'store' 'store_ln117' <Predicate = (!icmp_ln234)> <Delay = 2.32> <CoreInst = "RAM">   --->   Core 82 'RAM' <Latency = 1> <II = 1> <Delay = 2.32> <Storage> <Opcode : 'load' 'store'> <Ports = 2> <Width = 8> <Depth = 16> <RAM>
ST_24 : Operation 113 [2/2] (2.32ns)   --->   "%fout_load_100 = load i4 %fout_addr_99" [clefia.c:117]   --->   Operation 113 'load' 'fout_load_100' <Predicate = (!icmp_ln234)> <Delay = 2.32> <CoreInst = "RAM">   --->   Core 82 'RAM' <Latency = 1> <II = 1> <Delay = 2.32> <Storage> <Opcode : 'load' 'store'> <Ports = 2> <Width = 8> <Depth = 16> <RAM>
ST_24 : Operation 114 [2/2] (2.32ns)   --->   "%fout_load_101 = load i4 %fout_addr_98" [clefia.c:117]   --->   Operation 114 'load' 'fout_load_101' <Predicate = (!icmp_ln234)> <Delay = 2.32> <CoreInst = "RAM">   --->   Core 82 'RAM' <Latency = 1> <II = 1> <Delay = 2.32> <Storage> <Opcode : 'load' 'store'> <Ports = 2> <Width = 8> <Depth = 16> <RAM>

State 25 <SV = 24> <Delay = 4.64>
ST_25 : Operation 115 [1/1] (0.00ns)   --->   "%fout_addr_96 = getelementptr i8 %fout, i64 0, i64 7" [clefia.c:114]   --->   Operation 115 'getelementptr' 'fout_addr_96' <Predicate = true> <Delay = 0.00>
ST_25 : Operation 116 [1/1] (0.00ns)   --->   "%fout_addr_97 = getelementptr i8 %fout, i64 0, i64 6" [clefia.c:114]   --->   Operation 116 'getelementptr' 'fout_addr_97' <Predicate = true> <Delay = 0.00>
ST_25 : Operation 117 [1/1] (0.00ns)   --->   "%fin_addr_98 = getelementptr i8 %fin, i64 0, i64 9" [clefia.c:114]   --->   Operation 117 'getelementptr' 'fin_addr_98' <Predicate = true> <Delay = 0.00>
ST_25 : Operation 118 [1/1] (0.00ns)   --->   "%fin_addr_99 = getelementptr i8 %fin, i64 0, i64 8" [clefia.c:114]   --->   Operation 118 'getelementptr' 'fin_addr_99' <Predicate = true> <Delay = 0.00>
ST_25 : Operation 119 [1/2] (2.32ns)   --->   "%fout_load_100 = load i4 %fout_addr_99" [clefia.c:117]   --->   Operation 119 'load' 'fout_load_100' <Predicate = (!icmp_ln234)> <Delay = 2.32> <CoreInst = "RAM">   --->   Core 82 'RAM' <Latency = 1> <II = 1> <Delay = 2.32> <Storage> <Opcode : 'load' 'store'> <Ports = 2> <Width = 8> <Depth = 16> <RAM>
ST_25 : Operation 120 [1/1] (2.32ns)   --->   "%store_ln117 = store i8 %fout_load_100, i4 %fin_addr_99" [clefia.c:117]   --->   Operation 120 'store' 'store_ln117' <Predicate = (!icmp_ln234)> <Delay = 2.32> <CoreInst = "RAM">   --->   Core 82 'RAM' <Latency = 1> <II = 1> <Delay = 2.32> <Storage> <Opcode : 'load' 'store'> <Ports = 2> <Width = 8> <Depth = 16> <RAM>
ST_25 : Operation 121 [1/2] (2.32ns)   --->   "%fout_load_101 = load i4 %fout_addr_98" [clefia.c:117]   --->   Operation 121 'load' 'fout_load_101' <Predicate = (!icmp_ln234)> <Delay = 2.32> <CoreInst = "RAM">   --->   Core 82 'RAM' <Latency = 1> <II = 1> <Delay = 2.32> <Storage> <Opcode : 'load' 'store'> <Ports = 2> <Width = 8> <Depth = 16> <RAM>
ST_25 : Operation 122 [1/1] (2.32ns)   --->   "%store_ln117 = store i8 %fout_load_101, i4 %fin_addr_98" [clefia.c:117]   --->   Operation 122 'store' 'store_ln117' <Predicate = (!icmp_ln234)> <Delay = 2.32> <CoreInst = "RAM">   --->   Core 82 'RAM' <Latency = 1> <II = 1> <Delay = 2.32> <Storage> <Opcode : 'load' 'store'> <Ports = 2> <Width = 8> <Depth = 16> <RAM>
ST_25 : Operation 123 [2/2] (2.32ns)   --->   "%fout_load_102 = load i4 %fout_addr_97" [clefia.c:117]   --->   Operation 123 'load' 'fout_load_102' <Predicate = (!icmp_ln234)> <Delay = 2.32> <CoreInst = "RAM">   --->   Core 82 'RAM' <Latency = 1> <II = 1> <Delay = 2.32> <Storage> <Opcode : 'load' 'store'> <Ports = 2> <Width = 8> <Depth = 16> <RAM>
ST_25 : Operation 124 [2/2] (2.32ns)   --->   "%fout_load_103 = load i4 %fout_addr_96" [clefia.c:117]   --->   Operation 124 'load' 'fout_load_103' <Predicate = (!icmp_ln234)> <Delay = 2.32> <CoreInst = "RAM">   --->   Core 82 'RAM' <Latency = 1> <II = 1> <Delay = 2.32> <Storage> <Opcode : 'load' 'store'> <Ports = 2> <Width = 8> <Depth = 16> <RAM>

State 26 <SV = 25> <Delay = 4.64>
ST_26 : Operation 125 [1/1] (0.00ns)   --->   "%fout_addr_94 = getelementptr i8 %fout, i64 0, i64 9" [clefia.c:114]   --->   Operation 125 'getelementptr' 'fout_addr_94' <Predicate = true> <Delay = 0.00>
ST_26 : Operation 126 [1/1] (0.00ns)   --->   "%fout_addr_95 = getelementptr i8 %fout, i64 0, i64 8" [clefia.c:114]   --->   Operation 126 'getelementptr' 'fout_addr_95' <Predicate = true> <Delay = 0.00>
ST_26 : Operation 127 [1/1] (0.00ns)   --->   "%fin_addr_96 = getelementptr i8 %fin, i64 0, i64 11" [clefia.c:114]   --->   Operation 127 'getelementptr' 'fin_addr_96' <Predicate = true> <Delay = 0.00>
ST_26 : Operation 128 [1/1] (0.00ns)   --->   "%fin_addr_97 = getelementptr i8 %fin, i64 0, i64 10" [clefia.c:114]   --->   Operation 128 'getelementptr' 'fin_addr_97' <Predicate = true> <Delay = 0.00>
ST_26 : Operation 129 [1/2] (2.32ns)   --->   "%fout_load_102 = load i4 %fout_addr_97" [clefia.c:117]   --->   Operation 129 'load' 'fout_load_102' <Predicate = (!icmp_ln234)> <Delay = 2.32> <CoreInst = "RAM">   --->   Core 82 'RAM' <Latency = 1> <II = 1> <Delay = 2.32> <Storage> <Opcode : 'load' 'store'> <Ports = 2> <Width = 8> <Depth = 16> <RAM>
ST_26 : Operation 130 [1/1] (2.32ns)   --->   "%store_ln117 = store i8 %fout_load_102, i4 %fin_addr_97" [clefia.c:117]   --->   Operation 130 'store' 'store_ln117' <Predicate = (!icmp_ln234)> <Delay = 2.32> <CoreInst = "RAM">   --->   Core 82 'RAM' <Latency = 1> <II = 1> <Delay = 2.32> <Storage> <Opcode : 'load' 'store'> <Ports = 2> <Width = 8> <Depth = 16> <RAM>
ST_26 : Operation 131 [1/2] (2.32ns)   --->   "%fout_load_103 = load i4 %fout_addr_96" [clefia.c:117]   --->   Operation 131 'load' 'fout_load_103' <Predicate = (!icmp_ln234)> <Delay = 2.32> <CoreInst = "RAM">   --->   Core 82 'RAM' <Latency = 1> <II = 1> <Delay = 2.32> <Storage> <Opcode : 'load' 'store'> <Ports = 2> <Width = 8> <Depth = 16> <RAM>
ST_26 : Operation 132 [1/1] (2.32ns)   --->   "%store_ln117 = store i8 %fout_load_103, i4 %fin_addr_96" [clefia.c:117]   --->   Operation 132 'store' 'store_ln117' <Predicate = (!icmp_ln234)> <Delay = 2.32> <CoreInst = "RAM">   --->   Core 82 'RAM' <Latency = 1> <II = 1> <Delay = 2.32> <Storage> <Opcode : 'load' 'store'> <Ports = 2> <Width = 8> <Depth = 16> <RAM>
ST_26 : Operation 133 [2/2] (2.32ns)   --->   "%fout_load_104 = load i4 %fout_addr_95" [clefia.c:117]   --->   Operation 133 'load' 'fout_load_104' <Predicate = (!icmp_ln234)> <Delay = 2.32> <CoreInst = "RAM">   --->   Core 82 'RAM' <Latency = 1> <II = 1> <Delay = 2.32> <Storage> <Opcode : 'load' 'store'> <Ports = 2> <Width = 8> <Depth = 16> <RAM>
ST_26 : Operation 134 [2/2] (2.32ns)   --->   "%fout_load_105 = load i4 %fout_addr_94" [clefia.c:117]   --->   Operation 134 'load' 'fout_load_105' <Predicate = (!icmp_ln234)> <Delay = 2.32> <CoreInst = "RAM">   --->   Core 82 'RAM' <Latency = 1> <II = 1> <Delay = 2.32> <Storage> <Opcode : 'load' 'store'> <Ports = 2> <Width = 8> <Depth = 16> <RAM>

State 27 <SV = 26> <Delay = 4.64>
ST_27 : Operation 135 [1/1] (0.00ns)   --->   "%fout_addr = getelementptr i8 %fout, i64 0, i64 11" [clefia.c:114]   --->   Operation 135 'getelementptr' 'fout_addr' <Predicate = true> <Delay = 0.00>
ST_27 : Operation 136 [1/1] (0.00ns)   --->   "%fout_addr_93 = getelementptr i8 %fout, i64 0, i64 10" [clefia.c:114]   --->   Operation 136 'getelementptr' 'fout_addr_93' <Predicate = true> <Delay = 0.00>
ST_27 : Operation 137 [1/1] (0.00ns)   --->   "%fin_addr_94 = getelementptr i8 %fin, i64 0, i64 13" [clefia.c:114]   --->   Operation 137 'getelementptr' 'fin_addr_94' <Predicate = true> <Delay = 0.00>
ST_27 : Operation 138 [1/1] (0.00ns)   --->   "%fin_addr_95 = getelementptr i8 %fin, i64 0, i64 12" [clefia.c:114]   --->   Operation 138 'getelementptr' 'fin_addr_95' <Predicate = true> <Delay = 0.00>
ST_27 : Operation 139 [1/2] (2.32ns)   --->   "%fout_load_104 = load i4 %fout_addr_95" [clefia.c:117]   --->   Operation 139 'load' 'fout_load_104' <Predicate = (!icmp_ln234)> <Delay = 2.32> <CoreInst = "RAM">   --->   Core 82 'RAM' <Latency = 1> <II = 1> <Delay = 2.32> <Storage> <Opcode : 'load' 'store'> <Ports = 2> <Width = 8> <Depth = 16> <RAM>
ST_27 : Operation 140 [1/1] (2.32ns)   --->   "%store_ln117 = store i8 %fout_load_104, i4 %fin_addr_95" [clefia.c:117]   --->   Operation 140 'store' 'store_ln117' <Predicate = (!icmp_ln234)> <Delay = 2.32> <CoreInst = "RAM">   --->   Core 82 'RAM' <Latency = 1> <II = 1> <Delay = 2.32> <Storage> <Opcode : 'load' 'store'> <Ports = 2> <Width = 8> <Depth = 16> <RAM>
ST_27 : Operation 141 [1/2] (2.32ns)   --->   "%fout_load_105 = load i4 %fout_addr_94" [clefia.c:117]   --->   Operation 141 'load' 'fout_load_105' <Predicate = (!icmp_ln234)> <Delay = 2.32> <CoreInst = "RAM">   --->   Core 82 'RAM' <Latency = 1> <II = 1> <Delay = 2.32> <Storage> <Opcode : 'load' 'store'> <Ports = 2> <Width = 8> <Depth = 16> <RAM>
ST_27 : Operation 142 [1/1] (2.32ns)   --->   "%store_ln117 = store i8 %fout_load_105, i4 %fin_addr_94" [clefia.c:117]   --->   Operation 142 'store' 'store_ln117' <Predicate = (!icmp_ln234)> <Delay = 2.32> <CoreInst = "RAM">   --->   Core 82 'RAM' <Latency = 1> <II = 1> <Delay = 2.32> <Storage> <Opcode : 'load' 'store'> <Ports = 2> <Width = 8> <Depth = 16> <RAM>
ST_27 : Operation 143 [2/2] (2.32ns)   --->   "%fout_load_106 = load i4 %fout_addr_93" [clefia.c:117]   --->   Operation 143 'load' 'fout_load_106' <Predicate = (!icmp_ln234)> <Delay = 2.32> <CoreInst = "RAM">   --->   Core 82 'RAM' <Latency = 1> <II = 1> <Delay = 2.32> <Storage> <Opcode : 'load' 'store'> <Ports = 2> <Width = 8> <Depth = 16> <RAM>
ST_27 : Operation 144 [2/2] (2.32ns)   --->   "%fout_load_107 = load i4 %fout_addr" [clefia.c:117]   --->   Operation 144 'load' 'fout_load_107' <Predicate = (!icmp_ln234)> <Delay = 2.32> <CoreInst = "RAM">   --->   Core 82 'RAM' <Latency = 1> <II = 1> <Delay = 2.32> <Storage> <Opcode : 'load' 'store'> <Ports = 2> <Width = 8> <Depth = 16> <RAM>

State 28 <SV = 27> <Delay = 4.64>
ST_28 : Operation 145 [1/1] (0.00ns)   --->   "%fin_addr = getelementptr i8 %fin, i64 0, i64 15" [clefia.c:114]   --->   Operation 145 'getelementptr' 'fin_addr' <Predicate = true> <Delay = 0.00>
ST_28 : Operation 146 [1/1] (0.00ns)   --->   "%fin_addr_93 = getelementptr i8 %fin, i64 0, i64 14" [clefia.c:114]   --->   Operation 146 'getelementptr' 'fin_addr_93' <Predicate = true> <Delay = 0.00>
ST_28 : Operation 147 [1/1] (0.00ns)   --->   "%specpipeline_ln0 = specpipeline void @_ssdm_op_SpecPipeline, i32 4294967295, i32 0, i32 1, i32 0, void @p_str"   --->   Operation 147 'specpipeline' 'specpipeline_ln0' <Predicate = true> <Delay = 0.00>
ST_28 : Operation 148 [1/1] (0.00ns)   --->   "%specloopname_ln224 = specloopname void @_ssdm_op_SpecLoopName, void @empty_16" [clefia.c:224]   --->   Operation 148 'specloopname' 'specloopname_ln224' <Predicate = true> <Delay = 0.00>
ST_28 : Operation 149 [1/1] (0.00ns)   --->   "%empty_55 = speclooptripcount i32 @_ssdm_op_SpecLoopTripCount, i64 1, i64 18446744073709551615, i64 0"   --->   Operation 149 'speclooptripcount' 'empty_55' <Predicate = true> <Delay = 0.00>
ST_28 : Operation 150 [1/2] (2.32ns)   --->   "%fout_load_106 = load i4 %fout_addr_93" [clefia.c:117]   --->   Operation 150 'load' 'fout_load_106' <Predicate = (!icmp_ln234)> <Delay = 2.32> <CoreInst = "RAM">   --->   Core 82 'RAM' <Latency = 1> <II = 1> <Delay = 2.32> <Storage> <Opcode : 'load' 'store'> <Ports = 2> <Width = 8> <Depth = 16> <RAM>
ST_28 : Operation 151 [1/1] (2.32ns)   --->   "%store_ln117 = store i8 %fout_load_106, i4 %fin_addr_93" [clefia.c:117]   --->   Operation 151 'store' 'store_ln117' <Predicate = (!icmp_ln234)> <Delay = 2.32> <CoreInst = "RAM">   --->   Core 82 'RAM' <Latency = 1> <II = 1> <Delay = 2.32> <Storage> <Opcode : 'load' 'store'> <Ports = 2> <Width = 8> <Depth = 16> <RAM>
ST_28 : Operation 152 [1/2] (2.32ns)   --->   "%fout_load_107 = load i4 %fout_addr" [clefia.c:117]   --->   Operation 152 'load' 'fout_load_107' <Predicate = (!icmp_ln234)> <Delay = 2.32> <CoreInst = "RAM">   --->   Core 82 'RAM' <Latency = 1> <II = 1> <Delay = 2.32> <Storage> <Opcode : 'load' 'store'> <Ports = 2> <Width = 8> <Depth = 16> <RAM>
ST_28 : Operation 153 [1/1] (2.32ns)   --->   "%store_ln117 = store i8 %fout_load_107, i4 %fin_addr" [clefia.c:117]   --->   Operation 153 'store' 'store_ln117' <Predicate = (!icmp_ln234)> <Delay = 2.32> <CoreInst = "RAM">   --->   Core 82 'RAM' <Latency = 1> <II = 1> <Delay = 2.32> <Storage> <Opcode : 'load' 'store'> <Ports = 2> <Width = 8> <Depth = 16> <RAM>
ST_28 : Operation 154 [1/1] (0.00ns)   --->   "%br_ln0 = br void %if.end.i"   --->   Operation 154 'br' 'br_ln0' <Predicate = (!icmp_ln234)> <Delay = 0.00>
ST_28 : Operation 155 [1/1] (0.00ns)   --->   "%ret_ln0 = ret"   --->   Operation 155 'ret' 'ret_ln0' <Predicate = (!icmp_ln230)> <Delay = 0.00>


============================================================
+ Verbose Summary: Timing violations
============================================================
Target clock period: 10ns, clock uncertainty: 2.7ns.

 <State 1>: 1.59ns
The critical path consists of the following:
	'store' operation ('store_ln0') of variable 'r_cast5_cast' on local variable 'r' [13]  (1.59 ns)

 <State 2>: 7.08ns
The critical path consists of the following:
	'load' operation ('idx109_load') on local variable 'idx109' [17]  (0 ns)
	'add' operation ('add_ln224', clefia.c:224) [55]  (1.92 ns)
	'call' operation ('call_ln231', clefia.c:231) to 'ClefiaF0Xor' [56]  (5.17 ns)

 <State 3>: 5.75ns
The critical path consists of the following:
	'call' operation ('call_ln231', clefia.c:231) to 'ClefiaF0Xor' [56]  (5.75 ns)

 <State 4>: 5.75ns
The critical path consists of the following:
	'call' operation ('call_ln231', clefia.c:231) to 'ClefiaF0Xor' [56]  (5.75 ns)

 <State 5>: 5.75ns
The critical path consists of the following:
	'call' operation ('call_ln231', clefia.c:231) to 'ClefiaF0Xor' [56]  (5.75 ns)

 <State 6>: 5.75ns
The critical path consists of the following:
	'call' operation ('call_ln231', clefia.c:231) to 'ClefiaF0Xor' [56]  (5.75 ns)

 <State 7>: 5.75ns
The critical path consists of the following:
	'call' operation ('call_ln231', clefia.c:231) to 'ClefiaF0Xor' [56]  (5.75 ns)

 <State 8>: 5.75ns
The critical path consists of the following:
	'call' operation ('call_ln231', clefia.c:231) to 'ClefiaF0Xor' [56]  (5.75 ns)

 <State 9>: 5.75ns
The critical path consists of the following:
	'call' operation ('call_ln231', clefia.c:231) to 'ClefiaF0Xor' [56]  (5.75 ns)

 <State 10>: 0ns
The critical path consists of the following:

 <State 11>: 5.17ns
The critical path consists of the following:
	'or' operation ('or_ln232', clefia.c:232) [57]  (0 ns)
	'call' operation ('call_ln232', clefia.c:232) to 'ClefiaF1Xor.3' [58]  (5.17 ns)

 <State 12>: 7ns
The critical path consists of the following:
	'call' operation ('call_ln232', clefia.c:232) to 'ClefiaF1Xor.3' [58]  (7 ns)

 <State 13>: 7ns
The critical path consists of the following:
	'call' operation ('call_ln232', clefia.c:232) to 'ClefiaF1Xor.3' [58]  (7 ns)

 <State 14>: 7ns
The critical path consists of the following:
	'call' operation ('call_ln232', clefia.c:232) to 'ClefiaF1Xor.3' [58]  (7 ns)

 <State 15>: 7ns
The critical path consists of the following:
	'call' operation ('call_ln232', clefia.c:232) to 'ClefiaF1Xor.3' [58]  (7 ns)

 <State 16>: 7ns
The critical path consists of the following:
	'call' operation ('call_ln232', clefia.c:232) to 'ClefiaF1Xor.3' [58]  (7 ns)

 <State 17>: 7ns
The critical path consists of the following:
	'call' operation ('call_ln232', clefia.c:232) to 'ClefiaF1Xor.3' [58]  (7 ns)

 <State 18>: 7ns
The critical path consists of the following:
	'call' operation ('call_ln232', clefia.c:232) to 'ClefiaF1Xor.3' [58]  (7 ns)

 <State 19>: 0ns
The critical path consists of the following:

 <State 20>: 6.61ns
The critical path consists of the following:
	'load' operation ('dec12_i_in_load', clefia.c:224) on local variable 'r' [18]  (0 ns)
	'add' operation ('r', clefia.c:224) [53]  (2.55 ns)
	'icmp' operation ('icmp_ln230', clefia.c:230) [98]  (2.47 ns)
	blocking operation 1.59 ns on control path)

 <State 21>: 4.64ns
The critical path consists of the following:
	'load' operation ('fout_load', clefia.c:117) on array 'fout' [64]  (2.32 ns)
	'store' operation ('store_ln117', clefia.c:117) of variable 'fout_load', clefia.c:117 on array 'fin' [65]  (2.32 ns)

 <State 22>: 4.64ns
The critical path consists of the following:
	'load' operation ('fout_load_94', clefia.c:117) on array 'fout' [68]  (2.32 ns)
	'store' operation ('store_ln117', clefia.c:117) of variable 'fout_load_94', clefia.c:117 on array 'fin' [69]  (2.32 ns)

 <State 23>: 4.64ns
The critical path consists of the following:
	'load' operation ('fout_load_96', clefia.c:117) on array 'fout' [72]  (2.32 ns)
	'store' operation ('store_ln117', clefia.c:117) of variable 'fout_load_96', clefia.c:117 on array 'fin' [73]  (2.32 ns)

 <State 24>: 4.64ns
The critical path consists of the following:
	'load' operation ('fout_load_98', clefia.c:117) on array 'fout' [76]  (2.32 ns)
	'store' operation ('store_ln117', clefia.c:117) of variable 'fout_load_98', clefia.c:117 on array 'fin' [77]  (2.32 ns)

 <State 25>: 4.64ns
The critical path consists of the following:
	'load' operation ('fout_load_100', clefia.c:117) on array 'fout' [80]  (2.32 ns)
	'store' operation ('store_ln117', clefia.c:117) of variable 'fout_load_100', clefia.c:117 on array 'fin' [81]  (2.32 ns)

 <State 26>: 4.64ns
The critical path consists of the following:
	'load' operation ('fout_load_102', clefia.c:117) on array 'fout' [84]  (2.32 ns)
	'store' operation ('store_ln117', clefia.c:117) of variable 'fout_load_102', clefia.c:117 on array 'fin' [85]  (2.32 ns)

 <State 27>: 4.64ns
The critical path consists of the following:
	'load' operation ('fout_load_104', clefia.c:117) on array 'fout' [88]  (2.32 ns)
	'store' operation ('store_ln117', clefia.c:117) of variable 'fout_load_104', clefia.c:117 on array 'fin' [89]  (2.32 ns)

 <State 28>: 4.64ns
The critical path consists of the following:
	'load' operation ('fout_load_106', clefia.c:117) on array 'fout' [92]  (2.32 ns)
	'store' operation ('store_ln117', clefia.c:117) of variable 'fout_load_106', clefia.c:117 on array 'fin' [93]  (2.32 ns)


============================================================
+ Verbose Summary: Binding
============================================================
N/A
* FSMD analyzer results:
  - Output states:
 - Input state : 
  - Chain level:
	State 1
	State 2
	State 3
	State 4
	State 5
	State 6
	State 7
	State 8
	State 9
	State 10
	State 11
	State 12
	State 13
	State 14
	State 15
	State 16
	State 17
	State 18
	State 19
	State 20
	State 21
	State 22
	State 23
	State 24
	State 25
	State 26
	State 27
	State 28


============================================================
+ Verbose Summary: Datapath Resource usage 
============================================================
N/A
