

================================================================
== Vitis HLS Report for 'ClefiaKeySet192'
================================================================
* Date:           Tue Dec  6 19:10:24 2022

* Version:        2022.1 (Build 3526262 on Mon Apr 18 15:48:16 MDT 2022)
* Project:        CLEFIA_ip
* Solution:       solution1 (Vivado IP Flow Target)
* Product family: zynq
* Target device:  xc7z020-clg400-1


================================================================
== Performance Estimates
================================================================
+ Timing: 
    * Summary: 
    +--------+----------+----------+------------+
    |  Clock |  Target  | Estimated| Uncertainty|
    +--------+----------+----------+------------+
    |ap_clk  |  10.00 ns|  6.998 ns|     2.70 ns|
    +--------+----------+----------+------------+

+ Latency: 
    * Summary: 
    +---------+---------+-----------+-----------+------+------+---------+
    |  Latency (cycles) |   Latency (absolute)  |   Interval  | Pipeline|
    |   min   |   max   |    min    |    max    |  min |  max |   Type  |
    +---------+---------+-----------+-----------+------+------+---------+
    |     1398|     1618|  13.980 us|  16.180 us|  1398|  1618|       no|
    +---------+---------+-----------+-----------+------+------+---------+

    + Detail: 
        * Instance: 
        +--------------------------------------------------------+---------------------------------------------+---------+---------+----------+----------+-----+-----+---------+
        |                                                        |                                             |  Latency (cycles) |  Latency (absolute) |  Interval | Pipeline|
        |                        Instance                        |                    Module                   |   min   |   max   |    min   |    max   | min | max |   Type  |
        +--------------------------------------------------------+---------------------------------------------+---------+---------+----------+----------+-----+-----+---------+
        |grp_ClefiaKeySet192_Pipeline_VITIS_LOOP_116_1_fu_84     |ClefiaKeySet192_Pipeline_VITIS_LOOP_116_1    |       35|       35|  0.350 us|  0.350 us|   35|   35|       no|
        |grp_ClefiaKeySet192_Pipeline_VITIS_LOOP_210_1_fu_92     |ClefiaKeySet192_Pipeline_VITIS_LOOP_210_1    |      585|      585|  5.850 us|  5.850 us|  585|  585|       no|
        |grp_ClefiaKeySet192_Pipeline_VITIS_LOOP_123_1_fu_104    |ClefiaKeySet192_Pipeline_VITIS_LOOP_123_1    |       10|       10|  0.100 us|  0.100 us|   10|   10|       no|
        |grp_ClefiaKeySet192_Pipeline_VITIS_LOOP_116_19_fu_112   |ClefiaKeySet192_Pipeline_VITIS_LOOP_116_19   |       35|       35|  0.350 us|  0.350 us|   35|   35|       no|
        |grp_ClefiaKeySet192_Pipeline_VITIS_LOOP_123_112_fu_118  |ClefiaKeySet192_Pipeline_VITIS_LOOP_123_112  |       19|       19|  0.190 us|  0.190 us|   19|   19|       no|
        |grp_ClefiaKeySet192_Pipeline_VITIS_LOOP_123_110_fu_129  |ClefiaKeySet192_Pipeline_VITIS_LOOP_123_110  |       19|       19|  0.190 us|  0.190 us|   19|   19|       no|
        |grp_ClefiaKeySet192_Pipeline_VITIS_LOOP_123_114_fu_140  |ClefiaKeySet192_Pipeline_VITIS_LOOP_123_114  |       10|       10|  0.100 us|  0.100 us|   10|   10|       no|
        |grp_ClefiaKeySet192_Pipeline_VITIS_LOOP_123_113_fu_148  |ClefiaKeySet192_Pipeline_VITIS_LOOP_123_113  |       19|       19|  0.190 us|  0.190 us|   19|   19|       no|
        |grp_ClefiaDoubleSwap_1_fu_157                           |ClefiaDoubleSwap_1                           |       43|       43|  0.430 us|  0.430 us|   43|   43|       no|
        |grp_ClefiaKeySet192_Pipeline_VITIS_LOOP_123_111_fu_165  |ClefiaKeySet192_Pipeline_VITIS_LOOP_123_111  |       19|       19|  0.190 us|  0.190 us|   19|   19|       no|
        +--------------------------------------------------------+---------------------------------------------+---------+---------+----------+----------+-----+-----+---------+

        * Loop: 
        +--------------------+---------+---------+----------+-----------+-----------+------+----------+
        |                    |  Latency (cycles) | Iteration|  Initiation Interval  | Trip |          |
        |      Loop Name     |   min   |   max   |  Latency |  achieved |   target  | Count| Pipelined|
        +--------------------+---------+---------+----------+-----------+-----------+------+----------+
        |- VITIS_LOOP_340_2  |      726|      946|   66 ~ 86|          -|          -|    11|        no|
        +--------------------+---------+---------+----------+-----------+-----------+------+----------+

============================================================
+ Verbose Summary: Synthesis Manager
============================================================
InlineROM: 1
ExposeGlobal: 0
============================================================
+ Verbose Summary: CDFG Model
============================================================
IsTopModel: 0
ResetActiveHigh: 1
IsCombinational: 0
IsDatapathOnly: 0
HasWiredReturn: 1
HasMFsm: 0
HasVarLatency: 1
IsPipeline: 0
IsRtlPipelined: 0
IsInstanceOverlapped: 0
IsDontTouch: 0
HasImplIP: 0
IsGatedGlobalClock: 0


============================================================
+ Verbose Summary: Schedule
============================================================
* Number of FSM states : 15
* Pipeline : 0
* Dataflow Pipeline: 0

* FSM state transitions: 
1 --> 2 
2 --> 3 
3 --> 4 
4 --> 5 
5 --> 6 
6 --> 7 
7 --> 15 8 12 
8 --> 9 10 
9 --> 10 
10 --> 11 
11 --> 7 
12 --> 13 14 
13 --> 14 
14 --> 11 
15 --> 

* FSM state operations: 

State 1 <SV = 0> <Delay = 2.32>
ST_1 : Operation 16 [1/1] (0.00ns)   --->   "%idx55 = alloca i32 1"   --->   Operation 16 'alloca' 'idx55' <Predicate = true> <Delay = 0.00>
ST_1 : Operation 17 [1/1] (0.00ns)   --->   "%i = alloca i32 1"   --->   Operation 17 'alloca' 'i' <Predicate = true> <Delay = 0.00>
ST_1 : Operation 18 [1/1] (2.32ns)   --->   "%fin = alloca i64 1" [clefia.c:207]   --->   Operation 18 'alloca' 'fin' <Predicate = true> <Delay = 2.32>
ST_1 : Operation 19 [1/1] (2.32ns)   --->   "%fout = alloca i64 1" [clefia.c:207]   --->   Operation 19 'alloca' 'fout' <Predicate = true> <Delay = 2.32>
ST_1 : Operation 20 [1/1] (2.32ns)   --->   "%lk = alloca i64 1" [clefia.c:324]   --->   Operation 20 'alloca' 'lk' <Predicate = true> <Delay = 2.32>
ST_1 : Operation 21 [2/2] (0.00ns)   --->   "%call_ln0 = call void @ClefiaKeySet192_Pipeline_VITIS_LOOP_116_1, i8 %fin, i8 %skey256"   --->   Operation 21 'call' 'call_ln0' <Predicate = true> <Delay = 0.00> <CoreType = "Generic">   --->   Core 0 '' <Latency = 0> <II = 1> <Delay = 1.00> <Generic> <Opcode : >
ST_1 : Operation 22 [1/1] (1.58ns)   --->   "%store_ln340 = store i4 0, i4 %i" [clefia.c:340]   --->   Operation 22 'store' 'store_ln340' <Predicate = true> <Delay = 1.58>
ST_1 : Operation 23 [1/1] (1.58ns)   --->   "%store_ln340 = store i8 0, i8 %idx55" [clefia.c:340]   --->   Operation 23 'store' 'store_ln340' <Predicate = true> <Delay = 1.58>

State 2 <SV = 1> <Delay = 0.00>
ST_2 : Operation 24 [1/2] (0.00ns)   --->   "%call_ln0 = call void @ClefiaKeySet192_Pipeline_VITIS_LOOP_116_1, i8 %fin, i8 %skey256"   --->   Operation 24 'call' 'call_ln0' <Predicate = true> <Delay = 0.00> <CoreType = "Generic">   --->   Core 0 '' <Latency = 0> <II = 1> <Delay = 1.00> <Generic> <Opcode : >

State 3 <SV = 2> <Delay = 0.00>
ST_3 : Operation 25 [2/2] (0.00ns)   --->   "%call_ln0 = call void @ClefiaKeySet192_Pipeline_VITIS_LOOP_210_1, i8 %fin, i8 %fout, i8 %clefia_s0, i8 %clefia_s1, i8 %con192"   --->   Operation 25 'call' 'call_ln0' <Predicate = true> <Delay = 0.00> <CoreType = "Generic">   --->   Core 0 '' <Latency = 0> <II = 1> <Delay = 1.00> <Generic> <Opcode : >
ST_3 : Operation 26 [2/2] (0.00ns)   --->   "%call_ln0 = call void @ClefiaKeySet192_Pipeline_VITIS_LOOP_123_1, i8 %rk, i8 %skey256"   --->   Operation 26 'call' 'call_ln0' <Predicate = true> <Delay = 0.00> <CoreType = "Generic">   --->   Core 0 '' <Latency = 0> <II = 1> <Delay = 1.00> <Generic> <Opcode : >

State 4 <SV = 3> <Delay = 0.00>
ST_4 : Operation 27 [1/2] (0.00ns)   --->   "%call_ln0 = call void @ClefiaKeySet192_Pipeline_VITIS_LOOP_210_1, i8 %fin, i8 %fout, i8 %clefia_s0, i8 %clefia_s1, i8 %con192"   --->   Operation 27 'call' 'call_ln0' <Predicate = true> <Delay = 0.00> <CoreType = "Generic">   --->   Core 0 '' <Latency = 0> <II = 1> <Delay = 1.00> <Generic> <Opcode : >
ST_4 : Operation 28 [1/2] (0.00ns)   --->   "%call_ln0 = call void @ClefiaKeySet192_Pipeline_VITIS_LOOP_123_1, i8 %rk, i8 %skey256"   --->   Operation 28 'call' 'call_ln0' <Predicate = true> <Delay = 0.00> <CoreType = "Generic">   --->   Core 0 '' <Latency = 0> <II = 1> <Delay = 1.00> <Generic> <Opcode : >

State 5 <SV = 4> <Delay = 0.00>
ST_5 : Operation 29 [2/2] (0.00ns)   --->   "%call_ln0 = call void @ClefiaKeySet192_Pipeline_VITIS_LOOP_116_19, i8 %fout, i8 %lk"   --->   Operation 29 'call' 'call_ln0' <Predicate = true> <Delay = 0.00> <CoreType = "Generic">   --->   Core 0 '' <Latency = 0> <II = 1> <Delay = 1.00> <Generic> <Opcode : >

State 6 <SV = 5> <Delay = 0.00>
ST_6 : Operation 30 [1/2] (0.00ns)   --->   "%call_ln0 = call void @ClefiaKeySet192_Pipeline_VITIS_LOOP_116_19, i8 %fout, i8 %lk"   --->   Operation 30 'call' 'call_ln0' <Predicate = true> <Delay = 0.00> <CoreType = "Generic">   --->   Core 0 '' <Latency = 0> <II = 1> <Delay = 1.00> <Generic> <Opcode : >
ST_6 : Operation 31 [1/1] (0.00ns)   --->   "%br_ln340 = br void %for.body13" [clefia.c:340]   --->   Operation 31 'br' 'br_ln340' <Predicate = true> <Delay = 0.00>

State 7 <SV = 6> <Delay = 6.90>
ST_7 : Operation 32 [1/1] (0.00ns)   --->   "%i_2 = load i4 %i" [clefia.c:341]   --->   Operation 32 'load' 'i_2' <Predicate = true> <Delay = 0.00>
ST_7 : Operation 33 [1/1] (1.30ns)   --->   "%icmp_ln340 = icmp_eq  i4 %i_2, i4 11" [clefia.c:340]   --->   Operation 33 'icmp' 'icmp_ln340' <Predicate = true> <Delay = 1.30> <CoreInst = "Cmp">   --->   Core 9 'Cmp' <Latency = 0> <II = 1> <Delay = 1.30> <FuncUnit> <Opcode : 'icmp'> <InPorts = 2> <OutPorts = 1>
ST_7 : Operation 34 [1/1] (0.00ns)   --->   "%empty = speclooptripcount i32 @_ssdm_op_SpecLoopTripCount, i64 11, i64 11, i64 11"   --->   Operation 34 'speclooptripcount' 'empty' <Predicate = true> <Delay = 0.00>
ST_7 : Operation 35 [1/1] (1.73ns)   --->   "%add_ln340 = add i4 %i_2, i4 1" [clefia.c:340]   --->   Operation 35 'add' 'add_ln340' <Predicate = true> <Delay = 1.73> <CoreInst = "Adder">   --->   Core 1 'Adder' <Latency = 0> <II = 1> <Delay = 1.73> <FuncUnit> <Opcode : 'add' 'sub'> <InPorts = 2> <OutPorts = 1>
ST_7 : Operation 36 [1/1] (0.00ns)   --->   "%br_ln340 = br i1 %icmp_ln340, void %for.body13.split, void %while.body.i60.preheader" [clefia.c:340]   --->   Operation 36 'br' 'br_ln340' <Predicate = true> <Delay = 0.00>
ST_7 : Operation 37 [1/1] (0.00ns)   --->   "%idx55_load_1 = load i8 %idx55" [clefia.c:326]   --->   Operation 37 'load' 'idx55_load_1' <Predicate = (!icmp_ln340)> <Delay = 0.00>
ST_7 : Operation 38 [1/1] (0.00ns)   --->   "%specloopname_ln326 = specloopname void @_ssdm_op_SpecLoopName, void @empty_12" [clefia.c:326]   --->   Operation 38 'specloopname' 'specloopname_ln326' <Predicate = (!icmp_ln340)> <Delay = 0.00>
ST_7 : Operation 39 [1/1] (0.00ns)   --->   "%or_ln326 = or i8 %idx55_load_1, i8 8" [clefia.c:326]   --->   Operation 39 'or' 'or_ln326' <Predicate = (!icmp_ln340)> <Delay = 0.00>
ST_7 : Operation 40 [1/1] (0.00ns)   --->   "%trunc_ln341 = trunc i4 %i_2" [clefia.c:341]   --->   Operation 40 'trunc' 'trunc_ln341' <Predicate = (!icmp_ln340)> <Delay = 0.00>
ST_7 : Operation 41 [1/1] (0.00ns)   --->   "%tmp = bitselect i1 @_ssdm_op_BitSelect.i1.i4.i32, i4 %i_2, i32 1" [clefia.c:341]   --->   Operation 41 'bitselect' 'tmp' <Predicate = (!icmp_ln340)> <Delay = 0.00>
ST_7 : Operation 42 [1/1] (0.00ns)   --->   "%shl_ln = bitconcatenate i8 @_ssdm_op_BitConcatenate.i8.i4.i4, i4 %i_2, i4 0" [clefia.c:348]   --->   Operation 42 'bitconcatenate' 'shl_ln' <Predicate = (!icmp_ln340)> <Delay = 0.00>
ST_7 : Operation 43 [1/1] (0.00ns)   --->   "%zext_ln348 = zext i8 %shl_ln" [clefia.c:348]   --->   Operation 43 'zext' 'zext_ln348' <Predicate = (!icmp_ln340)> <Delay = 0.00>
ST_7 : Operation 44 [1/1] (1.82ns)   --->   "%add_ln348 = add i9 %zext_ln348, i9 160" [clefia.c:348]   --->   Operation 44 'add' 'add_ln348' <Predicate = (!icmp_ln340)> <Delay = 1.82> <CoreInst = "Adder">   --->   Core 1 'Adder' <Latency = 0> <II = 1> <Delay = 1.82> <FuncUnit> <Opcode : 'add' 'sub'> <InPorts = 2> <OutPorts = 1>
ST_7 : Operation 45 [1/1] (0.00ns)   --->   "%br_ln341 = br i1 %tmp, void %while.body.i31.preheader, void %while.body.i8.preheader" [clefia.c:341]   --->   Operation 45 'br' 'br_ln341' <Predicate = (!icmp_ln340)> <Delay = 0.00>
ST_7 : Operation 46 [2/2] (5.07ns)   --->   "%call_ln348 = call void @ClefiaKeySet192_Pipeline_VITIS_LOOP_123_112, i9 %add_ln348, i8 %lk, i8 %or_ln326, i8 %rk, i8 %con192" [clefia.c:348]   --->   Operation 46 'call' 'call_ln348' <Predicate = (!icmp_ln340 & !tmp)> <Delay = 5.07> <CoreType = "Generic">   --->   Core 0 '' <Latency = 0> <II = 1> <Delay = 1.00> <Generic> <Opcode : >
ST_7 : Operation 47 [2/2] (5.07ns)   --->   "%call_ln348 = call void @ClefiaKeySet192_Pipeline_VITIS_LOOP_123_110, i9 %add_ln348, i8 %lk, i8 %or_ln326, i8 %rk, i8 %con192" [clefia.c:348]   --->   Operation 47 'call' 'call_ln348' <Predicate = (!icmp_ln340 & tmp)> <Delay = 5.07> <CoreType = "Generic">   --->   Core 0 '' <Latency = 0> <II = 1> <Delay = 1.00> <Generic> <Opcode : >
ST_7 : Operation 48 [2/2] (0.00ns)   --->   "%call_ln0 = call void @ClefiaKeySet192_Pipeline_VITIS_LOOP_123_114, i8 %rk, i8 %skey256"   --->   Operation 48 'call' 'call_ln0' <Predicate = (icmp_ln340)> <Delay = 0.00> <CoreType = "Generic">   --->   Core 0 '' <Latency = 0> <II = 1> <Delay = 1.00> <Generic> <Opcode : >

State 8 <SV = 7> <Delay = 0.00>
ST_8 : Operation 49 [1/2] (0.00ns)   --->   "%call_ln348 = call void @ClefiaKeySet192_Pipeline_VITIS_LOOP_123_112, i9 %add_ln348, i8 %lk, i8 %or_ln326, i8 %rk, i8 %con192" [clefia.c:348]   --->   Operation 49 'call' 'call_ln348' <Predicate = true> <Delay = 0.00> <CoreType = "Generic">   --->   Core 0 '' <Latency = 0> <II = 1> <Delay = 1.00> <Generic> <Opcode : >
ST_8 : Operation 50 [1/1] (0.00ns)   --->   "%br_ln349 = br i1 %trunc_ln341, void %if.end38, void %while.body.i46.preheader" [clefia.c:349]   --->   Operation 50 'br' 'br_ln349' <Predicate = true> <Delay = 0.00>

State 9 <SV = 8> <Delay = 5.16>
ST_9 : Operation 51 [2/2] (5.16ns)   --->   "%call_ln326 = call void @ClefiaKeySet192_Pipeline_VITIS_LOOP_123_113, i8 %or_ln326, i8 %rk, i8 %skey256" [clefia.c:326]   --->   Operation 51 'call' 'call_ln326' <Predicate = true> <Delay = 5.16> <CoreType = "Generic">   --->   Core 0 '' <Latency = 0> <II = 1> <Delay = 1.00> <Generic> <Opcode : >

State 10 <SV = 9> <Delay = 2.32>
ST_10 : Operation 52 [1/2] (0.00ns)   --->   "%call_ln326 = call void @ClefiaKeySet192_Pipeline_VITIS_LOOP_123_113, i8 %or_ln326, i8 %rk, i8 %skey256" [clefia.c:326]   --->   Operation 52 'call' 'call_ln326' <Predicate = (trunc_ln341)> <Delay = 0.00> <CoreType = "Generic">   --->   Core 0 '' <Latency = 0> <II = 1> <Delay = 1.00> <Generic> <Opcode : >
ST_10 : Operation 53 [1/1] (0.00ns)   --->   "%br_ln0 = br void %if.end38"   --->   Operation 53 'br' 'br_ln0' <Predicate = (trunc_ln341)> <Delay = 0.00>
ST_10 : Operation 54 [2/2] (2.32ns)   --->   "%call_ln352 = call void @ClefiaDoubleSwap.1, i8 %lk, i5 0" [clefia.c:352]   --->   Operation 54 'call' 'call_ln352' <Predicate = true> <Delay = 2.32> <CoreType = "Generic">   --->   Core 0 '' <Latency = 0> <II = 1> <Delay = 1.00> <Generic> <Opcode : >

State 11 <SV = 10> <Delay = 3.50>
ST_11 : Operation 55 [1/2] (0.00ns)   --->   "%call_ln352 = call void @ClefiaDoubleSwap.1, i8 %lk, i5 0" [clefia.c:352]   --->   Operation 55 'call' 'call_ln352' <Predicate = (!tmp)> <Delay = 0.00> <CoreType = "Generic">   --->   Core 0 '' <Latency = 0> <II = 1> <Delay = 1.00> <Generic> <Opcode : >
ST_11 : Operation 56 [1/1] (0.00ns)   --->   "%br_ln0 = br void %for.inc43"   --->   Operation 56 'br' 'br_ln0' <Predicate = (!tmp)> <Delay = 0.00>
ST_11 : Operation 57 [1/2] (0.00ns)   --->   "%call_ln346 = call void @ClefiaDoubleSwap.1, i8 %lk, i5 16" [clefia.c:346]   --->   Operation 57 'call' 'call_ln346' <Predicate = (tmp)> <Delay = 0.00> <CoreType = "Generic">   --->   Core 0 '' <Latency = 0> <II = 1> <Delay = 1.00> <Generic> <Opcode : >
ST_11 : Operation 58 [1/1] (0.00ns)   --->   "%br_ln347 = br void %for.inc43" [clefia.c:347]   --->   Operation 58 'br' 'br_ln347' <Predicate = (tmp)> <Delay = 0.00>
ST_11 : Operation 59 [1/1] (0.00ns)   --->   "%idx55_load = load i8 %idx55" [clefia.c:354]   --->   Operation 59 'load' 'idx55_load' <Predicate = true> <Delay = 0.00>
ST_11 : Operation 60 [1/1] (1.91ns)   --->   "%add_ln354 = add i8 %idx55_load, i8 16" [clefia.c:354]   --->   Operation 60 'add' 'add_ln354' <Predicate = true> <Delay = 1.91> <CoreInst = "Adder">   --->   Core 1 'Adder' <Latency = 0> <II = 1> <Delay = 1.91> <FuncUnit> <Opcode : 'add' 'sub'> <InPorts = 2> <OutPorts = 1>
ST_11 : Operation 61 [1/1] (1.58ns)   --->   "%store_ln340 = store i4 %add_ln340, i4 %i" [clefia.c:340]   --->   Operation 61 'store' 'store_ln340' <Predicate = true> <Delay = 1.58>
ST_11 : Operation 62 [1/1] (1.58ns)   --->   "%store_ln340 = store i8 %add_ln354, i8 %idx55" [clefia.c:340]   --->   Operation 62 'store' 'store_ln340' <Predicate = true> <Delay = 1.58>
ST_11 : Operation 63 [1/1] (0.00ns)   --->   "%br_ln340 = br void %for.body13" [clefia.c:340]   --->   Operation 63 'br' 'br_ln340' <Predicate = true> <Delay = 0.00>

State 12 <SV = 7> <Delay = 0.00>
ST_12 : Operation 64 [1/2] (0.00ns)   --->   "%call_ln348 = call void @ClefiaKeySet192_Pipeline_VITIS_LOOP_123_110, i9 %add_ln348, i8 %lk, i8 %or_ln326, i8 %rk, i8 %con192" [clefia.c:348]   --->   Operation 64 'call' 'call_ln348' <Predicate = true> <Delay = 0.00> <CoreType = "Generic">   --->   Core 0 '' <Latency = 0> <II = 1> <Delay = 1.00> <Generic> <Opcode : >
ST_12 : Operation 65 [1/1] (0.00ns)   --->   "%br_ln343 = br i1 %trunc_ln341, void %if.end, void %while.body.i21.preheader" [clefia.c:343]   --->   Operation 65 'br' 'br_ln343' <Predicate = true> <Delay = 0.00>

State 13 <SV = 8> <Delay = 5.16>
ST_13 : Operation 66 [2/2] (5.16ns)   --->   "%call_ln326 = call void @ClefiaKeySet192_Pipeline_VITIS_LOOP_123_111, i8 %or_ln326, i8 %rk, i8 %skey256" [clefia.c:326]   --->   Operation 66 'call' 'call_ln326' <Predicate = true> <Delay = 5.16> <CoreType = "Generic">   --->   Core 0 '' <Latency = 0> <II = 1> <Delay = 1.00> <Generic> <Opcode : >

State 14 <SV = 9> <Delay = 2.32>
ST_14 : Operation 67 [1/2] (0.00ns)   --->   "%call_ln326 = call void @ClefiaKeySet192_Pipeline_VITIS_LOOP_123_111, i8 %or_ln326, i8 %rk, i8 %skey256" [clefia.c:326]   --->   Operation 67 'call' 'call_ln326' <Predicate = (trunc_ln341)> <Delay = 0.00> <CoreType = "Generic">   --->   Core 0 '' <Latency = 0> <II = 1> <Delay = 1.00> <Generic> <Opcode : >
ST_14 : Operation 68 [1/1] (0.00ns)   --->   "%br_ln0 = br void %if.end"   --->   Operation 68 'br' 'br_ln0' <Predicate = (trunc_ln341)> <Delay = 0.00>
ST_14 : Operation 69 [2/2] (2.32ns)   --->   "%call_ln346 = call void @ClefiaDoubleSwap.1, i8 %lk, i5 16" [clefia.c:346]   --->   Operation 69 'call' 'call_ln346' <Predicate = true> <Delay = 2.32> <CoreType = "Generic">   --->   Core 0 '' <Latency = 0> <II = 1> <Delay = 1.00> <Generic> <Opcode : >

State 15 <SV = 7> <Delay = 0.00>
ST_15 : Operation 70 [1/2] (0.00ns)   --->   "%call_ln0 = call void @ClefiaKeySet192_Pipeline_VITIS_LOOP_123_114, i8 %rk, i8 %skey256"   --->   Operation 70 'call' 'call_ln0' <Predicate = true> <Delay = 0.00> <CoreType = "Generic">   --->   Core 0 '' <Latency = 0> <II = 1> <Delay = 1.00> <Generic> <Opcode : >
ST_15 : Operation 71 [1/1] (0.00ns)   --->   "%ret_ln357 = ret" [clefia.c:357]   --->   Operation 71 'ret' 'ret_ln357' <Predicate = true> <Delay = 0.00>


============================================================
+ Verbose Summary: Binding
============================================================
STG Binding: 
---------------- STG Properties BEGIN ----------------
- Is combinational: 0
- Is one-state seq: 0
- Is datapath-only: 0
- Is pipelined: 0
- Is top level: 0
Port [ Return ] is wired: 1; IO mode=ap_ctrl_hs:ce=0
Port [ rk]:  wired=1; compound=1; hidden=0; nouse=0; global=0; static=0; extern=0; dir=2; type=1; pingpong=0; private_global=0; MemPort=[01]; IO mode=ap_memory:ce=0
Port [ skey256]:  wired=0; compound=1; hidden=1; nouse=0; global=1; static=1; extern=0; dir=0; type=1; pingpong=0; private_global=1; MemPort=[11]; IO mode=ap_memory:ce=0
Port [ clefia_s0]:  wired=0; compound=1; hidden=1; nouse=1; global=1; static=1; extern=0; dir=0; type=1; pingpong=0; private_global=0; MemPort=[1]; IO mode=ap_memory:ce=0
Port [ clefia_s1]:  wired=0; compound=1; hidden=1; nouse=1; global=1; static=1; extern=0; dir=0; type=1; pingpong=0; private_global=0; MemPort=[1]; IO mode=ap_memory:ce=0
Port [ con192]:  wired=0; compound=1; hidden=1; nouse=1; global=1; static=1; extern=0; dir=0; type=1; pingpong=0; private_global=1; MemPort=[1]; IO mode=ap_memory:ce=0
---------------- STG Properties END ------------------

---------------- Datapath Model BEGIN ----------------

<LifeTime>
<method=bitvector/>
idx55              (alloca           ) [ 0111111111111110]
i                  (alloca           ) [ 0111111111111110]
fin                (alloca           ) [ 0011100000000000]
fout               (alloca           ) [ 0011111000000000]
lk                 (alloca           ) [ 0011111111111110]
store_ln340        (store            ) [ 0000000000000000]
store_ln340        (store            ) [ 0000000000000000]
call_ln0           (call             ) [ 0000000000000000]
call_ln0           (call             ) [ 0000000000000000]
call_ln0           (call             ) [ 0000000000000000]
call_ln0           (call             ) [ 0000000000000000]
br_ln340           (br               ) [ 0000000000000000]
i_2                (load             ) [ 0000000000000000]
icmp_ln340         (icmp             ) [ 0000000111111110]
empty              (speclooptripcount) [ 0000000000000000]
add_ln340          (add              ) [ 0000000011111110]
br_ln340           (br               ) [ 0000000000000000]
idx55_load_1       (load             ) [ 0000000000000000]
specloopname_ln326 (specloopname     ) [ 0000000000000000]
or_ln326           (or               ) [ 0000000011101110]
trunc_ln341        (trunc            ) [ 0000000011101110]
tmp                (bitselect        ) [ 0000000111111110]
shl_ln             (bitconcatenate   ) [ 0000000000000000]
zext_ln348         (zext             ) [ 0000000000000000]
add_ln348          (add              ) [ 0000000010001000]
br_ln341           (br               ) [ 0000000000000000]
call_ln348         (call             ) [ 0000000000000000]
br_ln349           (br               ) [ 0000000000000000]
call_ln326         (call             ) [ 0000000000000000]
br_ln0             (br               ) [ 0000000000000000]
call_ln352         (call             ) [ 0000000000000000]
br_ln0             (br               ) [ 0000000000000000]
call_ln346         (call             ) [ 0000000000000000]
br_ln347           (br               ) [ 0000000000000000]
idx55_load         (load             ) [ 0000000000000000]
add_ln354          (add              ) [ 0000000000000000]
store_ln340        (store            ) [ 0000000000000000]
store_ln340        (store            ) [ 0000000000000000]
br_ln340           (br               ) [ 0000000000000000]
call_ln348         (call             ) [ 0000000000000000]
br_ln343           (br               ) [ 0000000000000000]
call_ln326         (call             ) [ 0000000000000000]
br_ln0             (br               ) [ 0000000000000000]
call_ln0           (call             ) [ 0000000000000000]
ret_ln357          (ret              ) [ 0000000000000000]
</LifeTime>

<model>

<comp_list>
<comp id="0" class="1000" name="rk">
<pin_list>
<pin id="1" dir="1" index="0" bw="1" slack="0"/>
</pin_list>
<bind>
<StgValue><ssdm name="rk"/><MemPortTyVec>0 1 </MemPortTyVec>
</StgValue>
</bind>
</comp>

<comp id="2" class="1000" name="skey256">
<pin_list>
<pin id="3" dir="1" index="0" bw="1" slack="0"/>
</pin_list>
<bind>
<StgValue><ssdm name="skey256"/><MemPortTyVec>1 1 </MemPortTyVec>
</StgValue>
</bind>
</comp>

<comp id="4" class="1000" name="clefia_s0">
<pin_list>
<pin id="5" dir="1" index="0" bw="1" slack="0"/>
</pin_list>
<bind>
<StgValue><ssdm name="clefia_s0"/><MemPortTyVec>1 </MemPortTyVec>
</StgValue>
</bind>
</comp>

<comp id="6" class="1000" name="clefia_s1">
<pin_list>
<pin id="7" dir="1" index="0" bw="1" slack="0"/>
</pin_list>
<bind>
<StgValue><ssdm name="clefia_s1"/><MemPortTyVec>1 </MemPortTyVec>
</StgValue>
</bind>
</comp>

<comp id="8" class="1000" name="con192">
<pin_list>
<pin id="9" dir="1" index="0" bw="1" slack="0"/>
</pin_list>
<bind>
<StgValue><ssdm name="con192"/><MemPortTyVec>1 </MemPortTyVec>
</StgValue>
</bind>
</comp>

<comp id="10" class="1001" name="const_10">
<pin_list>
<pin id="11" dir="1" index="0" bw="1" slack="0"/>
</pin_list>
<bind>
<StgValue><ssdm name=""/></StgValue>
</bind>
</comp>

<comp id="12" class="1001" name="const_12">
<pin_list>
<pin id="13" dir="1" index="0" bw="1" slack="0"/>
</pin_list>
<bind>
<StgValue><ssdm name=""/></StgValue>
</bind>
</comp>

<comp id="14" class="1001" name="const_14">
<pin_list>
<pin id="15" dir="1" index="0" bw="1" slack="0"/>
</pin_list>
<bind>
<StgValue><ssdm name="ClefiaKeySet192_Pipeline_VITIS_LOOP_116_1"/></StgValue>
</bind>
</comp>

<comp id="16" class="1001" name="const_16">
<pin_list>
<pin id="17" dir="1" index="0" bw="1" slack="0"/>
</pin_list>
<bind>
<StgValue><ssdm name=""/></StgValue>
</bind>
</comp>

<comp id="18" class="1001" name="const_18">
<pin_list>
<pin id="19" dir="1" index="0" bw="1" slack="0"/>
</pin_list>
<bind>
<StgValue><ssdm name=""/></StgValue>
</bind>
</comp>

<comp id="20" class="1001" name="const_20">
<pin_list>
<pin id="21" dir="1" index="0" bw="1" slack="0"/>
</pin_list>
<bind>
<StgValue><ssdm name="ClefiaKeySet192_Pipeline_VITIS_LOOP_210_1"/></StgValue>
</bind>
</comp>

<comp id="22" class="1001" name="const_22">
<pin_list>
<pin id="23" dir="1" index="0" bw="1" slack="0"/>
</pin_list>
<bind>
<StgValue><ssdm name="ClefiaKeySet192_Pipeline_VITIS_LOOP_123_1"/></StgValue>
</bind>
</comp>

<comp id="24" class="1001" name="const_24">
<pin_list>
<pin id="25" dir="1" index="0" bw="1" slack="0"/>
</pin_list>
<bind>
<StgValue><ssdm name="ClefiaKeySet192_Pipeline_VITIS_LOOP_116_19"/></StgValue>
</bind>
</comp>

<comp id="26" class="1001" name="const_26">
<pin_list>
<pin id="27" dir="1" index="0" bw="1" slack="0"/>
</pin_list>
<bind>
<StgValue><ssdm name=""/></StgValue>
</bind>
</comp>

<comp id="28" class="1001" name="const_28">
<pin_list>
<pin id="29" dir="1" index="0" bw="1" slack="2147483647"/>
</pin_list>
<bind>
<StgValue><ssdm name="_ssdm_op_SpecLoopTripCount"/></StgValue>
</bind>
</comp>

<comp id="30" class="1001" name="const_30">
<pin_list>
<pin id="31" dir="1" index="0" bw="1" slack="2147483647"/>
</pin_list>
<bind>
<StgValue><ssdm name=""/></StgValue>
</bind>
</comp>

<comp id="32" class="1001" name="const_32">
<pin_list>
<pin id="33" dir="1" index="0" bw="1" slack="0"/>
</pin_list>
<bind>
<StgValue><ssdm name=""/></StgValue>
</bind>
</comp>

<comp id="34" class="1001" name="const_34">
<pin_list>
<pin id="35" dir="1" index="0" bw="1" slack="2147483647"/>
</pin_list>
<bind>
<StgValue><ssdm name="_ssdm_op_SpecLoopName"/></StgValue>
</bind>
</comp>

<comp id="36" class="1001" name="const_36">
<pin_list>
<pin id="37" dir="1" index="0" bw="1" slack="2147483647"/>
</pin_list>
<bind>
<StgValue><ssdm name="empty_12"/></StgValue>
</bind>
</comp>

<comp id="38" class="1001" name="const_38">
<pin_list>
<pin id="39" dir="1" index="0" bw="1" slack="0"/>
</pin_list>
<bind>
<StgValue><ssdm name=""/></StgValue>
</bind>
</comp>

<comp id="40" class="1001" name="const_40">
<pin_list>
<pin id="41" dir="1" index="0" bw="1" slack="0"/>
</pin_list>
<bind>
<StgValue><ssdm name="_ssdm_op_BitSelect.i1.i4.i32"/></StgValue>
</bind>
</comp>

<comp id="42" class="1001" name="const_42">
<pin_list>
<pin id="43" dir="1" index="0" bw="1" slack="0"/>
</pin_list>
<bind>
<StgValue><ssdm name="_ssdm_op_BitConcatenate.i8.i4.i4"/></StgValue>
</bind>
</comp>

<comp id="44" class="1001" name="const_44">
<pin_list>
<pin id="45" dir="1" index="0" bw="1" slack="0"/>
</pin_list>
<bind>
<StgValue><ssdm name=""/></StgValue>
</bind>
</comp>

<comp id="46" class="1001" name="const_46">
<pin_list>
<pin id="47" dir="1" index="0" bw="1" slack="0"/>
</pin_list>
<bind>
<StgValue><ssdm name="ClefiaKeySet192_Pipeline_VITIS_LOOP_123_112"/></StgValue>
</bind>
</comp>

<comp id="48" class="1001" name="const_48">
<pin_list>
<pin id="49" dir="1" index="0" bw="1" slack="0"/>
</pin_list>
<bind>
<StgValue><ssdm name="ClefiaKeySet192_Pipeline_VITIS_LOOP_123_110"/></StgValue>
</bind>
</comp>

<comp id="50" class="1001" name="const_50">
<pin_list>
<pin id="51" dir="1" index="0" bw="1" slack="0"/>
</pin_list>
<bind>
<StgValue><ssdm name="ClefiaKeySet192_Pipeline_VITIS_LOOP_123_114"/></StgValue>
</bind>
</comp>

<comp id="52" class="1001" name="const_52">
<pin_list>
<pin id="53" dir="1" index="0" bw="1" slack="0"/>
</pin_list>
<bind>
<StgValue><ssdm name="ClefiaKeySet192_Pipeline_VITIS_LOOP_123_113"/></StgValue>
</bind>
</comp>

<comp id="54" class="1001" name="const_54">
<pin_list>
<pin id="55" dir="1" index="0" bw="1" slack="0"/>
</pin_list>
<bind>
<StgValue><ssdm name="ClefiaDoubleSwap.1"/></StgValue>
</bind>
</comp>

<comp id="56" class="1001" name="const_56">
<pin_list>
<pin id="57" dir="1" index="0" bw="1" slack="0"/>
</pin_list>
<bind>
<StgValue><ssdm name=""/></StgValue>
</bind>
</comp>

<comp id="58" class="1001" name="const_58">
<pin_list>
<pin id="59" dir="1" index="0" bw="1" slack="0"/>
</pin_list>
<bind>
<StgValue><ssdm name=""/></StgValue>
</bind>
</comp>

<comp id="60" class="1001" name="const_60">
<pin_list>
<pin id="61" dir="1" index="0" bw="1" slack="0"/>
</pin_list>
<bind>
<StgValue><ssdm name=""/></StgValue>
</bind>
</comp>

<comp id="62" class="1001" name="const_62">
<pin_list>
<pin id="63" dir="1" index="0" bw="1" slack="0"/>
</pin_list>
<bind>
<StgValue><ssdm name="ClefiaKeySet192_Pipeline_VITIS_LOOP_123_111"/></StgValue>
</bind>
</comp>

<comp id="64" class="1004" name="idx55_fu_64">
<pin_list>
<pin id="65" dir="0" index="0" bw="1" slack="0"/>
<pin id="66" dir="1" index="1" bw="8" slack="0"/>
</pin_list>
<bind>
<opcode="alloca(26) " fcode="alloca"/>
<opset="idx55/1 "/>
</bind>
</comp>

<comp id="68" class="1004" name="i_fu_68">
<pin_list>
<pin id="69" dir="0" index="0" bw="1" slack="0"/>
<pin id="70" dir="1" index="1" bw="4" slack="0"/>
</pin_list>
<bind>
<opcode="alloca(26) " fcode="alloca"/>
<opset="i/1 "/>
</bind>
</comp>

<comp id="72" class="1004" name="fin_alloca_fu_72">
<pin_list>
<pin id="73" dir="0" index="0" bw="1" slack="0"/>
<pin id="74" dir="1" index="1" bw="8" slack="0"/>
</pin_list>
<bind>
<opcode="alloca(26) " fcode="alloca"/>
<opset="fin/1 "/>
</bind>
</comp>

<comp id="76" class="1004" name="fout_alloca_fu_76">
<pin_list>
<pin id="77" dir="0" index="0" bw="1" slack="0"/>
<pin id="78" dir="1" index="1" bw="8" slack="2147483647"/>
</pin_list>
<bind>
<opcode="alloca(26) " fcode="alloca"/>
<opset="fout/1 "/>
</bind>
</comp>

<comp id="80" class="1004" name="lk_alloca_fu_80">
<pin_list>
<pin id="81" dir="0" index="0" bw="1" slack="0"/>
<pin id="82" dir="1" index="1" bw="8" slack="2147483647"/>
</pin_list>
<bind>
<opcode="alloca(26) " fcode="alloca"/>
<opset="lk/1 "/>
</bind>
</comp>

<comp id="84" class="1004" name="grp_ClefiaKeySet192_Pipeline_VITIS_LOOP_116_1_fu_84">
<pin_list>
<pin id="85" dir="0" index="0" bw="0" slack="0"/>
<pin id="86" dir="0" index="1" bw="8" slack="0"/>
<pin id="87" dir="0" index="2" bw="8" slack="0"/>
<pin id="88" dir="1" index="3" bw="0" slack="2147483647"/>
</pin_list>
<bind>
<opcode="call(48) " fcode="call"/>
<opset="call_ln0/1 "/>
</bind>
</comp>

<comp id="92" class="1004" name="grp_ClefiaKeySet192_Pipeline_VITIS_LOOP_210_1_fu_92">
<pin_list>
<pin id="93" dir="0" index="0" bw="0" slack="0"/>
<pin id="94" dir="0" index="1" bw="8" slack="2147483647"/>
<pin id="95" dir="0" index="2" bw="8" slack="2147483647"/>
<pin id="96" dir="0" index="3" bw="8" slack="0"/>
<pin id="97" dir="0" index="4" bw="8" slack="0"/>
<pin id="98" dir="0" index="5" bw="8" slack="0"/>
<pin id="99" dir="1" index="6" bw="0" slack="2147483647"/>
</pin_list>
<bind>
<opcode="call(48) " fcode="call"/>
<opset="call_ln0/3 "/>
</bind>
</comp>

<comp id="104" class="1004" name="grp_ClefiaKeySet192_Pipeline_VITIS_LOOP_123_1_fu_104">
<pin_list>
<pin id="105" dir="0" index="0" bw="0" slack="0"/>
<pin id="106" dir="0" index="1" bw="8" slack="0"/>
<pin id="107" dir="0" index="2" bw="8" slack="0"/>
<pin id="108" dir="1" index="3" bw="0" slack="2147483647"/>
</pin_list>
<bind>
<opcode="call(48) " fcode="call"/>
<opset="call_ln0/3 "/>
</bind>
</comp>

<comp id="112" class="1004" name="grp_ClefiaKeySet192_Pipeline_VITIS_LOOP_116_19_fu_112">
<pin_list>
<pin id="113" dir="0" index="0" bw="0" slack="0"/>
<pin id="114" dir="0" index="1" bw="8" slack="2147483647"/>
<pin id="115" dir="0" index="2" bw="8" slack="2147483647"/>
<pin id="116" dir="1" index="3" bw="0" slack="2147483647"/>
</pin_list>
<bind>
<opcode="call(48) " fcode="call"/>
<opset="call_ln0/5 "/>
</bind>
</comp>

<comp id="118" class="1004" name="grp_ClefiaKeySet192_Pipeline_VITIS_LOOP_123_112_fu_118">
<pin_list>
<pin id="119" dir="0" index="0" bw="0" slack="0"/>
<pin id="120" dir="0" index="1" bw="9" slack="0"/>
<pin id="121" dir="0" index="2" bw="8" slack="2147483647"/>
<pin id="122" dir="0" index="3" bw="8" slack="0"/>
<pin id="123" dir="0" index="4" bw="8" slack="0"/>
<pin id="124" dir="0" index="5" bw="8" slack="0"/>
<pin id="125" dir="1" index="6" bw="0" slack="2147483647"/>
</pin_list>
<bind>
<opcode="call(48) " fcode="call"/>
<opset="call_ln348/7 "/>
</bind>
</comp>

<comp id="129" class="1004" name="grp_ClefiaKeySet192_Pipeline_VITIS_LOOP_123_110_fu_129">
<pin_list>
<pin id="130" dir="0" index="0" bw="0" slack="0"/>
<pin id="131" dir="0" index="1" bw="9" slack="0"/>
<pin id="132" dir="0" index="2" bw="8" slack="2147483647"/>
<pin id="133" dir="0" index="3" bw="8" slack="0"/>
<pin id="134" dir="0" index="4" bw="8" slack="0"/>
<pin id="135" dir="0" index="5" bw="8" slack="0"/>
<pin id="136" dir="1" index="6" bw="0" slack="2147483647"/>
</pin_list>
<bind>
<opcode="call(48) " fcode="call"/>
<opset="call_ln348/7 "/>
</bind>
</comp>

<comp id="140" class="1004" name="grp_ClefiaKeySet192_Pipeline_VITIS_LOOP_123_114_fu_140">
<pin_list>
<pin id="141" dir="0" index="0" bw="0" slack="0"/>
<pin id="142" dir="0" index="1" bw="8" slack="0"/>
<pin id="143" dir="0" index="2" bw="8" slack="0"/>
<pin id="144" dir="1" index="3" bw="0" slack="2147483647"/>
</pin_list>
<bind>
<opcode="call(48) " fcode="call"/>
<opset="call_ln0/7 "/>
</bind>
</comp>

<comp id="148" class="1004" name="grp_ClefiaKeySet192_Pipeline_VITIS_LOOP_123_113_fu_148">
<pin_list>
<pin id="149" dir="0" index="0" bw="0" slack="0"/>
<pin id="150" dir="0" index="1" bw="8" slack="2"/>
<pin id="151" dir="0" index="2" bw="8" slack="0"/>
<pin id="152" dir="0" index="3" bw="8" slack="0"/>
<pin id="153" dir="1" index="4" bw="0" slack="2147483647"/>
</pin_list>
<bind>
<opcode="call(48) " fcode="call"/>
<opset="call_ln326/9 "/>
</bind>
</comp>

<comp id="157" class="1004" name="grp_ClefiaDoubleSwap_1_fu_157">
<pin_list>
<pin id="158" dir="0" index="0" bw="0" slack="0"/>
<pin id="159" dir="0" index="1" bw="8" slack="2147483647"/>
<pin id="160" dir="0" index="2" bw="5" slack="0"/>
<pin id="161" dir="1" index="3" bw="0" slack="2147483647"/>
</pin_list>
<bind>
<opcode="call(48) " fcode="call"/>
<opset="call_ln352/10 call_ln346/14 "/>
</bind>
</comp>

<comp id="165" class="1004" name="grp_ClefiaKeySet192_Pipeline_VITIS_LOOP_123_111_fu_165">
<pin_list>
<pin id="166" dir="0" index="0" bw="0" slack="0"/>
<pin id="167" dir="0" index="1" bw="8" slack="2"/>
<pin id="168" dir="0" index="2" bw="8" slack="0"/>
<pin id="169" dir="0" index="3" bw="8" slack="0"/>
<pin id="170" dir="1" index="4" bw="0" slack="2147483647"/>
</pin_list>
<bind>
<opcode="call(48) " fcode="call"/>
<opset="call_ln326/13 "/>
</bind>
</comp>

<comp id="174" class="1004" name="grp_load_fu_174">
<pin_list>
<pin id="175" dir="0" index="0" bw="8" slack="6"/>
<pin id="176" dir="1" index="1" bw="8" slack="0"/>
</pin_list>
<bind>
<opcode="load(27) " fcode="load"/>
<opset="idx55_load_1/7 idx55_load/11 "/>
</bind>
</comp>

<comp id="177" class="1004" name="store_ln340_store_fu_177">
<pin_list>
<pin id="178" dir="0" index="0" bw="1" slack="0"/>
<pin id="179" dir="0" index="1" bw="4" slack="0"/>
<pin id="180" dir="1" index="2" bw="0" slack="2147483647"/>
</pin_list>
<bind>
<opcode="store(28) " fcode="store"/>
<opset="store_ln340/1 "/>
</bind>
</comp>

<comp id="182" class="1004" name="store_ln340_store_fu_182">
<pin_list>
<pin id="183" dir="0" index="0" bw="1" slack="0"/>
<pin id="184" dir="0" index="1" bw="8" slack="0"/>
<pin id="185" dir="1" index="2" bw="0" slack="2147483647"/>
</pin_list>
<bind>
<opcode="store(28) " fcode="store"/>
<opset="store_ln340/1 "/>
</bind>
</comp>

<comp id="187" class="1004" name="i_2_load_fu_187">
<pin_list>
<pin id="188" dir="0" index="0" bw="4" slack="6"/>
<pin id="189" dir="1" index="1" bw="4" slack="0"/>
</pin_list>
<bind>
<opcode="load(27) " fcode="load"/>
<opset="i_2/7 "/>
</bind>
</comp>

<comp id="190" class="1004" name="icmp_ln340_fu_190">
<pin_list>
<pin id="191" dir="0" index="0" bw="4" slack="0"/>
<pin id="192" dir="0" index="1" bw="4" slack="0"/>
<pin id="193" dir="1" index="2" bw="1" slack="2147483647"/>
</pin_list>
<bind>
<opcode="icmp(45) " fcode="icmp"/>
<opset="icmp_ln340/7 "/>
</bind>
</comp>

<comp id="196" class="1004" name="add_ln340_fu_196">
<pin_list>
<pin id="197" dir="0" index="0" bw="4" slack="0"/>
<pin id="198" dir="0" index="1" bw="1" slack="0"/>
<pin id="199" dir="1" index="2" bw="4" slack="4"/>
</pin_list>
<bind>
<opcode="add(8) " fcode="add"/>
<opset="add_ln340/7 "/>
</bind>
</comp>

<comp id="202" class="1004" name="or_ln326_fu_202">
<pin_list>
<pin id="203" dir="0" index="0" bw="8" slack="0"/>
<pin id="204" dir="0" index="1" bw="5" slack="0"/>
<pin id="205" dir="1" index="2" bw="8" slack="0"/>
</pin_list>
<bind>
<opcode="or(24) " fcode="or"/>
<opset="or_ln326/7 "/>
</bind>
</comp>

<comp id="210" class="1004" name="trunc_ln341_fu_210">
<pin_list>
<pin id="211" dir="0" index="0" bw="4" slack="0"/>
<pin id="212" dir="1" index="1" bw="1" slack="1"/>
</pin_list>
<bind>
<opcode="trunc(33) " fcode="trunc"/>
<opset="trunc_ln341/7 "/>
</bind>
</comp>

<comp id="214" class="1004" name="tmp_fu_214">
<pin_list>
<pin id="215" dir="0" index="0" bw="1" slack="0"/>
<pin id="216" dir="0" index="1" bw="4" slack="0"/>
<pin id="217" dir="0" index="2" bw="1" slack="0"/>
<pin id="218" dir="1" index="3" bw="1" slack="4"/>
</pin_list>
<bind>
<opcode="bitselect(1000) " fcode="bitselect"/>
<opset="tmp/7 "/>
</bind>
</comp>

<comp id="222" class="1004" name="shl_ln_fu_222">
<pin_list>
<pin id="223" dir="0" index="0" bw="8" slack="0"/>
<pin id="224" dir="0" index="1" bw="4" slack="0"/>
<pin id="225" dir="0" index="2" bw="1" slack="0"/>
<pin id="226" dir="1" index="3" bw="8" slack="0"/>
</pin_list>
<bind>
<opcode="bitconcatenate(1004) " fcode="bitconcatenate"/>
<opset="shl_ln/7 "/>
</bind>
</comp>

<comp id="230" class="1004" name="zext_ln348_fu_230">
<pin_list>
<pin id="231" dir="0" index="0" bw="8" slack="0"/>
<pin id="232" dir="1" index="1" bw="9" slack="0"/>
</pin_list>
<bind>
<opcode="zext(34) " fcode="zext"/>
<opset="zext_ln348/7 "/>
</bind>
</comp>

<comp id="234" class="1004" name="add_ln348_fu_234">
<pin_list>
<pin id="235" dir="0" index="0" bw="8" slack="0"/>
<pin id="236" dir="0" index="1" bw="9" slack="0"/>
<pin id="237" dir="1" index="2" bw="9" slack="0"/>
</pin_list>
<bind>
<opcode="add(8) " fcode="add"/>
<opset="add_ln348/7 "/>
</bind>
</comp>

<comp id="242" class="1004" name="add_ln354_fu_242">
<pin_list>
<pin id="243" dir="0" index="0" bw="8" slack="0"/>
<pin id="244" dir="0" index="1" bw="6" slack="0"/>
<pin id="245" dir="1" index="2" bw="8" slack="0"/>
</pin_list>
<bind>
<opcode="add(8) " fcode="add"/>
<opset="add_ln354/11 "/>
</bind>
</comp>

<comp id="248" class="1004" name="store_ln340_store_fu_248">
<pin_list>
<pin id="249" dir="0" index="0" bw="4" slack="4"/>
<pin id="250" dir="0" index="1" bw="4" slack="10"/>
<pin id="251" dir="1" index="2" bw="0" slack="2147483647"/>
</pin_list>
<bind>
<opcode="store(28) " fcode="store"/>
<opset="store_ln340/11 "/>
</bind>
</comp>

<comp id="252" class="1004" name="store_ln340_store_fu_252">
<pin_list>
<pin id="253" dir="0" index="0" bw="8" slack="0"/>
<pin id="254" dir="0" index="1" bw="8" slack="10"/>
<pin id="255" dir="1" index="2" bw="0" slack="2147483647"/>
</pin_list>
<bind>
<opcode="store(28) " fcode="store"/>
<opset="store_ln340/11 "/>
</bind>
</comp>

<comp id="257" class="1005" name="idx55_reg_257">
<pin_list>
<pin id="258" dir="0" index="0" bw="8" slack="0"/>
<pin id="259" dir="1" index="1" bw="8" slack="0"/>
</pin_list>
<bind>
<opset="idx55 "/>
</bind>
</comp>

<comp id="264" class="1005" name="i_reg_264">
<pin_list>
<pin id="265" dir="0" index="0" bw="4" slack="0"/>
<pin id="266" dir="1" index="1" bw="4" slack="0"/>
</pin_list>
<bind>
<opset="i "/>
</bind>
</comp>

<comp id="274" class="1005" name="add_ln340_reg_274">
<pin_list>
<pin id="275" dir="0" index="0" bw="4" slack="4"/>
<pin id="276" dir="1" index="1" bw="4" slack="4"/>
</pin_list>
<bind>
<opset="add_ln340 "/>
</bind>
</comp>

<comp id="279" class="1005" name="or_ln326_reg_279">
<pin_list>
<pin id="280" dir="0" index="0" bw="8" slack="1"/>
<pin id="281" dir="1" index="1" bw="8" slack="1"/>
</pin_list>
<bind>
<opset="or_ln326 "/>
</bind>
</comp>

<comp id="287" class="1005" name="trunc_ln341_reg_287">
<pin_list>
<pin id="288" dir="0" index="0" bw="1" slack="1"/>
<pin id="289" dir="1" index="1" bw="1" slack="2147483647"/>
</pin_list>
<bind>
<opset="trunc_ln341 "/>
</bind>
</comp>

<comp id="291" class="1005" name="tmp_reg_291">
<pin_list>
<pin id="292" dir="0" index="0" bw="1" slack="4"/>
<pin id="293" dir="1" index="1" bw="1" slack="2147483647"/>
</pin_list>
<bind>
<opset="tmp "/>
</bind>
</comp>

<comp id="295" class="1005" name="add_ln348_reg_295">
<pin_list>
<pin id="296" dir="0" index="0" bw="9" slack="1"/>
<pin id="297" dir="1" index="1" bw="9" slack="1"/>
</pin_list>
<bind>
<opset="add_ln348 "/>
</bind>
</comp>

</comp_list>

<net_list>
<net id="67"><net_src comp="10" pin="0"/><net_sink comp="64" pin=0"/></net>

<net id="71"><net_src comp="10" pin="0"/><net_sink comp="68" pin=0"/></net>

<net id="75"><net_src comp="12" pin="0"/><net_sink comp="72" pin=0"/></net>

<net id="79"><net_src comp="12" pin="0"/><net_sink comp="76" pin=0"/></net>

<net id="83"><net_src comp="12" pin="0"/><net_sink comp="80" pin=0"/></net>

<net id="89"><net_src comp="14" pin="0"/><net_sink comp="84" pin=0"/></net>

<net id="90"><net_src comp="72" pin="1"/><net_sink comp="84" pin=1"/></net>

<net id="91"><net_src comp="2" pin="0"/><net_sink comp="84" pin=2"/></net>

<net id="100"><net_src comp="20" pin="0"/><net_sink comp="92" pin=0"/></net>

<net id="101"><net_src comp="4" pin="0"/><net_sink comp="92" pin=3"/></net>

<net id="102"><net_src comp="6" pin="0"/><net_sink comp="92" pin=4"/></net>

<net id="103"><net_src comp="8" pin="0"/><net_sink comp="92" pin=5"/></net>

<net id="109"><net_src comp="22" pin="0"/><net_sink comp="104" pin=0"/></net>

<net id="110"><net_src comp="0" pin="0"/><net_sink comp="104" pin=1"/></net>

<net id="111"><net_src comp="2" pin="0"/><net_sink comp="104" pin=2"/></net>

<net id="117"><net_src comp="24" pin="0"/><net_sink comp="112" pin=0"/></net>

<net id="126"><net_src comp="46" pin="0"/><net_sink comp="118" pin=0"/></net>

<net id="127"><net_src comp="0" pin="0"/><net_sink comp="118" pin=4"/></net>

<net id="128"><net_src comp="8" pin="0"/><net_sink comp="118" pin=5"/></net>

<net id="137"><net_src comp="48" pin="0"/><net_sink comp="129" pin=0"/></net>

<net id="138"><net_src comp="0" pin="0"/><net_sink comp="129" pin=4"/></net>

<net id="139"><net_src comp="8" pin="0"/><net_sink comp="129" pin=5"/></net>

<net id="145"><net_src comp="50" pin="0"/><net_sink comp="140" pin=0"/></net>

<net id="146"><net_src comp="0" pin="0"/><net_sink comp="140" pin=1"/></net>

<net id="147"><net_src comp="2" pin="0"/><net_sink comp="140" pin=2"/></net>

<net id="154"><net_src comp="52" pin="0"/><net_sink comp="148" pin=0"/></net>

<net id="155"><net_src comp="0" pin="0"/><net_sink comp="148" pin=2"/></net>

<net id="156"><net_src comp="2" pin="0"/><net_sink comp="148" pin=3"/></net>

<net id="162"><net_src comp="54" pin="0"/><net_sink comp="157" pin=0"/></net>

<net id="163"><net_src comp="56" pin="0"/><net_sink comp="157" pin=2"/></net>

<net id="164"><net_src comp="58" pin="0"/><net_sink comp="157" pin=2"/></net>

<net id="171"><net_src comp="62" pin="0"/><net_sink comp="165" pin=0"/></net>

<net id="172"><net_src comp="0" pin="0"/><net_sink comp="165" pin=2"/></net>

<net id="173"><net_src comp="2" pin="0"/><net_sink comp="165" pin=3"/></net>

<net id="181"><net_src comp="16" pin="0"/><net_sink comp="177" pin=0"/></net>

<net id="186"><net_src comp="18" pin="0"/><net_sink comp="182" pin=0"/></net>

<net id="194"><net_src comp="187" pin="1"/><net_sink comp="190" pin=0"/></net>

<net id="195"><net_src comp="26" pin="0"/><net_sink comp="190" pin=1"/></net>

<net id="200"><net_src comp="187" pin="1"/><net_sink comp="196" pin=0"/></net>

<net id="201"><net_src comp="32" pin="0"/><net_sink comp="196" pin=1"/></net>

<net id="206"><net_src comp="174" pin="1"/><net_sink comp="202" pin=0"/></net>

<net id="207"><net_src comp="38" pin="0"/><net_sink comp="202" pin=1"/></net>

<net id="208"><net_src comp="202" pin="2"/><net_sink comp="118" pin=3"/></net>

<net id="209"><net_src comp="202" pin="2"/><net_sink comp="129" pin=3"/></net>

<net id="213"><net_src comp="187" pin="1"/><net_sink comp="210" pin=0"/></net>

<net id="219"><net_src comp="40" pin="0"/><net_sink comp="214" pin=0"/></net>

<net id="220"><net_src comp="187" pin="1"/><net_sink comp="214" pin=1"/></net>

<net id="221"><net_src comp="10" pin="0"/><net_sink comp="214" pin=2"/></net>

<net id="227"><net_src comp="42" pin="0"/><net_sink comp="222" pin=0"/></net>

<net id="228"><net_src comp="187" pin="1"/><net_sink comp="222" pin=1"/></net>

<net id="229"><net_src comp="16" pin="0"/><net_sink comp="222" pin=2"/></net>

<net id="233"><net_src comp="222" pin="3"/><net_sink comp="230" pin=0"/></net>

<net id="238"><net_src comp="230" pin="1"/><net_sink comp="234" pin=0"/></net>

<net id="239"><net_src comp="44" pin="0"/><net_sink comp="234" pin=1"/></net>

<net id="240"><net_src comp="234" pin="2"/><net_sink comp="118" pin=1"/></net>

<net id="241"><net_src comp="234" pin="2"/><net_sink comp="129" pin=1"/></net>

<net id="246"><net_src comp="174" pin="1"/><net_sink comp="242" pin=0"/></net>

<net id="247"><net_src comp="60" pin="0"/><net_sink comp="242" pin=1"/></net>

<net id="256"><net_src comp="242" pin="2"/><net_sink comp="252" pin=0"/></net>

<net id="260"><net_src comp="64" pin="1"/><net_sink comp="257" pin=0"/></net>

<net id="261"><net_src comp="257" pin="1"/><net_sink comp="182" pin=1"/></net>

<net id="262"><net_src comp="257" pin="1"/><net_sink comp="174" pin=0"/></net>

<net id="263"><net_src comp="257" pin="1"/><net_sink comp="252" pin=1"/></net>

<net id="267"><net_src comp="68" pin="1"/><net_sink comp="264" pin=0"/></net>

<net id="268"><net_src comp="264" pin="1"/><net_sink comp="177" pin=1"/></net>

<net id="269"><net_src comp="264" pin="1"/><net_sink comp="187" pin=0"/></net>

<net id="270"><net_src comp="264" pin="1"/><net_sink comp="248" pin=1"/></net>

<net id="277"><net_src comp="196" pin="2"/><net_sink comp="274" pin=0"/></net>

<net id="278"><net_src comp="274" pin="1"/><net_sink comp="248" pin=0"/></net>

<net id="282"><net_src comp="202" pin="2"/><net_sink comp="279" pin=0"/></net>

<net id="283"><net_src comp="279" pin="1"/><net_sink comp="118" pin=3"/></net>

<net id="284"><net_src comp="279" pin="1"/><net_sink comp="148" pin=1"/></net>

<net id="285"><net_src comp="279" pin="1"/><net_sink comp="129" pin=3"/></net>

<net id="286"><net_src comp="279" pin="1"/><net_sink comp="165" pin=1"/></net>

<net id="290"><net_src comp="210" pin="1"/><net_sink comp="287" pin=0"/></net>

<net id="294"><net_src comp="214" pin="3"/><net_sink comp="291" pin=0"/></net>

<net id="298"><net_src comp="234" pin="2"/><net_sink comp="295" pin=0"/></net>

<net id="299"><net_src comp="295" pin="1"/><net_sink comp="118" pin=1"/></net>

<net id="300"><net_src comp="295" pin="1"/><net_sink comp="129" pin=1"/></net>

</net_list>

</model> 
---------------- Datapath Model END ------------------

* FSMD analyzer results:
  - Output states:
	Port: rk | {3 4 7 8 9 10 12 13 14 15 }
 - Input state : 
	Port: ClefiaKeySet192 : rk | {9 10 13 14 }
	Port: ClefiaKeySet192 : skey256 | {1 2 3 4 7 9 10 13 14 15 }
	Port: ClefiaKeySet192 : clefia_s0 | {3 4 }
	Port: ClefiaKeySet192 : clefia_s1 | {3 4 }
	Port: ClefiaKeySet192 : con192 | {3 4 7 8 12 }
  - Chain level:
	State 1
		call_ln0 : 1
		store_ln340 : 1
		store_ln340 : 1
	State 2
	State 3
	State 4
	State 5
	State 6
	State 7
		icmp_ln340 : 1
		add_ln340 : 1
		br_ln340 : 2
		or_ln326 : 1
		trunc_ln341 : 1
		tmp : 1
		shl_ln : 1
		zext_ln348 : 2
		add_ln348 : 3
		br_ln341 : 2
		call_ln348 : 4
		call_ln348 : 4
	State 8
	State 9
	State 10
	State 11
		add_ln354 : 1
		store_ln340 : 2
	State 12
	State 13
	State 14
	State 15


============================================================
+ Verbose Summary: Datapath Resource usage 
============================================================

* Functional unit list:
|----------|--------------------------------------------------------|---------|---------|---------|---------|---------|
| Operation|                     Functional Unit                    |   BRAM  |  Delay  |    FF   |   LUT   |   URAM  |
|----------|--------------------------------------------------------|---------|---------|---------|---------|---------|
|          |   grp_ClefiaKeySet192_Pipeline_VITIS_LOOP_116_1_fu_84  |    0    |  1.588  |    75   |    31   |    0    |
|          |   grp_ClefiaKeySet192_Pipeline_VITIS_LOOP_210_1_fu_92  |    0    | 58.6261 |   755   |   2094  |    0    |
|          |  grp_ClefiaKeySet192_Pipeline_VITIS_LOOP_123_1_fu_104  |    0    |  3.176  |    78   |    48   |    0    |
|          |  grp_ClefiaKeySet192_Pipeline_VITIS_LOOP_116_19_fu_112 |    0    |  1.588  |    75   |    31   |    0    |
|   call   | grp_ClefiaKeySet192_Pipeline_VITIS_LOOP_123_112_fu_118 |    0    |  3.176  |    41   |    77   |    0    |
|          | grp_ClefiaKeySet192_Pipeline_VITIS_LOOP_123_110_fu_129 |    0    |  3.176  |    41   |    82   |    0    |
|          | grp_ClefiaKeySet192_Pipeline_VITIS_LOOP_123_114_fu_140 |    0    |  3.176  |    18   |    67   |    0    |
|          | grp_ClefiaKeySet192_Pipeline_VITIS_LOOP_123_113_fu_148 |    0    |  3.176  |    27   |    68   |    0    |
|          |              grp_ClefiaDoubleSwap_1_fu_157             |    0    | 14.2698 |   142   |   557   |    0    |
|          | grp_ClefiaKeySet192_Pipeline_VITIS_LOOP_123_111_fu_165 |    0    |  3.176  |    27   |    63   |    0    |
|----------|--------------------------------------------------------|---------|---------|---------|---------|---------|
|          |                    add_ln340_fu_196                    |    0    |    0    |    0    |    13   |    0    |
|    add   |                    add_ln348_fu_234                    |    0    |    0    |    0    |    14   |    0    |
|          |                    add_ln354_fu_242                    |    0    |    0    |    0    |    15   |    0    |
|----------|--------------------------------------------------------|---------|---------|---------|---------|---------|
|   icmp   |                    icmp_ln340_fu_190                   |    0    |    0    |    0    |    9    |    0    |
|----------|--------------------------------------------------------|---------|---------|---------|---------|---------|
|    or    |                     or_ln326_fu_202                    |    0    |    0    |    0    |    0    |    0    |
|----------|--------------------------------------------------------|---------|---------|---------|---------|---------|
|   trunc  |                   trunc_ln341_fu_210                   |    0    |    0    |    0    |    0    |    0    |
|----------|--------------------------------------------------------|---------|---------|---------|---------|---------|
| bitselect|                       tmp_fu_214                       |    0    |    0    |    0    |    0    |    0    |
|----------|--------------------------------------------------------|---------|---------|---------|---------|---------|
|bitconcatenate|                      shl_ln_fu_222                     |    0    |    0    |    0    |    0    |    0    |
|----------|--------------------------------------------------------|---------|---------|---------|---------|---------|
|   zext   |                    zext_ln348_fu_230                   |    0    |    0    |    0    |    0    |    0    |
|----------|--------------------------------------------------------|---------|---------|---------|---------|---------|
|   Total  |                                                        |    0    | 95.1279 |   1279  |   3169  |    0    |
|----------|--------------------------------------------------------|---------|---------|---------|---------|---------|

Memories:
+----+--------+--------+--------+--------+
|    |  BRAM  |   FF   |   LUT  |  URAM  |
+----+--------+--------+--------+--------+
| fin|    0   |   16   |    4   |    0   |
|fout|    0   |   16   |    4   |    0   |
| lk |    0   |   16   |    4   |    0   |
+----+--------+--------+--------+--------+
|Total|    0   |   48   |   12   |    0   |
+----+--------+--------+--------+--------+

* Register list:
+-------------------+--------+
|                   |   FF   |
+-------------------+--------+
| add_ln340_reg_274 |    4   |
| add_ln348_reg_295 |    9   |
|     i_reg_264     |    4   |
|   idx55_reg_257   |    8   |
|  or_ln326_reg_279 |    8   |
|    tmp_reg_291    |    1   |
|trunc_ln341_reg_287|    1   |
+-------------------+--------+
|       Total       |   35   |
+-------------------+--------+

* Multiplexer (MUX) list: 
|--------------------------------------------------------|------|------|------|--------||---------||---------|
|                          Comp                          |  Pin | Size |  BW  | S x BW ||  Delay  ||   LUT   |
|--------------------------------------------------------|------|------|------|--------||---------||---------|
| grp_ClefiaKeySet192_Pipeline_VITIS_LOOP_123_112_fu_118 |  p1  |   2  |   9  |   18   ||    9    |
| grp_ClefiaKeySet192_Pipeline_VITIS_LOOP_123_112_fu_118 |  p3  |   2  |   8  |   16   ||    9    |
| grp_ClefiaKeySet192_Pipeline_VITIS_LOOP_123_110_fu_129 |  p1  |   2  |   9  |   18   ||    9    |
| grp_ClefiaKeySet192_Pipeline_VITIS_LOOP_123_110_fu_129 |  p3  |   2  |   8  |   16   ||    9    |
|              grp_ClefiaDoubleSwap_1_fu_157             |  p2  |   2  |   5  |   10   |
|--------------------------------------------------------|------|------|------|--------||---------||---------|
|                          Total                         |      |      |      |   78   ||   7.94  ||    36   |
|--------------------------------------------------------|------|------|------|--------||---------||---------|



* Summary:
+-----------+--------+--------+--------+--------+--------+
|           |  BRAM  |  Delay |   FF   |   LUT  |  URAM  |
+-----------+--------+--------+--------+--------+--------+
|  Function |    0   |   95   |  1279  |  3169  |    0   |
|   Memory  |    0   |    -   |   48   |   12   |    0   |
|Multiplexer|    -   |    7   |    -   |   36   |    -   |
|  Register |    -   |    -   |   35   |    -   |    -   |
+-----------+--------+--------+--------+--------+--------+
|   Total   |    0   |   103  |  1362  |  3217  |    0   |
+-----------+--------+--------+--------+--------+--------+
