INFO: [SIM 2] *************** CSIM start ***************
INFO: [SIM 4] CSIM will launch GCC as the compiler.
   Compiling(apcc) ../../../../src/enc_tb.c in debug mode
INFO: [HLS 200-10] Running 'D:/Xilinx/Vitis_HLS/2022.1/bin/unwrapped/win64.o/apcc.exe'
INFO: [HLS 200-10] For user 'iguchi.taiga' on host 'desktop-ctm6dmj' (Windows NT_amd64 version 6.2) on Mon Dec 26 13:55:27 +0900 2022
INFO: [HLS 200-10] In directory 'D:/tmp/CLEFIA/CLEFIA_128/enc_ip/solution2/csim/build'
INFO: [APCC 202-3] Tmp directory is D:/tmp/apcc_db_iguchi.taiga/18444054318438
INFO: [APCC 202-1] APCC is done.
INFO: [HLS 200-112] Total CPU user time: 0 seconds. Total CPU system time: 0 seconds. Total elapsed time: 3.43 seconds; peak allocated memory: 0.734 MB.
   Compiling(apcc) ../../../../src/enc.c in debug mode
INFO: [HLS 200-10] Running 'D:/Xilinx/Vitis_HLS/2022.1/bin/unwrapped/win64.o/apcc.exe'
INFO: [HLS 200-10] For user 'iguchi.taiga' on host 'desktop-ctm6dmj' (Windows NT_amd64 version 6.2) on Mon Dec 26 13:55:32 +0900 2022
INFO: [HLS 200-10] In directory 'D:/tmp/CLEFIA/CLEFIA_128/enc_ip/solution2/csim/build'
INFO: [APCC 202-3] Tmp directory is D:/tmp/apcc_db_iguchi.taiga/51684059460709
INFO: [APCC 202-1] APCC is done.
INFO: [HLS 200-112] Total CPU user time: 0 seconds. Total CPU system time: 0 seconds. Total elapsed time: 3.71 seconds; peak allocated memory: 0.656 MB.
   Generating csim.exe
--- CLEFIA ---
ciphertext: de2bf2fd9b74aacdf1298555459494fd
INFO: [SIM 1] CSim done with 0 errors.
INFO: [SIM 3] *************** CSIM finish ***************
