Copyright 1986-2022 Xilinx, Inc. All Rights Reserved.
------------------------------------------------------------------------------------
| Tool Version : Vivado v.2022.1 (win64) Build 3526262 Mon Apr 18 15:48:16 MDT 2022
| Date         : Mon Dec 26 16:04:49 2022
| Host         : DESKTOP-CTM6DMJ running 64-bit major release  (build 9200)
| Command      : upgrade_ip
| Device       : xc7z020clg400-1
------------------------------------------------------------------------------------

Upgrade Log for IP 'design_dec_clefia_dec_0_0'

1. Summary
----------

CAUTION (success, with warnings) in the upgrade of design_dec_clefia_dec_0_0 (xilinx.com:hls:clefia_dec:1.0) from (Rev. 2112821726) to (Rev. 2112830281)

After upgrade, an IP may have parameter and port differences compared to the original customization. Please review the parameters within the IP customization GUI to ensure proper functionality. Also, please review the updated IP instantiation template to ensure proper connectivity, and update your design if required.

2. Connection Warnings
----------------------

Detected external port differences while upgrading 'design_dec_clefia_dec_0_0'. These changes may impact your design.


-Upgraded port 's_axi_control_ARADDR' width 7 differs from original width 6

-Upgraded port 's_axi_control_AWADDR' width 7 differs from original width 6







Copyright 1986-2022 Xilinx, Inc. All Rights Reserved.
------------------------------------------------------------------------------------
| Tool Version : Vivado v.2022.1 (win64) Build 3526262 Mon Apr 18 15:48:16 MDT 2022
| Date         : Tue Dec 20 17:28:32 2022
| Host         : DESKTOP-CTM6DMJ running 64-bit major release  (build 9200)
| Command      : upgrade_ip
| Device       : xc7z020clg400-1
------------------------------------------------------------------------------------

Upgrade Log for IP 'design_dec_clefia_dec_0_0'

1. Summary
----------

SUCCESS in the upgrade of design_dec_clefia_dec_0_0 (xilinx.com:hls:clefia_dec:1.0) from (Rev. 2112811503) to (Rev. 2112821726)






Copyright 1986-2022 Xilinx, Inc. All Rights Reserved.
------------------------------------------------------------------------------------
| Tool Version : Vivado v.2022.1 (win64) Build 3526262 Mon Apr 18 15:48:16 MDT 2022
| Date         : Tue Dec 13 16:24:32 2022
| Host         : DESKTOP-CTM6DMJ running 64-bit major release  (build 9200)
| Command      : upgrade_ip
| Device       : xc7z020clg400-1
------------------------------------------------------------------------------------

Upgrade Log for IP 'design_dec_clefia_dec_0_0'

1. Summary
----------

SUCCESS in the upgrade of design_dec_clefia_dec_0_0 (xilinx.com:hls:clefia_dec:1.0) from (Rev. 2112810131) to (Rev. 2112811503)

