

================================================================
== Vitis HLS Report for 'ClefiaF0Xor_2'
================================================================
* Date:           Tue Dec  6 19:10:46 2022

* Version:        2022.1 (Build 3526262 on Mon Apr 18 15:48:16 MDT 2022)
* Project:        CLEFIA_ip
* Solution:       solution1 (Vivado IP Flow Target)
* Product family: zynq
* Target device:  xc7z020-clg400-1


================================================================
== Performance Estimates
================================================================
+ Timing: 
    * Summary: 
    +--------+----------+----------+------------+
    |  Clock |  Target  | Estimated| Uncertainty|
    +--------+----------+----------+------------+
    |ap_clk  |  10.00 ns|  5.750 ns|     2.70 ns|
    +--------+----------+----------+------------+

+ Latency: 
    * Summary: 
    +---------+---------+-----------+-----------+-----+-----+---------+
    |  Latency (cycles) |   Latency (absolute)  |  Interval | Pipeline|
    |   min   |   max   |    min    |    max    | min | max |   Type  |
    +---------+---------+-----------+-----------+-----+-----+---------+
    |        8|        8|  80.000 ns|  80.000 ns|    4|    4|      yes|
    +---------+---------+-----------+-----------+-----+-----+---------+

    + Detail: 
        * Instance: 
        N/A

        * Loop: 
        N/A



================================================================
== Utilization Estimates
================================================================
* Summary: 
+-----------------+---------+-----+--------+-------+-----+
|       Name      | BRAM_18K| DSP |   FF   |  LUT  | URAM|
+-----------------+---------+-----+--------+-------+-----+
|DSP              |        -|    -|       -|      -|    -|
|Expression       |        -|    -|       0|    538|    -|
|FIFO             |        -|    -|       -|      -|    -|
|Instance         |        -|    -|       -|      -|    -|
|Memory           |        2|    -|       0|      0|    -|
|Multiplexer      |        -|    -|       -|    245|    -|
|Register         |        -|    -|     200|      -|    -|
+-----------------+---------+-----+--------+-------+-----+
|Total            |        2|    0|     200|    783|    0|
+-----------------+---------+-----+--------+-------+-----+
|Available        |      280|  220|  106400|  53200|    0|
+-----------------+---------+-----+--------+-------+-----+
|Utilization (%)  |       ~0|    0|      ~0|      1|    0|
+-----------------+---------+-----+--------+-------+-----+

+ Detail: 
    * Instance: 
    N/A

    * DSP: 
    N/A

    * Memory: 
    +-------------+-------------------------------------+---------+---+----+-----+------+-----+------+-------------+
    |    Memory   |                Module               | BRAM_18K| FF| LUT| URAM| Words| Bits| Banks| W*Bits*Banks|
    +-------------+-------------------------------------+---------+---+----+-----+------+-----+------+-------------+
    |clefia_s0_U  |ClefiaF0Xor_2_clefia_s0_ROM_AUTO_1R  |        1|  0|   0|    0|   256|    8|     1|         2048|
    |clefia_s1_U  |ClefiaF0Xor_2_clefia_s1_ROM_AUTO_1R  |        1|  0|   0|    0|   256|    8|     1|         2048|
    +-------------+-------------------------------------+---------+---+----+-----+------+-----+------+-------------+
    |Total        |                                     |        2|  0|   0|    0|   512|   16|     2|         4096|
    +-------------+-------------------------------------+---------+---+----+-----+------+-----+------+-------------+

    * FIFO: 
    N/A

    * Expression: 
    +---------------------------+----------+----+---+----+------------+------------+
    |       Variable Name       | Operation| DSP| FF| LUT| Bitwidth P0| Bitwidth P1|
    +---------------------------+----------+----+---+----+------------+------------+
    |add_ln114_5_fu_403_p2      |         +|   0|  0|  13|           5|           2|
    |add_ln114_6_fu_413_p2      |         +|   0|  0|  13|           5|           2|
    |add_ln114_fu_378_p2        |         +|   0|  0|  13|           5|           1|
    |add_ln121_54_fu_322_p2     |         +|   0|  0|  13|           5|           1|
    |add_ln121_55_fu_389_p2     |         +|   0|  0|  14|           9|           2|
    |add_ln121_56_fu_358_p2     |         +|   0|  0|  13|           5|           2|
    |add_ln121_57_fu_423_p2     |         +|   0|  0|  14|           9|           2|
    |add_ln121_58_fu_368_p2     |         +|   0|  0|  13|           5|           2|
    |add_ln121_59_fu_756_p2     |         +|   0|  0|  13|           5|           3|
    |add_ln121_60_fu_788_p2     |         +|   0|  0|  13|           5|           3|
    |add_ln121_61_fu_766_p2     |         +|   0|  0|  13|           5|           3|
    |add_ln121_62_fu_826_p2     |         +|   0|  0|  13|           5|           3|
    |add_ln121_63_fu_864_p2     |         +|   0|  0|  13|           5|           3|
    |add_ln121_64_fu_896_p2     |         +|   0|  0|  13|           5|           3|
    |add_ln121_65_fu_874_p2     |         +|   0|  0|  13|           5|           3|
    |add_ln121_66_fu_934_p2     |         +|   0|  0|  13|           5|           3|
    |add_ln121_fu_347_p2        |         +|   0|  0|  14|           9|           1|
    |select_ln131_45_fu_618_p3  |    select|   0|  0|   8|           1|           8|
    |select_ln131_46_fu_660_p3  |    select|   0|  0|   8|           1|           8|
    |select_ln131_47_fu_694_p3  |    select|   0|  0|   8|           1|           8|
    |select_ln131_48_fu_736_p3  |    select|   0|  0|   8|           1|           8|
    |select_ln131_49_fu_452_p3  |    select|   0|  0|   8|           1|           8|
    |select_ln131_50_fu_494_p3  |    select|   0|  0|   8|           1|           8|
    |select_ln131_51_fu_580_p3  |    select|   0|  0|   8|           1|           8|
    |select_ln131_fu_538_p3     |    select|   0|  0|   8|           1|           8|
    |ap_enable_pp0              |       xor|   0|  0|   2|           1|           2|
    |grp_fu_302_p2              |       xor|   0|  0|   8|           8|           8|
    |xor_ln124_100_fu_906_p2    |       xor|   0|  0|   8|           8|           8|
    |xor_ln124_101_fu_911_p2    |       xor|   0|  0|   8|           8|           8|
    |xor_ln124_102_fu_916_p2    |       xor|   0|  0|   8|           8|           8|
    |xor_ln124_103_fu_921_p2    |       xor|   0|  0|   8|           8|           8|
    |xor_ln124_104_fu_944_p2    |       xor|   0|  0|   8|           8|           8|
    |xor_ln124_105_fu_950_p2    |       xor|   0|  0|   8|           8|           8|
    |xor_ln124_106_fu_955_p2    |       xor|   0|  0|   8|           8|           8|
    |xor_ln124_107_fu_960_p2    |       xor|   0|  0|   8|           8|           8|
    |xor_ln124_51_fu_514_p2     |       xor|   0|  0|   8|           8|           8|
    |xor_ln124_52_fu_819_p2     |       xor|   0|  0|   8|           8|           8|
    |xor_ln124_53_fu_857_p2     |       xor|   0|  0|   8|           8|           8|
    |xor_ln124_54_fu_927_p2     |       xor|   0|  0|   8|           8|           8|
    |xor_ln124_55_fu_965_p2     |       xor|   0|  0|   8|           8|           8|
    |xor_ln124_92_fu_798_p2     |       xor|   0|  0|   8|           8|           8|
    |xor_ln124_93_fu_803_p2     |       xor|   0|  0|   8|           8|           8|
    |xor_ln124_94_fu_808_p2     |       xor|   0|  0|   8|           8|           8|
    |xor_ln124_95_fu_813_p2     |       xor|   0|  0|   8|           8|           8|
    |xor_ln124_96_fu_836_p2     |       xor|   0|  0|   8|           8|           8|
    |xor_ln124_97_fu_841_p2     |       xor|   0|  0|   8|           8|           8|
    |xor_ln124_98_fu_846_p2     |       xor|   0|  0|   8|           8|           8|
    |xor_ln124_99_fu_852_p2     |       xor|   0|  0|   8|           8|           8|
    |xor_ln124_fu_341_p2        |       xor|   0|  0|   8|           8|           8|
    |xor_ln132_45_fu_612_p2     |       xor|   0|  0|   8|           8|           4|
    |xor_ln132_46_fu_654_p2     |       xor|   0|  0|   8|           8|           4|
    |xor_ln132_47_fu_688_p2     |       xor|   0|  0|   8|           8|           4|
    |xor_ln132_48_fu_730_p2     |       xor|   0|  0|   8|           8|           4|
    |xor_ln132_49_fu_446_p2     |       xor|   0|  0|   8|           8|           4|
    |xor_ln132_50_fu_488_p2     |       xor|   0|  0|   8|           8|           4|
    |xor_ln132_51_fu_574_p2     |       xor|   0|  0|   8|           8|           4|
    |xor_ln132_fu_532_p2        |       xor|   0|  0|   8|           8|           4|
    +---------------------------+----------+----+---+----+------------+------------+
    |Total                      |          |   0|  0| 538|         354|         321|
    +---------------------------+----------+----+---+----+------------+------------+

    * Multiplexer: 
    +-------------------------+----+-----------+-----+-----------+
    |           Name          | LUT| Input Size| Bits| Total Bits|
    +-------------------------+----+-----------+-----+-----------+
    |ap_NS_fsm                |  25|          5|    1|          5|
    |ap_enable_reg_pp0_iter0  |   9|          2|    1|          2|
    |ap_enable_reg_pp0_iter2  |   9|          2|    1|          2|
    |clefia_s0_address0       |  14|          3|    8|         24|
    |clefia_s1_address0       |  14|          3|    8|         24|
    |dst_address0             |  25|          5|    5|         25|
    |dst_address1             |  25|          5|    5|         25|
    |dst_d0                   |  20|          4|    8|         32|
    |dst_d1                   |  20|          4|    8|         32|
    |reg_297                  |   9|          2|    8|         16|
    |rk_address0              |  25|          5|    9|         45|
    |src_address0             |  25|          5|    5|         25|
    |src_address1             |  25|          5|    5|         25|
    +-------------------------+----+-----------+-----+-----------+
    |Total                    | 245|         50|   72|        282|
    +-------------------------+----+-----------+-----+-----------+

    * Register: 
    +----------------------------------------+---+----+-----+-----------+
    |                  Name                  | FF| LUT| Bits| Const Bits|
    +----------------------------------------+---+----+-----+-----------+
    |ap_CS_fsm                               |  4|   0|    4|          0|
    |ap_enable_reg_pp0_iter0_reg             |  1|   0|    1|          0|
    |ap_enable_reg_pp0_iter1                 |  1|   0|    1|          0|
    |ap_enable_reg_pp0_iter2                 |  1|   0|    1|          0|
    |ap_port_reg_dst_offset                  |  5|   0|    5|          0|
    |dst_offset_read_reg_1002                |  5|   0|    5|          0|
    |dst_offset_read_reg_1002_pp0_iter1_reg  |  5|   0|    5|          0|
    |reg_297                                 |  8|   0|    8|          0|
    |reg_308                                 |  8|   0|    8|          0|
    |rk_offset_cast_reg_1012                 |  8|   0|    9|          1|
    |rk_offset_read_reg_972                  |  8|   0|    8|          0|
    |src_load_31_reg_1043                    |  8|   0|    8|          0|
    |src_offset_read_reg_977                 |  5|   0|    5|          0|
    |src_offset_read_reg_977_pp0_iter1_reg   |  5|   0|    5|          0|
    |tmp_104_reg_1136                        |  1|   0|    1|          0|
    |tmp_108_reg_1157                        |  1|   0|    1|          0|
    |tmp_112_reg_1079                        |  1|   0|    1|          0|
    |tmp_112_reg_1079_pp0_iter1_reg          |  1|   0|    1|          0|
    |tmp_114_reg_1110                        |  1|   0|    1|          0|
    |trunc_ln134_46_reg_1131                 |  7|   0|    7|          0|
    |trunc_ln134_48_reg_1152                 |  7|   0|    7|          0|
    |trunc_ln134_50_reg_1074                 |  7|   0|    7|          0|
    |trunc_ln134_50_reg_1074_pp0_iter1_reg   |  7|   0|    7|          0|
    |trunc_ln134_51_reg_1105                 |  7|   0|    7|          0|
    |x_assign_20_reg_1125                    |  8|   0|    8|          0|
    |x_assign_21_reg_1146                    |  8|   0|    8|          0|
    |x_assign_22_reg_1068                    |  8|   0|    8|          0|
    |x_assign_22_reg_1068_pp0_iter1_reg      |  8|   0|    8|          0|
    |x_assign_s_reg_1099                     |  8|   0|    8|          0|
    |xor_ln124_51_reg_1084                   |  8|   0|    8|          0|
    |xor_ln124_reg_1018                      |  8|   0|    8|          0|
    |z_13_reg_1089                           |  8|   0|    8|          0|
    |z_14_reg_1115                           |  8|   0|    8|          0|
    |z_15_reg_1141                           |  8|   0|    8|          0|
    |z_reg_1058                              |  8|   0|    8|          0|
    +----------------------------------------+---+----+-----+-----------+
    |Total                                   |200|   0|  201|          1|
    +----------------------------------------+---+----+-----+-----------+



================================================================
== Interface
================================================================
* Summary: 
+--------------+-----+-----+------------+---------------+--------------+
|   RTL Ports  | Dir | Bits|  Protocol  | Source Object |    C Type    |
+--------------+-----+-----+------------+---------------+--------------+
|ap_clk        |   in|    1|  ap_ctrl_hs|  ClefiaF0Xor.2|  return value|
|ap_rst        |   in|    1|  ap_ctrl_hs|  ClefiaF0Xor.2|  return value|
|ap_start      |   in|    1|  ap_ctrl_hs|  ClefiaF0Xor.2|  return value|
|ap_done       |  out|    1|  ap_ctrl_hs|  ClefiaF0Xor.2|  return value|
|ap_idle       |  out|    1|  ap_ctrl_hs|  ClefiaF0Xor.2|  return value|
|ap_ready      |  out|    1|  ap_ctrl_hs|  ClefiaF0Xor.2|  return value|
|ap_ce         |   in|    1|  ap_ctrl_hs|  ClefiaF0Xor.2|  return value|
|dst_address0  |  out|    5|   ap_memory|            dst|         array|
|dst_ce0       |  out|    1|   ap_memory|            dst|         array|
|dst_we0       |  out|    1|   ap_memory|            dst|         array|
|dst_d0        |  out|    8|   ap_memory|            dst|         array|
|dst_address1  |  out|    5|   ap_memory|            dst|         array|
|dst_ce1       |  out|    1|   ap_memory|            dst|         array|
|dst_we1       |  out|    1|   ap_memory|            dst|         array|
|dst_d1        |  out|    8|   ap_memory|            dst|         array|
|dst_offset    |   in|    5|     ap_none|     dst_offset|        scalar|
|src_address0  |  out|    5|   ap_memory|            src|         array|
|src_ce0       |  out|    1|   ap_memory|            src|         array|
|src_q0        |   in|    8|   ap_memory|            src|         array|
|src_address1  |  out|    5|   ap_memory|            src|         array|
|src_ce1       |  out|    1|   ap_memory|            src|         array|
|src_q1        |   in|    8|   ap_memory|            src|         array|
|src_offset    |   in|    5|     ap_none|     src_offset|        scalar|
|rk_address0   |  out|    9|   ap_memory|             rk|         array|
|rk_ce0        |  out|    1|   ap_memory|             rk|         array|
|rk_q0         |   in|    8|   ap_memory|             rk|         array|
|rk_offset     |   in|    8|     ap_none|      rk_offset|        scalar|
+--------------+-----+-----+------------+---------------+--------------+

