

================================================================
== Vitis HLS Report for 'ClefiaKeySet192_Pipeline_VITIS_LOOP_123_114'
================================================================
* Date:           Tue Dec  6 19:10:55 2022

* Version:        2022.1 (Build 3526262 on Mon Apr 18 15:48:16 MDT 2022)
* Project:        CLEFIA_ip
* Solution:       solution1 (Vivado IP Flow Target)
* Product family: zynq
* Target device:  xc7z020-clg400-1


================================================================
== Performance Estimates
================================================================
+ Timing: 
    * Summary: 
    +--------+----------+----------+------------+
    |  Clock |  Target  | Estimated| Uncertainty|
    +--------+----------+----------+------------+
    |ap_clk  |  10.00 ns|  6.566 ns|     2.70 ns|
    +--------+----------+----------+------------+

+ Latency: 
    * Summary: 
    +---------+---------+----------+----------+-----+-----+---------+
    |  Latency (cycles) |  Latency (absolute) |  Interval | Pipeline|
    |   min   |   max   |    min   |    max   | min | max |   Type  |
    +---------+---------+----------+----------+-----+-----+---------+
    |       10|       10|  0.100 us|  0.100 us|   10|   10|       no|
    +---------+---------+----------+----------+-----+-----+---------+

    + Detail: 
        * Instance: 
        N/A

        * Loop: 
        +--------------------+---------+---------+----------+-----------+-----------+------+----------+
        |                    |  Latency (cycles) | Iteration|  Initiation Interval  | Trip |          |
        |      Loop Name     |   min   |   max   |  Latency |  achieved |   target  | Count| Pipelined|
        +--------------------+---------+---------+----------+-----------+-----------+------+----------+
        |- VITIS_LOOP_123_1  |        8|        8|         2|          1|          1|     8|       yes|
        +--------------------+---------+---------+----------+-----------+-----------+------+----------+



================================================================
== Utilization Estimates
================================================================
* Summary: 
+-----------------+---------+-----+--------+-------+-----+
|       Name      | BRAM_18K| DSP |   FF   |  LUT  | URAM|
+-----------------+---------+-----+--------+-------+-----+
|DSP              |        -|    -|       -|      -|    -|
|Expression       |        -|    -|       0|     52|    -|
|FIFO             |        -|    -|       -|      -|    -|
|Instance         |        -|    -|       -|      -|    -|
|Memory           |        -|    -|       -|      -|    -|
|Multiplexer      |        -|    -|       -|     36|    -|
|Register         |        -|    -|      11|      -|    -|
+-----------------+---------+-----+--------+-------+-----+
|Total            |        0|    0|      11|     88|    0|
+-----------------+---------+-----+--------+-------+-----+
|Available        |      280|  220|  106400|  53200|    0|
+-----------------+---------+-----+--------+-------+-----+
|Utilization (%)  |        0|    0|      ~0|     ~0|    0|
+-----------------+---------+-----+--------+-------+-----+

+ Detail: 
    * Instance: 
    N/A

    * DSP: 
    N/A

    * Memory: 
    N/A

    * FIFO: 
    N/A

    * Expression: 
    +---------------------+----------+----+---+----+------------+------------+
    |    Variable Name    | Operation| DSP| FF| LUT| Bitwidth P0| Bitwidth P1|
    +---------------------+----------+----+---+----+------------+------------+
    |add_ln121_fu_122_p2  |         +|   0|  0|  15|           8|           8|
    |add_ln124_fu_88_p2   |         +|   0|  0|  13|           4|           1|
    |icmp_ln123_fu_82_p2  |      icmp|   0|  0|   9|           4|           5|
    |ap_enable_pp0        |       xor|   0|  0|   2|           1|           2|
    |rk_d0                |       xor|   0|  0|   8|           8|           8|
    |xor_ln121_fu_94_p2   |       xor|   0|  0|   5|           4|           5|
    +---------------------+----------+----+---+----+------------+------------+
    |Total                |          |   0|  0|  52|          29|          29|
    +---------------------+----------+----+---+----+------------+------------+

    * Multiplexer: 
    +-------------------------------+----+-----------+-----+-----------+
    |              Name             | LUT| Input Size| Bits| Total Bits|
    +-------------------------------+----+-----------+-----+-----------+
    |ap_done_int                    |   9|          2|    1|          2|
    |ap_enable_reg_pp0_iter1        |   9|          2|    1|          2|
    |ap_sig_allocacmp_idx_i58_load  |   9|          2|    4|          8|
    |idx_i58_fu_32                  |   9|          2|    4|          8|
    +-------------------------------+----+-----------+-----+-----------+
    |Total                          |  36|          8|   10|         20|
    +-------------------------------+----+-----------+-----+-----------+

    * Register: 
    +-------------------------+---+----+-----+-----------+
    |           Name          | FF| LUT| Bits| Const Bits|
    +-------------------------+---+----+-----+-----------+
    |ap_CS_fsm                |  1|   0|    1|          0|
    |ap_done_reg              |  1|   0|    1|          0|
    |ap_enable_reg_pp0_iter1  |  1|   0|    1|          0|
    |idx_i58_fu_32            |  4|   0|    4|          0|
    |idx_i58_load_reg_147     |  4|   0|    4|          0|
    +-------------------------+---+----+-----+-----------+
    |Total                    | 11|   0|   11|          0|
    +-------------------------+---+----+-----+-----------+



================================================================
== Interface
================================================================
* Summary: 
+------------------+-----+-----+------------+---------------------------------------------+--------------+
|     RTL Ports    | Dir | Bits|  Protocol  |                Source Object                |    C Type    |
+------------------+-----+-----+------------+---------------------------------------------+--------------+
|ap_clk            |   in|    1|  ap_ctrl_hs|  ClefiaKeySet192_Pipeline_VITIS_LOOP_123_114|  return value|
|ap_rst            |   in|    1|  ap_ctrl_hs|  ClefiaKeySet192_Pipeline_VITIS_LOOP_123_114|  return value|
|ap_start          |   in|    1|  ap_ctrl_hs|  ClefiaKeySet192_Pipeline_VITIS_LOOP_123_114|  return value|
|ap_done           |  out|    1|  ap_ctrl_hs|  ClefiaKeySet192_Pipeline_VITIS_LOOP_123_114|  return value|
|ap_idle           |  out|    1|  ap_ctrl_hs|  ClefiaKeySet192_Pipeline_VITIS_LOOP_123_114|  return value|
|ap_ready          |  out|    1|  ap_ctrl_hs|  ClefiaKeySet192_Pipeline_VITIS_LOOP_123_114|  return value|
|rk_address0       |  out|    8|   ap_memory|                                           rk|         array|
|rk_ce0            |  out|    1|   ap_memory|                                           rk|         array|
|rk_we0            |  out|    1|   ap_memory|                                           rk|         array|
|rk_d0             |  out|    8|   ap_memory|                                           rk|         array|
|skey256_address0  |  out|    5|   ap_memory|                                      skey256|         array|
|skey256_ce0       |  out|    1|   ap_memory|                                      skey256|         array|
|skey256_q0        |   in|    8|   ap_memory|                                      skey256|         array|
|skey256_address1  |  out|    5|   ap_memory|                                      skey256|         array|
|skey256_ce1       |  out|    1|   ap_memory|                                      skey256|         array|
|skey256_q1        |   in|    8|   ap_memory|                                      skey256|         array|
+------------------+-----+-----+------------+---------------------------------------------+--------------+

