

================================================================
== Vitis HLS Report for 'ClefiaF1Xor_2'
================================================================
* Date:           Tue Dec  6 19:10:47 2022

* Version:        2022.1 (Build 3526262 on Mon Apr 18 15:48:16 MDT 2022)
* Project:        CLEFIA_ip
* Solution:       solution1 (Vivado IP Flow Target)
* Product family: zynq
* Target device:  xc7z020-clg400-1


================================================================
== Performance Estimates
================================================================
+ Timing: 
    * Summary: 
    +--------+----------+----------+------------+
    |  Clock |  Target  | Estimated| Uncertainty|
    +--------+----------+----------+------------+
    |ap_clk  |  10.00 ns|  6.998 ns|     2.70 ns|
    +--------+----------+----------+------------+

+ Latency: 
    * Summary: 
    +---------+---------+-----------+-----------+-----+-----+---------+
    |  Latency (cycles) |   Latency (absolute)  |  Interval | Pipeline|
    |   min   |   max   |    min    |    max    | min | max |   Type  |
    +---------+---------+-----------+-----------+-----+-----+---------+
    |        8|        8|  80.000 ns|  80.000 ns|    4|    4|      yes|
    +---------+---------+-----------+-----------+-----+-----+---------+

    + Detail: 
        * Instance: 
        N/A

        * Loop: 
        N/A



================================================================
== Utilization Estimates
================================================================
* Summary: 
+-----------------+---------+-----+--------+-------+-----+
|       Name      | BRAM_18K| DSP |   FF   |  LUT  | URAM|
+-----------------+---------+-----+--------+-------+-----+
|DSP              |        -|    -|       -|      -|    -|
|Expression       |        -|    -|       0|    594|    -|
|FIFO             |        -|    -|       -|      -|    -|
|Instance         |        -|    -|       -|      -|    -|
|Memory           |        2|    -|       0|      0|    -|
|Multiplexer      |        -|    -|       -|    245|    -|
|Register         |        -|    -|     216|      -|    -|
+-----------------+---------+-----+--------+-------+-----+
|Total            |        2|    0|     216|    839|    0|
+-----------------+---------+-----+--------+-------+-----+
|Available        |      280|  220|  106400|  53200|    0|
+-----------------+---------+-----+--------+-------+-----+
|Utilization (%)  |       ~0|    0|      ~0|      1|    0|
+-----------------+---------+-----+--------+-------+-----+

+ Detail: 
    * Instance: 
    N/A

    * DSP: 
    N/A

    * Memory: 
    +-------------+-------------------------------------+---------+---+----+-----+------+-----+------+-------------+
    |    Memory   |                Module               | BRAM_18K| FF| LUT| URAM| Words| Bits| Banks| W*Bits*Banks|
    +-------------+-------------------------------------+---------+---+----+-----+------+-----+------+-------------+
    |clefia_s0_U  |ClefiaF0Xor_2_clefia_s0_ROM_AUTO_1R  |        1|  0|   0|    0|   256|    8|     1|         2048|
    |clefia_s1_U  |ClefiaF0Xor_2_clefia_s1_ROM_AUTO_1R  |        1|  0|   0|    0|   256|    8|     1|         2048|
    +-------------+-------------------------------------+---------+---+----+-----+------+-----+------+-------------+
    |Total        |                                     |        2|  0|   0|    0|   512|   16|     2|         4096|
    +-------------+-------------------------------------+---------+---+----+-----+------+-----+------+-------------+

    * FIFO: 
    N/A

    * Expression: 
    +---------------------------+----------+----+---+----+------------+------------+
    |       Variable Name       | Operation| DSP| FF| LUT| Bitwidth P0| Bitwidth P1|
    +---------------------------+----------+----+---+----+------------+------------+
    |add_ln114_1_fu_403_p2      |         +|   0|  0|  13|           5|           2|
    |add_ln114_2_fu_413_p2      |         +|   0|  0|  13|           5|           2|
    |add_ln114_fu_378_p2        |         +|   0|  0|  13|           5|           1|
    |add_ln121_26_fu_322_p2     |         +|   0|  0|  13|           5|           1|
    |add_ln121_27_fu_389_p2     |         +|   0|  0|  14|           9|           2|
    |add_ln121_28_fu_358_p2     |         +|   0|  0|  13|           5|           2|
    |add_ln121_29_fu_423_p2     |         +|   0|  0|  14|           9|           2|
    |add_ln121_30_fu_368_p2     |         +|   0|  0|  13|           5|           2|
    |add_ln121_31_fu_929_p2     |         +|   0|  0|  13|           5|           3|
    |add_ln121_32_fu_973_p2     |         +|   0|  0|  13|           5|           3|
    |add_ln121_33_fu_939_p2     |         +|   0|  0|  13|           5|           3|
    |add_ln121_34_fu_1011_p2    |         +|   0|  0|  13|           5|           3|
    |add_ln121_35_fu_1049_p2    |         +|   0|  0|  13|           5|           3|
    |add_ln121_36_fu_1069_p2    |         +|   0|  0|  13|           5|           3|
    |add_ln121_37_fu_1059_p2    |         +|   0|  0|  13|           5|           3|
    |add_ln121_38_fu_1100_p2    |         +|   0|  0|  13|           5|           3|
    |add_ln121_fu_347_p2        |         +|   0|  0|  14|           9|           1|
    |select_ln131_12_fu_622_p3  |    select|   0|  0|   8|           1|           8|
    |select_ln131_13_fu_664_p3  |    select|   0|  0|   8|           1|           8|
    |select_ln131_14_fu_707_p3  |    select|   0|  0|   8|           1|           8|
    |select_ln131_15_fu_825_p3  |    select|   0|  0|   8|           1|           8|
    |select_ln131_16_fu_867_p3  |    select|   0|  0|   8|           1|           8|
    |select_ln131_17_fu_909_p3  |    select|   0|  0|   8|           1|           8|
    |select_ln131_18_fu_452_p3  |    select|   0|  0|   8|           1|           8|
    |select_ln131_19_fu_494_p3  |    select|   0|  0|   8|           1|           8|
    |select_ln131_20_fu_536_p3  |    select|   0|  0|   8|           1|           8|
    |select_ln131_21_fu_749_p3  |    select|   0|  0|   8|           1|           8|
    |select_ln131_22_fu_791_p3  |    select|   0|  0|   8|           1|           8|
    |select_ln131_fu_580_p3     |    select|   0|  0|   8|           1|           8|
    |ap_enable_pp0              |       xor|   0|  0|   2|           1|           2|
    |grp_fu_302_p2              |       xor|   0|  0|   8|           8|           8|
    |xor_ln124_37_fu_1004_p2    |       xor|   0|  0|   8|           8|           8|
    |xor_ln124_38_fu_1042_p2    |       xor|   0|  0|   8|           8|           8|
    |xor_ln124_39_fu_1093_p2    |       xor|   0|  0|   8|           8|           8|
    |xor_ln124_3_fu_556_p2      |       xor|   0|  0|   8|           8|           8|
    |xor_ln124_40_fu_1124_p2    |       xor|   0|  0|   8|           8|           8|
    |xor_ln124_50_fu_983_p2     |       xor|   0|  0|   8|           8|           8|
    |xor_ln124_51_fu_988_p2     |       xor|   0|  0|   8|           8|           8|
    |xor_ln124_52_fu_993_p2     |       xor|   0|  0|   8|           8|           8|
    |xor_ln124_53_fu_998_p2     |       xor|   0|  0|   8|           8|           8|
    |xor_ln124_54_fu_1021_p2    |       xor|   0|  0|   8|           8|           8|
    |xor_ln124_55_fu_1027_p2    |       xor|   0|  0|   8|           8|           8|
    |xor_ln124_56_fu_1032_p2    |       xor|   0|  0|   8|           8|           8|
    |xor_ln124_57_fu_1037_p2    |       xor|   0|  0|   8|           8|           8|
    |xor_ln124_58_fu_1079_p2    |       xor|   0|  0|   8|           8|           8|
    |xor_ln124_59_fu_1084_p2    |       xor|   0|  0|   8|           8|           8|
    |xor_ln124_60_fu_1088_p2    |       xor|   0|  0|   8|           8|           8|
    |xor_ln124_61_fu_1110_p2    |       xor|   0|  0|   8|           8|           8|
    |xor_ln124_62_fu_1115_p2    |       xor|   0|  0|   8|           8|           8|
    |xor_ln124_63_fu_1119_p2    |       xor|   0|  0|   8|           8|           8|
    |xor_ln124_fu_341_p2        |       xor|   0|  0|   8|           8|           8|
    |xor_ln132_12_fu_616_p2     |       xor|   0|  0|   8|           8|           4|
    |xor_ln132_13_fu_658_p2     |       xor|   0|  0|   8|           8|           4|
    |xor_ln132_14_fu_701_p2     |       xor|   0|  0|   8|           8|           4|
    |xor_ln132_15_fu_819_p2     |       xor|   0|  0|   8|           8|           4|
    |xor_ln132_16_fu_861_p2     |       xor|   0|  0|   8|           8|           4|
    |xor_ln132_17_fu_903_p2     |       xor|   0|  0|   8|           8|           4|
    |xor_ln132_18_fu_446_p2     |       xor|   0|  0|   8|           8|           4|
    |xor_ln132_19_fu_488_p2     |       xor|   0|  0|   8|           8|           4|
    |xor_ln132_20_fu_530_p2     |       xor|   0|  0|   8|           8|           4|
    |xor_ln132_21_fu_743_p2     |       xor|   0|  0|   8|           8|           4|
    |xor_ln132_22_fu_785_p2     |       xor|   0|  0|   8|           8|           4|
    |xor_ln132_fu_574_p2        |       xor|   0|  0|   8|           8|           4|
    |xor_ln180_fu_684_p2        |       xor|   0|  0|   8|           8|           8|
    +---------------------------+----------+----+---+----+------------+------------+
    |Total                      |          |   0|  0| 594|         382|         361|
    +---------------------------+----------+----+---+----+------------+------------+

    * Multiplexer: 
    +-------------------------+----+-----------+-----+-----------+
    |           Name          | LUT| Input Size| Bits| Total Bits|
    +-------------------------+----+-----------+-----+-----------+
    |ap_NS_fsm                |  25|          5|    1|          5|
    |ap_enable_reg_pp0_iter0  |   9|          2|    1|          2|
    |ap_enable_reg_pp0_iter2  |   9|          2|    1|          2|
    |clefia_s0_address0       |  14|          3|    8|         24|
    |clefia_s1_address0       |  14|          3|    8|         24|
    |dst_address0             |  25|          5|    5|         25|
    |dst_address1             |  25|          5|    5|         25|
    |dst_d0                   |  20|          4|    8|         32|
    |dst_d1                   |  20|          4|    8|         32|
    |reg_297                  |   9|          2|    8|         16|
    |rk_address0              |  25|          5|    9|         45|
    |src_address0             |  25|          5|    5|         25|
    |src_address1             |  25|          5|    5|         25|
    +-------------------------+----+-----------+-----+-----------+
    |Total                    | 245|         50|   72|        282|
    +-------------------------+----+-----------+-----+-----------+

    * Register: 
    +----------------------------------------+---+----+-----+-----------+
    |                  Name                  | FF| LUT| Bits| Const Bits|
    +----------------------------------------+---+----+-----+-----------+
    |ap_CS_fsm                               |  4|   0|    4|          0|
    |ap_enable_reg_pp0_iter0_reg             |  1|   0|    1|          0|
    |ap_enable_reg_pp0_iter1                 |  1|   0|    1|          0|
    |ap_enable_reg_pp0_iter2                 |  1|   0|    1|          0|
    |ap_port_reg_dst_offset                  |  5|   0|    5|          0|
    |dst_offset_read_reg_1161                |  5|   0|    5|          0|
    |dst_offset_read_reg_1161_pp0_iter1_reg  |  5|   0|    5|          0|
    |or_ln134_4_reg_1335                     |  8|   0|    8|          0|
    |or_ln134_7_reg_1340                     |  8|   0|    8|          0|
    |or_ln134_9_reg_1345                     |  8|   0|    8|          0|
    |or_ln_reg_1330                          |  8|   0|    8|          0|
    |reg_297                                 |  8|   0|    8|          0|
    |reg_308                                 |  8|   0|    8|          0|
    |rk_offset_cast_reg_1171                 |  8|   0|    9|          1|
    |rk_offset_read_reg_1131                 |  8|   0|    8|          0|
    |src_load_10_reg_1202                    |  8|   0|    8|          0|
    |src_offset_read_reg_1136                |  5|   0|    5|          0|
    |src_offset_read_reg_1136_pp0_iter1_reg  |  5|   0|    5|          0|
    |tmp_35_reg_1262                         |  1|   0|    1|          0|
    |tmp_43_reg_1315                         |  1|   0|    1|          0|
    |tmp_49_reg_1237                         |  1|   0|    1|          0|
    |tmp_53_reg_1294                         |  1|   0|    1|          0|
    |trunc_ln134_13_reg_1257                 |  7|   0|    7|          0|
    |trunc_ln134_17_reg_1310                 |  7|   0|    7|          0|
    |trunc_ln134_20_reg_1232                 |  7|   0|    7|          0|
    |trunc_ln134_22_reg_1289                 |  7|   0|    7|          0|
    |x_assign_1_reg_1304                     |  8|   0|    8|          0|
    |x_assign_3_reg_1227                     |  8|   0|    8|          0|
    |x_assign_9_reg_1283                     |  8|   0|    8|          0|
    |xor_ln124_3_reg_1242                    |  8|   0|    8|          0|
    |xor_ln124_reg_1177                      |  8|   0|    8|          0|
    |xor_ln180_reg_1267                      |  8|   0|    8|          0|
    |z_4_reg_1247                            |  8|   0|    8|          0|
    |z_5_reg_1273                            |  8|   0|    8|          0|
    |z_6_reg_1299                            |  8|   0|    8|          0|
    |z_reg_1217                              |  8|   0|    8|          0|
    +----------------------------------------+---+----+-----+-----------+
    |Total                                   |216|   0|  217|          1|
    +----------------------------------------+---+----+-----+-----------+



================================================================
== Interface
================================================================
* Summary: 
+--------------+-----+-----+------------+---------------+--------------+
|   RTL Ports  | Dir | Bits|  Protocol  | Source Object |    C Type    |
+--------------+-----+-----+------------+---------------+--------------+
|ap_clk        |   in|    1|  ap_ctrl_hs|  ClefiaF1Xor.2|  return value|
|ap_rst        |   in|    1|  ap_ctrl_hs|  ClefiaF1Xor.2|  return value|
|ap_start      |   in|    1|  ap_ctrl_hs|  ClefiaF1Xor.2|  return value|
|ap_done       |  out|    1|  ap_ctrl_hs|  ClefiaF1Xor.2|  return value|
|ap_idle       |  out|    1|  ap_ctrl_hs|  ClefiaF1Xor.2|  return value|
|ap_ready      |  out|    1|  ap_ctrl_hs|  ClefiaF1Xor.2|  return value|
|ap_ce         |   in|    1|  ap_ctrl_hs|  ClefiaF1Xor.2|  return value|
|dst_address0  |  out|    5|   ap_memory|            dst|         array|
|dst_ce0       |  out|    1|   ap_memory|            dst|         array|
|dst_we0       |  out|    1|   ap_memory|            dst|         array|
|dst_d0        |  out|    8|   ap_memory|            dst|         array|
|dst_address1  |  out|    5|   ap_memory|            dst|         array|
|dst_ce1       |  out|    1|   ap_memory|            dst|         array|
|dst_we1       |  out|    1|   ap_memory|            dst|         array|
|dst_d1        |  out|    8|   ap_memory|            dst|         array|
|dst_offset    |   in|    5|     ap_none|     dst_offset|        scalar|
|src_address0  |  out|    5|   ap_memory|            src|         array|
|src_ce0       |  out|    1|   ap_memory|            src|         array|
|src_q0        |   in|    8|   ap_memory|            src|         array|
|src_address1  |  out|    5|   ap_memory|            src|         array|
|src_ce1       |  out|    1|   ap_memory|            src|         array|
|src_q1        |   in|    8|   ap_memory|            src|         array|
|src_offset    |   in|    5|     ap_none|     src_offset|        scalar|
|rk_address0   |  out|    9|   ap_memory|             rk|         array|
|rk_ce0        |  out|    1|   ap_memory|             rk|         array|
|rk_q0         |   in|    8|   ap_memory|             rk|         array|
|rk_offset     |   in|    8|     ap_none|      rk_offset|        scalar|
+--------------+-----+-----+------------+---------------+--------------+

