

================================================================
== Vitis HLS Report for 'ClefiaEncrypt_1'
================================================================
* Date:           Tue Dec  6 19:11:05 2022

* Version:        2022.1 (Build 3526262 on Mon Apr 18 15:48:16 MDT 2022)
* Project:        CLEFIA_ip
* Solution:       solution1 (Vivado IP Flow Target)
* Product family: zynq
* Target device:  xc7z020-clg400-1


================================================================
== Performance Estimates
================================================================
+ Timing: 
    * Summary: 
    +--------+----------+----------+------------+
    |  Clock |  Target  | Estimated| Uncertainty|
    +--------+----------+----------+------------+
    |ap_clk  |  10.00 ns|  7.084 ns|     2.70 ns|
    +--------+----------+----------+------------+

+ Latency: 
    * Summary: 
    +---------+---------+----------+----------+-----+-----+---------+
    |  Latency (cycles) |  Latency (absolute) |  Interval | Pipeline|
    |   min   |   max   |    min   |    max   | min | max |   Type  |
    +---------+---------+----------+----------+-----+-----+---------+
    |      126|        ?|  1.260 us|         ?|  126|    ?|       no|
    +---------+---------+----------+----------+-----+-----+---------+

    + Detail: 
        * Instance: 
        +--------------------------------------------------------+---------------------------------------------+---------+---------+-----------+-----------+-----+-----+---------+
        |                                                        |                                             |  Latency (cycles) |   Latency (absolute)  |  Interval | Pipeline|
        |                        Instance                        |                    Module                   |   min   |   max   |    min    |    max    | min | max |   Type  |
        +--------------------------------------------------------+---------------------------------------------+---------+---------+-----------+-----------+-----+-----+---------+
        |grp_ClefiaEncrypt_1_Pipeline_VITIS_LOOP_116_1_fu_80     |ClefiaEncrypt_1_Pipeline_VITIS_LOOP_116_1    |       19|       19|   0.190 us|   0.190 us|   19|   19|       no|
        |grp_ClefiaEncrypt_1_Pipeline_VITIS_LOOP_123_1_fu_88     |ClefiaEncrypt_1_Pipeline_VITIS_LOOP_123_1    |        7|        7|  70.000 ns|  70.000 ns|    7|    7|       no|
        |grp_ClefiaEncrypt_1_Pipeline_VITIS_LOOP_123_118_fu_95   |ClefiaEncrypt_1_Pipeline_VITIS_LOOP_123_118  |        7|        7|  70.000 ns|  70.000 ns|    7|    7|       no|
        |grp_ClefiaEncrypt_1_Pipeline_VITIS_LOOP_116_119_fu_102  |ClefiaEncrypt_1_Pipeline_VITIS_LOOP_116_119  |       19|       19|   0.190 us|   0.190 us|   19|   19|       no|
        |grp_ClefiaEncrypt_1_Pipeline_VITIS_LOOP_193_1_fu_108    |ClefiaEncrypt_1_Pipeline_VITIS_LOOP_193_1    |       56|        ?|   0.560 us|          ?|   56|    ?|       no|
        |grp_ClefiaEncrypt_1_Pipeline_VITIS_LOOP_116_120_fu_121  |ClefiaEncrypt_1_Pipeline_VITIS_LOOP_116_120  |       19|       19|   0.190 us|   0.190 us|   19|   19|       no|
        |grp_ClefiaEncrypt_1_Pipeline_VITIS_LOOP_116_121_fu_127  |ClefiaEncrypt_1_Pipeline_VITIS_LOOP_116_121  |       19|       19|   0.190 us|   0.190 us|   19|   19|       no|
        |grp_ClefiaEncrypt_1_Pipeline_VITIS_LOOP_123_122_fu_134  |ClefiaEncrypt_1_Pipeline_VITIS_LOOP_123_122  |       10|       10|   0.100 us|   0.100 us|   10|   10|       no|
        |grp_ClefiaEncrypt_1_Pipeline_VITIS_LOOP_123_123_fu_143  |ClefiaEncrypt_1_Pipeline_VITIS_LOOP_123_123  |       10|       10|   0.100 us|   0.100 us|   10|   10|       no|
        +--------------------------------------------------------+---------------------------------------------+---------+---------+-----------+-----------+-----+-----+---------+

        * Loop: 
        N/A



================================================================
== Utilization Estimates
================================================================
* Summary: 
+-----------------+---------+-----+--------+-------+-----+
|       Name      | BRAM_18K| DSP |   FF   |  LUT  | URAM|
+-----------------+---------+-----+--------+-------+-----+
|DSP              |        -|    -|       -|      -|    -|
|Expression       |        -|    -|       0|     11|    -|
|FIFO             |        -|    -|       -|      -|    -|
|Instance         |        4|    -|     691|   2674|    -|
|Memory           |        0|    -|      56|      8|    0|
|Multiplexer      |        -|    -|       -|    528|    -|
|Register         |        -|    -|      33|      -|    -|
+-----------------+---------+-----+--------+-------+-----+
|Total            |        4|    0|     780|   3221|    0|
+-----------------+---------+-----+--------+-------+-----+
|Available        |      280|  220|  106400|  53200|    0|
+-----------------+---------+-----+--------+-------+-----+
|Utilization (%)  |        1|    0|      ~0|      6|    0|
+-----------------+---------+-----+--------+-------+-----+

+ Detail: 
    * Instance: 
    +--------------------------------------------------------+---------------------------------------------+---------+----+-----+------+-----+
    |                        Instance                        |                    Module                   | BRAM_18K| DSP|  FF |  LUT | URAM|
    +--------------------------------------------------------+---------------------------------------------+---------+----+-----+------+-----+
    |grp_ClefiaEncrypt_1_Pipeline_VITIS_LOOP_116_1_fu_80     |ClefiaEncrypt_1_Pipeline_VITIS_LOOP_116_1    |        0|   0|   12|    60|    0|
    |grp_ClefiaEncrypt_1_Pipeline_VITIS_LOOP_116_119_fu_102  |ClefiaEncrypt_1_Pipeline_VITIS_LOOP_116_119  |        0|   0|   12|    60|    0|
    |grp_ClefiaEncrypt_1_Pipeline_VITIS_LOOP_116_120_fu_121  |ClefiaEncrypt_1_Pipeline_VITIS_LOOP_116_120  |        0|   0|   12|    60|    0|
    |grp_ClefiaEncrypt_1_Pipeline_VITIS_LOOP_116_121_fu_127  |ClefiaEncrypt_1_Pipeline_VITIS_LOOP_116_121  |        0|   0|   12|    60|    0|
    |grp_ClefiaEncrypt_1_Pipeline_VITIS_LOOP_123_1_fu_88     |ClefiaEncrypt_1_Pipeline_VITIS_LOOP_123_1    |        0|   0|   81|   119|    0|
    |grp_ClefiaEncrypt_1_Pipeline_VITIS_LOOP_123_118_fu_95   |ClefiaEncrypt_1_Pipeline_VITIS_LOOP_123_118  |        0|   0|   80|   119|    0|
    |grp_ClefiaEncrypt_1_Pipeline_VITIS_LOOP_123_122_fu_134  |ClefiaEncrypt_1_Pipeline_VITIS_LOOP_123_122  |        0|   0|    9|   102|    0|
    |grp_ClefiaEncrypt_1_Pipeline_VITIS_LOOP_123_123_fu_143  |ClefiaEncrypt_1_Pipeline_VITIS_LOOP_123_123  |        0|   0|   10|   102|    0|
    |grp_ClefiaEncrypt_1_Pipeline_VITIS_LOOP_193_1_fu_108    |ClefiaEncrypt_1_Pipeline_VITIS_LOOP_193_1    |        4|   0|  463|  1992|    0|
    +--------------------------------------------------------+---------------------------------------------+---------+----+-----+------+-----+
    |Total                                                   |                                             |        4|   0|  691|  2674|    0|
    +--------------------------------------------------------+---------------------------------------------+---------+----+-----+------+-----+

    * DSP: 
    N/A

    * Memory: 
    +--------+------------------------------------+---------+----+----+-----+------+-----+------+-------------+
    | Memory |               Module               | BRAM_18K| FF | LUT| URAM| Words| Bits| Banks| W*Bits*Banks|
    +--------+------------------------------------+---------+----+----+-----+------+-----+------+-------------+
    |fin_U   |ClefiaEncrypt_1_fin_RAM_AUTO_1R1W   |        0|  16|   2|    0|    16|    8|     1|          128|
    |fout_U  |ClefiaEncrypt_1_fin_RAM_AUTO_1R1W   |        0|  16|   2|    0|    16|    8|     1|          128|
    |rin_U   |ClefiaEncrypt_1_rin_RAM_AUTO_1R1W   |        0|  16|   2|    0|    16|    8|     1|          128|
    |rout_U  |ClefiaEncrypt_1_rout_RAM_AUTO_1R1W  |        0|   8|   2|    0|    16|    8|     1|          128|
    +--------+------------------------------------+---------+----+----+-----+------+-----+------+-------------+
    |Total   |                                    |        0|  56|   8|    0|    64|   32|     4|          512|
    +--------+------------------------------------+---------+----+----+-----+------+-----+------+-------------+

    * FIFO: 
    N/A

    * Expression: 
    +----------------------------------+----------+----+---+----+------------+------------+
    |           Variable Name          | Operation| DSP| FF| LUT| Bitwidth P0| Bitwidth P1|
    +----------------------------------+----------+----+---+----+------------+------------+
    |ap_block_state10_on_subcall_done  |       and|   0|  0|   2|           1|           1|
    |icmp_ln193_fu_152_p2              |      icmp|   0|  0|   9|           5|           1|
    +----------------------------------+----------+----+---+----+------------+------------+
    |Total                             |          |   0|  0|  11|           6|           2|
    +----------------------------------+----------+----+---+----+------------+------------+

    * Multiplexer: 
    +---------------------+----+-----------+-----+-----------+
    |         Name        | LUT| Input Size| Bits| Total Bits|
    +---------------------+----+-----------+-----+-----------+
    |Clefia_enc_address0  |  20|          4|    4|         16|
    |Clefia_enc_ce0       |  20|          4|    1|          4|
    |Clefia_enc_d0        |  20|          4|    8|         32|
    |Clefia_enc_we0       |  20|          4|    1|          4|
    |ap_NS_fsm            |  93|         19|    1|         19|
    |fin_address0         |  14|          3|    4|         12|
    |fin_ce0              |  14|          3|    1|          3|
    |fin_ce1              |   9|          2|    1|          2|
    |fin_d0               |  14|          3|    8|         24|
    |fin_we0              |  14|          3|    1|          3|
    |fin_we1              |   9|          2|    1|          2|
    |fout_address0        |  14|          3|    4|         12|
    |fout_ce0             |  14|          3|    1|          3|
    |fout_ce1             |   9|          2|    1|          2|
    |fout_we0             |   9|          2|    1|          2|
    |fout_we1             |   9|          2|    1|          2|
    |rin_address0         |  25|          5|    4|         20|
    |rin_address1         |  14|          3|    4|         12|
    |rin_ce0              |  25|          5|    1|          5|
    |rin_ce1              |  14|          3|    1|          3|
    |rin_d0               |  20|          4|    8|         32|
    |rin_we0              |  20|          4|    1|          4|
    |rk_address0          |  31|          6|    8|         48|
    |rk_ce0               |  31|          6|    1|          6|
    |rk_ce1               |   9|          2|    1|          2|
    |rout_address0        |  14|          3|    4|         12|
    |rout_ce0             |  14|          3|    1|          3|
    |rout_we0             |   9|          2|    1|          2|
    +---------------------+----+-----------+-----+-----------+
    |Total                | 528|        109|   74|        291|
    +---------------------+----+-----------+-----+-----------+

    * Register: 
    +---------------------------------------------------------------------+----+----+-----+-----------+
    |                                 Name                                | FF | LUT| Bits| Const Bits|
    +---------------------------------------------------------------------+----+----+-----+-----------+
    |ap_CS_fsm                                                            |  18|   0|   18|          0|
    |grp_ClefiaEncrypt_1_Pipeline_VITIS_LOOP_116_119_fu_102_ap_start_reg  |   1|   0|    1|          0|
    |grp_ClefiaEncrypt_1_Pipeline_VITIS_LOOP_116_120_fu_121_ap_start_reg  |   1|   0|    1|          0|
    |grp_ClefiaEncrypt_1_Pipeline_VITIS_LOOP_116_121_fu_127_ap_start_reg  |   1|   0|    1|          0|
    |grp_ClefiaEncrypt_1_Pipeline_VITIS_LOOP_116_1_fu_80_ap_start_reg     |   1|   0|    1|          0|
    |grp_ClefiaEncrypt_1_Pipeline_VITIS_LOOP_123_118_fu_95_ap_start_reg   |   1|   0|    1|          0|
    |grp_ClefiaEncrypt_1_Pipeline_VITIS_LOOP_123_122_fu_134_ap_start_reg  |   1|   0|    1|          0|
    |grp_ClefiaEncrypt_1_Pipeline_VITIS_LOOP_123_123_fu_143_ap_start_reg  |   1|   0|    1|          0|
    |grp_ClefiaEncrypt_1_Pipeline_VITIS_LOOP_123_1_fu_88_ap_start_reg     |   1|   0|    1|          0|
    |grp_ClefiaEncrypt_1_Pipeline_VITIS_LOOP_193_1_fu_108_ap_start_reg    |   1|   0|    1|          0|
    |icmp_ln193_reg_172                                                   |   1|   0|    1|          0|
    |shl_ln_reg_176                                                       |   5|   0|    8|          3|
    +---------------------------------------------------------------------+----+----+-----+-----------+
    |Total                                                                |  33|   0|   36|          3|
    +---------------------------------------------------------------------+----+----+-----+-----------+



================================================================
== Interface
================================================================
* Summary: 
+---------------------+-----+-----+------------+-----------------+--------------+
|      RTL Ports      | Dir | Bits|  Protocol  |  Source Object  |    C Type    |
+---------------------+-----+-----+------------+-----------------+--------------+
|ap_clk               |   in|    1|  ap_ctrl_hs|  ClefiaEncrypt.1|  return value|
|ap_rst               |   in|    1|  ap_ctrl_hs|  ClefiaEncrypt.1|  return value|
|ap_start             |   in|    1|  ap_ctrl_hs|  ClefiaEncrypt.1|  return value|
|ap_done              |  out|    1|  ap_ctrl_hs|  ClefiaEncrypt.1|  return value|
|ap_idle              |  out|    1|  ap_ctrl_hs|  ClefiaEncrypt.1|  return value|
|ap_ready             |  out|    1|  ap_ctrl_hs|  ClefiaEncrypt.1|  return value|
|Clefia_enc_address0  |  out|    4|   ap_memory|       Clefia_enc|         array|
|Clefia_enc_ce0       |  out|    1|   ap_memory|       Clefia_enc|         array|
|Clefia_enc_we0       |  out|    1|   ap_memory|       Clefia_enc|         array|
|Clefia_enc_d0        |  out|    8|   ap_memory|       Clefia_enc|         array|
|Clefia_enc_q0        |   in|    8|   ap_memory|       Clefia_enc|         array|
|pt_address0          |  out|    4|   ap_memory|               pt|         array|
|pt_ce0               |  out|    1|   ap_memory|               pt|         array|
|pt_q0                |   in|    8|   ap_memory|               pt|         array|
|rk_address0          |  out|    8|   ap_memory|               rk|         array|
|rk_ce0               |  out|    1|   ap_memory|               rk|         array|
|rk_q0                |   in|    8|   ap_memory|               rk|         array|
|rk_address1          |  out|    8|   ap_memory|               rk|         array|
|rk_ce1               |  out|    1|   ap_memory|               rk|         array|
|rk_q1                |   in|    8|   ap_memory|               rk|         array|
|r                    |   in|    5|     ap_none|                r|        scalar|
+---------------------+-----+-----+------------+-----------------+--------------+

