

================================================================
== Vitis HLS Report for 'ByteCpy_120'
================================================================
* Date:           Wed Dec  7 16:29:57 2022

* Version:        2022.1 (Build 3526262 on Mon Apr 18 15:48:16 MDT 2022)
* Project:        CLEFIA_ip
* Solution:       solution3 (Vivado IP Flow Target)
* Product family: zynq
* Target device:  xc7z020-clg400-1


================================================================
== Performance Estimates
================================================================
+ Timing: 
    * Summary: 
    +--------+----------+----------+------------+
    |  Clock |  Target  | Estimated| Uncertainty|
    +--------+----------+----------+------------+
    |ap_clk  |  10.00 ns|  5.576 ns|     2.70 ns|
    +--------+----------+----------+------------+

+ Latency: 
    * Summary: 
    +---------+---------+----------+----------+-----+-----+---------+
    |  Latency (cycles) |  Latency (absolute) |  Interval | Pipeline|
    |   min   |   max   |    min   |    max   | min | max |   Type  |
    +---------+---------+----------+----------+-----+-----+---------+
    |       17|       17|  0.170 us|  0.170 us|   17|   17|       no|
    +---------+---------+----------+----------+-----+-----+---------+

    + Detail: 
        * Instance: 
        N/A

        * Loop: 
        +------------------+---------+---------+----------+-----------+-----------+------+----------+
        |                  |  Latency (cycles) | Iteration|  Initiation Interval  | Trip |          |
        |     Loop Name    |   min   |   max   |  Latency |  achieved |   target  | Count| Pipelined|
        +------------------+---------+---------+----------+-----------+-----------+------+----------+
        |- ByteCpy_label1  |       16|       16|         2|          -|          -|     8|        no|
        +------------------+---------+---------+----------+-----------+-----------+------+----------+



================================================================
== Utilization Estimates
================================================================
* Summary: 
+-----------------+---------+-----+--------+-------+-----+
|       Name      | BRAM_18K| DSP |   FF   |  LUT  | URAM|
+-----------------+---------+-----+--------+-------+-----+
|DSP              |        -|    -|       -|      -|    -|
|Expression       |        -|    -|       0|     50|    -|
|FIFO             |        -|    -|       -|      -|    -|
|Instance         |        -|    -|       -|      -|    -|
|Memory           |        0|    -|       8|      4|    -|
|Multiplexer      |        -|    -|       -|     29|    -|
|Register         |        -|    -|      15|      -|    -|
+-----------------+---------+-----+--------+-------+-----+
|Total            |        0|    0|      23|     83|    0|
+-----------------+---------+-----+--------+-------+-----+
|Available        |      280|  220|  106400|  53200|    0|
+-----------------+---------+-----+--------+-------+-----+
|Utilization (%)  |        0|    0|      ~0|     ~0|    0|
+-----------------+---------+-----+--------+-------+-----+

+ Detail: 
    * Instance: 
    N/A

    * DSP: 
    N/A

    * Memory: 
    +--------+------------------------------+---------+---+----+-----+------+-----+------+-------------+
    | Memory |            Module            | BRAM_18K| FF| LUT| URAM| Words| Bits| Banks| W*Bits*Banks|
    +--------+------------------------------+---------+---+----+-----+------+-----+------+-------------+
    |skey_U  |ByteCpy_120_skey_ROM_AUTO_1R  |        0|  8|   4|    0|    32|    8|     1|          256|
    +--------+------------------------------+---------+---+----+-----+------+-----+------+-------------+
    |Total   |                              |        0|  8|   4|    0|    32|    8|     1|          256|
    +--------+------------------------------+---------+---+----+-----+------+-----+------+-------------+

    * FIFO: 
    N/A

    * Expression: 
    +-----------------------+----------+----+---+----+------------+------------+
    |     Variable Name     | Operation| DSP| FF| LUT| Bitwidth P0| Bitwidth P1|
    +-----------------------+----------+----+---+----+------------+------------+
    |add_ln117_1_fu_97_p2   |         +|   0|  0|  13|           4|           4|
    |add_ln117_2_fu_107_p2  |         +|   0|  0|  15|           8|           8|
    |add_ln117_fu_87_p2     |         +|   0|  0|  13|           4|           1|
    |icmp_ln116_fu_81_p2    |      icmp|   0|  0|   9|           4|           5|
    +-----------------------+----------+----+---+----+------------+------------+
    |Total                  |          |   0|  0|  50|          20|          18|
    +-----------------------+----------+----+---+----+------------+------------+

    * Multiplexer: 
    +-----------+----+-----------+-----+-----------+
    |    Name   | LUT| Input Size| Bits| Total Bits|
    +-----------+----+-----------+-----+-----------+
    |ap_NS_fsm  |  20|          4|    1|          4|
    |idx_fu_30  |   9|          2|    4|          8|
    +-----------+----+-----------+-----+-----------+
    |Total      |  29|          6|    5|         12|
    +-----------+----+-----------+-----+-----------+

    * Register: 
    +---------------------+---+----+-----+-----------+
    |         Name        | FF| LUT| Bits| Const Bits|
    +---------------------+---+----+-----+-----------+
    |add_ln117_2_reg_146  |  8|   0|    8|          0|
    |ap_CS_fsm            |  3|   0|    3|          0|
    |idx_fu_30            |  4|   0|    4|          0|
    +---------------------+---+----+-----+-----------+
    |Total                | 15|   0|   15|          0|
    +---------------------+---+----+-----+-----------+



================================================================
== Interface
================================================================
* Summary: 
+--------------+-----+-----+------------+--------------+--------------+
|   RTL Ports  | Dir | Bits|  Protocol  | Source Object|    C Type    |
+--------------+-----+-----+------------+--------------+--------------+
|ap_clk        |   in|    1|  ap_ctrl_hs|   ByteCpy.120|  return value|
|ap_rst        |   in|    1|  ap_ctrl_hs|   ByteCpy.120|  return value|
|ap_start      |   in|    1|  ap_ctrl_hs|   ByteCpy.120|  return value|
|ap_done       |  out|    1|  ap_ctrl_hs|   ByteCpy.120|  return value|
|ap_idle       |  out|    1|  ap_ctrl_hs|   ByteCpy.120|  return value|
|ap_ready      |  out|    1|  ap_ctrl_hs|   ByteCpy.120|  return value|
|dst_address0  |  out|    8|   ap_memory|           dst|         array|
|dst_ce0       |  out|    1|   ap_memory|           dst|         array|
|dst_we0       |  out|    1|   ap_memory|           dst|         array|
|dst_d0        |  out|    8|   ap_memory|           dst|         array|
|dst_offset    |   in|    8|     ap_none|    dst_offset|        scalar|
|src_offset    |   in|    4|     ap_none|    src_offset|        scalar|
+--------------+-----+-----+------------+--------------+--------------+

