

================================================================
== Vitis HLS Report for 'ByteCpy_2'
================================================================
* Date:           Wed Dec  7 16:30:00 2022

* Version:        2022.1 (Build 3526262 on Mon Apr 18 15:48:16 MDT 2022)
* Project:        CLEFIA_ip
* Solution:       solution3 (Vivado IP Flow Target)
* Product family: zynq
* Target device:  xc7z020-clg400-1


================================================================
== Performance Estimates
================================================================
+ Timing: 
    * Summary: 
    +--------+----------+----------+------------+
    |  Clock |  Target  | Estimated| Uncertainty|
    +--------+----------+----------+------------+
    |ap_clk  |  10.00 ns|  4.644 ns|     2.70 ns|
    +--------+----------+----------+------------+

+ Latency: 
    * Summary: 
    +---------+---------+----------+----------+-----+-----+---------+
    |  Latency (cycles) |  Latency (absolute) |  Interval | Pipeline|
    |   min   |   max   |    min   |    max   | min | max |   Type  |
    +---------+---------+----------+----------+-----+-----+---------+
    |       16|       16|  0.160 us|  0.160 us|   16|   16|      yes|
    +---------+---------+----------+----------+-----+-----+---------+

    + Detail: 
        * Instance: 
        N/A

        * Loop: 
        N/A



================================================================
== Utilization Estimates
================================================================
* Summary: 
+-----------------+---------+-----+--------+-------+-----+
|       Name      | BRAM_18K| DSP |   FF   |  LUT  | URAM|
+-----------------+---------+-----+--------+-------+-----+
|DSP              |        -|    -|       -|      -|    -|
|Expression       |        -|    -|       0|      2|    -|
|FIFO             |        -|    -|       -|      -|    -|
|Instance         |        -|    -|       -|      -|    -|
|Memory           |        -|    -|       -|      -|    -|
|Multiplexer      |        -|    -|       -|    365|    -|
|Register         |        -|    -|      82|      -|    -|
+-----------------+---------+-----+--------+-------+-----+
|Total            |        0|    0|      82|    367|    0|
+-----------------+---------+-----+--------+-------+-----+
|Available        |      280|  220|  106400|  53200|    0|
+-----------------+---------+-----+--------+-------+-----+
|Utilization (%)  |        0|    0|      ~0|     ~0|    0|
+-----------------+---------+-----+--------+-------+-----+

+ Detail: 
    * Instance: 
    N/A

    * DSP: 
    N/A

    * Memory: 
    N/A

    * FIFO: 
    N/A

    * Expression: 
    +---------------+----------+----+---+----+------------+------------+
    | Variable Name | Operation| DSP| FF| LUT| Bitwidth P0| Bitwidth P1|
    +---------------+----------+----+---+----+------------+------------+
    |ap_enable_pp0  |       xor|   0|  0|   2|           1|           2|
    +---------------+----------+----+---+----+------------+------------+
    |Total          |          |   0|  0|   2|           1|           2|
    +---------------+----------+----+---+----+------------+------------+

    * Multiplexer: 
    +-------------------------+----+-----------+-----+-----------+
    |           Name          | LUT| Input Size| Bits| Total Bits|
    +-------------------------+----+-----------+-----+-----------+
    |Clefia_enc_address0      |  81|         17|    4|         68|
    |Clefia_enc_d0            |  53|         10|    8|         80|
    |ap_NS_fsm                |  81|         17|    1|         17|
    |ap_enable_reg_pp0_iter0  |   9|          2|    1|          2|
    |ap_enable_reg_pp0_iter1  |   9|          2|    1|          2|
    |reg_357                  |   9|          2|    8|         16|
    |reg_363                  |   9|          2|    8|         16|
    |reg_369                  |   9|          2|    8|         16|
    |reg_375                  |   9|          2|    8|         16|
    |src_address0             |  48|          9|    4|         36|
    |src_address1             |  48|          9|    4|         36|
    +-------------------------+----+-----------+-----+-----------+
    |Total                    | 365|         74|   55|        305|
    +-------------------------+----+-----------+-----+-----------+

    * Register: 
    +-----------------------------+----+----+-----+-----------+
    |             Name            | FF | LUT| Bits| Const Bits|
    +-----------------------------+----+----+-----+-----------+
    |ap_CS_fsm                    |  16|   0|   16|          0|
    |ap_enable_reg_pp0_iter0_reg  |   1|   0|    1|          0|
    |ap_enable_reg_pp0_iter1      |   1|   0|    1|          0|
    |reg_357                      |   8|   0|    8|          0|
    |reg_363                      |   8|   0|    8|          0|
    |reg_369                      |   8|   0|    8|          0|
    |reg_375                      |   8|   0|    8|          0|
    |src_load_11_reg_446          |   8|   0|    8|          0|
    |src_load_13_reg_461          |   8|   0|    8|          0|
    |src_load_15_reg_476          |   8|   0|    8|          0|
    |src_load_9_reg_431           |   8|   0|    8|          0|
    +-----------------------------+----+----+-----+-----------+
    |Total                        |  82|   0|   82|          0|
    +-----------------------------+----+----+-----+-----------+



================================================================
== Interface
================================================================
* Summary: 
+---------------------+-----+-----+------------+--------------+--------------+
|      RTL Ports      | Dir | Bits|  Protocol  | Source Object|    C Type    |
+---------------------+-----+-----+------------+--------------+--------------+
|ap_clk               |   in|    1|  ap_ctrl_hs|     ByteCpy.2|  return value|
|ap_rst               |   in|    1|  ap_ctrl_hs|     ByteCpy.2|  return value|
|ap_start             |   in|    1|  ap_ctrl_hs|     ByteCpy.2|  return value|
|ap_done              |  out|    1|  ap_ctrl_hs|     ByteCpy.2|  return value|
|ap_idle              |  out|    1|  ap_ctrl_hs|     ByteCpy.2|  return value|
|ap_ready             |  out|    1|  ap_ctrl_hs|     ByteCpy.2|  return value|
|ap_ce                |   in|    1|  ap_ctrl_hs|     ByteCpy.2|  return value|
|Clefia_enc_address0  |  out|    4|   ap_memory|    Clefia_enc|         array|
|Clefia_enc_ce0       |  out|    1|   ap_memory|    Clefia_enc|         array|
|Clefia_enc_we0       |  out|    1|   ap_memory|    Clefia_enc|         array|
|Clefia_enc_d0        |  out|    8|   ap_memory|    Clefia_enc|         array|
|src_address0         |  out|    4|   ap_memory|           src|         array|
|src_ce0              |  out|    1|   ap_memory|           src|         array|
|src_q0               |   in|    8|   ap_memory|           src|         array|
|src_address1         |  out|    4|   ap_memory|           src|         array|
|src_ce1              |  out|    1|   ap_memory|           src|         array|
|src_q1               |   in|    8|   ap_memory|           src|         array|
+---------------------+-----+-----+------------+--------------+--------------+

