

================================================================
== Vitis HLS Report for 'ByteCpy_1'
================================================================
* Date:           Wed Dec  7 16:30:00 2022

* Version:        2022.1 (Build 3526262 on Mon Apr 18 15:48:16 MDT 2022)
* Project:        CLEFIA_ip
* Solution:       solution3 (Vivado IP Flow Target)
* Product family: zynq
* Target device:  xc7z020-clg400-1


================================================================
== Performance Estimates
================================================================
+ Timing: 
    * Summary: 
    +--------+----------+----------+------------+
    |  Clock |  Target  | Estimated| Uncertainty|
    +--------+----------+----------+------------+
    |ap_clk  |  10.00 ns|  4.644 ns|     2.70 ns|
    +--------+----------+----------+------------+

+ Latency: 
    * Summary: 
    +---------+---------+----------+----------+-----+-----+---------+
    |  Latency (cycles) |  Latency (absolute) |  Interval | Pipeline|
    |   min   |   max   |    min   |    max   | min | max |   Type  |
    +---------+---------+----------+----------+-----+-----+---------+
    |       16|       16|  0.160 us|  0.160 us|   16|   16|      yes|
    +---------+---------+----------+----------+-----+-----+---------+

    + Detail: 
        * Instance: 
        N/A

        * Loop: 
        N/A



================================================================
== Utilization Estimates
================================================================
* Summary: 
+-----------------+---------+-----+--------+-------+-----+
|       Name      | BRAM_18K| DSP |   FF   |  LUT  | URAM|
+-----------------+---------+-----+--------+-------+-----+
|DSP              |        -|    -|       -|      -|    -|
|Expression       |        -|    -|       0|      2|    -|
|FIFO             |        -|    -|       -|      -|    -|
|Instance         |        -|    -|       -|      -|    -|
|Memory           |        -|    -|       -|      -|    -|
|Multiplexer      |        -|    -|       -|    261|    -|
|Register         |        -|    -|      18|      -|    -|
+-----------------+---------+-----+--------+-------+-----+
|Total            |        0|    0|      18|    263|    0|
+-----------------+---------+-----+--------+-------+-----+
|Available        |      280|  220|  106400|  53200|    0|
+-----------------+---------+-----+--------+-------+-----+
|Utilization (%)  |        0|    0|      ~0|     ~0|    0|
+-----------------+---------+-----+--------+-------+-----+

+ Detail: 
    * Instance: 
    N/A

    * DSP: 
    N/A

    * Memory: 
    N/A

    * FIFO: 
    N/A

    * Expression: 
    +---------------+----------+----+---+----+------------+------------+
    | Variable Name | Operation| DSP| FF| LUT| Bitwidth P0| Bitwidth P1|
    +---------------+----------+----+---+----+------------+------------+
    |ap_enable_pp0  |       xor|   0|  0|   2|           1|           2|
    +---------------+----------+----+---+----+------------+------------+
    |Total          |          |   0|  0|   2|           1|           2|
    +---------------+----------+----+---+----+------------+------------+

    * Multiplexer: 
    +-------------------------+----+-----------+-----+-----------+
    |           Name          | LUT| Input Size| Bits| Total Bits|
    +-------------------------+----+-----------+-----+-----------+
    |ap_NS_fsm                |  81|         17|    1|         17|
    |ap_enable_reg_pp0_iter0  |   9|          2|    1|          2|
    |ap_enable_reg_pp0_iter1  |   9|          2|    1|          2|
    |dst_address0             |  81|         17|    4|         68|
    |pt_address0              |  81|         17|    4|         68|
    +-------------------------+----+-----------+-----+-----------+
    |Total                    | 261|         55|   11|        157|
    +-------------------------+----+-----------+-----+-----------+

    * Register: 
    +-----------------------------+----+----+-----+-----------+
    |             Name            | FF | LUT| Bits| Const Bits|
    +-----------------------------+----+----+-----+-----------+
    |ap_CS_fsm                    |  16|   0|   16|          0|
    |ap_enable_reg_pp0_iter0_reg  |   1|   0|    1|          0|
    |ap_enable_reg_pp0_iter1      |   1|   0|    1|          0|
    +-----------------------------+----+----+-----+-----------+
    |Total                        |  18|   0|   18|          0|
    +-----------------------------+----+----+-----+-----------+



================================================================
== Interface
================================================================
* Summary: 
+--------------+-----+-----+------------+--------------+--------------+
|   RTL Ports  | Dir | Bits|  Protocol  | Source Object|    C Type    |
+--------------+-----+-----+------------+--------------+--------------+
|ap_clk        |   in|    1|  ap_ctrl_hs|     ByteCpy.1|  return value|
|ap_rst        |   in|    1|  ap_ctrl_hs|     ByteCpy.1|  return value|
|ap_start      |   in|    1|  ap_ctrl_hs|     ByteCpy.1|  return value|
|ap_done       |  out|    1|  ap_ctrl_hs|     ByteCpy.1|  return value|
|ap_idle       |  out|    1|  ap_ctrl_hs|     ByteCpy.1|  return value|
|ap_ready      |  out|    1|  ap_ctrl_hs|     ByteCpy.1|  return value|
|ap_ce         |   in|    1|  ap_ctrl_hs|     ByteCpy.1|  return value|
|dst_address0  |  out|    4|   ap_memory|           dst|         array|
|dst_ce0       |  out|    1|   ap_memory|           dst|         array|
|dst_we0       |  out|    1|   ap_memory|           dst|         array|
|dst_d0        |  out|    8|   ap_memory|           dst|         array|
|pt_address0   |  out|    4|   ap_memory|            pt|         array|
|pt_ce0        |  out|    1|   ap_memory|            pt|         array|
|pt_q0         |   in|    8|   ap_memory|            pt|         array|
+--------------+-----+-----+------------+--------------+--------------+

