

================================================================
== Vitis HLS Report for 'ClefiaKeySet'
================================================================
* Date:           Wed Dec  7 16:29:58 2022

* Version:        2022.1 (Build 3526262 on Mon Apr 18 15:48:16 MDT 2022)
* Project:        CLEFIA_ip
* Solution:       solution3 (Vivado IP Flow Target)
* Product family: zynq
* Target device:  xc7z020-clg400-1


================================================================
== Performance Estimates
================================================================
+ Timing: 
    * Summary: 
    +--------+----------+----------+------------+
    |  Clock |  Target  | Estimated| Uncertainty|
    +--------+----------+----------+------------+
    |ap_clk  |  10.00 ns|  6.740 ns|     2.70 ns|
    +--------+----------+----------+------------+

+ Latency: 
    * Summary: 
    +---------+---------+-----------+-----------+-----+------+---------+
    |  Latency (cycles) |   Latency (absolute)  |  Interval  | Pipeline|
    |   min   |   max   |    min    |    max    | min |  max |   Type  |
    +---------+---------+-----------+-----------+-----+------+---------+
    |        1|     5766|  10.000 ns|  57.660 us|    1|  5766|       no|
    +---------+---------+-----------+-----------+-----+------+---------+

    + Detail: 
        * Instance: 
        +-------------------------------+--------------------+---------+---------+-----------+----------+-----+-----+---------+
        |                               |                    |  Latency (cycles) |  Latency (absolute)  |  Interval | Pipeline|
        |            Instance           |       Module       |   min   |   max   |    min    |    max   | min | max |   Type  |
        +-------------------------------+--------------------+---------+---------+-----------+----------+-----+-----+---------+
        |grp_ByteCpy_115_fu_445         |ByteCpy_115         |       65|       65|   0.650 us|  0.650 us|   65|   65|       no|
        |grp_ByteXor_112_fu_453         |ByteXor_112         |       17|       17|   0.170 us|  0.170 us|   17|   17|       no|
        |grp_ByteCpy_114_fu_471         |ByteCpy_114         |       49|       65|   0.490 us|  0.650 us|   49|   65|       no|
        |grp_ByteCpy_121_fu_482         |ByteCpy_121         |       33|       33|   0.330 us|  0.330 us|   33|   33|       no|
        |grp_ByteCpy_120_fu_490         |ByteCpy_120         |       17|       17|   0.170 us|  0.170 us|   17|   17|       no|
        |grp_ClefiaF0Xor_2_fu_504       |ClefiaF0Xor_2       |       32|       80|   0.320 us|  0.800 us|   32|   80|       no|
        |grp_ClefiaF1Xor_1_fu_543       |ClefiaF1Xor_1       |       32|       80|   0.320 us|  0.800 us|   32|   80|       no|
        |grp_ByteCpy_118_fu_582         |ByteCpy_118         |        9|       57|  90.000 ns|  0.570 us|    9|   57|       no|
        |grp_ByteXor_113_fu_597         |ByteXor_113         |       49|       49|   0.490 us|  0.490 us|   49|   49|       no|
        |grp_ClefiaDoubleSwap_1_fu_637  |ClefiaDoubleSwap_1  |       44|       44|   0.440 us|  0.440 us|   44|   44|       no|
        |grp_ByteXor_112_1_fu_645       |ByteXor_112_1       |       49|       49|   0.490 us|  0.490 us|   49|   49|       no|
        |grp_ClefiaF0Xor_1_fu_663       |ClefiaF0Xor_1       |       32|       80|   0.320 us|  0.800 us|   32|   80|       no|
        |grp_ClefiaF1Xor_fu_702         |ClefiaF1Xor         |       32|       80|   0.320 us|  0.800 us|   32|   80|       no|
        |grp_ByteXor_114_fu_741         |ByteXor_114         |       49|       49|   0.490 us|  0.490 us|   49|   49|       no|
        |grp_ClefiaF0Xor_125_fu_777     |ClefiaF0Xor_125     |       32|       56|   0.320 us|  0.560 us|   32|   56|       no|
        |grp_ClefiaF1Xor_2_fu_802       |ClefiaF1Xor_2       |       32|       48|   0.320 us|  0.480 us|   32|   48|       no|
        |grp_ByteCpy_119_fu_827         |ByteCpy_119         |        9|       25|  90.000 ns|  0.250 us|    9|   25|       no|
        |grp_ByteCpy_116_fu_842         |ByteCpy_116         |       33|       33|   0.330 us|  0.330 us|   33|   33|       no|
        |grp_ByteXor_111_fu_848         |ByteXor_111         |       49|       49|   0.490 us|  0.490 us|   49|   49|       no|
        |grp_ClefiaDoubleSwap_fu_877    |ClefiaDoubleSwap    |       20|       44|   0.200 us|  0.440 us|   20|   44|       no|
        +-------------------------------+--------------------+---------+---------+-----------+----------+-----+-----+---------+

        * Loop: 
        N/A



================================================================
== Utilization Estimates
================================================================
* Summary: 
+-----------------+---------+-----+--------+-------+-----+
|       Name      | BRAM_18K| DSP |   FF   |  LUT  | URAM|
+-----------------+---------+-----+--------+-------+-----+
|DSP              |        -|    -|       -|      -|    -|
|Expression       |        -|    -|       0|     72|    -|
|FIFO             |        -|    -|       -|      -|    -|
|Instance         |       12|    -|    1341|   6348|    0|
|Memory           |        3|    -|     128|     38|    0|
|Multiplexer      |        -|    -|       -|   5183|    -|
|Register         |        -|    -|     503|      -|    -|
+-----------------+---------+-----+--------+-------+-----+
|Total            |       15|    0|    1972|  11641|    0|
+-----------------+---------+-----+--------+-------+-----+
|Available        |      280|  220|  106400|  53200|    0|
+-----------------+---------+-----+--------+-------+-----+
|Utilization (%)  |        5|    0|       1|     21|    0|
+-----------------+---------+-----+--------+-------+-----+

+ Detail: 
    * Instance: 
    +-------------------------------+--------------------+---------+----+-----+-----+-----+
    |            Instance           |       Module       | BRAM_18K| DSP|  FF | LUT | URAM|
    +-------------------------------+--------------------+---------+----+-----+-----+-----+
    |grp_ByteCpy_114_fu_471         |ByteCpy_114         |        0|   0|   15|   53|    0|
    |grp_ByteCpy_115_fu_445         |ByteCpy_115         |        0|   0|   15|   53|    0|
    |grp_ByteCpy_116_fu_842         |ByteCpy_116         |        0|   0|   13|   52|    0|
    |grp_ByteCpy_118_fu_582         |ByteCpy_118         |        0|   0|   18|   77|    0|
    |grp_ByteCpy_119_fu_827         |ByteCpy_119         |        0|   0|   11|   77|    0|
    |grp_ByteCpy_120_fu_490         |ByteCpy_120         |        0|   0|   23|   83|    0|
    |grp_ByteCpy_121_fu_482         |ByteCpy_121         |        0|   0|   13|   52|    0|
    |grp_ByteXor_111_fu_848         |ByteXor_111         |        0|   0|   25|   95|    0|
    |grp_ByteXor_112_fu_453         |ByteXor_112         |        0|   0|   15|  100|    0|
    |grp_ByteXor_112_1_fu_645       |ByteXor_112_1       |        0|   0|   25|  107|    0|
    |grp_ByteXor_113_fu_597         |ByteXor_113         |        0|   0|   25|  107|    0|
    |grp_ByteXor_114_fu_741         |ByteXor_114         |        0|   0|   25|  107|    0|
    |grp_ClefiaDoubleSwap_fu_877    |ClefiaDoubleSwap    |        0|   0|   75|  453|    0|
    |grp_ClefiaDoubleSwap_1_fu_637  |ClefiaDoubleSwap_1  |        0|   0|   75|  662|    0|
    |grp_ClefiaF0Xor_1_fu_663       |ClefiaF0Xor_1       |        2|   0|  163|  700|    0|
    |grp_ClefiaF0Xor_125_fu_777     |ClefiaF0Xor_125     |        2|   0|  147|  647|    0|
    |grp_ClefiaF0Xor_2_fu_504       |ClefiaF0Xor_2       |        2|   0|  163|  700|    0|
    |grp_ClefiaF1Xor_fu_702         |ClefiaF1Xor         |        2|   0|  171|  750|    0|
    |grp_ClefiaF1Xor_1_fu_543       |ClefiaF1Xor_1       |        2|   0|  171|  750|    0|
    |grp_ClefiaF1Xor_2_fu_802       |ClefiaF1Xor_2       |        2|   0|  153|  723|    0|
    +-------------------------------+--------------------+---------+----+-----+-----+-----+
    |Total                          |                    |       12|   0| 1341| 6348|    0|
    +-------------------------------+--------------------+---------+----+-----+-----+-----+

    * DSP: 
    N/A

    * Memory: 
    +-----------+------------------------------------+---------+----+----+-----+------+-----+------+-------------+
    |   Memory  |               Module               | BRAM_18K| FF | LUT| URAM| Words| Bits| Banks| W*Bits*Banks|
    +-----------+------------------------------------+---------+----+----+-----+------+-----+------+-------------+
    |con128_U   |ClefiaKeySet_con128_ROM_AUTO_1R     |        1|   0|   0|    0|   240|    8|     1|         1920|
    |con192_U   |ClefiaKeySet_con192_ROM_AUTO_1R     |        1|   0|   0|    0|   336|    8|     1|         2688|
    |con256_U   |ClefiaKeySet_con256_ROM_AUTO_1R     |        1|   0|   0|    0|   368|    8|     1|         2944|
    |fin_3_U    |ClefiaKeySet_fin_3_RAM_AUTO_1R1W    |        0|   8|   4|    0|    32|    8|     1|          256|
    |fout_3_U   |ClefiaKeySet_fin_3_RAM_AUTO_1R1W    |        0|   8|   4|    0|    32|    8|     1|          256|
    |fin_2_U    |ClefiaKeySet_fin_3_RAM_AUTO_1R1W    |        0|   8|   4|    0|    32|    8|     1|          256|
    |fout_2_U   |ClefiaKeySet_fin_3_RAM_AUTO_1R1W    |        0|   8|   4|    0|    32|    8|     1|          256|
    |fin_U      |ClefiaKeySet_fin_RAM_AUTO_1R1W      |        0|   8|   2|    0|    16|    8|     1|          128|
    |fout_U     |ClefiaKeySet_fin_RAM_AUTO_1R1W      |        0|   8|   2|    0|    16|    8|     1|          128|
    |lk_2_U     |ClefiaKeySet_lk_2_RAM_AUTO_1R1W     |        0|  16|   2|    0|    16|    8|     1|          128|
    |lk_U       |ClefiaKeySet_lk_RAM_AUTO_1R1W       |        0|  16|   4|    0|    32|    8|     1|          256|
    |lk_1_U     |ClefiaKeySet_lk_RAM_AUTO_1R1W       |        0|  16|   4|    0|    32|    8|     1|          256|
    |skey256_U  |ClefiaKeySet_skey256_RAM_AUTO_1R1W  |        0|  16|   4|    0|    32|    8|     1|          256|
    |skey_U     |ClefiaKeySet_skey_ROM_AUTO_1R       |        0|  16|   4|    0|    32|    8|     1|          256|
    +-----------+------------------------------------+---------+----+----+-----+------+-----+------+-------------+
    |Total      |                                    |        3| 128|  38|    0|  1248|  112|    14|         9984|
    +-----------+------------------------------------+---------+----+----+-----+------+-----+------+-------------+

    * FIFO: 
    N/A

    * Expression: 
    +-----------------------------------+----------+----+---+----+------------+------------+
    |           Variable Name           | Operation| DSP| FF| LUT| Bitwidth P0| Bitwidth P1|
    +-----------------------------------+----------+----+---+----+------------+------------+
    |ap_predicate_op679_call_state172   |       and|   0|  0|   2|           1|           1|
    |icmp_ln395_fu_882_p2               |      icmp|   0|  0|  18|          32|           8|
    |icmp_ln398_fu_888_p2               |      icmp|   0|  0|  18|          32|           8|
    |icmp_ln401_fu_894_p2               |      icmp|   0|  0|  18|          32|           9|
    |ap_block_state128_on_subcall_done  |        or|   0|  0|   2|           1|           1|
    |ap_block_state172_on_subcall_done  |        or|   0|  0|   2|           1|           1|
    |ap_block_state181_on_subcall_done  |        or|   0|  0|   2|           1|           1|
    |ap_block_state2_on_subcall_done    |        or|   0|  0|   2|           1|           1|
    |ap_block_state341_on_subcall_done  |        or|   0|  0|   2|           1|           1|
    |ap_block_state342_on_subcall_done  |        or|   0|  0|   2|           1|           1|
    |ap_block_state444_on_subcall_done  |        or|   0|  0|   2|           1|           1|
    |ap_block_state472_on_subcall_done  |        or|   0|  0|   2|           1|           1|
    +-----------------------------------+----------+----+---+----+------------+------------+
    |Total                              |          |   0|  0|  72|         105|          34|
    +-----------------------------------+----------+----+---+----+------------+------------+

    * Multiplexer: 
    +----------------------------------------------+------+-----------+-----+-----------+
    |                     Name                     |  LUT | Input Size| Bits| Total Bits|
    +----------------------------------------------+------+-----------+-----+-----------+
    |ap_NS_fsm                                     |  2490|        473|    1|        473|
    |ap_phi_mux_retval_0_phi_fu_431_p8             |     9|          2|    4|          8|
    |ap_return                                     |     9|          2|    4|          8|
    |con128_address0                               |    20|          4|    8|         32|
    |con128_ce0                                    |    20|          4|    1|          4|
    |con192_address0                               |    20|          4|    9|         36|
    |con192_ce0                                    |    20|          4|    1|          4|
    |con256_address0                               |    20|          4|    9|         36|
    |con256_ce0                                    |    20|          4|    1|          4|
    |fin_2_address0                                |    25|          5|    5|         25|
    |fin_2_ce0                                     |    25|          5|    1|          5|
    |fin_2_d0                                      |    14|          3|    8|         24|
    |fin_2_we0                                     |    14|          3|    1|          3|
    |fin_3_address0                                |    25|          5|    5|         25|
    |fin_3_ce0                                     |    25|          5|    1|          5|
    |fin_3_d0                                      |    14|          3|    8|         24|
    |fin_3_we0                                     |    14|          3|    1|          3|
    |fin_address0                                  |    25|          5|    4|         20|
    |fin_ce0                                       |    25|          5|    1|          5|
    |fin_d0                                        |    14|          3|    8|         24|
    |fin_we0                                       |    14|          3|    1|          3|
    |fout_2_address0                               |    25|          5|    5|         25|
    |fout_2_ce0                                    |    25|          5|    1|          5|
    |fout_2_d0                                     |    14|          3|    8|         24|
    |fout_2_we0                                    |    14|          3|    1|          3|
    |fout_3_address0                               |    25|          5|    5|         25|
    |fout_3_ce0                                    |    25|          5|    1|          5|
    |fout_3_d0                                     |    14|          3|    8|         24|
    |fout_3_we0                                    |    14|          3|    1|          3|
    |fout_address0                                 |    25|          5|    4|         20|
    |fout_ce0                                      |    25|          5|    1|          5|
    |fout_d0                                       |    14|          3|    8|         24|
    |fout_we0                                      |    14|          3|    1|          3|
    |grp_ByteCpy_114_fu_471_bytelen_offset_offset  |    14|          3|    6|         18|
    |grp_ByteCpy_114_fu_471_src_q0                 |    20|          4|    8|         32|
    |grp_ByteCpy_115_fu_445_src_q0                 |    14|          3|    8|         24|
    |grp_ByteCpy_118_fu_582_bytelen_offset         |    14|          3|    4|         12|
    |grp_ByteCpy_118_fu_582_dst_offset             |    14|          3|    5|         15|
    |grp_ByteCpy_118_fu_582_src_offset             |    14|          3|    5|         15|
    |grp_ByteCpy_118_fu_582_src_q0                 |    14|          3|    8|         24|
    |grp_ByteCpy_119_fu_827_bytelen_offset         |    14|          3|    4|         12|
    |grp_ByteCpy_119_fu_827_dst_offset             |    14|          3|    4|         12|
    |grp_ByteCpy_119_fu_827_src_offset             |    14|          3|    4|         12|
    |grp_ByteCpy_120_fu_490_dst_offset             |    14|          3|    8|         24|
    |grp_ByteCpy_120_fu_490_src_offset             |    14|          3|    4|         12|
    |grp_ByteXor_111_fu_848_b_offset               |    53|         10|    8|         80|
    |grp_ByteXor_111_fu_848_dst_offset             |    53|         10|    8|         80|
    |grp_ByteXor_112_1_fu_645_a_offset             |    37|          7|    8|         56|
    |grp_ByteXor_112_1_fu_645_b_offset             |    14|          3|    5|         15|
    |grp_ByteXor_112_1_fu_645_b_q0                 |    14|          3|    8|         24|
    |grp_ByteXor_112_fu_453_a_offset               |    14|          3|    4|         12|
    |grp_ByteXor_112_fu_453_b_offset               |    14|          3|    5|         15|
    |grp_ByteXor_112_fu_453_b_q0                   |    14|          3|    8|         24|
    |grp_ByteXor_112_fu_453_b_q1                   |    14|          3|    8|         24|
    |grp_ByteXor_112_fu_453_dst_offset             |    20|          4|    8|         32|
    |grp_ByteXor_113_fu_597_a_offset               |    14|          3|    5|         15|
    |grp_ByteXor_113_fu_597_b_offset               |    65|         14|    9|        126|
    |grp_ByteXor_113_fu_597_dst_offset             |    65|         14|    8|        112|
    |grp_ByteXor_114_fu_741_a_offset               |    14|          3|    5|         15|
    |grp_ByteXor_114_fu_741_b_offset               |    65|         12|    9|        108|
    |grp_ByteXor_114_fu_741_dst_offset             |    65|         12|    8|         96|
    |grp_ClefiaDoubleSwap_1_fu_637_lk_offset       |    14|          3|    5|         15|
    |grp_ClefiaDoubleSwap_1_fu_637_lk_q0           |    14|          3|    8|         24|
    |grp_ClefiaDoubleSwap_1_fu_637_lk_q1           |    14|          3|    8|         24|
    |grp_ClefiaF0Xor_125_fu_777_rk_offset          |    65|         13|    7|         91|
    |grp_ClefiaF0Xor_1_fu_663_dst_offset           |    14|          3|    5|         15|
    |grp_ClefiaF0Xor_1_fu_663_rk_offset            |   106|         21|    8|        168|
    |grp_ClefiaF0Xor_1_fu_663_src_offset           |    14|          3|    5|         15|
    |grp_ClefiaF0Xor_2_fu_504_dst_offset           |    14|          3|    5|         15|
    |grp_ClefiaF0Xor_2_fu_504_rk_offset            |   106|         21|    8|        168|
    |grp_ClefiaF0Xor_2_fu_504_src_offset           |    14|          3|    5|         15|
    |grp_ClefiaF1Xor_1_fu_543_dst_offset           |    14|          3|    5|         15|
    |grp_ClefiaF1Xor_1_fu_543_rk_offset            |   106|         21|    8|        168|
    |grp_ClefiaF1Xor_1_fu_543_src_offset           |    14|          3|    5|         15|
    |grp_ClefiaF1Xor_2_fu_802_rk_offset            |    65|         13|    7|         91|
    |grp_ClefiaF1Xor_fu_702_dst_offset             |    14|          3|    5|         15|
    |grp_ClefiaF1Xor_fu_702_rk_offset              |   106|         21|    8|        168|
    |grp_ClefiaF1Xor_fu_702_src_offset             |    14|          3|    5|         15|
    |lk_1_address0                                 |    20|          4|    5|         20|
    |lk_1_ce0                                      |    20|          4|    1|          4|
    |lk_1_ce1                                      |     9|          2|    1|          2|
    |lk_1_d0                                       |    14|          3|    8|         24|
    |lk_1_we0                                      |    14|          3|    1|          3|
    |lk_2_address0                                 |    20|          4|    4|         16|
    |lk_2_ce0                                      |    20|          4|    1|          4|
    |lk_2_ce1                                      |     9|          2|    1|          2|
    |lk_2_d0                                       |    14|          3|    8|         24|
    |lk_2_we0                                      |    14|          3|    1|          3|
    |lk_address0                                   |    20|          4|    5|         20|
    |lk_ce0                                        |    20|          4|    1|          4|
    |lk_ce1                                        |     9|          2|    1|          2|
    |lk_d0                                         |    14|          3|    8|         24|
    |lk_we0                                        |    14|          3|    1|          3|
    |retval_0_reg_425                              |    20|          4|    4|         16|
    |rk_address0                                   |    37|          7|    8|         56|
    |rk_ce0                                        |    37|          7|    1|          7|
    |rk_d0                                         |    37|          7|    8|         56|
    |rk_we0                                        |    37|          7|    1|          7|
    |skey256_address0                              |    48|          9|    5|         45|
    |skey256_address1                              |    31|          6|    5|         30|
    |skey256_ce0                                   |    31|          6|    1|          6|
    |skey256_ce1                                   |    14|          3|    1|          3|
    |skey256_d0                                    |    31|          6|    8|         48|
    |skey256_d1                                    |    25|          5|    8|         40|
    |skey256_we0                                   |    14|          3|    1|          3|
    |skey_address0                                 |    37|          7|    5|         35|
    |skey_ce0                                      |    31|          6|    1|          6|
    |skey_ce1                                      |     9|          2|    1|          2|
    +----------------------------------------------+------+-----------+-----+-----------+
    |Total                                         |  5183|       1017|  520|       3535|
    +----------------------------------------------+------+-----------+-----+-----------+

    * Register: 
    +--------------------------------------------+-----+----+-----+-----------+
    |                    Name                    |  FF | LUT| Bits| Const Bits|
    +--------------------------------------------+-----+----+-----+-----------+
    |ap_CS_fsm                                   |  472|   0|  472|          0|
    |ap_return_preg                              |    4|   0|    5|          1|
    |grp_ByteCpy_114_fu_471_ap_start_reg         |    1|   0|    1|          0|
    |grp_ByteCpy_115_fu_445_ap_start_reg         |    1|   0|    1|          0|
    |grp_ByteCpy_116_fu_842_ap_start_reg         |    1|   0|    1|          0|
    |grp_ByteCpy_118_fu_582_ap_start_reg         |    1|   0|    1|          0|
    |grp_ByteCpy_119_fu_827_ap_start_reg         |    1|   0|    1|          0|
    |grp_ByteCpy_120_fu_490_ap_start_reg         |    1|   0|    1|          0|
    |grp_ByteCpy_121_fu_482_ap_start_reg         |    1|   0|    1|          0|
    |grp_ByteXor_111_fu_848_ap_start_reg         |    1|   0|    1|          0|
    |grp_ByteXor_112_1_fu_645_ap_start_reg       |    1|   0|    1|          0|
    |grp_ByteXor_112_fu_453_ap_start_reg         |    1|   0|    1|          0|
    |grp_ByteXor_113_fu_597_ap_start_reg         |    1|   0|    1|          0|
    |grp_ByteXor_114_fu_741_ap_start_reg         |    1|   0|    1|          0|
    |grp_ClefiaDoubleSwap_1_fu_637_ap_start_reg  |    1|   0|    1|          0|
    |grp_ClefiaDoubleSwap_fu_877_ap_start_reg    |    1|   0|    1|          0|
    |grp_ClefiaF0Xor_125_fu_777_ap_start_reg     |    1|   0|    1|          0|
    |grp_ClefiaF0Xor_1_fu_663_ap_start_reg       |    1|   0|    1|          0|
    |grp_ClefiaF0Xor_2_fu_504_ap_start_reg       |    1|   0|    1|          0|
    |grp_ClefiaF1Xor_1_fu_543_ap_start_reg       |    1|   0|    1|          0|
    |grp_ClefiaF1Xor_2_fu_802_ap_start_reg       |    1|   0|    1|          0|
    |grp_ClefiaF1Xor_fu_702_ap_start_reg         |    1|   0|    1|          0|
    |icmp_ln395_reg_900                          |    1|   0|    1|          0|
    |icmp_ln398_reg_904                          |    1|   0|    1|          0|
    |icmp_ln401_reg_908                          |    1|   0|    1|          0|
    |retval_0_reg_425                            |    4|   0|    5|          1|
    +--------------------------------------------+-----+----+-----+-----------+
    |Total                                       |  503|   0|  505|          2|
    +--------------------------------------------+-----+----+-----+-----------+



================================================================
== Interface
================================================================
* Summary: 
+-------------+-----+-----+------------+--------------+--------------+
|  RTL Ports  | Dir | Bits|  Protocol  | Source Object|    C Type    |
+-------------+-----+-----+------------+--------------+--------------+
|ap_clk       |   in|    1|  ap_ctrl_hs|  ClefiaKeySet|  return value|
|ap_rst       |   in|    1|  ap_ctrl_hs|  ClefiaKeySet|  return value|
|ap_start     |   in|    1|  ap_ctrl_hs|  ClefiaKeySet|  return value|
|ap_done      |  out|    1|  ap_ctrl_hs|  ClefiaKeySet|  return value|
|ap_idle      |  out|    1|  ap_ctrl_hs|  ClefiaKeySet|  return value|
|ap_ready     |  out|    1|  ap_ctrl_hs|  ClefiaKeySet|  return value|
|ap_return    |  out|    5|  ap_ctrl_hs|  ClefiaKeySet|  return value|
|rk_address0  |  out|    8|   ap_memory|            rk|         array|
|rk_ce0       |  out|    1|   ap_memory|            rk|         array|
|rk_we0       |  out|    1|   ap_memory|            rk|         array|
|rk_d0        |  out|    8|   ap_memory|            rk|         array|
|rk_q0        |   in|    8|   ap_memory|            rk|         array|
|key_bitlen   |   in|   32|     ap_none|    key_bitlen|        scalar|
+-------------+-----+-----+------------+--------------+--------------+

