

================================================================
== Vitis HLS Report for 'ClefiaDoubleSwap_1'
================================================================
* Date:           Wed Dec  7 16:29:52 2022

* Version:        2022.1 (Build 3526262 on Mon Apr 18 15:48:16 MDT 2022)
* Project:        CLEFIA_ip
* Solution:       solution3 (Vivado IP Flow Target)
* Product family: zynq
* Target device:  xc7z020-clg400-1


================================================================
== Performance Estimates
================================================================
+ Timing: 
    * Summary: 
    +--------+----------+----------+------------+
    |  Clock |  Target  | Estimated| Uncertainty|
    +--------+----------+----------+------------+
    |ap_clk  |  10.00 ns|  4.644 ns|     2.70 ns|
    +--------+----------+----------+------------+

+ Latency: 
    * Summary: 
    +---------+---------+----------+----------+-----+-----+---------+
    |  Latency (cycles) |  Latency (absolute) |  Interval | Pipeline|
    |   min   |   max   |    min   |    max   | min | max |   Type  |
    +---------+---------+----------+----------+-----+-----+---------+
    |       44|       44|  0.440 us|  0.440 us|   44|   44|       no|
    +---------+---------+----------+----------+-----+-----+---------+

    + Detail: 
        * Instance: 
        +------------------------+-------------+---------+---------+----------+----------+-----+-----+---------+
        |                        |             |  Latency (cycles) |  Latency (absolute) |  Interval | Pipeline|
        |        Instance        |    Module   |   min   |   max   |    min   |    max   | min | max |   Type  |
        +------------------------+-------------+---------+---------+----------+----------+-----+-----+---------+
        |grp_ByteCpy_117_fu_366  |ByteCpy_117  |       33|       33|  0.330 us|  0.330 us|   33|   33|       no|
        +------------------------+-------------+---------+---------+----------+----------+-----+-----+---------+

        * Loop: 
        N/A



================================================================
== Utilization Estimates
================================================================
* Summary: 
+-----------------+---------+-----+--------+-------+-----+
|       Name      | BRAM_18K| DSP |   FF   |  LUT  | URAM|
+-----------------+---------+-----+--------+-------+-----+
|DSP              |        -|    -|       -|      -|    -|
|Expression       |        -|    -|       0|    195|    -|
|FIFO             |        -|    -|       -|      -|    -|
|Instance         |        -|    -|      13|     65|    -|
|Memory           |        0|    -|      16|      2|    0|
|Multiplexer      |        -|    -|       -|    400|    -|
|Register         |        -|    -|      46|      -|    -|
+-----------------+---------+-----+--------+-------+-----+
|Total            |        0|    0|      75|    662|    0|
+-----------------+---------+-----+--------+-------+-----+
|Available        |      280|  220|  106400|  53200|    0|
+-----------------+---------+-----+--------+-------+-----+
|Utilization (%)  |        0|    0|      ~0|      1|    0|
+-----------------+---------+-----+--------+-------+-----+

+ Detail: 
    * Instance: 
    +------------------------+-------------+---------+----+----+----+-----+
    |        Instance        |    Module   | BRAM_18K| DSP| FF | LUT| URAM|
    +------------------------+-------------+---------+----+----+----+-----+
    |grp_ByteCpy_117_fu_366  |ByteCpy_117  |        0|   0|  13|  65|    0|
    +------------------------+-------------+---------+----+----+----+-----+
    |Total                   |             |        0|   0|  13|  65|    0|
    +------------------------+-------------+---------+----+----+----+-----+

    * DSP: 
    N/A

    * Memory: 
    +-------+------------------------------------+---------+----+----+-----+------+-----+------+-------------+
    | Memory|               Module               | BRAM_18K| FF | LUT| URAM| Words| Bits| Banks| W*Bits*Banks|
    +-------+------------------------------------+---------+----+----+-----+------+-----+------+-------------+
    |t_U    |ClefiaDoubleSwap_1_t_RAM_AUTO_1R1W  |        0|  16|   2|    0|    16|    8|     1|          128|
    +-------+------------------------------------+---------+----+----+-----+------+-----+------+-------------+
    |Total  |                                    |        0|  16|   2|    0|    16|    8|     1|          128|
    +-------+------------------------------------+---------+----+----+-----+------+-----+------+-------------+

    * FIFO: 
    N/A

    * Expression: 
    +---------------------+----------+----+---+----+------------+------------+
    |    Variable Name    | Operation| DSP| FF| LUT| Bitwidth P0| Bitwidth P1|
    +---------------------+----------+----+---+----+------------+------------+
    |add_ln246_fu_419_p2  |         +|   0|  0|  13|           5|           1|
    |add_ln247_fu_429_p2  |         +|   0|  0|  13|           5|           2|
    |add_ln248_fu_464_p2  |         +|   0|  0|  13|           5|           2|
    |add_ln249_fu_474_p2  |         +|   0|  0|  13|           5|           3|
    |add_ln250_fu_509_p2  |         +|   0|  0|  13|           5|           3|
    |add_ln251_fu_519_p2  |         +|   0|  0|  13|           5|           3|
    |add_ln252_fu_554_p2  |         +|   0|  0|  13|           5|           3|
    |add_ln253_fu_564_p2  |         +|   0|  0|  13|           5|           4|
    |add_ln255_fu_599_p2  |         +|   0|  0|  13|           5|           4|
    |add_ln256_fu_609_p2  |         +|   0|  0|  13|           5|           4|
    |add_ln257_fu_640_p2  |         +|   0|  0|  13|           5|           4|
    |add_ln258_fu_654_p2  |         +|   0|  0|  13|           5|           4|
    |add_ln259_fu_685_p2  |         +|   0|  0|  13|           5|           4|
    |add_ln260_fu_699_p2  |         +|   0|  0|  13|           5|           4|
    |add_ln261_fu_730_p2  |         +|   0|  0|  13|           5|           4|
    +---------------------+----------+----+---+----+------------+------------+
    |Total                |          |   0|  0| 195|          75|          49|
    +---------------------+----------+----+---+----+------------+------------+

    * Multiplexer: 
    +-------------+----+-----------+-----+-----------+
    |     Name    | LUT| Input Size| Bits| Total Bits|
    +-------------+----+-----------+-----+-----------+
    |ap_NS_fsm    |  65|         13|    1|         13|
    |lk_address0  |  53|         10|    5|         50|
    |lk_address1  |  48|          9|    5|         45|
    |lk_ce0       |  14|          3|    1|          3|
    |lk_we0       |   9|          2|    1|          2|
    |t_address0   |  53|         10|    4|         40|
    |t_address1   |  48|          9|    4|         36|
    |t_ce0        |  14|          3|    1|          3|
    |t_d0         |  48|          9|    8|         72|
    |t_d1         |  48|          9|    8|         72|
    +-------------+----+-----------+-----+-----------+
    |Total        | 400|         77|   38|        336|
    +-------------+----+-----------+-----+-----------+

    * Register: 
    +-------------------------------------+----+----+-----+-----------+
    |                 Name                | FF | LUT| Bits| Const Bits|
    +-------------------------------------+----+----+-----+-----------+
    |ap_CS_fsm                            |  12|   0|   12|          0|
    |grp_ByteCpy_117_fu_366_ap_start_reg  |   1|   0|    1|          0|
    |tmp_8_reg_804                        |   7|   0|    7|          0|
    |tmp_9_reg_864                        |   1|   0|    1|          0|
    |trunc_ln246_reg_789                  |   1|   0|    1|          0|
    |trunc_ln248_reg_809                  |   1|   0|    1|          0|
    |trunc_ln250_reg_824                  |   1|   0|    1|          0|
    |trunc_ln252_reg_839                  |   1|   0|    1|          0|
    |trunc_ln257_reg_874                  |   7|   0|    7|          0|
    |trunc_ln259_reg_889                  |   7|   0|    7|          0|
    |trunc_ln261_reg_904                  |   7|   0|    7|          0|
    +-------------------------------------+----+----+-----+-----------+
    |Total                                |  46|   0|   46|          0|
    +-------------------------------------+----+----+-----+-----------+



================================================================
== Interface
================================================================
* Summary: 
+-------------+-----+-----+------------+--------------------+--------------+
|  RTL Ports  | Dir | Bits|  Protocol  |    Source Object   |    C Type    |
+-------------+-----+-----+------------+--------------------+--------------+
|ap_clk       |   in|    1|  ap_ctrl_hs|  ClefiaDoubleSwap.1|  return value|
|ap_rst       |   in|    1|  ap_ctrl_hs|  ClefiaDoubleSwap.1|  return value|
|ap_start     |   in|    1|  ap_ctrl_hs|  ClefiaDoubleSwap.1|  return value|
|ap_done      |  out|    1|  ap_ctrl_hs|  ClefiaDoubleSwap.1|  return value|
|ap_idle      |  out|    1|  ap_ctrl_hs|  ClefiaDoubleSwap.1|  return value|
|ap_ready     |  out|    1|  ap_ctrl_hs|  ClefiaDoubleSwap.1|  return value|
|lk_address0  |  out|    5|   ap_memory|                  lk|         array|
|lk_ce0       |  out|    1|   ap_memory|                  lk|         array|
|lk_we0       |  out|    1|   ap_memory|                  lk|         array|
|lk_d0        |  out|    8|   ap_memory|                  lk|         array|
|lk_q0        |   in|    8|   ap_memory|                  lk|         array|
|lk_address1  |  out|    5|   ap_memory|                  lk|         array|
|lk_ce1       |  out|    1|   ap_memory|                  lk|         array|
|lk_q1        |   in|    8|   ap_memory|                  lk|         array|
|lk_offset    |   in|    5|     ap_none|           lk_offset|        scalar|
+-------------+-----+-----+------------+--------------------+--------------+

