

================================================================
== Vitis HLS Report for 'ClefiaF0Xor_125'
================================================================
* Date:           Wed Dec  7 16:29:55 2022

* Version:        2022.1 (Build 3526262 on Mon Apr 18 15:48:16 MDT 2022)
* Project:        CLEFIA_ip
* Solution:       solution3 (Vivado IP Flow Target)
* Product family: zynq
* Target device:  xc7z020-clg400-1


================================================================
== Performance Estimates
================================================================
+ Timing: 
    * Summary: 
    +--------+----------+----------+------------+
    |  Clock |  Target  | Estimated| Uncertainty|
    +--------+----------+----------+------------+
    |ap_clk  |  10.00 ns|  6.740 ns|     2.70 ns|
    +--------+----------+----------+------------+

+ Latency: 
    * Summary: 
    +---------+---------+----------+----------+-----+-----+---------+
    |  Latency (cycles) |  Latency (absolute) |  Interval | Pipeline|
    |   min   |   max   |    min   |    max   | min | max |   Type  |
    +---------+---------+----------+----------+-----+-----+---------+
    |       32|       56|  0.320 us|  0.560 us|   32|   56|       no|
    +---------+---------+----------+----------+-----+-----+---------+

    + Detail: 
        * Instance: 
        +--------------------------+---------------+---------+---------+-----------+-----------+-----+-----+---------+
        |                          |               |  Latency (cycles) |   Latency (absolute)  |  Interval | Pipeline|
        |         Instance         |     Module    |   min   |   max   |    min    |    max    | min | max |   Type  |
        +--------------------------+---------------+---------+---------+-----------+-----------+-----+-----+---------+
        |grp_ByteXor_11152_fu_78   |ByteXor_11152  |        9|        9|  90.000 ns|  90.000 ns|    9|    9|       no|
        |grp_ByteCpy_fu_90         |ByteCpy        |        9|       33|  90.000 ns|   0.330 us|    9|   33|       no|
        |tmp_ClefiaMul2_fu_100     |ClefiaMul2     |        0|        0|       0 ns|       0 ns|    1|    1|      yes|
        |tmp_s_ClefiaMul2_fu_105   |ClefiaMul2     |        0|        0|       0 ns|       0 ns|    1|    1|      yes|
        |tmp_11_ClefiaMul2_fu_111  |ClefiaMul2     |        0|        0|       0 ns|       0 ns|    1|    1|      yes|
        |tmp_12_ClefiaMul2_fu_117  |ClefiaMul2     |        0|        0|       0 ns|       0 ns|    1|    1|      yes|
        |tmp_13_ClefiaMul2_fu_123  |ClefiaMul2     |        0|        0|       0 ns|       0 ns|    1|    1|      yes|
        |tmp_14_ClefiaMul2_fu_129  |ClefiaMul2     |        0|        0|       0 ns|       0 ns|    1|    1|      yes|
        |tmp_15_ClefiaMul2_fu_134  |ClefiaMul2     |        0|        0|       0 ns|       0 ns|    1|    1|      yes|
        |tmp_16_ClefiaMul2_fu_140  |ClefiaMul2     |        0|        0|       0 ns|       0 ns|    1|    1|      yes|
        |grp_ByteXor_143_fu_146    |ByteXor_143    |        9|        9|  90.000 ns|  90.000 ns|    9|    9|       no|
        +--------------------------+---------------+---------+---------+-----------+-----------+-----+-----+---------+

        * Loop: 
        N/A



================================================================
== Utilization Estimates
================================================================
* Summary: 
+-----------------+---------+-----+--------+-------+-----+
|       Name      | BRAM_18K| DSP |   FF   |  LUT  | URAM|
+-----------------+---------+-----+--------+-------+-----+
|DSP              |        -|    -|       -|      -|    -|
|Expression       |        -|    -|       0|    120|    -|
|FIFO             |        -|    -|       -|      -|    -|
|Instance         |        -|    -|      74|    366|    -|
|Memory           |        2|    -|       0|      0|    -|
|Multiplexer      |        -|    -|       -|    161|    -|
|Register         |        -|    -|      73|      -|    -|
+-----------------+---------+-----+--------+-------+-----+
|Total            |        2|    0|     147|    647|    0|
+-----------------+---------+-----+--------+-------+-----+
|Available        |      280|  220|  106400|  53200|    0|
+-----------------+---------+-----+--------+-------+-----+
|Utilization (%)  |       ~0|    0|      ~0|      1|    0|
+-----------------+---------+-----+--------+-------+-----+

+ Detail: 
    * Instance: 
    +--------------------------+---------------+---------+----+----+-----+-----+
    |         Instance         |     Module    | BRAM_18K| DSP| FF | LUT | URAM|
    +--------------------------+---------------+---------+----+----+-----+-----+
    |grp_ByteCpy_fu_90         |ByteCpy        |        0|   0|  13|   51|    0|
    |grp_ByteXor_11152_fu_78   |ByteXor_11152  |        0|   0|  43|   84|    0|
    |grp_ByteXor_143_fu_146    |ByteXor_143    |        0|   0|  18|  103|    0|
    |tmp_ClefiaMul2_fu_100     |ClefiaMul2     |        0|   0|   0|   16|    0|
    |tmp_s_ClefiaMul2_fu_105   |ClefiaMul2     |        0|   0|   0|   16|    0|
    |tmp_11_ClefiaMul2_fu_111  |ClefiaMul2     |        0|   0|   0|   16|    0|
    |tmp_12_ClefiaMul2_fu_117  |ClefiaMul2     |        0|   0|   0|   16|    0|
    |tmp_13_ClefiaMul2_fu_123  |ClefiaMul2     |        0|   0|   0|   16|    0|
    |tmp_14_ClefiaMul2_fu_129  |ClefiaMul2     |        0|   0|   0|   16|    0|
    |tmp_15_ClefiaMul2_fu_134  |ClefiaMul2     |        0|   0|   0|   16|    0|
    |tmp_16_ClefiaMul2_fu_140  |ClefiaMul2     |        0|   0|   0|   16|    0|
    +--------------------------+---------------+---------+----+----+-----+-----+
    |Total                     |               |        0|   0|  74|  366|    0|
    +--------------------------+---------------+---------+----+----+-----+-----+

    * DSP: 
    N/A

    * Memory: 
    +-------------+-------------------------------------+---------+---+----+-----+------+-----+------+-------------+
    |    Memory   |                Module               | BRAM_18K| FF| LUT| URAM| Words| Bits| Banks| W*Bits*Banks|
    +-------------+-------------------------------------+---------+---+----+-----+------+-----+------+-------------+
    |clefia_s0_U  |ClefiaF0Xor_2_clefia_s0_ROM_AUTO_1R  |        1|  0|   0|    0|   256|    8|     1|         2048|
    |clefia_s1_U  |ClefiaF0Xor_2_clefia_s1_ROM_AUTO_1R  |        1|  0|   0|    0|   256|    8|     1|         2048|
    +-------------+-------------------------------------+---------+---+----+-----+------+-----+------+-------------+
    |Total        |                                     |        2|  0|   0|    0|   512|   16|     2|         4096|
    +-------------+-------------------------------------+---------+---+----+-----+------+-----+------+-------------+

    * FIFO: 
    N/A

    * Expression: 
    +------------------------+----------+----+---+----+------------+------------+
    |      Variable Name     | Operation| DSP| FF| LUT| Bitwidth P0| Bitwidth P1|
    +------------------------+----------+----+---+----+------------+------------+
    |xor_ln155_11_fu_201_p2  |       xor|   0|  0|   8|           8|           8|
    |xor_ln155_12_fu_207_p2  |       xor|   0|  0|   8|           8|           8|
    |xor_ln155_fu_196_p2     |       xor|   0|  0|   8|           8|           8|
    |xor_ln156_11_fu_225_p2  |       xor|   0|  0|   8|           8|           8|
    |xor_ln156_12_fu_231_p2  |       xor|   0|  0|   8|           8|           8|
    |xor_ln156_fu_220_p2     |       xor|   0|  0|   8|           8|           8|
    |xor_ln157_11_fu_250_p2  |       xor|   0|  0|   8|           8|           8|
    |xor_ln157_12_fu_256_p2  |       xor|   0|  0|   8|           8|           8|
    |xor_ln157_fu_244_p2     |       xor|   0|  0|   8|           8|           8|
    |xor_ln158_8_fu_275_p2   |       xor|   0|  0|   8|           8|           8|
    |xor_ln158_fu_269_p2     |       xor|   0|  0|   8|           8|           8|
    |y_0_fu_213_p2           |       xor|   0|  0|   8|           8|           8|
    |y_1_fu_237_p2           |       xor|   0|  0|   8|           8|           8|
    |y_2_fu_262_p2           |       xor|   0|  0|   8|           8|           8|
    |y_3_fu_281_p2           |       xor|   0|  0|   8|           8|           8|
    +------------------------+----------+----+---+----+------------+------------+
    |Total                   |          |   0|  0| 120|         120|         120|
    +------------------------+----------+----+---+----+------------+------------+

    * Multiplexer: 
    +--------------------+----+-----------+-----+-----------+
    |        Name        | LUT| Input Size| Bits| Total Bits|
    +--------------------+----+-----------+-----+-----------+
    |ap_NS_fsm           |  37|          7|    1|          7|
    |clefia_s0_address0  |  14|          3|    8|         24|
    |clefia_s1_address0  |  14|          3|    8|         24|
    |dst_address0        |  14|          3|    4|         12|
    |dst_ce0             |  14|          3|    1|          3|
    |dst_d0              |  14|          3|    8|         24|
    |dst_we0             |  14|          3|    1|          3|
    |src_address0        |  20|          4|    4|         16|
    |src_ce0             |  20|          4|    1|          4|
    +--------------------+----+-----------+-----+-----------+
    |Total               | 161|         33|   36|        117|
    +--------------------+----+-----------+-----+-----------+

    * Register: 
    +--------------------------------------+---+----+-----+-----------+
    |                 Name                 | FF| LUT| Bits| Const Bits|
    +--------------------------------------+---+----+-----+-----------+
    |ap_CS_fsm                             |  6|   0|    6|          0|
    |grp_ByteCpy_fu_90_ap_start_reg        |  1|   0|    1|          0|
    |grp_ByteXor_11152_fu_78_ap_start_reg  |  1|   0|    1|          0|
    |grp_ByteXor_143_fu_146_ap_start_reg   |  1|   0|    1|          0|
    |x_2_reg_293                           |  8|   0|    8|          0|
    |x_3_reg_298                           |  8|   0|    8|          0|
    |y_0_reg_335                           |  8|   0|    8|          0|
    |y_1_reg_340                           |  8|   0|    8|          0|
    |y_2_reg_345                           |  8|   0|    8|          0|
    |y_3_reg_350                           |  8|   0|    8|          0|
    |z_28_reg_319                          |  8|   0|    8|          0|
    |z_reg_313                             |  8|   0|    8|          0|
    +--------------------------------------+---+----+-----+-----------+
    |Total                                 | 73|   0|   73|          0|
    +--------------------------------------+---+----+-----+-----------+



================================================================
== Interface
================================================================
* Summary: 
+--------------+-----+-----+------------+-----------------+--------------+
|   RTL Ports  | Dir | Bits|  Protocol  |  Source Object  |    C Type    |
+--------------+-----+-----+------------+-----------------+--------------+
|ap_clk        |   in|    1|  ap_ctrl_hs|  ClefiaF0Xor.125|  return value|
|ap_rst        |   in|    1|  ap_ctrl_hs|  ClefiaF0Xor.125|  return value|
|ap_start      |   in|    1|  ap_ctrl_hs|  ClefiaF0Xor.125|  return value|
|ap_done       |  out|    1|  ap_ctrl_hs|  ClefiaF0Xor.125|  return value|
|ap_idle       |  out|    1|  ap_ctrl_hs|  ClefiaF0Xor.125|  return value|
|ap_ready      |  out|    1|  ap_ctrl_hs|  ClefiaF0Xor.125|  return value|
|dst_address0  |  out|    4|   ap_memory|              dst|         array|
|dst_ce0       |  out|    1|   ap_memory|              dst|         array|
|dst_we0       |  out|    1|   ap_memory|              dst|         array|
|dst_d0        |  out|    8|   ap_memory|              dst|         array|
|src_address0  |  out|    4|   ap_memory|              src|         array|
|src_ce0       |  out|    1|   ap_memory|              src|         array|
|src_q0        |   in|    8|   ap_memory|              src|         array|
|rk_address0   |  out|    8|   ap_memory|               rk|         array|
|rk_ce0        |  out|    1|   ap_memory|               rk|         array|
|rk_q0         |   in|    8|   ap_memory|               rk|         array|
|rk_offset     |   in|    7|     ap_none|        rk_offset|        scalar|
+--------------+-----+-----+------------+-----------------+--------------+

