INFO: [SIM 2] *************** CSIM start ***************
INFO: [SIM 4] CSIM will launch GCC as the compiler.
   Compiling(apcc) ../../../../src/enc_tb.c in debug mode
INFO: [HLS 200-10] Running 'D:/Xilinx/Vitis_HLS/2022.1/bin/unwrapped/win64.o/apcc.exe'
INFO: [HLS 200-10] For user 'iguchi.taiga' on host 'desktop-ctm6dmj' (Windows NT_amd64 version 6.2) on Mon Dec 26 14:50:15 +0900 2022
INFO: [HLS 200-10] In directory 'D:/tmp/CLEFIA/CLEFIA_192/enc_ip/solution2/csim/build'
INFO: [APCC 202-3] Tmp directory is D:/tmp/apcc_db_iguchi.taiga/122163046822646
INFO: [APCC 202-1] APCC is done.
INFO: [HLS 200-112] Total CPU user time: 0 seconds. Total CPU system time: 0 seconds. Total elapsed time: 4.594 seconds; peak allocated memory: 0.465 MB.
   Compiling(apcc) ../../../../src/enc.c in debug mode
INFO: [HLS 200-10] Running 'D:/Xilinx/Vitis_HLS/2022.1/bin/unwrapped/win64.o/apcc.exe'
INFO: [HLS 200-10] For user 'iguchi.taiga' on host 'desktop-ctm6dmj' (Windows NT_amd64 version 6.2) on Mon Dec 26 14:50:21 +0900 2022
INFO: [HLS 200-10] In directory 'D:/tmp/CLEFIA/CLEFIA_192/enc_ip/solution2/csim/build'
INFO: [APCC 202-3] Tmp directory is D:/tmp/apcc_db_iguchi.taiga/82883053388579
INFO: [APCC 202-1] APCC is done.
INFO: [HLS 200-112] Total CPU user time: 0 seconds. Total CPU system time: 0 seconds. Total elapsed time: 4.151 seconds; peak allocated memory: 0.809 MB.
   Generating csim.exe
--- CLEFIA ---
ciphertext: e2482f649f028dc480dda184fde181ad
INFO: [SIM 1] CSim done with 0 errors.
INFO: [SIM 3] *************** CSIM finish ***************
