INFO: [HLS 200-10] Running 'D:/Xilinx/Vitis_HLS/2022.1/bin/unwrapped/win64.o/vitis_hls.exe'
INFO: [HLS 200-10] For user 'iguchi.taiga' on host 'desktop-ctm6dmj' (Windows NT_amd64 version 6.2) on Mon Dec 26 16:01:57 +0900 2022
INFO: [HLS 200-10] In directory 'D:/tmp/CLEFIA/CLEFIA_256'
Sourcing Tcl script 'D:/tmp/CLEFIA/CLEFIA_256/dec_ip/solution2/export.tcl'
INFO: [HLS 200-1510] Running: source D:/tmp/CLEFIA/CLEFIA_256/dec_ip/solution2/export.tcl
INFO: [HLS 200-1510] Running: open_project dec_ip 
INFO: [HLS 200-10] Opening project 'D:/tmp/CLEFIA/CLEFIA_256/dec_ip'.
INFO: [HLS 200-1510] Running: set_top clefia_dec 
INFO: [HLS 200-1510] Running: add_files src/dec.c 
INFO: [HLS 200-10] Adding design file 'src/dec.c' to the project
INFO: [HLS 200-1510] Running: add_files -tb src/dec_tb.c -cflags -Wno-unknown-pragmas -csimflags -Wno-unknown-pragmas 
INFO: [HLS 200-10] Adding test bench file 'src/dec_tb.c' to the project
INFO: [HLS 200-1510] Running: open_solution solution2 -flow_target vivado 
INFO: [HLS 200-10] Opening solution 'D:/tmp/CLEFIA/CLEFIA_256/dec_ip/solution2'.
INFO: [SYN 201-201] Setting up clock 'default' with a period of 10ns.
INFO: [HLS 200-1611] Setting target device to 'xc7z020-clg400-1'
INFO: [HLS 200-1505] Using flow_target 'vivado'
Resolution: For help on HLS 200-1505 see www.xilinx.com/cgi-bin/docs/rdoc?v=2022.1;t=hls+guidance;d=200-1505.html
INFO: [HLS 200-1464] Running solution command: config_export -format=ip_catalog
INFO: [HLS 200-1464] Running solution command: config_export -rtl=verilog
INFO: [HLS 200-1510] Running: set_part xc7z020-clg400-1 
INFO: [HLS 200-1510] Running: create_clock -period 10 -name default 
INFO: [HLS 200-1510] Running: config_export -format ip_catalog -rtl verilog 
INFO: [HLS 200-1510] Running: source ./dec_ip/solution2/directives.tcl
INFO: [HLS 200-1510] Running: set_directive_interface -mode s_axilite clefia_dec 
INFO: [HLS 200-1510] Running: set_directive_inline -recursive clefia_dec 
INFO: [HLS 200-1510] Running: set_directive_interface -mode s_axilite clefia_dec ct 
INFO: [HLS 200-1510] Running: set_directive_top -name clefia_dec clefia_dec 
INFO: [HLS 200-1510] Running: set_directive_interface -mode s_axilite clefia_dec pt 
INFO: [HLS 200-1510] Running: set_directive_pipeline ClefiaKeySet256 
INFO: [HLS 200-1510] Running: set_directive_pipeline ClefiaDecrypt 
INFO: [HLS 200-1510] Running: set_directive_interface -mode s_axilite clefia_dec skey 
INFO: [HLS 200-1510] Running: export_design -rtl verilog -format ip_catalog 
INFO: [IMPL 213-8] Exporting RTL as a Vivado IP.

****** Vivado v2022.1 (64-bit)
  **** SW Build 3526262 on Mon Apr 18 15:48:16 MDT 2022
  **** IP Build 3524634 on Mon Apr 18 20:55:01 MDT 2022
    ** Copyright 1986-2022 Xilinx, Inc. All Rights Reserved.

source run_ippack.tcl -notrace
INFO: [IP_Flow 19-234] Refreshing IP repositories
INFO: [IP_Flow 19-1704] No user IP repositories specified
INFO: [IP_Flow 19-2313] Loaded Vivado IP repository 'D:/Xilinx/Vivado/2022.1/data/ip'.
INFO: [Common 17-206] Exiting Vivado at Mon Dec 26 16:02:10 2022...
INFO: [HLS 200-802] Generated output file dec_ip/solution2/impl/export.zip
INFO: [HLS 200-111] Finished Command export_design CPU user time: 2 seconds. CPU system time: 0 seconds. Elapsed time: 12.891 seconds; current allocated memory: 483.688 MB.
INFO: [HLS 200-112] Total CPU user time: 3 seconds. Total CPU system time: 1 seconds. Total elapsed time: 13.907 seconds; peak allocated memory: 1.108 GB.
