

================================================================
== Vitis HLS Report for 'ByteXor_11150'
================================================================
* Date:           Wed Dec  7 16:29:35 2022

* Version:        2022.1 (Build 3526262 on Mon Apr 18 15:48:16 MDT 2022)
* Project:        CLEFIA_ip
* Solution:       solution3 (Vivado IP Flow Target)
* Product family: zynq
* Target device:  xc7z020-clg400-1


================================================================
== Performance Estimates
================================================================
+ Timing: 
    * Summary: 
    +--------+----------+----------+------------+
    |  Clock |  Target  | Estimated| Uncertainty|
    +--------+----------+----------+------------+
    |ap_clk  |  10.00 ns|  5.169 ns|     2.70 ns|
    +--------+----------+----------+------------+

+ Latency: 
    * Summary: 
    +---------+---------+-----------+-----------+-----+-----+---------+
    |  Latency (cycles) |   Latency (absolute)  |  Interval | Pipeline|
    |   min   |   max   |    min    |    max    | min | max |   Type  |
    +---------+---------+-----------+-----------+-----+-----+---------+
    |        9|        9|  90.000 ns|  90.000 ns|    9|    9|       no|
    +---------+---------+-----------+-----------+-----+-----+---------+

    + Detail: 
        * Instance: 
        N/A

        * Loop: 
        +------------------+---------+---------+----------+-----------+-----------+------+----------+
        |                  |  Latency (cycles) | Iteration|  Initiation Interval  | Trip |          |
        |     Loop Name    |   min   |   max   |  Latency |  achieved |   target  | Count| Pipelined|
        +------------------+---------+---------+----------+-----------+-----------+------+----------+
        |- ByteXor_label2  |        8|        8|         2|          -|          -|     4|        no|
        +------------------+---------+---------+----------+-----------+-----------+------+----------+

============================================================
+ Verbose Summary: Synthesis Manager
============================================================
InlineROM: 1
ExposeGlobal: 0
============================================================
+ Verbose Summary: CDFG Model
============================================================
IsTopModel: 0
ResetActiveHigh: 1
IsCombinational: 0
IsDatapathOnly: 0
HasWiredReturn: 1
HasMFsm: 0
HasVarLatency: 1
IsPipeline: 0
IsRtlPipelined: 0
IsInstanceOverlapped: 0
IsDontTouch: 0
HasImplIP: 0
IsGatedGlobalClock: 0


============================================================
+ Verbose Summary: Schedule
============================================================
* Number of FSM states : 3
* Pipeline : 0
* Dataflow Pipeline: 0

* FSM state transitions: 
1 --> 2 
2 --> 3 
3 --> 2 

* FSM state operations: 

State 1 <SV = 0> <Delay = 1.58>
ST_1 : Operation 4 [1/1] (0.00ns)   --->   "%idx = alloca i32 1"   --->   Operation 4 'alloca' 'idx' <Predicate = true> <Delay = 0.00>
ST_1 : Operation 5 [1/1] (0.00ns)   --->   "%dst3_01 = alloca i32 1"   --->   Operation 5 'alloca' 'dst3_01' <Predicate = true> <Delay = 0.00>
ST_1 : Operation 6 [1/1] (0.00ns)   --->   "%dst2_02 = alloca i32 1"   --->   Operation 6 'alloca' 'dst2_02' <Predicate = true> <Delay = 0.00>
ST_1 : Operation 7 [1/1] (0.00ns)   --->   "%dst_03 = alloca i32 1"   --->   Operation 7 'alloca' 'dst_03' <Predicate = true> <Delay = 0.00>
ST_1 : Operation 8 [1/1] (0.00ns)   --->   "%dst16_04 = alloca i32 1"   --->   Operation 8 'alloca' 'dst16_04' <Predicate = true> <Delay = 0.00>
ST_1 : Operation 9 [1/1] (0.00ns)   --->   "%b_offset_read = read i8 @_ssdm_op_Read.ap_auto.i8, i8 %b_offset"   --->   Operation 9 'read' 'b_offset_read' <Predicate = true> <Delay = 0.00>
ST_1 : Operation 10 [1/1] (0.00ns)   --->   "%a_offset_read = read i5 @_ssdm_op_Read.ap_auto.i5, i5 %a_offset"   --->   Operation 10 'read' 'a_offset_read' <Predicate = true> <Delay = 0.00>
ST_1 : Operation 11 [1/1] (1.58ns)   --->   "%store_ln123 = store i3 0, i3 %idx" [clefia.c:123]   --->   Operation 11 'store' 'store_ln123' <Predicate = true> <Delay = 1.58>
ST_1 : Operation 12 [1/1] (0.00ns)   --->   "%br_ln123 = br void %while.body" [clefia.c:123]   --->   Operation 12 'br' 'br_ln123' <Predicate = true> <Delay = 0.00>

State 2 <SV = 1> <Delay = 5.16>
ST_2 : Operation 13 [1/1] (0.00ns)   --->   "%idx_load = load i3 %idx" [clefia.c:124]   --->   Operation 13 'load' 'idx_load' <Predicate = true> <Delay = 0.00>
ST_2 : Operation 14 [1/1] (0.00ns)   --->   "%empty = speclooptripcount i32 @_ssdm_op_SpecLoopTripCount, i64 4, i64 4, i64 4"   --->   Operation 14 'speclooptripcount' 'empty' <Predicate = true> <Delay = 0.00>
ST_2 : Operation 15 [1/1] (1.13ns)   --->   "%icmp_ln123 = icmp_eq  i3 %idx_load, i3 4" [clefia.c:123]   --->   Operation 15 'icmp' 'icmp_ln123' <Predicate = true> <Delay = 1.13> <CoreInst = "Cmp">   --->   Core 9 'Cmp' <Latency = 0> <II = 1> <Delay = 1.13> <FuncUnit> <Opcode : 'icmp'> <InPorts = 2> <OutPorts = 1>
ST_2 : Operation 16 [1/1] (1.65ns)   --->   "%add_ln124 = add i3 %idx_load, i3 1" [clefia.c:124]   --->   Operation 16 'add' 'add_ln124' <Predicate = true> <Delay = 1.65> <CoreInst = "Adder">   --->   Core 1 'Adder' <Latency = 0> <II = 1> <Delay = 1.65> <FuncUnit> <Opcode : 'add' 'sub'> <InPorts = 2> <OutPorts = 1>
ST_2 : Operation 17 [1/1] (0.00ns)   --->   "%br_ln123 = br i1 %icmp_ln123, void %while.body.split, void %while.end.loopexit" [clefia.c:123]   --->   Operation 17 'br' 'br_ln123' <Predicate = true> <Delay = 0.00>
ST_2 : Operation 18 [1/1] (0.00ns)   --->   "%zext_ln124 = zext i3 %idx_load" [clefia.c:124]   --->   Operation 18 'zext' 'zext_ln124' <Predicate = (!icmp_ln123)> <Delay = 0.00>
ST_2 : Operation 19 [1/1] (0.00ns)   --->   "%zext_ln124_26 = zext i3 %idx_load" [clefia.c:124]   --->   Operation 19 'zext' 'zext_ln124_26' <Predicate = (!icmp_ln123)> <Delay = 0.00>
ST_2 : Operation 20 [1/1] (1.91ns)   --->   "%add_ln124_20 = add i8 %zext_ln124_26, i8 %b_offset_read" [clefia.c:124]   --->   Operation 20 'add' 'add_ln124_20' <Predicate = (!icmp_ln123)> <Delay = 1.91> <CoreInst = "Adder">   --->   Core 1 'Adder' <Latency = 0> <II = 1> <Delay = 1.91> <FuncUnit> <Opcode : 'add' 'sub'> <InPorts = 2> <OutPorts = 1>
ST_2 : Operation 21 [1/1] (0.00ns)   --->   "%zext_ln124_27 = zext i8 %add_ln124_20" [clefia.c:124]   --->   Operation 21 'zext' 'zext_ln124_27' <Predicate = (!icmp_ln123)> <Delay = 0.00>
ST_2 : Operation 22 [1/1] (0.00ns)   --->   "%b_addr = getelementptr i8 %b, i64 0, i64 %zext_ln124_27" [clefia.c:124]   --->   Operation 22 'getelementptr' 'b_addr' <Predicate = (!icmp_ln123)> <Delay = 0.00>
ST_2 : Operation 23 [1/1] (1.78ns)   --->   "%add_ln124_21 = add i5 %zext_ln124, i5 %a_offset_read" [clefia.c:124]   --->   Operation 23 'add' 'add_ln124_21' <Predicate = (!icmp_ln123)> <Delay = 1.78> <CoreInst = "Adder">   --->   Core 1 'Adder' <Latency = 0> <II = 1> <Delay = 1.78> <FuncUnit> <Opcode : 'add' 'sub'> <InPorts = 2> <OutPorts = 1>
ST_2 : Operation 24 [1/1] (0.00ns)   --->   "%zext_ln124_28 = zext i5 %add_ln124_21" [clefia.c:124]   --->   Operation 24 'zext' 'zext_ln124_28' <Predicate = (!icmp_ln123)> <Delay = 0.00>
ST_2 : Operation 25 [1/1] (0.00ns)   --->   "%a_addr = getelementptr i8 %a, i64 0, i64 %zext_ln124_28" [clefia.c:124]   --->   Operation 25 'getelementptr' 'a_addr' <Predicate = (!icmp_ln123)> <Delay = 0.00>
ST_2 : Operation 26 [1/1] (0.00ns)   --->   "%trunc_ln124 = trunc i3 %idx_load" [clefia.c:124]   --->   Operation 26 'trunc' 'trunc_ln124' <Predicate = (!icmp_ln123)> <Delay = 0.00>
ST_2 : Operation 27 [2/2] (2.32ns)   --->   "%a_load = load i5 %a_addr" [clefia.c:124]   --->   Operation 27 'load' 'a_load' <Predicate = (!icmp_ln123)> <Delay = 2.32> <CoreInst = "RAM">   --->   Core 82 'RAM' <Latency = 1> <II = 1> <Delay = 2.32> <Storage> <Opcode : 'load' 'store'> <Ports = 2> <Width = 8> <Depth = 32> <RAM>
ST_2 : Operation 28 [2/2] (3.25ns)   --->   "%b_load = load i9 %b_addr" [clefia.c:124]   --->   Operation 28 'load' 'b_load' <Predicate = (!icmp_ln123)> <Delay = 3.25> <CoreInst = "ROM">   --->   Core 95 'ROM' <Latency = 1> <II = 1> <Delay = 3.25> <Storage> <Opcode : 'load'> <Ports = 0> <Width = 8> <Depth = 336> <ROM>
ST_2 : Operation 29 [1/1] (0.00ns)   --->   "%dst3_01_load = load i8 %dst3_01" [clefia.c:126]   --->   Operation 29 'load' 'dst3_01_load' <Predicate = (icmp_ln123)> <Delay = 0.00>
ST_2 : Operation 30 [1/1] (0.00ns)   --->   "%dst2_02_load = load i8 %dst2_02" [clefia.c:126]   --->   Operation 30 'load' 'dst2_02_load' <Predicate = (icmp_ln123)> <Delay = 0.00>
ST_2 : Operation 31 [1/1] (0.00ns)   --->   "%dst_03_load = load i8 %dst_03" [clefia.c:126]   --->   Operation 31 'load' 'dst_03_load' <Predicate = (icmp_ln123)> <Delay = 0.00>
ST_2 : Operation 32 [1/1] (0.00ns)   --->   "%dst16_04_load = load i8 %dst16_04" [clefia.c:126]   --->   Operation 32 'load' 'dst16_04_load' <Predicate = (icmp_ln123)> <Delay = 0.00>
ST_2 : Operation 33 [1/1] (0.00ns)   --->   "%mrv = insertvalue i32 <undef>, i8 %dst_03_load" [clefia.c:126]   --->   Operation 33 'insertvalue' 'mrv' <Predicate = (icmp_ln123)> <Delay = 0.00>
ST_2 : Operation 34 [1/1] (0.00ns)   --->   "%mrv_1 = insertvalue i32 %mrv, i8 %dst16_04_load" [clefia.c:126]   --->   Operation 34 'insertvalue' 'mrv_1' <Predicate = (icmp_ln123)> <Delay = 0.00>
ST_2 : Operation 35 [1/1] (0.00ns)   --->   "%mrv_2 = insertvalue i32 %mrv_1, i8 %dst2_02_load" [clefia.c:126]   --->   Operation 35 'insertvalue' 'mrv_2' <Predicate = (icmp_ln123)> <Delay = 0.00>
ST_2 : Operation 36 [1/1] (0.00ns)   --->   "%mrv_3 = insertvalue i32 %mrv_2, i8 %dst3_01_load" [clefia.c:126]   --->   Operation 36 'insertvalue' 'mrv_3' <Predicate = (icmp_ln123)> <Delay = 0.00>
ST_2 : Operation 37 [1/1] (0.00ns)   --->   "%ret_ln126 = ret i32 %mrv_3" [clefia.c:126]   --->   Operation 37 'ret' 'ret_ln126' <Predicate = (icmp_ln123)> <Delay = 0.00>

State 3 <SV = 2> <Delay = 4.24>
ST_3 : Operation 38 [1/1] (0.00ns)   --->   "%specloopname_ln124 = specloopname void @_ssdm_op_SpecLoopName, void @empty_9" [clefia.c:124]   --->   Operation 38 'specloopname' 'specloopname_ln124' <Predicate = true> <Delay = 0.00>
ST_3 : Operation 39 [1/2] (2.32ns)   --->   "%a_load = load i5 %a_addr" [clefia.c:124]   --->   Operation 39 'load' 'a_load' <Predicate = true> <Delay = 2.32> <CoreInst = "RAM">   --->   Core 82 'RAM' <Latency = 1> <II = 1> <Delay = 2.32> <Storage> <Opcode : 'load' 'store'> <Ports = 2> <Width = 8> <Depth = 32> <RAM>
ST_3 : Operation 40 [1/2] (3.25ns)   --->   "%b_load = load i9 %b_addr" [clefia.c:124]   --->   Operation 40 'load' 'b_load' <Predicate = true> <Delay = 3.25> <CoreInst = "ROM">   --->   Core 95 'ROM' <Latency = 1> <II = 1> <Delay = 3.25> <Storage> <Opcode : 'load'> <Ports = 0> <Width = 8> <Depth = 336> <ROM>
ST_3 : Operation 41 [1/1] (0.99ns)   --->   "%xor_ln124 = xor i8 %b_load, i8 %a_load" [clefia.c:124]   --->   Operation 41 'xor' 'xor_ln124' <Predicate = true> <Delay = 0.99> <CoreInst = "LogicGate">   --->   Core 74 'LogicGate' <Latency = 0> <II = 1> <Delay = 0.99> <FuncUnit> <Opcode : 'and' 'or' 'xor'> <InPorts = 2> <OutPorts = 1>
ST_3 : Operation 42 [1/1] (0.95ns)   --->   "%switch_ln124 = switch i2 %trunc_ln124, void %branch3, i2 0, void %while.body.split.while.body.split7_crit_edge, i2 1, void %branch1, i2 2, void %branch2" [clefia.c:124]   --->   Operation 42 'switch' 'switch_ln124' <Predicate = true> <Delay = 0.95>
ST_3 : Operation 43 [1/1] (0.00ns)   --->   "%store_ln124 = store i8 %xor_ln124, i8 %dst2_02" [clefia.c:124]   --->   Operation 43 'store' 'store_ln124' <Predicate = (trunc_ln124 == 2)> <Delay = 0.00>
ST_3 : Operation 44 [1/1] (0.00ns)   --->   "%br_ln124 = br void %while.body.split7" [clefia.c:124]   --->   Operation 44 'br' 'br_ln124' <Predicate = (trunc_ln124 == 2)> <Delay = 0.00>
ST_3 : Operation 45 [1/1] (0.00ns)   --->   "%store_ln124 = store i8 %xor_ln124, i8 %dst16_04" [clefia.c:124]   --->   Operation 45 'store' 'store_ln124' <Predicate = (trunc_ln124 == 1)> <Delay = 0.00>
ST_3 : Operation 46 [1/1] (0.00ns)   --->   "%br_ln124 = br void %while.body.split7" [clefia.c:124]   --->   Operation 46 'br' 'br_ln124' <Predicate = (trunc_ln124 == 1)> <Delay = 0.00>
ST_3 : Operation 47 [1/1] (0.00ns)   --->   "%store_ln124 = store i8 %xor_ln124, i8 %dst_03" [clefia.c:124]   --->   Operation 47 'store' 'store_ln124' <Predicate = (trunc_ln124 == 0)> <Delay = 0.00>
ST_3 : Operation 48 [1/1] (0.00ns)   --->   "%br_ln124 = br void %while.body.split7" [clefia.c:124]   --->   Operation 48 'br' 'br_ln124' <Predicate = (trunc_ln124 == 0)> <Delay = 0.00>
ST_3 : Operation 49 [1/1] (0.00ns)   --->   "%store_ln124 = store i8 %xor_ln124, i8 %dst3_01" [clefia.c:124]   --->   Operation 49 'store' 'store_ln124' <Predicate = (trunc_ln124 == 3)> <Delay = 0.00>
ST_3 : Operation 50 [1/1] (0.00ns)   --->   "%br_ln124 = br void %while.body.split7" [clefia.c:124]   --->   Operation 50 'br' 'br_ln124' <Predicate = (trunc_ln124 == 3)> <Delay = 0.00>
ST_3 : Operation 51 [1/1] (1.58ns)   --->   "%store_ln123 = store i3 %add_ln124, i3 %idx" [clefia.c:123]   --->   Operation 51 'store' 'store_ln123' <Predicate = true> <Delay = 1.58>
ST_3 : Operation 52 [1/1] (0.00ns)   --->   "%br_ln123 = br void %while.body" [clefia.c:123]   --->   Operation 52 'br' 'br_ln123' <Predicate = true> <Delay = 0.00>


============================================================
+ Verbose Summary: Timing violations
============================================================
Target clock period: 10ns, clock uncertainty: 2.7ns.

 <State 1>: 1.59ns
The critical path consists of the following:
	'alloca' operation ('idx') [5]  (0 ns)
	'store' operation ('store_ln123', clefia.c:123) of constant 0 on local variable 'idx' [12]  (1.59 ns)

 <State 2>: 5.17ns
The critical path consists of the following:
	'load' operation ('idx_load', clefia.c:124) on local variable 'idx' [15]  (0 ns)
	'add' operation ('add_ln124_20', clefia.c:124) [24]  (1.92 ns)
	'getelementptr' operation ('b_addr', clefia.c:124) [26]  (0 ns)
	'load' operation ('b_load', clefia.c:124) on array 'b' [32]  (3.25 ns)

 <State 3>: 4.24ns
The critical path consists of the following:
	'load' operation ('b_load', clefia.c:124) on array 'b' [32]  (3.25 ns)
	'xor' operation ('xor_ln124', clefia.c:124) [33]  (0.99 ns)
	'store' operation ('store_ln124', clefia.c:124) of variable 'xor_ln124', clefia.c:124 on local variable 'dst2_02' [36]  (0 ns)


============================================================
+ Verbose Summary: Binding
============================================================
N/A
* FSMD analyzer results:
  - Output states:
 - Input state : 
  - Chain level:
	State 1
	State 2
	State 3


============================================================
+ Verbose Summary: Datapath Resource usage 
============================================================
N/A
