

================================================================
== Vitis HLS Report for 'ByteXor_112_2'
================================================================
* Date:           Wed Dec  7 16:29:45 2022

* Version:        2022.1 (Build 3526262 on Mon Apr 18 15:48:16 MDT 2022)
* Project:        CLEFIA_ip
* Solution:       solution3 (Vivado IP Flow Target)
* Product family: zynq
* Target device:  xc7z020-clg400-1


================================================================
== Performance Estimates
================================================================
+ Timing: 
    * Summary: 
    +--------+----------+----------+------------+
    |  Clock |  Target  | Estimated| Uncertainty|
    +--------+----------+----------+------------+
    |ap_clk  |  10.00 ns|  6.566 ns|     2.70 ns|
    +--------+----------+----------+------------+

+ Latency: 
    * Summary: 
    +---------+---------+-----------+-----------+-----+-----+---------+
    |  Latency (cycles) |   Latency (absolute)  |  Interval | Pipeline|
    |   min   |   max   |    min    |    max    | min | max |   Type  |
    +---------+---------+-----------+-----------+-----+-----+---------+
    |        9|        9|  90.000 ns|  90.000 ns|    9|    9|       no|
    +---------+---------+-----------+-----------+-----+-----+---------+

    + Detail: 
        * Instance: 
        N/A

        * Loop: 
        +------------------+---------+---------+----------+-----------+-----------+------+----------+
        |                  |  Latency (cycles) | Iteration|  Initiation Interval  | Trip |          |
        |     Loop Name    |   min   |   max   |  Latency |  achieved |   target  | Count| Pipelined|
        +------------------+---------+---------+----------+-----------+-----------+------+----------+
        |- ByteXor_label2  |        8|        8|         2|          -|          -|     4|        no|
        +------------------+---------+---------+----------+-----------+-----------+------+----------+

============================================================
+ Verbose Summary: Synthesis Manager
============================================================
InlineROM: 1
ExposeGlobal: 0
============================================================
+ Verbose Summary: CDFG Model
============================================================
IsTopModel: 0
ResetActiveHigh: 1
IsCombinational: 0
IsDatapathOnly: 0
HasWiredReturn: 1
HasMFsm: 0
HasVarLatency: 1
IsPipeline: 0
IsRtlPipelined: 0
IsInstanceOverlapped: 0
IsDontTouch: 0
HasImplIP: 0
IsGatedGlobalClock: 0


============================================================
+ Verbose Summary: Schedule
============================================================
* Number of FSM states : 3
* Pipeline : 0
* Dataflow Pipeline: 0

* FSM state transitions: 
1 --> 2 
2 --> 3 
3 --> 2 

* FSM state operations: 

State 1 <SV = 0> <Delay = 1.58>
ST_1 : Operation 4 [1/1] (0.00ns)   --->   "%idx = alloca i32 1"   --->   Operation 4 'alloca' 'idx' <Predicate = true> <Delay = 0.00>
ST_1 : Operation 5 [1/1] (0.00ns)   --->   "%b_offset_read = read i8 @_ssdm_op_Read.ap_auto.i8, i8 %b_offset"   --->   Operation 5 'read' 'b_offset_read' <Predicate = true> <Delay = 0.00>
ST_1 : Operation 6 [1/1] (0.00ns)   --->   "%a_offset_read = read i4 @_ssdm_op_Read.ap_auto.i4, i4 %a_offset"   --->   Operation 6 'read' 'a_offset_read' <Predicate = true> <Delay = 0.00>
ST_1 : Operation 7 [1/1] (1.58ns)   --->   "%store_ln123 = store i3 0, i3 %idx" [clefia.c:123]   --->   Operation 7 'store' 'store_ln123' <Predicate = true> <Delay = 1.58>
ST_1 : Operation 8 [1/1] (0.00ns)   --->   "%br_ln123 = br void %while.body" [clefia.c:123]   --->   Operation 8 'br' 'br_ln123' <Predicate = true> <Delay = 0.00>

State 2 <SV = 1> <Delay = 5.16>
ST_2 : Operation 9 [1/1] (0.00ns)   --->   "%idx_load = load i3 %idx" [clefia.c:124]   --->   Operation 9 'load' 'idx_load' <Predicate = true> <Delay = 0.00>
ST_2 : Operation 10 [1/1] (0.00ns)   --->   "%empty = speclooptripcount i32 @_ssdm_op_SpecLoopTripCount, i64 4, i64 4, i64 4"   --->   Operation 10 'speclooptripcount' 'empty' <Predicate = true> <Delay = 0.00>
ST_2 : Operation 11 [1/1] (1.13ns)   --->   "%icmp_ln123 = icmp_eq  i3 %idx_load, i3 4" [clefia.c:123]   --->   Operation 11 'icmp' 'icmp_ln123' <Predicate = true> <Delay = 1.13> <CoreInst = "Cmp">   --->   Core 9 'Cmp' <Latency = 0> <II = 1> <Delay = 1.13> <FuncUnit> <Opcode : 'icmp'> <InPorts = 2> <OutPorts = 1>
ST_2 : Operation 12 [1/1] (1.65ns)   --->   "%add_ln124 = add i3 %idx_load, i3 1" [clefia.c:124]   --->   Operation 12 'add' 'add_ln124' <Predicate = true> <Delay = 1.65> <CoreInst = "Adder">   --->   Core 1 'Adder' <Latency = 0> <II = 1> <Delay = 1.65> <FuncUnit> <Opcode : 'add' 'sub'> <InPorts = 2> <OutPorts = 1>
ST_2 : Operation 13 [1/1] (0.00ns)   --->   "%br_ln123 = br i1 %icmp_ln123, void %while.body.split, void %while.end.loopexit" [clefia.c:123]   --->   Operation 13 'br' 'br_ln123' <Predicate = true> <Delay = 0.00>
ST_2 : Operation 14 [1/1] (0.00ns)   --->   "%zext_ln124 = zext i3 %idx_load" [clefia.c:124]   --->   Operation 14 'zext' 'zext_ln124' <Predicate = (!icmp_ln123)> <Delay = 0.00>
ST_2 : Operation 15 [1/1] (0.00ns)   --->   "%zext_ln124_11 = zext i3 %idx_load" [clefia.c:124]   --->   Operation 15 'zext' 'zext_ln124_11' <Predicate = (!icmp_ln123)> <Delay = 0.00>
ST_2 : Operation 16 [1/1] (1.91ns)   --->   "%add_ln124_9 = add i8 %zext_ln124_11, i8 %b_offset_read" [clefia.c:124]   --->   Operation 16 'add' 'add_ln124_9' <Predicate = (!icmp_ln123)> <Delay = 1.91> <CoreInst = "Adder">   --->   Core 1 'Adder' <Latency = 0> <II = 1> <Delay = 1.91> <FuncUnit> <Opcode : 'add' 'sub'> <InPorts = 2> <OutPorts = 1>
ST_2 : Operation 17 [1/1] (0.00ns)   --->   "%zext_ln124_12 = zext i8 %add_ln124_9" [clefia.c:124]   --->   Operation 17 'zext' 'zext_ln124_12' <Predicate = (!icmp_ln123)> <Delay = 0.00>
ST_2 : Operation 18 [1/1] (0.00ns)   --->   "%b_addr = getelementptr i8 %b, i64 0, i64 %zext_ln124_12" [clefia.c:124]   --->   Operation 18 'getelementptr' 'b_addr' <Predicate = (!icmp_ln123)> <Delay = 0.00>
ST_2 : Operation 19 [1/1] (1.73ns)   --->   "%add_ln124_10 = add i4 %zext_ln124, i4 %a_offset_read" [clefia.c:124]   --->   Operation 19 'add' 'add_ln124_10' <Predicate = (!icmp_ln123)> <Delay = 1.73> <CoreInst = "Adder">   --->   Core 1 'Adder' <Latency = 0> <II = 1> <Delay = 1.73> <FuncUnit> <Opcode : 'add' 'sub'> <InPorts = 2> <OutPorts = 1>
ST_2 : Operation 20 [1/1] (0.00ns)   --->   "%zext_ln124_13 = zext i4 %add_ln124_10" [clefia.c:124]   --->   Operation 20 'zext' 'zext_ln124_13' <Predicate = (!icmp_ln123)> <Delay = 0.00>
ST_2 : Operation 21 [1/1] (0.00ns)   --->   "%a_addr = getelementptr i8 %a, i64 0, i64 %zext_ln124_13" [clefia.c:124]   --->   Operation 21 'getelementptr' 'a_addr' <Predicate = (!icmp_ln123)> <Delay = 0.00>
ST_2 : Operation 22 [2/2] (2.32ns)   --->   "%a_load = load i4 %a_addr" [clefia.c:124]   --->   Operation 22 'load' 'a_load' <Predicate = (!icmp_ln123)> <Delay = 2.32> <CoreInst = "RAM">   --->   Core 82 'RAM' <Latency = 1> <II = 1> <Delay = 2.32> <Storage> <Opcode : 'load' 'store'> <Ports = 2> <Width = 8> <Depth = 16> <RAM>
ST_2 : Operation 23 [2/2] (3.25ns)   --->   "%b_load = load i8 %b_addr" [clefia.c:124]   --->   Operation 23 'load' 'b_load' <Predicate = (!icmp_ln123)> <Delay = 3.25> <CoreInst = "RAM">   --->   Core 82 'RAM' <Latency = 1> <II = 1> <Delay = 3.25> <Storage> <Opcode : 'load' 'store'> <Ports = 2> <Width = 8> <Depth = 224> <RAM>
ST_2 : Operation 24 [1/1] (1.58ns)   --->   "%store_ln123 = store i3 %add_ln124, i3 %idx" [clefia.c:123]   --->   Operation 24 'store' 'store_ln123' <Predicate = (!icmp_ln123)> <Delay = 1.58>
ST_2 : Operation 25 [1/1] (0.00ns)   --->   "%ret_ln126 = ret" [clefia.c:126]   --->   Operation 25 'ret' 'ret_ln126' <Predicate = (icmp_ln123)> <Delay = 0.00>

State 3 <SV = 2> <Delay = 6.56>
ST_3 : Operation 26 [1/1] (0.00ns)   --->   "%specloopname_ln124 = specloopname void @_ssdm_op_SpecLoopName, void @empty_9" [clefia.c:124]   --->   Operation 26 'specloopname' 'specloopname_ln124' <Predicate = true> <Delay = 0.00>
ST_3 : Operation 27 [1/2] (2.32ns)   --->   "%a_load = load i4 %a_addr" [clefia.c:124]   --->   Operation 27 'load' 'a_load' <Predicate = true> <Delay = 2.32> <CoreInst = "RAM">   --->   Core 82 'RAM' <Latency = 1> <II = 1> <Delay = 2.32> <Storage> <Opcode : 'load' 'store'> <Ports = 2> <Width = 8> <Depth = 16> <RAM>
ST_3 : Operation 28 [1/2] (3.25ns)   --->   "%b_load = load i8 %b_addr" [clefia.c:124]   --->   Operation 28 'load' 'b_load' <Predicate = true> <Delay = 3.25> <CoreInst = "RAM">   --->   Core 82 'RAM' <Latency = 1> <II = 1> <Delay = 3.25> <Storage> <Opcode : 'load' 'store'> <Ports = 2> <Width = 8> <Depth = 224> <RAM>
ST_3 : Operation 29 [1/1] (0.99ns)   --->   "%xor_ln124 = xor i8 %b_load, i8 %a_load" [clefia.c:124]   --->   Operation 29 'xor' 'xor_ln124' <Predicate = true> <Delay = 0.99> <CoreInst = "LogicGate">   --->   Core 74 'LogicGate' <Latency = 0> <II = 1> <Delay = 0.99> <FuncUnit> <Opcode : 'and' 'or' 'xor'> <InPorts = 2> <OutPorts = 1>
ST_3 : Operation 30 [1/1] (2.32ns)   --->   "%store_ln124 = store i8 %xor_ln124, i4 %a_addr" [clefia.c:124]   --->   Operation 30 'store' 'store_ln124' <Predicate = true> <Delay = 2.32> <CoreInst = "RAM">   --->   Core 82 'RAM' <Latency = 1> <II = 1> <Delay = 2.32> <Storage> <Opcode : 'load' 'store'> <Ports = 2> <Width = 8> <Depth = 16> <RAM>
ST_3 : Operation 31 [1/1] (0.00ns)   --->   "%br_ln123 = br void %while.body" [clefia.c:123]   --->   Operation 31 'br' 'br_ln123' <Predicate = true> <Delay = 0.00>


============================================================
+ Verbose Summary: Timing violations
============================================================
Target clock period: 10ns, clock uncertainty: 2.7ns.

 <State 1>: 1.59ns
The critical path consists of the following:
	'alloca' operation ('idx') [5]  (0 ns)
	'store' operation ('store_ln123', clefia.c:123) of constant 0 on local variable 'idx' [8]  (1.59 ns)

 <State 2>: 5.17ns
The critical path consists of the following:
	'load' operation ('idx_load', clefia.c:124) on local variable 'idx' [11]  (0 ns)
	'add' operation ('add_ln124_9', clefia.c:124) [20]  (1.92 ns)
	'getelementptr' operation ('b_addr', clefia.c:124) [22]  (0 ns)
	'load' operation ('b_load', clefia.c:124) on array 'b' [27]  (3.25 ns)

 <State 3>: 6.57ns
The critical path consists of the following:
	'load' operation ('b_load', clefia.c:124) on array 'b' [27]  (3.25 ns)
	'xor' operation ('xor_ln124', clefia.c:124) [28]  (0.99 ns)
	'store' operation ('store_ln124', clefia.c:124) of variable 'xor_ln124', clefia.c:124 on array 'a' [29]  (2.32 ns)


============================================================
+ Verbose Summary: Binding
============================================================
N/A
* FSMD analyzer results:
  - Output states:
 - Input state : 
  - Chain level:
	State 1
	State 2
	State 3


============================================================
+ Verbose Summary: Datapath Resource usage 
============================================================
N/A
