Copyright 1986-2022 Xilinx, Inc. All Rights Reserved.
---------------------------------------------------------------------------------------------
| Tool Version : Vivado v.2022.1 (win64) Build 3526262 Mon Apr 18 15:48:16 MDT 2022
| Date         : Wed Dec  7 16:45:13 2022
| Host         : DESKTOP-CTM6DMJ running 64-bit major release  (build 9200)
| Command      : report_control_sets -verbose -file design_1_wrapper_control_sets_placed.rpt
| Design       : design_1_wrapper
| Device       : xc7z020
---------------------------------------------------------------------------------------------

Control Set Information

Table of Contents
-----------------
1. Summary
2. Histogram
3. Flip-Flop Distribution
4. Detailed Control Set Information

1. Summary
----------

+----------------------------------------------------------+-------+
|                          Status                          | Count |
+----------------------------------------------------------+-------+
| Total control sets                                       |   227 |
|    Minimum number of control sets                        |   227 |
|    Addition due to synthesis replication                 |     0 |
|    Addition due to physical synthesis replication        |     0 |
| Unused register locations in slices containing registers |   347 |
+----------------------------------------------------------+-------+
* Control sets can be merged at opt_design using control_set_merge or merge_equivalent_drivers
** Run report_qor_suggestions for automated merging and remapping suggestions


2. Histogram
------------

+--------------------+-------+
|       Fanout       | Count |
+--------------------+-------+
| Total control sets |   227 |
| >= 0 to < 4        |     2 |
| >= 4 to < 6        |    51 |
| >= 6 to < 8        |    13 |
| >= 8 to < 10       |    97 |
| >= 10 to < 12      |     2 |
| >= 12 to < 14      |     8 |
| >= 14 to < 16      |     3 |
| >= 16              |    51 |
+--------------------+-------+
* Control sets can be remapped at either synth_design or opt_design


3. Flip-Flop Distribution
-------------------------

+--------------+-----------------------+------------------------+-----------------+--------------+
| Clock Enable | Synchronous Set/Reset | Asynchronous Set/Reset | Total Registers | Total Slices |
+--------------+-----------------------+------------------------+-----------------+--------------+
| No           | No                    | No                     |             233 |           85 |
| No           | No                    | Yes                    |               0 |            0 |
| No           | Yes                   | No                     |             935 |          287 |
| Yes          | No                    | No                     |            1935 |          630 |
| Yes          | No                    | Yes                    |               0 |            0 |
| Yes          | Yes                   | No                     |             262 |           83 |
+--------------+-----------------------+------------------------+-----------------+--------------+


4. Detailed Control Set Information
-----------------------------------

+-------------------------------------------------+----------------------------------------------------------------------------------------------------------------------------------------------------------------+-------------------------------------------------------------------------------------------------------------------------------------------------------+------------------+----------------+--------------+
|                   Clock Signal                  |                                                                          Enable Signal                                                                         |                                                                    Set/Reset Signal                                                                   | Slice Load Count | Bel Load Count | Bels / Slice |
+-------------------------------------------------+----------------------------------------------------------------------------------------------------------------------------------------------------------------+-------------------------------------------------------------------------------------------------------------------------------------------------------+------------------+----------------+--------------+
|  design_1_i/processing_system7_0/inst/FCLK_CLK0 | design_1_i/ps7_0_axi_periph/s00_couplers/auto_pc/inst/gen_axilite.gen_b2s_conv.axilite_b2s/WR.aw_channel_0/aw_cmd_fsm_0/FSM_sequential_state_reg[0]_1          | design_1_i/ps7_0_axi_periph/s00_couplers/auto_pc/inst/gen_axilite.gen_b2s_conv.axilite_b2s/WR.aw_channel_0/aw_cmd_fsm_0/FSM_sequential_state_reg[0]_0 |                1 |              1 |         1.00 |
|  design_1_i/processing_system7_0/inst/FCLK_CLK0 | design_1_i/ps7_0_axi_periph/s00_couplers/auto_pc/inst/gen_axilite.gen_b2s_conv.axilite_b2s/WR.b_channel_0/bid_fifo_0/sel                                       |                                                                                                                                                       |                1 |              2 |         2.00 |
|  design_1_i/processing_system7_0/inst/FCLK_CLK0 | design_1_i/clefia_0/inst/grp_ClefiaKeySet_fu_347/grp_ByteCpy_120_fu_490/ap_CS_fsm_state2                                                                       |                                                                                                                                                       |                1 |              4 |         4.00 |
|  design_1_i/processing_system7_0/inst/FCLK_CLK0 | design_1_i/ps7_0_axi_periph/s00_couplers/auto_pc/inst/gen_axilite.gen_b2s_conv.axilite_b2s/RD.ar_channel_0/ar_cmd_fsm_0/m_axi_arready_2                        | design_1_i/ps7_0_axi_periph/s00_couplers/auto_pc/inst/gen_axilite.gen_b2s_conv.axilite_b2s/RD.ar_channel_0/ar_cmd_fsm_0/FSM_sequential_state_reg[1]_0 |                2 |              4 |         2.00 |
|  design_1_i/processing_system7_0/inst/FCLK_CLK0 |                                                                                                                                                                | design_1_i/ps7_0_axi_periph/s00_couplers/auto_pc/inst/gen_axilite.gen_b2s_conv.axilite_b2s/SI_REG/aw.aw_pipe/aresetn_d_reg[0]_0                       |                2 |              4 |         2.00 |
|  design_1_i/processing_system7_0/inst/FCLK_CLK0 |                                                                                                                                                                | design_1_i/ps7_0_axi_periph/s00_couplers/auto_pc/inst/gen_axilite.gen_b2s_conv.axilite_b2s/SI_REG/ar.ar_pipe/aresetn_d_reg[1]_inv_0                   |                2 |              4 |         2.00 |
|  design_1_i/processing_system7_0/inst/FCLK_CLK0 |                                                                                                                                                                | design_1_i/rst_ps7_0_100M/U0/EXT_LPF/lpf_int                                                                                                          |                1 |              4 |         4.00 |
|  design_1_i/processing_system7_0/inst/FCLK_CLK0 | design_1_i/clefia_0/inst/grp_ByteCpy_119_fu_491/idx_fu_300                                                                                                     |                                                                                                                                                       |                2 |              4 |         2.00 |
|  design_1_i/processing_system7_0/inst/FCLK_CLK0 | design_1_i/clefia_0/inst/grp_ClefiaKeySet_fu_347/grp_ByteXor_112_fu_453/E[0]                                                                                   |                                                                                                                                                       |                2 |              4 |         2.00 |
|  design_1_i/processing_system7_0/inst/FCLK_CLK0 | design_1_i/clefia_0/inst/grp_ClefiaKeySet_fu_347/grp_ClefiaF0Xor_125_fu_777/grp_ByteCpy_fu_90/idx_fu_260                                                       |                                                                                                                                                       |                1 |              4 |         4.00 |
|  design_1_i/processing_system7_0/inst/FCLK_CLK0 | design_1_i/clefia_0/inst/grp_ClefiaKeySet_fu_347/grp_ByteCpy_120_fu_490/idx_fu_300                                                                             | design_1_i/clefia_0/inst/grp_ClefiaKeySet_fu_347/grp_ByteCpy_120_fu_490/ap_NS_fsm1                                                                    |                1 |              4 |         4.00 |
|  design_1_i/processing_system7_0/inst/FCLK_CLK0 | design_1_i/clefia_0/inst/grp_ClefiaKeySet_fu_347/grp_ClefiaDoubleSwap_fu_877/grp_ByteCpy_fu_344/idx_fu_260                                                     |                                                                                                                                                       |                1 |              4 |         4.00 |
|  design_1_i/processing_system7_0/inst/FCLK_CLK0 | design_1_i/clefia_0/inst/grp_ByteXor_112_2_fu_366/idx_fu_300                                                                                                   |                                                                                                                                                       |                2 |              4 |         2.00 |
|  design_1_i/processing_system7_0/inst/FCLK_CLK0 | design_1_i/clefia_0/inst/grp_ClefiaKeySet_fu_347/grp_ByteCpy_121_fu_482/ap_CS_fsm[2]_i_1__36_n_0                                                               |                                                                                                                                                       |                2 |              4 |         2.00 |
|  design_1_i/processing_system7_0/inst/FCLK_CLK0 | design_1_i/clefia_0/inst/grp_ByteCpy_11831_fu_378/ap_CS_fsm[2]_i_1__38_n_0                                                                                     |                                                                                                                                                       |                2 |              4 |         2.00 |
|  design_1_i/processing_system7_0/inst/FCLK_CLK0 | design_1_i/clefia_0/inst/grp_ClefiaKeySet_fu_347/grp_ByteCpy_116_fu_842/ap_CS_fsm[2]_i_1__37_n_0                                                               |                                                                                                                                                       |                1 |              4 |         4.00 |
|  design_1_i/processing_system7_0/inst/FCLK_CLK0 | design_1_i/clefia_0/inst/grp_ByteCpy_119_fu_491/idx_fu_300                                                                                                     | design_1_i/clefia_0/inst/grp_ByteCpy_119_fu_491/ap_NS_fsm1                                                                                            |                3 |              4 |         1.33 |
|  design_1_i/processing_system7_0/inst/FCLK_CLK0 | design_1_i/clefia_0/inst/grp_ClefiaKeySet_fu_347/grp_ByteCpy_119_fu_827/idx_fu_300                                                                             |                                                                                                                                                       |                1 |              4 |         4.00 |
|  design_1_i/processing_system7_0/inst/FCLK_CLK0 | design_1_i/clefia_0/inst/grp_ClefiaKeySet_fu_347/grp_ClefiaF1Xor_2_fu_802/grp_ByteCpy_119_fu_94/idx_fu_300                                                     |                                                                                                                                                       |                1 |              4 |         4.00 |
|  design_1_i/processing_system7_0/inst/FCLK_CLK0 | design_1_i/clefia_0/inst/grp_ClefiaKeySet_fu_347/grp_ByteCpy_119_fu_827/idx_fu_300                                                                             | design_1_i/clefia_0/inst/grp_ClefiaKeySet_fu_347/grp_ByteCpy_119_fu_827/ap_NS_fsm1                                                                    |                1 |              4 |         4.00 |
|  design_1_i/processing_system7_0/inst/FCLK_CLK0 | design_1_i/clefia_0/inst/grp_ClefiaKeySet_fu_347/grp_ClefiaF1Xor_2_fu_802/grp_ByteCpy_119_fu_94/idx_fu_300                                                     | design_1_i/clefia_0/inst/grp_ClefiaKeySet_fu_347/grp_ClefiaF1Xor_2_fu_802/grp_ByteCpy_119_fu_94/ap_NS_fsm1                                            |                1 |              4 |         4.00 |
|  design_1_i/processing_system7_0/inst/FCLK_CLK0 | design_1_i/clefia_0/inst/grp_ClefiaKeySet_fu_347/grp_ByteXor_112_fu_453/idx_fu_340                                                                             | design_1_i/clefia_0/inst/grp_ClefiaKeySet_fu_347/grp_ByteXor_112_fu_453/ap_NS_fsm1                                                                    |                2 |              4 |         2.00 |
|  design_1_i/processing_system7_0/inst/FCLK_CLK0 | design_1_i/clefia_0/inst/grp_ByteCpy_116_fu_510/ap_CS_fsm[2]_i_1__40_n_0                                                                                       |                                                                                                                                                       |                1 |              4 |         4.00 |
|  design_1_i/processing_system7_0/inst/FCLK_CLK0 | design_1_i/clefia_0/inst/grp_ByteCpy_fu_394/ap_CS_fsm[2]_i_1__39_n_0                                                                                           |                                                                                                                                                       |                2 |              4 |         2.00 |
|  design_1_i/processing_system7_0/inst/FCLK_CLK0 | design_1_i/clefia_0/inst/grp_ClefiaKeySet_fu_347/grp_ByteXor_112_1_fu_645/idx_fu_300                                                                           | design_1_i/clefia_0/inst/grp_ClefiaKeySet_fu_347/grp_ByteXor_112_1_fu_645/ap_NS_fsm1                                                                  |                2 |              5 |         2.50 |
|  design_1_i/processing_system7_0/inst/FCLK_CLK0 | design_1_i/clefia_0/inst/grp_ClefiaKeySet_fu_347/grp_ByteCpy_118_fu_582/idx_fu_320                                                                             |                                                                                                                                                       |                3 |              5 |         1.67 |
|  design_1_i/processing_system7_0/inst/FCLK_CLK0 | design_1_i/clefia_0/inst/grp_ClefiaKeySet_fu_347/grp_ByteCpy_118_fu_582/idx_fu_320                                                                             | design_1_i/clefia_0/inst/grp_ClefiaKeySet_fu_347/grp_ByteCpy_118_fu_582/ap_NS_fsm1                                                                    |                3 |              5 |         1.67 |
|  design_1_i/processing_system7_0/inst/FCLK_CLK0 | design_1_i/clefia_0/inst/grp_ClefiaKeySet_fu_347/grp_ClefiaF1Xor_fu_702/grp_ByteCpy_118_fu_110/idx_fu_320                                                      | design_1_i/clefia_0/inst/grp_ClefiaKeySet_fu_347/grp_ClefiaF1Xor_fu_702/grp_ByteCpy_118_fu_110/ap_NS_fsm1                                             |                2 |              5 |         2.50 |
|  design_1_i/processing_system7_0/inst/FCLK_CLK0 | design_1_i/clefia_0/inst/grp_ClefiaKeySet_fu_347/grp_ClefiaF1Xor_fu_702/grp_ByteCpy_118_fu_110/idx_fu_320                                                      |                                                                                                                                                       |                1 |              5 |         5.00 |
|  design_1_i/processing_system7_0/inst/FCLK_CLK0 | design_1_i/clefia_0/inst/grp_ClefiaKeySet_fu_347/grp_ByteXor_111_fu_848/idx_fu_300                                                                             | design_1_i/clefia_0/inst/grp_ClefiaKeySet_fu_347/grp_ByteXor_111_fu_848/ap_NS_fsm1                                                                    |                2 |              5 |         2.50 |
|  design_1_i/processing_system7_0/inst/FCLK_CLK0 | design_1_i/clefia_0/inst/grp_ByteCpy_119_fu_491/E[0]                                                                                                           |                                                                                                                                                       |                3 |              5 |         1.67 |
|  design_1_i/processing_system7_0/inst/FCLK_CLK0 | design_1_i/clefia_0/inst/grp_ByteCpy_119_fu_491/D[5]                                                                                                           |                                                                                                                                                       |                2 |              5 |         2.50 |
|  design_1_i/processing_system7_0/inst/FCLK_CLK0 | design_1_i/clefia_0/inst/grp_ClefiaKeySet_fu_347/grp_ByteCpy_121_fu_482/ap_CS_fsm[2]_i_1__36_n_0                                                               | design_1_i/clefia_0/inst/grp_ClefiaKeySet_fu_347/grp_ByteCpy_121_fu_482/ap_NS_fsm1                                                                    |                2 |              5 |         2.50 |
|  design_1_i/processing_system7_0/inst/FCLK_CLK0 | design_1_i/clefia_0/inst/grp_ClefiaKeySet_fu_347/grp_ByteCpy_114_fu_471/ap_CS_fsm[2]_i_1__35_n_0                                                               |                                                                                                                                                       |                3 |              5 |         1.67 |
|  design_1_i/processing_system7_0/inst/FCLK_CLK0 | design_1_i/clefia_0/inst/grp_ClefiaKeySet_fu_347/grp_ClefiaF1Xor_1_fu_543/grp_ByteCpy_118_fu_110/idx_fu_320                                                    |                                                                                                                                                       |                1 |              5 |         5.00 |
|  design_1_i/processing_system7_0/inst/FCLK_CLK0 | design_1_i/clefia_0/inst/grp_ClefiaKeySet_fu_347/grp_ClefiaF1Xor_1_fu_543/grp_ByteCpy_118_fu_110/idx_fu_320                                                    | design_1_i/clefia_0/inst/grp_ClefiaKeySet_fu_347/grp_ClefiaF1Xor_1_fu_543/grp_ByteCpy_118_fu_110/ap_NS_fsm1                                           |                1 |              5 |         5.00 |
|  design_1_i/processing_system7_0/inst/FCLK_CLK0 | design_1_i/clefia_0/inst/grp_ClefiaKeySet_fu_347/grp_ByteXor_113_fu_597/idx_fu_360                                                                             | design_1_i/clefia_0/inst/grp_ClefiaKeySet_fu_347/grp_ByteXor_113_fu_597/ap_NS_fsm1                                                                    |                2 |              5 |         2.50 |
|  design_1_i/processing_system7_0/inst/FCLK_CLK0 | design_1_i/clefia_0/inst/grp_ClefiaKeySet_fu_347/grp_ByteXor_114_fu_741/idx_fu_360                                                                             | design_1_i/clefia_0/inst/grp_ClefiaKeySet_fu_347/grp_ByteXor_114_fu_741/ap_NS_fsm1                                                                    |                2 |              5 |         2.50 |
|  design_1_i/processing_system7_0/inst/FCLK_CLK0 | design_1_i/clefia_0/inst/grp_ClefiaKeySet_fu_347/grp_ClefiaDoubleSwap_1_fu_637/grp_ByteCpy_117_fu_366/ap_CS_fsm[2]_i_1__33_n_0                                 |                                                                                                                                                       |                3 |              5 |         1.67 |
|  design_1_i/processing_system7_0/inst/FCLK_CLK0 | design_1_i/clefia_0/inst/grp_ClefiaKeySet_fu_347/grp_ClefiaF0Xor_1_fu_663/grp_ByteCpy_118_fu_106/idx_fu_320                                                    |                                                                                                                                                       |                2 |              5 |         2.50 |
|  design_1_i/processing_system7_0/inst/FCLK_CLK0 | design_1_i/clefia_0/inst/grp_ClefiaKeySet_fu_347/grp_ClefiaF0Xor_1_fu_663/grp_ByteCpy_118_fu_106/idx_fu_320                                                    | design_1_i/clefia_0/inst/grp_ClefiaKeySet_fu_347/grp_ClefiaF0Xor_1_fu_663/grp_ByteCpy_118_fu_106/ap_NS_fsm1                                           |                1 |              5 |         5.00 |
|  design_1_i/processing_system7_0/inst/FCLK_CLK0 | design_1_i/clefia_0/inst/grp_ByteCpy_11831_fu_378/ap_CS_fsm[2]_i_1__38_n_0                                                                                     | design_1_i/clefia_0/inst/grp_ByteCpy_11831_fu_378/ap_NS_fsm1                                                                                          |                2 |              5 |         2.50 |
|  design_1_i/processing_system7_0/inst/FCLK_CLK0 | design_1_i/clefia_0/inst/grp_ClefiaKeySet_fu_347/grp_ClefiaDoubleSwap_1_fu_637/grp_ByteCpy_117_fu_366/ap_CS_fsm[2]_i_1__33_n_0                                 | design_1_i/clefia_0/inst/grp_ClefiaKeySet_fu_347/grp_ClefiaDoubleSwap_1_fu_637/grp_ByteCpy_117_fu_366/ap_NS_fsm1                                      |                2 |              5 |         2.50 |
|  design_1_i/processing_system7_0/inst/FCLK_CLK0 | design_1_i/clefia_0/inst/grp_ClefiaKeySet_fu_347/grp_ClefiaDoubleSwap_fu_877/grp_ByteCpy_fu_344/idx_fu_260                                                     | design_1_i/clefia_0/inst/grp_ClefiaKeySet_fu_347/grp_ClefiaDoubleSwap_fu_877/grp_ByteCpy_fu_344/ap_NS_fsm1_0                                          |                2 |              5 |         2.50 |
|  design_1_i/processing_system7_0/inst/FCLK_CLK0 | design_1_i/clefia_0/inst/grp_ClefiaKeySet_fu_347/grp_ClefiaF0Xor_2_fu_504/grp_ByteCpy_118_fu_106/idx_fu_320                                                    |                                                                                                                                                       |                2 |              5 |         2.50 |
|  design_1_i/processing_system7_0/inst/FCLK_CLK0 | design_1_i/clefia_0/inst/grp_ClefiaKeySet_fu_347/grp_ClefiaF0Xor_2_fu_504/grp_ByteCpy_118_fu_106/idx_fu_320                                                    | design_1_i/clefia_0/inst/grp_ClefiaKeySet_fu_347/grp_ClefiaF0Xor_2_fu_504/grp_ByteCpy_118_fu_106/ap_NS_fsm1                                           |                1 |              5 |         5.00 |
|  design_1_i/processing_system7_0/inst/FCLK_CLK0 | design_1_i/ps7_0_axi_periph/s00_couplers/auto_pc/inst/gen_axilite.gen_b2s_conv.axilite_b2s/RD.r_channel_0/transaction_fifo_0/cnt_read[4]_i_1_n_0               | design_1_i/ps7_0_axi_periph/s00_couplers/auto_pc/inst/gen_axilite.gen_b2s_conv.axilite_b2s/areset_d1                                                  |                2 |              5 |         2.50 |
|  design_1_i/processing_system7_0/inst/FCLK_CLK0 | design_1_i/clefia_0/inst/grp_ByteCpy_116_fu_510/ap_CS_fsm[2]_i_1__40_n_0                                                                                       | design_1_i/clefia_0/inst/grp_ByteCpy_116_fu_510/ap_NS_fsm1                                                                                            |                2 |              5 |         2.50 |
|  design_1_i/processing_system7_0/inst/FCLK_CLK0 | design_1_i/ps7_0_axi_periph/s00_couplers/auto_pc/inst/gen_axilite.gen_b2s_conv.axilite_b2s/RD.r_channel_0/rd_data_fifo_0/cnt_read[4]_i_1__0_n_0                | design_1_i/ps7_0_axi_periph/s00_couplers/auto_pc/inst/gen_axilite.gen_b2s_conv.axilite_b2s/areset_d1                                                  |                1 |              5 |         5.00 |
|  design_1_i/processing_system7_0/inst/FCLK_CLK0 | design_1_i/clefia_0/inst/grp_ClefiaKeySet_fu_347/grp_ByteCpy_115_fu_445/ap_CS_fsm[2]_i_1__34_n_0                                                               |                                                                                                                                                       |                1 |              5 |         5.00 |
|  design_1_i/processing_system7_0/inst/FCLK_CLK0 | design_1_i/clefia_0/inst/grp_ByteCpy_fu_394/ap_CS_fsm[2]_i_1__39_n_0                                                                                           | design_1_i/clefia_0/inst/grp_ByteCpy_fu_394/ap_NS_fsm1                                                                                                |                2 |              5 |         2.50 |
|  design_1_i/processing_system7_0/inst/FCLK_CLK0 | design_1_i/clefia_0/inst/grp_ClefiaKeySet_fu_347/grp_ClefiaF0Xor_125_fu_777/grp_ByteCpy_fu_90/idx_fu_260                                                       | design_1_i/clefia_0/inst/grp_ClefiaKeySet_fu_347/grp_ClefiaF0Xor_125_fu_777/grp_ByteCpy_fu_90/ap_NS_fsm1                                              |                1 |              5 |         5.00 |
|  design_1_i/processing_system7_0/inst/FCLK_CLK0 | design_1_i/clefia_0/inst/grp_ClefiaKeySet_fu_347/grp_ByteCpy_116_fu_842/ap_CS_fsm[2]_i_1__37_n_0                                                               | design_1_i/clefia_0/inst/grp_ClefiaKeySet_fu_347/grp_ByteCpy_116_fu_842/ap_NS_fsm1                                                                    |                2 |              5 |         2.50 |
|  design_1_i/processing_system7_0/inst/FCLK_CLK0 | design_1_i/clefia_0/inst/grp_ClefiaKeySet_fu_347/grp_ByteCpy_114_fu_471/ap_CS_fsm[2]_i_1__35_n_0                                                               | design_1_i/clefia_0/inst/grp_ClefiaKeySet_fu_347/grp_ByteCpy_114_fu_471/ap_NS_fsm1                                                                    |                3 |              6 |         2.00 |
|  design_1_i/processing_system7_0/inst/FCLK_CLK0 | design_1_i/clefia_0/inst/grp_ByteXor_1_fu_524/ap_CS_fsm_state1                                                                                                 |                                                                                                                                                       |                4 |              6 |         1.50 |
|  design_1_i/processing_system7_0/inst/FCLK_CLK0 | design_1_i/rst_ps7_0_100M/U0/SEQ/seq_cnt_en                                                                                                                    | design_1_i/rst_ps7_0_100M/U0/SEQ/SEQ_COUNTER/clear                                                                                                    |                1 |              6 |         6.00 |
|  design_1_i/processing_system7_0/inst/FCLK_CLK0 | design_1_i/clefia_0/inst/grp_ClefiaKeySet_fu_347/grp_ByteCpy_115_fu_445/ap_CS_fsm[2]_i_1__34_n_0                                                               | design_1_i/clefia_0/inst/grp_ClefiaKeySet_fu_347/grp_ByteCpy_115_fu_445/ap_NS_fsm1                                                                    |                2 |              6 |         3.00 |
|  design_1_i/processing_system7_0/inst/FCLK_CLK0 | design_1_i/clefia_0/inst/ap_CS_fsm_state106                                                                                                                    |                                                                                                                                                       |                2 |              7 |         3.50 |
|  design_1_i/processing_system7_0/inst/FCLK_CLK0 | design_1_i/clefia_0/inst/grp_ClefiaKeySet_fu_347/grp_ClefiaDoubleSwap_fu_877/ap_CS_fsm_state9                                                                  |                                                                                                                                                       |                5 |              7 |         1.40 |
|  design_1_i/processing_system7_0/inst/FCLK_CLK0 | design_1_i/clefia_0/inst/grp_ClefiaKeySet_fu_347/grp_ClefiaDoubleSwap_fu_877/ap_CS_fsm_state8                                                                  |                                                                                                                                                       |                4 |              7 |         1.75 |
|  design_1_i/processing_system7_0/inst/FCLK_CLK0 | design_1_i/clefia_0/inst/grp_ClefiaKeySet_fu_347/grp_ClefiaDoubleSwap_1_fu_637/ap_CS_fsm_state8                                                                |                                                                                                                                                       |                3 |              7 |         2.33 |
|  design_1_i/processing_system7_0/inst/FCLK_CLK0 | design_1_i/clefia_0/inst/control_s_axi_U/aw_hs                                                                                                                 |                                                                                                                                                       |                3 |              7 |         2.33 |
|  design_1_i/processing_system7_0/inst/FCLK_CLK0 | design_1_i/clefia_0/inst/grp_ClefiaKeySet_fu_347/grp_ClefiaDoubleSwap_1_fu_637/ap_CS_fsm_reg[11]_1[1]                                                          |                                                                                                                                                       |                4 |              7 |         1.75 |
|  design_1_i/processing_system7_0/inst/FCLK_CLK0 | design_1_i/clefia_0/inst/grp_ClefiaKeySet_fu_347/grp_ByteCpy_120_fu_490/idx_fu_300                                                                             |                                                                                                                                                       |                2 |              7 |         3.50 |
|  design_1_i/processing_system7_0/inst/FCLK_CLK0 | design_1_i/clefia_0/inst/grp_ClefiaKeySet_fu_347/grp_ClefiaDoubleSwap_fu_877/ap_CS_fsm_state7                                                                  |                                                                                                                                                       |                5 |              7 |         1.40 |
|  design_1_i/processing_system7_0/inst/FCLK_CLK0 | design_1_i/clefia_0/inst/grp_ClefiaKeySet_fu_347/grp_ClefiaDoubleSwap_1_fu_637/ap_CS_fsm_state7                                                                |                                                                                                                                                       |                4 |              7 |         1.75 |
|  design_1_i/processing_system7_0/inst/FCLK_CLK0 | design_1_i/clefia_0/inst/grp_ClefiaKeySet_fu_347/grp_ByteCpy_114_fu_471/E[0]                                                                                   |                                                                                                                                                       |                2 |              8 |         4.00 |
|  design_1_i/processing_system7_0/inst/FCLK_CLK0 | design_1_i/clefia_0/inst/grp_ClefiaKeySet_fu_347/grp_ByteCpy_116_fu_842/ap_CS_fsm_reg[435][0]                                                                  |                                                                                                                                                       |                2 |              8 |         4.00 |
|  design_1_i/processing_system7_0/inst/FCLK_CLK0 | design_1_i/clefia_0/inst/grp_ClefiaKeySet_fu_347/grp_ByteCpy_116_fu_842/E[0]                                                                                   |                                                                                                                                                       |                2 |              8 |         4.00 |
|  design_1_i/processing_system7_0/inst/FCLK_CLK0 | design_1_i/clefia_0/inst/grp_ClefiaKeySet_fu_347/grp_ClefiaF1Xor_2_fu_802/ap_CS_fsm_state4                                                                     |                                                                                                                                                       |                1 |              8 |         8.00 |
|  design_1_i/processing_system7_0/inst/FCLK_CLK0 | design_1_i/clefia_0/inst/grp_ClefiaKeySet_fu_347/grp_ClefiaF1Xor_2_fu_802/ap_CS_fsm_state2                                                                     |                                                                                                                                                       |                2 |              8 |         4.00 |
|  design_1_i/processing_system7_0/inst/FCLK_CLK0 | design_1_i/clefia_0/inst/grp_ClefiaKeySet_fu_347/grp_ClefiaF1Xor_2_fu_802/grp_ByteXor_11152_fu_82/dst3_01_fu_42[7]_i_1__4_n_0                                  |                                                                                                                                                       |                2 |              8 |         4.00 |
|  design_1_i/processing_system7_0/inst/FCLK_CLK0 | design_1_i/clefia_0/inst/grp_ClefiaKeySet_fu_347/grp_ClefiaF1Xor_2_fu_802/grp_ByteXor_11152_fu_82/dst16_04_fu_54[7]_i_1__4_n_0                                 |                                                                                                                                                       |                2 |              8 |         4.00 |
|  design_1_i/processing_system7_0/inst/FCLK_CLK0 | design_1_i/clefia_0/inst/grp_ByteCpy_11831_fu_378/p_0_in                                                                                                       |                                                                                                                                                       |                2 |              8 |         4.00 |
|  design_1_i/processing_system7_0/inst/FCLK_CLK0 | design_1_i/clefia_0/inst/grp_ClefiaKeySet_fu_347/grp_ClefiaF1Xor_2_fu_802/grp_ByteXor_143_fu_176/p_0_in__5                                                     |                                                                                                                                                       |                2 |              8 |         4.00 |
|  design_1_i/processing_system7_0/inst/FCLK_CLK0 | design_1_i/clefia_0/inst/grp_ClefiaKeySet_fu_347/grp_ClefiaF1Xor_2_fu_802/grp_ByteXor_143_fu_176/E[0]                                                          |                                                                                                                                                       |                2 |              8 |         4.00 |
|  design_1_i/processing_system7_0/inst/FCLK_CLK0 | design_1_i/clefia_0/inst/grp_ClefiaKeySet_fu_347/grp_ClefiaF1Xor_1_fu_543/grp_ByteXor_110_fu_98/dst16_04_fu_54[7]_i_1__0_n_0                                   |                                                                                                                                                       |                1 |              8 |         8.00 |
|  design_1_i/processing_system7_0/inst/FCLK_CLK0 | design_1_i/clefia_0/inst/grp_ClefiaKeySet_fu_347/grp_ClefiaF1Xor_1_fu_543/grp_ByteXor_110_fu_98/dst3_01_fu_42[7]_i_1__0_n_0                                    |                                                                                                                                                       |                2 |              8 |         4.00 |
|  design_1_i/processing_system7_0/inst/FCLK_CLK0 | design_1_i/clefia_0/inst/grp_ClefiaKeySet_fu_347/grp_ClefiaF1Xor_1_fu_543/grp_ByteXor_fu_191/E[0]                                                              |                                                                                                                                                       |                2 |              8 |         4.00 |
|  design_1_i/processing_system7_0/inst/FCLK_CLK0 | design_1_i/clefia_0/inst/grp_ClefiaKeySet_fu_347/grp_ClefiaF1Xor_1_fu_543/grp_ByteXor_fu_191/p_0_in                                                            |                                                                                                                                                       |                2 |              8 |         4.00 |
|  design_1_i/processing_system7_0/inst/FCLK_CLK0 | design_1_i/clefia_0/inst/grp_ClefiaKeySet_fu_347/grp_ClefiaF1Xor_1_fu_543/grp_ByteXor_fu_191/p_0_in__1                                                         |                                                                                                                                                       |                2 |              8 |         4.00 |
|  design_1_i/processing_system7_0/inst/FCLK_CLK0 | design_1_i/clefia_0/inst/grp_ClefiaKeySet_fu_347/grp_ClefiaF1Xor_1_fu_543/ap_CS_fsm_state4                                                                     |                                                                                                                                                       |                1 |              8 |         8.00 |
|  design_1_i/processing_system7_0/inst/FCLK_CLK0 | design_1_i/clefia_0/inst/grp_ClefiaKeySet_fu_347/grp_ClefiaF1Xor_1_fu_543/ap_CS_fsm_state2                                                                     |                                                                                                                                                       |                2 |              8 |         4.00 |
|  design_1_i/processing_system7_0/inst/FCLK_CLK0 | design_1_i/clefia_0/inst/grp_ClefiaKeySet_fu_347/grp_ClefiaDoubleSwap_1_fu_637/ap_CS_fsm_state2                                                                |                                                                                                                                                       |                4 |              8 |         2.00 |
|  design_1_i/processing_system7_0/inst/FCLK_CLK0 | design_1_i/clefia_0/inst/grp_ClefiaKeySet_fu_347/grp_ClefiaDoubleSwap_1_fu_637/ap_CS_fsm_reg[7]_1[0]                                                           |                                                                                                                                                       |                2 |              8 |         4.00 |
|  design_1_i/processing_system7_0/inst/FCLK_CLK0 | design_1_i/clefia_0/inst/grp_ClefiaKeySet_fu_347/grp_ClefiaDoubleSwap_1_fu_637/ap_CS_fsm_reg[7]_2[0]                                                           |                                                                                                                                                       |                2 |              8 |         4.00 |
|  design_1_i/processing_system7_0/inst/FCLK_CLK0 | design_1_i/clefia_0/inst/grp_ClefiaKeySet_fu_347/grp_ClefiaF0Xor_2_fu_504/grp_ByteXor_110_fu_94/dst16_04_fu_54[7]_i_1_n_0                                      |                                                                                                                                                       |                3 |              8 |         2.67 |
|  design_1_i/processing_system7_0/inst/FCLK_CLK0 | design_1_i/clefia_0/inst/grp_ClefiaKeySet_fu_347/grp_ClefiaF0Xor_2_fu_504/grp_ByteXor_110_fu_94/dst2_02_fu_46[7]_i_1_n_0                                       |                                                                                                                                                       |                2 |              8 |         4.00 |
|  design_1_i/processing_system7_0/inst/FCLK_CLK0 | design_1_i/clefia_0/inst/grp_ClefiaKeySet_fu_347/grp_ClefiaF0Xor_2_fu_504/grp_ByteXor_110_fu_94/dst3_01_fu_42[7]_i_1_n_0                                       |                                                                                                                                                       |                2 |              8 |         4.00 |
|  design_1_i/processing_system7_0/inst/FCLK_CLK0 | design_1_i/clefia_0/inst/grp_ClefiaKeySet_fu_347/grp_ClefiaF0Xor_2_fu_504/grp_ByteXor_110_fu_94/dst_03_fu_50[7]_i_1_n_0                                        |                                                                                                                                                       |                2 |              8 |         4.00 |
|  design_1_i/processing_system7_0/inst/FCLK_CLK0 | design_1_i/clefia_0/inst/grp_ByteXor_11151_fu_384/dst_03_fu_50[7]_i_1__2_n_0                                                                                   |                                                                                                                                                       |                2 |              8 |         4.00 |
|  design_1_i/processing_system7_0/inst/FCLK_CLK0 | design_1_i/clefia_0/inst/grp_ByteXor_11151_fu_384/dst2_02_fu_46[7]_i_1__2_n_0                                                                                  |                                                                                                                                                       |                2 |              8 |         4.00 |
|  design_1_i/processing_system7_0/inst/FCLK_CLK0 | design_1_i/clefia_0/inst/grp_ByteXor_11151_fu_384/dst16_04_fu_54[7]_i_1__5_n_0                                                                                 |                                                                                                                                                       |                2 |              8 |         4.00 |
|  design_1_i/processing_system7_0/inst/FCLK_CLK0 | design_1_i/clefia_0/inst/grp_ByteXor_11151_fu_384/dst3_01_fu_42[7]_i_1__5_n_0                                                                                  |                                                                                                                                                       |                1 |              8 |         8.00 |
|  design_1_i/processing_system7_0/inst/FCLK_CLK0 | design_1_i/clefia_0/inst/grp_ByteXor_112_2_fu_366/p_0_in__0                                                                                                    |                                                                                                                                                       |                2 |              8 |         4.00 |
|  design_1_i/processing_system7_0/inst/FCLK_CLK0 | design_1_i/clefia_0/inst/grp_ByteXor_112_2_fu_366/E[0]                                                                                                         |                                                                                                                                                       |                2 |              8 |         4.00 |
|  design_1_i/processing_system7_0/inst/FCLK_CLK0 | design_1_i/clefia_0/inst/grp_ClefiaKeySet_fu_347/grp_ClefiaF0Xor_1_fu_663/grp_ByteXor_11150_fu_94/dst16_04_fu_54[7]_i_1__1_n_0                                 |                                                                                                                                                       |                3 |              8 |         2.67 |
|  design_1_i/processing_system7_0/inst/FCLK_CLK0 | design_1_i/clefia_0/inst/grp_ClefiaKeySet_fu_347/grp_ClefiaF0Xor_1_fu_663/grp_ByteXor_11150_fu_94/dst_03_fu_50[7]_i_1__0_n_0                                   |                                                                                                                                                       |                2 |              8 |         4.00 |
|  design_1_i/processing_system7_0/inst/FCLK_CLK0 | design_1_i/clefia_0/inst/grp_ClefiaKeySet_fu_347/grp_ClefiaF0Xor_1_fu_663/grp_ByteXor_11150_fu_94/dst2_02_fu_46[7]_i_1__0_n_0                                  |                                                                                                                                                       |                1 |              8 |         8.00 |
|  design_1_i/processing_system7_0/inst/FCLK_CLK0 | design_1_i/clefia_0/inst/grp_ClefiaKeySet_fu_347/grp_ClefiaF0Xor_1_fu_663/grp_ByteXor_11150_fu_94/dst3_01_fu_42[7]_i_1__1_n_0                                  |                                                                                                                                                       |                2 |              8 |         4.00 |
|  design_1_i/processing_system7_0/inst/FCLK_CLK0 | design_1_i/clefia_0/inst/grp_ClefiaKeySet_fu_347/grp_ClefiaF0Xor_1_fu_663/grp_ByteXor_fu_165/p_0_in__0                                                         |                                                                                                                                                       |                2 |              8 |         4.00 |
|  design_1_i/processing_system7_0/inst/FCLK_CLK0 | design_1_i/clefia_0/inst/grp_ClefiaKeySet_fu_347/grp_ClefiaF0Xor_1_fu_663/grp_ByteXor_fu_165/E[0]                                                              |                                                                                                                                                       |                2 |              8 |         4.00 |
|  design_1_i/processing_system7_0/inst/FCLK_CLK0 | design_1_i/clefia_0/inst/grp_ClefiaKeySet_fu_347/grp_ClefiaF0Xor_125_fu_777/grp_ByteXor_11152_fu_78/dst3_01_fu_42[7]_i_1__3_n_0                                |                                                                                                                                                       |                2 |              8 |         4.00 |
|  design_1_i/processing_system7_0/inst/FCLK_CLK0 | design_1_i/ps7_0_axi_periph/s00_couplers/auto_pc/inst/gen_axilite.gen_b2s_conv.axilite_b2s/WR.aw_channel_0/aw_cmd_fsm_0/m_valid_i_reg[0]                       |                                                                                                                                                       |                6 |              8 |         1.33 |
|  design_1_i/processing_system7_0/inst/FCLK_CLK0 | design_1_i/ps7_0_axi_periph/s00_couplers/auto_pc/inst/gen_axilite.gen_b2s_conv.axilite_b2s/WR.aw_channel_0/cmd_translator_0/incr_cmd_0/axaddr_incr[11]_i_1_n_0 |                                                                                                                                                       |                2 |              8 |         4.00 |
|  design_1_i/processing_system7_0/inst/FCLK_CLK0 | design_1_i/clefia_0/inst/grp_ClefiaKeySet_fu_347/grp_ByteXor_113_fu_597/ap_CS_fsm_state3                                                                       |                                                                                                                                                       |                3 |              8 |         2.67 |
|  design_1_i/processing_system7_0/inst/FCLK_CLK0 | design_1_i/clefia_0/inst/grp_ClefiaKeySet_fu_347/grp_ByteXor_113_fu_597/idx_fu_360                                                                             |                                                                                                                                                       |                2 |              8 |         4.00 |
|  design_1_i/processing_system7_0/inst/FCLK_CLK0 | design_1_i/clefia_0/inst/grp_ClefiaKeySet_fu_347/grp_ByteXor_114_fu_741/ap_CS_fsm_state3                                                                       |                                                                                                                                                       |                3 |              8 |         2.67 |
|  design_1_i/processing_system7_0/inst/FCLK_CLK0 | design_1_i/clefia_0/inst/grp_ClefiaKeySet_fu_347/grp_ByteXor_114_fu_741/idx_fu_360                                                                             |                                                                                                                                                       |                2 |              8 |         4.00 |
|  design_1_i/processing_system7_0/inst/FCLK_CLK0 | design_1_i/clefia_0/inst/grp_ClefiaKeySet_fu_347/grp_ClefiaDoubleSwap_1_fu_637/grp_ByteCpy_117_fu_366/E[0]                                                     |                                                                                                                                                       |                2 |              8 |         4.00 |
|  design_1_i/processing_system7_0/inst/FCLK_CLK0 | design_1_i/clefia_0/inst/grp_ClefiaKeySet_fu_347/grp_ClefiaDoubleSwap_fu_877/ap_CS_fsm_state2                                                                  |                                                                                                                                                       |                2 |              8 |         4.00 |
|  design_1_i/processing_system7_0/inst/FCLK_CLK0 | design_1_i/clefia_0/inst/grp_ClefiaKeySet_fu_347/grp_ClefiaDoubleSwap_fu_877/E[0]                                                                              |                                                                                                                                                       |                2 |              8 |         4.00 |
|  design_1_i/processing_system7_0/inst/FCLK_CLK0 | design_1_i/clefia_0/inst/grp_ClefiaKeySet_fu_347/grp_ClefiaF0Xor_125_fu_777/grp_ByteXor_11152_fu_78/dst16_04_fu_54[7]_i_1__3_n_0                               |                                                                                                                                                       |                3 |              8 |         2.67 |
|  design_1_i/processing_system7_0/inst/FCLK_CLK0 | design_1_i/ps7_0_axi_periph/s00_couplers/auto_pc/inst/gen_axilite.gen_b2s_conv.axilite_b2s/WR.b_channel_0/mhandshake_r                                         | design_1_i/ps7_0_axi_periph/s00_couplers/auto_pc/inst/gen_axilite.gen_b2s_conv.axilite_b2s/WR.b_channel_0/bid_fifo_0/SR[0]                            |                2 |              8 |         4.00 |
|  design_1_i/processing_system7_0/inst/FCLK_CLK0 | design_1_i/clefia_0/inst/grp_ClefiaKeySet_fu_347/grp_ClefiaF0Xor_125_fu_777/grp_ByteXor_11152_fu_78/dst2_02_fu_46[7]_i_1__1_n_0                                |                                                                                                                                                       |                2 |              8 |         4.00 |
|  design_1_i/processing_system7_0/inst/FCLK_CLK0 | design_1_i/clefia_0/inst/grp_ClefiaKeySet_fu_347/grp_ClefiaF0Xor_125_fu_777/grp_ByteXor_11152_fu_78/dst_03_fu_50[7]_i_1__1_n_0                                 |                                                                                                                                                       |                2 |              8 |         4.00 |
|  design_1_i/processing_system7_0/inst/FCLK_CLK0 | design_1_i/clefia_0/inst/grp_ByteCpy_1_fu_338/p_0_in__2                                                                                                        |                                                                                                                                                       |                2 |              8 |         4.00 |
|  design_1_i/processing_system7_0/inst/FCLK_CLK0 | design_1_i/clefia_0/inst/grp_ByteCpy_2_fu_516/reg_36326_out                                                                                                    |                                                                                                                                                       |                3 |              8 |         2.67 |
|  design_1_i/processing_system7_0/inst/FCLK_CLK0 | design_1_i/clefia_0/inst/grp_ByteCpy_2_fu_516/reg_357[7]_i_1_n_0                                                                                               |                                                                                                                                                       |                5 |              8 |         1.60 |
|  design_1_i/processing_system7_0/inst/FCLK_CLK0 | design_1_i/clefia_0/inst/grp_ByteCpy_2_fu_516/reg_3573                                                                                                         |                                                                                                                                                       |                3 |              8 |         2.67 |
|  design_1_i/processing_system7_0/inst/FCLK_CLK0 | design_1_i/clefia_0/inst/grp_ByteCpy_2_fu_516/reg_369                                                                                                          |                                                                                                                                                       |                3 |              8 |         2.67 |
|  design_1_i/processing_system7_0/inst/FCLK_CLK0 | design_1_i/clefia_0/inst/grp_ByteCpy_2_fu_516/reg_375                                                                                                          |                                                                                                                                                       |                6 |              8 |         1.33 |
|  design_1_i/processing_system7_0/inst/FCLK_CLK0 | design_1_i/clefia_0/inst/grp_ByteCpy_2_fu_516/reg_363[7]_i_1_n_0                                                                                               |                                                                                                                                                       |                5 |              8 |         1.60 |
|  design_1_i/processing_system7_0/inst/FCLK_CLK0 | design_1_i/clefia_0/inst/grp_ByteCpy_2_fu_516/src_load_15_reg_4760                                                                                             |                                                                                                                                                       |                4 |              8 |         2.00 |
|  design_1_i/processing_system7_0/inst/FCLK_CLK0 | design_1_i/clefia_0/inst/grp_ByteCpy_2_fu_516/ap_CS_fsm_reg[117][0]                                                                                            |                                                                                                                                                       |                5 |              8 |         1.60 |
|  design_1_i/processing_system7_0/inst/FCLK_CLK0 | design_1_i/clefia_0/inst/grp_ByteCpy_2_fu_516/ap_CS_fsm_reg[2]_0[0]                                                                                            |                                                                                                                                                       |                2 |              8 |         4.00 |
|  design_1_i/processing_system7_0/inst/FCLK_CLK0 | design_1_i/clefia_0/inst/grp_ByteCpy_2_fu_516/ap_CS_fsm_reg[117]_0[0]                                                                                          |                                                                                                                                                       |                2 |              8 |         4.00 |
|  design_1_i/processing_system7_0/inst/FCLK_CLK0 | design_1_i/clefia_0/inst/grp_ByteCpy_2_fu_516/src_load_11_reg_4460                                                                                             |                                                                                                                                                       |                3 |              8 |         2.67 |
|  design_1_i/processing_system7_0/inst/FCLK_CLK0 | design_1_i/clefia_0/inst/grp_ByteCpy_2_fu_516/E[0]                                                                                                             |                                                                                                                                                       |                3 |              8 |         2.67 |
|  design_1_i/processing_system7_0/inst/FCLK_CLK0 | design_1_i/clefia_0/inst/grp_ByteCpy_fu_394/E[0]                                                                                                               |                                                                                                                                                       |                2 |              8 |         4.00 |
|  design_1_i/processing_system7_0/inst/FCLK_CLK0 | design_1_i/clefia_0/inst/grp_ByteCpy_fu_394/ap_CS_fsm_reg[2]_0[0]                                                                                              |                                                                                                                                                       |                2 |              8 |         4.00 |
|  design_1_i/processing_system7_0/inst/FCLK_CLK0 | design_1_i/clefia_0/inst/grp_ByteCpy_119_fu_491/p_0_in__4                                                                                                      |                                                                                                                                                       |                2 |              8 |         4.00 |
|  design_1_i/processing_system7_0/inst/FCLK_CLK0 | design_1_i/clefia_0/inst/grp_ByteCpy_119_fu_491/p_0_in__5                                                                                                      |                                                                                                                                                       |                2 |              8 |         4.00 |
|  design_1_i/processing_system7_0/inst/FCLK_CLK0 | design_1_i/clefia_0/inst/grp_ByteCpy_119_fu_491/p_0_in__1                                                                                                      |                                                                                                                                                       |                2 |              8 |         4.00 |
|  design_1_i/processing_system7_0/inst/FCLK_CLK0 | design_1_i/clefia_0/inst/grp_ByteCpy_119_fu_491/p_0_in__3                                                                                                      |                                                                                                                                                       |                2 |              8 |         4.00 |
|  design_1_i/processing_system7_0/inst/FCLK_CLK0 | design_1_i/clefia_0/inst/grp_ByteCpy_119_fu_491/ap_CS_fsm_reg[1]_0[0]                                                                                          |                                                                                                                                                       |                2 |              8 |         4.00 |
|  design_1_i/processing_system7_0/inst/FCLK_CLK0 | design_1_i/clefia_0/inst/grp_ByteCpy_119_fu_491/ap_CS_fsm_reg[1]_1[0]                                                                                          |                                                                                                                                                       |                2 |              8 |         4.00 |
|  design_1_i/processing_system7_0/inst/FCLK_CLK0 | design_1_i/clefia_0/inst/grp_ByteCpy_119_fu_491/ap_CS_fsm_reg[1]_2[0]                                                                                          |                                                                                                                                                       |                2 |              8 |         4.00 |
|  design_1_i/processing_system7_0/inst/FCLK_CLK0 | design_1_i/clefia_0/inst/grp_ByteCpy_119_fu_491/ap_CS_fsm_reg[1]_3[0]                                                                                          |                                                                                                                                                       |                2 |              8 |         4.00 |
|  design_1_i/processing_system7_0/inst/FCLK_CLK0 | design_1_i/clefia_0/inst/grp_ClefiaKeySet_fu_347/grp_ByteXor_111_fu_848/ap_CS_fsm_state3                                                                       |                                                                                                                                                       |                6 |              8 |         1.33 |
|  design_1_i/processing_system7_0/inst/FCLK_CLK0 | design_1_i/clefia_0/inst/grp_ClefiaKeySet_fu_347/grp_ByteXor_111_fu_848/idx_fu_300                                                                             |                                                                                                                                                       |                4 |              8 |         2.00 |
|  design_1_i/processing_system7_0/inst/FCLK_CLK0 | design_1_i/clefia_0/inst/grp_ClefiaKeySet_fu_347/grp_ByteXor_112_1_fu_645/idx_fu_300                                                                           |                                                                                                                                                       |                2 |              8 |         4.00 |
|  design_1_i/processing_system7_0/inst/FCLK_CLK0 | design_1_i/clefia_0/inst/grp_ClefiaKeySet_fu_347/grp_ByteXor_112_1_fu_645/ap_CS_fsm_state3                                                                     |                                                                                                                                                       |                4 |              8 |         2.00 |
|  design_1_i/processing_system7_0/inst/FCLK_CLK0 | design_1_i/clefia_0/inst/grp_ClefiaKeySet_fu_347/grp_ByteXor_112_1_fu_645/E[0]                                                                                 |                                                                                                                                                       |                4 |              8 |         2.00 |
|  design_1_i/processing_system7_0/inst/FCLK_CLK0 | design_1_i/clefia_0/inst/grp_ClefiaKeySet_fu_347/grp_ByteXor_112_fu_453/idx_fu_340                                                                             |                                                                                                                                                       |                3 |              8 |         2.67 |
|  design_1_i/processing_system7_0/inst/FCLK_CLK0 | design_1_i/clefia_0/inst/grp_ClefiaKeySet_fu_347/grp_ByteCpy_119_fu_827/p_0_in__6                                                                              |                                                                                                                                                       |                2 |              8 |         4.00 |
|  design_1_i/processing_system7_0/inst/FCLK_CLK0 | design_1_i/clefia_0/inst/grp_ClefiaKeySet_fu_347/grp_ClefiaF1Xor_fu_702/grp_ByteXor_11150_fu_98/dst3_01_fu_42[7]_i_1__2_n_0                                    |                                                                                                                                                       |                2 |              8 |         4.00 |
|  design_1_i/processing_system7_0/inst/FCLK_CLK0 | design_1_i/clefia_0/inst/grp_ClefiaKeySet_fu_347/grp_ClefiaF1Xor_fu_702/grp_ByteXor_11150_fu_98/dst16_04_fu_54[7]_i_1__2_n_0                                   |                                                                                                                                                       |                2 |              8 |         4.00 |
|  design_1_i/processing_system7_0/inst/FCLK_CLK0 | design_1_i/clefia_0/inst/grp_ClefiaKeySet_fu_347/grp_ClefiaF1Xor_fu_702/grp_ByteXor_fu_191/p_0_in__2                                                           |                                                                                                                                                       |                2 |              8 |         4.00 |
|  design_1_i/processing_system7_0/inst/FCLK_CLK0 | design_1_i/clefia_0/inst/grp_ClefiaKeySet_fu_347/grp_ClefiaF1Xor_fu_702/grp_ByteXor_fu_191/E[0]                                                                |                                                                                                                                                       |                2 |              8 |         4.00 |
|  design_1_i/processing_system7_0/inst/FCLK_CLK0 | design_1_i/clefia_0/inst/grp_ClefiaKeySet_fu_347/grp_ClefiaF1Xor_fu_702/ap_CS_fsm_state4                                                                       |                                                                                                                                                       |                1 |              8 |         8.00 |
|  design_1_i/processing_system7_0/inst/FCLK_CLK0 | design_1_i/clefia_0/inst/grp_ClefiaKeySet_fu_347/grp_ClefiaF1Xor_fu_702/ap_CS_fsm_state2                                                                       |                                                                                                                                                       |                2 |              8 |         4.00 |
|  design_1_i/processing_system7_0/inst/FCLK_CLK0 | design_1_i/clefia_0/inst/ap_CS_fsm_state100                                                                                                                    |                                                                                                                                                       |                2 |              8 |         4.00 |
|  design_1_i/processing_system7_0/inst/FCLK_CLK0 | design_1_i/clefia_0/inst/ap_CS_fsm_state107                                                                                                                    |                                                                                                                                                       |                5 |              8 |         1.60 |
|  design_1_i/processing_system7_0/inst/FCLK_CLK0 | design_1_i/clefia_0/inst/ap_CS_fsm_state30                                                                                                                     |                                                                                                                                                       |                3 |              8 |         2.67 |
|  design_1_i/processing_system7_0/inst/FCLK_CLK0 | design_1_i/clefia_0/inst/reg_5770                                                                                                                              |                                                                                                                                                       |                3 |              8 |         2.67 |
|  design_1_i/processing_system7_0/inst/FCLK_CLK0 | design_1_i/clefia_0/inst/reg_6000                                                                                                                              |                                                                                                                                                       |                3 |              8 |         2.67 |
|  design_1_i/processing_system7_0/inst/FCLK_CLK0 | design_1_i/clefia_0/inst/reg_5730                                                                                                                              |                                                                                                                                                       |                4 |              8 |         2.00 |
|  design_1_i/processing_system7_0/inst/FCLK_CLK0 | design_1_i/clefia_0/inst/p_2_in                                                                                                                                |                                                                                                                                                       |                2 |              8 |         4.00 |
|  design_1_i/processing_system7_0/inst/FCLK_CLK0 | design_1_i/ps7_0_axi_periph/s00_couplers/auto_pc/inst/gen_axilite.gen_b2s_conv.axilite_b2s/RD.ar_channel_0/ar_cmd_fsm_0/E[0]                                   |                                                                                                                                                       |                4 |              8 |         2.00 |
|  design_1_i/processing_system7_0/inst/FCLK_CLK0 | design_1_i/ps7_0_axi_periph/s00_couplers/auto_pc/inst/gen_axilite.gen_b2s_conv.axilite_b2s/RD.ar_channel_0/ar_cmd_fsm_0/sel_first_reg[0]                       |                                                                                                                                                       |                2 |              8 |         4.00 |
|  design_1_i/processing_system7_0/inst/FCLK_CLK0 | design_1_i/clefia_0/inst/grp_ClefiaKeySet_fu_347/grp_ByteCpy_114_fu_471/ap_CS_fsm_reg[296][0]                                                                  |                                                                                                                                                       |                2 |              8 |         4.00 |
|  design_1_i/processing_system7_0/inst/FCLK_CLK0 | design_1_i/clefia_0/inst/grp_ByteXor_1_fu_524/grp_ByteXor_1_fu_524_b_address0[0]                                                                               |                                                                                                                                                       |                4 |              9 |         2.25 |
|  design_1_i/processing_system7_0/inst/FCLK_CLK0 |                                                                                                                                                                | design_1_i/ps7_0_axi_periph/s00_couplers/auto_pc/inst/gen_axilite.gen_b2s_conv.axilite_b2s/areset_d1                                                  |                7 |             10 |         1.43 |
|  design_1_i/processing_system7_0/inst/FCLK_CLK0 | design_1_i/clefia_0/inst/grp_ClefiaKeySet_fu_347/grp_ClefiaF1Xor_2_fu_802/grp_ByteXor_143_fu_176/idx_fu_400                                                    |                                                                                                                                                       |                5 |             11 |         2.20 |
|  design_1_i/processing_system7_0/inst/FCLK_CLK0 | design_1_i/clefia_0/inst/grp_ClefiaKeySet_fu_347/grp_ClefiaF1Xor_fu_702/grp_ByteXor_fu_191/idx_fu_400                                                          |                                                                                                                                                       |                5 |             12 |         2.40 |
|  design_1_i/processing_system7_0/inst/FCLK_CLK0 | design_1_i/clefia_0/inst/grp_ClefiaKeySet_fu_347/grp_ClefiaF1Xor_1_fu_543/grp_ByteXor_fu_191/idx_fu_400                                                        |                                                                                                                                                       |                4 |             12 |         3.00 |
|  design_1_i/processing_system7_0/inst/FCLK_CLK0 | design_1_i/clefia_0/inst/grp_ByteXor_143_fu_475/idx_fu_400                                                                                                     |                                                                                                                                                       |               10 |             12 |         1.20 |
|  design_1_i/processing_system7_0/inst/FCLK_CLK0 | design_1_i/clefia_0/inst/grp_ClefiaKeySet_fu_347/grp_ClefiaF0Xor_125_fu_777/grp_ByteXor_143_fu_146/idx_fu_400                                                  |                                                                                                                                                       |                3 |             12 |         4.00 |
|  design_1_i/processing_system7_0/inst/FCLK_CLK0 | design_1_i/ps7_0_axi_periph/s00_couplers/auto_pc/inst/gen_axilite.gen_b2s_conv.axilite_b2s/RD.r_channel_0/r_push_r                                             |                                                                                                                                                       |                4 |             13 |         3.25 |
|  design_1_i/processing_system7_0/inst/FCLK_CLK0 | design_1_i/clefia_0/inst/grp_ClefiaKeySet_fu_347/grp_ClefiaF0Xor_2_fu_504/grp_ByteXor_fu_165/idx_fu_400                                                        |                                                                                                                                                       |                6 |             13 |         2.17 |
|  design_1_i/processing_system7_0/inst/FCLK_CLK0 | design_1_i/clefia_0/inst/grp_ClefiaKeySet_fu_347/grp_ClefiaF0Xor_1_fu_663/grp_ByteXor_fu_165/idx_fu_400                                                        |                                                                                                                                                       |                4 |             13 |         3.25 |
|  design_1_i/processing_system7_0/inst/FCLK_CLK0 | design_1_i/clefia_0/inst/ap_CS_fsm_state24                                                                                                                     |                                                                                                                                                       |                4 |             13 |         3.25 |
|  design_1_i/processing_system7_0/inst/FCLK_CLK0 | design_1_i/ps7_0_axi_periph/s00_couplers/auto_pc/inst/gen_axilite.gen_b2s_conv.axilite_b2s/SI_REG/b.b_pipe/p_1_in                                              |                                                                                                                                                       |                4 |             14 |         3.50 |
|  design_1_i/processing_system7_0/inst/FCLK_CLK0 | design_1_i/ps7_0_axi_periph/s00_couplers/auto_pc/inst/gen_axilite.gen_b2s_conv.axilite_b2s/SI_REG/b.b_pipe/s_ready_i_reg_0                                     |                                                                                                                                                       |                4 |             14 |         3.50 |
|  design_1_i/processing_system7_0/inst/FCLK_CLK0 | design_1_i/clefia_0/inst/control_s_axi_U/grp_ByteCpy_1_fu_338_ap_ce                                                                                            | design_1_i/clefia_0/inst/grp_ClefiaKeySet_fu_347/grp_ClefiaF0Xor_125_fu_777/grp_ByteCpy_fu_90/SR[0]                                                   |                6 |             14 |         2.33 |
|  design_1_i/processing_system7_0/inst/FCLK_CLK0 | design_1_i/clefia_0/inst/control_s_axi_U/int_pt/p_0_in0_out[8]                                                                                                 |                                                                                                                                                       |                2 |             16 |         8.00 |
|  design_1_i/processing_system7_0/inst/FCLK_CLK0 | design_1_i/clefia_0/inst/control_s_axi_U/int_pt/p_0_in0_out[16]                                                                                                |                                                                                                                                                       |                2 |             16 |         8.00 |
|  design_1_i/processing_system7_0/inst/FCLK_CLK0 | design_1_i/clefia_0/inst/control_s_axi_U/int_pt/p_0_in0_out[24]                                                                                                |                                                                                                                                                       |                2 |             16 |         8.00 |
|  design_1_i/processing_system7_0/inst/FCLK_CLK0 | design_1_i/clefia_0/inst/grp_ClefiaKeySet_fu_347/grp_ClefiaF0Xor_125_fu_777/ap_CS_fsm_state3                                                                   |                                                                                                                                                       |                4 |             16 |         4.00 |
|  design_1_i/processing_system7_0/inst/FCLK_CLK0 | design_1_i/clefia_0/inst/grp_ClefiaKeySet_fu_347/grp_ClefiaF0Xor_125_fu_777/ap_CS_fsm_state2                                                                   |                                                                                                                                                       |                3 |             16 |         5.33 |
|  design_1_i/processing_system7_0/inst/FCLK_CLK0 | design_1_i/clefia_0/inst/grp_ByteXor_1_fu_524/ap_CS_fsm_state3                                                                                                 |                                                                                                                                                       |                6 |             16 |         2.67 |
|  design_1_i/processing_system7_0/inst/FCLK_CLK0 | design_1_i/clefia_0/inst/grp_ClefiaKeySet_fu_347/grp_ClefiaF0Xor_2_fu_504/ap_CS_fsm_state3                                                                     |                                                                                                                                                       |                3 |             16 |         5.33 |
|  design_1_i/processing_system7_0/inst/FCLK_CLK0 | design_1_i/clefia_0/inst/grp_ByteCpy_2_fu_516/p_0_in__6                                                                                                        |                                                                                                                                                       |                2 |             16 |         8.00 |
|  design_1_i/processing_system7_0/inst/FCLK_CLK0 | design_1_i/clefia_0/inst/grp_ClefiaKeySet_fu_347/grp_ByteCpy_116_fu_842/p_0_in__7                                                                              |                                                                                                                                                       |                2 |             16 |         8.00 |
|  design_1_i/processing_system7_0/inst/FCLK_CLK0 | design_1_i/ps7_0_axi_periph/s00_couplers/auto_pc/inst/gen_axilite.gen_b2s_conv.axilite_b2s/WR.aw_channel_0/aw_cmd_fsm_0/m_axi_awready_0                        |                                                                                                                                                       |                3 |             16 |         5.33 |
|  design_1_i/processing_system7_0/inst/FCLK_CLK0 | design_1_i/clefia_0/inst/reg_581[7]_i_1_n_0                                                                                                                    |                                                                                                                                                       |                7 |             16 |         2.29 |
|  design_1_i/processing_system7_0/inst/FCLK_CLK0 | design_1_i/clefia_0/inst/grp_ClefiaKeySet_fu_347/grp_ByteCpy_114_fu_471/p_0_in__4                                                                              |                                                                                                                                                       |                2 |             16 |         8.00 |
|  design_1_i/processing_system7_0/inst/FCLK_CLK0 | design_1_i/clefia_0/inst/control_s_axi_U/int_pt/p_0_in0_out[0]                                                                                                 |                                                                                                                                                       |                2 |             16 |         8.00 |
|  design_1_i/processing_system7_0/inst/FCLK_CLK0 | design_1_i/clefia_0/inst/grp_ClefiaKeySet_fu_347/grp_ClefiaF0Xor_2_fu_504/ap_CS_fsm_state2                                                                     |                                                                                                                                                       |                4 |             16 |         4.00 |
|  design_1_i/processing_system7_0/inst/FCLK_CLK0 | design_1_i/clefia_0/inst/grp_ClefiaKeySet_fu_347/grp_ClefiaDoubleSwap_1_fu_637/grp_ByteCpy_117_fu_366/p_0_in__3                                                |                                                                                                                                                       |                2 |             16 |         8.00 |
|  design_1_i/processing_system7_0/inst/FCLK_CLK0 | design_1_i/clefia_0/inst/grp_ClefiaKeySet_fu_347/grp_ClefiaF0Xor_1_fu_663/ap_CS_fsm_state3                                                                     |                                                                                                                                                       |                4 |             16 |         4.00 |
|  design_1_i/processing_system7_0/inst/FCLK_CLK0 | design_1_i/clefia_0/inst/grp_ClefiaKeySet_fu_347/grp_ClefiaF0Xor_1_fu_663/ap_CS_fsm_state2                                                                     |                                                                                                                                                       |                4 |             16 |         4.00 |
|  design_1_i/processing_system7_0/inst/FCLK_CLK0 | design_1_i/clefia_0/inst/grp_ByteCpy_2_fu_516/p_0_in__7                                                                                                        |                                                                                                                                                       |                2 |             16 |         8.00 |
|  design_1_i/processing_system7_0/inst/FCLK_CLK0 | design_1_i/ps7_0_axi_periph/s00_couplers/auto_pc/inst/gen_axilite.gen_b2s_conv.axilite_b2s/RD.ar_channel_0/ar_cmd_fsm_0/m_axi_arready_2                        |                                                                                                                                                       |                7 |             17 |         2.43 |
|  design_1_i/processing_system7_0/inst/FCLK_CLK0 | design_1_i/ps7_0_axi_periph/s00_couplers/auto_pc/inst/gen_axilite.gen_b2s_conv.axilite_b2s/WR.aw_channel_0/aw_cmd_fsm_0/FSM_sequential_state_reg[0]_1          |                                                                                                                                                       |                8 |             20 |         2.50 |
|  design_1_i/processing_system7_0/inst/FCLK_CLK0 | design_1_i/clefia_0/inst/grp_ClefiaKeySet_fu_347/grp_ClefiaF1Xor_1_fu_543/ap_CS_fsm_state3                                                                     |                                                                                                                                                       |                6 |             24 |         4.00 |
|  design_1_i/processing_system7_0/inst/FCLK_CLK0 | design_1_i/clefia_0/inst/grp_ClefiaKeySet_fu_347/grp_ClefiaF1Xor_fu_702/ap_CS_fsm_state3                                                                       |                                                                                                                                                       |                5 |             24 |         4.80 |
|  design_1_i/processing_system7_0/inst/FCLK_CLK0 | design_1_i/clefia_0/inst/grp_ClefiaKeySet_fu_347/grp_ClefiaF1Xor_2_fu_802/ap_CS_fsm_state3                                                                     |                                                                                                                                                       |                5 |             24 |         4.80 |
|  design_1_i/processing_system7_0/inst/FCLK_CLK0 | design_1_i/ps7_0_axi_periph/s00_couplers/auto_pc/inst/gen_axilite.gen_b2s_conv.axilite_b2s/RD.ar_channel_0/ar_cmd_fsm_0/m_valid_i_reg[0]                       |                                                                                                                                                       |                6 |             28 |         4.67 |
|  design_1_i/processing_system7_0/inst/FCLK_CLK0 | design_1_i/ps7_0_axi_periph/s00_couplers/auto_pc/inst/gen_axilite.gen_b2s_conv.axilite_b2s/SI_REG/aw.aw_pipe/s_ready_i_reg_0                                   |                                                                                                                                                       |                5 |             28 |         5.60 |
|  design_1_i/processing_system7_0/inst/FCLK_CLK0 | design_1_i/ps7_0_axi_periph/s00_couplers/auto_pc/inst/gen_axilite.gen_b2s_conv.axilite_b2s/SI_REG/ar.ar_pipe/s_ready_i_reg_0                                   |                                                                                                                                                       |                5 |             28 |         5.60 |
|  design_1_i/processing_system7_0/inst/FCLK_CLK0 | design_1_i/ps7_0_axi_periph/s00_couplers/auto_pc/inst/gen_axilite.gen_b2s_conv.axilite_b2s/WR.aw_channel_0/aw_cmd_fsm_0/E[0]                                   |                                                                                                                                                       |                5 |             28 |         5.60 |
|  design_1_i/processing_system7_0/inst/FCLK_CLK0 | design_1_i/clefia_0/inst/grp_ClefiaKeySet_fu_347/grp_ClefiaF0Xor_125_fu_777/ap_CS_fsm_state5                                                                   |                                                                                                                                                       |                9 |             32 |         3.56 |
|  design_1_i/processing_system7_0/inst/FCLK_CLK0 | design_1_i/clefia_0/inst/grp_ByteCpy_1_fu_338/E[0]                                                                                                             |                                                                                                                                                       |                8 |             32 |         4.00 |
|  design_1_i/processing_system7_0/inst/FCLK_CLK0 | design_1_i/clefia_0/inst/ap_CS_fsm_state28                                                                                                                     |                                                                                                                                                       |               10 |             32 |         3.20 |
|  design_1_i/processing_system7_0/inst/FCLK_CLK0 | design_1_i/clefia_0/inst/ap_CS_fsm_state34                                                                                                                     |                                                                                                                                                       |               14 |             32 |         2.29 |
|  design_1_i/processing_system7_0/inst/FCLK_CLK0 | design_1_i/clefia_0/inst/ap_CS_fsm_state16                                                                                                                     |                                                                                                                                                       |                7 |             32 |         4.57 |
|  design_1_i/processing_system7_0/inst/FCLK_CLK0 | design_1_i/clefia_0/inst/ap_CS_fsm_state110                                                                                                                    |                                                                                                                                                       |               12 |             32 |         2.67 |
|  design_1_i/processing_system7_0/inst/FCLK_CLK0 | design_1_i/clefia_0/inst/control_s_axi_U/int_key_bitlen[31]_i_1_n_0                                                                                            | design_1_i/clefia_0/inst/grp_ClefiaKeySet_fu_347/grp_ClefiaF0Xor_125_fu_777/grp_ByteCpy_fu_90/SR[0]                                                   |                6 |             32 |         5.33 |
|  design_1_i/processing_system7_0/inst/FCLK_CLK0 | design_1_i/clefia_0/inst/grp_ClefiaKeySet_fu_347/grp_ClefiaF1Xor_2_fu_802/ap_CS_fsm_state5                                                                     |                                                                                                                                                       |               10 |             32 |         3.20 |
|  design_1_i/processing_system7_0/inst/FCLK_CLK0 | design_1_i/clefia_0/inst/ap_CS_fsm_state104                                                                                                                    |                                                                                                                                                       |               12 |             32 |         2.67 |
|  design_1_i/processing_system7_0/inst/FCLK_CLK0 | design_1_i/ps7_0_axi_periph/s00_couplers/auto_pc/inst/gen_axilite.gen_b2s_conv.axilite_b2s/RD.r_channel_0/rd_data_fifo_0/wr_en0                                |                                                                                                                                                       |                8 |             32 |         4.00 |
|  design_1_i/processing_system7_0/inst/FCLK_CLK0 | design_1_i/clefia_0/inst/control_s_axi_U/rdata[31]_i_1_n_0                                                                                                     |                                                                                                                                                       |               14 |             32 |         2.29 |
|  design_1_i/processing_system7_0/inst/FCLK_CLK0 | design_1_i/clefia_0/inst/control_s_axi_U/int_pt/int_pt_ce1                                                                                                     |                                                                                                                                                       |               14 |             32 |         2.29 |
|  design_1_i/processing_system7_0/inst/FCLK_CLK0 | design_1_i/clefia_0/inst/grp_ClefiaKeySet_fu_347/grp_ClefiaF0Xor_1_fu_663/ap_CS_fsm_state5                                                                     |                                                                                                                                                       |               13 |             33 |         2.54 |
|  design_1_i/processing_system7_0/inst/FCLK_CLK0 | design_1_i/clefia_0/inst/grp_ClefiaKeySet_fu_347/grp_ClefiaF0Xor_2_fu_504/ap_CS_fsm_state5                                                                     |                                                                                                                                                       |               12 |             33 |         2.75 |
|  design_1_i/processing_system7_0/inst/FCLK_CLK0 | design_1_i/clefia_0/inst/grp_ClefiaKeySet_fu_347/grp_ClefiaF1Xor_1_fu_543/ap_CS_fsm_state5                                                                     |                                                                                                                                                       |               11 |             33 |         3.00 |
|  design_1_i/processing_system7_0/inst/FCLK_CLK0 | design_1_i/clefia_0/inst/grp_ClefiaKeySet_fu_347/grp_ClefiaF1Xor_fu_702/ap_CS_fsm_state5                                                                       |                                                                                                                                                       |               13 |             33 |         2.54 |
|  design_1_i/processing_system7_0/inst/FCLK_CLK0 | design_1_i/clefia_0/inst/grp_ByteCpy_119_fu_491/E[1]                                                                                                           | design_1_i/clefia_0/inst/grp_ByteCpy_11831_fu_378/ap_NS_fsm122_out                                                                                    |                9 |             35 |         3.89 |
|  design_1_i/processing_system7_0/inst/FCLK_CLK0 | design_1_i/clefia_0/inst/grp_ByteCpy_119_fu_491/ap_CS_fsm_reg[114][0]                                                                                          | design_1_i/clefia_0/inst/grp_ByteCpy_11831_fu_378/ap_NS_fsm19_out                                                                                     |                9 |             35 |         3.89 |
|  design_1_i/processing_system7_0/inst/FCLK_CLK0 | design_1_i/clefia_0/inst/ap_CS_fsm_state36                                                                                                                     |                                                                                                                                                       |               12 |             41 |         3.42 |
|  design_1_i/processing_system7_0/inst/FCLK_CLK0 | design_1_i/clefia_0/inst/ap_CS_fsm_state112                                                                                                                    |                                                                                                                                                       |               13 |             41 |         3.15 |
|  design_1_i/processing_system7_0/inst/FCLK_CLK0 | design_1_i/ps7_0_axi_periph/s00_couplers/auto_pc/inst/gen_axilite.gen_b2s_conv.axilite_b2s/SI_REG/r.r_pipe/p_1_in                                              |                                                                                                                                                       |                9 |             45 |         5.00 |
|  design_1_i/processing_system7_0/inst/FCLK_CLK0 | design_1_i/ps7_0_axi_periph/s00_couplers/auto_pc/inst/gen_axilite.gen_b2s_conv.axilite_b2s/SI_REG/r.r_pipe/s_ready_i_reg_0                                     |                                                                                                                                                       |               11 |             45 |         4.09 |
|  design_1_i/processing_system7_0/inst/FCLK_CLK0 |                                                                                                                                                                |                                                                                                                                                       |               86 |            234 |         2.72 |
|  design_1_i/processing_system7_0/inst/FCLK_CLK0 |                                                                                                                                                                | design_1_i/clefia_0/inst/grp_ClefiaKeySet_fu_347/grp_ClefiaF0Xor_125_fu_777/grp_ByteCpy_fu_90/SR[0]                                                   |              275 |            913 |         3.32 |
+-------------------------------------------------+----------------------------------------------------------------------------------------------------------------------------------------------------------------+-------------------------------------------------------------------------------------------------------------------------------------------------------+------------------+----------------+--------------+


