

================================================================
== Vitis HLS Report for 'ClefiaKeySet256'
================================================================
* Date:           Tue Dec  6 21:01:27 2022

* Version:        2022.1 (Build 3526262 on Mon Apr 18 15:48:16 MDT 2022)
* Project:        CLEFIA_ip
* Solution:       solution2 (Vivado IP Flow Target)
* Product family: zynq
* Target device:  xc7z020-clg400-1


================================================================
== Performance Estimates
================================================================
+ Timing: 
    * Summary: 
    +--------+----------+----------+------------+
    |  Clock |  Target  | Estimated| Uncertainty|
    +--------+----------+----------+------------+
    |ap_clk  |  10.00 ns|  6.998 ns|     2.70 ns|
    +--------+----------+----------+------------+

+ Latency: 
    * Summary: 
    +---------+---------+-----------+-----------+------+------+---------+
    |  Latency (cycles) |   Latency (absolute)  |   Interval  | Pipeline|
    |   min   |   max   |    min    |    max    |  min |  max |   Type  |
    +---------+---------+-----------+-----------+------+------+---------+
    |     1112|     1372|  11.120 us|  13.720 us|  1112|  1372|       no|
    +---------+---------+-----------+-----------+------+------+---------+

    + Detail: 
        * Instance: 
        +--------------------------------------------------------+--------------------------------------------+---------+---------+----------+----------+-----+-----+---------+
        |                                                        |                                            |  Latency (cycles) |  Latency (absolute) |  Interval | Pipeline|
        |                        Instance                        |                   Module                   |   min   |   max   |    min   |    max   | min | max |   Type  |
        +--------------------------------------------------------+--------------------------------------------+---------+---------+----------+----------+-----+-----+---------+
        |grp_ClefiaKeySet256_Pipeline_ClefiaGfn8_label4_fu_1036  |ClefiaKeySet256_Pipeline_ClefiaGfn8_label4  |      585|      585|  5.850 us|  5.850 us|  585|  585|       no|
        |grp_ClefiaKeySet256_Pipeline_ByteXor_label2_fu_1048     |ClefiaKeySet256_Pipeline_ByteXor_label2     |       10|       10|  0.100 us|  0.100 us|   10|   10|       no|
        |grp_ClefiaKeySet256_Pipeline_ByteXor_label23_fu_1056    |ClefiaKeySet256_Pipeline_ByteXor_label23    |       19|       19|  0.190 us|  0.190 us|   19|   19|       no|
        |grp_ClefiaKeySet256_Pipeline_ByteXor_label21_fu_1067    |ClefiaKeySet256_Pipeline_ByteXor_label21    |       19|       19|  0.190 us|  0.190 us|   19|   19|       no|
        |grp_ClefiaKeySet256_Pipeline_ByteXor_label25_fu_1078    |ClefiaKeySet256_Pipeline_ByteXor_label25    |       10|       10|  0.100 us|  0.100 us|   10|   10|       no|
        |grp_ClefiaKeySet256_Pipeline_ByteXor_label24_fu_1086    |ClefiaKeySet256_Pipeline_ByteXor_label24    |       19|       19|  0.190 us|  0.190 us|   19|   19|       no|
        |grp_ClefiaDoubleSwap_1_fu_1095                          |ClefiaDoubleSwap_1                          |       15|       15|  0.150 us|  0.150 us|   16|   16|      yes|
        |grp_ClefiaKeySet256_Pipeline_ByteXor_label22_fu_1103    |ClefiaKeySet256_Pipeline_ByteXor_label22    |       19|       19|  0.190 us|  0.190 us|   19|   19|       no|
        +--------------------------------------------------------+--------------------------------------------+---------+---------+----------+----------+-----+-----+---------+

        * Loop: 
        +---------------------------+---------+---------+----------+-----------+-----------+------+----------+
        |                           |  Latency (cycles) | Iteration|  Initiation Interval  | Trip |          |
        |         Loop Name         |   min   |   max   |  Latency |  achieved |   target  | Count| Pipelined|
        +---------------------------+---------+---------+----------+-----------+-----------+------+----------+
        |- ClefiaKeySet256_label10  |      481|      741|   37 ~ 57|          -|          -|    13|        no|
        +---------------------------+---------+---------+----------+-----------+-----------+------+----------+



================================================================
== Utilization Estimates
================================================================
* Summary: 
+-----------------+---------+-----+--------+-------+-----+
|       Name      | BRAM_18K| DSP |   FF   |  LUT  | URAM|
+-----------------+---------+-----+--------+-------+-----+
|DSP              |        -|    -|       -|      -|    -|
|Expression       |        -|    -|       0|     65|    -|
|FIFO             |        -|    -|       -|      -|    -|
|Instance         |        7|    -|     863|   3650|    -|
|Memory           |        0|    -|      64|     16|    0|
|Multiplexer      |        -|    -|       -|   1531|    -|
|Register         |        -|    -|     110|      -|    -|
+-----------------+---------+-----+--------+-------+-----+
|Total            |        7|    0|    1037|   5262|    0|
+-----------------+---------+-----+--------+-------+-----+
|Available        |      280|  220|  106400|  53200|    0|
+-----------------+---------+-----+--------+-------+-----+
|Utilization (%)  |        2|    0|      ~0|      9|    0|
+-----------------+---------+-----+--------+-------+-----+

+ Detail: 
    * Instance: 
    +--------------------------------------------------------+--------------------------------------------+---------+----+-----+------+-----+
    |                        Instance                        |                   Module                   | BRAM_18K| DSP|  FF |  LUT | URAM|
    +--------------------------------------------------------+--------------------------------------------+---------+----+-----+------+-----+
    |grp_ClefiaDoubleSwap_1_fu_1095                          |ClefiaDoubleSwap_1                          |        0|   0|  229|   534|    0|
    |grp_ClefiaKeySet256_Pipeline_ByteXor_label2_fu_1048     |ClefiaKeySet256_Pipeline_ByteXor_label2     |        0|   0|   11|    68|    0|
    |grp_ClefiaKeySet256_Pipeline_ByteXor_label21_fu_1067    |ClefiaKeySet256_Pipeline_ByteXor_label21    |        1|   0|   28|   104|    0|
    |grp_ClefiaKeySet256_Pipeline_ByteXor_label22_fu_1103    |ClefiaKeySet256_Pipeline_ByteXor_label22    |        0|   0|   34|    84|    0|
    |grp_ClefiaKeySet256_Pipeline_ByteXor_label23_fu_1056    |ClefiaKeySet256_Pipeline_ByteXor_label23    |        1|   0|   28|    98|    0|
    |grp_ClefiaKeySet256_Pipeline_ByteXor_label24_fu_1086    |ClefiaKeySet256_Pipeline_ByteXor_label24    |        0|   0|   34|    90|    0|
    |grp_ClefiaKeySet256_Pipeline_ByteXor_label25_fu_1078    |ClefiaKeySet256_Pipeline_ByteXor_label25    |        0|   0|   11|    87|    0|
    |grp_ClefiaKeySet256_Pipeline_ClefiaGfn8_label4_fu_1036  |ClefiaKeySet256_Pipeline_ClefiaGfn8_label4  |        5|   0|  488|  2585|    0|
    +--------------------------------------------------------+--------------------------------------------+---------+----+-----+------+-----+
    |Total                                                   |                                            |        7|   0|  863|  3650|    0|
    +--------------------------------------------------------+--------------------------------------------+---------+----+-----+------+-----+

    * DSP: 
    N/A

    * Memory: 
    +--------+-----------------------------------+---------+----+----+-----+------+-----+------+-------------+
    | Memory |               Module              | BRAM_18K| FF | LUT| URAM| Words| Bits| Banks| W*Bits*Banks|
    +--------+-----------------------------------+---------+----+----+-----+------+-----+------+-------------+
    |fin_U   |ClefiaKeySet256_fin_RAM_AUTO_1R1W  |        0|  16|   4|    0|    32|    8|     1|          256|
    |fout_U  |ClefiaKeySet256_fin_RAM_AUTO_1R1W  |        0|  16|   4|    0|    32|    8|     1|          256|
    |lk_U    |ClefiaKeySet256_fin_RAM_AUTO_1R1W  |        0|  16|   4|    0|    32|    8|     1|          256|
    |skey_U  |ClefiaKeySet256_skey_ROM_AUTO_1R   |        0|  16|   4|    0|    32|    8|     1|          256|
    +--------+-----------------------------------+---------+----+----+-----+------+-----+------+-------------+
    |Total   |                                   |        0|  64|  16|    0|   128|   32|     4|         1024|
    +--------+-----------------------------------+---------+----+----+-----+------+-----+------+-------------+

    * FIFO: 
    N/A

    * Expression: 
    +----------------------------------+----------+----+---+----+------------+------------+
    |           Variable Name          | Operation| DSP| FF| LUT| Bitwidth P0| Bitwidth P1|
    +----------------------------------+----------+----+---+----+------------+------------+
    |add_ln373_fu_1134_p2              |         +|   0|  0|  13|           4|           1|
    |add_ln381_fu_1172_p2              |         +|   0|  0|  14|           9|           8|
    |add_ln387_fu_1180_p2              |         +|   0|  0|  15|           8|           5|
    |ap_block_state39_on_subcall_done  |       and|   0|  0|   2|           1|           1|
    |ap_block_state57_on_subcall_done  |       and|   0|  0|   2|           1|           1|
    |icmp_ln373_fu_1128_p2             |      icmp|   0|  0|   9|           4|           3|
    |ap_block_state18_on_subcall_done  |        or|   0|  0|   2|           1|           1|
    |or_ln364_fu_1140_p2               |        or|   0|  0|   8|           8|           4|
    +----------------------------------+----------+----+---+----+------------+------------+
    |Total                             |          |   0|  0|  65|          36|          24|
    +----------------------------------+----------+----+---+----+------------+------------+

    * Multiplexer: 
    +------------------------------------------+-----+-----------+-----+-----------+
    |                   Name                   | LUT | Input Size| Bits| Total Bits|
    +------------------------------------------+-----+-----------+-----+-----------+
    |ap_NS_fsm                                 |  345|         73|    1|         73|
    |fin_address0                              |   87|         18|    5|         90|
    |fin_address1                              |   87|         18|    5|         90|
    |fin_ce0                                   |   14|          3|    1|          3|
    |fin_ce1                                   |   14|          3|    1|          3|
    |fin_d0                                    |   81|         17|    8|        136|
    |fin_d1                                    |   87|         18|    8|        144|
    |fin_we0                                   |   14|          3|    1|          3|
    |fin_we1                                   |   14|          3|    1|          3|
    |fout_address0                             |   87|         18|    5|         90|
    |fout_address1                             |   87|         18|    5|         90|
    |fout_ce0                                  |   14|          3|    1|          3|
    |fout_ce1                                  |   14|          3|    1|          3|
    |fout_we0                                  |    9|          2|    1|          2|
    |fout_we1                                  |    9|          2|    1|          2|
    |grp_ClefiaDoubleSwap_1_fu_1095_lk_offset  |   14|          3|    5|         15|
    |i_fu_190                                  |    9|          2|    4|          8|
    |idx12_fu_186                              |    9|          2|    8|         16|
    |lk_address0                               |  100|         20|    5|        100|
    |lk_address1                               |   87|         18|    5|         90|
    |lk_ce0                                    |   25|          5|    1|          5|
    |lk_ce1                                    |   14|          3|    1|          3|
    |lk_d0                                     |   14|          3|    8|         24|
    |lk_d1                                     |   14|          3|    8|         24|
    |lk_we0                                    |   14|          3|    1|          3|
    |lk_we1                                    |   14|          3|    1|          3|
    |rk_address0                               |   37|          7|    8|         56|
    |rk_address1                               |   14|          3|    8|         24|
    |rk_ce0                                    |   37|          7|    1|          7|
    |rk_ce1                                    |   14|          3|    1|          3|
    |rk_d0                                     |   37|          7|    8|         56|
    |rk_we0                                    |   37|          7|    1|          7|
    |skey_address0                             |   25|          5|    5|         25|
    |skey_address1                             |   14|          3|    5|         15|
    |skey_ce0                                  |   25|          5|    1|          5|
    |skey_ce1                                  |   14|          3|    1|          3|
    +------------------------------------------+-----+-----------+-----+-----------+
    |Total                                     | 1531|        317|  131|       1227|
    +------------------------------------------+-----+-----------+-----+-----------+

    * Register: 
    +---------------------------------------------------------------------+----+----+-----+-----------+
    |                                 Name                                | FF | LUT| Bits| Const Bits|
    +---------------------------------------------------------------------+----+----+-----+-----------+
    |add_ln373_reg_1372                                                   |   4|   0|    4|          0|
    |add_ln381_reg_1393                                                   |   5|   0|    9|          4|
    |ap_CS_fsm                                                            |  72|   0|   72|          0|
    |grp_ClefiaDoubleSwap_1_fu_1095_ap_start_reg                          |   1|   0|    1|          0|
    |grp_ClefiaKeySet256_Pipeline_ByteXor_label21_fu_1067_ap_start_reg    |   1|   0|    1|          0|
    |grp_ClefiaKeySet256_Pipeline_ByteXor_label22_fu_1103_ap_start_reg    |   1|   0|    1|          0|
    |grp_ClefiaKeySet256_Pipeline_ByteXor_label23_fu_1056_ap_start_reg    |   1|   0|    1|          0|
    |grp_ClefiaKeySet256_Pipeline_ByteXor_label24_fu_1086_ap_start_reg    |   1|   0|    1|          0|
    |grp_ClefiaKeySet256_Pipeline_ByteXor_label25_fu_1078_ap_start_reg    |   1|   0|    1|          0|
    |grp_ClefiaKeySet256_Pipeline_ByteXor_label2_fu_1048_ap_start_reg     |   1|   0|    1|          0|
    |grp_ClefiaKeySet256_Pipeline_ClefiaGfn8_label4_fu_1036_ap_start_reg  |   1|   0|    1|          0|
    |i_fu_190                                                             |   4|   0|    4|          0|
    |idx12_fu_186                                                         |   8|   0|    8|          0|
    |or_ln364_reg_1377                                                    |   7|   0|    8|          1|
    |tmp_reg_1389                                                         |   1|   0|    1|          0|
    |trunc_ln374_reg_1385                                                 |   1|   0|    1|          0|
    +---------------------------------------------------------------------+----+----+-----+-----------+
    |Total                                                                | 110|   0|  115|          5|
    +---------------------------------------------------------------------+----+----+-----+-----------+



================================================================
== Interface
================================================================
* Summary: 
+-------------+-----+-----+------------+-----------------+--------------+
|  RTL Ports  | Dir | Bits|  Protocol  |  Source Object  |    C Type    |
+-------------+-----+-----+------------+-----------------+--------------+
|ap_clk       |   in|    1|  ap_ctrl_hs|  ClefiaKeySet256|  return value|
|ap_rst       |   in|    1|  ap_ctrl_hs|  ClefiaKeySet256|  return value|
|ap_start     |   in|    1|  ap_ctrl_hs|  ClefiaKeySet256|  return value|
|ap_done      |  out|    1|  ap_ctrl_hs|  ClefiaKeySet256|  return value|
|ap_idle      |  out|    1|  ap_ctrl_hs|  ClefiaKeySet256|  return value|
|ap_ready     |  out|    1|  ap_ctrl_hs|  ClefiaKeySet256|  return value|
|rk_address0  |  out|    8|   ap_memory|               rk|         array|
|rk_ce0       |  out|    1|   ap_memory|               rk|         array|
|rk_we0       |  out|    1|   ap_memory|               rk|         array|
|rk_d0        |  out|    8|   ap_memory|               rk|         array|
|rk_address1  |  out|    8|   ap_memory|               rk|         array|
|rk_ce1       |  out|    1|   ap_memory|               rk|         array|
|rk_q1        |   in|    8|   ap_memory|               rk|         array|
+-------------+-----+-----+------------+-----------------+--------------+

