

================================================================
== Vitis HLS Report for 'ClefiaDecrypt_1'
================================================================
* Date:           Tue Dec  6 21:01:38 2022

* Version:        2022.1 (Build 3526262 on Mon Apr 18 15:48:16 MDT 2022)
* Project:        CLEFIA_ip
* Solution:       solution2 (Vivado IP Flow Target)
* Product family: zynq
* Target device:  xc7z020-clg400-1


================================================================
== Performance Estimates
================================================================
+ Timing: 
    * Summary: 
    +--------+----------+----------+------------+
    |  Clock |  Target  | Estimated| Uncertainty|
    +--------+----------+----------+------------+
    |ap_clk  |  10.00 ns|  7.084 ns|     2.70 ns|
    +--------+----------+----------+------------+

+ Latency: 
    * Summary: 
    +---------+---------+----------+----------+-----+-----+---------+
    |  Latency (cycles) |  Latency (absolute) |  Interval | Pipeline|
    |   min   |   max   |    min   |    max   | min | max |   Type  |
    +---------+---------+----------+----------+-----+-----+---------+
    |       21|        ?|  0.210 us|         ?|   21|    ?|       no|
    +---------+---------+----------+----------+-----+-----+---------+

    + Detail: 
        * Instance: 
        +----------------------------------------------------------+-----------------------------------------------+---------+---------+----------+----------+-----+-----+---------+
        |                                                          |                                               |  Latency (cycles) |  Latency (absolute) |  Interval | Pipeline|
        |                         Instance                         |                     Module                    |   min   |   max   |    min   |    max   | min | max |   Type  |
        +----------------------------------------------------------+-----------------------------------------------+---------+---------+----------+----------+-----+-----+---------+
        |grp_ClefiaDecrypt_1_Pipeline_ClefiaGfn4Inv_label5_fu_765  |ClefiaDecrypt_1_Pipeline_ClefiaGfn4Inv_label5  |       24|        ?|  0.240 us|         ?|   24|    ?|       no|
        +----------------------------------------------------------+-----------------------------------------------+---------+---------+----------+----------+-----+-----+---------+

        * Loop: 
        N/A



================================================================
== Utilization Estimates
================================================================
* Summary: 
+-----------------+---------+-----+--------+-------+-----+
|       Name      | BRAM_18K| DSP |   FF   |  LUT  | URAM|
+-----------------+---------+-----+--------+-------+-----+
|DSP              |        -|    -|       -|      -|    -|
|Expression       |        -|    -|       0|    257|    -|
|FIFO             |        -|    -|       -|      -|    -|
|Instance         |        4|    -|    1052|   1531|    -|
|Memory           |        -|    -|       -|      -|    -|
|Multiplexer      |        -|    -|       -|    418|    -|
|Register         |        -|    -|     358|      -|    -|
+-----------------+---------+-----+--------+-------+-----+
|Total            |        4|    0|    1410|   2206|    0|
+-----------------+---------+-----+--------+-------+-----+
|Available        |      280|  220|  106400|  53200|    0|
+-----------------+---------+-----+--------+-------+-----+
|Utilization (%)  |        1|    0|       1|      4|    0|
+-----------------+---------+-----+--------+-------+-----+

+ Detail: 
    * Instance: 
    +----------------------------------------------------------+-----------------------------------------------+---------+----+------+------+-----+
    |                         Instance                         |                     Module                    | BRAM_18K| DSP|  FF  |  LUT | URAM|
    +----------------------------------------------------------+-----------------------------------------------+---------+----+------+------+-----+
    |grp_ClefiaDecrypt_1_Pipeline_ClefiaGfn4Inv_label5_fu_765  |ClefiaDecrypt_1_Pipeline_ClefiaGfn4Inv_label5  |        4|   0|  1052|  1531|    0|
    +----------------------------------------------------------+-----------------------------------------------+---------+----+------+------+-----+
    |Total                                                     |                                               |        4|   0|  1052|  1531|    0|
    +----------------------------------------------------------+-----------------------------------------------+---------+----+------+------+-----+

    * DSP: 
    N/A

    * Memory: 
    N/A

    * FIFO: 
    N/A

    * Expression: 
    +-------------------------+----------+----+---+----+------------+------------+
    |      Variable Name      | Operation| DSP| FF| LUT| Bitwidth P0| Bitwidth P1|
    +-------------------------+----------+----+---+----+------------+------------+
    |add_ln124_84_fu_847_p2   |         +|   0|  0|  15|           8|           4|
    |add_ln124_85_fu_857_p2   |         +|   0|  0|  15|           8|           4|
    |add_ln124_86_fu_877_p2   |         +|   0|  0|  15|           8|           4|
    |add_ln124_87_fu_887_p2   |         +|   0|  0|  15|           8|           4|
    |add_ln124_88_fu_897_p2   |         +|   0|  0|  15|           8|           4|
    |add_ln124_fu_836_p2      |         +|   0|  0|  15|           8|           4|
    |add_ln432_fu_825_p2      |         +|   0|  0|  15|           8|           4|
    |add_ln433_fu_867_p2      |         +|   0|  0|  15|           8|           4|
    |icmp_ln230_fu_955_p2     |      icmp|   0|  0|   9|           5|           1|
    |rin_38_fu_913_p2         |       xor|   0|  0|   8|           8|           8|
    |rin_39_fu_919_p2         |       xor|   0|  0|   8|           8|           8|
    |rin_40_fu_925_p2         |       xor|   0|  0|   8|           8|           8|
    |rin_41_fu_931_p2         |       xor|   0|  0|   8|           8|           8|
    |rin_42_fu_937_p2         |       xor|   0|  0|   8|           8|           8|
    |rin_43_fu_943_p2         |       xor|   0|  0|   8|           8|           8|
    |rin_44_fu_949_p2         |       xor|   0|  0|   8|           8|           8|
    |rin_fu_907_p2            |       xor|   0|  0|   8|           8|           8|
    |xor_ln124_52_fu_1015_p2  |       xor|   0|  0|   8|           8|           8|
    |xor_ln124_53_fu_1022_p2  |       xor|   0|  0|   8|           8|           8|
    |xor_ln124_54_fu_1029_p2  |       xor|   0|  0|   8|           8|           8|
    |xor_ln124_55_fu_1036_p2  |       xor|   0|  0|   8|           8|           8|
    |xor_ln124_56_fu_1043_p2  |       xor|   0|  0|   8|           8|           8|
    |xor_ln124_57_fu_1050_p2  |       xor|   0|  0|   8|           8|           8|
    |xor_ln124_58_fu_1057_p2  |       xor|   0|  0|   8|           8|           8|
    |xor_ln124_fu_1009_p2     |       xor|   0|  0|   8|           8|           8|
    +-------------------------+----------+----+---+----+------------+------------+
    |Total                    |          |   0|  0| 257|         197|         161|
    +-------------------------+----------+----+---+----+------------+------------+

    * Multiplexer: 
    +-----------------------------------+-----+-----------+-----+-----------+
    |                Name               | LUT | Input Size| Bits| Total Bits|
    +-----------------------------------+-----+-----------+-----+-----------+
    |Clefia_dec_address0                |   81|         17|    4|         68|
    |Clefia_dec_d0                      |   81|         17|    8|        136|
    |ap_NS_fsm                          |  113|         24|    1|         24|
    |ap_phi_mux_fout_0_1_phi_fu_585_p4  |    9|          2|    8|         16|
    |rk_address0                        |   53|         10|    8|         80|
    |rk_address1                        |   53|         10|    8|         80|
    |rk_ce0                             |   14|          3|    1|          3|
    |rk_ce1                             |   14|          3|    1|          3|
    +-----------------------------------+-----+-----------+-----+-----------+
    |Total                              |  418|         86|   39|        410|
    +-----------------------------------+-----+-----------+-----+-----------+

    * Register: 
    +-----------------------------------------------------------------------+----+----+-----+-----------+
    |                                  Name                                 | FF | LUT| Bits| Const Bits|
    +-----------------------------------------------------------------------+----+----+-----+-----------+
    |ap_CS_fsm                                                              |  23|   0|   23|          0|
    |fin_0_loc_fu_134                                                       |   8|   0|    8|          0|
    |fin_12_loc_fu_150                                                      |   8|   0|    8|          0|
    |fin_13_loc_fu_146                                                      |   8|   0|    8|          0|
    |fin_14_loc_fu_142                                                      |   8|   0|    8|          0|
    |fin_15_loc_fu_138                                                      |   8|   0|    8|          0|
    |fin_1_loc_fu_130                                                       |   8|   0|    8|          0|
    |fin_2_loc_fu_126                                                       |   8|   0|    8|          0|
    |fin_3_loc_fu_122                                                       |   8|   0|    8|          0|
    |fout_0_1_reg_581                                                       |   8|   0|    8|          0|
    |fout_10_1_reg_664                                                      |   8|   0|    8|          0|
    |fout_11_1_reg_676                                                      |   8|   0|    8|          0|
    |fout_12_1_reg_721                                                      |   8|   0|    8|          0|
    |fout_13_1_reg_732                                                      |   8|   0|    8|          0|
    |fout_14_1_reg_743                                                      |   8|   0|    8|          0|
    |fout_15_1_reg_754                                                      |   8|   0|    8|          0|
    |fout_1_1_reg_604                                                       |   8|   0|    8|          0|
    |fout_2_1_reg_616                                                       |   8|   0|    8|          0|
    |fout_3_1_reg_628                                                       |   8|   0|    8|          0|
    |fout_4_1_reg_593                                                       |   8|   0|    8|          0|
    |fout_5_1_reg_688                                                       |   8|   0|    8|          0|
    |fout_6_1_reg_699                                                       |   8|   0|    8|          0|
    |fout_7_1_reg_710                                                       |   8|   0|    8|          0|
    |fout_8_1_reg_640                                                       |   8|   0|    8|          0|
    |fout_9_1_reg_652                                                       |   8|   0|    8|          0|
    |grp_ClefiaDecrypt_1_Pipeline_ClefiaGfn4Inv_label5_fu_765_ap_start_reg  |   1|   0|    1|          0|
    |icmp_ln230_reg_1342                                                    |   1|   0|    1|          0|
    |rin_38_reg_1307                                                        |   8|   0|    8|          0|
    |rin_39_reg_1312                                                        |   8|   0|    8|          0|
    |rin_40_reg_1317                                                        |   8|   0|    8|          0|
    |rin_41_reg_1322                                                        |   8|   0|    8|          0|
    |rin_42_reg_1327                                                        |   8|   0|    8|          0|
    |rin_43_reg_1332                                                        |   8|   0|    8|          0|
    |rin_44_reg_1337                                                        |   8|   0|    8|          0|
    |rin_reg_1302                                                           |   8|   0|    8|          0|
    |rk_load_40_reg_1187                                                    |   8|   0|    8|          0|
    |rk_load_41_reg_1197                                                    |   8|   0|    8|          0|
    |rk_load_42_reg_1207                                                    |   8|   0|    8|          0|
    |rk_load_43_reg_1212                                                    |   8|   0|    8|          0|
    |rk_load_44_reg_1227                                                    |   8|   0|    8|          0|
    |rk_load_45_reg_1237                                                    |   8|   0|    8|          0|
    |rk_load_46_reg_1247                                                    |   8|   0|    8|          0|
    |rk_load_47_reg_1252                                                    |   8|   0|    8|          0|
    |shl_ln_reg_1166                                                        |   5|   0|    8|          3|
    |xor_ln124_reg_1391                                                     |   8|   0|    8|          0|
    +-----------------------------------------------------------------------+----+----+-----+-----------+
    |Total                                                                  | 358|   0|  361|          3|
    +-----------------------------------------------------------------------+----+----+-----+-----------+



================================================================
== Interface
================================================================
* Summary: 
+---------------------+-----+-----+------------+-----------------+--------------+
|      RTL Ports      | Dir | Bits|  Protocol  |  Source Object  |    C Type    |
+---------------------+-----+-----+------------+-----------------+--------------+
|ap_clk               |   in|    1|  ap_ctrl_hs|  ClefiaDecrypt.1|  return value|
|ap_rst               |   in|    1|  ap_ctrl_hs|  ClefiaDecrypt.1|  return value|
|ap_start             |   in|    1|  ap_ctrl_hs|  ClefiaDecrypt.1|  return value|
|ap_done              |  out|    1|  ap_ctrl_hs|  ClefiaDecrypt.1|  return value|
|ap_idle              |  out|    1|  ap_ctrl_hs|  ClefiaDecrypt.1|  return value|
|ap_ready             |  out|    1|  ap_ctrl_hs|  ClefiaDecrypt.1|  return value|
|Clefia_dec_address0  |  out|    4|   ap_memory|       Clefia_dec|         array|
|Clefia_dec_ce0       |  out|    1|   ap_memory|       Clefia_dec|         array|
|Clefia_dec_we0       |  out|    1|   ap_memory|       Clefia_dec|         array|
|Clefia_dec_d0        |  out|    8|   ap_memory|       Clefia_dec|         array|
|p_read               |   in|    8|     ap_none|           p_read|        scalar|
|p_read1              |   in|    8|     ap_none|          p_read1|        scalar|
|p_read2              |   in|    8|     ap_none|          p_read2|        scalar|
|p_read3              |   in|    8|     ap_none|          p_read3|        scalar|
|p_read4              |   in|    8|     ap_none|          p_read4|        scalar|
|p_read5              |   in|    8|     ap_none|          p_read5|        scalar|
|p_read6              |   in|    8|     ap_none|          p_read6|        scalar|
|p_read7              |   in|    8|     ap_none|          p_read7|        scalar|
|p_read8              |   in|    8|     ap_none|          p_read8|        scalar|
|p_read9              |   in|    8|     ap_none|          p_read9|        scalar|
|p_read10             |   in|    8|     ap_none|         p_read10|        scalar|
|p_read11             |   in|    8|     ap_none|         p_read11|        scalar|
|p_read12             |   in|    8|     ap_none|         p_read12|        scalar|
|p_read13             |   in|    8|     ap_none|         p_read13|        scalar|
|p_read14             |   in|    8|     ap_none|         p_read14|        scalar|
|p_read15             |   in|    8|     ap_none|         p_read15|        scalar|
|rk_address0          |  out|    8|   ap_memory|               rk|         array|
|rk_ce0               |  out|    1|   ap_memory|               rk|         array|
|rk_q0                |   in|    8|   ap_memory|               rk|         array|
|rk_address1          |  out|    8|   ap_memory|               rk|         array|
|rk_ce1               |  out|    1|   ap_memory|               rk|         array|
|rk_q1                |   in|    8|   ap_memory|               rk|         array|
|r                    |   in|    5|     ap_none|                r|        scalar|
+---------------------+-----+-----+------------+-----------------+--------------+

