

================================================================
== Vitis HLS Report for 'ClefiaEncrypt_1'
================================================================
* Date:           Tue Dec  6 21:01:37 2022

* Version:        2022.1 (Build 3526262 on Mon Apr 18 15:48:16 MDT 2022)
* Project:        CLEFIA_ip
* Solution:       solution2 (Vivado IP Flow Target)
* Product family: zynq
* Target device:  xc7z020-clg400-1


================================================================
== Performance Estimates
================================================================
+ Timing: 
    * Summary: 
    +--------+----------+----------+------------+
    |  Clock |  Target  | Estimated| Uncertainty|
    +--------+----------+----------+------------+
    |ap_clk  |  10.00 ns|  7.084 ns|     2.70 ns|
    +--------+----------+----------+------------+

+ Latency: 
    * Summary: 
    +---------+---------+----------+----------+-----+-----+---------+
    |  Latency (cycles) |  Latency (absolute) |  Interval | Pipeline|
    |   min   |   max   |    min   |    max   | min | max |   Type  |
    +---------+---------+----------+----------+-----+-----+---------+
    |       32|        ?|  0.320 us|         ?|   32|    ?|       no|
    +---------+---------+----------+----------+-----+-----+---------+

    + Detail: 
        * Instance: 
        +-------------------------------------------------------+--------------------------------------------+---------+---------+----------+----------+-----+-----+---------+
        |                                                       |                                            |  Latency (cycles) |  Latency (absolute) |  Interval | Pipeline|
        |                        Instance                       |                   Module                   |   min   |   max   |    min   |    max   | min | max |   Type  |
        +-------------------------------------------------------+--------------------------------------------+---------+---------+----------+----------+-----+-----+---------+
        |grp_ClefiaEncrypt_1_Pipeline_ClefiaGfn4_label3_fu_787  |ClefiaEncrypt_1_Pipeline_ClefiaGfn4_label3  |       24|        ?|  0.240 us|         ?|   24|    ?|       no|
        +-------------------------------------------------------+--------------------------------------------+---------+---------+----------+----------+-----+-----+---------+

        * Loop: 
        N/A



================================================================
== Utilization Estimates
================================================================
* Summary: 
+-----------------+---------+-----+--------+-------+-----+
|       Name      | BRAM_18K| DSP |   FF   |  LUT  | URAM|
+-----------------+---------+-----+--------+-------+-----+
|DSP              |        -|    -|       -|      -|    -|
|Expression       |        -|    -|       0|    257|    -|
|FIFO             |        -|    -|       -|      -|    -|
|Instance         |        4|    -|    1108|   1566|    -|
|Memory           |        -|    -|       -|      -|    -|
|Multiplexer      |        -|    -|       -|    541|    -|
|Register         |        -|    -|     457|      -|    -|
+-----------------+---------+-----+--------+-------+-----+
|Total            |        4|    0|    1565|   2364|    0|
+-----------------+---------+-----+--------+-------+-----+
|Available        |      280|  220|  106400|  53200|    0|
+-----------------+---------+-----+--------+-------+-----+
|Utilization (%)  |        1|    0|       1|      4|    0|
+-----------------+---------+-----+--------+-------+-----+

+ Detail: 
    * Instance: 
    +-------------------------------------------------------+--------------------------------------------+---------+----+------+------+-----+
    |                        Instance                       |                   Module                   | BRAM_18K| DSP|  FF  |  LUT | URAM|
    +-------------------------------------------------------+--------------------------------------------+---------+----+------+------+-----+
    |grp_ClefiaEncrypt_1_Pipeline_ClefiaGfn4_label3_fu_787  |ClefiaEncrypt_1_Pipeline_ClefiaGfn4_label3  |        4|   0|  1108|  1566|    0|
    +-------------------------------------------------------+--------------------------------------------+---------+----+------+------+-----+
    |Total                                                  |                                            |        4|   0|  1108|  1566|    0|
    +-------------------------------------------------------+--------------------------------------------+---------+----+------+------+-----+

    * DSP: 
    N/A

    * Memory: 
    N/A

    * FIFO: 
    N/A

    * Expression: 
    +-------------------------+----------+----+---+----+------------+------------+
    |      Variable Name      | Operation| DSP| FF| LUT| Bitwidth P0| Bitwidth P1|
    +-------------------------+----------+----+---+----+------------+------------+
    |add_ln124_79_fu_976_p2   |         +|   0|  0|  15|           8|           4|
    |add_ln124_80_fu_992_p2   |         +|   0|  0|  15|           8|           4|
    |add_ln124_81_fu_1024_p2  |         +|   0|  0|  15|           8|           4|
    |add_ln124_82_fu_1040_p2  |         +|   0|  0|  15|           8|           4|
    |add_ln124_83_fu_1056_p2  |         +|   0|  0|  15|           8|           4|
    |add_ln124_fu_959_p2      |         +|   0|  0|  15|           8|           4|
    |add_ln422_fu_948_p2      |         +|   0|  0|  15|           8|           4|
    |add_ln423_fu_1014_p2     |         +|   0|  0|  15|           8|           4|
    |icmp_ln193_fu_886_p2     |      icmp|   0|  0|   9|           5|           1|
    |rin_23_fu_840_p2         |       xor|   0|  0|   8|           8|           8|
    |rin_24_fu_846_p2         |       xor|   0|  0|   8|           8|           8|
    |rin_25_fu_852_p2         |       xor|   0|  0|   8|           8|           8|
    |rin_26_fu_857_p2         |       xor|   0|  0|   8|           8|           8|
    |rin_27_fu_862_p2         |       xor|   0|  0|   8|           8|           8|
    |rin_28_fu_868_p2         |       xor|   0|  0|   8|           8|           8|
    |rin_29_fu_874_p2         |       xor|   0|  0|   8|           8|           8|
    |rin_30_fu_880_p2         |       xor|   0|  0|   8|           8|           8|
    |xor_ln124_45_fu_986_p2   |       xor|   0|  0|   8|           8|           8|
    |xor_ln124_46_fu_1002_p2  |       xor|   0|  0|   8|           8|           8|
    |xor_ln124_47_fu_1008_p2  |       xor|   0|  0|   8|           8|           8|
    |xor_ln124_48_fu_1034_p2  |       xor|   0|  0|   8|           8|           8|
    |xor_ln124_49_fu_1050_p2  |       xor|   0|  0|   8|           8|           8|
    |xor_ln124_50_fu_1066_p2  |       xor|   0|  0|   8|           8|           8|
    |xor_ln124_51_fu_1072_p2  |       xor|   0|  0|   8|           8|           8|
    |xor_ln124_fu_970_p2      |       xor|   0|  0|   8|           8|           8|
    +-------------------------+----------+----+---+----+------------+------------+
    |Total                    |          |   0|  0| 257|         197|         161|
    +-------------------------+----------+----+---+----+------------+------------+

    * Multiplexer: 
    +-----------------------------------+-----+-----------+-----+-----------+
    |                Name               | LUT | Input Size| Bits| Total Bits|
    +-----------------------------------+-----+-----------+-----+-----------+
    |Clefia_enc_address0                |   81|         17|    4|         68|
    |Clefia_enc_d0                      |   81|         17|    8|        136|
    |ap_NS_fsm                          |  155|         35|    1|         35|
    |ap_phi_mux_fout_0_1_phi_fu_607_p4  |    9|          2|    8|         16|
    |pt_address0                        |   81|         17|    4|         68|
    |rk_address0                        |   53|         10|    8|         80|
    |rk_address1                        |   53|         10|    8|         80|
    |rk_ce0                             |   14|          3|    1|          3|
    |rk_ce1                             |   14|          3|    1|          3|
    +-----------------------------------+-----+-----------+-----+-----------+
    |Total                              |  541|        114|   43|        489|
    +-----------------------------------+-----+-----------+-----+-----------+

    * Register: 
    +--------------------------------------------------------------------+----+----+-----+-----------+
    |                                Name                                | FF | LUT| Bits| Const Bits|
    +--------------------------------------------------------------------+----+----+-----+-----------+
    |ap_CS_fsm                                                           |  34|   0|   34|          0|
    |fin_10_loc_fu_94                                                    |   8|   0|    8|          0|
    |fin_11_loc_fu_90                                                    |   8|   0|    8|          0|
    |fin_4_loc_fu_118                                                    |   8|   0|    8|          0|
    |fin_5_loc_fu_114                                                    |   8|   0|    8|          0|
    |fin_6_loc_fu_110                                                    |   8|   0|    8|          0|
    |fin_7_loc_fu_106                                                    |   8|   0|    8|          0|
    |fin_8_loc_fu_102                                                    |   8|   0|    8|          0|
    |fin_9_loc_fu_98                                                     |   8|   0|    8|          0|
    |fout_0_1_reg_603                                                    |   8|   0|    8|          0|
    |fout_10_1_reg_763                                                   |   8|   0|    8|          0|
    |fout_11_1_reg_775                                                   |   8|   0|    8|          0|
    |fout_12_1_reg_694                                                   |   8|   0|    8|          0|
    |fout_13_1_reg_683                                                   |   8|   0|    8|          0|
    |fout_14_1_reg_728                                                   |   8|   0|    8|          0|
    |fout_15_1_reg_717                                                   |   8|   0|    8|          0|
    |fout_1_1_reg_637                                                    |   8|   0|    8|          0|
    |fout_2_1_reg_671                                                    |   8|   0|    8|          0|
    |fout_3_1_reg_705                                                    |   8|   0|    8|          0|
    |fout_4_1_reg_626                                                    |   8|   0|    8|          0|
    |fout_5_1_reg_615                                                    |   8|   0|    8|          0|
    |fout_6_1_reg_660                                                    |   8|   0|    8|          0|
    |fout_7_1_reg_649                                                    |   8|   0|    8|          0|
    |fout_8_1_reg_739                                                    |   8|   0|    8|          0|
    |fout_9_1_reg_751                                                    |   8|   0|    8|          0|
    |grp_ClefiaEncrypt_1_Pipeline_ClefiaGfn4_label3_fu_787_ap_start_reg  |   1|   0|    1|          0|
    |icmp_ln193_reg_1390                                                 |   1|   0|    1|          0|
    |pt_load_2_reg_1229                                                  |   8|   0|    8|          0|
    |pt_load_3_reg_1239                                                  |   8|   0|    8|          0|
    |reg_831                                                             |   8|   0|    8|          0|
    |reg_836                                                             |   8|   0|    8|          0|
    |rin_16_reg_1189                                                     |   8|   0|    8|          0|
    |rin_17_reg_1199                                                     |   8|   0|    8|          0|
    |rin_18_reg_1209                                                     |   8|   0|    8|          0|
    |rin_19_reg_1249                                                     |   8|   0|    8|          0|
    |rin_20_reg_1259                                                     |   8|   0|    8|          0|
    |rin_21_reg_1274                                                     |   8|   0|    8|          0|
    |rin_23_reg_1294                                                     |   8|   0|    8|          0|
    |rin_24_reg_1304                                                     |   8|   0|    8|          0|
    |rin_25_reg_1319                                                     |   8|   0|    8|          0|
    |rin_26_reg_1324                                                     |   8|   0|    8|          0|
    |rin_27_reg_1344                                                     |   8|   0|    8|          0|
    |rin_28_reg_1354                                                     |   8|   0|    8|          0|
    |rin_29_reg_1369                                                     |   8|   0|    8|          0|
    |rin_30_reg_1385                                                     |   8|   0|    8|          0|
    |rin_reg_1179                                                        |   8|   0|    8|          0|
    |rk_load_31_reg_1374                                                 |   8|   0|    8|          0|
    |shl_ln_reg_1439                                                     |   5|   0|    8|          3|
    |xor_ln124_45_reg_1469                                               |   8|   0|    8|          0|
    |xor_ln124_46_reg_1479                                               |   8|   0|    8|          0|
    |xor_ln124_47_reg_1484                                               |   8|   0|    8|          0|
    |xor_ln124_48_reg_1499                                               |   8|   0|    8|          0|
    |xor_ln124_49_reg_1509                                               |   8|   0|    8|          0|
    |xor_ln124_50_reg_1519                                               |   8|   0|    8|          0|
    |xor_ln124_51_reg_1524                                               |   8|   0|    8|          0|
    |xor_ln124_reg_1459                                                  |   8|   0|    8|          0|
    +--------------------------------------------------------------------+----+----+-----+-----------+
    |Total                                                               | 457|   0|  460|          3|
    +--------------------------------------------------------------------+----+----+-----+-----------+



================================================================
== Interface
================================================================
* Summary: 
+---------------------+-----+-----+------------+-----------------+--------------+
|      RTL Ports      | Dir | Bits|  Protocol  |  Source Object  |    C Type    |
+---------------------+-----+-----+------------+-----------------+--------------+
|ap_clk               |   in|    1|  ap_ctrl_hs|  ClefiaEncrypt.1|  return value|
|ap_rst               |   in|    1|  ap_ctrl_hs|  ClefiaEncrypt.1|  return value|
|ap_start             |   in|    1|  ap_ctrl_hs|  ClefiaEncrypt.1|  return value|
|ap_done              |  out|    1|  ap_ctrl_hs|  ClefiaEncrypt.1|  return value|
|ap_idle              |  out|    1|  ap_ctrl_hs|  ClefiaEncrypt.1|  return value|
|ap_ready             |  out|    1|  ap_ctrl_hs|  ClefiaEncrypt.1|  return value|
|Clefia_enc_address0  |  out|    4|   ap_memory|       Clefia_enc|         array|
|Clefia_enc_ce0       |  out|    1|   ap_memory|       Clefia_enc|         array|
|Clefia_enc_we0       |  out|    1|   ap_memory|       Clefia_enc|         array|
|Clefia_enc_d0        |  out|    8|   ap_memory|       Clefia_enc|         array|
|pt_address0          |  out|    4|   ap_memory|               pt|         array|
|pt_ce0               |  out|    1|   ap_memory|               pt|         array|
|pt_q0                |   in|    8|   ap_memory|               pt|         array|
|rk_address0          |  out|    8|   ap_memory|               rk|         array|
|rk_ce0               |  out|    1|   ap_memory|               rk|         array|
|rk_q0                |   in|    8|   ap_memory|               rk|         array|
|rk_address1          |  out|    8|   ap_memory|               rk|         array|
|rk_ce1               |  out|    1|   ap_memory|               rk|         array|
|rk_q1                |   in|    8|   ap_memory|               rk|         array|
|r                    |   in|    5|     ap_none|                r|        scalar|
+---------------------+-----+-----+------------+-----------------+--------------+

