

================================================================
== Vitis HLS Report for 'ClefiaEncrypt_1_Pipeline_ClefiaGfn4_label3'
================================================================
* Date:           Tue Dec  6 21:01:36 2022

* Version:        2022.1 (Build 3526262 on Mon Apr 18 15:48:16 MDT 2022)
* Project:        CLEFIA_ip
* Solution:       solution2 (Vivado IP Flow Target)
* Product family: zynq
* Target device:  xc7z020-clg400-1


================================================================
== Performance Estimates
================================================================
+ Timing: 
    * Summary: 
    +--------+----------+----------+------------+
    |  Clock |  Target  | Estimated| Uncertainty|
    +--------+----------+----------+------------+
    |ap_clk  |  10.00 ns|  7.084 ns|     2.70 ns|
    +--------+----------+----------+------------+

+ Latency: 
    * Summary: 
    +---------+---------+----------+----------+-----+-----+---------+
    |  Latency (cycles) |  Latency (absolute) |  Interval | Pipeline|
    |   min   |   max   |    min   |    max   | min | max |   Type  |
    +---------+---------+----------+----------+-----+-----+---------+
    |       24|        ?|  0.240 us|         ?|   24|    ?|       no|
    +---------+---------+----------+----------+-----+-----+---------+

    + Detail: 
        * Instance: 
        +--------------------------+---------------+---------+---------+-----------+-----------+-----+-----+---------+
        |                          |               |  Latency (cycles) |   Latency (absolute)  |  Interval | Pipeline|
        |         Instance         |     Module    |   min   |   max   |    min    |    max    | min | max |   Type  |
        +--------------------------+---------------+---------+---------+-----------+-----------+-----+-----+---------+
        |grp_ClefiaF0Xor_fu_396    |ClefiaF0Xor    |        4|        4|  40.000 ns|  40.000 ns|    2|    2|      yes|
        |grp_ClefiaF1Xor_3_fu_415  |ClefiaF1Xor_3  |        5|        5|  50.000 ns|  50.000 ns|    2|    2|      yes|
        +--------------------------+---------------+---------+---------+-----------+-----------+-----+-----+---------+

        * Loop: 
        +---------------------+---------+---------+----------+-----------+-----------+-------+----------+
        |                     |  Latency (cycles) | Iteration|  Initiation Interval  |  Trip |          |
        |      Loop Name      |   min   |   max   |  Latency |  achieved |   target  | Count | Pipelined|
        +---------------------+---------+---------+----------+-----------+-----------+-------+----------+
        |- ClefiaGfn4_label3  |       22|        ?|        12|         11|          1|  1 ~ ?|       yes|
        +---------------------+---------+---------+----------+-----------+-----------+-------+----------+



================================================================
== Utilization Estimates
================================================================
* Summary: 
+-----------------+---------+-----+--------+-------+-----+
|       Name      | BRAM_18K| DSP |   FF   |  LUT  | URAM|
+-----------------+---------+-----+--------+-------+-----+
|DSP              |        -|    -|       -|      -|    -|
|Expression       |        -|    -|       0|    306|    -|
|FIFO             |        -|    -|       -|      -|    -|
|Instance         |        4|    -|     570|    941|    -|
|Memory           |        -|    -|       -|      -|    -|
|Multiplexer      |        -|    -|       -|    319|    -|
|Register         |        -|    -|     538|      -|    -|
+-----------------+---------+-----+--------+-------+-----+
|Total            |        4|    0|    1108|   1566|    0|
+-----------------+---------+-----+--------+-------+-----+
|Available        |      280|  220|  106400|  53200|    0|
+-----------------+---------+-----+--------+-------+-----+
|Utilization (%)  |        1|    0|       1|      2|    0|
+-----------------+---------+-----+--------+-------+-----+

+ Detail: 
    * Instance: 
    +--------------------------+---------------+---------+----+-----+-----+-----+
    |         Instance         |     Module    | BRAM_18K| DSP|  FF | LUT | URAM|
    +--------------------------+---------------+---------+----+-----+-----+-----+
    |grp_ClefiaF0Xor_fu_396    |ClefiaF0Xor    |        2|   0|  261|  447|    0|
    |grp_ClefiaF1Xor_3_fu_415  |ClefiaF1Xor_3  |        2|   0|  309|  494|    0|
    +--------------------------+---------------+---------+----+-----+-----+-----+
    |Total                     |               |        4|   0|  570|  941|    0|
    +--------------------------+---------------+---------+----+-----+-----+-----+

    * DSP: 
    N/A

    * Memory: 
    N/A

    * FIFO: 
    N/A

    * Expression: 
    +------------------------------------+----------+----+---+----+------------+------------+
    |            Variable Name           | Operation| DSP| FF| LUT| Bitwidth P0| Bitwidth P1|
    +------------------------------------+----------+----+---+----+------------+------------+
    |add_ln188_1_fu_647_p2               |         +|   0|  0|  39|          32|           2|
    |add_ln188_fu_659_p2                 |         +|   0|  0|  71|          64|           4|
    |grp_ClefiaF0Xor_fu_396_rk_offset    |         +|   0|  0|  15|           8|           4|
    |grp_ClefiaF1Xor_3_fu_415_rk_offset  |         +|   0|  0|  15|           8|           4|
    |icmp_ln193_fu_653_p2                |      icmp|   0|  0|  18|          32|           1|
    |icmp_ln197_fu_704_p2                |      icmp|   0|  0|  18|          32|           1|
    |select_ln197_16_fu_715_p3           |    select|   0|  0|   8|           1|           8|
    |select_ln197_17_fu_721_p3           |    select|   0|  0|   8|           1|           8|
    |select_ln197_18_fu_727_p3           |    select|   0|  0|   8|           1|           8|
    |select_ln197_19_fu_733_p3           |    select|   0|  0|   8|           1|           8|
    |select_ln197_20_fu_740_p3           |    select|   0|  0|   8|           1|           8|
    |select_ln197_21_fu_747_p3           |    select|   0|  0|   8|           1|           8|
    |select_ln197_22_fu_754_p3           |    select|   0|  0|   8|           1|           8|
    |select_ln197_23_fu_761_p3           |    select|   0|  0|   8|           1|           8|
    |select_ln197_24_fu_768_p3           |    select|   0|  0|   8|           1|           8|
    |select_ln197_25_fu_775_p3           |    select|   0|  0|   8|           1|           8|
    |select_ln197_26_fu_782_p3           |    select|   0|  0|   8|           1|           8|
    |select_ln197_27_fu_789_p3           |    select|   0|  0|   8|           1|           8|
    |select_ln197_28_fu_795_p3           |    select|   0|  0|   8|           1|           8|
    |select_ln197_29_fu_801_p3           |    select|   0|  0|   8|           1|           8|
    |select_ln197_30_fu_807_p3           |    select|   0|  0|   8|           1|           8|
    |select_ln197_fu_709_p3              |    select|   0|  0|   8|           1|           8|
    |ap_enable_pp0                       |       xor|   0|  0|   2|           1|           2|
    +------------------------------------+----------+----+---+----+------------+------------+
    |Total                               |          |   0|  0| 306|         193|         146|
    +------------------------------------+----------+----+---+----+------------+------------+

    * Multiplexer: 
    +----------------------------------+----+-----------+-----+-----------+
    |               Name               | LUT| Input Size| Bits| Total Bits|
    +----------------------------------+----+-----------+-----+-----------+
    |ap_NS_fsm                         |  65|         12|    1|         12|
    |ap_done_int                       |   9|          2|    1|          2|
    |ap_enable_reg_pp0_iter0           |   9|          2|    1|          2|
    |ap_enable_reg_pp0_iter1           |   9|          2|    1|          2|
    |ap_loop_exit_ready_pp0_iter1_reg  |   9|          2|    1|          2|
    |dec12_i_in_fu_114                 |   9|          2|   32|         64|
    |fin_0_3_0_fu_118                  |   9|          2|    8|         16|
    |fin_10_3_0_fu_158                 |   9|          2|    8|         16|
    |fin_11_3_0_fu_162                 |   9|          2|    8|         16|
    |fin_12_3_0_fu_166                 |   9|          2|    8|         16|
    |fin_13_3_0_fu_170                 |   9|          2|    8|         16|
    |fin_14_3_0_fu_174                 |   9|          2|    8|         16|
    |fin_15_3_0_fu_178                 |   9|          2|    8|         16|
    |fin_1_3_0_fu_122                  |   9|          2|    8|         16|
    |fin_2_3_0_fu_126                  |   9|          2|    8|         16|
    |fin_3_3_0_fu_130                  |   9|          2|    8|         16|
    |fin_4_3_0_fu_134                  |   9|          2|    8|         16|
    |fin_5_3_0_fu_138                  |   9|          2|    8|         16|
    |fin_6_3_0_fu_142                  |   9|          2|    8|         16|
    |fin_7_3_0_fu_146                  |   9|          2|    8|         16|
    |fin_8_3_0_fu_150                  |   9|          2|    8|         16|
    |fin_9_3_0_fu_154                  |   9|          2|    8|         16|
    |idx_fu_110                        |   9|          2|   64|        128|
    |rk_address0                       |  14|          3|    8|         24|
    |rk_address1                       |  14|          3|    8|         24|
    |rk_ce0                            |  14|          3|    1|          3|
    |rk_ce1                            |  14|          3|    1|          3|
    +----------------------------------+----+-----------+-----+-----------+
    |Total                             | 319|         68|  247|        522|
    +----------------------------------+----+-----------+-----+-----------+

    * Register: 
    +---------------------------------------+----+----+-----+-----------+
    |                  Name                 | FF | LUT| Bits| Const Bits|
    +---------------------------------------+----+----+-----+-----------+
    |add_ln188_1_reg_1182                   |  32|   0|   32|          0|
    |ap_CS_fsm                              |  11|   0|   11|          0|
    |ap_done_reg                            |   1|   0|    1|          0|
    |ap_enable_reg_pp0_iter0_reg            |   1|   0|    1|          0|
    |ap_enable_reg_pp0_iter1                |   1|   0|    1|          0|
    |ap_loop_exit_ready_pp0_iter1_reg       |   1|   0|    1|          0|
    |dec12_i_in_fu_114                      |  32|   0|   32|          0|
    |fin_0_3_0_fu_118                       |   8|   0|    8|          0|
    |fin_0_3_0_load_reg_1033                |   8|   0|    8|          0|
    |fin_0_reg_1110                         |   8|   0|    8|          0|
    |fin_10_3_0_fu_158                      |   8|   0|    8|          0|
    |fin_10_3_0_load_reg_1146               |   8|   0|    8|          0|
    |fin_11_3_0_fu_162                      |   8|   0|    8|          0|
    |fin_11_3_0_load_reg_1152               |   8|   0|    8|          0|
    |fin_12_3_0_fu_166                      |   8|   0|    8|          0|
    |fin_12_3_0_load_reg_1158               |   8|   0|    8|          0|
    |fin_12_reg_1086                        |   8|   0|    8|          0|
    |fin_13_3_0_fu_170                      |   8|   0|    8|          0|
    |fin_13_3_0_load_reg_1164               |   8|   0|    8|          0|
    |fin_13_reg_1092                        |   8|   0|    8|          0|
    |fin_14_3_0_fu_174                      |   8|   0|    8|          0|
    |fin_14_3_0_load_reg_1170               |   8|   0|    8|          0|
    |fin_14_reg_1098                        |   8|   0|    8|          0|
    |fin_15_3_0_fu_178                      |   8|   0|    8|          0|
    |fin_15_3_0_load_reg_1176               |   8|   0|    8|          0|
    |fin_15_reg_1104                        |   8|   0|    8|          0|
    |fin_1_3_0_fu_122                       |   8|   0|    8|          0|
    |fin_1_3_0_load_reg_1039                |   8|   0|    8|          0|
    |fin_1_reg_1116                         |   8|   0|    8|          0|
    |fin_2_3_0_fu_126                       |   8|   0|    8|          0|
    |fin_2_3_0_load_reg_1045                |   8|   0|    8|          0|
    |fin_2_reg_1122                         |   8|   0|    8|          0|
    |fin_3_3_0_fu_130                       |   8|   0|    8|          0|
    |fin_3_3_0_load_reg_1051                |   8|   0|    8|          0|
    |fin_3_reg_1128                         |   8|   0|    8|          0|
    |fin_4_3_0_fu_134                       |   8|   0|    8|          0|
    |fin_4_3_0_load_reg_1057                |   8|   0|    8|          0|
    |fin_5_3_0_fu_138                       |   8|   0|    8|          0|
    |fin_5_3_0_load_reg_1063                |   8|   0|    8|          0|
    |fin_6_3_0_fu_142                       |   8|   0|    8|          0|
    |fin_6_3_0_load_reg_1069                |   8|   0|    8|          0|
    |fin_7_3_0_fu_146                       |   8|   0|    8|          0|
    |fin_7_3_0_load_reg_1075                |   8|   0|    8|          0|
    |fin_8_3_0_fu_150                       |   8|   0|    8|          0|
    |fin_8_3_0_load_reg_1134                |   8|   0|    8|          0|
    |fin_9_3_0_fu_154                       |   8|   0|    8|          0|
    |fin_9_3_0_load_reg_1140                |   8|   0|    8|          0|
    |grp_ClefiaF0Xor_fu_396_ap_start_reg    |   1|   0|    1|          0|
    |grp_ClefiaF1Xor_3_fu_415_ap_start_reg  |   1|   0|    1|          0|
    |icmp_ln193_reg_1188                    |   1|   0|    1|          0|
    |idx_fu_110                             |  64|   0|   64|          0|
    |idx_load_reg_1028                      |  64|   0|   64|          0|
    |trunc_ln188_reg_1081                   |   8|   0|    8|          0|
    +---------------------------------------+----+----+-----+-----------+
    |Total                                  | 538|   0|  538|          0|
    +---------------------------------------+----+----+-----+-----------+



================================================================
== Interface
================================================================
* Summary: 
+-------------------+-----+-----+------------+--------------------------------------------+--------------+
|     RTL Ports     | Dir | Bits|  Protocol  |                Source Object               |    C Type    |
+-------------------+-----+-----+------------+--------------------------------------------+--------------+
|ap_clk             |   in|    1|  ap_ctrl_hs|  ClefiaEncrypt.1_Pipeline_ClefiaGfn4_label3|  return value|
|ap_rst             |   in|    1|  ap_ctrl_hs|  ClefiaEncrypt.1_Pipeline_ClefiaGfn4_label3|  return value|
|ap_start           |   in|    1|  ap_ctrl_hs|  ClefiaEncrypt.1_Pipeline_ClefiaGfn4_label3|  return value|
|ap_done            |  out|    1|  ap_ctrl_hs|  ClefiaEncrypt.1_Pipeline_ClefiaGfn4_label3|  return value|
|ap_idle            |  out|    1|  ap_ctrl_hs|  ClefiaEncrypt.1_Pipeline_ClefiaGfn4_label3|  return value|
|ap_ready           |  out|    1|  ap_ctrl_hs|  ClefiaEncrypt.1_Pipeline_ClefiaGfn4_label3|  return value|
|rin_30             |   in|    8|     ap_none|                                      rin_30|        scalar|
|rin_29             |   in|    8|     ap_none|                                      rin_29|        scalar|
|rin_28             |   in|    8|     ap_none|                                      rin_28|        scalar|
|rin_27             |   in|    8|     ap_none|                                      rin_27|        scalar|
|rin_22             |   in|    8|     ap_none|                                      rin_22|        scalar|
|rin_21             |   in|    8|     ap_none|                                      rin_21|        scalar|
|rin_20             |   in|    8|     ap_none|                                      rin_20|        scalar|
|rin_19             |   in|    8|     ap_none|                                      rin_19|        scalar|
|rin_26             |   in|    8|     ap_none|                                      rin_26|        scalar|
|rin_25             |   in|    8|     ap_none|                                      rin_25|        scalar|
|rin_24             |   in|    8|     ap_none|                                      rin_24|        scalar|
|rin_23             |   in|    8|     ap_none|                                      rin_23|        scalar|
|rin_18             |   in|    8|     ap_none|                                      rin_18|        scalar|
|rin_17             |   in|    8|     ap_none|                                      rin_17|        scalar|
|rin_16             |   in|    8|     ap_none|                                      rin_16|        scalar|
|rin                |   in|    8|     ap_none|                                         rin|        scalar|
|r_cast2            |   in|    5|     ap_none|                                     r_cast2|        scalar|
|rk_address0        |  out|    8|   ap_memory|                                          rk|         array|
|rk_ce0             |  out|    1|   ap_memory|                                          rk|         array|
|rk_q0              |   in|    8|   ap_memory|                                          rk|         array|
|rk_address1        |  out|    8|   ap_memory|                                          rk|         array|
|rk_ce1             |  out|    1|   ap_memory|                                          rk|         array|
|rk_q1              |   in|    8|   ap_memory|                                          rk|         array|
|fin_12_out         |  out|    8|      ap_vld|                                  fin_12_out|       pointer|
|fin_12_out_ap_vld  |  out|    1|      ap_vld|                                  fin_12_out|       pointer|
|fin_13_out         |  out|    8|      ap_vld|                                  fin_13_out|       pointer|
|fin_13_out_ap_vld  |  out|    1|      ap_vld|                                  fin_13_out|       pointer|
|fin_14_out         |  out|    8|      ap_vld|                                  fin_14_out|       pointer|
|fin_14_out_ap_vld  |  out|    1|      ap_vld|                                  fin_14_out|       pointer|
|fin_15_out         |  out|    8|      ap_vld|                                  fin_15_out|       pointer|
|fin_15_out_ap_vld  |  out|    1|      ap_vld|                                  fin_15_out|       pointer|
|fin_0_out          |  out|    8|      ap_vld|                                   fin_0_out|       pointer|
|fin_0_out_ap_vld   |  out|    1|      ap_vld|                                   fin_0_out|       pointer|
|fin_1_out          |  out|    8|      ap_vld|                                   fin_1_out|       pointer|
|fin_1_out_ap_vld   |  out|    1|      ap_vld|                                   fin_1_out|       pointer|
|fin_2_out          |  out|    8|      ap_vld|                                   fin_2_out|       pointer|
|fin_2_out_ap_vld   |  out|    1|      ap_vld|                                   fin_2_out|       pointer|
|fin_3_out          |  out|    8|      ap_vld|                                   fin_3_out|       pointer|
|fin_3_out_ap_vld   |  out|    1|      ap_vld|                                   fin_3_out|       pointer|
|fin_4_out          |  out|    8|      ap_vld|                                   fin_4_out|       pointer|
|fin_4_out_ap_vld   |  out|    1|      ap_vld|                                   fin_4_out|       pointer|
|fin_5_out          |  out|    8|      ap_vld|                                   fin_5_out|       pointer|
|fin_5_out_ap_vld   |  out|    1|      ap_vld|                                   fin_5_out|       pointer|
|fin_6_out          |  out|    8|      ap_vld|                                   fin_6_out|       pointer|
|fin_6_out_ap_vld   |  out|    1|      ap_vld|                                   fin_6_out|       pointer|
|fin_7_out          |  out|    8|      ap_vld|                                   fin_7_out|       pointer|
|fin_7_out_ap_vld   |  out|    1|      ap_vld|                                   fin_7_out|       pointer|
|fin_8_out          |  out|    8|      ap_vld|                                   fin_8_out|       pointer|
|fin_8_out_ap_vld   |  out|    1|      ap_vld|                                   fin_8_out|       pointer|
|fin_9_out          |  out|    8|      ap_vld|                                   fin_9_out|       pointer|
|fin_9_out_ap_vld   |  out|    1|      ap_vld|                                   fin_9_out|       pointer|
|fin_10_out         |  out|    8|      ap_vld|                                  fin_10_out|       pointer|
|fin_10_out_ap_vld  |  out|    1|      ap_vld|                                  fin_10_out|       pointer|
|fin_11_out         |  out|    8|      ap_vld|                                  fin_11_out|       pointer|
|fin_11_out_ap_vld  |  out|    1|      ap_vld|                                  fin_11_out|       pointer|
+-------------------+-----+-----+------------+--------------------------------------------+--------------+

