

================================================================
== Vitis HLS Report for 'ClefiaKeySet192'
================================================================
* Date:           Tue Dec  6 21:01:31 2022

* Version:        2022.1 (Build 3526262 on Mon Apr 18 15:48:16 MDT 2022)
* Project:        CLEFIA_ip
* Solution:       solution2 (Vivado IP Flow Target)
* Product family: zynq
* Target device:  xc7z020-clg400-1


================================================================
== Performance Estimates
================================================================
+ Timing: 
    * Summary: 
    +--------+----------+----------+------------+
    |  Clock |  Target  | Estimated| Uncertainty|
    +--------+----------+----------+------------+
    |ap_clk  |  10.00 ns|  6.998 ns|     2.70 ns|
    +--------+----------+----------+------------+

+ Latency: 
    * Summary: 
    +---------+---------+-----------+-----------+------+------+---------+
    |  Latency (cycles) |   Latency (absolute)  |   Interval  | Pipeline|
    |   min   |   max   |    min    |    max    |  min |  max |   Type  |
    +---------+---------+-----------+-----------+------+------+---------+
    |     1038|     1258|  10.380 us|  12.580 us|  1038|  1258|       no|
    +---------+---------+-----------+-----------+------+------+---------+

    + Detail: 
        * Instance: 
        +--------------------------------------------------------+--------------------------------------------+---------+---------+----------+----------+-----+-----+---------+
        |                                                        |                                            |  Latency (cycles) |  Latency (absolute) |  Interval | Pipeline|
        |                        Instance                        |                   Module                   |   min   |   max   |    min   |    max   | min | max |   Type  |
        +--------------------------------------------------------+--------------------------------------------+---------+---------+----------+----------+-----+-----+---------+
        |grp_ClefiaKeySet192_Pipeline_ClefiaGfn8_label4_fu_1025  |ClefiaKeySet192_Pipeline_ClefiaGfn8_label4  |      585|      585|  5.850 us|  5.850 us|  585|  585|       no|
        |grp_ClefiaKeySet192_Pipeline_ByteXor_label2_fu_1037     |ClefiaKeySet192_Pipeline_ByteXor_label2     |       10|       10|  0.100 us|  0.100 us|   10|   10|       no|
        |grp_ClefiaKeySet192_Pipeline_ByteXor_label28_fu_1045    |ClefiaKeySet192_Pipeline_ByteXor_label28    |       19|       19|  0.190 us|  0.190 us|   19|   19|       no|
        |grp_ClefiaKeySet192_Pipeline_ByteXor_label26_fu_1056    |ClefiaKeySet192_Pipeline_ByteXor_label26    |       19|       19|  0.190 us|  0.190 us|   19|   19|       no|
        |grp_ClefiaKeySet192_Pipeline_ByteXor_label210_fu_1067   |ClefiaKeySet192_Pipeline_ByteXor_label210   |       10|       10|  0.100 us|  0.100 us|   10|   10|       no|
        |grp_ClefiaKeySet192_Pipeline_ByteXor_label29_fu_1075    |ClefiaKeySet192_Pipeline_ByteXor_label29    |       19|       19|  0.190 us|  0.190 us|   19|   19|       no|
        |grp_ClefiaDoubleSwap_1_fu_1084                          |ClefiaDoubleSwap_1                          |       15|       15|  0.150 us|  0.150 us|   16|   16|      yes|
        |grp_ClefiaKeySet192_Pipeline_ByteXor_label27_fu_1092    |ClefiaKeySet192_Pipeline_ByteXor_label27    |       19|       19|  0.190 us|  0.190 us|   19|   19|       no|
        +--------------------------------------------------------+--------------------------------------------+---------+---------+----------+----------+-----+-----+---------+

        * Loop: 
        +--------------------------+---------+---------+----------+-----------+-----------+------+----------+
        |                          |  Latency (cycles) | Iteration|  Initiation Interval  | Trip |          |
        |         Loop Name        |   min   |   max   |  Latency |  achieved |   target  | Count| Pipelined|
        +--------------------------+---------+---------+----------+-----------+-----------+------+----------+
        |- ClefiaKeySet192_label9  |      407|      627|   37 ~ 57|          -|          -|    11|        no|
        +--------------------------+---------+---------+----------+-----------+-----------+------+----------+



================================================================
== Utilization Estimates
================================================================
* Summary: 
+-----------------+---------+-----+--------+-------+-----+
|       Name      | BRAM_18K| DSP |   FF   |  LUT  | URAM|
+-----------------+---------+-----+--------+-------+-----+
|DSP              |        -|    -|       -|      -|    -|
|Expression       |        -|    -|       0|     65|    -|
|FIFO             |        -|    -|       -|      -|    -|
|Instance         |        7|    -|     863|   3651|    -|
|Memory           |        0|    -|      64|     16|    0|
|Multiplexer      |        -|    -|       -|   1537|    -|
|Register         |        -|    -|     110|      -|    -|
+-----------------+---------+-----+--------+-------+-----+
|Total            |        7|    0|    1037|   5269|    0|
+-----------------+---------+-----+--------+-------+-----+
|Available        |      280|  220|  106400|  53200|    0|
+-----------------+---------+-----+--------+-------+-----+
|Utilization (%)  |        2|    0|      ~0|      9|    0|
+-----------------+---------+-----+--------+-------+-----+

+ Detail: 
    * Instance: 
    +--------------------------------------------------------+--------------------------------------------+---------+----+-----+------+-----+
    |                        Instance                        |                   Module                   | BRAM_18K| DSP|  FF |  LUT | URAM|
    +--------------------------------------------------------+--------------------------------------------+---------+----+-----+------+-----+
    |grp_ClefiaDoubleSwap_1_fu_1084                          |ClefiaDoubleSwap_1                          |        0|   0|  229|   534|    0|
    |grp_ClefiaKeySet192_Pipeline_ByteXor_label2_fu_1037     |ClefiaKeySet192_Pipeline_ByteXor_label2     |        0|   0|   11|    68|    0|
    |grp_ClefiaKeySet192_Pipeline_ByteXor_label210_fu_1067   |ClefiaKeySet192_Pipeline_ByteXor_label210   |        0|   0|   11|    88|    0|
    |grp_ClefiaKeySet192_Pipeline_ByteXor_label26_fu_1056    |ClefiaKeySet192_Pipeline_ByteXor_label26    |        1|   0|   28|   104|    0|
    |grp_ClefiaKeySet192_Pipeline_ByteXor_label27_fu_1092    |ClefiaKeySet192_Pipeline_ByteXor_label27    |        0|   0|   34|    84|    0|
    |grp_ClefiaKeySet192_Pipeline_ByteXor_label28_fu_1045    |ClefiaKeySet192_Pipeline_ByteXor_label28    |        1|   0|   28|    98|    0|
    |grp_ClefiaKeySet192_Pipeline_ByteXor_label29_fu_1075    |ClefiaKeySet192_Pipeline_ByteXor_label29    |        0|   0|   34|    90|    0|
    |grp_ClefiaKeySet192_Pipeline_ClefiaGfn8_label4_fu_1025  |ClefiaKeySet192_Pipeline_ClefiaGfn8_label4  |        5|   0|  488|  2585|    0|
    +--------------------------------------------------------+--------------------------------------------+---------+----+-----+------+-----+
    |Total                                                   |                                            |        7|   0|  863|  3651|    0|
    +--------------------------------------------------------+--------------------------------------------+---------+----+-----+------+-----+

    * DSP: 
    N/A

    * Memory: 
    +-----------+-------------------------------------+---------+----+----+-----+------+-----+------+-------------+
    |   Memory  |                Module               | BRAM_18K| FF | LUT| URAM| Words| Bits| Banks| W*Bits*Banks|
    +-----------+-------------------------------------+---------+----+----+-----+------+-----+------+-------------+
    |skey256_U  |ClefiaKeySet192_skey256_ROM_AUTO_1R  |        0|  16|   4|    0|    32|    8|     1|          256|
    |fin_U      |ClefiaKeySet256_fin_RAM_AUTO_1R1W    |        0|  16|   4|    0|    32|    8|     1|          256|
    |fout_U     |ClefiaKeySet256_fin_RAM_AUTO_1R1W    |        0|  16|   4|    0|    32|    8|     1|          256|
    |lk_U       |ClefiaKeySet256_fin_RAM_AUTO_1R1W    |        0|  16|   4|    0|    32|    8|     1|          256|
    +-----------+-------------------------------------+---------+----+----+-----+------+-----+------+-------------+
    |Total      |                                     |        0|  64|  16|    0|   128|   32|     4|         1024|
    +-----------+-------------------------------------+---------+----+----+-----+------+-----+------+-------------+

    * FIFO: 
    N/A

    * Expression: 
    +----------------------------------+----------+----+---+----+------------+------------+
    |           Variable Name          | Operation| DSP| FF| LUT| Bitwidth P0| Bitwidth P1|
    +----------------------------------+----------+----+---+----+------------+------------+
    |add_ln340_fu_1123_p2              |         +|   0|  0|  13|           4|           1|
    |add_ln348_fu_1161_p2              |         +|   0|  0|  14|           9|           8|
    |add_ln354_fu_1169_p2              |         +|   0|  0|  15|           8|           5|
    |ap_block_state39_on_subcall_done  |       and|   0|  0|   2|           1|           1|
    |ap_block_state57_on_subcall_done  |       and|   0|  0|   2|           1|           1|
    |icmp_ln340_fu_1117_p2             |      icmp|   0|  0|   9|           4|           4|
    |ap_block_state18_on_subcall_done  |        or|   0|  0|   2|           1|           1|
    |or_ln326_fu_1129_p2               |        or|   0|  0|   8|           8|           4|
    +----------------------------------+----------+----+---+----+------------+------------+
    |Total                             |          |   0|  0|  65|          36|          25|
    +----------------------------------+----------+----+---+----+------------+------------+

    * Multiplexer: 
    +------------------------------------------+-----+-----------+-----+-----------+
    |                   Name                   | LUT | Input Size| Bits| Total Bits|
    +------------------------------------------+-----+-----------+-----+-----------+
    |ap_NS_fsm                                 |  345|         73|    1|         73|
    |fin_address0                              |   87|         18|    5|         90|
    |fin_address1                              |   87|         18|    5|         90|
    |fin_ce0                                   |   14|          3|    1|          3|
    |fin_ce1                                   |   14|          3|    1|          3|
    |fin_d0                                    |   87|         18|    8|        144|
    |fin_d1                                    |   87|         18|    8|        144|
    |fin_we0                                   |   14|          3|    1|          3|
    |fin_we1                                   |   14|          3|    1|          3|
    |fout_address0                             |   87|         18|    5|         90|
    |fout_address1                             |   87|         18|    5|         90|
    |fout_ce0                                  |   14|          3|    1|          3|
    |fout_ce1                                  |   14|          3|    1|          3|
    |fout_we0                                  |    9|          2|    1|          2|
    |fout_we1                                  |    9|          2|    1|          2|
    |grp_ClefiaDoubleSwap_1_fu_1084_lk_offset  |   14|          3|    5|         15|
    |i_fu_178                                  |    9|          2|    4|          8|
    |idx26_fu_174                              |    9|          2|    8|         16|
    |lk_address0                               |  100|         20|    5|        100|
    |lk_address1                               |   87|         18|    5|         90|
    |lk_ce0                                    |   25|          5|    1|          5|
    |lk_ce1                                    |   14|          3|    1|          3|
    |lk_d0                                     |   14|          3|    8|         24|
    |lk_d1                                     |   14|          3|    8|         24|
    |lk_we0                                    |   14|          3|    1|          3|
    |lk_we1                                    |   14|          3|    1|          3|
    |rk_address0                               |   37|          7|    8|         56|
    |rk_address1                               |   14|          3|    8|         24|
    |rk_ce0                                    |   37|          7|    1|          7|
    |rk_ce1                                    |   14|          3|    1|          3|
    |rk_d0                                     |   37|          7|    8|         56|
    |rk_we0                                    |   37|          7|    1|          7|
    |skey256_address0                          |   25|          5|    5|         25|
    |skey256_address1                          |   14|          3|    5|         15|
    |skey256_ce0                               |   25|          5|    1|          5|
    |skey256_ce1                               |   14|          3|    1|          3|
    +------------------------------------------+-----+-----------+-----+-----------+
    |Total                                     | 1537|        318|  131|       1235|
    +------------------------------------------+-----+-----------+-----+-----------+

    * Register: 
    +---------------------------------------------------------------------+----+----+-----+-----------+
    |                                 Name                                | FF | LUT| Bits| Const Bits|
    +---------------------------------------------------------------------+----+----+-----+-----------+
    |add_ln340_reg_1361                                                   |   4|   0|    4|          0|
    |add_ln348_reg_1382                                                   |   5|   0|    9|          4|
    |ap_CS_fsm                                                            |  72|   0|   72|          0|
    |grp_ClefiaDoubleSwap_1_fu_1084_ap_start_reg                          |   1|   0|    1|          0|
    |grp_ClefiaKeySet192_Pipeline_ByteXor_label210_fu_1067_ap_start_reg   |   1|   0|    1|          0|
    |grp_ClefiaKeySet192_Pipeline_ByteXor_label26_fu_1056_ap_start_reg    |   1|   0|    1|          0|
    |grp_ClefiaKeySet192_Pipeline_ByteXor_label27_fu_1092_ap_start_reg    |   1|   0|    1|          0|
    |grp_ClefiaKeySet192_Pipeline_ByteXor_label28_fu_1045_ap_start_reg    |   1|   0|    1|          0|
    |grp_ClefiaKeySet192_Pipeline_ByteXor_label29_fu_1075_ap_start_reg    |   1|   0|    1|          0|
    |grp_ClefiaKeySet192_Pipeline_ByteXor_label2_fu_1037_ap_start_reg     |   1|   0|    1|          0|
    |grp_ClefiaKeySet192_Pipeline_ClefiaGfn8_label4_fu_1025_ap_start_reg  |   1|   0|    1|          0|
    |i_fu_178                                                             |   4|   0|    4|          0|
    |idx26_fu_174                                                         |   8|   0|    8|          0|
    |or_ln326_reg_1366                                                    |   7|   0|    8|          1|
    |tmp_reg_1378                                                         |   1|   0|    1|          0|
    |trunc_ln341_reg_1374                                                 |   1|   0|    1|          0|
    +---------------------------------------------------------------------+----+----+-----+-----------+
    |Total                                                                | 110|   0|  115|          5|
    +---------------------------------------------------------------------+----+----+-----+-----------+



================================================================
== Interface
================================================================
* Summary: 
+-------------+-----+-----+------------+-----------------+--------------+
|  RTL Ports  | Dir | Bits|  Protocol  |  Source Object  |    C Type    |
+-------------+-----+-----+------------+-----------------+--------------+
|ap_clk       |   in|    1|  ap_ctrl_hs|  ClefiaKeySet192|  return value|
|ap_rst       |   in|    1|  ap_ctrl_hs|  ClefiaKeySet192|  return value|
|ap_start     |   in|    1|  ap_ctrl_hs|  ClefiaKeySet192|  return value|
|ap_done      |  out|    1|  ap_ctrl_hs|  ClefiaKeySet192|  return value|
|ap_idle      |  out|    1|  ap_ctrl_hs|  ClefiaKeySet192|  return value|
|ap_ready     |  out|    1|  ap_ctrl_hs|  ClefiaKeySet192|  return value|
|rk_address0  |  out|    8|   ap_memory|               rk|         array|
|rk_ce0       |  out|    1|   ap_memory|               rk|         array|
|rk_we0       |  out|    1|   ap_memory|               rk|         array|
|rk_d0        |  out|    8|   ap_memory|               rk|         array|
|rk_address1  |  out|    8|   ap_memory|               rk|         array|
|rk_ce1       |  out|    1|   ap_memory|               rk|         array|
|rk_q1        |   in|    8|   ap_memory|               rk|         array|
+-------------+-----+-----+------------+-----------------+--------------+

