

================================================================
== Vitis HLS Report for 'clefia_enc_Pipeline_ByteXor_label26'
================================================================
* Date:           Tue Dec 13 15:28:40 2022

* Version:        2022.1 (Build 3526262 on Mon Apr 18 15:48:16 MDT 2022)
* Project:        enc_ip
* Solution:       solution1 (Vivado IP Flow Target)
* Product family: zynq
* Target device:  xc7z020-clg400-1


================================================================
== Performance Estimates
================================================================
+ Timing: 
    * Summary: 
    +--------+----------+----------+------------+
    |  Clock |  Target  | Estimated| Uncertainty|
    +--------+----------+----------+------------+
    |ap_clk  |  10.00 ns|  6.566 ns|     2.70 ns|
    +--------+----------+----------+------------+

+ Latency: 
    * Summary: 
    +---------+---------+----------+----------+-----+-----+---------+
    |  Latency (cycles) |  Latency (absolute) |  Interval | Pipeline|
    |   min   |   max   |    min   |    max   | min | max |   Type  |
    +---------+---------+----------+----------+-----+-----+---------+
    |       10|       10|  0.100 us|  0.100 us|   10|   10|       no|
    +---------+---------+----------+----------+-----+-----+---------+

    + Detail: 
        * Instance: 
        N/A

        * Loop: 
        +------------------+---------+---------+----------+-----------+-----------+------+----------+
        |                  |  Latency (cycles) | Iteration|  Initiation Interval  | Trip |          |
        |     Loop Name    |   min   |   max   |  Latency |  achieved |   target  | Count| Pipelined|
        +------------------+---------+---------+----------+-----------+-----------+------+----------+
        |- ByteXor_label2  |        8|        8|         2|          2|          1|     4|       yes|
        +------------------+---------+---------+----------+-----------+-----------+------+----------+



================================================================
== Utilization Estimates
================================================================
* Summary: 
+-----------------+---------+-----+--------+-------+-----+
|       Name      | BRAM_18K| DSP |   FF   |  LUT  | URAM|
+-----------------+---------+-----+--------+-------+-----+
|DSP              |        -|    -|       -|      -|    -|
|Expression       |        -|    -|       0|     32|    -|
|FIFO             |        -|    -|       -|      -|    -|
|Instance         |        -|    -|       -|      -|    -|
|Memory           |        -|    -|       -|      -|    -|
|Multiplexer      |        -|    -|       -|     55|    -|
|Register         |        -|    -|       9|      -|    -|
+-----------------+---------+-----+--------+-------+-----+
|Total            |        0|    0|       9|     87|    0|
+-----------------+---------+-----+--------+-------+-----+
|Available        |      280|  220|  106400|  53200|    0|
+-----------------+---------+-----+--------+-------+-----+
|Utilization (%)  |        0|    0|      ~0|     ~0|    0|
+-----------------+---------+-----+--------+-------+-----+

+ Detail: 
    * Instance: 
    N/A

    * DSP: 
    N/A

    * Memory: 
    N/A

    * FIFO: 
    N/A

    * Expression: 
    +---------------------+----------+----+---+----+------------+------------+
    |    Variable Name    | Operation| DSP| FF| LUT| Bitwidth P0| Bitwidth P1|
    +---------------------+----------+----+---+----+------------+------------+
    |add_ln117_fu_92_p2   |         +|   0|  0|  11|           3|           1|
    |icmp_ln116_fu_86_p2  |      icmp|   0|  0|   9|           3|           4|
    |ct_d0                |       xor|   0|  0|   8|           8|           8|
    |xor_ln114_fu_115_p2  |       xor|   0|  0|   4|           3|           4|
    +---------------------+----------+----+---+----+------------+------------+
    |Total                |          |   0|  0|  32|          17|          17|
    +---------------------+----------+----+---+----+------------+------------+

    * Multiplexer: 
    +-------------------------------------+----+-----------+-----+-----------+
    |                 Name                | LUT| Input Size| Bits| Total Bits|
    +-------------------------------------+----+-----------+-----+-----------+
    |ap_NS_fsm                            |  14|          3|    1|          3|
    |ap_done_int                          |   9|          2|    1|          2|
    |ap_sig_allocacmp_indvars_iv3_i_load  |   9|          2|    3|          6|
    |ct_address0                          |  14|          3|    4|         12|
    |indvars_iv3_i_fu_48                  |   9|          2|    3|          6|
    +-------------------------------------+----+-----------+-----+-----------+
    |Total                                |  55|         12|   12|         29|
    +-------------------------------------+----+-----------+-----+-----------+

    * Register: 
    +---------------------+---+----+-----+-----------+
    |         Name        | FF| LUT| Bits| Const Bits|
    +---------------------+---+----+-----+-----------+
    |ap_CS_fsm            |  2|   0|    2|          0|
    |ap_done_reg          |  1|   0|    1|          0|
    |ct_addr_reg_153      |  3|   0|    4|          1|
    |indvars_iv3_i_fu_48  |  3|   0|    3|          0|
    +---------------------+---+----+-----+-----------+
    |Total                |  9|   0|   10|          1|
    +---------------------+---+----+-----+-----------+



================================================================
== Interface
================================================================
* Summary: 
+-------------+-----+-----+------------+-------------------------------------+--------------+
|  RTL Ports  | Dir | Bits|  Protocol  |            Source Object            |    C Type    |
+-------------+-----+-----+------------+-------------------------------------+--------------+
|ap_clk       |   in|    1|  ap_ctrl_hs|  clefia_enc_Pipeline_ByteXor_label26|  return value|
|ap_rst       |   in|    1|  ap_ctrl_hs|  clefia_enc_Pipeline_ByteXor_label26|  return value|
|ap_start     |   in|    1|  ap_ctrl_hs|  clefia_enc_Pipeline_ByteXor_label26|  return value|
|ap_done      |  out|    1|  ap_ctrl_hs|  clefia_enc_Pipeline_ByteXor_label26|  return value|
|ap_idle      |  out|    1|  ap_ctrl_hs|  clefia_enc_Pipeline_ByteXor_label26|  return value|
|ap_ready     |  out|    1|  ap_ctrl_hs|  clefia_enc_Pipeline_ByteXor_label26|  return value|
|ct_address0  |  out|    4|   ap_memory|                                   ct|         array|
|ct_ce0       |  out|    1|   ap_memory|                                   ct|         array|
|ct_we0       |  out|    1|   ap_memory|                                   ct|         array|
|ct_d0        |  out|    8|   ap_memory|                                   ct|         array|
|ct_q0        |   in|    8|   ap_memory|                                   ct|         array|
|rk_address0  |  out|    8|   ap_memory|                                   rk|         array|
|rk_ce0       |  out|    1|   ap_memory|                                   rk|         array|
|rk_q0        |   in|    8|   ap_memory|                                   rk|         array|
+-------------+-----+-----+------------+-------------------------------------+--------------+

============================================================
+ Verbose Summary: Synthesis Manager
============================================================
InlineROM: 1
ExposeGlobal: 0
============================================================
+ Verbose Summary: CDFG Model
============================================================
IsTopModel: 0
ResetActiveHigh: 1
IsCombinational: 2
IsDatapathOnly: 2
HasWiredReturn: 1
HasMFsm: 2
HasVarLatency: 1
IsPipeline: 0
IsRtlPipelined: 0
IsInstanceOverlapped: 0
IsDontTouch: 0
HasImplIP: 0
IsGatedGlobalClock: 0

+ Individual pipeline summary: 
  * Pipeline-0: initiation interval (II) = 2, depth = 2


============================================================
+ Verbose Summary: Schedule
============================================================
* Number of FSM states : 2
* Pipeline : 1
  Pipeline-0 : II = 2, D = 2, States = { 1 2 }
* Dataflow Pipeline: 0

* FSM state transitions: 
1 --> 2 
2 --> 

* FSM state operations: 

State 1 <SV = 0> <Delay = 3.28>
ST_1 : Operation 5 [1/1] (0.00ns)   --->   "%indvars_iv3_i = alloca i32 1"   --->   Operation 5 'alloca' 'indvars_iv3_i' <Predicate = true> <Delay = 0.00>
ST_1 : Operation 6 [1/1] (0.00ns)   --->   "%specmemcore_ln0 = specmemcore void @_ssdm_op_SpecMemCore, i8 %ct, i64 666, i64 207, i64 1"   --->   Operation 6 'specmemcore' 'specmemcore_ln0' <Predicate = true> <Delay = 0.00>
ST_1 : Operation 7 [1/1] (0.00ns)   --->   "%specinterface_ln0 = specinterface void @_ssdm_op_SpecInterface, i8 %ct, void @empty_3, i32 0, i32 0, void @empty_0, i32 1, i32 0, void @empty_0, void @empty_0, void @empty_0, i32 0, i32 0, i32 0, i32 0, void @empty_0, void @empty_0, i32 4294967295, i32 0"   --->   Operation 7 'specinterface' 'specinterface_ln0' <Predicate = true> <Delay = 0.00>
ST_1 : Operation 8 [1/1] (1.58ns)   --->   "%store_ln0 = store i3 0, i3 %indvars_iv3_i"   --->   Operation 8 'store' 'store_ln0' <Predicate = true> <Delay = 1.58>
ST_1 : Operation 9 [1/1] (0.00ns)   --->   "%br_ln0 = br void %while.body.i56.i"   --->   Operation 9 'br' 'br_ln0' <Predicate = true> <Delay = 0.00>
ST_1 : Operation 10 [1/1] (0.00ns)   --->   "%indvars_iv3_i_load = load i3 %indvars_iv3_i" [src/enc.c:114]   --->   Operation 10 'load' 'indvars_iv3_i_load' <Predicate = true> <Delay = 0.00>
ST_1 : Operation 11 [1/1] (0.00ns)   --->   "%specpipeline_ln0 = specpipeline void @_ssdm_op_SpecPipeline, i32 4294967295, i32 0, i32 1, i32 0, void @p_str"   --->   Operation 11 'specpipeline' 'specpipeline_ln0' <Predicate = true> <Delay = 0.00>
ST_1 : Operation 12 [1/1] (1.13ns)   --->   "%icmp_ln116 = icmp_eq  i3 %indvars_iv3_i_load, i3 4" [src/enc.c:116]   --->   Operation 12 'icmp' 'icmp_ln116' <Predicate = true> <Delay = 1.13> <CoreInst = "Cmp">   --->   Core 9 'Cmp' <Latency = 0> <II = 1> <Delay = 1.30> <FuncUnit> <Opcode : 'icmp'> <InPorts = 2> <OutPorts = 1>
ST_1 : Operation 13 [1/1] (0.00ns)   --->   "%empty = speclooptripcount i32 @_ssdm_op_SpecLoopTripCount, i64 4, i64 4, i64 4"   --->   Operation 13 'speclooptripcount' 'empty' <Predicate = true> <Delay = 0.00>
ST_1 : Operation 14 [1/1] (1.65ns)   --->   "%add_ln117 = add i3 %indvars_iv3_i_load, i3 1" [src/enc.c:117]   --->   Operation 14 'add' 'add_ln117' <Predicate = true> <Delay = 1.65> <CoreInst = "Adder">   --->   Core 1 'Adder' <Latency = 0> <II = 1> <Delay = 1.65> <FuncUnit> <Opcode : 'add' 'sub'> <InPorts = 2> <OutPorts = 1>
ST_1 : Operation 15 [1/1] (0.00ns)   --->   "%br_ln116 = br i1 %icmp_ln116, void %while.body.i56.split.i, void %while.body.i72.i.preheader.exitStub" [src/enc.c:116]   --->   Operation 15 'br' 'br_ln116' <Predicate = true> <Delay = 0.00>
ST_1 : Operation 16 [1/1] (0.00ns)   --->   "%trunc_ln114 = trunc i3 %indvars_iv3_i_load" [src/enc.c:114]   --->   Operation 16 'trunc' 'trunc_ln114' <Predicate = (!icmp_ln116)> <Delay = 0.00>
ST_1 : Operation 17 [1/1] (0.00ns)   --->   "%zext_ln114_11_cast = bitconcatenate i8 @_ssdm_op_BitConcatenate.i8.i6.i2, i6 38, i2 %trunc_ln114" [src/enc.c:114]   --->   Operation 17 'bitconcatenate' 'zext_ln114_11_cast' <Predicate = (!icmp_ln116)> <Delay = 0.00>
ST_1 : Operation 18 [1/1] (0.00ns)   --->   "%zext_ln114 = zext i8 %zext_ln114_11_cast" [src/enc.c:114]   --->   Operation 18 'zext' 'zext_ln114' <Predicate = (!icmp_ln116)> <Delay = 0.00>
ST_1 : Operation 19 [1/1] (0.00ns)   --->   "%rk_addr = getelementptr i8 %rk, i64 0, i64 %zext_ln114" [src/enc.c:114]   --->   Operation 19 'getelementptr' 'rk_addr' <Predicate = (!icmp_ln116)> <Delay = 0.00>
ST_1 : Operation 20 [1/1] (0.96ns)   --->   "%xor_ln114 = xor i3 %indvars_iv3_i_load, i3 4" [src/enc.c:114]   --->   Operation 20 'xor' 'xor_ln114' <Predicate = (!icmp_ln116)> <Delay = 0.96> <CoreInst = "LogicGate">   --->   Core 74 'LogicGate' <Latency = 0> <II = 1> <Delay = 0.97> <FuncUnit> <Opcode : 'and' 'or' 'xor'> <InPorts = 2> <OutPorts = 1>
ST_1 : Operation 21 [1/1] (0.00ns)   --->   "%zext_ln114_8 = zext i3 %xor_ln114" [src/enc.c:114]   --->   Operation 21 'zext' 'zext_ln114_8' <Predicate = (!icmp_ln116)> <Delay = 0.00>
ST_1 : Operation 22 [1/1] (0.00ns)   --->   "%ct_addr = getelementptr i8 %ct, i64 0, i64 %zext_ln114_8" [src/enc.c:117]   --->   Operation 22 'getelementptr' 'ct_addr' <Predicate = (!icmp_ln116)> <Delay = 0.00>
ST_1 : Operation 23 [2/2] (2.32ns)   --->   "%ct_load = load i4 %ct_addr" [src/enc.c:117]   --->   Operation 23 'load' 'ct_load' <Predicate = (!icmp_ln116)> <Delay = 2.32> <CoreInst = "RAM_1P">   --->   Core 86 'RAM_1P' <Latency = 1> <II = 1> <Delay = 2.32> <Storage> <Opcode : 'load' 'store'> <Ports = 1> <Width = 8> <Depth = 16> <RAM>
ST_1 : Operation 24 [2/2] (3.25ns)   --->   "%rk_load = load i8 %rk_addr" [src/enc.c:117]   --->   Operation 24 'load' 'rk_load' <Predicate = (!icmp_ln116)> <Delay = 3.25> <CoreInst = "ROM">   --->   Core 95 'ROM' <Latency = 1> <II = 1> <Delay = 3.25> <Storage> <Opcode : 'load'> <Ports = 0> <Width = 8> <Depth = 160> <ROM>
ST_1 : Operation 25 [1/1] (1.58ns)   --->   "%store_ln116 = store i3 %add_ln117, i3 %indvars_iv3_i" [src/enc.c:116]   --->   Operation 25 'store' 'store_ln116' <Predicate = (!icmp_ln116)> <Delay = 1.58>
ST_1 : Operation 32 [1/1] (0.00ns)   --->   "%ret_ln0 = ret"   --->   Operation 32 'ret' 'ret_ln0' <Predicate = (icmp_ln116)> <Delay = 0.00>

State 2 <SV = 1> <Delay = 6.56>
ST_2 : Operation 26 [1/1] (0.00ns)   --->   "%specloopname_ln114 = specloopname void @_ssdm_op_SpecLoopName, void @empty_5" [src/enc.c:114]   --->   Operation 26 'specloopname' 'specloopname_ln114' <Predicate = true> <Delay = 0.00>
ST_2 : Operation 27 [1/2] (2.32ns)   --->   "%ct_load = load i4 %ct_addr" [src/enc.c:117]   --->   Operation 27 'load' 'ct_load' <Predicate = true> <Delay = 2.32> <CoreInst = "RAM_1P">   --->   Core 86 'RAM_1P' <Latency = 1> <II = 1> <Delay = 2.32> <Storage> <Opcode : 'load' 'store'> <Ports = 1> <Width = 8> <Depth = 16> <RAM>
ST_2 : Operation 28 [1/2] (3.25ns)   --->   "%rk_load = load i8 %rk_addr" [src/enc.c:117]   --->   Operation 28 'load' 'rk_load' <Predicate = true> <Delay = 3.25> <CoreInst = "ROM">   --->   Core 95 'ROM' <Latency = 1> <II = 1> <Delay = 3.25> <Storage> <Opcode : 'load'> <Ports = 0> <Width = 8> <Depth = 160> <ROM>
ST_2 : Operation 29 [1/1] (0.99ns)   --->   "%xor_ln117_6 = xor i8 %rk_load, i8 %ct_load" [src/enc.c:117]   --->   Operation 29 'xor' 'xor_ln117_6' <Predicate = true> <Delay = 0.99> <CoreInst = "LogicGate">   --->   Core 74 'LogicGate' <Latency = 0> <II = 1> <Delay = 0.99> <FuncUnit> <Opcode : 'and' 'or' 'xor'> <InPorts = 2> <OutPorts = 1>
ST_2 : Operation 30 [1/1] (2.32ns)   --->   "%store_ln117 = store i8 %xor_ln117_6, i4 %ct_addr" [src/enc.c:117]   --->   Operation 30 'store' 'store_ln117' <Predicate = true> <Delay = 2.32> <CoreInst = "RAM_1P">   --->   Core 86 'RAM_1P' <Latency = 1> <II = 1> <Delay = 2.32> <Storage> <Opcode : 'load' 'store'> <Ports = 1> <Width = 8> <Depth = 16> <RAM>
ST_2 : Operation 31 [1/1] (0.00ns)   --->   "%br_ln116 = br void %while.body.i56.i" [src/enc.c:116]   --->   Operation 31 'br' 'br_ln116' <Predicate = true> <Delay = 0.00>


============================================================
+ Verbose Summary: Binding
============================================================
STG Binding: 
---------------- STG Properties BEGIN ----------------
- Is combinational: 0
- Is one-state seq: 0
- Is datapath-only: 0
- Is pipelined: 0
- Is top level: 0
Port [ Return ] is wired: 1; IO mode=ap_ctrl_hs:ce=0
Port [ ct]:  wired=1; compound=1; hidden=0; nouse=0; global=0; static=0; extern=0; dir=2; type=1; pingpong=0; private_global=0; MemPort=[2]; IO mode=ap_memory:ce=0
Port [ rk]:  wired=1; compound=1; hidden=0; nouse=0; global=1; static=1; extern=0; dir=0; type=1; pingpong=0; private_global=0; MemPort=[1]; IO mode=ap_memory:ce=0
---------------- STG Properties END ------------------

---------------- Datapath Model BEGIN ----------------

<LifeTime>
<method=bitvector/>
indvars_iv3_i      (alloca           ) [ 010]
specmemcore_ln0    (specmemcore      ) [ 000]
specinterface_ln0  (specinterface    ) [ 000]
store_ln0          (store            ) [ 000]
br_ln0             (br               ) [ 000]
indvars_iv3_i_load (load             ) [ 000]
specpipeline_ln0   (specpipeline     ) [ 000]
icmp_ln116         (icmp             ) [ 010]
empty              (speclooptripcount) [ 000]
add_ln117          (add              ) [ 000]
br_ln116           (br               ) [ 000]
trunc_ln114        (trunc            ) [ 000]
zext_ln114_11_cast (bitconcatenate   ) [ 000]
zext_ln114         (zext             ) [ 000]
rk_addr            (getelementptr    ) [ 001]
xor_ln114          (xor              ) [ 000]
zext_ln114_8       (zext             ) [ 000]
ct_addr            (getelementptr    ) [ 001]
store_ln116        (store            ) [ 000]
specloopname_ln114 (specloopname     ) [ 000]
ct_load            (load             ) [ 000]
rk_load            (load             ) [ 000]
xor_ln117_6        (xor              ) [ 000]
store_ln117        (store            ) [ 000]
br_ln116           (br               ) [ 000]
ret_ln0            (ret              ) [ 000]
</LifeTime>

<model>

<comp_list>
<comp id="0" class="1000" name="ct">
<pin_list>
<pin id="1" dir="1" index="0" bw="1" slack="0"/>
</pin_list>
<bind>
<StgValue><ssdm name="ct"/><MemPortTyVec>2 </MemPortTyVec>
</StgValue>
</bind>
</comp>

<comp id="2" class="1000" name="rk">
<pin_list>
<pin id="3" dir="1" index="0" bw="1" slack="0"/>
</pin_list>
<bind>
<StgValue><ssdm name="rk"/><MemPortTyVec>1 </MemPortTyVec>
</StgValue>
</bind>
</comp>

<comp id="4" class="1001" name="const_4">
<pin_list>
<pin id="5" dir="1" index="0" bw="1" slack="0"/>
</pin_list>
<bind>
<StgValue><ssdm name=""/></StgValue>
</bind>
</comp>

<comp id="6" class="1001" name="const_6">
<pin_list>
<pin id="7" dir="1" index="0" bw="1" slack="2147483647"/>
</pin_list>
<bind>
<StgValue><ssdm name="_ssdm_op_SpecMemCore"/></StgValue>
</bind>
</comp>

<comp id="8" class="1001" name="const_8">
<pin_list>
<pin id="9" dir="1" index="0" bw="1" slack="2147483647"/>
</pin_list>
<bind>
<StgValue><ssdm name=""/></StgValue>
</bind>
</comp>

<comp id="10" class="1001" name="const_10">
<pin_list>
<pin id="11" dir="1" index="0" bw="1" slack="2147483647"/>
</pin_list>
<bind>
<StgValue><ssdm name=""/></StgValue>
</bind>
</comp>

<comp id="12" class="1001" name="const_12">
<pin_list>
<pin id="13" dir="1" index="0" bw="1" slack="2147483647"/>
</pin_list>
<bind>
<StgValue><ssdm name=""/></StgValue>
</bind>
</comp>

<comp id="14" class="1001" name="const_14">
<pin_list>
<pin id="15" dir="1" index="0" bw="1" slack="2147483647"/>
</pin_list>
<bind>
<StgValue><ssdm name="_ssdm_op_SpecInterface"/></StgValue>
</bind>
</comp>

<comp id="16" class="1001" name="const_16">
<pin_list>
<pin id="17" dir="1" index="0" bw="1" slack="2147483647"/>
</pin_list>
<bind>
<StgValue><ssdm name="empty_3"/></StgValue>
</bind>
</comp>

<comp id="18" class="1001" name="const_18">
<pin_list>
<pin id="19" dir="1" index="0" bw="1" slack="2147483647"/>
</pin_list>
<bind>
<StgValue><ssdm name=""/></StgValue>
</bind>
</comp>

<comp id="20" class="1001" name="const_20">
<pin_list>
<pin id="21" dir="1" index="0" bw="1" slack="2147483647"/>
</pin_list>
<bind>
<StgValue><ssdm name="empty_0"/></StgValue>
</bind>
</comp>

<comp id="22" class="1001" name="const_22">
<pin_list>
<pin id="23" dir="1" index="0" bw="1" slack="2147483647"/>
</pin_list>
<bind>
<StgValue><ssdm name=""/></StgValue>
</bind>
</comp>

<comp id="24" class="1001" name="const_24">
<pin_list>
<pin id="25" dir="1" index="0" bw="1" slack="0"/>
</pin_list>
<bind>
<StgValue><ssdm name=""/></StgValue>
</bind>
</comp>

<comp id="26" class="1001" name="const_26">
<pin_list>
<pin id="27" dir="1" index="0" bw="1" slack="2147483647"/>
</pin_list>
<bind>
<StgValue><ssdm name="_ssdm_op_SpecPipeline"/></StgValue>
</bind>
</comp>

<comp id="28" class="1001" name="const_28">
<pin_list>
<pin id="29" dir="1" index="0" bw="1" slack="2147483647"/>
</pin_list>
<bind>
<StgValue><ssdm name="p_str"/></StgValue>
</bind>
</comp>

<comp id="30" class="1001" name="const_30">
<pin_list>
<pin id="31" dir="1" index="0" bw="1" slack="0"/>
</pin_list>
<bind>
<StgValue><ssdm name=""/></StgValue>
</bind>
</comp>

<comp id="32" class="1001" name="const_32">
<pin_list>
<pin id="33" dir="1" index="0" bw="1" slack="2147483647"/>
</pin_list>
<bind>
<StgValue><ssdm name="_ssdm_op_SpecLoopTripCount"/></StgValue>
</bind>
</comp>

<comp id="34" class="1001" name="const_34">
<pin_list>
<pin id="35" dir="1" index="0" bw="1" slack="2147483647"/>
</pin_list>
<bind>
<StgValue><ssdm name=""/></StgValue>
</bind>
</comp>

<comp id="36" class="1001" name="const_36">
<pin_list>
<pin id="37" dir="1" index="0" bw="1" slack="0"/>
</pin_list>
<bind>
<StgValue><ssdm name=""/></StgValue>
</bind>
</comp>

<comp id="38" class="1001" name="const_38">
<pin_list>
<pin id="39" dir="1" index="0" bw="1" slack="0"/>
</pin_list>
<bind>
<StgValue><ssdm name="_ssdm_op_BitConcatenate.i8.i6.i2"/></StgValue>
</bind>
</comp>

<comp id="40" class="1001" name="const_40">
<pin_list>
<pin id="41" dir="1" index="0" bw="1" slack="0"/>
</pin_list>
<bind>
<StgValue><ssdm name=""/></StgValue>
</bind>
</comp>

<comp id="42" class="1001" name="const_42">
<pin_list>
<pin id="43" dir="1" index="0" bw="1" slack="0"/>
</pin_list>
<bind>
<StgValue><ssdm name=""/></StgValue>
</bind>
</comp>

<comp id="44" class="1001" name="const_44">
<pin_list>
<pin id="45" dir="1" index="0" bw="1" slack="2147483647"/>
</pin_list>
<bind>
<StgValue><ssdm name="_ssdm_op_SpecLoopName"/></StgValue>
</bind>
</comp>

<comp id="46" class="1001" name="const_46">
<pin_list>
<pin id="47" dir="1" index="0" bw="1" slack="2147483647"/>
</pin_list>
<bind>
<StgValue><ssdm name="empty_5"/></StgValue>
</bind>
</comp>

<comp id="48" class="1004" name="indvars_iv3_i_fu_48">
<pin_list>
<pin id="49" dir="0" index="0" bw="1" slack="0"/>
<pin id="50" dir="1" index="1" bw="3" slack="0"/>
</pin_list>
<bind>
<opcode="alloca(26) " fcode="alloca"/>
<opset="indvars_iv3_i/1 "/>
</bind>
</comp>

<comp id="52" class="1004" name="rk_addr_gep_fu_52">
<pin_list>
<pin id="53" dir="0" index="0" bw="8" slack="0"/>
<pin id="54" dir="0" index="1" bw="1" slack="0"/>
<pin id="55" dir="0" index="2" bw="8" slack="0"/>
<pin id="56" dir="1" index="3" bw="8" slack="0"/>
</pin_list>
<bind>
<opcode="getelementptr(29) " fcode="getelementptr"/>
<opset="rk_addr/1 "/>
</bind>
</comp>

<comp id="59" class="1004" name="ct_addr_gep_fu_59">
<pin_list>
<pin id="60" dir="0" index="0" bw="8" slack="0"/>
<pin id="61" dir="0" index="1" bw="1" slack="0"/>
<pin id="62" dir="0" index="2" bw="3" slack="0"/>
<pin id="63" dir="1" index="3" bw="4" slack="0"/>
</pin_list>
<bind>
<opcode="getelementptr(29) " fcode="getelementptr"/>
<opset="ct_addr/1 "/>
</bind>
</comp>

<comp id="66" class="1004" name="grp_access_fu_66">
<pin_list>
<pin id="67" dir="0" index="0" bw="4" slack="0"/>
<pin id="68" dir="0" index="1" bw="8" slack="0"/>
<pin id="69" dir="0" index="2" bw="0" slack="2147483647"/>
<pin id="70" dir="1" index="3" bw="8" slack="0"/>
</pin_list>
<bind>
<opcode="load(27) store(28) " fcode="store"/>
<opset="ct_load/1 store_ln117/2 "/>
</bind>
</comp>

<comp id="72" class="1004" name="grp_access_fu_72">
<pin_list>
<pin id="73" dir="0" index="0" bw="8" slack="0"/>
<pin id="74" dir="0" index="1" bw="8" slack="2147483647"/>
<pin id="75" dir="0" index="2" bw="0" slack="2147483647"/>
<pin id="76" dir="1" index="3" bw="8" slack="0"/>
</pin_list>
<bind>
<opcode="load(27) " fcode="load"/>
<opset="rk_load/1 "/>
</bind>
</comp>

<comp id="78" class="1004" name="store_ln0_store_fu_78">
<pin_list>
<pin id="79" dir="0" index="0" bw="1" slack="0"/>
<pin id="80" dir="0" index="1" bw="3" slack="0"/>
<pin id="81" dir="1" index="2" bw="0" slack="2147483647"/>
</pin_list>
<bind>
<opcode="store(28) " fcode="store"/>
<opset="store_ln0/1 "/>
</bind>
</comp>

<comp id="83" class="1004" name="indvars_iv3_i_load_load_fu_83">
<pin_list>
<pin id="84" dir="0" index="0" bw="3" slack="0"/>
<pin id="85" dir="1" index="1" bw="3" slack="0"/>
</pin_list>
<bind>
<opcode="load(27) " fcode="load"/>
<opset="indvars_iv3_i_load/1 "/>
</bind>
</comp>

<comp id="86" class="1004" name="icmp_ln116_fu_86">
<pin_list>
<pin id="87" dir="0" index="0" bw="3" slack="0"/>
<pin id="88" dir="0" index="1" bw="3" slack="0"/>
<pin id="89" dir="1" index="2" bw="1" slack="2147483647"/>
</pin_list>
<bind>
<opcode="icmp(45) " fcode="icmp"/>
<opset="icmp_ln116/1 "/>
</bind>
</comp>

<comp id="92" class="1004" name="add_ln117_fu_92">
<pin_list>
<pin id="93" dir="0" index="0" bw="3" slack="0"/>
<pin id="94" dir="0" index="1" bw="1" slack="0"/>
<pin id="95" dir="1" index="2" bw="3" slack="0"/>
</pin_list>
<bind>
<opcode="add(8) " fcode="add"/>
<opset="add_ln117/1 "/>
</bind>
</comp>

<comp id="98" class="1004" name="trunc_ln114_fu_98">
<pin_list>
<pin id="99" dir="0" index="0" bw="3" slack="0"/>
<pin id="100" dir="1" index="1" bw="2" slack="0"/>
</pin_list>
<bind>
<opcode="trunc(33) " fcode="trunc"/>
<opset="trunc_ln114/1 "/>
</bind>
</comp>

<comp id="102" class="1004" name="zext_ln114_11_cast_fu_102">
<pin_list>
<pin id="103" dir="0" index="0" bw="8" slack="0"/>
<pin id="104" dir="0" index="1" bw="6" slack="0"/>
<pin id="105" dir="0" index="2" bw="2" slack="0"/>
<pin id="106" dir="1" index="3" bw="8" slack="0"/>
</pin_list>
<bind>
<opcode="bitconcatenate(1004) " fcode="bitconcatenate"/>
<opset="zext_ln114_11_cast/1 "/>
</bind>
</comp>

<comp id="110" class="1004" name="zext_ln114_fu_110">
<pin_list>
<pin id="111" dir="0" index="0" bw="8" slack="0"/>
<pin id="112" dir="1" index="1" bw="64" slack="0"/>
</pin_list>
<bind>
<opcode="zext(34) " fcode="zext"/>
<opset="zext_ln114/1 "/>
</bind>
</comp>

<comp id="115" class="1004" name="xor_ln114_fu_115">
<pin_list>
<pin id="116" dir="0" index="0" bw="3" slack="0"/>
<pin id="117" dir="0" index="1" bw="3" slack="0"/>
<pin id="118" dir="1" index="2" bw="3" slack="0"/>
</pin_list>
<bind>
<opcode="xor(25) " fcode="xor"/>
<opset="xor_ln114/1 "/>
</bind>
</comp>

<comp id="121" class="1004" name="zext_ln114_8_fu_121">
<pin_list>
<pin id="122" dir="0" index="0" bw="3" slack="0"/>
<pin id="123" dir="1" index="1" bw="64" slack="0"/>
</pin_list>
<bind>
<opcode="zext(34) " fcode="zext"/>
<opset="zext_ln114_8/1 "/>
</bind>
</comp>

<comp id="126" class="1004" name="store_ln116_store_fu_126">
<pin_list>
<pin id="127" dir="0" index="0" bw="3" slack="0"/>
<pin id="128" dir="0" index="1" bw="3" slack="0"/>
<pin id="129" dir="1" index="2" bw="0" slack="2147483647"/>
</pin_list>
<bind>
<opcode="store(28) " fcode="store"/>
<opset="store_ln116/1 "/>
</bind>
</comp>

<comp id="131" class="1004" name="xor_ln117_6_fu_131">
<pin_list>
<pin id="132" dir="0" index="0" bw="8" slack="0"/>
<pin id="133" dir="0" index="1" bw="8" slack="0"/>
<pin id="134" dir="1" index="2" bw="8" slack="0"/>
</pin_list>
<bind>
<opcode="xor(25) " fcode="xor"/>
<opset="xor_ln117_6/2 "/>
</bind>
</comp>

<comp id="138" class="1005" name="indvars_iv3_i_reg_138">
<pin_list>
<pin id="139" dir="0" index="0" bw="3" slack="0"/>
<pin id="140" dir="1" index="1" bw="3" slack="0"/>
</pin_list>
<bind>
<opset="indvars_iv3_i "/>
</bind>
</comp>

<comp id="148" class="1005" name="rk_addr_reg_148">
<pin_list>
<pin id="149" dir="0" index="0" bw="8" slack="1"/>
<pin id="150" dir="1" index="1" bw="8" slack="1"/>
</pin_list>
<bind>
<opset="rk_addr "/>
</bind>
</comp>

<comp id="153" class="1005" name="ct_addr_reg_153">
<pin_list>
<pin id="154" dir="0" index="0" bw="4" slack="1"/>
<pin id="155" dir="1" index="1" bw="4" slack="1"/>
</pin_list>
<bind>
<opset="ct_addr "/>
</bind>
</comp>

</comp_list>

<net_list>
<net id="51"><net_src comp="4" pin="0"/><net_sink comp="48" pin=0"/></net>

<net id="57"><net_src comp="2" pin="0"/><net_sink comp="52" pin=0"/></net>

<net id="58"><net_src comp="42" pin="0"/><net_sink comp="52" pin=1"/></net>

<net id="64"><net_src comp="0" pin="0"/><net_sink comp="59" pin=0"/></net>

<net id="65"><net_src comp="42" pin="0"/><net_sink comp="59" pin=1"/></net>

<net id="71"><net_src comp="59" pin="3"/><net_sink comp="66" pin=0"/></net>

<net id="77"><net_src comp="52" pin="3"/><net_sink comp="72" pin=0"/></net>

<net id="82"><net_src comp="24" pin="0"/><net_sink comp="78" pin=0"/></net>

<net id="90"><net_src comp="83" pin="1"/><net_sink comp="86" pin=0"/></net>

<net id="91"><net_src comp="30" pin="0"/><net_sink comp="86" pin=1"/></net>

<net id="96"><net_src comp="83" pin="1"/><net_sink comp="92" pin=0"/></net>

<net id="97"><net_src comp="36" pin="0"/><net_sink comp="92" pin=1"/></net>

<net id="101"><net_src comp="83" pin="1"/><net_sink comp="98" pin=0"/></net>

<net id="107"><net_src comp="38" pin="0"/><net_sink comp="102" pin=0"/></net>

<net id="108"><net_src comp="40" pin="0"/><net_sink comp="102" pin=1"/></net>

<net id="109"><net_src comp="98" pin="1"/><net_sink comp="102" pin=2"/></net>

<net id="113"><net_src comp="102" pin="3"/><net_sink comp="110" pin=0"/></net>

<net id="114"><net_src comp="110" pin="1"/><net_sink comp="52" pin=2"/></net>

<net id="119"><net_src comp="83" pin="1"/><net_sink comp="115" pin=0"/></net>

<net id="120"><net_src comp="30" pin="0"/><net_sink comp="115" pin=1"/></net>

<net id="124"><net_src comp="115" pin="2"/><net_sink comp="121" pin=0"/></net>

<net id="125"><net_src comp="121" pin="1"/><net_sink comp="59" pin=2"/></net>

<net id="130"><net_src comp="92" pin="2"/><net_sink comp="126" pin=0"/></net>

<net id="135"><net_src comp="72" pin="3"/><net_sink comp="131" pin=0"/></net>

<net id="136"><net_src comp="66" pin="3"/><net_sink comp="131" pin=1"/></net>

<net id="137"><net_src comp="131" pin="2"/><net_sink comp="66" pin=1"/></net>

<net id="141"><net_src comp="48" pin="1"/><net_sink comp="138" pin=0"/></net>

<net id="142"><net_src comp="138" pin="1"/><net_sink comp="78" pin=1"/></net>

<net id="143"><net_src comp="138" pin="1"/><net_sink comp="83" pin=0"/></net>

<net id="144"><net_src comp="138" pin="1"/><net_sink comp="126" pin=1"/></net>

<net id="151"><net_src comp="52" pin="3"/><net_sink comp="148" pin=0"/></net>

<net id="152"><net_src comp="148" pin="1"/><net_sink comp="72" pin=0"/></net>

<net id="156"><net_src comp="59" pin="3"/><net_sink comp="153" pin=0"/></net>

<net id="157"><net_src comp="153" pin="1"/><net_sink comp="66" pin=0"/></net>

</net_list>

</model> 
---------------- Datapath Model END ------------------

* FSMD analyzer results:
  - Output states:
	Port: ct | {2 }
	Port: rk | {}
 - Input state : 
	Port: clefia_enc_Pipeline_ByteXor_label26 : ct | {1 2 }
	Port: clefia_enc_Pipeline_ByteXor_label26 : rk | {1 2 }
  - Chain level:
	State 1
		store_ln0 : 1
		indvars_iv3_i_load : 1
		icmp_ln116 : 2
		add_ln117 : 2
		br_ln116 : 3
		trunc_ln114 : 2
		zext_ln114_11_cast : 3
		zext_ln114 : 4
		rk_addr : 5
		xor_ln114 : 2
		zext_ln114_8 : 2
		ct_addr : 3
		ct_load : 4
		rk_load : 6
		store_ln116 : 3
	State 2
		xor_ln117_6 : 1
		store_ln117 : 1


============================================================
+ Verbose Summary: Datapath Resource usage 
============================================================

* Functional unit list:
|----------|---------------------------|---------|---------|
| Operation|      Functional Unit      |    FF   |   LUT   |
|----------|---------------------------|---------|---------|
|    add   |      add_ln117_fu_92      |    0    |    11   |
|----------|---------------------------|---------|---------|
|    xor   |      xor_ln114_fu_115     |    0    |    3    |
|          |     xor_ln117_6_fu_131    |    0    |    8    |
|----------|---------------------------|---------|---------|
|   icmp   |      icmp_ln116_fu_86     |    0    |    8    |
|----------|---------------------------|---------|---------|
|   trunc  |     trunc_ln114_fu_98     |    0    |    0    |
|----------|---------------------------|---------|---------|
|bitconcatenate| zext_ln114_11_cast_fu_102 |    0    |    0    |
|----------|---------------------------|---------|---------|
|   zext   |     zext_ln114_fu_110     |    0    |    0    |
|          |    zext_ln114_8_fu_121    |    0    |    0    |
|----------|---------------------------|---------|---------|
|   Total  |                           |    0    |    30   |
|----------|---------------------------|---------|---------|

Memories:
N/A

* Register list:
+---------------------+--------+
|                     |   FF   |
+---------------------+--------+
|   ct_addr_reg_153   |    4   |
|indvars_iv3_i_reg_138|    3   |
|   rk_addr_reg_148   |    8   |
+---------------------+--------+
|        Total        |   15   |
+---------------------+--------+

* Multiplexer (MUX) list: 
|------------------|------|------|------|--------||---------||---------|
|       Comp       |  Pin | Size |  BW  | S x BW ||  Delay  ||   LUT   |
|------------------|------|------|------|--------||---------||---------|
| grp_access_fu_66 |  p0  |   2  |   4  |    8   ||    9    |
| grp_access_fu_72 |  p0  |   2  |   8  |   16   ||    9    |
|------------------|------|------|------|--------||---------||---------|
|       Total      |      |      |      |   24   ||  3.176  ||    18   |
|------------------|------|------|------|--------||---------||---------|



* Summary:
+-----------+--------+--------+--------+
|           |  Delay |   FF   |   LUT  |
+-----------+--------+--------+--------+
|  Function |    -   |    0   |   30   |
|   Memory  |    -   |    -   |    -   |
|Multiplexer|    3   |    -   |   18   |
|  Register |    -   |   15   |    -   |
+-----------+--------+--------+--------+
|   Total   |    3   |   15   |   48   |
+-----------+--------+--------+--------+
