

================================================================
== Vitis HLS Report for 'clefia_enc_Pipeline_ByteXor_label22'
================================================================
* Date:           Tue Dec 13 15:28:35 2022

* Version:        2022.1 (Build 3526262 on Mon Apr 18 15:48:16 MDT 2022)
* Project:        enc_ip
* Solution:       solution1 (Vivado IP Flow Target)
* Product family: zynq
* Target device:  xc7z020-clg400-1


================================================================
== Performance Estimates
================================================================
+ Timing: 
    * Summary: 
    +--------+----------+----------+------------+
    |  Clock |  Target  | Estimated| Uncertainty|
    +--------+----------+----------+------------+
    |ap_clk  |  10.00 ns|  6.824 ns|     2.70 ns|
    +--------+----------+----------+------------+

+ Latency: 
    * Summary: 
    +---------+---------+-----------+-----------+-----+-----+---------+
    |  Latency (cycles) |   Latency (absolute)  |  Interval | Pipeline|
    |   min   |   max   |    min    |    max    | min | max |   Type  |
    +---------+---------+-----------+-----------+-----+-----+---------+
    |        7|        7|  70.000 ns|  70.000 ns|    7|    7|       no|
    +---------+---------+-----------+-----------+-----+-----+---------+

    + Detail: 
        * Instance: 
        N/A

        * Loop: 
        +------------------+---------+---------+----------+-----------+-----------+------+----------+
        |                  |  Latency (cycles) | Iteration|  Initiation Interval  | Trip |          |
        |     Loop Name    |   min   |   max   |  Latency |  achieved |   target  | Count| Pipelined|
        +------------------+---------+---------+----------+-----------+-----------+------+----------+
        |- ByteXor_label2  |        5|        5|         2|          1|          1|     4|       yes|
        +------------------+---------+---------+----------+-----------+-----------+------+----------+

============================================================
+ Verbose Summary: Synthesis Manager
============================================================
InlineROM: 1
ExposeGlobal: 0
============================================================
+ Verbose Summary: CDFG Model
============================================================
IsTopModel: 0
ResetActiveHigh: 1
IsCombinational: 0
IsDatapathOnly: 0
HasWiredReturn: 1
HasMFsm: 2
HasVarLatency: 1
IsPipeline: 0
IsRtlPipelined: 0
IsInstanceOverlapped: 0
IsDontTouch: 0
HasImplIP: 0
IsGatedGlobalClock: 0

+ Individual pipeline summary: 
  * Pipeline-0: initiation interval (II) = 1, depth = 3


============================================================
+ Verbose Summary: Schedule
============================================================
* Number of FSM states : 3
* Pipeline : 1
  Pipeline-0 : II = 1, D = 3, States = { 1 2 3 }
* Dataflow Pipeline: 0

* FSM state transitions: 
1 --> 2 
2 --> 3 
3 --> 

* FSM state operations: 

State 1 <SV = 0> <Delay = 1.58>
ST_1 : Operation 5 [1/1] (0.00ns)   --->   "%reuse_addr_reg = alloca i32 1"   --->   Operation 5 'alloca' 'reuse_addr_reg' <Predicate = true> <Delay = 0.00>
ST_1 : Operation 6 [1/1] (0.00ns)   --->   "%reuse_reg = alloca i32 1"   --->   Operation 6 'alloca' 'reuse_reg' <Predicate = true> <Delay = 0.00>
ST_1 : Operation 7 [1/1] (0.00ns)   --->   "%idx97_i = alloca i32 1"   --->   Operation 7 'alloca' 'idx97_i' <Predicate = true> <Delay = 0.00>
ST_1 : Operation 8 [1/1] (1.58ns)   --->   "%store_ln0 = store i2 0, i2 %idx97_i"   --->   Operation 8 'store' 'store_ln0' <Predicate = true> <Delay = 1.58>
ST_1 : Operation 9 [1/1] (1.58ns)   --->   "%store_ln0 = store i8 0, i8 %reuse_reg"   --->   Operation 9 'store' 'store_ln0' <Predicate = true> <Delay = 1.58>
ST_1 : Operation 10 [1/1] (1.58ns)   --->   "%store_ln0 = store i64 18446744073709551615, i64 %reuse_addr_reg"   --->   Operation 10 'store' 'store_ln0' <Predicate = true> <Delay = 1.58>
ST_1 : Operation 11 [1/1] (0.00ns)   --->   "%br_ln0 = br void %while.body.i28.i"   --->   Operation 11 'br' 'br_ln0' <Predicate = true> <Delay = 0.00>

State 2 <SV = 1> <Delay = 3.25>
ST_2 : Operation 12 [1/1] (0.00ns)   --->   "%idx97_i_load = load i2 %idx97_i" [src/enc.c:117]   --->   Operation 12 'load' 'idx97_i_load' <Predicate = true> <Delay = 0.00>
ST_2 : Operation 13 [1/1] (0.00ns)   --->   "%zext_ln114_2_cast = bitconcatenate i3 @_ssdm_op_BitConcatenate.i3.i1.i2, i1 1, i2 %idx97_i_load" [src/enc.c:114]   --->   Operation 13 'bitconcatenate' 'zext_ln114_2_cast' <Predicate = true> <Delay = 0.00>
ST_2 : Operation 14 [1/1] (0.00ns)   --->   "%zext_ln114 = zext i3 %zext_ln114_2_cast" [src/enc.c:114]   --->   Operation 14 'zext' 'zext_ln114' <Predicate = true> <Delay = 0.00>
ST_2 : Operation 15 [1/1] (0.00ns)   --->   "%rk_addr = getelementptr i8 %rk, i64 0, i64 %zext_ln114" [src/enc.c:114]   --->   Operation 15 'getelementptr' 'rk_addr' <Predicate = true> <Delay = 0.00>
ST_2 : Operation 16 [1/1] (0.00ns)   --->   "%sext_ln114 = sext i3 %zext_ln114_2_cast" [src/enc.c:114]   --->   Operation 16 'sext' 'sext_ln114' <Predicate = true> <Delay = 0.00>
ST_2 : Operation 17 [1/1] (0.00ns)   --->   "%zext_ln114_9 = zext i4 %sext_ln114" [src/enc.c:114]   --->   Operation 17 'zext' 'zext_ln114_9' <Predicate = true> <Delay = 0.00>
ST_2 : Operation 18 [1/1] (0.00ns)   --->   "%rin_addr = getelementptr i8 %rin, i64 0, i64 %zext_ln114_9" [src/enc.c:114]   --->   Operation 18 'getelementptr' 'rin_addr' <Predicate = true> <Delay = 0.00>
ST_2 : Operation 19 [1/1] (1.56ns)   --->   "%add_ln117 = add i2 %idx97_i_load, i2 1" [src/enc.c:117]   --->   Operation 19 'add' 'add_ln117' <Predicate = true> <Delay = 1.56> <CoreInst = "Adder">   --->   Core 1 'Adder' <Latency = 0> <II = 1> <Delay = 1.56> <FuncUnit> <Opcode : 'add' 'sub'> <InPorts = 2> <OutPorts = 1>
ST_2 : Operation 20 [1/1] (0.00ns)   --->   "%reuse_addr_reg_load = load i64 %reuse_addr_reg"   --->   Operation 20 'load' 'reuse_addr_reg_load' <Predicate = true> <Delay = 0.00>
ST_2 : Operation 21 [2/2] (2.32ns)   --->   "%rin_load = load i4 %rin_addr" [src/enc.c:117]   --->   Operation 21 'load' 'rin_load' <Predicate = true> <Delay = 2.32> <CoreInst = "RAM">   --->   Core 82 'RAM' <Latency = 1> <II = 1> <Delay = 2.32> <Storage> <Opcode : 'load' 'store'> <Ports = 2> <Width = 8> <Depth = 16> <RAM>
ST_2 : Operation 22 [1/1] (2.77ns)   --->   "%addr_cmp = icmp_eq  i64 %reuse_addr_reg_load, i64 %zext_ln114_9" [src/enc.c:114]   --->   Operation 22 'icmp' 'addr_cmp' <Predicate = true> <Delay = 2.77> <CoreInst = "Cmp">   --->   Core 9 'Cmp' <Latency = 0> <II = 1> <Delay = 2.77> <FuncUnit> <Opcode : 'icmp'> <InPorts = 2> <OutPorts = 1>
ST_2 : Operation 23 [2/2] (3.25ns)   --->   "%rk_load = load i8 %rk_addr" [src/enc.c:117]   --->   Operation 23 'load' 'rk_load' <Predicate = true> <Delay = 3.25> <CoreInst = "ROM">   --->   Core 95 'ROM' <Latency = 1> <II = 1> <Delay = 3.25> <Storage> <Opcode : 'load'> <Ports = 0> <Width = 8> <Depth = 160> <ROM>
ST_2 : Operation 24 [1/1] (1.58ns)   --->   "%store_ln114 = store i64 %zext_ln114_9, i64 %reuse_addr_reg" [src/enc.c:114]   --->   Operation 24 'store' 'store_ln114' <Predicate = true> <Delay = 1.58>
ST_2 : Operation 25 [1/1] (0.95ns)   --->   "%icmp_ln116 = icmp_eq  i2 %idx97_i_load, i2 3" [src/enc.c:116]   --->   Operation 25 'icmp' 'icmp_ln116' <Predicate = true> <Delay = 0.95> <CoreInst = "Cmp">   --->   Core 9 'Cmp' <Latency = 0> <II = 1> <Delay = 0.95> <FuncUnit> <Opcode : 'icmp'> <InPorts = 2> <OutPorts = 1>
ST_2 : Operation 26 [1/1] (0.00ns)   --->   "%br_ln116 = br i1 %icmp_ln116, void %while.body.i28.i.while.body.i28.i_crit_edge, void %while.body.i.i.i.preheader.exitStub" [src/enc.c:116]   --->   Operation 26 'br' 'br_ln116' <Predicate = true> <Delay = 0.00>
ST_2 : Operation 27 [1/1] (1.58ns)   --->   "%store_ln116 = store i2 %add_ln117, i2 %idx97_i" [src/enc.c:116]   --->   Operation 27 'store' 'store_ln116' <Predicate = (!icmp_ln116)> <Delay = 1.58>
ST_2 : Operation 28 [1/1] (0.00ns)   --->   "%br_ln116 = br void %while.body.i28.i" [src/enc.c:116]   --->   Operation 28 'br' 'br_ln116' <Predicate = (!icmp_ln116)> <Delay = 0.00>

State 3 <SV = 2> <Delay = 6.82>
ST_3 : Operation 29 [1/1] (0.00ns)   --->   "%specpipeline_ln0 = specpipeline void @_ssdm_op_SpecPipeline, i32 4294967295, i32 0, i32 1, i32 0, void @p_str"   --->   Operation 29 'specpipeline' 'specpipeline_ln0' <Predicate = true> <Delay = 0.00>
ST_3 : Operation 30 [1/1] (0.00ns)   --->   "%specloopname_ln114 = specloopname void @_ssdm_op_SpecLoopName, void @empty_5" [src/enc.c:114]   --->   Operation 30 'specloopname' 'specloopname_ln114' <Predicate = true> <Delay = 0.00>
ST_3 : Operation 31 [1/1] (0.00ns)   --->   "%reuse_reg_load = load i8 %reuse_reg"   --->   Operation 31 'load' 'reuse_reg_load' <Predicate = (addr_cmp)> <Delay = 0.00>
ST_3 : Operation 32 [1/2] (2.32ns)   --->   "%rin_load = load i4 %rin_addr" [src/enc.c:117]   --->   Operation 32 'load' 'rin_load' <Predicate = true> <Delay = 2.32> <CoreInst = "RAM">   --->   Core 82 'RAM' <Latency = 1> <II = 1> <Delay = 2.32> <Storage> <Opcode : 'load' 'store'> <Ports = 2> <Width = 8> <Depth = 16> <RAM>
ST_3 : Operation 33 [1/1] (0.00ns) (grouped into LUT with out node xor_ln117_1)   --->   "%reuse_select = select i1 %addr_cmp, i8 %reuse_reg_load, i8 %rin_load" [src/enc.c:114]   --->   Operation 33 'select' 'reuse_select' <Predicate = true> <Delay = 0.00> <CoreInst = "Sel">   --->   Core 73 'Sel' <Latency = 0> <II = 1> <Delay = 1.24> <FuncUnit> <Opcode : 'select'> <InPorts = 3> <OutPorts = 1>
ST_3 : Operation 34 [1/2] (3.25ns)   --->   "%rk_load = load i8 %rk_addr" [src/enc.c:117]   --->   Operation 34 'load' 'rk_load' <Predicate = true> <Delay = 3.25> <CoreInst = "ROM">   --->   Core 95 'ROM' <Latency = 1> <II = 1> <Delay = 3.25> <Storage> <Opcode : 'load'> <Ports = 0> <Width = 8> <Depth = 160> <ROM>
ST_3 : Operation 35 [1/1] (1.24ns) (out node of the LUT)   --->   "%xor_ln117_1 = xor i8 %rk_load, i8 %reuse_select" [src/enc.c:117]   --->   Operation 35 'xor' 'xor_ln117_1' <Predicate = true> <Delay = 1.24> <CoreInst = "LogicGate">   --->   Core 74 'LogicGate' <Latency = 0> <II = 1> <Delay = 0.99> <FuncUnit> <Opcode : 'and' 'or' 'xor'> <InPorts = 2> <OutPorts = 1>
ST_3 : Operation 36 [1/1] (2.32ns)   --->   "%store_ln117 = store i8 %xor_ln117_1, i4 %rin_addr" [src/enc.c:117]   --->   Operation 36 'store' 'store_ln117' <Predicate = true> <Delay = 2.32> <CoreInst = "RAM">   --->   Core 82 'RAM' <Latency = 1> <II = 1> <Delay = 2.32> <Storage> <Opcode : 'load' 'store'> <Ports = 2> <Width = 8> <Depth = 16> <RAM>
ST_3 : Operation 37 [1/1] (1.58ns)   --->   "%store_ln117 = store i8 %xor_ln117_1, i8 %reuse_reg" [src/enc.c:117]   --->   Operation 37 'store' 'store_ln117' <Predicate = true> <Delay = 1.58>
ST_3 : Operation 38 [1/1] (0.00ns)   --->   "%empty = speclooptripcount i32 @_ssdm_op_SpecLoopTripCount, i64 4, i64 4, i64 4"   --->   Operation 38 'speclooptripcount' 'empty' <Predicate = true> <Delay = 0.00>
ST_3 : Operation 39 [1/1] (0.00ns)   --->   "%ret_ln0 = ret"   --->   Operation 39 'ret' 'ret_ln0' <Predicate = (icmp_ln116)> <Delay = 0.00>


============================================================
+ Verbose Summary: Binding
============================================================
STG Binding: 
---------------- STG Properties BEGIN ----------------
- Is combinational: 0
- Is one-state seq: 0
- Is datapath-only: 0
- Is pipelined: 0
- Is top level: 0
Port [ Return ] is wired: 1; IO mode=ap_ctrl_hs:ce=0
Port [ rin]:  wired=1; compound=1; hidden=0; nouse=0; global=0; static=0; extern=0; dir=2; type=1; pingpong=0; private_global=0; MemPort=[01]; IO mode=ap_memory:ce=0
Port [ rk]:  wired=0; compound=1; hidden=1; nouse=0; global=1; static=1; extern=0; dir=0; type=1; pingpong=0; private_global=0; MemPort=[1]; IO mode=ap_memory:ce=0
---------------- STG Properties END ------------------

---------------- Datapath Model BEGIN ----------------

<LifeTime>
<method=bitvector/>
reuse_addr_reg      (alloca           ) [ 0110]
reuse_reg           (alloca           ) [ 0111]
idx97_i             (alloca           ) [ 0110]
store_ln0           (store            ) [ 0000]
store_ln0           (store            ) [ 0000]
store_ln0           (store            ) [ 0000]
br_ln0              (br               ) [ 0000]
idx97_i_load        (load             ) [ 0000]
zext_ln114_2_cast   (bitconcatenate   ) [ 0000]
zext_ln114          (zext             ) [ 0000]
rk_addr             (getelementptr    ) [ 0101]
sext_ln114          (sext             ) [ 0000]
zext_ln114_9        (zext             ) [ 0000]
rin_addr            (getelementptr    ) [ 0101]
add_ln117           (add              ) [ 0000]
reuse_addr_reg_load (load             ) [ 0000]
addr_cmp            (icmp             ) [ 0101]
store_ln114         (store            ) [ 0000]
icmp_ln116          (icmp             ) [ 0111]
br_ln116            (br               ) [ 0000]
store_ln116         (store            ) [ 0000]
br_ln116            (br               ) [ 0000]
specpipeline_ln0    (specpipeline     ) [ 0000]
specloopname_ln114  (specloopname     ) [ 0000]
reuse_reg_load      (load             ) [ 0000]
rin_load            (load             ) [ 0000]
reuse_select        (select           ) [ 0000]
rk_load             (load             ) [ 0000]
xor_ln117_1         (xor              ) [ 0000]
store_ln117         (store            ) [ 0000]
store_ln117         (store            ) [ 0000]
empty               (speclooptripcount) [ 0000]
ret_ln0             (ret              ) [ 0000]
</LifeTime>

<model>

<comp_list>
<comp id="0" class="1000" name="rin">
<pin_list>
<pin id="1" dir="1" index="0" bw="1" slack="0"/>
</pin_list>
<bind>
<StgValue><ssdm name="rin"/><MemPortTyVec>0 1 </MemPortTyVec>
</StgValue>
</bind>
</comp>

<comp id="2" class="1000" name="rk">
<pin_list>
<pin id="3" dir="1" index="0" bw="1" slack="0"/>
</pin_list>
<bind>
<StgValue><ssdm name="rk"/><MemPortTyVec>1 </MemPortTyVec>
</StgValue>
</bind>
</comp>

<comp id="4" class="1001" name="const_4">
<pin_list>
<pin id="5" dir="1" index="0" bw="1" slack="0"/>
</pin_list>
<bind>
<StgValue><ssdm name=""/></StgValue>
</bind>
</comp>

<comp id="6" class="1001" name="const_6">
<pin_list>
<pin id="7" dir="1" index="0" bw="1" slack="0"/>
</pin_list>
<bind>
<StgValue><ssdm name=""/></StgValue>
</bind>
</comp>

<comp id="8" class="1001" name="const_8">
<pin_list>
<pin id="9" dir="1" index="0" bw="1" slack="0"/>
</pin_list>
<bind>
<StgValue><ssdm name=""/></StgValue>
</bind>
</comp>

<comp id="10" class="1001" name="const_10">
<pin_list>
<pin id="11" dir="1" index="0" bw="1" slack="0"/>
</pin_list>
<bind>
<StgValue><ssdm name=""/></StgValue>
</bind>
</comp>

<comp id="12" class="1001" name="const_12">
<pin_list>
<pin id="13" dir="1" index="0" bw="1" slack="0"/>
</pin_list>
<bind>
<StgValue><ssdm name="_ssdm_op_BitConcatenate.i3.i1.i2"/></StgValue>
</bind>
</comp>

<comp id="14" class="1001" name="const_14">
<pin_list>
<pin id="15" dir="1" index="0" bw="1" slack="0"/>
</pin_list>
<bind>
<StgValue><ssdm name=""/></StgValue>
</bind>
</comp>

<comp id="16" class="1001" name="const_16">
<pin_list>
<pin id="17" dir="1" index="0" bw="1" slack="0"/>
</pin_list>
<bind>
<StgValue><ssdm name=""/></StgValue>
</bind>
</comp>

<comp id="18" class="1001" name="const_18">
<pin_list>
<pin id="19" dir="1" index="0" bw="1" slack="0"/>
</pin_list>
<bind>
<StgValue><ssdm name=""/></StgValue>
</bind>
</comp>

<comp id="20" class="1001" name="const_20">
<pin_list>
<pin id="21" dir="1" index="0" bw="1" slack="0"/>
</pin_list>
<bind>
<StgValue><ssdm name=""/></StgValue>
</bind>
</comp>

<comp id="22" class="1001" name="const_22">
<pin_list>
<pin id="23" dir="1" index="0" bw="1" slack="2147483647"/>
</pin_list>
<bind>
<StgValue><ssdm name="_ssdm_op_SpecPipeline"/></StgValue>
</bind>
</comp>

<comp id="24" class="1001" name="const_24">
<pin_list>
<pin id="25" dir="1" index="0" bw="1" slack="2147483647"/>
</pin_list>
<bind>
<StgValue><ssdm name=""/></StgValue>
</bind>
</comp>

<comp id="26" class="1001" name="const_26">
<pin_list>
<pin id="27" dir="1" index="0" bw="1" slack="2147483647"/>
</pin_list>
<bind>
<StgValue><ssdm name=""/></StgValue>
</bind>
</comp>

<comp id="28" class="1001" name="const_28">
<pin_list>
<pin id="29" dir="1" index="0" bw="1" slack="2147483647"/>
</pin_list>
<bind>
<StgValue><ssdm name="p_str"/></StgValue>
</bind>
</comp>

<comp id="30" class="1001" name="const_30">
<pin_list>
<pin id="31" dir="1" index="0" bw="1" slack="2147483647"/>
</pin_list>
<bind>
<StgValue><ssdm name="_ssdm_op_SpecLoopName"/></StgValue>
</bind>
</comp>

<comp id="32" class="1001" name="const_32">
<pin_list>
<pin id="33" dir="1" index="0" bw="1" slack="2147483647"/>
</pin_list>
<bind>
<StgValue><ssdm name="empty_5"/></StgValue>
</bind>
</comp>

<comp id="34" class="1001" name="const_34">
<pin_list>
<pin id="35" dir="1" index="0" bw="1" slack="2147483647"/>
</pin_list>
<bind>
<StgValue><ssdm name="_ssdm_op_SpecLoopTripCount"/></StgValue>
</bind>
</comp>

<comp id="36" class="1001" name="const_36">
<pin_list>
<pin id="37" dir="1" index="0" bw="1" slack="2147483647"/>
</pin_list>
<bind>
<StgValue><ssdm name=""/></StgValue>
</bind>
</comp>

<comp id="38" class="1004" name="reuse_addr_reg_fu_38">
<pin_list>
<pin id="39" dir="0" index="0" bw="1" slack="0"/>
<pin id="40" dir="1" index="1" bw="64" slack="0"/>
</pin_list>
<bind>
<opcode="alloca(26) " fcode="alloca"/>
<opset="reuse_addr_reg/1 "/>
</bind>
</comp>

<comp id="42" class="1004" name="reuse_reg_fu_42">
<pin_list>
<pin id="43" dir="0" index="0" bw="1" slack="0"/>
<pin id="44" dir="1" index="1" bw="8" slack="0"/>
</pin_list>
<bind>
<opcode="alloca(26) " fcode="alloca"/>
<opset="reuse_reg/1 "/>
</bind>
</comp>

<comp id="46" class="1004" name="idx97_i_fu_46">
<pin_list>
<pin id="47" dir="0" index="0" bw="1" slack="0"/>
<pin id="48" dir="1" index="1" bw="2" slack="0"/>
</pin_list>
<bind>
<opcode="alloca(26) " fcode="alloca"/>
<opset="idx97_i/1 "/>
</bind>
</comp>

<comp id="50" class="1004" name="rk_addr_gep_fu_50">
<pin_list>
<pin id="51" dir="0" index="0" bw="8" slack="0"/>
<pin id="52" dir="0" index="1" bw="1" slack="0"/>
<pin id="53" dir="0" index="2" bw="3" slack="0"/>
<pin id="54" dir="1" index="3" bw="8" slack="0"/>
</pin_list>
<bind>
<opcode="getelementptr(29) " fcode="getelementptr"/>
<opset="rk_addr/2 "/>
</bind>
</comp>

<comp id="57" class="1004" name="rin_addr_gep_fu_57">
<pin_list>
<pin id="58" dir="0" index="0" bw="8" slack="0"/>
<pin id="59" dir="0" index="1" bw="1" slack="0"/>
<pin id="60" dir="0" index="2" bw="4" slack="0"/>
<pin id="61" dir="1" index="3" bw="4" slack="0"/>
</pin_list>
<bind>
<opcode="getelementptr(29) " fcode="getelementptr"/>
<opset="rin_addr/2 "/>
</bind>
</comp>

<comp id="64" class="1004" name="grp_access_fu_64">
<pin_list>
<pin id="65" dir="0" index="0" bw="4" slack="1"/>
<pin id="66" dir="0" index="1" bw="8" slack="0"/>
<pin id="67" dir="0" index="2" bw="0" slack="0"/>
<pin id="69" dir="0" index="4" bw="4" slack="2147483647"/>
<pin id="70" dir="0" index="5" bw="8" slack="2147483647"/>
<pin id="71" dir="0" index="6" bw="0" slack="2147483647"/>
<pin id="68" dir="1" index="3" bw="8" slack="2147483647"/>
<pin id="72" dir="1" index="7" bw="8" slack="0"/>
</pin_list>
<bind>
<opcode="load(27) store(28) " fcode="store"/>
<opset="rin_load/2 store_ln117/3 "/>
</bind>
</comp>

<comp id="74" class="1004" name="grp_access_fu_74">
<pin_list>
<pin id="75" dir="0" index="0" bw="8" slack="0"/>
<pin id="76" dir="0" index="1" bw="8" slack="2147483647"/>
<pin id="77" dir="0" index="2" bw="0" slack="2147483647"/>
<pin id="78" dir="1" index="3" bw="8" slack="0"/>
</pin_list>
<bind>
<opcode="load(27) " fcode="load"/>
<opset="rk_load/2 "/>
</bind>
</comp>

<comp id="80" class="1004" name="store_ln0_store_fu_80">
<pin_list>
<pin id="81" dir="0" index="0" bw="1" slack="0"/>
<pin id="82" dir="0" index="1" bw="2" slack="0"/>
<pin id="83" dir="1" index="2" bw="0" slack="2147483647"/>
</pin_list>
<bind>
<opcode="store(28) " fcode="store"/>
<opset="store_ln0/1 "/>
</bind>
</comp>

<comp id="85" class="1004" name="store_ln0_store_fu_85">
<pin_list>
<pin id="86" dir="0" index="0" bw="1" slack="0"/>
<pin id="87" dir="0" index="1" bw="8" slack="0"/>
<pin id="88" dir="1" index="2" bw="0" slack="2147483647"/>
</pin_list>
<bind>
<opcode="store(28) " fcode="store"/>
<opset="store_ln0/1 "/>
</bind>
</comp>

<comp id="90" class="1004" name="store_ln0_store_fu_90">
<pin_list>
<pin id="91" dir="0" index="0" bw="1" slack="0"/>
<pin id="92" dir="0" index="1" bw="64" slack="0"/>
<pin id="93" dir="1" index="2" bw="0" slack="2147483647"/>
</pin_list>
<bind>
<opcode="store(28) " fcode="store"/>
<opset="store_ln0/1 "/>
</bind>
</comp>

<comp id="95" class="1004" name="idx97_i_load_load_fu_95">
<pin_list>
<pin id="96" dir="0" index="0" bw="2" slack="1"/>
<pin id="97" dir="1" index="1" bw="2" slack="0"/>
</pin_list>
<bind>
<opcode="load(27) " fcode="load"/>
<opset="idx97_i_load/2 "/>
</bind>
</comp>

<comp id="98" class="1004" name="zext_ln114_2_cast_fu_98">
<pin_list>
<pin id="99" dir="0" index="0" bw="3" slack="0"/>
<pin id="100" dir="0" index="1" bw="1" slack="0"/>
<pin id="101" dir="0" index="2" bw="2" slack="0"/>
<pin id="102" dir="1" index="3" bw="3" slack="0"/>
</pin_list>
<bind>
<opcode="bitconcatenate(1004) " fcode="bitconcatenate"/>
<opset="zext_ln114_2_cast/2 "/>
</bind>
</comp>

<comp id="106" class="1004" name="zext_ln114_fu_106">
<pin_list>
<pin id="107" dir="0" index="0" bw="3" slack="0"/>
<pin id="108" dir="1" index="1" bw="64" slack="0"/>
</pin_list>
<bind>
<opcode="zext(34) " fcode="zext"/>
<opset="zext_ln114/2 "/>
</bind>
</comp>

<comp id="111" class="1004" name="sext_ln114_fu_111">
<pin_list>
<pin id="112" dir="0" index="0" bw="3" slack="0"/>
<pin id="113" dir="1" index="1" bw="4" slack="0"/>
</pin_list>
<bind>
<opcode="sext(35) " fcode="sext"/>
<opset="sext_ln114/2 "/>
</bind>
</comp>

<comp id="115" class="1004" name="zext_ln114_9_fu_115">
<pin_list>
<pin id="116" dir="0" index="0" bw="3" slack="0"/>
<pin id="117" dir="1" index="1" bw="64" slack="0"/>
</pin_list>
<bind>
<opcode="zext(34) " fcode="zext"/>
<opset="zext_ln114_9/2 "/>
</bind>
</comp>

<comp id="120" class="1004" name="add_ln117_fu_120">
<pin_list>
<pin id="121" dir="0" index="0" bw="2" slack="0"/>
<pin id="122" dir="0" index="1" bw="1" slack="0"/>
<pin id="123" dir="1" index="2" bw="2" slack="0"/>
</pin_list>
<bind>
<opcode="add(8) " fcode="add"/>
<opset="add_ln117/2 "/>
</bind>
</comp>

<comp id="126" class="1004" name="reuse_addr_reg_load_load_fu_126">
<pin_list>
<pin id="127" dir="0" index="0" bw="64" slack="1"/>
<pin id="128" dir="1" index="1" bw="64" slack="0"/>
</pin_list>
<bind>
<opcode="load(27) " fcode="load"/>
<opset="reuse_addr_reg_load/2 "/>
</bind>
</comp>

<comp id="129" class="1004" name="addr_cmp_fu_129">
<pin_list>
<pin id="130" dir="0" index="0" bw="64" slack="0"/>
<pin id="131" dir="0" index="1" bw="4" slack="0"/>
<pin id="132" dir="1" index="2" bw="1" slack="1"/>
</pin_list>
<bind>
<opcode="icmp(45) " fcode="icmp"/>
<opset="addr_cmp/2 "/>
</bind>
</comp>

<comp id="135" class="1004" name="store_ln114_store_fu_135">
<pin_list>
<pin id="136" dir="0" index="0" bw="4" slack="0"/>
<pin id="137" dir="0" index="1" bw="64" slack="1"/>
<pin id="138" dir="1" index="2" bw="0" slack="2147483647"/>
</pin_list>
<bind>
<opcode="store(28) " fcode="store"/>
<opset="store_ln114/2 "/>
</bind>
</comp>

<comp id="140" class="1004" name="icmp_ln116_fu_140">
<pin_list>
<pin id="141" dir="0" index="0" bw="2" slack="0"/>
<pin id="142" dir="0" index="1" bw="1" slack="0"/>
<pin id="143" dir="1" index="2" bw="1" slack="1"/>
</pin_list>
<bind>
<opcode="icmp(45) " fcode="icmp"/>
<opset="icmp_ln116/2 "/>
</bind>
</comp>

<comp id="146" class="1004" name="store_ln116_store_fu_146">
<pin_list>
<pin id="147" dir="0" index="0" bw="2" slack="0"/>
<pin id="148" dir="0" index="1" bw="2" slack="1"/>
<pin id="149" dir="1" index="2" bw="0" slack="2147483647"/>
</pin_list>
<bind>
<opcode="store(28) " fcode="store"/>
<opset="store_ln116/2 "/>
</bind>
</comp>

<comp id="151" class="1004" name="reuse_reg_load_load_fu_151">
<pin_list>
<pin id="152" dir="0" index="0" bw="8" slack="2"/>
<pin id="153" dir="1" index="1" bw="8" slack="0"/>
</pin_list>
<bind>
<opcode="load(27) " fcode="load"/>
<opset="reuse_reg_load/3 "/>
</bind>
</comp>

<comp id="154" class="1004" name="reuse_select_fu_154">
<pin_list>
<pin id="155" dir="0" index="0" bw="1" slack="1"/>
<pin id="156" dir="0" index="1" bw="8" slack="0"/>
<pin id="157" dir="0" index="2" bw="8" slack="0"/>
<pin id="158" dir="1" index="3" bw="8" slack="0"/>
</pin_list>
<bind>
<opcode="select(49) " fcode="select"/>
<opset="reuse_select/3 "/>
</bind>
</comp>

<comp id="161" class="1004" name="xor_ln117_1_fu_161">
<pin_list>
<pin id="162" dir="0" index="0" bw="8" slack="0"/>
<pin id="163" dir="0" index="1" bw="8" slack="0"/>
<pin id="164" dir="1" index="2" bw="8" slack="0"/>
</pin_list>
<bind>
<opcode="xor(25) " fcode="xor"/>
<opset="xor_ln117_1/3 "/>
</bind>
</comp>

<comp id="168" class="1004" name="store_ln117_store_fu_168">
<pin_list>
<pin id="169" dir="0" index="0" bw="8" slack="0"/>
<pin id="170" dir="0" index="1" bw="8" slack="2"/>
<pin id="171" dir="1" index="2" bw="0" slack="2147483647"/>
</pin_list>
<bind>
<opcode="store(28) " fcode="store"/>
<opset="store_ln117/3 "/>
</bind>
</comp>

<comp id="173" class="1005" name="reuse_addr_reg_reg_173">
<pin_list>
<pin id="174" dir="0" index="0" bw="64" slack="0"/>
<pin id="175" dir="1" index="1" bw="64" slack="0"/>
</pin_list>
<bind>
<opset="reuse_addr_reg "/>
</bind>
</comp>

<comp id="180" class="1005" name="reuse_reg_reg_180">
<pin_list>
<pin id="181" dir="0" index="0" bw="8" slack="0"/>
<pin id="182" dir="1" index="1" bw="8" slack="0"/>
</pin_list>
<bind>
<opset="reuse_reg "/>
</bind>
</comp>

<comp id="187" class="1005" name="idx97_i_reg_187">
<pin_list>
<pin id="188" dir="0" index="0" bw="2" slack="0"/>
<pin id="189" dir="1" index="1" bw="2" slack="0"/>
</pin_list>
<bind>
<opset="idx97_i "/>
</bind>
</comp>

<comp id="194" class="1005" name="rk_addr_reg_194">
<pin_list>
<pin id="195" dir="0" index="0" bw="8" slack="1"/>
<pin id="196" dir="1" index="1" bw="8" slack="1"/>
</pin_list>
<bind>
<opset="rk_addr "/>
</bind>
</comp>

<comp id="199" class="1005" name="rin_addr_reg_199">
<pin_list>
<pin id="200" dir="0" index="0" bw="4" slack="1"/>
<pin id="201" dir="1" index="1" bw="4" slack="1"/>
</pin_list>
<bind>
<opset="rin_addr "/>
</bind>
</comp>

<comp id="205" class="1005" name="addr_cmp_reg_205">
<pin_list>
<pin id="206" dir="0" index="0" bw="1" slack="1"/>
<pin id="207" dir="1" index="1" bw="1" slack="1"/>
</pin_list>
<bind>
<opset="addr_cmp "/>
</bind>
</comp>

<comp id="210" class="1005" name="icmp_ln116_reg_210">
<pin_list>
<pin id="211" dir="0" index="0" bw="1" slack="1"/>
<pin id="212" dir="1" index="1" bw="1" slack="2147483647"/>
</pin_list>
<bind>
<opset="icmp_ln116 "/>
</bind>
</comp>

</comp_list>

<net_list>
<net id="41"><net_src comp="4" pin="0"/><net_sink comp="38" pin=0"/></net>

<net id="45"><net_src comp="4" pin="0"/><net_sink comp="42" pin=0"/></net>

<net id="49"><net_src comp="4" pin="0"/><net_sink comp="46" pin=0"/></net>

<net id="55"><net_src comp="2" pin="0"/><net_sink comp="50" pin=0"/></net>

<net id="56"><net_src comp="16" pin="0"/><net_sink comp="50" pin=1"/></net>

<net id="62"><net_src comp="0" pin="0"/><net_sink comp="57" pin=0"/></net>

<net id="63"><net_src comp="16" pin="0"/><net_sink comp="57" pin=1"/></net>

<net id="73"><net_src comp="57" pin="3"/><net_sink comp="64" pin=2"/></net>

<net id="79"><net_src comp="50" pin="3"/><net_sink comp="74" pin=0"/></net>

<net id="84"><net_src comp="6" pin="0"/><net_sink comp="80" pin=0"/></net>

<net id="89"><net_src comp="8" pin="0"/><net_sink comp="85" pin=0"/></net>

<net id="94"><net_src comp="10" pin="0"/><net_sink comp="90" pin=0"/></net>

<net id="103"><net_src comp="12" pin="0"/><net_sink comp="98" pin=0"/></net>

<net id="104"><net_src comp="14" pin="0"/><net_sink comp="98" pin=1"/></net>

<net id="105"><net_src comp="95" pin="1"/><net_sink comp="98" pin=2"/></net>

<net id="109"><net_src comp="98" pin="3"/><net_sink comp="106" pin=0"/></net>

<net id="110"><net_src comp="106" pin="1"/><net_sink comp="50" pin=2"/></net>

<net id="114"><net_src comp="98" pin="3"/><net_sink comp="111" pin=0"/></net>

<net id="118"><net_src comp="111" pin="1"/><net_sink comp="115" pin=0"/></net>

<net id="119"><net_src comp="115" pin="1"/><net_sink comp="57" pin=2"/></net>

<net id="124"><net_src comp="95" pin="1"/><net_sink comp="120" pin=0"/></net>

<net id="125"><net_src comp="18" pin="0"/><net_sink comp="120" pin=1"/></net>

<net id="133"><net_src comp="126" pin="1"/><net_sink comp="129" pin=0"/></net>

<net id="134"><net_src comp="115" pin="1"/><net_sink comp="129" pin=1"/></net>

<net id="139"><net_src comp="115" pin="1"/><net_sink comp="135" pin=0"/></net>

<net id="144"><net_src comp="95" pin="1"/><net_sink comp="140" pin=0"/></net>

<net id="145"><net_src comp="20" pin="0"/><net_sink comp="140" pin=1"/></net>

<net id="150"><net_src comp="120" pin="2"/><net_sink comp="146" pin=0"/></net>

<net id="159"><net_src comp="151" pin="1"/><net_sink comp="154" pin=1"/></net>

<net id="160"><net_src comp="64" pin="7"/><net_sink comp="154" pin=2"/></net>

<net id="165"><net_src comp="74" pin="3"/><net_sink comp="161" pin=0"/></net>

<net id="166"><net_src comp="154" pin="3"/><net_sink comp="161" pin=1"/></net>

<net id="167"><net_src comp="161" pin="2"/><net_sink comp="64" pin=1"/></net>

<net id="172"><net_src comp="161" pin="2"/><net_sink comp="168" pin=0"/></net>

<net id="176"><net_src comp="38" pin="1"/><net_sink comp="173" pin=0"/></net>

<net id="177"><net_src comp="173" pin="1"/><net_sink comp="90" pin=1"/></net>

<net id="178"><net_src comp="173" pin="1"/><net_sink comp="126" pin=0"/></net>

<net id="179"><net_src comp="173" pin="1"/><net_sink comp="135" pin=1"/></net>

<net id="183"><net_src comp="42" pin="1"/><net_sink comp="180" pin=0"/></net>

<net id="184"><net_src comp="180" pin="1"/><net_sink comp="85" pin=1"/></net>

<net id="185"><net_src comp="180" pin="1"/><net_sink comp="151" pin=0"/></net>

<net id="186"><net_src comp="180" pin="1"/><net_sink comp="168" pin=1"/></net>

<net id="190"><net_src comp="46" pin="1"/><net_sink comp="187" pin=0"/></net>

<net id="191"><net_src comp="187" pin="1"/><net_sink comp="80" pin=1"/></net>

<net id="192"><net_src comp="187" pin="1"/><net_sink comp="95" pin=0"/></net>

<net id="193"><net_src comp="187" pin="1"/><net_sink comp="146" pin=1"/></net>

<net id="197"><net_src comp="50" pin="3"/><net_sink comp="194" pin=0"/></net>

<net id="198"><net_src comp="194" pin="1"/><net_sink comp="74" pin=0"/></net>

<net id="202"><net_src comp="57" pin="3"/><net_sink comp="199" pin=0"/></net>

<net id="203"><net_src comp="199" pin="1"/><net_sink comp="64" pin=2"/></net>

<net id="204"><net_src comp="199" pin="1"/><net_sink comp="64" pin=0"/></net>

<net id="208"><net_src comp="129" pin="2"/><net_sink comp="205" pin=0"/></net>

<net id="209"><net_src comp="205" pin="1"/><net_sink comp="154" pin=0"/></net>

<net id="213"><net_src comp="140" pin="2"/><net_sink comp="210" pin=0"/></net>

</net_list>

</model> 
---------------- Datapath Model END ------------------

* FSMD analyzer results:
  - Output states:
	Port: rin | {3 }
 - Input state : 
	Port: clefia_enc_Pipeline_ByteXor_label22 : rin | {2 3 }
	Port: clefia_enc_Pipeline_ByteXor_label22 : rk | {2 3 }
  - Chain level:
	State 1
		store_ln0 : 1
		store_ln0 : 1
		store_ln0 : 1
	State 2
		zext_ln114_2_cast : 1
		zext_ln114 : 2
		rk_addr : 3
		sext_ln114 : 2
		zext_ln114_9 : 3
		rin_addr : 4
		add_ln117 : 1
		rin_load : 5
		addr_cmp : 4
		rk_load : 4
		store_ln114 : 4
		icmp_ln116 : 1
		br_ln116 : 2
		store_ln116 : 2
	State 3
		reuse_select : 1
		xor_ln117_1 : 2
		store_ln117 : 2
		store_ln117 : 2


============================================================
+ Verbose Summary: Datapath Resource usage 
============================================================

* Functional unit list:
|----------|-------------------------|---------|---------|
| Operation|     Functional Unit     |    FF   |   LUT   |
|----------|-------------------------|---------|---------|
|   icmp   |     addr_cmp_fu_129     |    0    |    29   |
|          |    icmp_ln116_fu_140    |    0    |    8    |
|----------|-------------------------|---------|---------|
|    add   |     add_ln117_fu_120    |    0    |    10   |
|----------|-------------------------|---------|---------|
|  select  |   reuse_select_fu_154   |    0    |    8    |
|----------|-------------------------|---------|---------|
|    xor   |    xor_ln117_1_fu_161   |    0    |    8    |
|----------|-------------------------|---------|---------|
|bitconcatenate| zext_ln114_2_cast_fu_98 |    0    |    0    |
|----------|-------------------------|---------|---------|
|   zext   |    zext_ln114_fu_106    |    0    |    0    |
|          |   zext_ln114_9_fu_115   |    0    |    0    |
|----------|-------------------------|---------|---------|
|   sext   |    sext_ln114_fu_111    |    0    |    0    |
|----------|-------------------------|---------|---------|
|   Total  |                         |    0    |    63   |
|----------|-------------------------|---------|---------|

Memories:
N/A

* Register list:
+----------------------+--------+
|                      |   FF   |
+----------------------+--------+
|   addr_cmp_reg_205   |    1   |
|  icmp_ln116_reg_210  |    1   |
|    idx97_i_reg_187   |    2   |
|reuse_addr_reg_reg_173|   64   |
|   reuse_reg_reg_180  |    8   |
|   rin_addr_reg_199   |    4   |
|    rk_addr_reg_194   |    8   |
+----------------------+--------+
|         Total        |   88   |
+----------------------+--------+

* Multiplexer (MUX) list: 
|------------------|------|------|------|--------||---------||---------|
|       Comp       |  Pin | Size |  BW  | S x BW ||  Delay  ||   LUT   |
|------------------|------|------|------|--------||---------||---------|
| grp_access_fu_64 |  p2  |   2  |   0  |    0   ||    9    |
| grp_access_fu_74 |  p0  |   2  |   8  |   16   ||    9    |
|------------------|------|------|------|--------||---------||---------|
|       Total      |      |      |      |   16   ||  3.176  ||    18   |
|------------------|------|------|------|--------||---------||---------|



* Summary:
+-----------+--------+--------+--------+
|           |  Delay |   FF   |   LUT  |
+-----------+--------+--------+--------+
|  Function |    -   |    0   |   63   |
|   Memory  |    -   |    -   |    -   |
|Multiplexer|    3   |    -   |   18   |
|  Register |    -   |   88   |    -   |
+-----------+--------+--------+--------+
|   Total   |    3   |   88   |   81   |
+-----------+--------+--------+--------+
