Copyright 1986-2022 Xilinx, Inc. All Rights Reserved.
-----------------------------------------------------------------------------------------------
| Tool Version : Vivado v.2022.1 (win64) Build 3526262 Mon Apr 18 15:48:16 MDT 2022
| Date         : Mon Dec 26 14:47:36 2022
| Host         : DESKTOP-CTM6DMJ running 64-bit major release  (build 9200)
| Command      : report_control_sets -verbose -file design_enc_wrapper_control_sets_placed.rpt
| Design       : design_enc_wrapper
| Device       : xc7z020
-----------------------------------------------------------------------------------------------

Control Set Information

Table of Contents
-----------------
1. Summary
2. Histogram
3. Flip-Flop Distribution
4. Detailed Control Set Information

1. Summary
----------

+----------------------------------------------------------+-------+
|                          Status                          | Count |
+----------------------------------------------------------+-------+
| Total control sets                                       |   201 |
|    Minimum number of control sets                        |   201 |
|    Addition due to synthesis replication                 |     0 |
|    Addition due to physical synthesis replication        |     0 |
| Unused register locations in slices containing registers |   225 |
+----------------------------------------------------------+-------+
* Control sets can be merged at opt_design using control_set_merge or merge_equivalent_drivers
** Run report_qor_suggestions for automated merging and remapping suggestions


2. Histogram
------------

+--------------------+-------+
|       Fanout       | Count |
+--------------------+-------+
| Total control sets |   201 |
| >= 0 to < 4        |     2 |
| >= 4 to < 6        |     6 |
| >= 6 to < 8        |     3 |
| >= 8 to < 10       |    42 |
| >= 10 to < 12      |     1 |
| >= 12 to < 14      |     1 |
| >= 14 to < 16      |     2 |
| >= 16              |   144 |
+--------------------+-------+
* Control sets can be remapped at either synth_design or opt_design


3. Flip-Flop Distribution
-------------------------

+--------------+-----------------------+------------------------+-----------------+--------------+
| Clock Enable | Synchronous Set/Reset | Asynchronous Set/Reset | Total Registers | Total Slices |
+--------------+-----------------------+------------------------+-----------------+--------------+
| No           | No                    | No                     |             117 |           40 |
| No           | No                    | Yes                    |               0 |            0 |
| No           | Yes                   | No                     |             255 |          109 |
| Yes          | No                    | No                     |            8428 |         2969 |
| Yes          | No                    | Yes                    |               0 |            0 |
| Yes          | Yes                   | No                     |              55 |           18 |
+--------------+-----------------------+------------------------+-----------------+--------------+


4. Detailed Control Set Information
-----------------------------------

+---------------------------------------------------+------------------------------------------------------------------------------------------------------------------------------------------------------------------+---------------------------------------------------------------------------------------------------------------------------------------------------------+------------------+----------------+--------------+
|                    Clock Signal                   |                                                                           Enable Signal                                                                          |                                                                     Set/Reset Signal                                                                    | Slice Load Count | Bel Load Count | Bels / Slice |
+---------------------------------------------------+------------------------------------------------------------------------------------------------------------------------------------------------------------------+---------------------------------------------------------------------------------------------------------------------------------------------------------+------------------+----------------+--------------+
|  design_enc_i/processing_system7_0/inst/FCLK_CLK0 | design_enc_i/ps7_0_axi_periph/s00_couplers/auto_pc/inst/gen_axilite.gen_b2s_conv.axilite_b2s/WR.aw_channel_0/aw_cmd_fsm_0/FSM_sequential_state_reg[0]_1          | design_enc_i/ps7_0_axi_periph/s00_couplers/auto_pc/inst/gen_axilite.gen_b2s_conv.axilite_b2s/WR.aw_channel_0/aw_cmd_fsm_0/FSM_sequential_state_reg[0]_0 |                1 |              1 |         1.00 |
|  design_enc_i/processing_system7_0/inst/FCLK_CLK0 | design_enc_i/ps7_0_axi_periph/s00_couplers/auto_pc/inst/gen_axilite.gen_b2s_conv.axilite_b2s/WR.b_channel_0/bid_fifo_0/sel                                       |                                                                                                                                                         |                1 |              2 |         2.00 |
|  design_enc_i/processing_system7_0/inst/FCLK_CLK0 |                                                                                                                                                                  | design_enc_i/rst_ps7_0_100M/U0/EXT_LPF/lpf_int                                                                                                          |                2 |              4 |         2.00 |
|  design_enc_i/processing_system7_0/inst/FCLK_CLK0 |                                                                                                                                                                  | design_enc_i/ps7_0_axi_periph/s00_couplers/auto_pc/inst/gen_axilite.gen_b2s_conv.axilite_b2s/SI_REG/aw.aw_pipe/aresetn_d_reg[0]_0                       |                3 |              4 |         1.33 |
|  design_enc_i/processing_system7_0/inst/FCLK_CLK0 |                                                                                                                                                                  | design_enc_i/ps7_0_axi_periph/s00_couplers/auto_pc/inst/gen_axilite.gen_b2s_conv.axilite_b2s/SI_REG/ar.ar_pipe/aresetn_d_reg[1]_inv_0                   |                3 |              4 |         1.33 |
|  design_enc_i/processing_system7_0/inst/FCLK_CLK0 | design_enc_i/ps7_0_axi_periph/s00_couplers/auto_pc/inst/gen_axilite.gen_b2s_conv.axilite_b2s/RD.ar_channel_0/ar_cmd_fsm_0/m_axi_arready_2                        | design_enc_i/ps7_0_axi_periph/s00_couplers/auto_pc/inst/gen_axilite.gen_b2s_conv.axilite_b2s/RD.ar_channel_0/ar_cmd_fsm_0/FSM_sequential_state_reg[1]_0 |                2 |              4 |         2.00 |
|  design_enc_i/processing_system7_0/inst/FCLK_CLK0 | design_enc_i/ps7_0_axi_periph/s00_couplers/auto_pc/inst/gen_axilite.gen_b2s_conv.axilite_b2s/RD.r_channel_0/transaction_fifo_0/cnt_read[4]_i_1_n_0               | design_enc_i/ps7_0_axi_periph/s00_couplers/auto_pc/inst/gen_axilite.gen_b2s_conv.axilite_b2s/areset_d1                                                  |                1 |              5 |         5.00 |
|  design_enc_i/processing_system7_0/inst/FCLK_CLK0 | design_enc_i/ps7_0_axi_periph/s00_couplers/auto_pc/inst/gen_axilite.gen_b2s_conv.axilite_b2s/RD.r_channel_0/rd_data_fifo_0/cnt_read[4]_i_1__0_n_0                | design_enc_i/ps7_0_axi_periph/s00_couplers/auto_pc/inst/gen_axilite.gen_b2s_conv.axilite_b2s/areset_d1                                                  |                2 |              5 |         2.50 |
|  design_enc_i/processing_system7_0/inst/FCLK_CLK0 | design_enc_i/clefia_enc_0/inst/control_s_axi_U/rdata[31]_i_2_n_0                                                                                                 |                                                                                                                                                         |                2 |              6 |         3.00 |
|  design_enc_i/processing_system7_0/inst/FCLK_CLK0 | design_enc_i/rst_ps7_0_100M/U0/SEQ/seq_cnt_en                                                                                                                    | design_enc_i/rst_ps7_0_100M/U0/SEQ/SEQ_COUNTER/clear                                                                                                    |                1 |              6 |         6.00 |
|  design_enc_i/processing_system7_0/inst/FCLK_CLK0 | design_enc_i/clefia_enc_0/inst/control_s_axi_U/aw_hs                                                                                                             |                                                                                                                                                         |                2 |              7 |         3.50 |
|  design_enc_i/processing_system7_0/inst/FCLK_CLK0 | design_enc_i/clefia_enc_0/inst/ap_CS_fsm_state66                                                                                                                 |                                                                                                                                                         |                6 |              8 |         1.33 |
|  design_enc_i/processing_system7_0/inst/FCLK_CLK0 | design_enc_i/clefia_enc_0/inst/reg_6409[7]_i_1_n_0                                                                                                               |                                                                                                                                                         |                3 |              8 |         2.67 |
|  design_enc_i/processing_system7_0/inst/FCLK_CLK0 | design_enc_i/ps7_0_axi_periph/s00_couplers/auto_pc/inst/gen_axilite.gen_b2s_conv.axilite_b2s/WR.b_channel_0/mhandshake_r                                         | design_enc_i/ps7_0_axi_periph/s00_couplers/auto_pc/inst/gen_axilite.gen_b2s_conv.axilite_b2s/WR.b_channel_0/bid_fifo_0/SR[0]                            |                2 |              8 |         4.00 |
|  design_enc_i/processing_system7_0/inst/FCLK_CLK0 | design_enc_i/clefia_enc_0/inst/reg_6401                                                                                                                          |                                                                                                                                                         |                5 |              8 |         1.60 |
|  design_enc_i/processing_system7_0/inst/FCLK_CLK0 | design_enc_i/clefia_enc_0/inst/p_11_in                                                                                                                           |                                                                                                                                                         |                3 |              8 |         2.67 |
|  design_enc_i/processing_system7_0/inst/FCLK_CLK0 | design_enc_i/clefia_enc_0/inst/ap_CS_fsm_state14                                                                                                                 |                                                                                                                                                         |                4 |              8 |         2.00 |
|  design_enc_i/processing_system7_0/inst/FCLK_CLK0 | design_enc_i/ps7_0_axi_periph/s00_couplers/auto_pc/inst/gen_axilite.gen_b2s_conv.axilite_b2s/WR.aw_channel_0/aw_cmd_fsm_0/m_valid_i_reg[0]                       |                                                                                                                                                         |                5 |              8 |         1.60 |
|  design_enc_i/processing_system7_0/inst/FCLK_CLK0 | design_enc_i/ps7_0_axi_periph/s00_couplers/auto_pc/inst/gen_axilite.gen_b2s_conv.axilite_b2s/WR.aw_channel_0/cmd_translator_0/incr_cmd_0/axaddr_incr[11]_i_1_n_0 |                                                                                                                                                         |                2 |              8 |         4.00 |
|  design_enc_i/processing_system7_0/inst/FCLK_CLK0 | design_enc_i/clefia_enc_0/inst/ap_CS_fsm_state24                                                                                                                 |                                                                                                                                                         |                3 |              8 |         2.67 |
|  design_enc_i/processing_system7_0/inst/FCLK_CLK0 | design_enc_i/clefia_enc_0/inst/ap_CS_fsm_state3                                                                                                                  |                                                                                                                                                         |                3 |              8 |         2.67 |
|  design_enc_i/processing_system7_0/inst/FCLK_CLK0 | design_enc_i/clefia_enc_0/inst/ap_CS_fsm_state122                                                                                                                |                                                                                                                                                         |                6 |              8 |         1.33 |
|  design_enc_i/processing_system7_0/inst/FCLK_CLK0 | design_enc_i/clefia_enc_0/inst/ap_CS_fsm_state30                                                                                                                 |                                                                                                                                                         |                1 |              8 |         8.00 |
|  design_enc_i/processing_system7_0/inst/FCLK_CLK0 | design_enc_i/clefia_enc_0/inst/ap_CS_fsm_state4                                                                                                                  |                                                                                                                                                         |                2 |              8 |         4.00 |
|  design_enc_i/processing_system7_0/inst/FCLK_CLK0 | design_enc_i/clefia_enc_0/inst/ap_CS_fsm_state61                                                                                                                 |                                                                                                                                                         |                3 |              8 |         2.67 |
|  design_enc_i/processing_system7_0/inst/FCLK_CLK0 | design_enc_i/clefia_enc_0/inst/reg_6395[7]_i_1_n_0                                                                                                               |                                                                                                                                                         |                3 |              8 |         2.67 |
|  design_enc_i/processing_system7_0/inst/FCLK_CLK0 | design_enc_i/clefia_enc_0/inst/reg_6386                                                                                                                          |                                                                                                                                                         |                6 |              8 |         1.33 |
|  design_enc_i/processing_system7_0/inst/FCLK_CLK0 | design_enc_i/clefia_enc_0/inst/ap_CS_fsm_state60                                                                                                                 |                                                                                                                                                         |                4 |              8 |         2.00 |
|  design_enc_i/processing_system7_0/inst/FCLK_CLK0 | design_enc_i/clefia_enc_0/inst/ap_CS_fsm_state90                                                                                                                 |                                                                                                                                                         |                6 |              8 |         1.33 |
|  design_enc_i/processing_system7_0/inst/FCLK_CLK0 | design_enc_i/clefia_enc_0/inst/ap_CS_fsm_state29                                                                                                                 |                                                                                                                                                         |                2 |              8 |         4.00 |
|  design_enc_i/processing_system7_0/inst/FCLK_CLK0 | design_enc_i/clefia_enc_0/inst/ap_CS_fsm_state64                                                                                                                 |                                                                                                                                                         |                6 |              8 |         1.33 |
|  design_enc_i/processing_system7_0/inst/FCLK_CLK0 | design_enc_i/clefia_enc_0/inst/ap_CS_fsm_state6                                                                                                                  |                                                                                                                                                         |                4 |              8 |         2.00 |
|  design_enc_i/processing_system7_0/inst/FCLK_CLK0 | design_enc_i/clefia_enc_0/inst/ap_CS_fsm_state5                                                                                                                  |                                                                                                                                                         |                1 |              8 |         8.00 |
|  design_enc_i/processing_system7_0/inst/FCLK_CLK0 | design_enc_i/clefia_enc_0/inst/ap_CS_fsm_state31                                                                                                                 |                                                                                                                                                         |                3 |              8 |         2.67 |
|  design_enc_i/processing_system7_0/inst/FCLK_CLK0 | design_enc_i/clefia_enc_0/inst/ap_CS_fsm_state62                                                                                                                 |                                                                                                                                                         |                4 |              8 |         2.00 |
|  design_enc_i/processing_system7_0/inst/FCLK_CLK0 | design_enc_i/clefia_enc_0/inst/ap_CS_fsm_state2                                                                                                                  |                                                                                                                                                         |                3 |              8 |         2.67 |
|  design_enc_i/processing_system7_0/inst/FCLK_CLK0 | design_enc_i/clefia_enc_0/inst/ap_CS_fsm_state11                                                                                                                 |                                                                                                                                                         |                3 |              8 |         2.67 |
|  design_enc_i/processing_system7_0/inst/FCLK_CLK0 | design_enc_i/clefia_enc_0/inst/ap_CS_fsm_state13                                                                                                                 |                                                                                                                                                         |                5 |              8 |         1.60 |
|  design_enc_i/processing_system7_0/inst/FCLK_CLK0 | design_enc_i/ps7_0_axi_periph/s00_couplers/auto_pc/inst/gen_axilite.gen_b2s_conv.axilite_b2s/RD.ar_channel_0/ar_cmd_fsm_0/E[0]                                   |                                                                                                                                                         |                4 |              8 |         2.00 |
|  design_enc_i/processing_system7_0/inst/FCLK_CLK0 | design_enc_i/clefia_enc_0/inst/reg_6442[7]_i_1_n_0                                                                                                               |                                                                                                                                                         |                3 |              8 |         2.67 |
|  design_enc_i/processing_system7_0/inst/FCLK_CLK0 | design_enc_i/clefia_enc_0/inst/reg_64380                                                                                                                         |                                                                                                                                                         |                3 |              8 |         2.67 |
|  design_enc_i/processing_system7_0/inst/FCLK_CLK0 | design_enc_i/clefia_enc_0/inst/ap_CS_fsm_state58                                                                                                                 |                                                                                                                                                         |                2 |              8 |         4.00 |
|  design_enc_i/processing_system7_0/inst/FCLK_CLK0 | design_enc_i/clefia_enc_0/inst/ap_CS_fsm_state10                                                                                                                 |                                                                                                                                                         |                4 |              8 |         2.00 |
|  design_enc_i/processing_system7_0/inst/FCLK_CLK0 | design_enc_i/ps7_0_axi_periph/s00_couplers/auto_pc/inst/gen_axilite.gen_b2s_conv.axilite_b2s/RD.ar_channel_0/ar_cmd_fsm_0/sel_first_reg[0]                       |                                                                                                                                                         |                2 |              8 |         4.00 |
|  design_enc_i/processing_system7_0/inst/FCLK_CLK0 | design_enc_i/clefia_enc_0/inst/reg_6447[7]_i_1_n_0                                                                                                               |                                                                                                                                                         |                4 |              8 |         2.00 |
|  design_enc_i/processing_system7_0/inst/FCLK_CLK0 | design_enc_i/clefia_enc_0/inst/ap_CS_fsm_state12                                                                                                                 |                                                                                                                                                         |                2 |              8 |         4.00 |
|  design_enc_i/processing_system7_0/inst/FCLK_CLK0 | design_enc_i/clefia_enc_0/inst/reg_64250                                                                                                                         |                                                                                                                                                         |                2 |              8 |         4.00 |
|  design_enc_i/processing_system7_0/inst/FCLK_CLK0 | design_enc_i/clefia_enc_0/inst/reg_6420[7]_i_1_n_0                                                                                                               |                                                                                                                                                         |                2 |              8 |         4.00 |
|  design_enc_i/processing_system7_0/inst/FCLK_CLK0 | design_enc_i/clefia_enc_0/inst/reg_6452[7]_i_1_n_0                                                                                                               |                                                                                                                                                         |                3 |              8 |         2.67 |
|  design_enc_i/processing_system7_0/inst/FCLK_CLK0 | design_enc_i/clefia_enc_0/inst/reg_6433[7]_i_1_n_0                                                                                                               |                                                                                                                                                         |                2 |              8 |         4.00 |
|  design_enc_i/processing_system7_0/inst/FCLK_CLK0 | design_enc_i/clefia_enc_0/inst/reg_64290                                                                                                                         |                                                                                                                                                         |                2 |              8 |         4.00 |
|  design_enc_i/processing_system7_0/inst/FCLK_CLK0 | design_enc_i/clefia_enc_0/inst/reg_6414[7]_i_1_n_0                                                                                                               |                                                                                                                                                         |                3 |              8 |         2.67 |
|  design_enc_i/processing_system7_0/inst/FCLK_CLK0 | design_enc_i/clefia_enc_0/inst/ap_CS_fsm_state28                                                                                                                 |                                                                                                                                                         |                1 |              8 |         8.00 |
|  design_enc_i/processing_system7_0/inst/FCLK_CLK0 |                                                                                                                                                                  | design_enc_i/ps7_0_axi_periph/s00_couplers/auto_pc/inst/gen_axilite.gen_b2s_conv.axilite_b2s/areset_d1                                                  |                5 |             10 |         2.00 |
|  design_enc_i/processing_system7_0/inst/FCLK_CLK0 | design_enc_i/ps7_0_axi_periph/s00_couplers/auto_pc/inst/gen_axilite.gen_b2s_conv.axilite_b2s/RD.r_channel_0/r_push_r                                             |                                                                                                                                                         |                4 |             13 |         3.25 |
|  design_enc_i/processing_system7_0/inst/FCLK_CLK0 | design_enc_i/ps7_0_axi_periph/s00_couplers/auto_pc/inst/gen_axilite.gen_b2s_conv.axilite_b2s/SI_REG/b.b_pipe/s_ready_i_reg_0                                     |                                                                                                                                                         |                3 |             14 |         4.67 |
|  design_enc_i/processing_system7_0/inst/FCLK_CLK0 | design_enc_i/ps7_0_axi_periph/s00_couplers/auto_pc/inst/gen_axilite.gen_b2s_conv.axilite_b2s/SI_REG/b.b_pipe/p_1_in                                              |                                                                                                                                                         |                3 |             14 |         4.67 |
|  design_enc_i/processing_system7_0/inst/FCLK_CLK0 | design_enc_i/clefia_enc_0/inst/control_s_axi_U/int_pt/p_0_in0_out__1[16]                                                                                         |                                                                                                                                                         |                2 |             16 |         8.00 |
|  design_enc_i/processing_system7_0/inst/FCLK_CLK0 | design_enc_i/ps7_0_axi_periph/s00_couplers/auto_pc/inst/gen_axilite.gen_b2s_conv.axilite_b2s/WR.aw_channel_0/aw_cmd_fsm_0/m_axi_awready_0                        |                                                                                                                                                         |                3 |             16 |         5.33 |
|  design_enc_i/processing_system7_0/inst/FCLK_CLK0 | design_enc_i/clefia_enc_0/inst/control_s_axi_U/int_ct/p_0_in0_out[0]                                                                                             |                                                                                                                                                         |                2 |             16 |         8.00 |
|  design_enc_i/processing_system7_0/inst/FCLK_CLK0 | design_enc_i/clefia_enc_0/inst/control_s_axi_U/int_ct/p_0_in0_out[16]                                                                                            |                                                                                                                                                         |                2 |             16 |         8.00 |
|  design_enc_i/processing_system7_0/inst/FCLK_CLK0 | design_enc_i/clefia_enc_0/inst/control_s_axi_U/int_ct/p_0_in0_out[24]                                                                                            |                                                                                                                                                         |                2 |             16 |         8.00 |
|  design_enc_i/processing_system7_0/inst/FCLK_CLK0 | design_enc_i/clefia_enc_0/inst/control_s_axi_U/int_ct/p_0_in0_out[8]                                                                                             |                                                                                                                                                         |                2 |             16 |         8.00 |
|  design_enc_i/processing_system7_0/inst/FCLK_CLK0 | design_enc_i/clefia_enc_0/inst/control_s_axi_U/int_pt/p_0_in0_out__1[0]                                                                                          |                                                                                                                                                         |                2 |             16 |         8.00 |
|  design_enc_i/processing_system7_0/inst/FCLK_CLK0 | design_enc_i/clefia_enc_0/inst/control_s_axi_U/int_pt/p_0_in0_out__1[8]                                                                                          |                                                                                                                                                         |                2 |             16 |         8.00 |
|  design_enc_i/processing_system7_0/inst/FCLK_CLK0 | design_enc_i/clefia_enc_0/inst/control_s_axi_U/int_pt/p_0_in0_out__1[24]                                                                                         |                                                                                                                                                         |                2 |             16 |         8.00 |
|  design_enc_i/processing_system7_0/inst/FCLK_CLK0 | design_enc_i/clefia_enc_0/inst/control_s_axi_U/int_skey/p_0_in0_out__0[0]                                                                                        |                                                                                                                                                         |                2 |             16 |         8.00 |
|  design_enc_i/processing_system7_0/inst/FCLK_CLK0 | design_enc_i/clefia_enc_0/inst/control_s_axi_U/int_skey/p_0_in0_out__0[8]                                                                                        |                                                                                                                                                         |                2 |             16 |         8.00 |
|  design_enc_i/processing_system7_0/inst/FCLK_CLK0 | design_enc_i/clefia_enc_0/inst/control_s_axi_U/int_skey/p_0_in0_out__0[16]                                                                                       |                                                                                                                                                         |                2 |             16 |         8.00 |
|  design_enc_i/processing_system7_0/inst/FCLK_CLK0 | design_enc_i/clefia_enc_0/inst/control_s_axi_U/int_skey/p_0_in0_out__0[24]                                                                                       |                                                                                                                                                         |                2 |             16 |         8.00 |
|  design_enc_i/processing_system7_0/inst/FCLK_CLK0 | design_enc_i/clefia_enc_0/inst/p_21_in                                                                                                                           |                                                                                                                                                         |                6 |             16 |         2.67 |
|  design_enc_i/processing_system7_0/inst/FCLK_CLK0 | design_enc_i/clefia_enc_0/inst/ap_CS_fsm_state27                                                                                                                 |                                                                                                                                                         |                7 |             16 |         2.29 |
|  design_enc_i/processing_system7_0/inst/FCLK_CLK0 | design_enc_i/clefia_enc_0/inst/ap_CS_fsm_state9                                                                                                                  |                                                                                                                                                         |                6 |             16 |         2.67 |
|  design_enc_i/processing_system7_0/inst/FCLK_CLK0 | design_enc_i/ps7_0_axi_periph/s00_couplers/auto_pc/inst/gen_axilite.gen_b2s_conv.axilite_b2s/RD.ar_channel_0/ar_cmd_fsm_0/m_axi_arready_2                        |                                                                                                                                                         |                7 |             17 |         2.43 |
|  design_enc_i/processing_system7_0/inst/FCLK_CLK0 | design_enc_i/ps7_0_axi_periph/s00_couplers/auto_pc/inst/gen_axilite.gen_b2s_conv.axilite_b2s/WR.aw_channel_0/aw_cmd_fsm_0/FSM_sequential_state_reg[0]_1          |                                                                                                                                                         |                8 |             20 |         2.50 |
|  design_enc_i/processing_system7_0/inst/FCLK_CLK0 | design_enc_i/clefia_enc_0/inst/ap_CS_fsm_state68                                                                                                                 |                                                                                                                                                         |                8 |             20 |         2.50 |
|  design_enc_i/processing_system7_0/inst/FCLK_CLK0 | design_enc_i/clefia_enc_0/inst/ap_CS_fsm_state67                                                                                                                 |                                                                                                                                                         |                5 |             20 |         4.00 |
|  design_enc_i/processing_system7_0/inst/FCLK_CLK0 | design_enc_i/clefia_enc_0/inst/ap_CS_fsm_state23                                                                                                                 |                                                                                                                                                         |                9 |             23 |         2.56 |
|  design_enc_i/processing_system7_0/inst/FCLK_CLK0 | design_enc_i/clefia_enc_0/inst/ap_CS_fsm_state32                                                                                                                 |                                                                                                                                                         |                8 |             24 |         3.00 |
|  design_enc_i/processing_system7_0/inst/FCLK_CLK0 | design_enc_i/clefia_enc_0/inst/ap_CS_fsm_state63                                                                                                                 |                                                                                                                                                         |               11 |             24 |         2.18 |
|  design_enc_i/processing_system7_0/inst/FCLK_CLK0 | design_enc_i/clefia_enc_0/inst/ap_CS_fsm_state19                                                                                                                 |                                                                                                                                                         |                7 |             24 |         3.43 |
|  design_enc_i/processing_system7_0/inst/FCLK_CLK0 | design_enc_i/clefia_enc_0/inst/control_s_axi_U/rdata[31]_i_2_n_0                                                                                                 | design_enc_i/clefia_enc_0/inst/control_s_axi_U/rdata[31]_i_1_n_0                                                                                        |                9 |             26 |         2.89 |
|  design_enc_i/processing_system7_0/inst/FCLK_CLK0 | design_enc_i/ps7_0_axi_periph/s00_couplers/auto_pc/inst/gen_axilite.gen_b2s_conv.axilite_b2s/SI_REG/aw.aw_pipe/s_ready_i_reg_0                                   |                                                                                                                                                         |                5 |             28 |         5.60 |
|  design_enc_i/processing_system7_0/inst/FCLK_CLK0 | design_enc_i/ps7_0_axi_periph/s00_couplers/auto_pc/inst/gen_axilite.gen_b2s_conv.axilite_b2s/RD.ar_channel_0/ar_cmd_fsm_0/m_valid_i_reg[0]                       |                                                                                                                                                         |                4 |             28 |         7.00 |
|  design_enc_i/processing_system7_0/inst/FCLK_CLK0 | design_enc_i/ps7_0_axi_periph/s00_couplers/auto_pc/inst/gen_axilite.gen_b2s_conv.axilite_b2s/SI_REG/ar.ar_pipe/s_ready_i_reg_0                                   |                                                                                                                                                         |                6 |             28 |         4.67 |
|  design_enc_i/processing_system7_0/inst/FCLK_CLK0 | design_enc_i/ps7_0_axi_periph/s00_couplers/auto_pc/inst/gen_axilite.gen_b2s_conv.axilite_b2s/WR.aw_channel_0/aw_cmd_fsm_0/E[0]                                   |                                                                                                                                                         |                6 |             28 |         4.67 |
|  design_enc_i/processing_system7_0/inst/FCLK_CLK0 | design_enc_i/clefia_enc_0/inst/ap_CS_fsm_state22                                                                                                                 |                                                                                                                                                         |                8 |             31 |         3.88 |
|  design_enc_i/processing_system7_0/inst/FCLK_CLK0 | design_enc_i/clefia_enc_0/inst/ap_CS_fsm_state140                                                                                                                |                                                                                                                                                         |               12 |             32 |         2.67 |
|  design_enc_i/processing_system7_0/inst/FCLK_CLK0 | design_enc_i/clefia_enc_0/inst/ap_CS_fsm_state145                                                                                                                |                                                                                                                                                         |               17 |             32 |         1.88 |
|  design_enc_i/processing_system7_0/inst/FCLK_CLK0 | design_enc_i/clefia_enc_0/inst/ap_CS_fsm_state105                                                                                                                |                                                                                                                                                         |               24 |             32 |         1.33 |
|  design_enc_i/processing_system7_0/inst/FCLK_CLK0 | design_enc_i/clefia_enc_0/inst/ap_CS_fsm_state148                                                                                                                |                                                                                                                                                         |               11 |             32 |         2.91 |
|  design_enc_i/processing_system7_0/inst/FCLK_CLK0 | design_enc_i/clefia_enc_0/inst/ap_CS_fsm_state116                                                                                                                |                                                                                                                                                         |               10 |             32 |         3.20 |
|  design_enc_i/processing_system7_0/inst/FCLK_CLK0 | design_enc_i/clefia_enc_0/inst/ap_CS_fsm_state129                                                                                                                |                                                                                                                                                         |               22 |             32 |         1.45 |
|  design_enc_i/processing_system7_0/inst/FCLK_CLK0 | design_enc_i/clefia_enc_0/inst/ap_CS_fsm_state132                                                                                                                |                                                                                                                                                         |               11 |             32 |         2.91 |
|  design_enc_i/processing_system7_0/inst/FCLK_CLK0 | design_enc_i/clefia_enc_0/inst/ap_CS_fsm_state137                                                                                                                |                                                                                                                                                         |               18 |             32 |         1.78 |
|  design_enc_i/processing_system7_0/inst/FCLK_CLK0 | design_enc_i/clefia_enc_0/inst/ap_CS_fsm_state15                                                                                                                 |                                                                                                                                                         |               10 |             32 |         3.20 |
|  design_enc_i/processing_system7_0/inst/FCLK_CLK0 | design_enc_i/clefia_enc_0/inst/ap_CS_fsm_state156                                                                                                                |                                                                                                                                                         |               24 |             32 |         1.33 |
|  design_enc_i/processing_system7_0/inst/FCLK_CLK0 | design_enc_i/clefia_enc_0/inst/ap_CS_fsm_state164                                                                                                                |                                                                                                                                                         |               22 |             32 |         1.45 |
|  design_enc_i/processing_system7_0/inst/FCLK_CLK0 | design_enc_i/clefia_enc_0/inst/ap_CS_fsm_state172                                                                                                                |                                                                                                                                                         |               19 |             32 |         1.68 |
|  design_enc_i/processing_system7_0/inst/FCLK_CLK0 | design_enc_i/clefia_enc_0/inst/ap_CS_fsm_state180                                                                                                                |                                                                                                                                                         |               15 |             32 |         2.13 |
|  design_enc_i/processing_system7_0/inst/FCLK_CLK0 | design_enc_i/clefia_enc_0/inst/ap_CS_fsm_state108                                                                                                                |                                                                                                                                                         |               11 |             32 |         2.91 |
|  design_enc_i/processing_system7_0/inst/FCLK_CLK0 | design_enc_i/clefia_enc_0/inst/ap_CS_fsm_state26                                                                                                                 |                                                                                                                                                         |                9 |             32 |         3.56 |
|  design_enc_i/processing_system7_0/inst/FCLK_CLK0 | design_enc_i/clefia_enc_0/inst/ap_CS_fsm_state70                                                                                                                 |                                                                                                                                                         |               12 |             32 |         2.67 |
|  design_enc_i/processing_system7_0/inst/FCLK_CLK0 | design_enc_i/clefia_enc_0/inst/ap_CS_fsm_state76                                                                                                                 |                                                                                                                                                         |                9 |             32 |         3.56 |
|  design_enc_i/processing_system7_0/inst/FCLK_CLK0 | design_enc_i/clefia_enc_0/inst/ap_CS_fsm_state69                                                                                                                 |                                                                                                                                                         |                7 |             32 |         4.57 |
|  design_enc_i/processing_system7_0/inst/FCLK_CLK0 | design_enc_i/clefia_enc_0/inst/ap_CS_fsm_state8                                                                                                                  |                                                                                                                                                         |                9 |             32 |         3.56 |
|  design_enc_i/processing_system7_0/inst/FCLK_CLK0 | design_enc_i/clefia_enc_0/inst/ap_CS_fsm_state84                                                                                                                 |                                                                                                                                                         |               10 |             32 |         3.20 |
|  design_enc_i/processing_system7_0/inst/FCLK_CLK0 | design_enc_i/clefia_enc_0/inst/ap_CS_fsm_state89                                                                                                                 |                                                                                                                                                         |               19 |             32 |         1.68 |
|  design_enc_i/processing_system7_0/inst/FCLK_CLK0 | design_enc_i/clefia_enc_0/inst/ap_CS_fsm_state97                                                                                                                 |                                                                                                                                                         |               26 |             32 |         1.23 |
|  design_enc_i/processing_system7_0/inst/FCLK_CLK0 | design_enc_i/clefia_enc_0/inst/ap_CS_fsm_state92                                                                                                                 |                                                                                                                                                         |               10 |             32 |         3.20 |
|  design_enc_i/processing_system7_0/inst/FCLK_CLK0 | design_enc_i/ps7_0_axi_periph/s00_couplers/auto_pc/inst/gen_axilite.gen_b2s_conv.axilite_b2s/RD.r_channel_0/rd_data_fifo_0/wr_en0                                |                                                                                                                                                         |                9 |             32 |         3.56 |
|  design_enc_i/processing_system7_0/inst/FCLK_CLK0 | design_enc_i/clefia_enc_0/inst/control_s_axi_U/int_ct/ar_hs                                                                                                      |                                                                                                                                                         |                8 |             32 |         4.00 |
|  design_enc_i/processing_system7_0/inst/FCLK_CLK0 | design_enc_i/clefia_enc_0/inst/control_s_axi_U/int_pt/int_pt_ce1                                                                                                 |                                                                                                                                                         |                9 |             32 |         3.56 |
|  design_enc_i/processing_system7_0/inst/FCLK_CLK0 | design_enc_i/clefia_enc_0/inst/control_s_axi_U/int_pt/E[0]                                                                                                       |                                                                                                                                                         |                8 |             32 |         4.00 |
|  design_enc_i/processing_system7_0/inst/FCLK_CLK0 | design_enc_i/clefia_enc_0/inst/control_s_axi_U/int_skey/int_skey_ce1                                                                                             |                                                                                                                                                         |                5 |             32 |         6.40 |
|  design_enc_i/processing_system7_0/inst/FCLK_CLK0 | design_enc_i/clefia_enc_0/inst/control_s_axi_U/int_skey/E[0]                                                                                                     |                                                                                                                                                         |                8 |             32 |         4.00 |
|  design_enc_i/processing_system7_0/inst/FCLK_CLK0 | design_enc_i/clefia_enc_0/inst/ap_CS_fsm_state100                                                                                                                |                                                                                                                                                         |                8 |             32 |         4.00 |
|  design_enc_i/processing_system7_0/inst/FCLK_CLK0 | design_enc_i/clefia_enc_0/inst/ap_CS_fsm_state17                                                                                                                 |                                                                                                                                                         |               12 |             33 |         2.75 |
|  design_enc_i/processing_system7_0/inst/FCLK_CLK0 | design_enc_i/clefia_enc_0/inst/ap_CS_fsm_state20                                                                                                                 |                                                                                                                                                         |               10 |             39 |         3.90 |
|  design_enc_i/processing_system7_0/inst/FCLK_CLK0 | design_enc_i/clefia_enc_0/inst/ap_CS_fsm_state73                                                                                                                 |                                                                                                                                                         |               26 |             40 |         1.54 |
|  design_enc_i/processing_system7_0/inst/FCLK_CLK0 | design_enc_i/clefia_enc_0/inst/ap_CS_fsm_state150                                                                                                                |                                                                                                                                                         |               23 |             40 |         1.74 |
|  design_enc_i/processing_system7_0/inst/FCLK_CLK0 | design_enc_i/clefia_enc_0/inst/ap_CS_fsm_state57                                                                                                                 |                                                                                                                                                         |               11 |             40 |         3.64 |
|  design_enc_i/processing_system7_0/inst/FCLK_CLK0 | design_enc_i/clefia_enc_0/inst/ap_CS_fsm_state124                                                                                                                |                                                                                                                                                         |               15 |             40 |         2.67 |
|  design_enc_i/processing_system7_0/inst/FCLK_CLK0 | design_enc_i/clefia_enc_0/inst/ap_CS_fsm_state170                                                                                                                |                                                                                                                                                         |               21 |             40 |         1.90 |
|  design_enc_i/processing_system7_0/inst/FCLK_CLK0 | design_enc_i/clefia_enc_0/inst/ap_CS_fsm_state113                                                                                                                |                                                                                                                                                         |               22 |             40 |         1.82 |
|  design_enc_i/processing_system7_0/inst/FCLK_CLK0 | design_enc_i/clefia_enc_0/inst/ap_CS_fsm_state33                                                                                                                 |                                                                                                                                                         |               13 |             44 |         3.38 |
|  design_enc_i/processing_system7_0/inst/FCLK_CLK0 | design_enc_i/ps7_0_axi_periph/s00_couplers/auto_pc/inst/gen_axilite.gen_b2s_conv.axilite_b2s/SI_REG/r.r_pipe/s_ready_i_reg_0                                     |                                                                                                                                                         |               10 |             45 |         4.50 |
|  design_enc_i/processing_system7_0/inst/FCLK_CLK0 | design_enc_i/ps7_0_axi_periph/s00_couplers/auto_pc/inst/gen_axilite.gen_b2s_conv.axilite_b2s/SI_REG/r.r_pipe/p_1_in                                              |                                                                                                                                                         |                9 |             45 |         5.00 |
|  design_enc_i/processing_system7_0/inst/FCLK_CLK0 | design_enc_i/clefia_enc_0/inst/ap_CS_fsm_state78                                                                                                                 |                                                                                                                                                         |               15 |             46 |         3.07 |
|  design_enc_i/processing_system7_0/inst/FCLK_CLK0 | design_enc_i/clefia_enc_0/inst/ap_CS_fsm_state91                                                                                                                 |                                                                                                                                                         |                9 |             48 |         5.33 |
|  design_enc_i/processing_system7_0/inst/FCLK_CLK0 | design_enc_i/clefia_enc_0/inst/ap_CS_fsm_state99                                                                                                                 |                                                                                                                                                         |               11 |             48 |         4.36 |
|  design_enc_i/processing_system7_0/inst/FCLK_CLK0 | design_enc_i/clefia_enc_0/inst/ap_CS_fsm_state178                                                                                                                |                                                                                                                                                         |               28 |             48 |         1.71 |
|  design_enc_i/processing_system7_0/inst/FCLK_CLK0 | design_enc_i/clefia_enc_0/inst/ap_CS_fsm_state75                                                                                                                 |                                                                                                                                                         |                9 |             48 |         5.33 |
|  design_enc_i/processing_system7_0/inst/FCLK_CLK0 | design_enc_i/clefia_enc_0/inst/ap_CS_fsm_state162                                                                                                                |                                                                                                                                                         |               27 |             48 |         1.78 |
|  design_enc_i/processing_system7_0/inst/FCLK_CLK0 | design_enc_i/clefia_enc_0/inst/ap_CS_fsm_state123                                                                                                                |                                                                                                                                                         |               11 |             48 |         4.36 |
|  design_enc_i/processing_system7_0/inst/FCLK_CLK0 | design_enc_i/clefia_enc_0/inst/ap_CS_fsm_state107                                                                                                                |                                                                                                                                                         |               13 |             48 |         3.69 |
|  design_enc_i/processing_system7_0/inst/FCLK_CLK0 | design_enc_i/clefia_enc_0/inst/ap_CS_fsm_state147                                                                                                                |                                                                                                                                                         |               11 |             48 |         4.36 |
|  design_enc_i/processing_system7_0/inst/FCLK_CLK0 | design_enc_i/clefia_enc_0/inst/ap_CS_fsm_state149                                                                                                                |                                                                                                                                                         |               29 |             48 |         1.66 |
|  design_enc_i/processing_system7_0/inst/FCLK_CLK0 | design_enc_i/clefia_enc_0/inst/ap_CS_fsm_state139                                                                                                                |                                                                                                                                                         |               14 |             48 |         3.43 |
|  design_enc_i/processing_system7_0/inst/FCLK_CLK0 | design_enc_i/clefia_enc_0/inst/ap_CS_fsm_state131                                                                                                                |                                                                                                                                                         |               11 |             48 |         4.36 |
|  design_enc_i/processing_system7_0/inst/FCLK_CLK0 | design_enc_i/clefia_enc_0/inst/ap_CS_fsm_state115                                                                                                                |                                                                                                                                                         |                7 |             48 |         6.86 |
|  design_enc_i/processing_system7_0/inst/FCLK_CLK0 | design_enc_i/clefia_enc_0/inst/ap_CS_fsm_state65                                                                                                                 |                                                                                                                                                         |               23 |             51 |         2.22 |
|  design_enc_i/processing_system7_0/inst/FCLK_CLK0 | design_enc_i/clefia_enc_0/inst/ap_CS_fsm_state121                                                                                                                |                                                                                                                                                         |               35 |             56 |         1.60 |
|  design_enc_i/processing_system7_0/inst/FCLK_CLK0 | design_enc_i/clefia_enc_0/inst/ap_CS_fsm_state56                                                                                                                 |                                                                                                                                                         |               13 |             56 |         4.31 |
|  design_enc_i/processing_system7_0/inst/FCLK_CLK0 | design_enc_i/clefia_enc_0/inst/ap_CS_fsm_state81                                                                                                                 |                                                                                                                                                         |               23 |             56 |         2.43 |
|  design_enc_i/processing_system7_0/inst/FCLK_CLK0 | design_enc_i/clefia_enc_0/inst/ap_CS_fsm_state21                                                                                                                 |                                                                                                                                                         |               13 |             58 |         4.46 |
|  design_enc_i/processing_system7_0/inst/FCLK_CLK0 | design_enc_i/clefia_enc_0/inst/ap_CS_fsm_state179                                                                                                                |                                                                                                                                                         |               20 |             60 |         3.00 |
|  design_enc_i/processing_system7_0/inst/FCLK_CLK0 | design_enc_i/clefia_enc_0/inst/ap_CS_fsm_state166                                                                                                                |                                                                                                                                                         |               35 |             64 |         1.83 |
|  design_enc_i/processing_system7_0/inst/FCLK_CLK0 | design_enc_i/clefia_enc_0/inst/ap_CS_fsm_state158                                                                                                                |                                                                                                                                                         |               38 |             64 |         1.68 |
|  design_enc_i/processing_system7_0/inst/FCLK_CLK0 | design_enc_i/clefia_enc_0/inst/ap_CS_fsm_state168                                                                                                                |                                                                                                                                                         |               27 |             64 |         2.37 |
|  design_enc_i/processing_system7_0/inst/FCLK_CLK0 | design_enc_i/clefia_enc_0/inst/ap_CS_fsm_state174                                                                                                                |                                                                                                                                                         |               30 |             64 |         2.13 |
|  design_enc_i/processing_system7_0/inst/FCLK_CLK0 | design_enc_i/clefia_enc_0/inst/ap_CS_fsm_state49                                                                                                                 |                                                                                                                                                         |               26 |             65 |         2.50 |
|  design_enc_i/processing_system7_0/inst/FCLK_CLK0 | design_enc_i/clefia_enc_0/inst/ap_CS_fsm_state16                                                                                                                 |                                                                                                                                                         |               14 |             66 |         4.71 |
|  design_enc_i/processing_system7_0/inst/FCLK_CLK0 | design_enc_i/clefia_enc_0/inst/ap_CS_fsm_state25                                                                                                                 |                                                                                                                                                         |               22 |             67 |         3.05 |
|  design_enc_i/processing_system7_0/inst/FCLK_CLK0 | design_enc_i/clefia_enc_0/inst/ap_CS_fsm_state7                                                                                                                  |                                                                                                                                                         |               22 |             69 |         3.14 |
|  design_enc_i/processing_system7_0/inst/FCLK_CLK0 | design_enc_i/clefia_enc_0/inst/ap_CS_fsm_state36                                                                                                                 |                                                                                                                                                         |               31 |             70 |         2.26 |
|  design_enc_i/processing_system7_0/inst/FCLK_CLK0 | design_enc_i/clefia_enc_0/inst/ap_CS_fsm_state35                                                                                                                 |                                                                                                                                                         |               21 |             72 |         3.43 |
|  design_enc_i/processing_system7_0/inst/FCLK_CLK0 | design_enc_i/clefia_enc_0/inst/ap_CS_fsm_state82                                                                                                                 |                                                                                                                                                         |               19 |             72 |         3.79 |
|  design_enc_i/processing_system7_0/inst/FCLK_CLK0 | design_enc_i/clefia_enc_0/inst/ap_CS_fsm_state154                                                                                                                |                                                                                                                                                         |               47 |             76 |         1.62 |
|  design_enc_i/processing_system7_0/inst/FCLK_CLK0 | design_enc_i/clefia_enc_0/inst/ap_CS_fsm_state41                                                                                                                 |                                                                                                                                                         |               36 |             77 |         2.14 |
|  design_enc_i/processing_system7_0/inst/FCLK_CLK0 | design_enc_i/clefia_enc_0/inst/ap_CS_fsm_state157                                                                                                                |                                                                                                                                                         |               33 |             80 |         2.42 |
|  design_enc_i/processing_system7_0/inst/FCLK_CLK0 | design_enc_i/clefia_enc_0/inst/ap_CS_fsm_state151                                                                                                                |                                                                                                                                                         |               36 |             80 |         2.22 |
|  design_enc_i/processing_system7_0/inst/FCLK_CLK0 | design_enc_i/clefia_enc_0/inst/ap_CS_fsm_state45                                                                                                                 |                                                                                                                                                         |               21 |             80 |         3.81 |
|  design_enc_i/processing_system7_0/inst/FCLK_CLK0 | design_enc_i/clefia_enc_0/inst/ap_CS_fsm_state159                                                                                                                |                                                                                                                                                         |               27 |             80 |         2.96 |
|  design_enc_i/processing_system7_0/inst/FCLK_CLK0 | design_enc_i/clefia_enc_0/inst/ap_CS_fsm_state175                                                                                                                |                                                                                                                                                         |               25 |             80 |         3.20 |
|  design_enc_i/processing_system7_0/inst/FCLK_CLK0 | design_enc_i/clefia_enc_0/inst/ap_CS_fsm_state155                                                                                                                |                                                                                                                                                         |               26 |             80 |         3.08 |
|  design_enc_i/processing_system7_0/inst/FCLK_CLK0 | design_enc_i/clefia_enc_0/inst/ap_CS_fsm_state165                                                                                                                |                                                                                                                                                         |               27 |             80 |         2.96 |
|  design_enc_i/processing_system7_0/inst/FCLK_CLK0 | design_enc_i/clefia_enc_0/inst/ap_CS_fsm_state167                                                                                                                |                                                                                                                                                         |               26 |             80 |         3.08 |
|  design_enc_i/processing_system7_0/inst/FCLK_CLK0 | design_enc_i/clefia_enc_0/inst/ap_CS_fsm_state161                                                                                                                |                                                                                                                                                         |               26 |             80 |         3.08 |
|  design_enc_i/processing_system7_0/inst/FCLK_CLK0 | design_enc_i/clefia_enc_0/inst/ap_CS_fsm_state153                                                                                                                |                                                                                                                                                         |               26 |             80 |         3.08 |
|  design_enc_i/processing_system7_0/inst/FCLK_CLK0 | design_enc_i/clefia_enc_0/inst/ap_CS_fsm_state169                                                                                                                |                                                                                                                                                         |               25 |             80 |         3.20 |
|  design_enc_i/processing_system7_0/inst/FCLK_CLK0 | design_enc_i/clefia_enc_0/inst/ap_CS_fsm_state171                                                                                                                |                                                                                                                                                         |               27 |             80 |         2.96 |
|  design_enc_i/processing_system7_0/inst/FCLK_CLK0 | design_enc_i/clefia_enc_0/inst/ap_CS_fsm_state176                                                                                                                |                                                                                                                                                         |               33 |             80 |         2.42 |
|  design_enc_i/processing_system7_0/inst/FCLK_CLK0 | design_enc_i/clefia_enc_0/inst/ap_CS_fsm_state173                                                                                                                |                                                                                                                                                         |               27 |             80 |         2.96 |
|  design_enc_i/processing_system7_0/inst/FCLK_CLK0 | design_enc_i/clefia_enc_0/inst/ap_CS_fsm_state163                                                                                                                |                                                                                                                                                         |               22 |             80 |         3.64 |
|  design_enc_i/processing_system7_0/inst/FCLK_CLK0 | design_enc_i/clefia_enc_0/inst/ap_CS_fsm_state47                                                                                                                 |                                                                                                                                                         |               34 |             83 |         2.44 |
|  design_enc_i/processing_system7_0/inst/FCLK_CLK0 | design_enc_i/clefia_enc_0/inst/ap_CS_fsm_state34                                                                                                                 |                                                                                                                                                         |               19 |             84 |         4.42 |
|  design_enc_i/processing_system7_0/inst/FCLK_CLK0 | design_enc_i/clefia_enc_0/inst/ap_CS_fsm_state37                                                                                                                 |                                                                                                                                                         |               28 |             88 |         3.14 |
|  design_enc_i/processing_system7_0/inst/FCLK_CLK0 | design_enc_i/clefia_enc_0/inst/ap_CS_fsm_state160                                                                                                                |                                                                                                                                                         |               47 |             88 |         1.87 |
|  design_enc_i/processing_system7_0/inst/FCLK_CLK0 | design_enc_i/clefia_enc_0/inst/ap_CS_fsm_state38                                                                                                                 |                                                                                                                                                         |               47 |             91 |         1.94 |
|  design_enc_i/processing_system7_0/inst/FCLK_CLK0 | design_enc_i/clefia_enc_0/inst/ap_CS_fsm_state42                                                                                                                 |                                                                                                                                                         |               32 |             93 |         2.91 |
|  design_enc_i/processing_system7_0/inst/FCLK_CLK0 | design_enc_i/clefia_enc_0/inst/ap_CS_fsm_state39                                                                                                                 |                                                                                                                                                         |               35 |            104 |         2.97 |
|  design_enc_i/processing_system7_0/inst/FCLK_CLK0 | design_enc_i/clefia_enc_0/inst/ap_CS_fsm_state44                                                                                                                 |                                                                                                                                                         |               49 |            104 |         2.12 |
|  design_enc_i/processing_system7_0/inst/FCLK_CLK0 | design_enc_i/clefia_enc_0/inst/ap_CS_fsm_state177                                                                                                                |                                                                                                                                                         |               31 |            104 |         3.35 |
|  design_enc_i/processing_system7_0/inst/FCLK_CLK0 | design_enc_i/clefia_enc_0/inst/ap_CS_fsm_state43                                                                                                                 |                                                                                                                                                         |               32 |            107 |         3.34 |
|  design_enc_i/processing_system7_0/inst/FCLK_CLK0 | design_enc_i/clefia_enc_0/inst/ap_CS_fsm_state53                                                                                                                 |                                                                                                                                                         |               33 |            109 |         3.30 |
|  design_enc_i/processing_system7_0/inst/FCLK_CLK0 |                                                                                                                                                                  |                                                                                                                                                         |               41 |            118 |         2.88 |
|  design_enc_i/processing_system7_0/inst/FCLK_CLK0 | design_enc_i/clefia_enc_0/inst/ap_CS_fsm_state59                                                                                                                 |                                                                                                                                                         |               41 |            119 |         2.90 |
|  design_enc_i/processing_system7_0/inst/FCLK_CLK0 | design_enc_i/clefia_enc_0/inst/ap_CS_fsm_state54                                                                                                                 |                                                                                                                                                         |               24 |            119 |         4.96 |
|  design_enc_i/processing_system7_0/inst/FCLK_CLK0 | design_enc_i/clefia_enc_0/inst/ap_CS_fsm_state50                                                                                                                 |                                                                                                                                                         |               40 |            129 |         3.22 |
|  design_enc_i/processing_system7_0/inst/FCLK_CLK0 | design_enc_i/clefia_enc_0/inst/ap_CS_fsm_state79                                                                                                                 |                                                                                                                                                         |               32 |            130 |         4.06 |
|  design_enc_i/processing_system7_0/inst/FCLK_CLK0 | design_enc_i/clefia_enc_0/inst/ap_CS_fsm_state152                                                                                                                |                                                                                                                                                         |               52 |            134 |         2.58 |
|  design_enc_i/processing_system7_0/inst/FCLK_CLK0 | design_enc_i/clefia_enc_0/inst/ap_CS_fsm_state46                                                                                                                 |                                                                                                                                                         |               48 |            134 |         2.79 |
|  design_enc_i/processing_system7_0/inst/FCLK_CLK0 | design_enc_i/clefia_enc_0/inst/ap_CS_fsm_state48                                                                                                                 |                                                                                                                                                         |               35 |            152 |         4.34 |
|  design_enc_i/processing_system7_0/inst/FCLK_CLK0 | design_enc_i/clefia_enc_0/inst/ap_CS_fsm_state40                                                                                                                 |                                                                                                                                                         |               51 |            162 |         3.18 |
|  design_enc_i/processing_system7_0/inst/FCLK_CLK0 | design_enc_i/clefia_enc_0/inst/ap_CS_fsm_state80                                                                                                                 |                                                                                                                                                         |               62 |            184 |         2.97 |
|  design_enc_i/processing_system7_0/inst/FCLK_CLK0 | design_enc_i/clefia_enc_0/inst/ap_CS_fsm_state52                                                                                                                 |                                                                                                                                                         |               69 |            189 |         2.74 |
|  design_enc_i/processing_system7_0/inst/FCLK_CLK0 | design_enc_i/clefia_enc_0/inst/ap_CS_fsm_state55                                                                                                                 |                                                                                                                                                         |               69 |            194 |         2.81 |
|  design_enc_i/processing_system7_0/inst/FCLK_CLK0 | design_enc_i/clefia_enc_0/inst/ap_CS_fsm_state51                                                                                                                 |                                                                                                                                                         |               57 |            228 |         4.00 |
|  design_enc_i/processing_system7_0/inst/FCLK_CLK0 |                                                                                                                                                                  | design_enc_i/clefia_enc_0/inst/control_s_axi_U/ap_rst_n_inv                                                                                             |               96 |            233 |         2.43 |
|  design_enc_i/processing_system7_0/inst/FCLK_CLK0 | design_enc_i/clefia_enc_0/inst/ap_CS_fsm_state83                                                                                                                 |                                                                                                                                                         |               94 |            344 |         3.66 |
+---------------------------------------------------+------------------------------------------------------------------------------------------------------------------------------------------------------------------+---------------------------------------------------------------------------------------------------------------------------------------------------------+------------------+----------------+--------------+


