

================================================================
== Vitis HLS Report for 'clefia_Pipeline_ByteXor_label269'
================================================================
* Date:           Mon Dec 12 09:00:29 2022

* Version:        2022.1 (Build 3526262 on Mon Apr 18 15:48:16 MDT 2022)
* Project:        CLEFIA_ip
* Solution:       solution4 (Vivado IP Flow Target)
* Product family: zynq
* Target device:  xc7z020-clg400-1


================================================================
== Performance Estimates
================================================================
+ Timing: 
    * Summary: 
    +--------+----------+----------+------------+
    |  Clock |  Target  | Estimated| Uncertainty|
    +--------+----------+----------+------------+
    |ap_clk  |  10.00 ns|  6.566 ns|     2.70 ns|
    +--------+----------+----------+------------+

+ Latency: 
    * Summary: 
    +---------+---------+----------+----------+-----+-----+---------+
    |  Latency (cycles) |  Latency (absolute) |  Interval | Pipeline|
    |   min   |   max   |    min   |    max   | min | max |   Type  |
    +---------+---------+----------+----------+-----+-----+---------+
    |       10|       10|  0.100 us|  0.100 us|   10|   10|       no|
    +---------+---------+----------+----------+-----+-----+---------+

    + Detail: 
        * Instance: 
        N/A

        * Loop: 
        +------------------+---------+---------+----------+-----------+-----------+------+----------+
        |                  |  Latency (cycles) | Iteration|  Initiation Interval  | Trip |          |
        |     Loop Name    |   min   |   max   |  Latency |  achieved |   target  | Count| Pipelined|
        +------------------+---------+---------+----------+-----------+-----------+------+----------+
        |- ByteXor_label2  |        8|        8|         2|          2|          1|     4|       yes|
        +------------------+---------+---------+----------+-----------+-----------+------+----------+



================================================================
== Utilization Estimates
================================================================
* Summary: 
+-----------------+---------+-----+--------+-------+-----+
|       Name      | BRAM_18K| DSP |   FF   |  LUT  | URAM|
+-----------------+---------+-----+--------+-------+-----+
|DSP              |        -|    -|       -|      -|    -|
|Expression       |        -|    -|       0|     40|    -|
|FIFO             |        -|    -|       -|      -|    -|
|Instance         |        -|    -|       -|      -|    -|
|Memory           |        -|    -|       -|      -|    -|
|Multiplexer      |        -|    -|       -|     55|    -|
|Register         |        -|    -|       9|      -|    -|
+-----------------+---------+-----+--------+-------+-----+
|Total            |        0|    0|       9|     95|    0|
+-----------------+---------+-----+--------+-------+-----+
|Available        |      280|  220|  106400|  53200|    0|
+-----------------+---------+-----+--------+-------+-----+
|Utilization (%)  |        0|    0|      ~0|     ~0|    0|
+-----------------+---------+-----+--------+-------+-----+

+ Detail: 
    * Instance: 
    N/A

    * DSP: 
    N/A

    * Memory: 
    N/A

    * FIFO: 
    N/A

    * Expression: 
    +---------------------+----------+----+---+----+------------+------------+
    |    Variable Name    | Operation| DSP| FF| LUT| Bitwidth P0| Bitwidth P1|
    +---------------------+----------+----+---+----+------------+------------+
    |add_ln124_fu_104_p2  |         +|   0|  0|  11|           3|           1|
    |icmp_ln123_fu_98_p2  |      icmp|   0|  0|   9|           3|           4|
    |or_ln121_fu_124_p2   |        or|   0|  0|   8|           8|           4|
    |Clefia_enc_d0        |       xor|   0|  0|   8|           8|           8|
    |xor_ln121_fu_135_p2  |       xor|   0|  0|   4|           3|           4|
    +---------------------+----------+----+---+----+------------+------------+
    |Total                |          |   0|  0|  40|          25|          21|
    +---------------------+----------+----+---+----+------------+------------+

    * Multiplexer: 
    +-------------------------------------+----+-----------+-----+-----------+
    |                 Name                | LUT| Input Size| Bits| Total Bits|
    +-------------------------------------+----+-----------+-----+-----------+
    |Clefia_enc_address0                  |  14|          3|    4|         12|
    |ap_NS_fsm                            |  14|          3|    1|          3|
    |ap_done_int                          |   9|          2|    1|          2|
    |ap_sig_allocacmp_indvars_iv2_i_load  |   9|          2|    3|          6|
    |indvars_iv2_i_fu_54                  |   9|          2|    3|          6|
    +-------------------------------------+----+-----------+-----+-----------+
    |Total                                |  55|         12|   12|         29|
    +-------------------------------------+----+-----------+-----+-----------+

    * Register: 
    +-------------------------+---+----+-----+-----------+
    |           Name          | FF| LUT| Bits| Const Bits|
    +-------------------------+---+----+-----+-----------+
    |Clefia_enc_addr_reg_173  |  3|   0|    4|          1|
    |ap_CS_fsm                |  2|   0|    2|          0|
    |ap_done_reg              |  1|   0|    1|          0|
    |indvars_iv2_i_fu_54      |  3|   0|    3|          0|
    +-------------------------+---+----+-----+-----------+
    |Total                    |  9|   0|   10|          1|
    +-------------------------+---+----+-----+-----------+



================================================================
== Interface
================================================================
* Summary: 
+---------------------+-----+-----+------------+----------------------------------+--------------+
|      RTL Ports      | Dir | Bits|  Protocol  |           Source Object          |    C Type    |
+---------------------+-----+-----+------------+----------------------------------+--------------+
|ap_clk               |   in|    1|  ap_ctrl_hs|  clefia_Pipeline_ByteXor_label269|  return value|
|ap_rst               |   in|    1|  ap_ctrl_hs|  clefia_Pipeline_ByteXor_label269|  return value|
|ap_start             |   in|    1|  ap_ctrl_hs|  clefia_Pipeline_ByteXor_label269|  return value|
|ap_done              |  out|    1|  ap_ctrl_hs|  clefia_Pipeline_ByteXor_label269|  return value|
|ap_idle              |  out|    1|  ap_ctrl_hs|  clefia_Pipeline_ByteXor_label269|  return value|
|ap_ready             |  out|    1|  ap_ctrl_hs|  clefia_Pipeline_ByteXor_label269|  return value|
|r                    |   in|    5|     ap_none|                                 r|        scalar|
|rk_address0          |  out|    8|   ap_memory|                                rk|         array|
|rk_ce0               |  out|    1|   ap_memory|                                rk|         array|
|rk_q0                |   in|    8|   ap_memory|                                rk|         array|
|Clefia_enc_address0  |  out|    4|   ap_memory|                        Clefia_enc|         array|
|Clefia_enc_ce0       |  out|    1|   ap_memory|                        Clefia_enc|         array|
|Clefia_enc_we0       |  out|    1|   ap_memory|                        Clefia_enc|         array|
|Clefia_enc_d0        |  out|    8|   ap_memory|                        Clefia_enc|         array|
|Clefia_enc_q0        |   in|    8|   ap_memory|                        Clefia_enc|         array|
+---------------------+-----+-----+------------+----------------------------------+--------------+

============================================================
+ Verbose Summary: Synthesis Manager
============================================================
InlineROM: 1
ExposeGlobal: 0
============================================================
+ Verbose Summary: CDFG Model
============================================================
IsTopModel: 0
ResetActiveHigh: 1
IsCombinational: 2
IsDatapathOnly: 2
HasWiredReturn: 1
HasMFsm: 2
HasVarLatency: 1
IsPipeline: 0
IsRtlPipelined: 0
IsInstanceOverlapped: 0
IsDontTouch: 0
HasImplIP: 0
IsGatedGlobalClock: 0

+ Individual pipeline summary: 
  * Pipeline-0: initiation interval (II) = 2, depth = 2


============================================================
+ Verbose Summary: Schedule
============================================================
* Number of FSM states : 2
* Pipeline : 1
  Pipeline-0 : II = 2, D = 2, States = { 1 2 }
* Dataflow Pipeline: 0

* FSM state transitions: 
1 --> 2 
2 --> 

* FSM state operations: 

State 1 <SV = 0> <Delay = 3.28>
ST_1 : Operation 5 [1/1] (0.00ns)   --->   "%indvars_iv2_i = alloca i32 1"   --->   Operation 5 'alloca' 'indvars_iv2_i' <Predicate = true> <Delay = 0.00>
ST_1 : Operation 6 [1/1] (0.00ns)   --->   "%specmemcore_ln0 = specmemcore void @_ssdm_op_SpecMemCore, i8 %Clefia_enc, i64 666, i64 207, i64 1"   --->   Operation 6 'specmemcore' 'specmemcore_ln0' <Predicate = true> <Delay = 0.00>
ST_1 : Operation 7 [1/1] (0.00ns)   --->   "%specinterface_ln0 = specinterface void @_ssdm_op_SpecInterface, i8 %Clefia_enc, void @empty_3, i32 0, i32 0, void @empty_0, i32 1, i32 0, void @empty_0, void @empty_0, void @empty_0, i32 0, i32 0, i32 0, i32 0, void @empty_0, void @empty_0, i32 4294967295, i32 0"   --->   Operation 7 'specinterface' 'specinterface_ln0' <Predicate = true> <Delay = 0.00>
ST_1 : Operation 8 [1/1] (0.00ns)   --->   "%r_read = read i5 @_ssdm_op_Read.ap_auto.i5, i5 %r"   --->   Operation 8 'read' 'r_read' <Predicate = true> <Delay = 0.00>
ST_1 : Operation 9 [1/1] (1.58ns)   --->   "%store_ln0 = store i3 0, i3 %indvars_iv2_i"   --->   Operation 9 'store' 'store_ln0' <Predicate = true> <Delay = 1.58>
ST_1 : Operation 10 [1/1] (0.00ns)   --->   "%br_ln0 = br void %while.body.i59.i"   --->   Operation 10 'br' 'br_ln0' <Predicate = true> <Delay = 0.00>
ST_1 : Operation 11 [1/1] (0.00ns)   --->   "%indvars_iv2_i_load = load i3 %indvars_iv2_i" [clefia.c:121]   --->   Operation 11 'load' 'indvars_iv2_i_load' <Predicate = true> <Delay = 0.00>
ST_1 : Operation 12 [1/1] (0.00ns)   --->   "%specpipeline_ln0 = specpipeline void @_ssdm_op_SpecPipeline, i32 4294967295, i32 0, i32 1, i32 0, void @p_str"   --->   Operation 12 'specpipeline' 'specpipeline_ln0' <Predicate = true> <Delay = 0.00>
ST_1 : Operation 13 [1/1] (1.13ns)   --->   "%icmp_ln123 = icmp_eq  i3 %indvars_iv2_i_load, i3 4" [clefia.c:123]   --->   Operation 13 'icmp' 'icmp_ln123' <Predicate = true> <Delay = 1.13> <CoreInst = "Cmp">   --->   Core 9 'Cmp' <Latency = 0> <II = 1> <Delay = 1.30> <FuncUnit> <Opcode : 'icmp'> <InPorts = 2> <OutPorts = 1>
ST_1 : Operation 14 [1/1] (0.00ns)   --->   "%empty = speclooptripcount i32 @_ssdm_op_SpecLoopTripCount, i64 4, i64 4, i64 4"   --->   Operation 14 'speclooptripcount' 'empty' <Predicate = true> <Delay = 0.00>
ST_1 : Operation 15 [1/1] (1.65ns)   --->   "%add_ln124 = add i3 %indvars_iv2_i_load, i3 1" [clefia.c:124]   --->   Operation 15 'add' 'add_ln124' <Predicate = true> <Delay = 1.65> <CoreInst = "Adder">   --->   Core 1 'Adder' <Latency = 0> <II = 1> <Delay = 1.65> <FuncUnit> <Opcode : 'add' 'sub'> <InPorts = 2> <OutPorts = 1>
ST_1 : Operation 16 [1/1] (0.00ns)   --->   "%br_ln123 = br i1 %icmp_ln123, void %while.body.i59.split.i, void %while.body.i77.i.preheader.exitStub" [clefia.c:123]   --->   Operation 16 'br' 'br_ln123' <Predicate = true> <Delay = 0.00>
ST_1 : Operation 17 [1/1] (0.00ns)   --->   "%trunc_ln121 = trunc i3 %indvars_iv2_i_load" [clefia.c:121]   --->   Operation 17 'trunc' 'trunc_ln121' <Predicate = (!icmp_ln123)> <Delay = 0.00>
ST_1 : Operation 18 [1/1] (0.00ns)   --->   "%or_ln1 = bitconcatenate i8 @_ssdm_op_BitConcatenate.i8.i5.i1.i2, i5 %r_read, i1 0, i2 %trunc_ln121" [clefia.c:121]   --->   Operation 18 'bitconcatenate' 'or_ln1' <Predicate = (!icmp_ln123)> <Delay = 0.00>
ST_1 : Operation 19 [1/1] (0.00ns)   --->   "%or_ln121 = or i8 %or_ln1, i8 8" [clefia.c:121]   --->   Operation 19 'or' 'or_ln121' <Predicate = (!icmp_ln123)> <Delay = 0.00>
ST_1 : Operation 20 [1/1] (0.00ns)   --->   "%zext_ln121_248 = zext i8 %or_ln121" [clefia.c:121]   --->   Operation 20 'zext' 'zext_ln121_248' <Predicate = (!icmp_ln123)> <Delay = 0.00>
ST_1 : Operation 21 [1/1] (0.00ns)   --->   "%rk_addr = getelementptr i8 %rk, i64 0, i64 %zext_ln121_248" [clefia.c:121]   --->   Operation 21 'getelementptr' 'rk_addr' <Predicate = (!icmp_ln123)> <Delay = 0.00>
ST_1 : Operation 22 [1/1] (0.96ns)   --->   "%xor_ln121 = xor i3 %indvars_iv2_i_load, i3 4" [clefia.c:121]   --->   Operation 22 'xor' 'xor_ln121' <Predicate = (!icmp_ln123)> <Delay = 0.96> <CoreInst = "LogicGate">   --->   Core 74 'LogicGate' <Latency = 0> <II = 1> <Delay = 0.97> <FuncUnit> <Opcode : 'and' 'or' 'xor'> <InPorts = 2> <OutPorts = 1>
ST_1 : Operation 23 [1/1] (0.00ns)   --->   "%zext_ln121_249 = zext i3 %xor_ln121" [clefia.c:121]   --->   Operation 23 'zext' 'zext_ln121_249' <Predicate = (!icmp_ln123)> <Delay = 0.00>
ST_1 : Operation 24 [1/1] (0.00ns)   --->   "%Clefia_enc_addr = getelementptr i8 %Clefia_enc, i64 0, i64 %zext_ln121_249" [clefia.c:124]   --->   Operation 24 'getelementptr' 'Clefia_enc_addr' <Predicate = (!icmp_ln123)> <Delay = 0.00>
ST_1 : Operation 25 [2/2] (2.32ns)   --->   "%Clefia_enc_load = load i4 %Clefia_enc_addr" [clefia.c:124]   --->   Operation 25 'load' 'Clefia_enc_load' <Predicate = (!icmp_ln123)> <Delay = 2.32> <CoreInst = "RAM_1P">   --->   Core 86 'RAM_1P' <Latency = 1> <II = 1> <Delay = 2.32> <Storage> <Opcode : 'load' 'store'> <Ports = 1> <Width = 8> <Depth = 16> <RAM>
ST_1 : Operation 26 [2/2] (3.25ns)   --->   "%rk_load = load i8 %rk_addr" [clefia.c:124]   --->   Operation 26 'load' 'rk_load' <Predicate = (!icmp_ln123)> <Delay = 3.25> <CoreInst = "RAM">   --->   Core 82 'RAM' <Latency = 1> <II = 1> <Delay = 3.25> <Storage> <Opcode : 'load' 'store'> <Ports = 2> <Width = 8> <Depth = 224> <RAM>
ST_1 : Operation 27 [1/1] (1.58ns)   --->   "%store_ln123 = store i3 %add_ln124, i3 %indvars_iv2_i" [clefia.c:123]   --->   Operation 27 'store' 'store_ln123' <Predicate = (!icmp_ln123)> <Delay = 1.58>
ST_1 : Operation 34 [1/1] (0.00ns)   --->   "%ret_ln0 = ret"   --->   Operation 34 'ret' 'ret_ln0' <Predicate = (icmp_ln123)> <Delay = 0.00>

State 2 <SV = 1> <Delay = 6.56>
ST_2 : Operation 28 [1/1] (0.00ns)   --->   "%specloopname_ln121 = specloopname void @_ssdm_op_SpecLoopName, void @empty_8" [clefia.c:121]   --->   Operation 28 'specloopname' 'specloopname_ln121' <Predicate = true> <Delay = 0.00>
ST_2 : Operation 29 [1/2] (2.32ns)   --->   "%Clefia_enc_load = load i4 %Clefia_enc_addr" [clefia.c:124]   --->   Operation 29 'load' 'Clefia_enc_load' <Predicate = true> <Delay = 2.32> <CoreInst = "RAM_1P">   --->   Core 86 'RAM_1P' <Latency = 1> <II = 1> <Delay = 2.32> <Storage> <Opcode : 'load' 'store'> <Ports = 1> <Width = 8> <Depth = 16> <RAM>
ST_2 : Operation 30 [1/2] (3.25ns)   --->   "%rk_load = load i8 %rk_addr" [clefia.c:124]   --->   Operation 30 'load' 'rk_load' <Predicate = true> <Delay = 3.25> <CoreInst = "RAM">   --->   Core 82 'RAM' <Latency = 1> <II = 1> <Delay = 3.25> <Storage> <Opcode : 'load' 'store'> <Ports = 2> <Width = 8> <Depth = 224> <RAM>
ST_2 : Operation 31 [1/1] (0.99ns)   --->   "%xor_ln124_51 = xor i8 %rk_load, i8 %Clefia_enc_load" [clefia.c:124]   --->   Operation 31 'xor' 'xor_ln124_51' <Predicate = true> <Delay = 0.99> <CoreInst = "LogicGate">   --->   Core 74 'LogicGate' <Latency = 0> <II = 1> <Delay = 0.99> <FuncUnit> <Opcode : 'and' 'or' 'xor'> <InPorts = 2> <OutPorts = 1>
ST_2 : Operation 32 [1/1] (2.32ns)   --->   "%store_ln124 = store i8 %xor_ln124_51, i4 %Clefia_enc_addr" [clefia.c:124]   --->   Operation 32 'store' 'store_ln124' <Predicate = true> <Delay = 2.32> <CoreInst = "RAM_1P">   --->   Core 86 'RAM_1P' <Latency = 1> <II = 1> <Delay = 2.32> <Storage> <Opcode : 'load' 'store'> <Ports = 1> <Width = 8> <Depth = 16> <RAM>
ST_2 : Operation 33 [1/1] (0.00ns)   --->   "%br_ln123 = br void %while.body.i59.i" [clefia.c:123]   --->   Operation 33 'br' 'br_ln123' <Predicate = true> <Delay = 0.00>


============================================================
+ Verbose Summary: Binding
============================================================
STG Binding: 
---------------- STG Properties BEGIN ----------------
- Is combinational: 0
- Is one-state seq: 0
- Is datapath-only: 0
- Is pipelined: 0
- Is top level: 0
Port [ Return ] is wired: 1; IO mode=ap_ctrl_hs:ce=0
Port [ r]:  wired=1; compound=0; hidden=0; nouse=0; global=0; static=0; extern=0; dir=0; type=0; pingpong=0; private_global=0; IO mode=ap_none:ce=0
Port [ rk]:  wired=1; compound=1; hidden=0; nouse=0; global=0; static=0; extern=0; dir=0; type=1; pingpong=0; private_global=0; MemPort=[13]; IO mode=ap_memory:ce=0
Port [ Clefia_enc]:  wired=1; compound=1; hidden=0; nouse=0; global=0; static=0; extern=0; dir=2; type=1; pingpong=0; private_global=0; MemPort=[2]; IO mode=ap_memory:ce=0
---------------- STG Properties END ------------------

---------------- Datapath Model BEGIN ----------------

<LifeTime>
<method=bitvector/>
indvars_iv2_i      (alloca           ) [ 010]
specmemcore_ln0    (specmemcore      ) [ 000]
specinterface_ln0  (specinterface    ) [ 000]
r_read             (read             ) [ 000]
store_ln0          (store            ) [ 000]
br_ln0             (br               ) [ 000]
indvars_iv2_i_load (load             ) [ 000]
specpipeline_ln0   (specpipeline     ) [ 000]
icmp_ln123         (icmp             ) [ 010]
empty              (speclooptripcount) [ 000]
add_ln124          (add              ) [ 000]
br_ln123           (br               ) [ 000]
trunc_ln121        (trunc            ) [ 000]
or_ln1             (bitconcatenate   ) [ 000]
or_ln121           (or               ) [ 000]
zext_ln121_248     (zext             ) [ 000]
rk_addr            (getelementptr    ) [ 001]
xor_ln121          (xor              ) [ 000]
zext_ln121_249     (zext             ) [ 000]
Clefia_enc_addr    (getelementptr    ) [ 001]
store_ln123        (store            ) [ 000]
specloopname_ln121 (specloopname     ) [ 000]
Clefia_enc_load    (load             ) [ 000]
rk_load            (load             ) [ 000]
xor_ln124_51       (xor              ) [ 000]
store_ln124        (store            ) [ 000]
br_ln123           (br               ) [ 000]
ret_ln0            (ret              ) [ 000]
</LifeTime>

<model>

<comp_list>
<comp id="0" class="1000" name="r">
<pin_list>
<pin id="1" dir="1" index="0" bw="1" slack="0"/>
</pin_list>
<bind>
<StgValue><ssdm name="r"/></StgValue>
</bind>
</comp>

<comp id="2" class="1000" name="rk">
<pin_list>
<pin id="3" dir="1" index="0" bw="1" slack="0"/>
</pin_list>
<bind>
<StgValue><ssdm name="rk"/><MemPortTyVec>1 3 </MemPortTyVec>
</StgValue>
</bind>
</comp>

<comp id="4" class="1000" name="Clefia_enc">
<pin_list>
<pin id="5" dir="1" index="0" bw="1" slack="0"/>
</pin_list>
<bind>
<StgValue><ssdm name="Clefia_enc"/><MemPortTyVec>2 </MemPortTyVec>
</StgValue>
</bind>
</comp>

<comp id="6" class="1001" name="const_6">
<pin_list>
<pin id="7" dir="1" index="0" bw="1" slack="0"/>
</pin_list>
<bind>
<StgValue><ssdm name=""/></StgValue>
</bind>
</comp>

<comp id="8" class="1001" name="const_8">
<pin_list>
<pin id="9" dir="1" index="0" bw="1" slack="2147483647"/>
</pin_list>
<bind>
<StgValue><ssdm name="_ssdm_op_SpecMemCore"/></StgValue>
</bind>
</comp>

<comp id="10" class="1001" name="const_10">
<pin_list>
<pin id="11" dir="1" index="0" bw="1" slack="2147483647"/>
</pin_list>
<bind>
<StgValue><ssdm name=""/></StgValue>
</bind>
</comp>

<comp id="12" class="1001" name="const_12">
<pin_list>
<pin id="13" dir="1" index="0" bw="1" slack="2147483647"/>
</pin_list>
<bind>
<StgValue><ssdm name=""/></StgValue>
</bind>
</comp>

<comp id="14" class="1001" name="const_14">
<pin_list>
<pin id="15" dir="1" index="0" bw="1" slack="2147483647"/>
</pin_list>
<bind>
<StgValue><ssdm name=""/></StgValue>
</bind>
</comp>

<comp id="16" class="1001" name="const_16">
<pin_list>
<pin id="17" dir="1" index="0" bw="1" slack="2147483647"/>
</pin_list>
<bind>
<StgValue><ssdm name="_ssdm_op_SpecInterface"/></StgValue>
</bind>
</comp>

<comp id="18" class="1001" name="const_18">
<pin_list>
<pin id="19" dir="1" index="0" bw="1" slack="2147483647"/>
</pin_list>
<bind>
<StgValue><ssdm name="empty_3"/></StgValue>
</bind>
</comp>

<comp id="20" class="1001" name="const_20">
<pin_list>
<pin id="21" dir="1" index="0" bw="1" slack="2147483647"/>
</pin_list>
<bind>
<StgValue><ssdm name=""/></StgValue>
</bind>
</comp>

<comp id="22" class="1001" name="const_22">
<pin_list>
<pin id="23" dir="1" index="0" bw="1" slack="2147483647"/>
</pin_list>
<bind>
<StgValue><ssdm name="empty_0"/></StgValue>
</bind>
</comp>

<comp id="24" class="1001" name="const_24">
<pin_list>
<pin id="25" dir="1" index="0" bw="1" slack="2147483647"/>
</pin_list>
<bind>
<StgValue><ssdm name=""/></StgValue>
</bind>
</comp>

<comp id="26" class="1001" name="const_26">
<pin_list>
<pin id="27" dir="1" index="0" bw="1" slack="0"/>
</pin_list>
<bind>
<StgValue><ssdm name="_ssdm_op_Read.ap_auto.i5"/></StgValue>
</bind>
</comp>

<comp id="28" class="1001" name="const_28">
<pin_list>
<pin id="29" dir="1" index="0" bw="1" slack="0"/>
</pin_list>
<bind>
<StgValue><ssdm name=""/></StgValue>
</bind>
</comp>

<comp id="30" class="1001" name="const_30">
<pin_list>
<pin id="31" dir="1" index="0" bw="1" slack="2147483647"/>
</pin_list>
<bind>
<StgValue><ssdm name="_ssdm_op_SpecPipeline"/></StgValue>
</bind>
</comp>

<comp id="32" class="1001" name="const_32">
<pin_list>
<pin id="33" dir="1" index="0" bw="1" slack="2147483647"/>
</pin_list>
<bind>
<StgValue><ssdm name="p_str"/></StgValue>
</bind>
</comp>

<comp id="34" class="1001" name="const_34">
<pin_list>
<pin id="35" dir="1" index="0" bw="1" slack="0"/>
</pin_list>
<bind>
<StgValue><ssdm name=""/></StgValue>
</bind>
</comp>

<comp id="36" class="1001" name="const_36">
<pin_list>
<pin id="37" dir="1" index="0" bw="1" slack="2147483647"/>
</pin_list>
<bind>
<StgValue><ssdm name="_ssdm_op_SpecLoopTripCount"/></StgValue>
</bind>
</comp>

<comp id="38" class="1001" name="const_38">
<pin_list>
<pin id="39" dir="1" index="0" bw="1" slack="2147483647"/>
</pin_list>
<bind>
<StgValue><ssdm name=""/></StgValue>
</bind>
</comp>

<comp id="40" class="1001" name="const_40">
<pin_list>
<pin id="41" dir="1" index="0" bw="1" slack="0"/>
</pin_list>
<bind>
<StgValue><ssdm name=""/></StgValue>
</bind>
</comp>

<comp id="42" class="1001" name="const_42">
<pin_list>
<pin id="43" dir="1" index="0" bw="1" slack="0"/>
</pin_list>
<bind>
<StgValue><ssdm name="_ssdm_op_BitConcatenate.i8.i5.i1.i2"/></StgValue>
</bind>
</comp>

<comp id="44" class="1001" name="const_44">
<pin_list>
<pin id="45" dir="1" index="0" bw="1" slack="0"/>
</pin_list>
<bind>
<StgValue><ssdm name=""/></StgValue>
</bind>
</comp>

<comp id="46" class="1001" name="const_46">
<pin_list>
<pin id="47" dir="1" index="0" bw="1" slack="0"/>
</pin_list>
<bind>
<StgValue><ssdm name=""/></StgValue>
</bind>
</comp>

<comp id="48" class="1001" name="const_48">
<pin_list>
<pin id="49" dir="1" index="0" bw="1" slack="0"/>
</pin_list>
<bind>
<StgValue><ssdm name=""/></StgValue>
</bind>
</comp>

<comp id="50" class="1001" name="const_50">
<pin_list>
<pin id="51" dir="1" index="0" bw="1" slack="2147483647"/>
</pin_list>
<bind>
<StgValue><ssdm name="_ssdm_op_SpecLoopName"/></StgValue>
</bind>
</comp>

<comp id="52" class="1001" name="const_52">
<pin_list>
<pin id="53" dir="1" index="0" bw="1" slack="2147483647"/>
</pin_list>
<bind>
<StgValue><ssdm name="empty_8"/></StgValue>
</bind>
</comp>

<comp id="54" class="1004" name="indvars_iv2_i_fu_54">
<pin_list>
<pin id="55" dir="0" index="0" bw="1" slack="0"/>
<pin id="56" dir="1" index="1" bw="3" slack="0"/>
</pin_list>
<bind>
<opcode="alloca(26) " fcode="alloca"/>
<opset="indvars_iv2_i/1 "/>
</bind>
</comp>

<comp id="58" class="1004" name="r_read_read_fu_58">
<pin_list>
<pin id="59" dir="0" index="0" bw="5" slack="0"/>
<pin id="60" dir="0" index="1" bw="5" slack="0"/>
<pin id="61" dir="1" index="2" bw="5" slack="0"/>
</pin_list>
<bind>
<opcode="read(1150) " fcode="read"/>
<opset="r_read/1 "/>
</bind>
</comp>

<comp id="64" class="1004" name="rk_addr_gep_fu_64">
<pin_list>
<pin id="65" dir="0" index="0" bw="8" slack="0"/>
<pin id="66" dir="0" index="1" bw="1" slack="0"/>
<pin id="67" dir="0" index="2" bw="8" slack="0"/>
<pin id="68" dir="1" index="3" bw="8" slack="0"/>
</pin_list>
<bind>
<opcode="getelementptr(29) " fcode="getelementptr"/>
<opset="rk_addr/1 "/>
</bind>
</comp>

<comp id="71" class="1004" name="Clefia_enc_addr_gep_fu_71">
<pin_list>
<pin id="72" dir="0" index="0" bw="8" slack="0"/>
<pin id="73" dir="0" index="1" bw="1" slack="0"/>
<pin id="74" dir="0" index="2" bw="3" slack="0"/>
<pin id="75" dir="1" index="3" bw="4" slack="0"/>
</pin_list>
<bind>
<opcode="getelementptr(29) " fcode="getelementptr"/>
<opset="Clefia_enc_addr/1 "/>
</bind>
</comp>

<comp id="78" class="1004" name="grp_access_fu_78">
<pin_list>
<pin id="79" dir="0" index="0" bw="4" slack="0"/>
<pin id="80" dir="0" index="1" bw="8" slack="0"/>
<pin id="81" dir="0" index="2" bw="0" slack="2147483647"/>
<pin id="82" dir="1" index="3" bw="8" slack="0"/>
</pin_list>
<bind>
<opcode="load(27) store(28) " fcode="store"/>
<opset="Clefia_enc_load/1 store_ln124/2 "/>
</bind>
</comp>

<comp id="84" class="1004" name="grp_access_fu_84">
<pin_list>
<pin id="85" dir="0" index="0" bw="8" slack="0"/>
<pin id="86" dir="0" index="1" bw="8" slack="2147483647"/>
<pin id="87" dir="0" index="2" bw="0" slack="2147483647"/>
<pin id="88" dir="1" index="3" bw="8" slack="0"/>
</pin_list>
<bind>
<opcode="load(27) " fcode="load"/>
<opset="rk_load/1 "/>
</bind>
</comp>

<comp id="90" class="1004" name="store_ln0_store_fu_90">
<pin_list>
<pin id="91" dir="0" index="0" bw="1" slack="0"/>
<pin id="92" dir="0" index="1" bw="3" slack="0"/>
<pin id="93" dir="1" index="2" bw="0" slack="2147483647"/>
</pin_list>
<bind>
<opcode="store(28) " fcode="store"/>
<opset="store_ln0/1 "/>
</bind>
</comp>

<comp id="95" class="1004" name="indvars_iv2_i_load_load_fu_95">
<pin_list>
<pin id="96" dir="0" index="0" bw="3" slack="0"/>
<pin id="97" dir="1" index="1" bw="3" slack="0"/>
</pin_list>
<bind>
<opcode="load(27) " fcode="load"/>
<opset="indvars_iv2_i_load/1 "/>
</bind>
</comp>

<comp id="98" class="1004" name="icmp_ln123_fu_98">
<pin_list>
<pin id="99" dir="0" index="0" bw="3" slack="0"/>
<pin id="100" dir="0" index="1" bw="3" slack="0"/>
<pin id="101" dir="1" index="2" bw="1" slack="2147483647"/>
</pin_list>
<bind>
<opcode="icmp(45) " fcode="icmp"/>
<opset="icmp_ln123/1 "/>
</bind>
</comp>

<comp id="104" class="1004" name="add_ln124_fu_104">
<pin_list>
<pin id="105" dir="0" index="0" bw="3" slack="0"/>
<pin id="106" dir="0" index="1" bw="1" slack="0"/>
<pin id="107" dir="1" index="2" bw="3" slack="0"/>
</pin_list>
<bind>
<opcode="add(8) " fcode="add"/>
<opset="add_ln124/1 "/>
</bind>
</comp>

<comp id="110" class="1004" name="trunc_ln121_fu_110">
<pin_list>
<pin id="111" dir="0" index="0" bw="3" slack="0"/>
<pin id="112" dir="1" index="1" bw="2" slack="0"/>
</pin_list>
<bind>
<opcode="trunc(33) " fcode="trunc"/>
<opset="trunc_ln121/1 "/>
</bind>
</comp>

<comp id="114" class="1004" name="or_ln1_fu_114">
<pin_list>
<pin id="115" dir="0" index="0" bw="8" slack="0"/>
<pin id="116" dir="0" index="1" bw="5" slack="0"/>
<pin id="117" dir="0" index="2" bw="1" slack="0"/>
<pin id="118" dir="0" index="3" bw="2" slack="0"/>
<pin id="119" dir="1" index="4" bw="8" slack="0"/>
</pin_list>
<bind>
<opcode="bitconcatenate(1004) " fcode="bitconcatenate"/>
<opset="or_ln1/1 "/>
</bind>
</comp>

<comp id="124" class="1004" name="or_ln121_fu_124">
<pin_list>
<pin id="125" dir="0" index="0" bw="8" slack="0"/>
<pin id="126" dir="0" index="1" bw="8" slack="0"/>
<pin id="127" dir="1" index="2" bw="8" slack="0"/>
</pin_list>
<bind>
<opcode="or(24) " fcode="or"/>
<opset="or_ln121/1 "/>
</bind>
</comp>

<comp id="130" class="1004" name="zext_ln121_248_fu_130">
<pin_list>
<pin id="131" dir="0" index="0" bw="8" slack="0"/>
<pin id="132" dir="1" index="1" bw="64" slack="0"/>
</pin_list>
<bind>
<opcode="zext(34) " fcode="zext"/>
<opset="zext_ln121_248/1 "/>
</bind>
</comp>

<comp id="135" class="1004" name="xor_ln121_fu_135">
<pin_list>
<pin id="136" dir="0" index="0" bw="3" slack="0"/>
<pin id="137" dir="0" index="1" bw="3" slack="0"/>
<pin id="138" dir="1" index="2" bw="3" slack="0"/>
</pin_list>
<bind>
<opcode="xor(25) " fcode="xor"/>
<opset="xor_ln121/1 "/>
</bind>
</comp>

<comp id="141" class="1004" name="zext_ln121_249_fu_141">
<pin_list>
<pin id="142" dir="0" index="0" bw="3" slack="0"/>
<pin id="143" dir="1" index="1" bw="64" slack="0"/>
</pin_list>
<bind>
<opcode="zext(34) " fcode="zext"/>
<opset="zext_ln121_249/1 "/>
</bind>
</comp>

<comp id="146" class="1004" name="store_ln123_store_fu_146">
<pin_list>
<pin id="147" dir="0" index="0" bw="3" slack="0"/>
<pin id="148" dir="0" index="1" bw="3" slack="0"/>
<pin id="149" dir="1" index="2" bw="0" slack="2147483647"/>
</pin_list>
<bind>
<opcode="store(28) " fcode="store"/>
<opset="store_ln123/1 "/>
</bind>
</comp>

<comp id="151" class="1004" name="xor_ln124_51_fu_151">
<pin_list>
<pin id="152" dir="0" index="0" bw="8" slack="0"/>
<pin id="153" dir="0" index="1" bw="8" slack="0"/>
<pin id="154" dir="1" index="2" bw="8" slack="0"/>
</pin_list>
<bind>
<opcode="xor(25) " fcode="xor"/>
<opset="xor_ln124_51/2 "/>
</bind>
</comp>

<comp id="158" class="1005" name="indvars_iv2_i_reg_158">
<pin_list>
<pin id="159" dir="0" index="0" bw="3" slack="0"/>
<pin id="160" dir="1" index="1" bw="3" slack="0"/>
</pin_list>
<bind>
<opset="indvars_iv2_i "/>
</bind>
</comp>

<comp id="168" class="1005" name="rk_addr_reg_168">
<pin_list>
<pin id="169" dir="0" index="0" bw="8" slack="1"/>
<pin id="170" dir="1" index="1" bw="8" slack="1"/>
</pin_list>
<bind>
<opset="rk_addr "/>
</bind>
</comp>

<comp id="173" class="1005" name="Clefia_enc_addr_reg_173">
<pin_list>
<pin id="174" dir="0" index="0" bw="4" slack="1"/>
<pin id="175" dir="1" index="1" bw="4" slack="1"/>
</pin_list>
<bind>
<opset="Clefia_enc_addr "/>
</bind>
</comp>

</comp_list>

<net_list>
<net id="57"><net_src comp="6" pin="0"/><net_sink comp="54" pin=0"/></net>

<net id="62"><net_src comp="26" pin="0"/><net_sink comp="58" pin=0"/></net>

<net id="63"><net_src comp="0" pin="0"/><net_sink comp="58" pin=1"/></net>

<net id="69"><net_src comp="2" pin="0"/><net_sink comp="64" pin=0"/></net>

<net id="70"><net_src comp="48" pin="0"/><net_sink comp="64" pin=1"/></net>

<net id="76"><net_src comp="4" pin="0"/><net_sink comp="71" pin=0"/></net>

<net id="77"><net_src comp="48" pin="0"/><net_sink comp="71" pin=1"/></net>

<net id="83"><net_src comp="71" pin="3"/><net_sink comp="78" pin=0"/></net>

<net id="89"><net_src comp="64" pin="3"/><net_sink comp="84" pin=0"/></net>

<net id="94"><net_src comp="28" pin="0"/><net_sink comp="90" pin=0"/></net>

<net id="102"><net_src comp="95" pin="1"/><net_sink comp="98" pin=0"/></net>

<net id="103"><net_src comp="34" pin="0"/><net_sink comp="98" pin=1"/></net>

<net id="108"><net_src comp="95" pin="1"/><net_sink comp="104" pin=0"/></net>

<net id="109"><net_src comp="40" pin="0"/><net_sink comp="104" pin=1"/></net>

<net id="113"><net_src comp="95" pin="1"/><net_sink comp="110" pin=0"/></net>

<net id="120"><net_src comp="42" pin="0"/><net_sink comp="114" pin=0"/></net>

<net id="121"><net_src comp="58" pin="2"/><net_sink comp="114" pin=1"/></net>

<net id="122"><net_src comp="44" pin="0"/><net_sink comp="114" pin=2"/></net>

<net id="123"><net_src comp="110" pin="1"/><net_sink comp="114" pin=3"/></net>

<net id="128"><net_src comp="114" pin="4"/><net_sink comp="124" pin=0"/></net>

<net id="129"><net_src comp="46" pin="0"/><net_sink comp="124" pin=1"/></net>

<net id="133"><net_src comp="124" pin="2"/><net_sink comp="130" pin=0"/></net>

<net id="134"><net_src comp="130" pin="1"/><net_sink comp="64" pin=2"/></net>

<net id="139"><net_src comp="95" pin="1"/><net_sink comp="135" pin=0"/></net>

<net id="140"><net_src comp="34" pin="0"/><net_sink comp="135" pin=1"/></net>

<net id="144"><net_src comp="135" pin="2"/><net_sink comp="141" pin=0"/></net>

<net id="145"><net_src comp="141" pin="1"/><net_sink comp="71" pin=2"/></net>

<net id="150"><net_src comp="104" pin="2"/><net_sink comp="146" pin=0"/></net>

<net id="155"><net_src comp="84" pin="3"/><net_sink comp="151" pin=0"/></net>

<net id="156"><net_src comp="78" pin="3"/><net_sink comp="151" pin=1"/></net>

<net id="157"><net_src comp="151" pin="2"/><net_sink comp="78" pin=1"/></net>

<net id="161"><net_src comp="54" pin="1"/><net_sink comp="158" pin=0"/></net>

<net id="162"><net_src comp="158" pin="1"/><net_sink comp="90" pin=1"/></net>

<net id="163"><net_src comp="158" pin="1"/><net_sink comp="95" pin=0"/></net>

<net id="164"><net_src comp="158" pin="1"/><net_sink comp="146" pin=1"/></net>

<net id="171"><net_src comp="64" pin="3"/><net_sink comp="168" pin=0"/></net>

<net id="172"><net_src comp="168" pin="1"/><net_sink comp="84" pin=0"/></net>

<net id="176"><net_src comp="71" pin="3"/><net_sink comp="173" pin=0"/></net>

<net id="177"><net_src comp="173" pin="1"/><net_sink comp="78" pin=0"/></net>

</net_list>

</model> 
---------------- Datapath Model END ------------------

* FSMD analyzer results:
  - Output states:
	Port: Clefia_enc | {2 }
 - Input state : 
	Port: clefia_Pipeline_ByteXor_label269 : r | {1 }
	Port: clefia_Pipeline_ByteXor_label269 : rk | {1 2 }
	Port: clefia_Pipeline_ByteXor_label269 : Clefia_enc | {1 2 }
  - Chain level:
	State 1
		store_ln0 : 1
		indvars_iv2_i_load : 1
		icmp_ln123 : 2
		add_ln124 : 2
		br_ln123 : 3
		trunc_ln121 : 2
		or_ln1 : 3
		or_ln121 : 4
		zext_ln121_248 : 4
		rk_addr : 5
		xor_ln121 : 2
		zext_ln121_249 : 2
		Clefia_enc_addr : 3
		Clefia_enc_load : 4
		rk_load : 6
		store_ln123 : 3
	State 2
		xor_ln124_51 : 1
		store_ln124 : 1


============================================================
+ Verbose Summary: Datapath Resource usage 
============================================================

* Functional unit list:
|----------|-----------------------|---------|---------|
| Operation|    Functional Unit    |    FF   |   LUT   |
|----------|-----------------------|---------|---------|
|    add   |    add_ln124_fu_104   |    0    |    11   |
|----------|-----------------------|---------|---------|
|    xor   |    xor_ln121_fu_135   |    0    |    3    |
|          |  xor_ln124_51_fu_151  |    0    |    8    |
|----------|-----------------------|---------|---------|
|   icmp   |    icmp_ln123_fu_98   |    0    |    8    |
|----------|-----------------------|---------|---------|
|   read   |   r_read_read_fu_58   |    0    |    0    |
|----------|-----------------------|---------|---------|
|   trunc  |   trunc_ln121_fu_110  |    0    |    0    |
|----------|-----------------------|---------|---------|
|bitconcatenate|     or_ln1_fu_114     |    0    |    0    |
|----------|-----------------------|---------|---------|
|    or    |    or_ln121_fu_124    |    0    |    0    |
|----------|-----------------------|---------|---------|
|   zext   | zext_ln121_248_fu_130 |    0    |    0    |
|          | zext_ln121_249_fu_141 |    0    |    0    |
|----------|-----------------------|---------|---------|
|   Total  |                       |    0    |    30   |
|----------|-----------------------|---------|---------|

Memories:
N/A

* Register list:
+-----------------------+--------+
|                       |   FF   |
+-----------------------+--------+
|Clefia_enc_addr_reg_173|    4   |
| indvars_iv2_i_reg_158 |    3   |
|    rk_addr_reg_168    |    8   |
+-----------------------+--------+
|         Total         |   15   |
+-----------------------+--------+

* Multiplexer (MUX) list: 
|------------------|------|------|------|--------||---------||---------|
|       Comp       |  Pin | Size |  BW  | S x BW ||  Delay  ||   LUT   |
|------------------|------|------|------|--------||---------||---------|
| grp_access_fu_78 |  p0  |   2  |   4  |    8   ||    9    |
| grp_access_fu_84 |  p0  |   2  |   8  |   16   ||    9    |
|------------------|------|------|------|--------||---------||---------|
|       Total      |      |      |      |   24   ||  3.176  ||    18   |
|------------------|------|------|------|--------||---------||---------|



* Summary:
+-----------+--------+--------+--------+
|           |  Delay |   FF   |   LUT  |
+-----------+--------+--------+--------+
|  Function |    -   |    0   |   30   |
|   Memory  |    -   |    -   |    -   |
|Multiplexer|    3   |    -   |   18   |
|  Register |    -   |   15   |    -   |
+-----------+--------+--------+--------+
|   Total   |    3   |   15   |   48   |
+-----------+--------+--------+--------+
