

================================================================
== Vitis HLS Report for 'clefia_Pipeline_ByteXor_label255'
================================================================
* Date:           Mon Dec 12 08:58:27 2022

* Version:        2022.1 (Build 3526262 on Mon Apr 18 15:48:16 MDT 2022)
* Project:        CLEFIA_ip
* Solution:       solution4 (Vivado IP Flow Target)
* Product family: zynq
* Target device:  xc7z020-clg400-1


================================================================
== Performance Estimates
================================================================
+ Timing: 
    * Summary: 
    +--------+----------+----------+------------+
    |  Clock |  Target  | Estimated| Uncertainty|
    +--------+----------+----------+------------+
    |ap_clk  |  10.00 ns|  6.566 ns|     2.70 ns|
    +--------+----------+----------+------------+

+ Latency: 
    * Summary: 
    +---------+---------+----------+----------+-----+-----+---------+
    |  Latency (cycles) |  Latency (absolute) |  Interval | Pipeline|
    |   min   |   max   |    min   |    max   | min | max |   Type  |
    +---------+---------+----------+----------+-----+-----+---------+
    |       10|       10|  0.100 us|  0.100 us|   10|   10|       no|
    +---------+---------+----------+----------+-----+-----+---------+

    + Detail: 
        * Instance: 
        N/A

        * Loop: 
        +------------------+---------+---------+----------+-----------+-----------+------+----------+
        |                  |  Latency (cycles) | Iteration|  Initiation Interval  | Trip |          |
        |     Loop Name    |   min   |   max   |  Latency |  achieved |   target  | Count| Pipelined|
        +------------------+---------+---------+----------+-----------+-----------+------+----------+
        |- ByteXor_label2  |        8|        8|         2|          1|          1|     8|       yes|
        +------------------+---------+---------+----------+-----------+-----------+------+----------+

============================================================
+ Verbose Summary: Synthesis Manager
============================================================
InlineROM: 1
ExposeGlobal: 0
============================================================
+ Verbose Summary: CDFG Model
============================================================
IsTopModel: 0
ResetActiveHigh: 1
IsCombinational: 0
IsDatapathOnly: 0
HasWiredReturn: 1
HasMFsm: 2
HasVarLatency: 1
IsPipeline: 0
IsRtlPipelined: 0
IsInstanceOverlapped: 0
IsDontTouch: 0
HasImplIP: 0
IsGatedGlobalClock: 0

+ Individual pipeline summary: 
  * Pipeline-0: initiation interval (II) = 1, depth = 2


============================================================
+ Verbose Summary: Schedule
============================================================
* Number of FSM states : 2
* Pipeline : 1
  Pipeline-0 : II = 1, D = 2, States = { 1 2 }
* Dataflow Pipeline: 0

* FSM state transitions: 
1 --> 2 
2 --> 

* FSM state operations: 

State 1 <SV = 0> <Delay = 3.32>
ST_1 : Operation 5 [1/1] (0.00ns)   --->   "%idx_i1557 = alloca i32 1"   --->   Operation 5 'alloca' 'idx_i1557' <Predicate = true> <Delay = 0.00>
ST_1 : Operation 6 [1/1] (1.58ns)   --->   "%store_ln0 = store i4 0, i4 %idx_i1557"   --->   Operation 6 'store' 'store_ln0' <Predicate = true> <Delay = 1.58>
ST_1 : Operation 7 [1/1] (0.00ns)   --->   "%br_ln0 = br void %while.body.i1559"   --->   Operation 7 'br' 'br_ln0' <Predicate = true> <Delay = 0.00>
ST_1 : Operation 8 [1/1] (0.00ns)   --->   "%idx_i1557_load = load i4 %idx_i1557" [clefia.c:124->clefia.c:338->clefia.c:399]   --->   Operation 8 'load' 'idx_i1557_load' <Predicate = true> <Delay = 0.00>
ST_1 : Operation 9 [1/1] (0.00ns)   --->   "%specpipeline_ln0 = specpipeline void @_ssdm_op_SpecPipeline, i32 4294967295, i32 0, i32 1, i32 0, void @p_str"   --->   Operation 9 'specpipeline' 'specpipeline_ln0' <Predicate = true> <Delay = 0.00>
ST_1 : Operation 10 [1/1] (1.30ns)   --->   "%icmp_ln123 = icmp_eq  i4 %idx_i1557_load, i4 8" [clefia.c:123->clefia.c:338->clefia.c:399]   --->   Operation 10 'icmp' 'icmp_ln123' <Predicate = true> <Delay = 1.30> <CoreInst = "Cmp">   --->   Core 9 'Cmp' <Latency = 0> <II = 1> <Delay = 1.30> <FuncUnit> <Opcode : 'icmp'> <InPorts = 2> <OutPorts = 1>
ST_1 : Operation 11 [1/1] (0.00ns)   --->   "%empty = speclooptripcount i32 @_ssdm_op_SpecLoopTripCount, i64 8, i64 8, i64 8"   --->   Operation 11 'speclooptripcount' 'empty' <Predicate = true> <Delay = 0.00>
ST_1 : Operation 12 [1/1] (1.73ns)   --->   "%add_ln124 = add i4 %idx_i1557_load, i4 1" [clefia.c:124->clefia.c:338->clefia.c:399]   --->   Operation 12 'add' 'add_ln124' <Predicate = true> <Delay = 1.73> <CoreInst = "Adder">   --->   Core 1 'Adder' <Latency = 0> <II = 1> <Delay = 1.73> <FuncUnit> <Opcode : 'add' 'sub'> <InPorts = 2> <OutPorts = 1>
ST_1 : Operation 13 [1/1] (0.00ns)   --->   "%br_ln123 = br i1 %icmp_ln123, void %while.body.split.i1562, void %ByteXor.exit1563.exitStub" [clefia.c:123->clefia.c:338->clefia.c:399]   --->   Operation 13 'br' 'br_ln123' <Predicate = true> <Delay = 0.00>
ST_1 : Operation 14 [1/1] (0.00ns)   --->   "%zext_ln121_2 = zext i4 %idx_i1557_load" [clefia.c:121->clefia.c:338->clefia.c:399]   --->   Operation 14 'zext' 'zext_ln121_2' <Predicate = (!icmp_ln123)> <Delay = 0.00>
ST_1 : Operation 15 [1/1] (0.00ns)   --->   "%zext_ln121_73_cast = bitconcatenate i5 @_ssdm_op_BitConcatenate.i5.i1.i4, i1 1, i4 %idx_i1557_load" [clefia.c:121->clefia.c:338->clefia.c:399]   --->   Operation 15 'bitconcatenate' 'zext_ln121_73_cast' <Predicate = (!icmp_ln123)> <Delay = 0.00>
ST_1 : Operation 16 [1/1] (0.00ns)   --->   "%zext_ln121 = zext i5 %zext_ln121_73_cast" [clefia.c:121->clefia.c:338->clefia.c:399]   --->   Operation 16 'zext' 'zext_ln121' <Predicate = (!icmp_ln123)> <Delay = 0.00>
ST_1 : Operation 17 [1/1] (0.00ns)   --->   "%skey256_addr = getelementptr i8 %skey256, i64 0, i64 %zext_ln121" [clefia.c:121->clefia.c:338->clefia.c:399]   --->   Operation 17 'getelementptr' 'skey256_addr' <Predicate = (!icmp_ln123)> <Delay = 0.00>
ST_1 : Operation 18 [1/1] (0.00ns)   --->   "%skey256_addr_2 = getelementptr i8 %skey256, i64 0, i64 %zext_ln121_2" [clefia.c:121->clefia.c:338->clefia.c:399]   --->   Operation 18 'getelementptr' 'skey256_addr_2' <Predicate = (!icmp_ln123)> <Delay = 0.00>
ST_1 : Operation 19 [2/2] (2.32ns)   --->   "%skey256_load = load i5 %skey256_addr_2" [clefia.c:124->clefia.c:338->clefia.c:399]   --->   Operation 19 'load' 'skey256_load' <Predicate = (!icmp_ln123)> <Delay = 2.32> <CoreInst = "RAM">   --->   Core 82 'RAM' <Latency = 1> <II = 1> <Delay = 2.32> <Storage> <Opcode : 'load' 'store'> <Ports = 2> <Width = 8> <Depth = 32> <RAM>
ST_1 : Operation 20 [2/2] (2.32ns)   --->   "%skey256_load_2 = load i5 %skey256_addr" [clefia.c:124->clefia.c:338->clefia.c:399]   --->   Operation 20 'load' 'skey256_load_2' <Predicate = (!icmp_ln123)> <Delay = 2.32> <CoreInst = "RAM">   --->   Core 82 'RAM' <Latency = 1> <II = 1> <Delay = 2.32> <Storage> <Opcode : 'load' 'store'> <Ports = 2> <Width = 8> <Depth = 32> <RAM>
ST_1 : Operation 21 [1/1] (1.58ns)   --->   "%store_ln123 = store i4 %add_ln124, i4 %idx_i1557" [clefia.c:123->clefia.c:338->clefia.c:399]   --->   Operation 21 'store' 'store_ln123' <Predicate = (!icmp_ln123)> <Delay = 1.58>
ST_1 : Operation 29 [1/1] (0.00ns)   --->   "%ret_ln0 = ret"   --->   Operation 29 'ret' 'ret_ln0' <Predicate = (icmp_ln123)> <Delay = 0.00>

State 2 <SV = 1> <Delay = 6.56>
ST_2 : Operation 22 [1/1] (0.00ns)   --->   "%specloopname_ln121 = specloopname void @_ssdm_op_SpecLoopName, void @empty_8" [clefia.c:121->clefia.c:338->clefia.c:399]   --->   Operation 22 'specloopname' 'specloopname_ln121' <Predicate = true> <Delay = 0.00>
ST_2 : Operation 23 [1/1] (0.00ns)   --->   "%rk_addr_50 = getelementptr i8 %rk, i64 0, i64 %zext_ln121_2" [clefia.c:121->clefia.c:338->clefia.c:399]   --->   Operation 23 'getelementptr' 'rk_addr_50' <Predicate = true> <Delay = 0.00>
ST_2 : Operation 24 [1/2] (2.32ns)   --->   "%skey256_load = load i5 %skey256_addr_2" [clefia.c:124->clefia.c:338->clefia.c:399]   --->   Operation 24 'load' 'skey256_load' <Predicate = true> <Delay = 2.32> <CoreInst = "RAM">   --->   Core 82 'RAM' <Latency = 1> <II = 1> <Delay = 2.32> <Storage> <Opcode : 'load' 'store'> <Ports = 2> <Width = 8> <Depth = 32> <RAM>
ST_2 : Operation 25 [1/2] (2.32ns)   --->   "%skey256_load_2 = load i5 %skey256_addr" [clefia.c:124->clefia.c:338->clefia.c:399]   --->   Operation 25 'load' 'skey256_load_2' <Predicate = true> <Delay = 2.32> <CoreInst = "RAM">   --->   Core 82 'RAM' <Latency = 1> <II = 1> <Delay = 2.32> <Storage> <Opcode : 'load' 'store'> <Ports = 2> <Width = 8> <Depth = 32> <RAM>
ST_2 : Operation 26 [1/1] (0.99ns)   --->   "%xor_ln124_26 = xor i8 %skey256_load_2, i8 %skey256_load" [clefia.c:124->clefia.c:338->clefia.c:399]   --->   Operation 26 'xor' 'xor_ln124_26' <Predicate = true> <Delay = 0.99> <CoreInst = "LogicGate">   --->   Core 74 'LogicGate' <Latency = 0> <II = 1> <Delay = 0.99> <FuncUnit> <Opcode : 'and' 'or' 'xor'> <InPorts = 2> <OutPorts = 1>
ST_2 : Operation 27 [1/1] (3.25ns)   --->   "%store_ln124 = store i8 %xor_ln124_26, i8 %rk_addr_50" [clefia.c:124->clefia.c:338->clefia.c:399]   --->   Operation 27 'store' 'store_ln124' <Predicate = true> <Delay = 3.25> <CoreInst = "RAM">   --->   Core 82 'RAM' <Latency = 1> <II = 1> <Delay = 3.25> <Storage> <Opcode : 'load' 'store'> <Ports = 2> <Width = 8> <Depth = 224> <RAM>
ST_2 : Operation 28 [1/1] (0.00ns)   --->   "%br_ln123 = br void %while.body.i1559" [clefia.c:123->clefia.c:338->clefia.c:399]   --->   Operation 28 'br' 'br_ln123' <Predicate = true> <Delay = 0.00>


============================================================
+ Verbose Summary: Binding
============================================================
STG Binding: 
---------------- STG Properties BEGIN ----------------
- Is combinational: 0
- Is one-state seq: 0
- Is datapath-only: 0
- Is pipelined: 0
- Is top level: 0
Port [ Return ] is wired: 1; IO mode=ap_ctrl_hs:ce=0
Port [ skey256]:  wired=1; compound=1; hidden=0; nouse=0; global=0; static=0; extern=0; dir=0; type=1; pingpong=0; private_global=0; MemPort=[11]; IO mode=ap_memory:ce=0
Port [ rk]:  wired=1; compound=1; hidden=0; nouse=0; global=0; static=0; extern=0; dir=1; type=1; pingpong=0; private_global=0; MemPort=[03]; IO mode=ap_memory:ce=0
---------------- STG Properties END ------------------

---------------- Datapath Model BEGIN ----------------

<LifeTime>
<method=bitvector/>
idx_i1557          (alloca           ) [ 010]
store_ln0          (store            ) [ 000]
br_ln0             (br               ) [ 000]
idx_i1557_load     (load             ) [ 000]
specpipeline_ln0   (specpipeline     ) [ 000]
icmp_ln123         (icmp             ) [ 010]
empty              (speclooptripcount) [ 000]
add_ln124          (add              ) [ 000]
br_ln123           (br               ) [ 000]
zext_ln121_2       (zext             ) [ 011]
zext_ln121_73_cast (bitconcatenate   ) [ 000]
zext_ln121         (zext             ) [ 000]
skey256_addr       (getelementptr    ) [ 011]
skey256_addr_2     (getelementptr    ) [ 011]
store_ln123        (store            ) [ 000]
specloopname_ln121 (specloopname     ) [ 000]
rk_addr_50         (getelementptr    ) [ 000]
skey256_load       (load             ) [ 000]
skey256_load_2     (load             ) [ 000]
xor_ln124_26       (xor              ) [ 000]
store_ln124        (store            ) [ 000]
br_ln123           (br               ) [ 000]
ret_ln0            (ret              ) [ 000]
</LifeTime>

<model>

<comp_list>
<comp id="0" class="1000" name="skey256">
<pin_list>
<pin id="1" dir="1" index="0" bw="1" slack="0"/>
</pin_list>
<bind>
<StgValue><ssdm name="skey256"/><MemPortTyVec>1 1 </MemPortTyVec>
</StgValue>
</bind>
</comp>

<comp id="2" class="1000" name="rk">
<pin_list>
<pin id="3" dir="1" index="0" bw="1" slack="0"/>
</pin_list>
<bind>
<StgValue><ssdm name="rk"/><MemPortTyVec>0 3 </MemPortTyVec>
</StgValue>
</bind>
</comp>

<comp id="4" class="1001" name="const_4">
<pin_list>
<pin id="5" dir="1" index="0" bw="1" slack="0"/>
</pin_list>
<bind>
<StgValue><ssdm name=""/></StgValue>
</bind>
</comp>

<comp id="6" class="1001" name="const_6">
<pin_list>
<pin id="7" dir="1" index="0" bw="1" slack="0"/>
</pin_list>
<bind>
<StgValue><ssdm name=""/></StgValue>
</bind>
</comp>

<comp id="8" class="1001" name="const_8">
<pin_list>
<pin id="9" dir="1" index="0" bw="1" slack="2147483647"/>
</pin_list>
<bind>
<StgValue><ssdm name="_ssdm_op_SpecPipeline"/></StgValue>
</bind>
</comp>

<comp id="10" class="1001" name="const_10">
<pin_list>
<pin id="11" dir="1" index="0" bw="1" slack="2147483647"/>
</pin_list>
<bind>
<StgValue><ssdm name=""/></StgValue>
</bind>
</comp>

<comp id="12" class="1001" name="const_12">
<pin_list>
<pin id="13" dir="1" index="0" bw="1" slack="2147483647"/>
</pin_list>
<bind>
<StgValue><ssdm name=""/></StgValue>
</bind>
</comp>

<comp id="14" class="1001" name="const_14">
<pin_list>
<pin id="15" dir="1" index="0" bw="1" slack="2147483647"/>
</pin_list>
<bind>
<StgValue><ssdm name="p_str"/></StgValue>
</bind>
</comp>

<comp id="16" class="1001" name="const_16">
<pin_list>
<pin id="17" dir="1" index="0" bw="1" slack="0"/>
</pin_list>
<bind>
<StgValue><ssdm name=""/></StgValue>
</bind>
</comp>

<comp id="18" class="1001" name="const_18">
<pin_list>
<pin id="19" dir="1" index="0" bw="1" slack="2147483647"/>
</pin_list>
<bind>
<StgValue><ssdm name="_ssdm_op_SpecLoopTripCount"/></StgValue>
</bind>
</comp>

<comp id="20" class="1001" name="const_20">
<pin_list>
<pin id="21" dir="1" index="0" bw="1" slack="2147483647"/>
</pin_list>
<bind>
<StgValue><ssdm name=""/></StgValue>
</bind>
</comp>

<comp id="22" class="1001" name="const_22">
<pin_list>
<pin id="23" dir="1" index="0" bw="1" slack="0"/>
</pin_list>
<bind>
<StgValue><ssdm name=""/></StgValue>
</bind>
</comp>

<comp id="24" class="1001" name="const_24">
<pin_list>
<pin id="25" dir="1" index="0" bw="1" slack="0"/>
</pin_list>
<bind>
<StgValue><ssdm name="_ssdm_op_BitConcatenate.i5.i1.i4"/></StgValue>
</bind>
</comp>

<comp id="26" class="1001" name="const_26">
<pin_list>
<pin id="27" dir="1" index="0" bw="1" slack="0"/>
</pin_list>
<bind>
<StgValue><ssdm name=""/></StgValue>
</bind>
</comp>

<comp id="28" class="1001" name="const_28">
<pin_list>
<pin id="29" dir="1" index="0" bw="1" slack="0"/>
</pin_list>
<bind>
<StgValue><ssdm name=""/></StgValue>
</bind>
</comp>

<comp id="30" class="1001" name="const_30">
<pin_list>
<pin id="31" dir="1" index="0" bw="1" slack="2147483647"/>
</pin_list>
<bind>
<StgValue><ssdm name="_ssdm_op_SpecLoopName"/></StgValue>
</bind>
</comp>

<comp id="32" class="1001" name="const_32">
<pin_list>
<pin id="33" dir="1" index="0" bw="1" slack="2147483647"/>
</pin_list>
<bind>
<StgValue><ssdm name="empty_8"/></StgValue>
</bind>
</comp>

<comp id="34" class="1004" name="idx_i1557_fu_34">
<pin_list>
<pin id="35" dir="0" index="0" bw="1" slack="0"/>
<pin id="36" dir="1" index="1" bw="4" slack="0"/>
</pin_list>
<bind>
<opcode="alloca(26) " fcode="alloca"/>
<opset="idx_i1557/1 "/>
</bind>
</comp>

<comp id="38" class="1004" name="skey256_addr_gep_fu_38">
<pin_list>
<pin id="39" dir="0" index="0" bw="8" slack="0"/>
<pin id="40" dir="0" index="1" bw="1" slack="0"/>
<pin id="41" dir="0" index="2" bw="5" slack="0"/>
<pin id="42" dir="1" index="3" bw="5" slack="0"/>
</pin_list>
<bind>
<opcode="getelementptr(29) " fcode="getelementptr"/>
<opset="skey256_addr/1 "/>
</bind>
</comp>

<comp id="45" class="1004" name="skey256_addr_2_gep_fu_45">
<pin_list>
<pin id="46" dir="0" index="0" bw="8" slack="0"/>
<pin id="47" dir="0" index="1" bw="1" slack="0"/>
<pin id="48" dir="0" index="2" bw="4" slack="0"/>
<pin id="49" dir="1" index="3" bw="5" slack="0"/>
</pin_list>
<bind>
<opcode="getelementptr(29) " fcode="getelementptr"/>
<opset="skey256_addr_2/1 "/>
</bind>
</comp>

<comp id="52" class="1004" name="grp_access_fu_52">
<pin_list>
<pin id="53" dir="0" index="0" bw="5" slack="0"/>
<pin id="54" dir="0" index="1" bw="8" slack="2147483647"/>
<pin id="55" dir="0" index="2" bw="0" slack="0"/>
<pin id="57" dir="0" index="4" bw="5" slack="2147483647"/>
<pin id="58" dir="0" index="5" bw="8" slack="2147483647"/>
<pin id="59" dir="0" index="6" bw="0" slack="2147483647"/>
<pin id="56" dir="1" index="3" bw="8" slack="0"/>
<pin id="60" dir="1" index="7" bw="8" slack="0"/>
</pin_list>
<bind>
<opcode="load(27) " fcode="load"/>
<opset="skey256_load/1 skey256_load_2/1 "/>
</bind>
</comp>

<comp id="63" class="1004" name="rk_addr_50_gep_fu_63">
<pin_list>
<pin id="64" dir="0" index="0" bw="8" slack="0"/>
<pin id="65" dir="0" index="1" bw="1" slack="0"/>
<pin id="66" dir="0" index="2" bw="4" slack="1"/>
<pin id="67" dir="1" index="3" bw="8" slack="0"/>
</pin_list>
<bind>
<opcode="getelementptr(29) " fcode="getelementptr"/>
<opset="rk_addr_50/2 "/>
</bind>
</comp>

<comp id="70" class="1004" name="store_ln124_access_fu_70">
<pin_list>
<pin id="71" dir="0" index="0" bw="8" slack="0"/>
<pin id="72" dir="0" index="1" bw="8" slack="0"/>
<pin id="73" dir="0" index="2" bw="0" slack="2147483647"/>
<pin id="74" dir="1" index="3" bw="8" slack="2147483647"/>
</pin_list>
<bind>
<opcode="store(28) " fcode="store"/>
<opset="store_ln124/2 "/>
</bind>
</comp>

<comp id="76" class="1004" name="store_ln0_store_fu_76">
<pin_list>
<pin id="77" dir="0" index="0" bw="1" slack="0"/>
<pin id="78" dir="0" index="1" bw="4" slack="0"/>
<pin id="79" dir="1" index="2" bw="0" slack="2147483647"/>
</pin_list>
<bind>
<opcode="store(28) " fcode="store"/>
<opset="store_ln0/1 "/>
</bind>
</comp>

<comp id="81" class="1004" name="idx_i1557_load_load_fu_81">
<pin_list>
<pin id="82" dir="0" index="0" bw="4" slack="0"/>
<pin id="83" dir="1" index="1" bw="4" slack="0"/>
</pin_list>
<bind>
<opcode="load(27) " fcode="load"/>
<opset="idx_i1557_load/1 "/>
</bind>
</comp>

<comp id="84" class="1004" name="icmp_ln123_fu_84">
<pin_list>
<pin id="85" dir="0" index="0" bw="4" slack="0"/>
<pin id="86" dir="0" index="1" bw="4" slack="0"/>
<pin id="87" dir="1" index="2" bw="1" slack="2147483647"/>
</pin_list>
<bind>
<opcode="icmp(45) " fcode="icmp"/>
<opset="icmp_ln123/1 "/>
</bind>
</comp>

<comp id="90" class="1004" name="add_ln124_fu_90">
<pin_list>
<pin id="91" dir="0" index="0" bw="4" slack="0"/>
<pin id="92" dir="0" index="1" bw="1" slack="0"/>
<pin id="93" dir="1" index="2" bw="4" slack="0"/>
</pin_list>
<bind>
<opcode="add(8) " fcode="add"/>
<opset="add_ln124/1 "/>
</bind>
</comp>

<comp id="96" class="1004" name="zext_ln121_2_fu_96">
<pin_list>
<pin id="97" dir="0" index="0" bw="4" slack="0"/>
<pin id="98" dir="1" index="1" bw="64" slack="0"/>
</pin_list>
<bind>
<opcode="zext(34) " fcode="zext"/>
<opset="zext_ln121_2/1 "/>
</bind>
</comp>

<comp id="101" class="1004" name="zext_ln121_73_cast_fu_101">
<pin_list>
<pin id="102" dir="0" index="0" bw="5" slack="0"/>
<pin id="103" dir="0" index="1" bw="1" slack="0"/>
<pin id="104" dir="0" index="2" bw="4" slack="0"/>
<pin id="105" dir="1" index="3" bw="5" slack="0"/>
</pin_list>
<bind>
<opcode="bitconcatenate(1004) " fcode="bitconcatenate"/>
<opset="zext_ln121_73_cast/1 "/>
</bind>
</comp>

<comp id="109" class="1004" name="zext_ln121_fu_109">
<pin_list>
<pin id="110" dir="0" index="0" bw="5" slack="0"/>
<pin id="111" dir="1" index="1" bw="64" slack="0"/>
</pin_list>
<bind>
<opcode="zext(34) " fcode="zext"/>
<opset="zext_ln121/1 "/>
</bind>
</comp>

<comp id="114" class="1004" name="store_ln123_store_fu_114">
<pin_list>
<pin id="115" dir="0" index="0" bw="4" slack="0"/>
<pin id="116" dir="0" index="1" bw="4" slack="0"/>
<pin id="117" dir="1" index="2" bw="0" slack="2147483647"/>
</pin_list>
<bind>
<opcode="store(28) " fcode="store"/>
<opset="store_ln123/1 "/>
</bind>
</comp>

<comp id="119" class="1004" name="xor_ln124_26_fu_119">
<pin_list>
<pin id="120" dir="0" index="0" bw="8" slack="0"/>
<pin id="121" dir="0" index="1" bw="8" slack="0"/>
<pin id="122" dir="1" index="2" bw="8" slack="0"/>
</pin_list>
<bind>
<opcode="xor(25) " fcode="xor"/>
<opset="xor_ln124_26/2 "/>
</bind>
</comp>

<comp id="126" class="1005" name="idx_i1557_reg_126">
<pin_list>
<pin id="127" dir="0" index="0" bw="4" slack="0"/>
<pin id="128" dir="1" index="1" bw="4" slack="0"/>
</pin_list>
<bind>
<opset="idx_i1557 "/>
</bind>
</comp>

<comp id="136" class="1005" name="zext_ln121_2_reg_136">
<pin_list>
<pin id="137" dir="0" index="0" bw="64" slack="1"/>
<pin id="138" dir="1" index="1" bw="64" slack="1"/>
</pin_list>
<bind>
<opset="zext_ln121_2 "/>
</bind>
</comp>

<comp id="141" class="1005" name="skey256_addr_reg_141">
<pin_list>
<pin id="142" dir="0" index="0" bw="5" slack="1"/>
<pin id="143" dir="1" index="1" bw="5" slack="1"/>
</pin_list>
<bind>
<opset="skey256_addr "/>
</bind>
</comp>

<comp id="146" class="1005" name="skey256_addr_2_reg_146">
<pin_list>
<pin id="147" dir="0" index="0" bw="5" slack="1"/>
<pin id="148" dir="1" index="1" bw="5" slack="1"/>
</pin_list>
<bind>
<opset="skey256_addr_2 "/>
</bind>
</comp>

</comp_list>

<net_list>
<net id="37"><net_src comp="4" pin="0"/><net_sink comp="34" pin=0"/></net>

<net id="43"><net_src comp="0" pin="0"/><net_sink comp="38" pin=0"/></net>

<net id="44"><net_src comp="28" pin="0"/><net_sink comp="38" pin=1"/></net>

<net id="50"><net_src comp="0" pin="0"/><net_sink comp="45" pin=0"/></net>

<net id="51"><net_src comp="28" pin="0"/><net_sink comp="45" pin=1"/></net>

<net id="61"><net_src comp="45" pin="3"/><net_sink comp="52" pin=2"/></net>

<net id="62"><net_src comp="38" pin="3"/><net_sink comp="52" pin=0"/></net>

<net id="68"><net_src comp="2" pin="0"/><net_sink comp="63" pin=0"/></net>

<net id="69"><net_src comp="28" pin="0"/><net_sink comp="63" pin=1"/></net>

<net id="75"><net_src comp="63" pin="3"/><net_sink comp="70" pin=0"/></net>

<net id="80"><net_src comp="6" pin="0"/><net_sink comp="76" pin=0"/></net>

<net id="88"><net_src comp="81" pin="1"/><net_sink comp="84" pin=0"/></net>

<net id="89"><net_src comp="16" pin="0"/><net_sink comp="84" pin=1"/></net>

<net id="94"><net_src comp="81" pin="1"/><net_sink comp="90" pin=0"/></net>

<net id="95"><net_src comp="22" pin="0"/><net_sink comp="90" pin=1"/></net>

<net id="99"><net_src comp="81" pin="1"/><net_sink comp="96" pin=0"/></net>

<net id="100"><net_src comp="96" pin="1"/><net_sink comp="45" pin=2"/></net>

<net id="106"><net_src comp="24" pin="0"/><net_sink comp="101" pin=0"/></net>

<net id="107"><net_src comp="26" pin="0"/><net_sink comp="101" pin=1"/></net>

<net id="108"><net_src comp="81" pin="1"/><net_sink comp="101" pin=2"/></net>

<net id="112"><net_src comp="101" pin="3"/><net_sink comp="109" pin=0"/></net>

<net id="113"><net_src comp="109" pin="1"/><net_sink comp="38" pin=2"/></net>

<net id="118"><net_src comp="90" pin="2"/><net_sink comp="114" pin=0"/></net>

<net id="123"><net_src comp="52" pin="3"/><net_sink comp="119" pin=0"/></net>

<net id="124"><net_src comp="52" pin="7"/><net_sink comp="119" pin=1"/></net>

<net id="125"><net_src comp="119" pin="2"/><net_sink comp="70" pin=1"/></net>

<net id="129"><net_src comp="34" pin="1"/><net_sink comp="126" pin=0"/></net>

<net id="130"><net_src comp="126" pin="1"/><net_sink comp="76" pin=1"/></net>

<net id="131"><net_src comp="126" pin="1"/><net_sink comp="81" pin=0"/></net>

<net id="132"><net_src comp="126" pin="1"/><net_sink comp="114" pin=1"/></net>

<net id="139"><net_src comp="96" pin="1"/><net_sink comp="136" pin=0"/></net>

<net id="140"><net_src comp="136" pin="1"/><net_sink comp="63" pin=2"/></net>

<net id="144"><net_src comp="38" pin="3"/><net_sink comp="141" pin=0"/></net>

<net id="145"><net_src comp="141" pin="1"/><net_sink comp="52" pin=0"/></net>

<net id="149"><net_src comp="45" pin="3"/><net_sink comp="146" pin=0"/></net>

<net id="150"><net_src comp="146" pin="1"/><net_sink comp="52" pin=2"/></net>

</net_list>

</model> 
---------------- Datapath Model END ------------------

* FSMD analyzer results:
  - Output states:
	Port: rk | {2 }
 - Input state : 
	Port: clefia_Pipeline_ByteXor_label255 : skey256 | {1 2 }
  - Chain level:
	State 1
		store_ln0 : 1
		idx_i1557_load : 1
		icmp_ln123 : 2
		add_ln124 : 2
		br_ln123 : 3
		zext_ln121_2 : 2
		zext_ln121_73_cast : 2
		zext_ln121 : 3
		skey256_addr : 4
		skey256_addr_2 : 3
		skey256_load : 4
		skey256_load_2 : 5
		store_ln123 : 3
	State 2
		xor_ln124_26 : 1
		store_ln124 : 1


============================================================
+ Verbose Summary: Datapath Resource usage 
============================================================

* Functional unit list:
|----------|---------------------------|---------|---------|
| Operation|      Functional Unit      |    FF   |   LUT   |
|----------|---------------------------|---------|---------|
|    add   |      add_ln124_fu_90      |    0    |    13   |
|----------|---------------------------|---------|---------|
|   icmp   |      icmp_ln123_fu_84     |    0    |    9    |
|----------|---------------------------|---------|---------|
|    xor   |    xor_ln124_26_fu_119    |    0    |    8    |
|----------|---------------------------|---------|---------|
|   zext   |     zext_ln121_2_fu_96    |    0    |    0    |
|          |     zext_ln121_fu_109     |    0    |    0    |
|----------|---------------------------|---------|---------|
|bitconcatenate| zext_ln121_73_cast_fu_101 |    0    |    0    |
|----------|---------------------------|---------|---------|
|   Total  |                           |    0    |    30   |
|----------|---------------------------|---------|---------|

Memories:
N/A

* Register list:
+----------------------+--------+
|                      |   FF   |
+----------------------+--------+
|   idx_i1557_reg_126  |    4   |
|skey256_addr_2_reg_146|    5   |
| skey256_addr_reg_141 |    5   |
| zext_ln121_2_reg_136 |   64   |
+----------------------+--------+
|         Total        |   78   |
+----------------------+--------+

* Multiplexer (MUX) list: 
|------------------|------|------|------|--------||---------||---------|
|       Comp       |  Pin | Size |  BW  | S x BW ||  Delay  ||   LUT   |
|------------------|------|------|------|--------||---------||---------|
| grp_access_fu_52 |  p0  |   2  |   5  |   10   ||    9    |
| grp_access_fu_52 |  p2  |   2  |   0  |    0   ||    9    |
|------------------|------|------|------|--------||---------||---------|
|       Total      |      |      |      |   10   ||  3.176  ||    18   |
|------------------|------|------|------|--------||---------||---------|



* Summary:
+-----------+--------+--------+--------+
|           |  Delay |   FF   |   LUT  |
+-----------+--------+--------+--------+
|  Function |    -   |    0   |   30   |
|   Memory  |    -   |    -   |    -   |
|Multiplexer|    3   |    -   |   18   |
|  Register |    -   |   78   |    -   |
+-----------+--------+--------+--------+
|   Total   |    3   |   78   |   48   |
+-----------+--------+--------+--------+
