

================================================================
== Vitis HLS Report for 'clefia_Pipeline_ByteXor_label231'
================================================================
* Date:           Mon Dec 12 08:58:36 2022

* Version:        2022.1 (Build 3526262 on Mon Apr 18 15:48:16 MDT 2022)
* Project:        CLEFIA_ip
* Solution:       solution4 (Vivado IP Flow Target)
* Product family: zynq
* Target device:  xc7z020-clg400-1


================================================================
== Performance Estimates
================================================================
+ Timing: 
    * Summary: 
    +--------+----------+----------+------------+
    |  Clock |  Target  | Estimated| Uncertainty|
    +--------+----------+----------+------------+
    |ap_clk  |  10.00 ns|  6.566 ns|     2.70 ns|
    +--------+----------+----------+------------+

+ Latency: 
    * Summary: 
    +---------+---------+----------+----------+-----+-----+---------+
    |  Latency (cycles) |  Latency (absolute) |  Interval | Pipeline|
    |   min   |   max   |    min   |    max   | min | max |   Type  |
    +---------+---------+----------+----------+-----+-----+---------+
    |       19|       19|  0.190 us|  0.190 us|   19|   19|       no|
    +---------+---------+----------+----------+-----+-----+---------+

    + Detail: 
        * Instance: 
        N/A

        * Loop: 
        +------------------+---------+---------+----------+-----------+-----------+------+----------+
        |                  |  Latency (cycles) | Iteration|  Initiation Interval  | Trip |          |
        |     Loop Name    |   min   |   max   |  Latency |  achieved |   target  | Count| Pipelined|
        +------------------+---------+---------+----------+-----------+-----------+------+----------+
        |- ByteXor_label2  |       17|       17|         3|          1|          1|    16|       yes|
        +------------------+---------+---------+----------+-----------+-----------+------+----------+

============================================================
+ Verbose Summary: Synthesis Manager
============================================================
InlineROM: 1
ExposeGlobal: 0
============================================================
+ Verbose Summary: CDFG Model
============================================================
IsTopModel: 0
ResetActiveHigh: 1
IsCombinational: 0
IsDatapathOnly: 0
HasWiredReturn: 1
HasMFsm: 2
HasVarLatency: 1
IsPipeline: 0
IsRtlPipelined: 0
IsInstanceOverlapped: 0
IsDontTouch: 0
HasImplIP: 0
IsGatedGlobalClock: 0

+ Individual pipeline summary: 
  * Pipeline-0: initiation interval (II) = 1, depth = 3


============================================================
+ Verbose Summary: Schedule
============================================================
* Number of FSM states : 3
* Pipeline : 1
  Pipeline-0 : II = 1, D = 3, States = { 1 2 3 }
* Dataflow Pipeline: 0

* FSM state transitions: 
1 --> 2 
2 --> 3 
3 --> 

* FSM state operations: 

State 1 <SV = 0> <Delay = 4.03>
ST_1 : Operation 6 [1/1] (0.00ns)   --->   "%idx_i477 = alloca i32 1"   --->   Operation 6 'alloca' 'idx_i477' <Predicate = true> <Delay = 0.00>
ST_1 : Operation 7 [1/1] (1.58ns)   --->   "%store_ln0 = store i5 0, i5 %idx_i477"   --->   Operation 7 'store' 'store_ln0' <Predicate = true> <Delay = 1.58>
ST_1 : Operation 8 [1/1] (0.00ns)   --->   "%br_ln0 = br void %while.body.i479"   --->   Operation 8 'br' 'br_ln0' <Predicate = true> <Delay = 0.00>
ST_1 : Operation 9 [1/1] (0.00ns)   --->   "%idx_i477_load = load i5 %idx_i477" [clefia.c:124->clefia.c:310->clefia.c:396]   --->   Operation 9 'load' 'idx_i477_load' <Predicate = true> <Delay = 0.00>
ST_1 : Operation 10 [1/1] (0.00ns)   --->   "%specpipeline_ln0 = specpipeline void @_ssdm_op_SpecPipeline, i32 4294967295, i32 0, i32 1, i32 0, void @p_str"   --->   Operation 10 'specpipeline' 'specpipeline_ln0' <Predicate = true> <Delay = 0.00>
ST_1 : Operation 11 [1/1] (1.36ns)   --->   "%icmp_ln123 = icmp_eq  i5 %idx_i477_load, i5 16" [clefia.c:123->clefia.c:310->clefia.c:396]   --->   Operation 11 'icmp' 'icmp_ln123' <Predicate = true> <Delay = 1.36> <CoreInst = "Cmp">   --->   Core 9 'Cmp' <Latency = 0> <II = 1> <Delay = 1.36> <FuncUnit> <Opcode : 'icmp'> <InPorts = 2> <OutPorts = 1>
ST_1 : Operation 12 [1/1] (0.00ns)   --->   "%empty = speclooptripcount i32 @_ssdm_op_SpecLoopTripCount, i64 16, i64 16, i64 16"   --->   Operation 12 'speclooptripcount' 'empty' <Predicate = true> <Delay = 0.00>
ST_1 : Operation 13 [1/1] (1.78ns)   --->   "%add_ln124 = add i5 %idx_i477_load, i5 1" [clefia.c:124->clefia.c:310->clefia.c:396]   --->   Operation 13 'add' 'add_ln124' <Predicate = true> <Delay = 1.78> <CoreInst = "Adder">   --->   Core 1 'Adder' <Latency = 0> <II = 1> <Delay = 1.78> <FuncUnit> <Opcode : 'add' 'sub'> <InPorts = 2> <OutPorts = 1>
ST_1 : Operation 14 [1/1] (0.00ns)   --->   "%br_ln123 = br i1 %icmp_ln123, void %while.body.split.i482, void %while.body.i486.preheader.exitStub" [clefia.c:123->clefia.c:310->clefia.c:396]   --->   Operation 14 'br' 'br_ln123' <Predicate = true> <Delay = 0.00>
ST_1 : Operation 15 [1/1] (0.78ns)   --->   "%xor_ln121 = xor i5 %idx_i477_load, i5 16" [clefia.c:121->clefia.c:310->clefia.c:396]   --->   Operation 15 'xor' 'xor_ln121' <Predicate = (!icmp_ln123)> <Delay = 0.78> <CoreInst = "LogicGate">   --->   Core 74 'LogicGate' <Latency = 0> <II = 1> <Delay = 0.78> <FuncUnit> <Opcode : 'and' 'or' 'xor'> <InPorts = 2> <OutPorts = 1>
ST_1 : Operation 16 [1/1] (0.00ns)   --->   "%sext_ln121 = sext i5 %xor_ln121" [clefia.c:121->clefia.c:310->clefia.c:396]   --->   Operation 16 'sext' 'sext_ln121' <Predicate = (!icmp_ln123)> <Delay = 0.00>
ST_1 : Operation 17 [1/1] (0.00ns)   --->   "%zext_ln121 = zext i7 %sext_ln121" [clefia.c:121->clefia.c:310->clefia.c:396]   --->   Operation 17 'zext' 'zext_ln121' <Predicate = (!icmp_ln123)> <Delay = 0.00>
ST_1 : Operation 18 [1/1] (0.00ns)   --->   "%con128_addr = getelementptr i8 %con128, i64 0, i64 %zext_ln121" [clefia.c:121->clefia.c:310->clefia.c:396]   --->   Operation 18 'getelementptr' 'con128_addr' <Predicate = (!icmp_ln123)> <Delay = 0.00>
ST_1 : Operation 19 [2/2] (3.25ns)   --->   "%con128_load = load i8 %con128_addr" [clefia.c:124->clefia.c:310->clefia.c:396]   --->   Operation 19 'load' 'con128_load' <Predicate = (!icmp_ln123)> <Delay = 3.25> <CoreInst = "ROM">   --->   Core 95 'ROM' <Latency = 1> <II = 1> <Delay = 3.25> <Storage> <Opcode : 'load'> <Ports = 0> <Width = 8> <Depth = 240> <ROM>
ST_1 : Operation 20 [1/1] (1.58ns)   --->   "%store_ln123 = store i5 %add_ln124, i5 %idx_i477" [clefia.c:123->clefia.c:310->clefia.c:396]   --->   Operation 20 'store' 'store_ln123' <Predicate = (!icmp_ln123)> <Delay = 1.58>

State 2 <SV = 1> <Delay = 3.25>
ST_2 : Operation 21 [1/1] (0.00ns)   --->   "%zext_ln121_3 = zext i5 %idx_i477_load" [clefia.c:121->clefia.c:310->clefia.c:396]   --->   Operation 21 'zext' 'zext_ln121_3' <Predicate = true> <Delay = 0.00>
ST_2 : Operation 22 [1/1] (0.00ns)   --->   "%lk_addr = getelementptr i8 %lk, i64 0, i64 %zext_ln121_3" [clefia.c:121->clefia.c:310->clefia.c:396]   --->   Operation 22 'getelementptr' 'lk_addr' <Predicate = true> <Delay = 0.00>
ST_2 : Operation 23 [2/2] (2.32ns)   --->   "%lk_load = load i4 %lk_addr" [clefia.c:124->clefia.c:310->clefia.c:396]   --->   Operation 23 'load' 'lk_load' <Predicate = true> <Delay = 2.32> <CoreInst = "RAM">   --->   Core 82 'RAM' <Latency = 1> <II = 1> <Delay = 2.32> <Storage> <Opcode : 'load' 'store'> <Ports = 2> <Width = 8> <Depth = 16> <RAM>
ST_2 : Operation 24 [1/2] (3.25ns)   --->   "%con128_load = load i8 %con128_addr" [clefia.c:124->clefia.c:310->clefia.c:396]   --->   Operation 24 'load' 'con128_load' <Predicate = true> <Delay = 3.25> <CoreInst = "ROM">   --->   Core 95 'ROM' <Latency = 1> <II = 1> <Delay = 3.25> <Storage> <Opcode : 'load'> <Ports = 0> <Width = 8> <Depth = 240> <ROM>
ST_2 : Operation 34 [1/1] (0.00ns)   --->   "%ret_ln0 = ret"   --->   Operation 34 'ret' 'ret_ln0' <Predicate = (icmp_ln123)> <Delay = 0.00>

State 3 <SV = 2> <Delay = 6.56>
ST_3 : Operation 25 [1/1] (0.00ns)   --->   "%specloopname_ln121 = specloopname void @_ssdm_op_SpecLoopName, void @empty_8" [clefia.c:121->clefia.c:310->clefia.c:396]   --->   Operation 25 'specloopname' 'specloopname_ln121' <Predicate = true> <Delay = 0.00>
ST_3 : Operation 26 [1/1] (0.00ns)   --->   "%zext_ln121_134 = zext i5 %idx_i477_load" [clefia.c:121->clefia.c:310->clefia.c:396]   --->   Operation 26 'zext' 'zext_ln121_134' <Predicate = true> <Delay = 0.00>
ST_3 : Operation 27 [1/1] (1.82ns)   --->   "%add_ln121_5 = add i6 %zext_ln121_134, i6 24" [clefia.c:121->clefia.c:310->clefia.c:396]   --->   Operation 27 'add' 'add_ln121_5' <Predicate = true> <Delay = 1.82> <CoreInst = "Adder">   --->   Core 1 'Adder' <Latency = 0> <II = 1> <Delay = 1.82> <FuncUnit> <Opcode : 'add' 'sub'> <InPorts = 2> <OutPorts = 1>
ST_3 : Operation 28 [1/1] (0.00ns)   --->   "%zext_ln121_136 = zext i6 %add_ln121_5" [clefia.c:121->clefia.c:310->clefia.c:396]   --->   Operation 28 'zext' 'zext_ln121_136' <Predicate = true> <Delay = 0.00>
ST_3 : Operation 29 [1/1] (0.00ns)   --->   "%rk_addr_66 = getelementptr i8 %rk, i64 0, i64 %zext_ln121_136" [clefia.c:121->clefia.c:310->clefia.c:396]   --->   Operation 29 'getelementptr' 'rk_addr_66' <Predicate = true> <Delay = 0.00>
ST_3 : Operation 30 [1/2] (2.32ns)   --->   "%lk_load = load i4 %lk_addr" [clefia.c:124->clefia.c:310->clefia.c:396]   --->   Operation 30 'load' 'lk_load' <Predicate = true> <Delay = 2.32> <CoreInst = "RAM">   --->   Core 82 'RAM' <Latency = 1> <II = 1> <Delay = 2.32> <Storage> <Opcode : 'load' 'store'> <Ports = 2> <Width = 8> <Depth = 16> <RAM>
ST_3 : Operation 31 [1/1] (0.99ns)   --->   "%xor_ln124_21 = xor i8 %con128_load, i8 %lk_load" [clefia.c:124->clefia.c:310->clefia.c:396]   --->   Operation 31 'xor' 'xor_ln124_21' <Predicate = true> <Delay = 0.99> <CoreInst = "LogicGate">   --->   Core 74 'LogicGate' <Latency = 0> <II = 1> <Delay = 0.99> <FuncUnit> <Opcode : 'and' 'or' 'xor'> <InPorts = 2> <OutPorts = 1>
ST_3 : Operation 32 [1/1] (3.25ns)   --->   "%store_ln124 = store i8 %xor_ln124_21, i8 %rk_addr_66" [clefia.c:124->clefia.c:310->clefia.c:396]   --->   Operation 32 'store' 'store_ln124' <Predicate = true> <Delay = 3.25> <CoreInst = "RAM">   --->   Core 82 'RAM' <Latency = 1> <II = 1> <Delay = 3.25> <Storage> <Opcode : 'load' 'store'> <Ports = 2> <Width = 8> <Depth = 224> <RAM>
ST_3 : Operation 33 [1/1] (0.00ns)   --->   "%br_ln123 = br void %while.body.i479" [clefia.c:123->clefia.c:310->clefia.c:396]   --->   Operation 33 'br' 'br_ln123' <Predicate = true> <Delay = 0.00>


============================================================
+ Verbose Summary: Binding
============================================================
STG Binding: 
---------------- STG Properties BEGIN ----------------
- Is combinational: 0
- Is one-state seq: 0
- Is datapath-only: 0
- Is pipelined: 0
- Is top level: 0
Port [ Return ] is wired: 1; IO mode=ap_ctrl_hs:ce=0
Port [ lk]:  wired=1; compound=1; hidden=0; nouse=0; global=0; static=0; extern=0; dir=0; type=1; pingpong=0; private_global=0; MemPort=[13]; IO mode=ap_memory:ce=0
Port [ rk]:  wired=1; compound=1; hidden=0; nouse=0; global=0; static=0; extern=0; dir=1; type=1; pingpong=0; private_global=0; MemPort=[03]; IO mode=ap_memory:ce=0
Port [ con128]:  wired=0; compound=1; hidden=1; nouse=0; global=1; static=1; extern=0; dir=0; type=1; pingpong=0; private_global=0; MemPort=[1]; IO mode=ap_memory:ce=0
---------------- STG Properties END ------------------

---------------- Datapath Model BEGIN ----------------

<LifeTime>
<method=bitvector/>
idx_i477           (alloca           ) [ 0100]
store_ln0          (store            ) [ 0000]
br_ln0             (br               ) [ 0000]
idx_i477_load      (load             ) [ 0111]
specpipeline_ln0   (specpipeline     ) [ 0000]
icmp_ln123         (icmp             ) [ 0110]
empty              (speclooptripcount) [ 0000]
add_ln124          (add              ) [ 0000]
br_ln123           (br               ) [ 0000]
xor_ln121          (xor              ) [ 0000]
sext_ln121         (sext             ) [ 0000]
zext_ln121         (zext             ) [ 0000]
con128_addr        (getelementptr    ) [ 0110]
store_ln123        (store            ) [ 0000]
zext_ln121_3       (zext             ) [ 0000]
lk_addr            (getelementptr    ) [ 0101]
con128_load        (load             ) [ 0101]
specloopname_ln121 (specloopname     ) [ 0000]
zext_ln121_134     (zext             ) [ 0000]
add_ln121_5        (add              ) [ 0000]
zext_ln121_136     (zext             ) [ 0000]
rk_addr_66         (getelementptr    ) [ 0000]
lk_load            (load             ) [ 0000]
xor_ln124_21       (xor              ) [ 0000]
store_ln124        (store            ) [ 0000]
br_ln123           (br               ) [ 0000]
ret_ln0            (ret              ) [ 0000]
</LifeTime>

<model>

<comp_list>
<comp id="0" class="1000" name="lk">
<pin_list>
<pin id="1" dir="1" index="0" bw="1" slack="0"/>
</pin_list>
<bind>
<StgValue><ssdm name="lk"/><MemPortTyVec>1 3 </MemPortTyVec>
</StgValue>
</bind>
</comp>

<comp id="2" class="1000" name="rk">
<pin_list>
<pin id="3" dir="1" index="0" bw="1" slack="0"/>
</pin_list>
<bind>
<StgValue><ssdm name="rk"/><MemPortTyVec>0 3 </MemPortTyVec>
</StgValue>
</bind>
</comp>

<comp id="4" class="1000" name="con128">
<pin_list>
<pin id="5" dir="1" index="0" bw="1" slack="0"/>
</pin_list>
<bind>
<StgValue><ssdm name="con128"/><MemPortTyVec>1 </MemPortTyVec>
</StgValue>
</bind>
</comp>

<comp id="6" class="1001" name="const_6">
<pin_list>
<pin id="7" dir="1" index="0" bw="1" slack="0"/>
</pin_list>
<bind>
<StgValue><ssdm name=""/></StgValue>
</bind>
</comp>

<comp id="8" class="1001" name="const_8">
<pin_list>
<pin id="9" dir="1" index="0" bw="1" slack="0"/>
</pin_list>
<bind>
<StgValue><ssdm name=""/></StgValue>
</bind>
</comp>

<comp id="10" class="1001" name="const_10">
<pin_list>
<pin id="11" dir="1" index="0" bw="1" slack="2147483647"/>
</pin_list>
<bind>
<StgValue><ssdm name="_ssdm_op_SpecPipeline"/></StgValue>
</bind>
</comp>

<comp id="12" class="1001" name="const_12">
<pin_list>
<pin id="13" dir="1" index="0" bw="1" slack="2147483647"/>
</pin_list>
<bind>
<StgValue><ssdm name=""/></StgValue>
</bind>
</comp>

<comp id="14" class="1001" name="const_14">
<pin_list>
<pin id="15" dir="1" index="0" bw="1" slack="2147483647"/>
</pin_list>
<bind>
<StgValue><ssdm name=""/></StgValue>
</bind>
</comp>

<comp id="16" class="1001" name="const_16">
<pin_list>
<pin id="17" dir="1" index="0" bw="1" slack="2147483647"/>
</pin_list>
<bind>
<StgValue><ssdm name="p_str"/></StgValue>
</bind>
</comp>

<comp id="18" class="1001" name="const_18">
<pin_list>
<pin id="19" dir="1" index="0" bw="1" slack="0"/>
</pin_list>
<bind>
<StgValue><ssdm name=""/></StgValue>
</bind>
</comp>

<comp id="20" class="1001" name="const_20">
<pin_list>
<pin id="21" dir="1" index="0" bw="1" slack="2147483647"/>
</pin_list>
<bind>
<StgValue><ssdm name="_ssdm_op_SpecLoopTripCount"/></StgValue>
</bind>
</comp>

<comp id="22" class="1001" name="const_22">
<pin_list>
<pin id="23" dir="1" index="0" bw="1" slack="2147483647"/>
</pin_list>
<bind>
<StgValue><ssdm name=""/></StgValue>
</bind>
</comp>

<comp id="24" class="1001" name="const_24">
<pin_list>
<pin id="25" dir="1" index="0" bw="1" slack="0"/>
</pin_list>
<bind>
<StgValue><ssdm name=""/></StgValue>
</bind>
</comp>

<comp id="26" class="1001" name="const_26">
<pin_list>
<pin id="27" dir="1" index="0" bw="1" slack="0"/>
</pin_list>
<bind>
<StgValue><ssdm name=""/></StgValue>
</bind>
</comp>

<comp id="28" class="1001" name="const_28">
<pin_list>
<pin id="29" dir="1" index="0" bw="1" slack="2147483647"/>
</pin_list>
<bind>
<StgValue><ssdm name="_ssdm_op_SpecLoopName"/></StgValue>
</bind>
</comp>

<comp id="30" class="1001" name="const_30">
<pin_list>
<pin id="31" dir="1" index="0" bw="1" slack="2147483647"/>
</pin_list>
<bind>
<StgValue><ssdm name="empty_8"/></StgValue>
</bind>
</comp>

<comp id="32" class="1001" name="const_32">
<pin_list>
<pin id="33" dir="1" index="0" bw="1" slack="0"/>
</pin_list>
<bind>
<StgValue><ssdm name=""/></StgValue>
</bind>
</comp>

<comp id="34" class="1004" name="idx_i477_fu_34">
<pin_list>
<pin id="35" dir="0" index="0" bw="1" slack="0"/>
<pin id="36" dir="1" index="1" bw="5" slack="0"/>
</pin_list>
<bind>
<opcode="alloca(26) " fcode="alloca"/>
<opset="idx_i477/1 "/>
</bind>
</comp>

<comp id="38" class="1004" name="con128_addr_gep_fu_38">
<pin_list>
<pin id="39" dir="0" index="0" bw="8" slack="0"/>
<pin id="40" dir="0" index="1" bw="1" slack="0"/>
<pin id="41" dir="0" index="2" bw="7" slack="0"/>
<pin id="42" dir="1" index="3" bw="8" slack="0"/>
</pin_list>
<bind>
<opcode="getelementptr(29) " fcode="getelementptr"/>
<opset="con128_addr/1 "/>
</bind>
</comp>

<comp id="45" class="1004" name="grp_access_fu_45">
<pin_list>
<pin id="46" dir="0" index="0" bw="8" slack="0"/>
<pin id="47" dir="0" index="1" bw="8" slack="2147483647"/>
<pin id="48" dir="0" index="2" bw="0" slack="2147483647"/>
<pin id="49" dir="1" index="3" bw="8" slack="1"/>
</pin_list>
<bind>
<opcode="load(27) " fcode="load"/>
<opset="con128_load/1 "/>
</bind>
</comp>

<comp id="51" class="1004" name="lk_addr_gep_fu_51">
<pin_list>
<pin id="52" dir="0" index="0" bw="8" slack="0"/>
<pin id="53" dir="0" index="1" bw="1" slack="0"/>
<pin id="54" dir="0" index="2" bw="5" slack="0"/>
<pin id="55" dir="1" index="3" bw="4" slack="0"/>
</pin_list>
<bind>
<opcode="getelementptr(29) " fcode="getelementptr"/>
<opset="lk_addr/2 "/>
</bind>
</comp>

<comp id="58" class="1004" name="grp_access_fu_58">
<pin_list>
<pin id="59" dir="0" index="0" bw="4" slack="0"/>
<pin id="60" dir="0" index="1" bw="8" slack="2147483647"/>
<pin id="61" dir="0" index="2" bw="0" slack="2147483647"/>
<pin id="62" dir="1" index="3" bw="8" slack="0"/>
</pin_list>
<bind>
<opcode="load(27) " fcode="load"/>
<opset="lk_load/2 "/>
</bind>
</comp>

<comp id="64" class="1004" name="rk_addr_66_gep_fu_64">
<pin_list>
<pin id="65" dir="0" index="0" bw="8" slack="0"/>
<pin id="66" dir="0" index="1" bw="1" slack="0"/>
<pin id="67" dir="0" index="2" bw="6" slack="0"/>
<pin id="68" dir="1" index="3" bw="8" slack="0"/>
</pin_list>
<bind>
<opcode="getelementptr(29) " fcode="getelementptr"/>
<opset="rk_addr_66/3 "/>
</bind>
</comp>

<comp id="71" class="1004" name="store_ln124_access_fu_71">
<pin_list>
<pin id="72" dir="0" index="0" bw="8" slack="0"/>
<pin id="73" dir="0" index="1" bw="8" slack="0"/>
<pin id="74" dir="0" index="2" bw="0" slack="2147483647"/>
<pin id="75" dir="1" index="3" bw="8" slack="2147483647"/>
</pin_list>
<bind>
<opcode="store(28) " fcode="store"/>
<opset="store_ln124/3 "/>
</bind>
</comp>

<comp id="77" class="1004" name="store_ln0_store_fu_77">
<pin_list>
<pin id="78" dir="0" index="0" bw="1" slack="0"/>
<pin id="79" dir="0" index="1" bw="5" slack="0"/>
<pin id="80" dir="1" index="2" bw="0" slack="2147483647"/>
</pin_list>
<bind>
<opcode="store(28) " fcode="store"/>
<opset="store_ln0/1 "/>
</bind>
</comp>

<comp id="82" class="1004" name="idx_i477_load_load_fu_82">
<pin_list>
<pin id="83" dir="0" index="0" bw="5" slack="0"/>
<pin id="84" dir="1" index="1" bw="5" slack="0"/>
</pin_list>
<bind>
<opcode="load(27) " fcode="load"/>
<opset="idx_i477_load/1 "/>
</bind>
</comp>

<comp id="85" class="1004" name="icmp_ln123_fu_85">
<pin_list>
<pin id="86" dir="0" index="0" bw="5" slack="0"/>
<pin id="87" dir="0" index="1" bw="5" slack="0"/>
<pin id="88" dir="1" index="2" bw="1" slack="1"/>
</pin_list>
<bind>
<opcode="icmp(45) " fcode="icmp"/>
<opset="icmp_ln123/1 "/>
</bind>
</comp>

<comp id="91" class="1004" name="add_ln124_fu_91">
<pin_list>
<pin id="92" dir="0" index="0" bw="5" slack="0"/>
<pin id="93" dir="0" index="1" bw="1" slack="0"/>
<pin id="94" dir="1" index="2" bw="5" slack="0"/>
</pin_list>
<bind>
<opcode="add(8) " fcode="add"/>
<opset="add_ln124/1 "/>
</bind>
</comp>

<comp id="97" class="1004" name="xor_ln121_fu_97">
<pin_list>
<pin id="98" dir="0" index="0" bw="5" slack="0"/>
<pin id="99" dir="0" index="1" bw="5" slack="0"/>
<pin id="100" dir="1" index="2" bw="5" slack="0"/>
</pin_list>
<bind>
<opcode="xor(25) " fcode="xor"/>
<opset="xor_ln121/1 "/>
</bind>
</comp>

<comp id="103" class="1004" name="sext_ln121_fu_103">
<pin_list>
<pin id="104" dir="0" index="0" bw="5" slack="0"/>
<pin id="105" dir="1" index="1" bw="7" slack="0"/>
</pin_list>
<bind>
<opcode="sext(35) " fcode="sext"/>
<opset="sext_ln121/1 "/>
</bind>
</comp>

<comp id="107" class="1004" name="zext_ln121_fu_107">
<pin_list>
<pin id="108" dir="0" index="0" bw="5" slack="0"/>
<pin id="109" dir="1" index="1" bw="64" slack="0"/>
</pin_list>
<bind>
<opcode="zext(34) " fcode="zext"/>
<opset="zext_ln121/1 "/>
</bind>
</comp>

<comp id="112" class="1004" name="store_ln123_store_fu_112">
<pin_list>
<pin id="113" dir="0" index="0" bw="5" slack="0"/>
<pin id="114" dir="0" index="1" bw="5" slack="0"/>
<pin id="115" dir="1" index="2" bw="0" slack="2147483647"/>
</pin_list>
<bind>
<opcode="store(28) " fcode="store"/>
<opset="store_ln123/1 "/>
</bind>
</comp>

<comp id="117" class="1004" name="zext_ln121_3_fu_117">
<pin_list>
<pin id="118" dir="0" index="0" bw="5" slack="1"/>
<pin id="119" dir="1" index="1" bw="64" slack="0"/>
</pin_list>
<bind>
<opcode="zext(34) " fcode="zext"/>
<opset="zext_ln121_3/2 "/>
</bind>
</comp>

<comp id="121" class="1004" name="zext_ln121_134_fu_121">
<pin_list>
<pin id="122" dir="0" index="0" bw="5" slack="2"/>
<pin id="123" dir="1" index="1" bw="6" slack="0"/>
</pin_list>
<bind>
<opcode="zext(34) " fcode="zext"/>
<opset="zext_ln121_134/3 "/>
</bind>
</comp>

<comp id="124" class="1004" name="add_ln121_5_fu_124">
<pin_list>
<pin id="125" dir="0" index="0" bw="5" slack="0"/>
<pin id="126" dir="0" index="1" bw="6" slack="0"/>
<pin id="127" dir="1" index="2" bw="6" slack="0"/>
</pin_list>
<bind>
<opcode="add(8) " fcode="add"/>
<opset="add_ln121_5/3 "/>
</bind>
</comp>

<comp id="130" class="1004" name="zext_ln121_136_fu_130">
<pin_list>
<pin id="131" dir="0" index="0" bw="6" slack="0"/>
<pin id="132" dir="1" index="1" bw="64" slack="0"/>
</pin_list>
<bind>
<opcode="zext(34) " fcode="zext"/>
<opset="zext_ln121_136/3 "/>
</bind>
</comp>

<comp id="135" class="1004" name="xor_ln124_21_fu_135">
<pin_list>
<pin id="136" dir="0" index="0" bw="8" slack="1"/>
<pin id="137" dir="0" index="1" bw="8" slack="0"/>
<pin id="138" dir="1" index="2" bw="8" slack="0"/>
</pin_list>
<bind>
<opcode="xor(25) " fcode="xor"/>
<opset="xor_ln124_21/3 "/>
</bind>
</comp>

<comp id="141" class="1005" name="idx_i477_reg_141">
<pin_list>
<pin id="142" dir="0" index="0" bw="5" slack="0"/>
<pin id="143" dir="1" index="1" bw="5" slack="0"/>
</pin_list>
<bind>
<opset="idx_i477 "/>
</bind>
</comp>

<comp id="148" class="1005" name="idx_i477_load_reg_148">
<pin_list>
<pin id="149" dir="0" index="0" bw="5" slack="1"/>
<pin id="150" dir="1" index="1" bw="5" slack="1"/>
</pin_list>
<bind>
<opset="idx_i477_load "/>
</bind>
</comp>

<comp id="154" class="1005" name="icmp_ln123_reg_154">
<pin_list>
<pin id="155" dir="0" index="0" bw="1" slack="1"/>
<pin id="156" dir="1" index="1" bw="1" slack="2147483647"/>
</pin_list>
<bind>
<opset="icmp_ln123 "/>
</bind>
</comp>

<comp id="158" class="1005" name="con128_addr_reg_158">
<pin_list>
<pin id="159" dir="0" index="0" bw="8" slack="1"/>
<pin id="160" dir="1" index="1" bw="8" slack="1"/>
</pin_list>
<bind>
<opset="con128_addr "/>
</bind>
</comp>

<comp id="163" class="1005" name="lk_addr_reg_163">
<pin_list>
<pin id="164" dir="0" index="0" bw="4" slack="1"/>
<pin id="165" dir="1" index="1" bw="4" slack="1"/>
</pin_list>
<bind>
<opset="lk_addr "/>
</bind>
</comp>

<comp id="168" class="1005" name="con128_load_reg_168">
<pin_list>
<pin id="169" dir="0" index="0" bw="8" slack="1"/>
<pin id="170" dir="1" index="1" bw="8" slack="1"/>
</pin_list>
<bind>
<opset="con128_load "/>
</bind>
</comp>

</comp_list>

<net_list>
<net id="37"><net_src comp="6" pin="0"/><net_sink comp="34" pin=0"/></net>

<net id="43"><net_src comp="4" pin="0"/><net_sink comp="38" pin=0"/></net>

<net id="44"><net_src comp="26" pin="0"/><net_sink comp="38" pin=1"/></net>

<net id="50"><net_src comp="38" pin="3"/><net_sink comp="45" pin=0"/></net>

<net id="56"><net_src comp="0" pin="0"/><net_sink comp="51" pin=0"/></net>

<net id="57"><net_src comp="26" pin="0"/><net_sink comp="51" pin=1"/></net>

<net id="63"><net_src comp="51" pin="3"/><net_sink comp="58" pin=0"/></net>

<net id="69"><net_src comp="2" pin="0"/><net_sink comp="64" pin=0"/></net>

<net id="70"><net_src comp="26" pin="0"/><net_sink comp="64" pin=1"/></net>

<net id="76"><net_src comp="64" pin="3"/><net_sink comp="71" pin=0"/></net>

<net id="81"><net_src comp="8" pin="0"/><net_sink comp="77" pin=0"/></net>

<net id="89"><net_src comp="82" pin="1"/><net_sink comp="85" pin=0"/></net>

<net id="90"><net_src comp="18" pin="0"/><net_sink comp="85" pin=1"/></net>

<net id="95"><net_src comp="82" pin="1"/><net_sink comp="91" pin=0"/></net>

<net id="96"><net_src comp="24" pin="0"/><net_sink comp="91" pin=1"/></net>

<net id="101"><net_src comp="82" pin="1"/><net_sink comp="97" pin=0"/></net>

<net id="102"><net_src comp="18" pin="0"/><net_sink comp="97" pin=1"/></net>

<net id="106"><net_src comp="97" pin="2"/><net_sink comp="103" pin=0"/></net>

<net id="110"><net_src comp="103" pin="1"/><net_sink comp="107" pin=0"/></net>

<net id="111"><net_src comp="107" pin="1"/><net_sink comp="38" pin=2"/></net>

<net id="116"><net_src comp="91" pin="2"/><net_sink comp="112" pin=0"/></net>

<net id="120"><net_src comp="117" pin="1"/><net_sink comp="51" pin=2"/></net>

<net id="128"><net_src comp="121" pin="1"/><net_sink comp="124" pin=0"/></net>

<net id="129"><net_src comp="32" pin="0"/><net_sink comp="124" pin=1"/></net>

<net id="133"><net_src comp="124" pin="2"/><net_sink comp="130" pin=0"/></net>

<net id="134"><net_src comp="130" pin="1"/><net_sink comp="64" pin=2"/></net>

<net id="139"><net_src comp="58" pin="3"/><net_sink comp="135" pin=1"/></net>

<net id="140"><net_src comp="135" pin="2"/><net_sink comp="71" pin=1"/></net>

<net id="144"><net_src comp="34" pin="1"/><net_sink comp="141" pin=0"/></net>

<net id="145"><net_src comp="141" pin="1"/><net_sink comp="77" pin=1"/></net>

<net id="146"><net_src comp="141" pin="1"/><net_sink comp="82" pin=0"/></net>

<net id="147"><net_src comp="141" pin="1"/><net_sink comp="112" pin=1"/></net>

<net id="151"><net_src comp="82" pin="1"/><net_sink comp="148" pin=0"/></net>

<net id="152"><net_src comp="148" pin="1"/><net_sink comp="117" pin=0"/></net>

<net id="153"><net_src comp="148" pin="1"/><net_sink comp="121" pin=0"/></net>

<net id="157"><net_src comp="85" pin="2"/><net_sink comp="154" pin=0"/></net>

<net id="161"><net_src comp="38" pin="3"/><net_sink comp="158" pin=0"/></net>

<net id="162"><net_src comp="158" pin="1"/><net_sink comp="45" pin=0"/></net>

<net id="166"><net_src comp="51" pin="3"/><net_sink comp="163" pin=0"/></net>

<net id="167"><net_src comp="163" pin="1"/><net_sink comp="58" pin=0"/></net>

<net id="171"><net_src comp="45" pin="3"/><net_sink comp="168" pin=0"/></net>

<net id="172"><net_src comp="168" pin="1"/><net_sink comp="135" pin=0"/></net>

</net_list>

</model> 
---------------- Datapath Model END ------------------

* FSMD analyzer results:
  - Output states:
	Port: rk | {3 }
 - Input state : 
	Port: clefia_Pipeline_ByteXor_label231 : lk | {2 3 }
	Port: clefia_Pipeline_ByteXor_label231 : con128 | {1 2 }
  - Chain level:
	State 1
		store_ln0 : 1
		idx_i477_load : 1
		icmp_ln123 : 2
		add_ln124 : 2
		br_ln123 : 3
		xor_ln121 : 2
		sext_ln121 : 2
		zext_ln121 : 3
		con128_addr : 4
		con128_load : 5
		store_ln123 : 3
	State 2
		lk_addr : 1
		lk_load : 2
	State 3
		add_ln121_5 : 1
		zext_ln121_136 : 2
		rk_addr_66 : 3
		xor_ln124_21 : 1
		store_ln124 : 4


============================================================
+ Verbose Summary: Datapath Resource usage 
============================================================

* Functional unit list:
|----------|-----------------------|---------|---------|
| Operation|    Functional Unit    |    FF   |   LUT   |
|----------|-----------------------|---------|---------|
|    add   |    add_ln124_fu_91    |    0    |    13   |
|          |   add_ln121_5_fu_124  |    0    |    14   |
|----------|-----------------------|---------|---------|
|    xor   |    xor_ln121_fu_97    |    0    |    5    |
|          |  xor_ln124_21_fu_135  |    0    |    8    |
|----------|-----------------------|---------|---------|
|   icmp   |    icmp_ln123_fu_85   |    0    |    9    |
|----------|-----------------------|---------|---------|
|   sext   |   sext_ln121_fu_103   |    0    |    0    |
|----------|-----------------------|---------|---------|
|          |   zext_ln121_fu_107   |    0    |    0    |
|   zext   |  zext_ln121_3_fu_117  |    0    |    0    |
|          | zext_ln121_134_fu_121 |    0    |    0    |
|          | zext_ln121_136_fu_130 |    0    |    0    |
|----------|-----------------------|---------|---------|
|   Total  |                       |    0    |    49   |
|----------|-----------------------|---------|---------|

Memories:
N/A

* Register list:
+---------------------+--------+
|                     |   FF   |
+---------------------+--------+
| con128_addr_reg_158 |    8   |
| con128_load_reg_168 |    8   |
|  icmp_ln123_reg_154 |    1   |
|idx_i477_load_reg_148|    5   |
|   idx_i477_reg_141  |    5   |
|   lk_addr_reg_163   |    4   |
+---------------------+--------+
|        Total        |   31   |
+---------------------+--------+

* Multiplexer (MUX) list: 
|------------------|------|------|------|--------||---------||---------|
|       Comp       |  Pin | Size |  BW  | S x BW ||  Delay  ||   LUT   |
|------------------|------|------|------|--------||---------||---------|
| grp_access_fu_45 |  p0  |   2  |   8  |   16   ||    9    |
| grp_access_fu_58 |  p0  |   2  |   4  |    8   ||    9    |
|------------------|------|------|------|--------||---------||---------|
|       Total      |      |      |      |   24   ||  3.176  ||    18   |
|------------------|------|------|------|--------||---------||---------|



* Summary:
+-----------+--------+--------+--------+
|           |  Delay |   FF   |   LUT  |
+-----------+--------+--------+--------+
|  Function |    -   |    0   |   49   |
|   Memory  |    -   |    -   |    -   |
|Multiplexer|    3   |    -   |   18   |
|  Register |    -   |   31   |    -   |
+-----------+--------+--------+--------+
|   Total   |    3   |   31   |   67   |
+-----------+--------+--------+--------+
