

================================================================
== Vitis HLS Report for 'clefia_Pipeline_ByteXor_label2115'
================================================================
* Date:           Mon Dec 12 08:59:41 2022

* Version:        2022.1 (Build 3526262 on Mon Apr 18 15:48:16 MDT 2022)
* Project:        CLEFIA_ip
* Solution:       solution4 (Vivado IP Flow Target)
* Product family: zynq
* Target device:  xc7z020-clg400-1


================================================================
== Performance Estimates
================================================================
+ Timing: 
    * Summary: 
    +--------+----------+----------+------------+
    |  Clock |  Target  | Estimated| Uncertainty|
    +--------+----------+----------+------------+
    |ap_clk  |  10.00 ns|  6.824 ns|     2.70 ns|
    +--------+----------+----------+------------+

+ Latency: 
    * Summary: 
    +---------+---------+-----------+-----------+-----+-----+---------+
    |  Latency (cycles) |   Latency (absolute)  |  Interval | Pipeline|
    |   min   |   max   |    min    |    max    | min | max |   Type  |
    +---------+---------+-----------+-----------+-----+-----+---------+
    |        7|        7|  70.000 ns|  70.000 ns|    7|    7|       no|
    +---------+---------+-----------+-----------+-----+-----+---------+

    + Detail: 
        * Instance: 
        N/A

        * Loop: 
        +------------------+---------+---------+----------+-----------+-----------+------+----------+
        |                  |  Latency (cycles) | Iteration|  Initiation Interval  | Trip |          |
        |     Loop Name    |   min   |   max   |  Latency |  achieved |   target  | Count| Pipelined|
        +------------------+---------+---------+----------+-----------+-----------+------+----------+
        |- ByteXor_label2  |        5|        5|         2|          1|          1|     4|       yes|
        +------------------+---------+---------+----------+-----------+-----------+------+----------+

============================================================
+ Verbose Summary: Synthesis Manager
============================================================
InlineROM: 1
ExposeGlobal: 0
============================================================
+ Verbose Summary: CDFG Model
============================================================
IsTopModel: 0
ResetActiveHigh: 1
IsCombinational: 0
IsDatapathOnly: 0
HasWiredReturn: 1
HasMFsm: 2
HasVarLatency: 1
IsPipeline: 0
IsRtlPipelined: 0
IsInstanceOverlapped: 0
IsDontTouch: 0
HasImplIP: 0
IsGatedGlobalClock: 0

+ Individual pipeline summary: 
  * Pipeline-0: initiation interval (II) = 1, depth = 3


============================================================
+ Verbose Summary: Schedule
============================================================
* Number of FSM states : 3
* Pipeline : 1
  Pipeline-0 : II = 1, D = 3, States = { 1 2 3 }
* Dataflow Pipeline: 0

* FSM state transitions: 
1 --> 2 
2 --> 3 
3 --> 

* FSM state operations: 

State 1 <SV = 0> <Delay = 1.58>
ST_1 : Operation 5 [1/1] (0.00ns)   --->   "%reuse_addr_reg = alloca i32 1"   --->   Operation 5 'alloca' 'reuse_addr_reg' <Predicate = true> <Delay = 0.00>
ST_1 : Operation 6 [1/1] (0.00ns)   --->   "%reuse_reg = alloca i32 1"   --->   Operation 6 'alloca' 'reuse_reg' <Predicate = true> <Delay = 0.00>
ST_1 : Operation 7 [1/1] (0.00ns)   --->   "%idx101_i358 = alloca i32 1"   --->   Operation 7 'alloca' 'idx101_i358' <Predicate = true> <Delay = 0.00>
ST_1 : Operation 8 [1/1] (0.00ns)   --->   "%r_1_read = read i5 @_ssdm_op_Read.ap_auto.i5, i5 %r_1"   --->   Operation 8 'read' 'r_1_read' <Predicate = true> <Delay = 0.00>
ST_1 : Operation 9 [1/1] (1.58ns)   --->   "%store_ln0 = store i2 0, i2 %idx101_i358"   --->   Operation 9 'store' 'store_ln0' <Predicate = true> <Delay = 1.58>
ST_1 : Operation 10 [1/1] (1.58ns)   --->   "%store_ln0 = store i8 0, i8 %reuse_reg"   --->   Operation 10 'store' 'store_ln0' <Predicate = true> <Delay = 1.58>
ST_1 : Operation 11 [1/1] (1.58ns)   --->   "%store_ln0 = store i64 18446744073709551615, i64 %reuse_addr_reg"   --->   Operation 11 'store' 'store_ln0' <Predicate = true> <Delay = 1.58>
ST_1 : Operation 12 [1/1] (0.00ns)   --->   "%br_ln0 = br void %while.body.i27.i"   --->   Operation 12 'br' 'br_ln0' <Predicate = true> <Delay = 0.00>

State 2 <SV = 1> <Delay = 3.25>
ST_2 : Operation 13 [1/1] (0.00ns)   --->   "%idx101_i358_load = load i2 %idx101_i358" [clefia.c:124]   --->   Operation 13 'load' 'idx101_i358_load' <Predicate = true> <Delay = 0.00>
ST_2 : Operation 14 [1/1] (0.00ns)   --->   "%or_ln4 = bitconcatenate i8 @_ssdm_op_BitConcatenate.i8.i5.i1.i2, i5 %r_1_read, i1 0, i2 %idx101_i358_load" [clefia.c:121]   --->   Operation 14 'bitconcatenate' 'or_ln4' <Predicate = true> <Delay = 0.00>
ST_2 : Operation 15 [1/1] (0.00ns)   --->   "%or_ln121 = or i8 %or_ln4, i8 12" [clefia.c:121]   --->   Operation 15 'or' 'or_ln121' <Predicate = true> <Delay = 0.00>
ST_2 : Operation 16 [1/1] (0.00ns)   --->   "%zext_ln121 = zext i8 %or_ln121" [clefia.c:121]   --->   Operation 16 'zext' 'zext_ln121' <Predicate = true> <Delay = 0.00>
ST_2 : Operation 17 [1/1] (0.00ns)   --->   "%rk_addr = getelementptr i8 %rk, i64 0, i64 %zext_ln121" [clefia.c:121]   --->   Operation 17 'getelementptr' 'rk_addr' <Predicate = true> <Delay = 0.00>
ST_2 : Operation 18 [1/1] (0.00ns)   --->   "%or_ln121_s = bitconcatenate i3 @_ssdm_op_BitConcatenate.i3.i1.i2, i1 1, i2 %idx101_i358_load" [clefia.c:121]   --->   Operation 18 'bitconcatenate' 'or_ln121_s' <Predicate = true> <Delay = 0.00>
ST_2 : Operation 19 [1/1] (0.00ns)   --->   "%sext_ln121 = sext i3 %or_ln121_s" [clefia.c:121]   --->   Operation 19 'sext' 'sext_ln121' <Predicate = true> <Delay = 0.00>
ST_2 : Operation 20 [1/1] (0.00ns)   --->   "%zext_ln121_278 = zext i4 %sext_ln121" [clefia.c:121]   --->   Operation 20 'zext' 'zext_ln121_278' <Predicate = true> <Delay = 0.00>
ST_2 : Operation 21 [1/1] (0.00ns)   --->   "%rin_1_addr = getelementptr i8 %rin_1, i64 0, i64 %zext_ln121_278" [clefia.c:121]   --->   Operation 21 'getelementptr' 'rin_1_addr' <Predicate = true> <Delay = 0.00>
ST_2 : Operation 22 [1/1] (1.56ns)   --->   "%add_ln124 = add i2 %idx101_i358_load, i2 1" [clefia.c:124]   --->   Operation 22 'add' 'add_ln124' <Predicate = true> <Delay = 1.56> <CoreInst = "Adder">   --->   Core 1 'Adder' <Latency = 0> <II = 1> <Delay = 1.56> <FuncUnit> <Opcode : 'add' 'sub'> <InPorts = 2> <OutPorts = 1>
ST_2 : Operation 23 [1/1] (0.00ns)   --->   "%reuse_addr_reg_load = load i64 %reuse_addr_reg"   --->   Operation 23 'load' 'reuse_addr_reg_load' <Predicate = true> <Delay = 0.00>
ST_2 : Operation 24 [2/2] (2.32ns)   --->   "%rin_1_load = load i4 %rin_1_addr" [clefia.c:124]   --->   Operation 24 'load' 'rin_1_load' <Predicate = true> <Delay = 2.32> <CoreInst = "RAM">   --->   Core 82 'RAM' <Latency = 1> <II = 1> <Delay = 2.32> <Storage> <Opcode : 'load' 'store'> <Ports = 2> <Width = 8> <Depth = 16> <RAM>
ST_2 : Operation 25 [1/1] (2.77ns)   --->   "%addr_cmp = icmp_eq  i64 %reuse_addr_reg_load, i64 %zext_ln121_278" [clefia.c:121]   --->   Operation 25 'icmp' 'addr_cmp' <Predicate = true> <Delay = 2.77> <CoreInst = "Cmp">   --->   Core 9 'Cmp' <Latency = 0> <II = 1> <Delay = 2.77> <FuncUnit> <Opcode : 'icmp'> <InPorts = 2> <OutPorts = 1>
ST_2 : Operation 26 [2/2] (3.25ns)   --->   "%rk_load = load i8 %rk_addr" [clefia.c:124]   --->   Operation 26 'load' 'rk_load' <Predicate = true> <Delay = 3.25> <CoreInst = "RAM">   --->   Core 82 'RAM' <Latency = 1> <II = 1> <Delay = 3.25> <Storage> <Opcode : 'load' 'store'> <Ports = 2> <Width = 8> <Depth = 224> <RAM>
ST_2 : Operation 27 [1/1] (1.58ns)   --->   "%store_ln121 = store i64 %zext_ln121_278, i64 %reuse_addr_reg" [clefia.c:121]   --->   Operation 27 'store' 'store_ln121' <Predicate = true> <Delay = 1.58>
ST_2 : Operation 28 [1/1] (0.95ns)   --->   "%icmp_ln123 = icmp_eq  i2 %idx101_i358_load, i2 3" [clefia.c:123]   --->   Operation 28 'icmp' 'icmp_ln123' <Predicate = true> <Delay = 0.95> <CoreInst = "Cmp">   --->   Core 9 'Cmp' <Latency = 0> <II = 1> <Delay = 0.95> <FuncUnit> <Opcode : 'icmp'> <InPorts = 2> <OutPorts = 1>
ST_2 : Operation 29 [1/1] (0.00ns)   --->   "%br_ln123 = br i1 %icmp_ln123, void %while.body.i27.i.while.body.i27.i_crit_edge, void %while.body.i.i.i366.preheader.exitStub" [clefia.c:123]   --->   Operation 29 'br' 'br_ln123' <Predicate = true> <Delay = 0.00>
ST_2 : Operation 30 [1/1] (1.58ns)   --->   "%store_ln123 = store i2 %add_ln124, i2 %idx101_i358" [clefia.c:123]   --->   Operation 30 'store' 'store_ln123' <Predicate = (!icmp_ln123)> <Delay = 1.58>
ST_2 : Operation 31 [1/1] (0.00ns)   --->   "%br_ln123 = br void %while.body.i27.i" [clefia.c:123]   --->   Operation 31 'br' 'br_ln123' <Predicate = (!icmp_ln123)> <Delay = 0.00>

State 3 <SV = 2> <Delay = 6.82>
ST_3 : Operation 32 [1/1] (0.00ns)   --->   "%specpipeline_ln0 = specpipeline void @_ssdm_op_SpecPipeline, i32 4294967295, i32 0, i32 1, i32 0, void @p_str"   --->   Operation 32 'specpipeline' 'specpipeline_ln0' <Predicate = true> <Delay = 0.00>
ST_3 : Operation 33 [1/1] (0.00ns)   --->   "%specloopname_ln121 = specloopname void @_ssdm_op_SpecLoopName, void @empty_8" [clefia.c:121]   --->   Operation 33 'specloopname' 'specloopname_ln121' <Predicate = true> <Delay = 0.00>
ST_3 : Operation 34 [1/1] (0.00ns)   --->   "%reuse_reg_load = load i8 %reuse_reg"   --->   Operation 34 'load' 'reuse_reg_load' <Predicate = (addr_cmp)> <Delay = 0.00>
ST_3 : Operation 35 [1/2] (2.32ns)   --->   "%rin_1_load = load i4 %rin_1_addr" [clefia.c:124]   --->   Operation 35 'load' 'rin_1_load' <Predicate = true> <Delay = 2.32> <CoreInst = "RAM">   --->   Core 82 'RAM' <Latency = 1> <II = 1> <Delay = 2.32> <Storage> <Opcode : 'load' 'store'> <Ports = 2> <Width = 8> <Depth = 16> <RAM>
ST_3 : Operation 36 [1/1] (0.00ns) (grouped into LUT with out node xor_ln124_99)   --->   "%reuse_select = select i1 %addr_cmp, i8 %reuse_reg_load, i8 %rin_1_load" [clefia.c:121]   --->   Operation 36 'select' 'reuse_select' <Predicate = true> <Delay = 0.00> <CoreInst = "Sel">   --->   Core 73 'Sel' <Latency = 0> <II = 1> <Delay = 1.24> <FuncUnit> <Opcode : 'select'> <InPorts = 3> <OutPorts = 1>
ST_3 : Operation 37 [1/2] (3.25ns)   --->   "%rk_load = load i8 %rk_addr" [clefia.c:124]   --->   Operation 37 'load' 'rk_load' <Predicate = true> <Delay = 3.25> <CoreInst = "RAM">   --->   Core 82 'RAM' <Latency = 1> <II = 1> <Delay = 3.25> <Storage> <Opcode : 'load' 'store'> <Ports = 2> <Width = 8> <Depth = 224> <RAM>
ST_3 : Operation 38 [1/1] (1.24ns) (out node of the LUT)   --->   "%xor_ln124_99 = xor i8 %rk_load, i8 %reuse_select" [clefia.c:124]   --->   Operation 38 'xor' 'xor_ln124_99' <Predicate = true> <Delay = 1.24> <CoreInst = "LogicGate">   --->   Core 74 'LogicGate' <Latency = 0> <II = 1> <Delay = 0.99> <FuncUnit> <Opcode : 'and' 'or' 'xor'> <InPorts = 2> <OutPorts = 1>
ST_3 : Operation 39 [1/1] (2.32ns)   --->   "%store_ln124 = store i8 %xor_ln124_99, i4 %rin_1_addr" [clefia.c:124]   --->   Operation 39 'store' 'store_ln124' <Predicate = true> <Delay = 2.32> <CoreInst = "RAM">   --->   Core 82 'RAM' <Latency = 1> <II = 1> <Delay = 2.32> <Storage> <Opcode : 'load' 'store'> <Ports = 2> <Width = 8> <Depth = 16> <RAM>
ST_3 : Operation 40 [1/1] (1.58ns)   --->   "%store_ln124 = store i8 %xor_ln124_99, i8 %reuse_reg" [clefia.c:124]   --->   Operation 40 'store' 'store_ln124' <Predicate = true> <Delay = 1.58>
ST_3 : Operation 41 [1/1] (0.00ns)   --->   "%empty = speclooptripcount i32 @_ssdm_op_SpecLoopTripCount, i64 4, i64 4, i64 4"   --->   Operation 41 'speclooptripcount' 'empty' <Predicate = true> <Delay = 0.00>
ST_3 : Operation 42 [1/1] (0.00ns)   --->   "%ret_ln0 = ret"   --->   Operation 42 'ret' 'ret_ln0' <Predicate = (icmp_ln123)> <Delay = 0.00>


============================================================
+ Verbose Summary: Timing violations
============================================================
Target clock period: 10ns, clock uncertainty: 2.7ns.

 <State 1>: 1.59ns
The critical path consists of the following:
	'alloca' operation ('idx101_i358') [6]  (0 ns)
	'store' operation ('store_ln0') of constant 0 on local variable 'idx101_i358' [8]  (1.59 ns)

 <State 2>: 3.25ns
The critical path consists of the following:
	'load' operation ('idx101_i358_load', clefia.c:124) on local variable 'idx101_i358' [13]  (0 ns)
	'or' operation ('or_ln121', clefia.c:121) [17]  (0 ns)
	'getelementptr' operation ('b', clefia.c:121) [19]  (0 ns)
	'load' operation ('rk_load', clefia.c:124) on array 'rk' [30]  (3.25 ns)

 <State 3>: 6.82ns
The critical path consists of the following:
	'load' operation ('rk_load', clefia.c:124) on array 'rk' [30]  (3.25 ns)
	'xor' operation ('xor_ln124_99', clefia.c:124) [31]  (1.25 ns)
	'store' operation ('store_ln124', clefia.c:124) of variable 'xor_ln124_99', clefia.c:124 on array 'rin_1' [32]  (2.32 ns)


============================================================
+ Verbose Summary: Binding
============================================================
N/A
* FSMD analyzer results:
  - Output states:
 - Input state : 
  - Chain level:
	State 1
	State 2
	State 3


============================================================
+ Verbose Summary: Datapath Resource usage 
============================================================
N/A
