

================================================================
== Vitis HLS Report for 'clefia_Pipeline_ByteXor_label246'
================================================================
* Date:           Mon Dec 12 09:00:22 2022

* Version:        2022.1 (Build 3526262 on Mon Apr 18 15:48:16 MDT 2022)
* Project:        CLEFIA_ip
* Solution:       solution4 (Vivado IP Flow Target)
* Product family: zynq
* Target device:  xc7z020-clg400-1


================================================================
== Performance Estimates
================================================================
+ Timing: 
    * Summary: 
    +--------+----------+----------+------------+
    |  Clock |  Target  | Estimated| Uncertainty|
    +--------+----------+----------+------------+
    |ap_clk  |  10.00 ns|  6.566 ns|     2.70 ns|
    +--------+----------+----------+------------+

+ Latency: 
    * Summary: 
    +---------+---------+----------+----------+-----+-----+---------+
    |  Latency (cycles) |  Latency (absolute) |  Interval | Pipeline|
    |   min   |   max   |    min   |    max   | min | max |   Type  |
    +---------+---------+----------+----------+-----+-----+---------+
    |       19|       19|  0.190 us|  0.190 us|   19|   19|       no|
    +---------+---------+----------+----------+-----+-----+---------+

    + Detail: 
        * Instance: 
        N/A

        * Loop: 
        +------------------+---------+---------+----------+-----------+-----------+------+----------+
        |                  |  Latency (cycles) | Iteration|  Initiation Interval  | Trip |          |
        |     Loop Name    |   min   |   max   |  Latency |  achieved |   target  | Count| Pipelined|
        +------------------+---------+---------+----------+-----------+-----------+------+----------+
        |- ByteXor_label2  |       17|       17|         3|          1|          1|    16|       yes|
        +------------------+---------+---------+----------+-----------+-----------+------+----------+



================================================================
== Utilization Estimates
================================================================
* Summary: 
+-----------------+---------+-----+--------+-------+-----+
|       Name      | BRAM_18K| DSP |   FF   |  LUT  | URAM|
+-----------------+---------+-----+--------+-------+-----+
|DSP              |        -|    -|       -|      -|    -|
|Expression       |        -|    -|       0|     62|    -|
|FIFO             |        -|    -|       -|      -|    -|
|Instance         |        -|    -|       -|      -|    -|
|Memory           |        -|    -|       -|      -|    -|
|Multiplexer      |        -|    -|       -|     36|    -|
|Register         |        -|    -|      28|      -|    -|
+-----------------+---------+-----+--------+-------+-----+
|Total            |        0|    0|      28|     98|    0|
+-----------------+---------+-----+--------+-------+-----+
|Available        |      280|  220|  106400|  53200|    0|
+-----------------+---------+-----+--------+-------+-----+
|Utilization (%)  |        0|    0|      ~0|     ~0|    0|
+-----------------+---------+-----+--------+-------+-----+

+ Detail: 
    * Instance: 
    N/A

    * DSP: 
    N/A

    * Memory: 
    N/A

    * FIFO: 
    N/A

    * Expression: 
    +------------------------+----------+----+---+----+------------+------------+
    |      Variable Name     | Operation| DSP| FF| LUT| Bitwidth P0| Bitwidth P1|
    +------------------------+----------+----+---+----+------------+------------+
    |add_ln121_68_fu_103_p2  |         +|   0|  0|  14|           7|           7|
    |add_ln121_69_fu_130_p2  |         +|   0|  0|  15|           8|           7|
    |add_ln124_fu_93_p2      |         +|   0|  0|  13|           5|           1|
    |icmp_ln123_fu_87_p2     |      icmp|   0|  0|  10|           5|           6|
    |ap_enable_pp0           |       xor|   0|  0|   2|           1|           2|
    |rk_d0                   |       xor|   0|  0|   8|           8|           8|
    +------------------------+----------+----+---+----+------------+------------+
    |Total                   |          |   0|  0|  62|          34|          31|
    +------------------------+----------+----+---+----+------------+------------+

    * Multiplexer: 
    +--------------------------------+----+-----------+-----+-----------+
    |              Name              | LUT| Input Size| Bits| Total Bits|
    +--------------------------------+----+-----------+-----+-----------+
    |ap_done_int                     |   9|          2|    1|          2|
    |ap_enable_reg_pp0_iter1         |   9|          2|    1|          2|
    |ap_sig_allocacmp_idx_i966_load  |   9|          2|    5|         10|
    |idx_i966_fu_36                  |   9|          2|    5|         10|
    +--------------------------------+----+-----------+-----+-----------+
    |Total                           |  36|          8|   12|         24|
    +--------------------------------+----+-----------+-----+-----------+

    * Register: 
    +-------------------------------------+---+----+-----+-----------+
    |                 Name                | FF| LUT| Bits| Const Bits|
    +-------------------------------------+---+----+-----+-----------+
    |ap_CS_fsm                            |  1|   0|    1|          0|
    |ap_done_reg                          |  1|   0|    1|          0|
    |ap_enable_reg_pp0_iter1              |  1|   0|    1|          0|
    |ap_enable_reg_pp0_iter2              |  1|   0|    1|          0|
    |ap_loop_exit_ready_pp0_iter1_reg     |  1|   0|    1|          0|
    |con128_load_reg_174                  |  8|   0|    8|          0|
    |idx_i966_fu_36                       |  5|   0|    5|          0|
    |idx_i966_load_reg_154                |  5|   0|    5|          0|
    |idx_i966_load_reg_154_pp0_iter1_reg  |  5|   0|    5|          0|
    +-------------------------------------+---+----+-----+-----------+
    |Total                                | 28|   0|   28|          0|
    +-------------------------------------+---+----+-----+-----------+



================================================================
== Interface
================================================================
* Summary: 
+-----------------+-----+-----+------------+----------------------------------+--------------+
|    RTL Ports    | Dir | Bits|  Protocol  |           Source Object          |    C Type    |
+-----------------+-----+-----+------------+----------------------------------+--------------+
|ap_clk           |   in|    1|  ap_ctrl_hs|  clefia_Pipeline_ByteXor_label246|  return value|
|ap_rst           |   in|    1|  ap_ctrl_hs|  clefia_Pipeline_ByteXor_label246|  return value|
|ap_start         |   in|    1|  ap_ctrl_hs|  clefia_Pipeline_ByteXor_label246|  return value|
|ap_done          |  out|    1|  ap_ctrl_hs|  clefia_Pipeline_ByteXor_label246|  return value|
|ap_idle          |  out|    1|  ap_ctrl_hs|  clefia_Pipeline_ByteXor_label246|  return value|
|ap_ready         |  out|    1|  ap_ctrl_hs|  clefia_Pipeline_ByteXor_label246|  return value|
|lk_address0      |  out|    4|   ap_memory|                                lk|         array|
|lk_ce0           |  out|    1|   ap_memory|                                lk|         array|
|lk_q0            |   in|    8|   ap_memory|                                lk|         array|
|rk_address0      |  out|    8|   ap_memory|                                rk|         array|
|rk_ce0           |  out|    1|   ap_memory|                                rk|         array|
|rk_we0           |  out|    1|   ap_memory|                                rk|         array|
|rk_d0            |  out|    8|   ap_memory|                                rk|         array|
|con128_address0  |  out|    8|   ap_memory|                            con128|         array|
|con128_ce0       |  out|    1|   ap_memory|                            con128|         array|
|con128_q0        |   in|    8|   ap_memory|                            con128|         array|
+-----------------+-----+-----+------------+----------------------------------+--------------+

============================================================
+ Verbose Summary: Synthesis Manager
============================================================
InlineROM: 1
ExposeGlobal: 0
============================================================
+ Verbose Summary: CDFG Model
============================================================
IsTopModel: 0
ResetActiveHigh: 1
IsCombinational: 2
IsDatapathOnly: 2
HasWiredReturn: 1
HasMFsm: 2
HasVarLatency: 1
IsPipeline: 0
IsRtlPipelined: 0
IsInstanceOverlapped: 0
IsDontTouch: 0
HasImplIP: 0
IsGatedGlobalClock: 0

+ Individual pipeline summary: 
  * Pipeline-0: initiation interval (II) = 1, depth = 3


============================================================
+ Verbose Summary: Schedule
============================================================
* Number of FSM states : 3
* Pipeline : 1
  Pipeline-0 : II = 1, D = 3, States = { 1 2 3 }
* Dataflow Pipeline: 0

* FSM state transitions: 
1 --> 2 
2 --> 3 
3 --> 

* FSM state operations: 

State 1 <SV = 0> <Delay = 5.12>
ST_1 : Operation 6 [1/1] (0.00ns)   --->   "%idx_i966 = alloca i32 1"   --->   Operation 6 'alloca' 'idx_i966' <Predicate = true> <Delay = 0.00>
ST_1 : Operation 7 [1/1] (1.58ns)   --->   "%store_ln0 = store i5 0, i5 %idx_i966"   --->   Operation 7 'store' 'store_ln0' <Predicate = true> <Delay = 1.58>
ST_1 : Operation 8 [1/1] (0.00ns)   --->   "%br_ln0 = br void %while.body.i968"   --->   Operation 8 'br' 'br_ln0' <Predicate = true> <Delay = 0.00>
ST_1 : Operation 9 [1/1] (0.00ns)   --->   "%idx_i966_load = load i5 %idx_i966" [clefia.c:124->clefia.c:310->clefia.c:396]   --->   Operation 9 'load' 'idx_i966_load' <Predicate = true> <Delay = 0.00>
ST_1 : Operation 10 [1/1] (0.00ns)   --->   "%specpipeline_ln0 = specpipeline void @_ssdm_op_SpecPipeline, i32 4294967295, i32 0, i32 1, i32 0, void @p_str"   --->   Operation 10 'specpipeline' 'specpipeline_ln0' <Predicate = true> <Delay = 0.00>
ST_1 : Operation 11 [1/1] (1.36ns)   --->   "%icmp_ln123 = icmp_eq  i5 %idx_i966_load, i5 16" [clefia.c:123->clefia.c:310->clefia.c:396]   --->   Operation 11 'icmp' 'icmp_ln123' <Predicate = true> <Delay = 1.36> <CoreInst = "Cmp">   --->   Core 9 'Cmp' <Latency = 0> <II = 1> <Delay = 1.42> <FuncUnit> <Opcode : 'icmp'> <InPorts = 2> <OutPorts = 1>
ST_1 : Operation 12 [1/1] (0.00ns)   --->   "%empty = speclooptripcount i32 @_ssdm_op_SpecLoopTripCount, i64 16, i64 16, i64 16"   --->   Operation 12 'speclooptripcount' 'empty' <Predicate = true> <Delay = 0.00>
ST_1 : Operation 13 [1/1] (1.78ns)   --->   "%add_ln124 = add i5 %idx_i966_load, i5 1" [clefia.c:124->clefia.c:310->clefia.c:396]   --->   Operation 13 'add' 'add_ln124' <Predicate = true> <Delay = 1.78> <CoreInst = "Adder">   --->   Core 1 'Adder' <Latency = 0> <II = 1> <Delay = 1.78> <FuncUnit> <Opcode : 'add' 'sub'> <InPorts = 2> <OutPorts = 1>
ST_1 : Operation 14 [1/1] (0.00ns)   --->   "%br_ln123 = br i1 %icmp_ln123, void %while.body.split.i971, void %while.body.i975.preheader.exitStub" [clefia.c:123->clefia.c:310->clefia.c:396]   --->   Operation 14 'br' 'br_ln123' <Predicate = true> <Delay = 0.00>
ST_1 : Operation 15 [1/1] (0.00ns)   --->   "%zext_ln121_230 = zext i5 %idx_i966_load" [clefia.c:121->clefia.c:310->clefia.c:396]   --->   Operation 15 'zext' 'zext_ln121_230' <Predicate = (!icmp_ln123)> <Delay = 0.00>
ST_1 : Operation 16 [1/1] (1.87ns)   --->   "%add_ln121_68 = add i7 %zext_ln121_230, i7 80" [clefia.c:121->clefia.c:310->clefia.c:396]   --->   Operation 16 'add' 'add_ln121_68' <Predicate = (!icmp_ln123)> <Delay = 1.87> <CoreInst = "Adder">   --->   Core 1 'Adder' <Latency = 0> <II = 1> <Delay = 1.87> <FuncUnit> <Opcode : 'add' 'sub'> <InPorts = 2> <OutPorts = 1>
ST_1 : Operation 17 [1/1] (0.00ns)   --->   "%sext_ln121 = sext i7 %add_ln121_68" [clefia.c:121->clefia.c:310->clefia.c:396]   --->   Operation 17 'sext' 'sext_ln121' <Predicate = (!icmp_ln123)> <Delay = 0.00>
ST_1 : Operation 18 [1/1] (0.00ns)   --->   "%zext_ln121 = zext i8 %sext_ln121" [clefia.c:121->clefia.c:310->clefia.c:396]   --->   Operation 18 'zext' 'zext_ln121' <Predicate = (!icmp_ln123)> <Delay = 0.00>
ST_1 : Operation 19 [1/1] (0.00ns)   --->   "%con128_addr = getelementptr i8 %con128, i64 0, i64 %zext_ln121" [clefia.c:121->clefia.c:310->clefia.c:396]   --->   Operation 19 'getelementptr' 'con128_addr' <Predicate = (!icmp_ln123)> <Delay = 0.00>
ST_1 : Operation 20 [2/2] (3.25ns)   --->   "%con128_load = load i8 %con128_addr" [clefia.c:124->clefia.c:310->clefia.c:396]   --->   Operation 20 'load' 'con128_load' <Predicate = (!icmp_ln123)> <Delay = 3.25> <CoreInst = "ROM">   --->   Core 95 'ROM' <Latency = 1> <II = 1> <Delay = 3.25> <Storage> <Opcode : 'load'> <Ports = 0> <Width = 8> <Depth = 240> <ROM>
ST_1 : Operation 21 [1/1] (1.58ns)   --->   "%store_ln123 = store i5 %add_ln124, i5 %idx_i966" [clefia.c:123->clefia.c:310->clefia.c:396]   --->   Operation 21 'store' 'store_ln123' <Predicate = (!icmp_ln123)> <Delay = 1.58>

State 2 <SV = 1> <Delay = 3.25>
ST_2 : Operation 22 [1/1] (0.00ns)   --->   "%zext_ln121_14 = zext i5 %idx_i966_load" [clefia.c:121->clefia.c:310->clefia.c:396]   --->   Operation 22 'zext' 'zext_ln121_14' <Predicate = true> <Delay = 0.00>
ST_2 : Operation 23 [1/1] (0.00ns)   --->   "%lk_addr = getelementptr i8 %lk, i64 0, i64 %zext_ln121_14" [clefia.c:121->clefia.c:310->clefia.c:396]   --->   Operation 23 'getelementptr' 'lk_addr' <Predicate = true> <Delay = 0.00>
ST_2 : Operation 24 [2/2] (2.32ns)   --->   "%lk_load = load i4 %lk_addr" [clefia.c:124->clefia.c:310->clefia.c:396]   --->   Operation 24 'load' 'lk_load' <Predicate = true> <Delay = 2.32> <CoreInst = "RAM">   --->   Core 82 'RAM' <Latency = 1> <II = 1> <Delay = 2.32> <Storage> <Opcode : 'load' 'store'> <Ports = 2> <Width = 8> <Depth = 16> <RAM>
ST_2 : Operation 25 [1/2] (3.25ns)   --->   "%con128_load = load i8 %con128_addr" [clefia.c:124->clefia.c:310->clefia.c:396]   --->   Operation 25 'load' 'con128_load' <Predicate = true> <Delay = 3.25> <CoreInst = "ROM">   --->   Core 95 'ROM' <Latency = 1> <II = 1> <Delay = 3.25> <Storage> <Opcode : 'load'> <Ports = 0> <Width = 8> <Depth = 240> <ROM>
ST_2 : Operation 35 [1/1] (0.00ns)   --->   "%ret_ln0 = ret"   --->   Operation 35 'ret' 'ret_ln0' <Predicate = (icmp_ln123)> <Delay = 0.00>

State 3 <SV = 2> <Delay = 6.56>
ST_3 : Operation 26 [1/1] (0.00ns)   --->   "%specloopname_ln121 = specloopname void @_ssdm_op_SpecLoopName, void @empty_8" [clefia.c:121->clefia.c:310->clefia.c:396]   --->   Operation 26 'specloopname' 'specloopname_ln121' <Predicate = true> <Delay = 0.00>
ST_3 : Operation 27 [1/1] (0.00ns)   --->   "%zext_ln121_229 = zext i5 %idx_i966_load" [clefia.c:121->clefia.c:310->clefia.c:396]   --->   Operation 27 'zext' 'zext_ln121_229' <Predicate = true> <Delay = 0.00>
ST_3 : Operation 28 [1/1] (1.91ns)   --->   "%add_ln121_69 = add i8 %zext_ln121_229, i8 120" [clefia.c:121->clefia.c:310->clefia.c:396]   --->   Operation 28 'add' 'add_ln121_69' <Predicate = true> <Delay = 1.91> <CoreInst = "Adder">   --->   Core 1 'Adder' <Latency = 0> <II = 1> <Delay = 1.91> <FuncUnit> <Opcode : 'add' 'sub'> <InPorts = 2> <OutPorts = 1>
ST_3 : Operation 29 [1/1] (0.00ns)   --->   "%zext_ln121_232 = zext i8 %add_ln121_69" [clefia.c:121->clefia.c:310->clefia.c:396]   --->   Operation 29 'zext' 'zext_ln121_232' <Predicate = true> <Delay = 0.00>
ST_3 : Operation 30 [1/1] (0.00ns)   --->   "%rk_addr_77 = getelementptr i8 %rk, i64 0, i64 %zext_ln121_232" [clefia.c:121->clefia.c:310->clefia.c:396]   --->   Operation 30 'getelementptr' 'rk_addr_77' <Predicate = true> <Delay = 0.00>
ST_3 : Operation 31 [1/2] (2.32ns)   --->   "%lk_load = load i4 %lk_addr" [clefia.c:124->clefia.c:310->clefia.c:396]   --->   Operation 31 'load' 'lk_load' <Predicate = true> <Delay = 2.32> <CoreInst = "RAM">   --->   Core 82 'RAM' <Latency = 1> <II = 1> <Delay = 2.32> <Storage> <Opcode : 'load' 'store'> <Ports = 2> <Width = 8> <Depth = 16> <RAM>
ST_3 : Operation 32 [1/1] (0.99ns)   --->   "%xor_ln124_42 = xor i8 %con128_load, i8 %lk_load" [clefia.c:124->clefia.c:310->clefia.c:396]   --->   Operation 32 'xor' 'xor_ln124_42' <Predicate = true> <Delay = 0.99> <CoreInst = "LogicGate">   --->   Core 74 'LogicGate' <Latency = 0> <II = 1> <Delay = 0.99> <FuncUnit> <Opcode : 'and' 'or' 'xor'> <InPorts = 2> <OutPorts = 1>
ST_3 : Operation 33 [1/1] (3.25ns)   --->   "%store_ln124 = store i8 %xor_ln124_42, i8 %rk_addr_77" [clefia.c:124->clefia.c:310->clefia.c:396]   --->   Operation 33 'store' 'store_ln124' <Predicate = true> <Delay = 3.25> <CoreInst = "RAM">   --->   Core 82 'RAM' <Latency = 1> <II = 1> <Delay = 3.25> <Storage> <Opcode : 'load' 'store'> <Ports = 2> <Width = 8> <Depth = 224> <RAM>
ST_3 : Operation 34 [1/1] (0.00ns)   --->   "%br_ln123 = br void %while.body.i968" [clefia.c:123->clefia.c:310->clefia.c:396]   --->   Operation 34 'br' 'br_ln123' <Predicate = true> <Delay = 0.00>


============================================================
+ Verbose Summary: Binding
============================================================
STG Binding: 
---------------- STG Properties BEGIN ----------------
- Is combinational: 0
- Is one-state seq: 0
- Is datapath-only: 0
- Is pipelined: 0
- Is top level: 0
Port [ Return ] is wired: 1; IO mode=ap_ctrl_hs:ce=0
Port [ lk]:  wired=1; compound=1; hidden=0; nouse=0; global=0; static=0; extern=0; dir=0; type=1; pingpong=0; private_global=0; MemPort=[13]; IO mode=ap_memory:ce=0
Port [ rk]:  wired=1; compound=1; hidden=0; nouse=0; global=0; static=0; extern=0; dir=1; type=1; pingpong=0; private_global=0; MemPort=[03]; IO mode=ap_memory:ce=0
Port [ con128]:  wired=1; compound=1; hidden=0; nouse=0; global=1; static=1; extern=0; dir=0; type=1; pingpong=0; private_global=0; MemPort=[1]; IO mode=ap_memory:ce=0
---------------- STG Properties END ------------------

---------------- Datapath Model BEGIN ----------------

<LifeTime>
<method=bitvector/>
idx_i966           (alloca           ) [ 0100]
store_ln0          (store            ) [ 0000]
br_ln0             (br               ) [ 0000]
idx_i966_load      (load             ) [ 0111]
specpipeline_ln0   (specpipeline     ) [ 0000]
icmp_ln123         (icmp             ) [ 0110]
empty              (speclooptripcount) [ 0000]
add_ln124          (add              ) [ 0000]
br_ln123           (br               ) [ 0000]
zext_ln121_230     (zext             ) [ 0000]
add_ln121_68       (add              ) [ 0000]
sext_ln121         (sext             ) [ 0000]
zext_ln121         (zext             ) [ 0000]
con128_addr        (getelementptr    ) [ 0110]
store_ln123        (store            ) [ 0000]
zext_ln121_14      (zext             ) [ 0000]
lk_addr            (getelementptr    ) [ 0101]
con128_load        (load             ) [ 0101]
specloopname_ln121 (specloopname     ) [ 0000]
zext_ln121_229     (zext             ) [ 0000]
add_ln121_69       (add              ) [ 0000]
zext_ln121_232     (zext             ) [ 0000]
rk_addr_77         (getelementptr    ) [ 0000]
lk_load            (load             ) [ 0000]
xor_ln124_42       (xor              ) [ 0000]
store_ln124        (store            ) [ 0000]
br_ln123           (br               ) [ 0000]
ret_ln0            (ret              ) [ 0000]
</LifeTime>

<model>

<comp_list>
<comp id="0" class="1000" name="lk">
<pin_list>
<pin id="1" dir="1" index="0" bw="1" slack="0"/>
</pin_list>
<bind>
<StgValue><ssdm name="lk"/><MemPortTyVec>1 3 </MemPortTyVec>
</StgValue>
</bind>
</comp>

<comp id="2" class="1000" name="rk">
<pin_list>
<pin id="3" dir="1" index="0" bw="1" slack="0"/>
</pin_list>
<bind>
<StgValue><ssdm name="rk"/><MemPortTyVec>0 3 </MemPortTyVec>
</StgValue>
</bind>
</comp>

<comp id="4" class="1000" name="con128">
<pin_list>
<pin id="5" dir="1" index="0" bw="1" slack="0"/>
</pin_list>
<bind>
<StgValue><ssdm name="con128"/><MemPortTyVec>1 </MemPortTyVec>
</StgValue>
</bind>
</comp>

<comp id="6" class="1001" name="const_6">
<pin_list>
<pin id="7" dir="1" index="0" bw="1" slack="0"/>
</pin_list>
<bind>
<StgValue><ssdm name=""/></StgValue>
</bind>
</comp>

<comp id="8" class="1001" name="const_8">
<pin_list>
<pin id="9" dir="1" index="0" bw="1" slack="0"/>
</pin_list>
<bind>
<StgValue><ssdm name=""/></StgValue>
</bind>
</comp>

<comp id="10" class="1001" name="const_10">
<pin_list>
<pin id="11" dir="1" index="0" bw="1" slack="2147483647"/>
</pin_list>
<bind>
<StgValue><ssdm name="_ssdm_op_SpecPipeline"/></StgValue>
</bind>
</comp>

<comp id="12" class="1001" name="const_12">
<pin_list>
<pin id="13" dir="1" index="0" bw="1" slack="2147483647"/>
</pin_list>
<bind>
<StgValue><ssdm name=""/></StgValue>
</bind>
</comp>

<comp id="14" class="1001" name="const_14">
<pin_list>
<pin id="15" dir="1" index="0" bw="1" slack="2147483647"/>
</pin_list>
<bind>
<StgValue><ssdm name=""/></StgValue>
</bind>
</comp>

<comp id="16" class="1001" name="const_16">
<pin_list>
<pin id="17" dir="1" index="0" bw="1" slack="2147483647"/>
</pin_list>
<bind>
<StgValue><ssdm name="p_str"/></StgValue>
</bind>
</comp>

<comp id="18" class="1001" name="const_18">
<pin_list>
<pin id="19" dir="1" index="0" bw="1" slack="0"/>
</pin_list>
<bind>
<StgValue><ssdm name=""/></StgValue>
</bind>
</comp>

<comp id="20" class="1001" name="const_20">
<pin_list>
<pin id="21" dir="1" index="0" bw="1" slack="2147483647"/>
</pin_list>
<bind>
<StgValue><ssdm name="_ssdm_op_SpecLoopTripCount"/></StgValue>
</bind>
</comp>

<comp id="22" class="1001" name="const_22">
<pin_list>
<pin id="23" dir="1" index="0" bw="1" slack="2147483647"/>
</pin_list>
<bind>
<StgValue><ssdm name=""/></StgValue>
</bind>
</comp>

<comp id="24" class="1001" name="const_24">
<pin_list>
<pin id="25" dir="1" index="0" bw="1" slack="0"/>
</pin_list>
<bind>
<StgValue><ssdm name=""/></StgValue>
</bind>
</comp>

<comp id="26" class="1001" name="const_26">
<pin_list>
<pin id="27" dir="1" index="0" bw="1" slack="0"/>
</pin_list>
<bind>
<StgValue><ssdm name=""/></StgValue>
</bind>
</comp>

<comp id="28" class="1001" name="const_28">
<pin_list>
<pin id="29" dir="1" index="0" bw="1" slack="0"/>
</pin_list>
<bind>
<StgValue><ssdm name=""/></StgValue>
</bind>
</comp>

<comp id="30" class="1001" name="const_30">
<pin_list>
<pin id="31" dir="1" index="0" bw="1" slack="2147483647"/>
</pin_list>
<bind>
<StgValue><ssdm name="_ssdm_op_SpecLoopName"/></StgValue>
</bind>
</comp>

<comp id="32" class="1001" name="const_32">
<pin_list>
<pin id="33" dir="1" index="0" bw="1" slack="2147483647"/>
</pin_list>
<bind>
<StgValue><ssdm name="empty_8"/></StgValue>
</bind>
</comp>

<comp id="34" class="1001" name="const_34">
<pin_list>
<pin id="35" dir="1" index="0" bw="1" slack="0"/>
</pin_list>
<bind>
<StgValue><ssdm name=""/></StgValue>
</bind>
</comp>

<comp id="36" class="1004" name="idx_i966_fu_36">
<pin_list>
<pin id="37" dir="0" index="0" bw="1" slack="0"/>
<pin id="38" dir="1" index="1" bw="5" slack="0"/>
</pin_list>
<bind>
<opcode="alloca(26) " fcode="alloca"/>
<opset="idx_i966/1 "/>
</bind>
</comp>

<comp id="40" class="1004" name="con128_addr_gep_fu_40">
<pin_list>
<pin id="41" dir="0" index="0" bw="8" slack="0"/>
<pin id="42" dir="0" index="1" bw="1" slack="0"/>
<pin id="43" dir="0" index="2" bw="8" slack="0"/>
<pin id="44" dir="1" index="3" bw="8" slack="0"/>
</pin_list>
<bind>
<opcode="getelementptr(29) " fcode="getelementptr"/>
<opset="con128_addr/1 "/>
</bind>
</comp>

<comp id="47" class="1004" name="grp_access_fu_47">
<pin_list>
<pin id="48" dir="0" index="0" bw="8" slack="0"/>
<pin id="49" dir="0" index="1" bw="8" slack="2147483647"/>
<pin id="50" dir="0" index="2" bw="0" slack="2147483647"/>
<pin id="51" dir="1" index="3" bw="8" slack="1"/>
</pin_list>
<bind>
<opcode="load(27) " fcode="load"/>
<opset="con128_load/1 "/>
</bind>
</comp>

<comp id="53" class="1004" name="lk_addr_gep_fu_53">
<pin_list>
<pin id="54" dir="0" index="0" bw="8" slack="0"/>
<pin id="55" dir="0" index="1" bw="1" slack="0"/>
<pin id="56" dir="0" index="2" bw="5" slack="0"/>
<pin id="57" dir="1" index="3" bw="4" slack="0"/>
</pin_list>
<bind>
<opcode="getelementptr(29) " fcode="getelementptr"/>
<opset="lk_addr/2 "/>
</bind>
</comp>

<comp id="60" class="1004" name="grp_access_fu_60">
<pin_list>
<pin id="61" dir="0" index="0" bw="4" slack="0"/>
<pin id="62" dir="0" index="1" bw="8" slack="2147483647"/>
<pin id="63" dir="0" index="2" bw="0" slack="2147483647"/>
<pin id="64" dir="1" index="3" bw="8" slack="0"/>
</pin_list>
<bind>
<opcode="load(27) " fcode="load"/>
<opset="lk_load/2 "/>
</bind>
</comp>

<comp id="66" class="1004" name="rk_addr_77_gep_fu_66">
<pin_list>
<pin id="67" dir="0" index="0" bw="8" slack="0"/>
<pin id="68" dir="0" index="1" bw="1" slack="0"/>
<pin id="69" dir="0" index="2" bw="8" slack="0"/>
<pin id="70" dir="1" index="3" bw="8" slack="0"/>
</pin_list>
<bind>
<opcode="getelementptr(29) " fcode="getelementptr"/>
<opset="rk_addr_77/3 "/>
</bind>
</comp>

<comp id="73" class="1004" name="store_ln124_access_fu_73">
<pin_list>
<pin id="74" dir="0" index="0" bw="8" slack="0"/>
<pin id="75" dir="0" index="1" bw="8" slack="0"/>
<pin id="76" dir="0" index="2" bw="0" slack="2147483647"/>
<pin id="77" dir="1" index="3" bw="8" slack="2147483647"/>
</pin_list>
<bind>
<opcode="store(28) " fcode="store"/>
<opset="store_ln124/3 "/>
</bind>
</comp>

<comp id="79" class="1004" name="store_ln0_store_fu_79">
<pin_list>
<pin id="80" dir="0" index="0" bw="1" slack="0"/>
<pin id="81" dir="0" index="1" bw="5" slack="0"/>
<pin id="82" dir="1" index="2" bw="0" slack="2147483647"/>
</pin_list>
<bind>
<opcode="store(28) " fcode="store"/>
<opset="store_ln0/1 "/>
</bind>
</comp>

<comp id="84" class="1004" name="idx_i966_load_load_fu_84">
<pin_list>
<pin id="85" dir="0" index="0" bw="5" slack="0"/>
<pin id="86" dir="1" index="1" bw="5" slack="0"/>
</pin_list>
<bind>
<opcode="load(27) " fcode="load"/>
<opset="idx_i966_load/1 "/>
</bind>
</comp>

<comp id="87" class="1004" name="icmp_ln123_fu_87">
<pin_list>
<pin id="88" dir="0" index="0" bw="5" slack="0"/>
<pin id="89" dir="0" index="1" bw="5" slack="0"/>
<pin id="90" dir="1" index="2" bw="1" slack="1"/>
</pin_list>
<bind>
<opcode="icmp(45) " fcode="icmp"/>
<opset="icmp_ln123/1 "/>
</bind>
</comp>

<comp id="93" class="1004" name="add_ln124_fu_93">
<pin_list>
<pin id="94" dir="0" index="0" bw="5" slack="0"/>
<pin id="95" dir="0" index="1" bw="1" slack="0"/>
<pin id="96" dir="1" index="2" bw="5" slack="0"/>
</pin_list>
<bind>
<opcode="add(8) " fcode="add"/>
<opset="add_ln124/1 "/>
</bind>
</comp>

<comp id="99" class="1004" name="zext_ln121_230_fu_99">
<pin_list>
<pin id="100" dir="0" index="0" bw="5" slack="0"/>
<pin id="101" dir="1" index="1" bw="7" slack="0"/>
</pin_list>
<bind>
<opcode="zext(34) " fcode="zext"/>
<opset="zext_ln121_230/1 "/>
</bind>
</comp>

<comp id="103" class="1004" name="add_ln121_68_fu_103">
<pin_list>
<pin id="104" dir="0" index="0" bw="5" slack="0"/>
<pin id="105" dir="0" index="1" bw="7" slack="0"/>
<pin id="106" dir="1" index="2" bw="7" slack="0"/>
</pin_list>
<bind>
<opcode="add(8) " fcode="add"/>
<opset="add_ln121_68/1 "/>
</bind>
</comp>

<comp id="109" class="1004" name="sext_ln121_fu_109">
<pin_list>
<pin id="110" dir="0" index="0" bw="7" slack="0"/>
<pin id="111" dir="1" index="1" bw="8" slack="0"/>
</pin_list>
<bind>
<opcode="sext(35) " fcode="sext"/>
<opset="sext_ln121/1 "/>
</bind>
</comp>

<comp id="113" class="1004" name="zext_ln121_fu_113">
<pin_list>
<pin id="114" dir="0" index="0" bw="7" slack="0"/>
<pin id="115" dir="1" index="1" bw="64" slack="0"/>
</pin_list>
<bind>
<opcode="zext(34) " fcode="zext"/>
<opset="zext_ln121/1 "/>
</bind>
</comp>

<comp id="118" class="1004" name="store_ln123_store_fu_118">
<pin_list>
<pin id="119" dir="0" index="0" bw="5" slack="0"/>
<pin id="120" dir="0" index="1" bw="5" slack="0"/>
<pin id="121" dir="1" index="2" bw="0" slack="2147483647"/>
</pin_list>
<bind>
<opcode="store(28) " fcode="store"/>
<opset="store_ln123/1 "/>
</bind>
</comp>

<comp id="123" class="1004" name="zext_ln121_14_fu_123">
<pin_list>
<pin id="124" dir="0" index="0" bw="5" slack="1"/>
<pin id="125" dir="1" index="1" bw="64" slack="0"/>
</pin_list>
<bind>
<opcode="zext(34) " fcode="zext"/>
<opset="zext_ln121_14/2 "/>
</bind>
</comp>

<comp id="127" class="1004" name="zext_ln121_229_fu_127">
<pin_list>
<pin id="128" dir="0" index="0" bw="5" slack="2"/>
<pin id="129" dir="1" index="1" bw="8" slack="0"/>
</pin_list>
<bind>
<opcode="zext(34) " fcode="zext"/>
<opset="zext_ln121_229/3 "/>
</bind>
</comp>

<comp id="130" class="1004" name="add_ln121_69_fu_130">
<pin_list>
<pin id="131" dir="0" index="0" bw="5" slack="0"/>
<pin id="132" dir="0" index="1" bw="8" slack="0"/>
<pin id="133" dir="1" index="2" bw="8" slack="0"/>
</pin_list>
<bind>
<opcode="add(8) " fcode="add"/>
<opset="add_ln121_69/3 "/>
</bind>
</comp>

<comp id="136" class="1004" name="zext_ln121_232_fu_136">
<pin_list>
<pin id="137" dir="0" index="0" bw="8" slack="0"/>
<pin id="138" dir="1" index="1" bw="64" slack="0"/>
</pin_list>
<bind>
<opcode="zext(34) " fcode="zext"/>
<opset="zext_ln121_232/3 "/>
</bind>
</comp>

<comp id="141" class="1004" name="xor_ln124_42_fu_141">
<pin_list>
<pin id="142" dir="0" index="0" bw="8" slack="1"/>
<pin id="143" dir="0" index="1" bw="8" slack="0"/>
<pin id="144" dir="1" index="2" bw="8" slack="0"/>
</pin_list>
<bind>
<opcode="xor(25) " fcode="xor"/>
<opset="xor_ln124_42/3 "/>
</bind>
</comp>

<comp id="147" class="1005" name="idx_i966_reg_147">
<pin_list>
<pin id="148" dir="0" index="0" bw="5" slack="0"/>
<pin id="149" dir="1" index="1" bw="5" slack="0"/>
</pin_list>
<bind>
<opset="idx_i966 "/>
</bind>
</comp>

<comp id="154" class="1005" name="idx_i966_load_reg_154">
<pin_list>
<pin id="155" dir="0" index="0" bw="5" slack="1"/>
<pin id="156" dir="1" index="1" bw="5" slack="1"/>
</pin_list>
<bind>
<opset="idx_i966_load "/>
</bind>
</comp>

<comp id="160" class="1005" name="icmp_ln123_reg_160">
<pin_list>
<pin id="161" dir="0" index="0" bw="1" slack="1"/>
<pin id="162" dir="1" index="1" bw="1" slack="2147483647"/>
</pin_list>
<bind>
<opset="icmp_ln123 "/>
</bind>
</comp>

<comp id="164" class="1005" name="con128_addr_reg_164">
<pin_list>
<pin id="165" dir="0" index="0" bw="8" slack="1"/>
<pin id="166" dir="1" index="1" bw="8" slack="1"/>
</pin_list>
<bind>
<opset="con128_addr "/>
</bind>
</comp>

<comp id="169" class="1005" name="lk_addr_reg_169">
<pin_list>
<pin id="170" dir="0" index="0" bw="4" slack="1"/>
<pin id="171" dir="1" index="1" bw="4" slack="1"/>
</pin_list>
<bind>
<opset="lk_addr "/>
</bind>
</comp>

<comp id="174" class="1005" name="con128_load_reg_174">
<pin_list>
<pin id="175" dir="0" index="0" bw="8" slack="1"/>
<pin id="176" dir="1" index="1" bw="8" slack="1"/>
</pin_list>
<bind>
<opset="con128_load "/>
</bind>
</comp>

</comp_list>

<net_list>
<net id="39"><net_src comp="6" pin="0"/><net_sink comp="36" pin=0"/></net>

<net id="45"><net_src comp="4" pin="0"/><net_sink comp="40" pin=0"/></net>

<net id="46"><net_src comp="28" pin="0"/><net_sink comp="40" pin=1"/></net>

<net id="52"><net_src comp="40" pin="3"/><net_sink comp="47" pin=0"/></net>

<net id="58"><net_src comp="0" pin="0"/><net_sink comp="53" pin=0"/></net>

<net id="59"><net_src comp="28" pin="0"/><net_sink comp="53" pin=1"/></net>

<net id="65"><net_src comp="53" pin="3"/><net_sink comp="60" pin=0"/></net>

<net id="71"><net_src comp="2" pin="0"/><net_sink comp="66" pin=0"/></net>

<net id="72"><net_src comp="28" pin="0"/><net_sink comp="66" pin=1"/></net>

<net id="78"><net_src comp="66" pin="3"/><net_sink comp="73" pin=0"/></net>

<net id="83"><net_src comp="8" pin="0"/><net_sink comp="79" pin=0"/></net>

<net id="91"><net_src comp="84" pin="1"/><net_sink comp="87" pin=0"/></net>

<net id="92"><net_src comp="18" pin="0"/><net_sink comp="87" pin=1"/></net>

<net id="97"><net_src comp="84" pin="1"/><net_sink comp="93" pin=0"/></net>

<net id="98"><net_src comp="24" pin="0"/><net_sink comp="93" pin=1"/></net>

<net id="102"><net_src comp="84" pin="1"/><net_sink comp="99" pin=0"/></net>

<net id="107"><net_src comp="99" pin="1"/><net_sink comp="103" pin=0"/></net>

<net id="108"><net_src comp="26" pin="0"/><net_sink comp="103" pin=1"/></net>

<net id="112"><net_src comp="103" pin="2"/><net_sink comp="109" pin=0"/></net>

<net id="116"><net_src comp="109" pin="1"/><net_sink comp="113" pin=0"/></net>

<net id="117"><net_src comp="113" pin="1"/><net_sink comp="40" pin=2"/></net>

<net id="122"><net_src comp="93" pin="2"/><net_sink comp="118" pin=0"/></net>

<net id="126"><net_src comp="123" pin="1"/><net_sink comp="53" pin=2"/></net>

<net id="134"><net_src comp="127" pin="1"/><net_sink comp="130" pin=0"/></net>

<net id="135"><net_src comp="34" pin="0"/><net_sink comp="130" pin=1"/></net>

<net id="139"><net_src comp="130" pin="2"/><net_sink comp="136" pin=0"/></net>

<net id="140"><net_src comp="136" pin="1"/><net_sink comp="66" pin=2"/></net>

<net id="145"><net_src comp="60" pin="3"/><net_sink comp="141" pin=1"/></net>

<net id="146"><net_src comp="141" pin="2"/><net_sink comp="73" pin=1"/></net>

<net id="150"><net_src comp="36" pin="1"/><net_sink comp="147" pin=0"/></net>

<net id="151"><net_src comp="147" pin="1"/><net_sink comp="79" pin=1"/></net>

<net id="152"><net_src comp="147" pin="1"/><net_sink comp="84" pin=0"/></net>

<net id="153"><net_src comp="147" pin="1"/><net_sink comp="118" pin=1"/></net>

<net id="157"><net_src comp="84" pin="1"/><net_sink comp="154" pin=0"/></net>

<net id="158"><net_src comp="154" pin="1"/><net_sink comp="123" pin=0"/></net>

<net id="159"><net_src comp="154" pin="1"/><net_sink comp="127" pin=0"/></net>

<net id="163"><net_src comp="87" pin="2"/><net_sink comp="160" pin=0"/></net>

<net id="167"><net_src comp="40" pin="3"/><net_sink comp="164" pin=0"/></net>

<net id="168"><net_src comp="164" pin="1"/><net_sink comp="47" pin=0"/></net>

<net id="172"><net_src comp="53" pin="3"/><net_sink comp="169" pin=0"/></net>

<net id="173"><net_src comp="169" pin="1"/><net_sink comp="60" pin=0"/></net>

<net id="177"><net_src comp="47" pin="3"/><net_sink comp="174" pin=0"/></net>

<net id="178"><net_src comp="174" pin="1"/><net_sink comp="141" pin=0"/></net>

</net_list>

</model> 
---------------- Datapath Model END ------------------

* FSMD analyzer results:
  - Output states:
	Port: rk | {3 }
	Port: con128 | {}
 - Input state : 
	Port: clefia_Pipeline_ByteXor_label246 : lk | {2 3 }
	Port: clefia_Pipeline_ByteXor_label246 : con128 | {1 2 }
  - Chain level:
	State 1
		store_ln0 : 1
		idx_i966_load : 1
		icmp_ln123 : 2
		add_ln124 : 2
		br_ln123 : 3
		zext_ln121_230 : 2
		add_ln121_68 : 3
		sext_ln121 : 4
		zext_ln121 : 5
		con128_addr : 6
		con128_load : 7
		store_ln123 : 3
	State 2
		lk_addr : 1
		lk_load : 2
	State 3
		add_ln121_69 : 1
		zext_ln121_232 : 2
		rk_addr_77 : 3
		xor_ln124_42 : 1
		store_ln124 : 4


============================================================
+ Verbose Summary: Datapath Resource usage 
============================================================

* Functional unit list:
|----------|-----------------------|---------|---------|
| Operation|    Functional Unit    |    FF   |   LUT   |
|----------|-----------------------|---------|---------|
|          |    add_ln124_fu_93    |    0    |    13   |
|    add   |  add_ln121_68_fu_103  |    0    |    14   |
|          |  add_ln121_69_fu_130  |    0    |    15   |
|----------|-----------------------|---------|---------|
|   icmp   |    icmp_ln123_fu_87   |    0    |    9    |
|----------|-----------------------|---------|---------|
|    xor   |  xor_ln124_42_fu_141  |    0    |    8    |
|----------|-----------------------|---------|---------|
|          |  zext_ln121_230_fu_99 |    0    |    0    |
|          |   zext_ln121_fu_113   |    0    |    0    |
|   zext   |  zext_ln121_14_fu_123 |    0    |    0    |
|          | zext_ln121_229_fu_127 |    0    |    0    |
|          | zext_ln121_232_fu_136 |    0    |    0    |
|----------|-----------------------|---------|---------|
|   sext   |   sext_ln121_fu_109   |    0    |    0    |
|----------|-----------------------|---------|---------|
|   Total  |                       |    0    |    59   |
|----------|-----------------------|---------|---------|

Memories:
N/A

* Register list:
+---------------------+--------+
|                     |   FF   |
+---------------------+--------+
| con128_addr_reg_164 |    8   |
| con128_load_reg_174 |    8   |
|  icmp_ln123_reg_160 |    1   |
|idx_i966_load_reg_154|    5   |
|   idx_i966_reg_147  |    5   |
|   lk_addr_reg_169   |    4   |
+---------------------+--------+
|        Total        |   31   |
+---------------------+--------+

* Multiplexer (MUX) list: 
|------------------|------|------|------|--------||---------||---------|
|       Comp       |  Pin | Size |  BW  | S x BW ||  Delay  ||   LUT   |
|------------------|------|------|------|--------||---------||---------|
| grp_access_fu_47 |  p0  |   2  |   8  |   16   ||    9    |
| grp_access_fu_60 |  p0  |   2  |   4  |    8   ||    9    |
|------------------|------|------|------|--------||---------||---------|
|       Total      |      |      |      |   24   ||  3.176  ||    18   |
|------------------|------|------|------|--------||---------||---------|



* Summary:
+-----------+--------+--------+--------+
|           |  Delay |   FF   |   LUT  |
+-----------+--------+--------+--------+
|  Function |    -   |    0   |   59   |
|   Memory  |    -   |    -   |    -   |
|Multiplexer|    3   |    -   |   18   |
|  Register |    -   |   31   |    -   |
+-----------+--------+--------+--------+
|   Total   |    3   |   31   |   77   |
+-----------+--------+--------+--------+
