

================================================================
== Vitis HLS Report for 'clefia_Pipeline_ByteCpy_label157'
================================================================
* Date:           Mon Dec 12 08:58:14 2022

* Version:        2022.1 (Build 3526262 on Mon Apr 18 15:48:16 MDT 2022)
* Project:        CLEFIA_ip
* Solution:       solution4 (Vivado IP Flow Target)
* Product family: zynq
* Target device:  xc7z020-clg400-1


================================================================
== Performance Estimates
================================================================
+ Timing: 
    * Summary: 
    +--------+----------+----------+------------+
    |  Clock |  Target  | Estimated| Uncertainty|
    +--------+----------+----------+------------+
    |ap_clk  |  10.00 ns|  4.644 ns|     2.70 ns|
    +--------+----------+----------+------------+

+ Latency: 
    * Summary: 
    +---------+---------+----------+----------+-----+-----+---------+
    |  Latency (cycles) |  Latency (absolute) |  Interval | Pipeline|
    |   min   |   max   |    min   |    max   | min | max |   Type  |
    +---------+---------+----------+----------+-----+-----+---------+
    |       35|       35|  0.350 us|  0.350 us|   35|   35|       no|
    +---------+---------+----------+----------+-----+-----+---------+

    + Detail: 
        * Instance: 
        N/A

        * Loop: 
        +------------------+---------+---------+----------+-----------+-----------+------+----------+
        |                  |  Latency (cycles) | Iteration|  Initiation Interval  | Trip |          |
        |     Loop Name    |   min   |   max   |  Latency |  achieved |   target  | Count| Pipelined|
        +------------------+---------+---------+----------+-----------+-----------+------+----------+
        |- ByteCpy_label1  |       33|       33|         2|          1|          1|    32|       yes|
        +------------------+---------+---------+----------+-----------+-----------+------+----------+

============================================================
+ Verbose Summary: Synthesis Manager
============================================================
InlineROM: 1
ExposeGlobal: 0
============================================================
+ Verbose Summary: CDFG Model
============================================================
IsTopModel: 0
ResetActiveHigh: 1
IsCombinational: 0
IsDatapathOnly: 0
HasWiredReturn: 1
HasMFsm: 2
HasVarLatency: 1
IsPipeline: 0
IsRtlPipelined: 0
IsInstanceOverlapped: 0
IsDontTouch: 0
HasImplIP: 0
IsGatedGlobalClock: 0

+ Individual pipeline summary: 
  * Pipeline-0: initiation interval (II) = 1, depth = 2


============================================================
+ Verbose Summary: Schedule
============================================================
* Number of FSM states : 2
* Pipeline : 1
  Pipeline-0 : II = 1, D = 2, States = { 1 2 }
* Dataflow Pipeline: 0

* FSM state transitions: 
1 --> 2 
2 --> 

* FSM state operations: 

State 1 <SV = 0> <Delay = 3.36>
ST_1 : Operation 5 [1/1] (0.00ns)   --->   "%idx_i21 = alloca i32 1"   --->   Operation 5 'alloca' 'idx_i21' <Predicate = true> <Delay = 0.00>
ST_1 : Operation 6 [1/1] (1.58ns)   --->   "%store_ln0 = store i5 0, i5 %idx_i21"   --->   Operation 6 'store' 'store_ln0' <Predicate = true> <Delay = 1.58>
ST_1 : Operation 7 [1/1] (0.00ns)   --->   "%br_ln0 = br void %while.body.i.i.i24"   --->   Operation 7 'br' 'br_ln0' <Predicate = true> <Delay = 0.00>
ST_1 : Operation 8 [1/1] (0.00ns)   --->   "%idx_i21_load = load i5 %idx_i21" [clefia.c:117]   --->   Operation 8 'load' 'idx_i21_load' <Predicate = true> <Delay = 0.00>
ST_1 : Operation 9 [1/1] (0.00ns)   --->   "%zext_ln114_2 = zext i5 %idx_i21_load" [clefia.c:114]   --->   Operation 9 'zext' 'zext_ln114_2' <Predicate = true> <Delay = 0.00>
ST_1 : Operation 10 [1/1] (0.00ns)   --->   "%skey_addr_3 = getelementptr i8 %skey, i64 0, i64 %zext_ln114_2" [clefia.c:114]   --->   Operation 10 'getelementptr' 'skey_addr_3' <Predicate = true> <Delay = 0.00>
ST_1 : Operation 11 [1/1] (1.78ns)   --->   "%add_ln117 = add i5 %idx_i21_load, i5 1" [clefia.c:117]   --->   Operation 11 'add' 'add_ln117' <Predicate = true> <Delay = 1.78> <CoreInst = "Adder">   --->   Core 1 'Adder' <Latency = 0> <II = 1> <Delay = 1.78> <FuncUnit> <Opcode : 'add' 'sub'> <InPorts = 2> <OutPorts = 1>
ST_1 : Operation 12 [2/2] (2.32ns)   --->   "%skey_load_4 = load i5 %skey_addr_3" [clefia.c:117]   --->   Operation 12 'load' 'skey_load_4' <Predicate = true> <Delay = 2.32> <CoreInst = "ROM">   --->   Core 95 'ROM' <Latency = 1> <II = 1> <Delay = 2.32> <Storage> <Opcode : 'load'> <Ports = 0> <Width = 8> <Depth = 32> <ROM>
ST_1 : Operation 13 [1/1] (1.36ns)   --->   "%icmp_ln116 = icmp_eq  i5 %idx_i21_load, i5 31" [clefia.c:116]   --->   Operation 13 'icmp' 'icmp_ln116' <Predicate = true> <Delay = 1.36> <CoreInst = "Cmp">   --->   Core 9 'Cmp' <Latency = 0> <II = 1> <Delay = 1.36> <FuncUnit> <Opcode : 'icmp'> <InPorts = 2> <OutPorts = 1>
ST_1 : Operation 14 [1/1] (0.00ns)   --->   "%br_ln116 = br i1 %icmp_ln116, void %while.body.i.i.i24.while.body.i.i.i24_crit_edge, void %while.body.i.i39.preheader.exitStub" [clefia.c:116]   --->   Operation 14 'br' 'br_ln116' <Predicate = true> <Delay = 0.00>
ST_1 : Operation 15 [1/1] (1.58ns)   --->   "%store_ln116 = store i5 %add_ln117, i5 %idx_i21" [clefia.c:116]   --->   Operation 15 'store' 'store_ln116' <Predicate = (!icmp_ln116)> <Delay = 1.58>
ST_1 : Operation 16 [1/1] (0.00ns)   --->   "%br_ln116 = br void %while.body.i.i.i24" [clefia.c:116]   --->   Operation 16 'br' 'br_ln116' <Predicate = (!icmp_ln116)> <Delay = 0.00>

State 2 <SV = 1> <Delay = 4.64>
ST_2 : Operation 17 [1/1] (0.00ns)   --->   "%specpipeline_ln0 = specpipeline void @_ssdm_op_SpecPipeline, i32 4294967295, i32 0, i32 1, i32 0, void @p_str"   --->   Operation 17 'specpipeline' 'specpipeline_ln0' <Predicate = true> <Delay = 0.00>
ST_2 : Operation 18 [1/1] (0.00ns)   --->   "%specloopname_ln114 = specloopname void @_ssdm_op_SpecLoopName, void @empty_9" [clefia.c:114]   --->   Operation 18 'specloopname' 'specloopname_ln114' <Predicate = true> <Delay = 0.00>
ST_2 : Operation 19 [1/1] (0.00ns)   --->   "%fin_2_addr = getelementptr i8 %fin_2, i64 0, i64 %zext_ln114_2" [clefia.c:114]   --->   Operation 19 'getelementptr' 'fin_2_addr' <Predicate = true> <Delay = 0.00>
ST_2 : Operation 20 [1/2] (2.32ns)   --->   "%skey_load_4 = load i5 %skey_addr_3" [clefia.c:117]   --->   Operation 20 'load' 'skey_load_4' <Predicate = true> <Delay = 2.32> <CoreInst = "ROM">   --->   Core 95 'ROM' <Latency = 1> <II = 1> <Delay = 2.32> <Storage> <Opcode : 'load'> <Ports = 0> <Width = 8> <Depth = 32> <ROM>
ST_2 : Operation 21 [1/1] (2.32ns)   --->   "%store_ln117 = store i8 %skey_load_4, i5 %fin_2_addr" [clefia.c:117]   --->   Operation 21 'store' 'store_ln117' <Predicate = true> <Delay = 2.32> <CoreInst = "RAM">   --->   Core 82 'RAM' <Latency = 1> <II = 1> <Delay = 2.32> <Storage> <Opcode : 'load' 'store'> <Ports = 2> <Width = 8> <Depth = 32> <RAM>
ST_2 : Operation 22 [1/1] (0.00ns)   --->   "%empty = speclooptripcount i32 @_ssdm_op_SpecLoopTripCount, i64 32, i64 32, i64 32"   --->   Operation 22 'speclooptripcount' 'empty' <Predicate = true> <Delay = 0.00>
ST_2 : Operation 23 [1/1] (0.00ns)   --->   "%ret_ln0 = ret"   --->   Operation 23 'ret' 'ret_ln0' <Predicate = (icmp_ln116)> <Delay = 0.00>


============================================================
+ Verbose Summary: Timing violations
============================================================
Target clock period: 10ns, clock uncertainty: 2.7ns.

 <State 1>: 3.37ns
The critical path consists of the following:
	'alloca' operation ('idx_i21') [3]  (0 ns)
	'load' operation ('idx_i21_load', clefia.c:117) on local variable 'idx_i21' [7]  (0 ns)
	'add' operation ('add_ln117', clefia.c:117) [13]  (1.78 ns)
	'store' operation ('store_ln116', clefia.c:116) of variable 'add_ln117', clefia.c:117 on local variable 'idx_i21' [20]  (1.59 ns)

 <State 2>: 4.64ns
The critical path consists of the following:
	'load' operation ('skey_load_4', clefia.c:117) on array 'skey' [14]  (2.32 ns)
	'store' operation ('store_ln117', clefia.c:117) of variable 'skey_load_4', clefia.c:117 on array 'fin_2' [15]  (2.32 ns)


============================================================
+ Verbose Summary: Binding
============================================================
N/A
* FSMD analyzer results:
  - Output states:
 - Input state : 
  - Chain level:
	State 1
	State 2


============================================================
+ Verbose Summary: Datapath Resource usage 
============================================================
N/A
