

================================================================
== Vitis HLS Report for 'clefia_Pipeline_ByteXor_label2115'
================================================================
* Date:           Mon Dec 12 09:01:00 2022

* Version:        2022.1 (Build 3526262 on Mon Apr 18 15:48:16 MDT 2022)
* Project:        CLEFIA_ip
* Solution:       solution4 (Vivado IP Flow Target)
* Product family: zynq
* Target device:  xc7z020-clg400-1


================================================================
== Performance Estimates
================================================================
+ Timing: 
    * Summary: 
    +--------+----------+----------+------------+
    |  Clock |  Target  | Estimated| Uncertainty|
    +--------+----------+----------+------------+
    |ap_clk  |  10.00 ns|  6.824 ns|     2.70 ns|
    +--------+----------+----------+------------+

+ Latency: 
    * Summary: 
    +---------+---------+-----------+-----------+-----+-----+---------+
    |  Latency (cycles) |   Latency (absolute)  |  Interval | Pipeline|
    |   min   |   max   |    min    |    max    | min | max |   Type  |
    +---------+---------+-----------+-----------+-----+-----+---------+
    |        7|        7|  70.000 ns|  70.000 ns|    7|    7|       no|
    +---------+---------+-----------+-----------+-----+-----+---------+

    + Detail: 
        * Instance: 
        N/A

        * Loop: 
        +------------------+---------+---------+----------+-----------+-----------+------+----------+
        |                  |  Latency (cycles) | Iteration|  Initiation Interval  | Trip |          |
        |     Loop Name    |   min   |   max   |  Latency |  achieved |   target  | Count| Pipelined|
        +------------------+---------+---------+----------+-----------+-----------+------+----------+
        |- ByteXor_label2  |        5|        5|         2|          1|          1|     4|       yes|
        +------------------+---------+---------+----------+-----------+-----------+------+----------+



================================================================
== Utilization Estimates
================================================================
* Summary: 
+-----------------+---------+-----+--------+-------+-----+
|       Name      | BRAM_18K| DSP |   FF   |  LUT  | URAM|
+-----------------+---------+-----+--------+-------+-----+
|DSP              |        -|    -|       -|      -|    -|
|Expression       |        -|    -|       0|     73|    -|
|FIFO             |        -|    -|       -|      -|    -|
|Instance         |        -|    -|       -|      -|    -|
|Memory           |        -|    -|       -|      -|    -|
|Multiplexer      |        -|    -|       -|     54|    -|
|Register         |        -|    -|      80|      -|    -|
+-----------------+---------+-----+--------+-------+-----+
|Total            |        0|    0|      80|    127|    0|
+-----------------+---------+-----+--------+-------+-----+
|Available        |      280|  220|  106400|  53200|    0|
+-----------------+---------+-----+--------+-------+-----+
|Utilization (%)  |        0|    0|      ~0|     ~0|    0|
+-----------------+---------+-----+--------+-------+-----+

+ Detail: 
    * Instance: 
    N/A

    * DSP: 
    N/A

    * Memory: 
    N/A

    * FIFO: 
    N/A

    * Expression: 
    +------------------------+----------+----+---+----+------------+------------+
    |      Variable Name     | Operation| DSP| FF| LUT| Bitwidth P0| Bitwidth P1|
    +------------------------+----------+----+---+----+------------+------------+
    |add_ln124_fu_151_p2     |         +|   0|  0|  10|           2|           1|
    |addr_cmp_fu_160_p2      |      icmp|   0|  0|  29|          64|          64|
    |icmp_ln123_fu_171_p2    |      icmp|   0|  0|   8|           2|           2|
    |or_ln121_fu_123_p2      |        or|   0|  0|   8|           8|           4|
    |reuse_select_fu_185_p3  |    select|   0|  0|   8|           1|           8|
    |ap_enable_pp0           |       xor|   0|  0|   2|           1|           2|
    |rin_1_d0                |       xor|   0|  0|   8|           8|           8|
    +------------------------+----------+----+---+----+------------+------------+
    |Total                   |          |   0|  0|  73|          86|          89|
    +------------------------+----------+----+---+----+------------+------------+

    * Multiplexer: 
    +----------------------------------+----+-----------+-----+-----------+
    |               Name               | LUT| Input Size| Bits| Total Bits|
    +----------------------------------+----+-----------+-----+-----------+
    |ap_done_int                       |   9|          2|    1|          2|
    |ap_enable_reg_pp0_iter1           |   9|          2|    1|          2|
    |ap_loop_exit_ready_pp0_iter2_reg  |   9|          2|    1|          2|
    |idx101_i358_fu_56                 |   9|          2|    2|          4|
    |reuse_addr_reg_fu_48              |   9|          2|   62|        124|
    |reuse_reg_fu_52                   |   9|          2|    8|         16|
    +----------------------------------+----+-----------+-----+-----------+
    |Total                             |  54|         12|   75|        150|
    +----------------------------------+----+-----------+-----+-----------+

    * Register: 
    +----------------------------------+----+----+-----+-----------+
    |               Name               | FF | LUT| Bits| Const Bits|
    +----------------------------------+----+----+-----+-----------+
    |addr_cmp_reg_241                  |   1|   0|    1|          0|
    |ap_CS_fsm                         |   1|   0|    1|          0|
    |ap_done_reg                       |   1|   0|    1|          0|
    |ap_enable_reg_pp0_iter1           |   1|   0|    1|          0|
    |ap_enable_reg_pp0_iter2           |   1|   0|    1|          0|
    |ap_loop_exit_ready_pp0_iter2_reg  |   1|   0|    1|          0|
    |idx101_i358_fu_56                 |   2|   0|    2|          0|
    |reuse_addr_reg_fu_48              |  62|   0|   64|          2|
    |reuse_reg_fu_52                   |   8|   0|    8|          0|
    |rin_1_addr_reg_235                |   2|   0|    4|          2|
    +----------------------------------+----+----+-----+-----------+
    |Total                             |  80|   0|   84|          4|
    +----------------------------------+----+----+-----+-----------+



================================================================
== Interface
================================================================
* Summary: 
+----------------+-----+-----+------------+-----------------------------------+--------------+
|    RTL Ports   | Dir | Bits|  Protocol  |           Source Object           |    C Type    |
+----------------+-----+-----+------------+-----------------------------------+--------------+
|ap_clk          |   in|    1|  ap_ctrl_hs|  clefia_Pipeline_ByteXor_label2115|  return value|
|ap_rst          |   in|    1|  ap_ctrl_hs|  clefia_Pipeline_ByteXor_label2115|  return value|
|ap_start        |   in|    1|  ap_ctrl_hs|  clefia_Pipeline_ByteXor_label2115|  return value|
|ap_done         |  out|    1|  ap_ctrl_hs|  clefia_Pipeline_ByteXor_label2115|  return value|
|ap_idle         |  out|    1|  ap_ctrl_hs|  clefia_Pipeline_ByteXor_label2115|  return value|
|ap_ready        |  out|    1|  ap_ctrl_hs|  clefia_Pipeline_ByteXor_label2115|  return value|
|r_1             |   in|    5|     ap_none|                                r_1|        scalar|
|rk_address0     |  out|    8|   ap_memory|                                 rk|         array|
|rk_ce0          |  out|    1|   ap_memory|                                 rk|         array|
|rk_q0           |   in|    8|   ap_memory|                                 rk|         array|
|rin_1_address0  |  out|    4|   ap_memory|                              rin_1|         array|
|rin_1_ce0       |  out|    1|   ap_memory|                              rin_1|         array|
|rin_1_we0       |  out|    1|   ap_memory|                              rin_1|         array|
|rin_1_d0        |  out|    8|   ap_memory|                              rin_1|         array|
|rin_1_address1  |  out|    4|   ap_memory|                              rin_1|         array|
|rin_1_ce1       |  out|    1|   ap_memory|                              rin_1|         array|
|rin_1_q1        |   in|    8|   ap_memory|                              rin_1|         array|
+----------------+-----+-----+------------+-----------------------------------+--------------+

============================================================
+ Verbose Summary: Synthesis Manager
============================================================
InlineROM: 1
ExposeGlobal: 0
============================================================
+ Verbose Summary: CDFG Model
============================================================
IsTopModel: 0
ResetActiveHigh: 1
IsCombinational: 2
IsDatapathOnly: 2
HasWiredReturn: 1
HasMFsm: 2
HasVarLatency: 1
IsPipeline: 0
IsRtlPipelined: 0
IsInstanceOverlapped: 0
IsDontTouch: 0
HasImplIP: 0
IsGatedGlobalClock: 0

+ Individual pipeline summary: 
  * Pipeline-0: initiation interval (II) = 1, depth = 3


============================================================
+ Verbose Summary: Schedule
============================================================
* Number of FSM states : 3
* Pipeline : 1
  Pipeline-0 : II = 1, D = 3, States = { 1 2 3 }
* Dataflow Pipeline: 0

* FSM state transitions: 
1 --> 2 
2 --> 3 
3 --> 

* FSM state operations: 

State 1 <SV = 0> <Delay = 1.58>
ST_1 : Operation 5 [1/1] (0.00ns)   --->   "%reuse_addr_reg = alloca i32 1"   --->   Operation 5 'alloca' 'reuse_addr_reg' <Predicate = true> <Delay = 0.00>
ST_1 : Operation 6 [1/1] (0.00ns)   --->   "%reuse_reg = alloca i32 1"   --->   Operation 6 'alloca' 'reuse_reg' <Predicate = true> <Delay = 0.00>
ST_1 : Operation 7 [1/1] (0.00ns)   --->   "%idx101_i358 = alloca i32 1"   --->   Operation 7 'alloca' 'idx101_i358' <Predicate = true> <Delay = 0.00>
ST_1 : Operation 8 [1/1] (0.00ns)   --->   "%r_1_read = read i5 @_ssdm_op_Read.ap_auto.i5, i5 %r_1"   --->   Operation 8 'read' 'r_1_read' <Predicate = true> <Delay = 0.00>
ST_1 : Operation 9 [1/1] (1.58ns)   --->   "%store_ln0 = store i2 0, i2 %idx101_i358"   --->   Operation 9 'store' 'store_ln0' <Predicate = true> <Delay = 1.58>
ST_1 : Operation 10 [1/1] (1.58ns)   --->   "%store_ln0 = store i8 0, i8 %reuse_reg"   --->   Operation 10 'store' 'store_ln0' <Predicate = true> <Delay = 1.58>
ST_1 : Operation 11 [1/1] (1.58ns)   --->   "%store_ln0 = store i64 18446744073709551615, i64 %reuse_addr_reg"   --->   Operation 11 'store' 'store_ln0' <Predicate = true> <Delay = 1.58>
ST_1 : Operation 12 [1/1] (0.00ns)   --->   "%br_ln0 = br void %while.body.i27.i"   --->   Operation 12 'br' 'br_ln0' <Predicate = true> <Delay = 0.00>

State 2 <SV = 1> <Delay = 3.25>
ST_2 : Operation 13 [1/1] (0.00ns)   --->   "%idx101_i358_load = load i2 %idx101_i358" [clefia.c:124]   --->   Operation 13 'load' 'idx101_i358_load' <Predicate = true> <Delay = 0.00>
ST_2 : Operation 14 [1/1] (0.00ns)   --->   "%or_ln4 = bitconcatenate i8 @_ssdm_op_BitConcatenate.i8.i5.i1.i2, i5 %r_1_read, i1 0, i2 %idx101_i358_load" [clefia.c:121]   --->   Operation 14 'bitconcatenate' 'or_ln4' <Predicate = true> <Delay = 0.00>
ST_2 : Operation 15 [1/1] (0.00ns)   --->   "%or_ln121 = or i8 %or_ln4, i8 12" [clefia.c:121]   --->   Operation 15 'or' 'or_ln121' <Predicate = true> <Delay = 0.00>
ST_2 : Operation 16 [1/1] (0.00ns)   --->   "%zext_ln121 = zext i8 %or_ln121" [clefia.c:121]   --->   Operation 16 'zext' 'zext_ln121' <Predicate = true> <Delay = 0.00>
ST_2 : Operation 17 [1/1] (0.00ns)   --->   "%rk_addr = getelementptr i8 %rk, i64 0, i64 %zext_ln121" [clefia.c:121]   --->   Operation 17 'getelementptr' 'rk_addr' <Predicate = true> <Delay = 0.00>
ST_2 : Operation 18 [1/1] (0.00ns)   --->   "%or_ln121_s = bitconcatenate i3 @_ssdm_op_BitConcatenate.i3.i1.i2, i1 1, i2 %idx101_i358_load" [clefia.c:121]   --->   Operation 18 'bitconcatenate' 'or_ln121_s' <Predicate = true> <Delay = 0.00>
ST_2 : Operation 19 [1/1] (0.00ns)   --->   "%sext_ln121 = sext i3 %or_ln121_s" [clefia.c:121]   --->   Operation 19 'sext' 'sext_ln121' <Predicate = true> <Delay = 0.00>
ST_2 : Operation 20 [1/1] (0.00ns)   --->   "%zext_ln121_278 = zext i4 %sext_ln121" [clefia.c:121]   --->   Operation 20 'zext' 'zext_ln121_278' <Predicate = true> <Delay = 0.00>
ST_2 : Operation 21 [1/1] (0.00ns)   --->   "%rin_1_addr = getelementptr i8 %rin_1, i64 0, i64 %zext_ln121_278" [clefia.c:121]   --->   Operation 21 'getelementptr' 'rin_1_addr' <Predicate = true> <Delay = 0.00>
ST_2 : Operation 22 [1/1] (1.56ns)   --->   "%add_ln124 = add i2 %idx101_i358_load, i2 1" [clefia.c:124]   --->   Operation 22 'add' 'add_ln124' <Predicate = true> <Delay = 1.56> <CoreInst = "Adder">   --->   Core 1 'Adder' <Latency = 0> <II = 1> <Delay = 1.56> <FuncUnit> <Opcode : 'add' 'sub'> <InPorts = 2> <OutPorts = 1>
ST_2 : Operation 23 [1/1] (0.00ns)   --->   "%reuse_addr_reg_load = load i64 %reuse_addr_reg"   --->   Operation 23 'load' 'reuse_addr_reg_load' <Predicate = true> <Delay = 0.00>
ST_2 : Operation 24 [2/2] (2.32ns)   --->   "%rin_1_load = load i4 %rin_1_addr" [clefia.c:124]   --->   Operation 24 'load' 'rin_1_load' <Predicate = true> <Delay = 2.32> <CoreInst = "RAM">   --->   Core 82 'RAM' <Latency = 1> <II = 1> <Delay = 2.32> <Storage> <Opcode : 'load' 'store'> <Ports = 2> <Width = 8> <Depth = 16> <RAM>
ST_2 : Operation 25 [1/1] (2.77ns)   --->   "%addr_cmp = icmp_eq  i64 %reuse_addr_reg_load, i64 %zext_ln121_278" [clefia.c:121]   --->   Operation 25 'icmp' 'addr_cmp' <Predicate = true> <Delay = 2.77> <CoreInst = "Cmp">   --->   Core 9 'Cmp' <Latency = 0> <II = 1> <Delay = 2.77> <FuncUnit> <Opcode : 'icmp'> <InPorts = 2> <OutPorts = 1>
ST_2 : Operation 26 [2/2] (3.25ns)   --->   "%rk_load = load i8 %rk_addr" [clefia.c:124]   --->   Operation 26 'load' 'rk_load' <Predicate = true> <Delay = 3.25> <CoreInst = "RAM">   --->   Core 82 'RAM' <Latency = 1> <II = 1> <Delay = 3.25> <Storage> <Opcode : 'load' 'store'> <Ports = 2> <Width = 8> <Depth = 224> <RAM>
ST_2 : Operation 27 [1/1] (1.58ns)   --->   "%store_ln121 = store i64 %zext_ln121_278, i64 %reuse_addr_reg" [clefia.c:121]   --->   Operation 27 'store' 'store_ln121' <Predicate = true> <Delay = 1.58>
ST_2 : Operation 28 [1/1] (0.95ns)   --->   "%icmp_ln123 = icmp_eq  i2 %idx101_i358_load, i2 3" [clefia.c:123]   --->   Operation 28 'icmp' 'icmp_ln123' <Predicate = true> <Delay = 0.95> <CoreInst = "Cmp">   --->   Core 9 'Cmp' <Latency = 0> <II = 1> <Delay = 0.95> <FuncUnit> <Opcode : 'icmp'> <InPorts = 2> <OutPorts = 1>
ST_2 : Operation 29 [1/1] (0.00ns)   --->   "%br_ln123 = br i1 %icmp_ln123, void %while.body.i27.i.while.body.i27.i_crit_edge, void %while.body.i.i.i366.preheader.exitStub" [clefia.c:123]   --->   Operation 29 'br' 'br_ln123' <Predicate = true> <Delay = 0.00>
ST_2 : Operation 30 [1/1] (1.58ns)   --->   "%store_ln123 = store i2 %add_ln124, i2 %idx101_i358" [clefia.c:123]   --->   Operation 30 'store' 'store_ln123' <Predicate = (!icmp_ln123)> <Delay = 1.58>
ST_2 : Operation 31 [1/1] (0.00ns)   --->   "%br_ln123 = br void %while.body.i27.i" [clefia.c:123]   --->   Operation 31 'br' 'br_ln123' <Predicate = (!icmp_ln123)> <Delay = 0.00>

State 3 <SV = 2> <Delay = 6.82>
ST_3 : Operation 32 [1/1] (0.00ns)   --->   "%specpipeline_ln0 = specpipeline void @_ssdm_op_SpecPipeline, i32 4294967295, i32 0, i32 1, i32 0, void @p_str"   --->   Operation 32 'specpipeline' 'specpipeline_ln0' <Predicate = true> <Delay = 0.00>
ST_3 : Operation 33 [1/1] (0.00ns)   --->   "%specloopname_ln121 = specloopname void @_ssdm_op_SpecLoopName, void @empty_8" [clefia.c:121]   --->   Operation 33 'specloopname' 'specloopname_ln121' <Predicate = true> <Delay = 0.00>
ST_3 : Operation 34 [1/1] (0.00ns)   --->   "%reuse_reg_load = load i8 %reuse_reg"   --->   Operation 34 'load' 'reuse_reg_load' <Predicate = (addr_cmp)> <Delay = 0.00>
ST_3 : Operation 35 [1/2] (2.32ns)   --->   "%rin_1_load = load i4 %rin_1_addr" [clefia.c:124]   --->   Operation 35 'load' 'rin_1_load' <Predicate = true> <Delay = 2.32> <CoreInst = "RAM">   --->   Core 82 'RAM' <Latency = 1> <II = 1> <Delay = 2.32> <Storage> <Opcode : 'load' 'store'> <Ports = 2> <Width = 8> <Depth = 16> <RAM>
ST_3 : Operation 36 [1/1] (0.00ns) (grouped into LUT with out node xor_ln124_99)   --->   "%reuse_select = select i1 %addr_cmp, i8 %reuse_reg_load, i8 %rin_1_load" [clefia.c:121]   --->   Operation 36 'select' 'reuse_select' <Predicate = true> <Delay = 0.00> <CoreInst = "Sel">   --->   Core 73 'Sel' <Latency = 0> <II = 1> <Delay = 1.24> <FuncUnit> <Opcode : 'select'> <InPorts = 3> <OutPorts = 1>
ST_3 : Operation 37 [1/2] (3.25ns)   --->   "%rk_load = load i8 %rk_addr" [clefia.c:124]   --->   Operation 37 'load' 'rk_load' <Predicate = true> <Delay = 3.25> <CoreInst = "RAM">   --->   Core 82 'RAM' <Latency = 1> <II = 1> <Delay = 3.25> <Storage> <Opcode : 'load' 'store'> <Ports = 2> <Width = 8> <Depth = 224> <RAM>
ST_3 : Operation 38 [1/1] (1.24ns) (out node of the LUT)   --->   "%xor_ln124_99 = xor i8 %rk_load, i8 %reuse_select" [clefia.c:124]   --->   Operation 38 'xor' 'xor_ln124_99' <Predicate = true> <Delay = 1.24> <CoreInst = "LogicGate">   --->   Core 74 'LogicGate' <Latency = 0> <II = 1> <Delay = 0.99> <FuncUnit> <Opcode : 'and' 'or' 'xor'> <InPorts = 2> <OutPorts = 1>
ST_3 : Operation 39 [1/1] (2.32ns)   --->   "%store_ln124 = store i8 %xor_ln124_99, i4 %rin_1_addr" [clefia.c:124]   --->   Operation 39 'store' 'store_ln124' <Predicate = true> <Delay = 2.32> <CoreInst = "RAM">   --->   Core 82 'RAM' <Latency = 1> <II = 1> <Delay = 2.32> <Storage> <Opcode : 'load' 'store'> <Ports = 2> <Width = 8> <Depth = 16> <RAM>
ST_3 : Operation 40 [1/1] (1.58ns)   --->   "%store_ln124 = store i8 %xor_ln124_99, i8 %reuse_reg" [clefia.c:124]   --->   Operation 40 'store' 'store_ln124' <Predicate = true> <Delay = 1.58>
ST_3 : Operation 41 [1/1] (0.00ns)   --->   "%empty = speclooptripcount i32 @_ssdm_op_SpecLoopTripCount, i64 4, i64 4, i64 4"   --->   Operation 41 'speclooptripcount' 'empty' <Predicate = true> <Delay = 0.00>
ST_3 : Operation 42 [1/1] (0.00ns)   --->   "%ret_ln0 = ret"   --->   Operation 42 'ret' 'ret_ln0' <Predicate = (icmp_ln123)> <Delay = 0.00>


============================================================
+ Verbose Summary: Binding
============================================================
STG Binding: 
---------------- STG Properties BEGIN ----------------
- Is combinational: 0
- Is one-state seq: 0
- Is datapath-only: 0
- Is pipelined: 0
- Is top level: 0
Port [ Return ] is wired: 1; IO mode=ap_ctrl_hs:ce=0
Port [ r_1]:  wired=1; compound=0; hidden=0; nouse=0; global=0; static=0; extern=0; dir=0; type=0; pingpong=0; private_global=0; IO mode=ap_none:ce=0
Port [ rk]:  wired=1; compound=1; hidden=0; nouse=0; global=0; static=0; extern=0; dir=0; type=1; pingpong=0; private_global=0; MemPort=[13]; IO mode=ap_memory:ce=0
Port [ rin_1]:  wired=1; compound=1; hidden=0; nouse=0; global=0; static=0; extern=0; dir=2; type=1; pingpong=0; private_global=0; MemPort=[01]; IO mode=ap_memory:ce=0
---------------- STG Properties END ------------------

---------------- Datapath Model BEGIN ----------------

<LifeTime>
<method=bitvector/>
reuse_addr_reg      (alloca           ) [ 0110]
reuse_reg           (alloca           ) [ 0111]
idx101_i358         (alloca           ) [ 0110]
r_1_read            (read             ) [ 0110]
store_ln0           (store            ) [ 0000]
store_ln0           (store            ) [ 0000]
store_ln0           (store            ) [ 0000]
br_ln0              (br               ) [ 0000]
idx101_i358_load    (load             ) [ 0000]
or_ln4              (bitconcatenate   ) [ 0000]
or_ln121            (or               ) [ 0000]
zext_ln121          (zext             ) [ 0000]
rk_addr             (getelementptr    ) [ 0101]
or_ln121_s          (bitconcatenate   ) [ 0000]
sext_ln121          (sext             ) [ 0000]
zext_ln121_278      (zext             ) [ 0000]
rin_1_addr          (getelementptr    ) [ 0101]
add_ln124           (add              ) [ 0000]
reuse_addr_reg_load (load             ) [ 0000]
addr_cmp            (icmp             ) [ 0101]
store_ln121         (store            ) [ 0000]
icmp_ln123          (icmp             ) [ 0111]
br_ln123            (br               ) [ 0000]
store_ln123         (store            ) [ 0000]
br_ln123            (br               ) [ 0000]
specpipeline_ln0    (specpipeline     ) [ 0000]
specloopname_ln121  (specloopname     ) [ 0000]
reuse_reg_load      (load             ) [ 0000]
rin_1_load          (load             ) [ 0000]
reuse_select        (select           ) [ 0000]
rk_load             (load             ) [ 0000]
xor_ln124_99        (xor              ) [ 0000]
store_ln124         (store            ) [ 0000]
store_ln124         (store            ) [ 0000]
empty               (speclooptripcount) [ 0000]
ret_ln0             (ret              ) [ 0000]
</LifeTime>

<model>

<comp_list>
<comp id="0" class="1000" name="r_1">
<pin_list>
<pin id="1" dir="1" index="0" bw="1" slack="0"/>
</pin_list>
<bind>
<StgValue><ssdm name="r_1"/></StgValue>
</bind>
</comp>

<comp id="2" class="1000" name="rk">
<pin_list>
<pin id="3" dir="1" index="0" bw="1" slack="0"/>
</pin_list>
<bind>
<StgValue><ssdm name="rk"/><MemPortTyVec>1 3 </MemPortTyVec>
</StgValue>
</bind>
</comp>

<comp id="4" class="1000" name="rin_1">
<pin_list>
<pin id="5" dir="1" index="0" bw="1" slack="0"/>
</pin_list>
<bind>
<StgValue><ssdm name="rin_1"/><MemPortTyVec>0 1 </MemPortTyVec>
</StgValue>
</bind>
</comp>

<comp id="6" class="1001" name="const_6">
<pin_list>
<pin id="7" dir="1" index="0" bw="1" slack="0"/>
</pin_list>
<bind>
<StgValue><ssdm name=""/></StgValue>
</bind>
</comp>

<comp id="8" class="1001" name="const_8">
<pin_list>
<pin id="9" dir="1" index="0" bw="1" slack="0"/>
</pin_list>
<bind>
<StgValue><ssdm name="_ssdm_op_Read.ap_auto.i5"/></StgValue>
</bind>
</comp>

<comp id="10" class="1001" name="const_10">
<pin_list>
<pin id="11" dir="1" index="0" bw="1" slack="0"/>
</pin_list>
<bind>
<StgValue><ssdm name=""/></StgValue>
</bind>
</comp>

<comp id="12" class="1001" name="const_12">
<pin_list>
<pin id="13" dir="1" index="0" bw="1" slack="0"/>
</pin_list>
<bind>
<StgValue><ssdm name=""/></StgValue>
</bind>
</comp>

<comp id="14" class="1001" name="const_14">
<pin_list>
<pin id="15" dir="1" index="0" bw="1" slack="0"/>
</pin_list>
<bind>
<StgValue><ssdm name=""/></StgValue>
</bind>
</comp>

<comp id="16" class="1001" name="const_16">
<pin_list>
<pin id="17" dir="1" index="0" bw="1" slack="0"/>
</pin_list>
<bind>
<StgValue><ssdm name="_ssdm_op_BitConcatenate.i8.i5.i1.i2"/></StgValue>
</bind>
</comp>

<comp id="18" class="1001" name="const_18">
<pin_list>
<pin id="19" dir="1" index="0" bw="1" slack="0"/>
</pin_list>
<bind>
<StgValue><ssdm name=""/></StgValue>
</bind>
</comp>

<comp id="20" class="1001" name="const_20">
<pin_list>
<pin id="21" dir="1" index="0" bw="1" slack="0"/>
</pin_list>
<bind>
<StgValue><ssdm name=""/></StgValue>
</bind>
</comp>

<comp id="22" class="1001" name="const_22">
<pin_list>
<pin id="23" dir="1" index="0" bw="1" slack="0"/>
</pin_list>
<bind>
<StgValue><ssdm name=""/></StgValue>
</bind>
</comp>

<comp id="24" class="1001" name="const_24">
<pin_list>
<pin id="25" dir="1" index="0" bw="1" slack="0"/>
</pin_list>
<bind>
<StgValue><ssdm name="_ssdm_op_BitConcatenate.i3.i1.i2"/></StgValue>
</bind>
</comp>

<comp id="26" class="1001" name="const_26">
<pin_list>
<pin id="27" dir="1" index="0" bw="1" slack="0"/>
</pin_list>
<bind>
<StgValue><ssdm name=""/></StgValue>
</bind>
</comp>

<comp id="28" class="1001" name="const_28">
<pin_list>
<pin id="29" dir="1" index="0" bw="1" slack="0"/>
</pin_list>
<bind>
<StgValue><ssdm name=""/></StgValue>
</bind>
</comp>

<comp id="30" class="1001" name="const_30">
<pin_list>
<pin id="31" dir="1" index="0" bw="1" slack="0"/>
</pin_list>
<bind>
<StgValue><ssdm name=""/></StgValue>
</bind>
</comp>

<comp id="32" class="1001" name="const_32">
<pin_list>
<pin id="33" dir="1" index="0" bw="1" slack="2147483647"/>
</pin_list>
<bind>
<StgValue><ssdm name="_ssdm_op_SpecPipeline"/></StgValue>
</bind>
</comp>

<comp id="34" class="1001" name="const_34">
<pin_list>
<pin id="35" dir="1" index="0" bw="1" slack="2147483647"/>
</pin_list>
<bind>
<StgValue><ssdm name=""/></StgValue>
</bind>
</comp>

<comp id="36" class="1001" name="const_36">
<pin_list>
<pin id="37" dir="1" index="0" bw="1" slack="2147483647"/>
</pin_list>
<bind>
<StgValue><ssdm name=""/></StgValue>
</bind>
</comp>

<comp id="38" class="1001" name="const_38">
<pin_list>
<pin id="39" dir="1" index="0" bw="1" slack="2147483647"/>
</pin_list>
<bind>
<StgValue><ssdm name="p_str"/></StgValue>
</bind>
</comp>

<comp id="40" class="1001" name="const_40">
<pin_list>
<pin id="41" dir="1" index="0" bw="1" slack="2147483647"/>
</pin_list>
<bind>
<StgValue><ssdm name="_ssdm_op_SpecLoopName"/></StgValue>
</bind>
</comp>

<comp id="42" class="1001" name="const_42">
<pin_list>
<pin id="43" dir="1" index="0" bw="1" slack="2147483647"/>
</pin_list>
<bind>
<StgValue><ssdm name="empty_8"/></StgValue>
</bind>
</comp>

<comp id="44" class="1001" name="const_44">
<pin_list>
<pin id="45" dir="1" index="0" bw="1" slack="2147483647"/>
</pin_list>
<bind>
<StgValue><ssdm name="_ssdm_op_SpecLoopTripCount"/></StgValue>
</bind>
</comp>

<comp id="46" class="1001" name="const_46">
<pin_list>
<pin id="47" dir="1" index="0" bw="1" slack="2147483647"/>
</pin_list>
<bind>
<StgValue><ssdm name=""/></StgValue>
</bind>
</comp>

<comp id="48" class="1004" name="reuse_addr_reg_fu_48">
<pin_list>
<pin id="49" dir="0" index="0" bw="1" slack="0"/>
<pin id="50" dir="1" index="1" bw="64" slack="0"/>
</pin_list>
<bind>
<opcode="alloca(26) " fcode="alloca"/>
<opset="reuse_addr_reg/1 "/>
</bind>
</comp>

<comp id="52" class="1004" name="reuse_reg_fu_52">
<pin_list>
<pin id="53" dir="0" index="0" bw="1" slack="0"/>
<pin id="54" dir="1" index="1" bw="8" slack="0"/>
</pin_list>
<bind>
<opcode="alloca(26) " fcode="alloca"/>
<opset="reuse_reg/1 "/>
</bind>
</comp>

<comp id="56" class="1004" name="idx101_i358_fu_56">
<pin_list>
<pin id="57" dir="0" index="0" bw="1" slack="0"/>
<pin id="58" dir="1" index="1" bw="2" slack="0"/>
</pin_list>
<bind>
<opcode="alloca(26) " fcode="alloca"/>
<opset="idx101_i358/1 "/>
</bind>
</comp>

<comp id="60" class="1004" name="r_1_read_read_fu_60">
<pin_list>
<pin id="61" dir="0" index="0" bw="5" slack="0"/>
<pin id="62" dir="0" index="1" bw="5" slack="0"/>
<pin id="63" dir="1" index="2" bw="5" slack="1"/>
</pin_list>
<bind>
<opcode="read(1150) " fcode="read"/>
<opset="r_1_read/1 "/>
</bind>
</comp>

<comp id="66" class="1004" name="rk_addr_gep_fu_66">
<pin_list>
<pin id="67" dir="0" index="0" bw="8" slack="0"/>
<pin id="68" dir="0" index="1" bw="1" slack="0"/>
<pin id="69" dir="0" index="2" bw="8" slack="0"/>
<pin id="70" dir="1" index="3" bw="8" slack="0"/>
</pin_list>
<bind>
<opcode="getelementptr(29) " fcode="getelementptr"/>
<opset="rk_addr/2 "/>
</bind>
</comp>

<comp id="73" class="1004" name="rin_1_addr_gep_fu_73">
<pin_list>
<pin id="74" dir="0" index="0" bw="8" slack="0"/>
<pin id="75" dir="0" index="1" bw="1" slack="0"/>
<pin id="76" dir="0" index="2" bw="4" slack="0"/>
<pin id="77" dir="1" index="3" bw="4" slack="0"/>
</pin_list>
<bind>
<opcode="getelementptr(29) " fcode="getelementptr"/>
<opset="rin_1_addr/2 "/>
</bind>
</comp>

<comp id="80" class="1004" name="grp_access_fu_80">
<pin_list>
<pin id="81" dir="0" index="0" bw="4" slack="1"/>
<pin id="82" dir="0" index="1" bw="8" slack="0"/>
<pin id="83" dir="0" index="2" bw="0" slack="0"/>
<pin id="85" dir="0" index="4" bw="4" slack="2147483647"/>
<pin id="86" dir="0" index="5" bw="8" slack="2147483647"/>
<pin id="87" dir="0" index="6" bw="0" slack="2147483647"/>
<pin id="84" dir="1" index="3" bw="8" slack="2147483647"/>
<pin id="88" dir="1" index="7" bw="8" slack="0"/>
</pin_list>
<bind>
<opcode="load(27) store(28) " fcode="store"/>
<opset="rin_1_load/2 store_ln124/3 "/>
</bind>
</comp>

<comp id="90" class="1004" name="grp_access_fu_90">
<pin_list>
<pin id="91" dir="0" index="0" bw="8" slack="0"/>
<pin id="92" dir="0" index="1" bw="8" slack="2147483647"/>
<pin id="93" dir="0" index="2" bw="0" slack="2147483647"/>
<pin id="94" dir="1" index="3" bw="8" slack="0"/>
</pin_list>
<bind>
<opcode="load(27) " fcode="load"/>
<opset="rk_load/2 "/>
</bind>
</comp>

<comp id="96" class="1004" name="store_ln0_store_fu_96">
<pin_list>
<pin id="97" dir="0" index="0" bw="1" slack="0"/>
<pin id="98" dir="0" index="1" bw="2" slack="0"/>
<pin id="99" dir="1" index="2" bw="0" slack="2147483647"/>
</pin_list>
<bind>
<opcode="store(28) " fcode="store"/>
<opset="store_ln0/1 "/>
</bind>
</comp>

<comp id="101" class="1004" name="store_ln0_store_fu_101">
<pin_list>
<pin id="102" dir="0" index="0" bw="1" slack="0"/>
<pin id="103" dir="0" index="1" bw="8" slack="0"/>
<pin id="104" dir="1" index="2" bw="0" slack="2147483647"/>
</pin_list>
<bind>
<opcode="store(28) " fcode="store"/>
<opset="store_ln0/1 "/>
</bind>
</comp>

<comp id="106" class="1004" name="store_ln0_store_fu_106">
<pin_list>
<pin id="107" dir="0" index="0" bw="1" slack="0"/>
<pin id="108" dir="0" index="1" bw="64" slack="0"/>
<pin id="109" dir="1" index="2" bw="0" slack="2147483647"/>
</pin_list>
<bind>
<opcode="store(28) " fcode="store"/>
<opset="store_ln0/1 "/>
</bind>
</comp>

<comp id="111" class="1004" name="idx101_i358_load_load_fu_111">
<pin_list>
<pin id="112" dir="0" index="0" bw="2" slack="1"/>
<pin id="113" dir="1" index="1" bw="2" slack="0"/>
</pin_list>
<bind>
<opcode="load(27) " fcode="load"/>
<opset="idx101_i358_load/2 "/>
</bind>
</comp>

<comp id="114" class="1004" name="or_ln4_fu_114">
<pin_list>
<pin id="115" dir="0" index="0" bw="8" slack="0"/>
<pin id="116" dir="0" index="1" bw="5" slack="1"/>
<pin id="117" dir="0" index="2" bw="1" slack="0"/>
<pin id="118" dir="0" index="3" bw="2" slack="0"/>
<pin id="119" dir="1" index="4" bw="8" slack="0"/>
</pin_list>
<bind>
<opcode="bitconcatenate(1004) " fcode="bitconcatenate"/>
<opset="or_ln4/2 "/>
</bind>
</comp>

<comp id="123" class="1004" name="or_ln121_fu_123">
<pin_list>
<pin id="124" dir="0" index="0" bw="8" slack="0"/>
<pin id="125" dir="0" index="1" bw="8" slack="0"/>
<pin id="126" dir="1" index="2" bw="8" slack="0"/>
</pin_list>
<bind>
<opcode="or(24) " fcode="or"/>
<opset="or_ln121/2 "/>
</bind>
</comp>

<comp id="129" class="1004" name="zext_ln121_fu_129">
<pin_list>
<pin id="130" dir="0" index="0" bw="8" slack="0"/>
<pin id="131" dir="1" index="1" bw="64" slack="0"/>
</pin_list>
<bind>
<opcode="zext(34) " fcode="zext"/>
<opset="zext_ln121/2 "/>
</bind>
</comp>

<comp id="134" class="1004" name="or_ln121_s_fu_134">
<pin_list>
<pin id="135" dir="0" index="0" bw="3" slack="0"/>
<pin id="136" dir="0" index="1" bw="1" slack="0"/>
<pin id="137" dir="0" index="2" bw="2" slack="0"/>
<pin id="138" dir="1" index="3" bw="3" slack="0"/>
</pin_list>
<bind>
<opcode="bitconcatenate(1004) " fcode="bitconcatenate"/>
<opset="or_ln121_s/2 "/>
</bind>
</comp>

<comp id="142" class="1004" name="sext_ln121_fu_142">
<pin_list>
<pin id="143" dir="0" index="0" bw="3" slack="0"/>
<pin id="144" dir="1" index="1" bw="4" slack="0"/>
</pin_list>
<bind>
<opcode="sext(35) " fcode="sext"/>
<opset="sext_ln121/2 "/>
</bind>
</comp>

<comp id="146" class="1004" name="zext_ln121_278_fu_146">
<pin_list>
<pin id="147" dir="0" index="0" bw="3" slack="0"/>
<pin id="148" dir="1" index="1" bw="64" slack="0"/>
</pin_list>
<bind>
<opcode="zext(34) " fcode="zext"/>
<opset="zext_ln121_278/2 "/>
</bind>
</comp>

<comp id="151" class="1004" name="add_ln124_fu_151">
<pin_list>
<pin id="152" dir="0" index="0" bw="2" slack="0"/>
<pin id="153" dir="0" index="1" bw="1" slack="0"/>
<pin id="154" dir="1" index="2" bw="2" slack="0"/>
</pin_list>
<bind>
<opcode="add(8) " fcode="add"/>
<opset="add_ln124/2 "/>
</bind>
</comp>

<comp id="157" class="1004" name="reuse_addr_reg_load_load_fu_157">
<pin_list>
<pin id="158" dir="0" index="0" bw="64" slack="1"/>
<pin id="159" dir="1" index="1" bw="64" slack="0"/>
</pin_list>
<bind>
<opcode="load(27) " fcode="load"/>
<opset="reuse_addr_reg_load/2 "/>
</bind>
</comp>

<comp id="160" class="1004" name="addr_cmp_fu_160">
<pin_list>
<pin id="161" dir="0" index="0" bw="64" slack="0"/>
<pin id="162" dir="0" index="1" bw="64" slack="0"/>
<pin id="163" dir="1" index="2" bw="1" slack="1"/>
</pin_list>
<bind>
<opcode="icmp(45) " fcode="icmp"/>
<opset="addr_cmp/2 "/>
</bind>
</comp>

<comp id="166" class="1004" name="store_ln121_store_fu_166">
<pin_list>
<pin id="167" dir="0" index="0" bw="4" slack="0"/>
<pin id="168" dir="0" index="1" bw="64" slack="1"/>
<pin id="169" dir="1" index="2" bw="0" slack="2147483647"/>
</pin_list>
<bind>
<opcode="store(28) " fcode="store"/>
<opset="store_ln121/2 "/>
</bind>
</comp>

<comp id="171" class="1004" name="icmp_ln123_fu_171">
<pin_list>
<pin id="172" dir="0" index="0" bw="2" slack="0"/>
<pin id="173" dir="0" index="1" bw="2" slack="0"/>
<pin id="174" dir="1" index="2" bw="1" slack="1"/>
</pin_list>
<bind>
<opcode="icmp(45) " fcode="icmp"/>
<opset="icmp_ln123/2 "/>
</bind>
</comp>

<comp id="177" class="1004" name="store_ln123_store_fu_177">
<pin_list>
<pin id="178" dir="0" index="0" bw="2" slack="0"/>
<pin id="179" dir="0" index="1" bw="2" slack="1"/>
<pin id="180" dir="1" index="2" bw="0" slack="2147483647"/>
</pin_list>
<bind>
<opcode="store(28) " fcode="store"/>
<opset="store_ln123/2 "/>
</bind>
</comp>

<comp id="182" class="1004" name="reuse_reg_load_load_fu_182">
<pin_list>
<pin id="183" dir="0" index="0" bw="8" slack="2"/>
<pin id="184" dir="1" index="1" bw="8" slack="0"/>
</pin_list>
<bind>
<opcode="load(27) " fcode="load"/>
<opset="reuse_reg_load/3 "/>
</bind>
</comp>

<comp id="185" class="1004" name="reuse_select_fu_185">
<pin_list>
<pin id="186" dir="0" index="0" bw="1" slack="1"/>
<pin id="187" dir="0" index="1" bw="8" slack="0"/>
<pin id="188" dir="0" index="2" bw="8" slack="0"/>
<pin id="189" dir="1" index="3" bw="8" slack="0"/>
</pin_list>
<bind>
<opcode="select(49) " fcode="select"/>
<opset="reuse_select/3 "/>
</bind>
</comp>

<comp id="192" class="1004" name="xor_ln124_99_fu_192">
<pin_list>
<pin id="193" dir="0" index="0" bw="8" slack="0"/>
<pin id="194" dir="0" index="1" bw="8" slack="0"/>
<pin id="195" dir="1" index="2" bw="8" slack="0"/>
</pin_list>
<bind>
<opcode="xor(25) " fcode="xor"/>
<opset="xor_ln124_99/3 "/>
</bind>
</comp>

<comp id="199" class="1004" name="store_ln124_store_fu_199">
<pin_list>
<pin id="200" dir="0" index="0" bw="8" slack="0"/>
<pin id="201" dir="0" index="1" bw="8" slack="2"/>
<pin id="202" dir="1" index="2" bw="0" slack="2147483647"/>
</pin_list>
<bind>
<opcode="store(28) " fcode="store"/>
<opset="store_ln124/3 "/>
</bind>
</comp>

<comp id="204" class="1005" name="reuse_addr_reg_reg_204">
<pin_list>
<pin id="205" dir="0" index="0" bw="64" slack="0"/>
<pin id="206" dir="1" index="1" bw="64" slack="0"/>
</pin_list>
<bind>
<opset="reuse_addr_reg "/>
</bind>
</comp>

<comp id="211" class="1005" name="reuse_reg_reg_211">
<pin_list>
<pin id="212" dir="0" index="0" bw="8" slack="0"/>
<pin id="213" dir="1" index="1" bw="8" slack="0"/>
</pin_list>
<bind>
<opset="reuse_reg "/>
</bind>
</comp>

<comp id="218" class="1005" name="idx101_i358_reg_218">
<pin_list>
<pin id="219" dir="0" index="0" bw="2" slack="0"/>
<pin id="220" dir="1" index="1" bw="2" slack="0"/>
</pin_list>
<bind>
<opset="idx101_i358 "/>
</bind>
</comp>

<comp id="225" class="1005" name="r_1_read_reg_225">
<pin_list>
<pin id="226" dir="0" index="0" bw="5" slack="1"/>
<pin id="227" dir="1" index="1" bw="5" slack="1"/>
</pin_list>
<bind>
<opset="r_1_read "/>
</bind>
</comp>

<comp id="230" class="1005" name="rk_addr_reg_230">
<pin_list>
<pin id="231" dir="0" index="0" bw="8" slack="1"/>
<pin id="232" dir="1" index="1" bw="8" slack="1"/>
</pin_list>
<bind>
<opset="rk_addr "/>
</bind>
</comp>

<comp id="235" class="1005" name="rin_1_addr_reg_235">
<pin_list>
<pin id="236" dir="0" index="0" bw="4" slack="1"/>
<pin id="237" dir="1" index="1" bw="4" slack="1"/>
</pin_list>
<bind>
<opset="rin_1_addr "/>
</bind>
</comp>

<comp id="241" class="1005" name="addr_cmp_reg_241">
<pin_list>
<pin id="242" dir="0" index="0" bw="1" slack="1"/>
<pin id="243" dir="1" index="1" bw="1" slack="1"/>
</pin_list>
<bind>
<opset="addr_cmp "/>
</bind>
</comp>

<comp id="246" class="1005" name="icmp_ln123_reg_246">
<pin_list>
<pin id="247" dir="0" index="0" bw="1" slack="1"/>
<pin id="248" dir="1" index="1" bw="1" slack="2147483647"/>
</pin_list>
<bind>
<opset="icmp_ln123 "/>
</bind>
</comp>

</comp_list>

<net_list>
<net id="51"><net_src comp="6" pin="0"/><net_sink comp="48" pin=0"/></net>

<net id="55"><net_src comp="6" pin="0"/><net_sink comp="52" pin=0"/></net>

<net id="59"><net_src comp="6" pin="0"/><net_sink comp="56" pin=0"/></net>

<net id="64"><net_src comp="8" pin="0"/><net_sink comp="60" pin=0"/></net>

<net id="65"><net_src comp="0" pin="0"/><net_sink comp="60" pin=1"/></net>

<net id="71"><net_src comp="2" pin="0"/><net_sink comp="66" pin=0"/></net>

<net id="72"><net_src comp="22" pin="0"/><net_sink comp="66" pin=1"/></net>

<net id="78"><net_src comp="4" pin="0"/><net_sink comp="73" pin=0"/></net>

<net id="79"><net_src comp="22" pin="0"/><net_sink comp="73" pin=1"/></net>

<net id="89"><net_src comp="73" pin="3"/><net_sink comp="80" pin=2"/></net>

<net id="95"><net_src comp="66" pin="3"/><net_sink comp="90" pin=0"/></net>

<net id="100"><net_src comp="10" pin="0"/><net_sink comp="96" pin=0"/></net>

<net id="105"><net_src comp="12" pin="0"/><net_sink comp="101" pin=0"/></net>

<net id="110"><net_src comp="14" pin="0"/><net_sink comp="106" pin=0"/></net>

<net id="120"><net_src comp="16" pin="0"/><net_sink comp="114" pin=0"/></net>

<net id="121"><net_src comp="18" pin="0"/><net_sink comp="114" pin=2"/></net>

<net id="122"><net_src comp="111" pin="1"/><net_sink comp="114" pin=3"/></net>

<net id="127"><net_src comp="114" pin="4"/><net_sink comp="123" pin=0"/></net>

<net id="128"><net_src comp="20" pin="0"/><net_sink comp="123" pin=1"/></net>

<net id="132"><net_src comp="123" pin="2"/><net_sink comp="129" pin=0"/></net>

<net id="133"><net_src comp="129" pin="1"/><net_sink comp="66" pin=2"/></net>

<net id="139"><net_src comp="24" pin="0"/><net_sink comp="134" pin=0"/></net>

<net id="140"><net_src comp="26" pin="0"/><net_sink comp="134" pin=1"/></net>

<net id="141"><net_src comp="111" pin="1"/><net_sink comp="134" pin=2"/></net>

<net id="145"><net_src comp="134" pin="3"/><net_sink comp="142" pin=0"/></net>

<net id="149"><net_src comp="142" pin="1"/><net_sink comp="146" pin=0"/></net>

<net id="150"><net_src comp="146" pin="1"/><net_sink comp="73" pin=2"/></net>

<net id="155"><net_src comp="111" pin="1"/><net_sink comp="151" pin=0"/></net>

<net id="156"><net_src comp="28" pin="0"/><net_sink comp="151" pin=1"/></net>

<net id="164"><net_src comp="157" pin="1"/><net_sink comp="160" pin=0"/></net>

<net id="165"><net_src comp="146" pin="1"/><net_sink comp="160" pin=1"/></net>

<net id="170"><net_src comp="146" pin="1"/><net_sink comp="166" pin=0"/></net>

<net id="175"><net_src comp="111" pin="1"/><net_sink comp="171" pin=0"/></net>

<net id="176"><net_src comp="30" pin="0"/><net_sink comp="171" pin=1"/></net>

<net id="181"><net_src comp="151" pin="2"/><net_sink comp="177" pin=0"/></net>

<net id="190"><net_src comp="182" pin="1"/><net_sink comp="185" pin=1"/></net>

<net id="191"><net_src comp="80" pin="7"/><net_sink comp="185" pin=2"/></net>

<net id="196"><net_src comp="90" pin="3"/><net_sink comp="192" pin=0"/></net>

<net id="197"><net_src comp="185" pin="3"/><net_sink comp="192" pin=1"/></net>

<net id="198"><net_src comp="192" pin="2"/><net_sink comp="80" pin=1"/></net>

<net id="203"><net_src comp="192" pin="2"/><net_sink comp="199" pin=0"/></net>

<net id="207"><net_src comp="48" pin="1"/><net_sink comp="204" pin=0"/></net>

<net id="208"><net_src comp="204" pin="1"/><net_sink comp="106" pin=1"/></net>

<net id="209"><net_src comp="204" pin="1"/><net_sink comp="157" pin=0"/></net>

<net id="210"><net_src comp="204" pin="1"/><net_sink comp="166" pin=1"/></net>

<net id="214"><net_src comp="52" pin="1"/><net_sink comp="211" pin=0"/></net>

<net id="215"><net_src comp="211" pin="1"/><net_sink comp="101" pin=1"/></net>

<net id="216"><net_src comp="211" pin="1"/><net_sink comp="182" pin=0"/></net>

<net id="217"><net_src comp="211" pin="1"/><net_sink comp="199" pin=1"/></net>

<net id="221"><net_src comp="56" pin="1"/><net_sink comp="218" pin=0"/></net>

<net id="222"><net_src comp="218" pin="1"/><net_sink comp="96" pin=1"/></net>

<net id="223"><net_src comp="218" pin="1"/><net_sink comp="111" pin=0"/></net>

<net id="224"><net_src comp="218" pin="1"/><net_sink comp="177" pin=1"/></net>

<net id="228"><net_src comp="60" pin="2"/><net_sink comp="225" pin=0"/></net>

<net id="229"><net_src comp="225" pin="1"/><net_sink comp="114" pin=1"/></net>

<net id="233"><net_src comp="66" pin="3"/><net_sink comp="230" pin=0"/></net>

<net id="234"><net_src comp="230" pin="1"/><net_sink comp="90" pin=0"/></net>

<net id="238"><net_src comp="73" pin="3"/><net_sink comp="235" pin=0"/></net>

<net id="239"><net_src comp="235" pin="1"/><net_sink comp="80" pin=2"/></net>

<net id="240"><net_src comp="235" pin="1"/><net_sink comp="80" pin=0"/></net>

<net id="244"><net_src comp="160" pin="2"/><net_sink comp="241" pin=0"/></net>

<net id="245"><net_src comp="241" pin="1"/><net_sink comp="185" pin=0"/></net>

<net id="249"><net_src comp="171" pin="2"/><net_sink comp="246" pin=0"/></net>

</net_list>

</model> 
---------------- Datapath Model END ------------------

* FSMD analyzer results:
  - Output states:
	Port: rin_1 | {3 }
 - Input state : 
	Port: clefia_Pipeline_ByteXor_label2115 : r_1 | {1 }
	Port: clefia_Pipeline_ByteXor_label2115 : rk | {2 3 }
	Port: clefia_Pipeline_ByteXor_label2115 : rin_1 | {2 3 }
  - Chain level:
	State 1
		store_ln0 : 1
		store_ln0 : 1
		store_ln0 : 1
	State 2
		or_ln4 : 1
		or_ln121 : 2
		zext_ln121 : 2
		rk_addr : 3
		or_ln121_s : 1
		sext_ln121 : 2
		zext_ln121_278 : 3
		rin_1_addr : 4
		add_ln124 : 1
		rin_1_load : 5
		addr_cmp : 4
		rk_load : 4
		store_ln121 : 4
		icmp_ln123 : 1
		br_ln123 : 2
		store_ln123 : 2
	State 3
		reuse_select : 1
		xor_ln124_99 : 2
		store_ln124 : 2
		store_ln124 : 2


============================================================
+ Verbose Summary: Datapath Resource usage 
============================================================

* Functional unit list:
|----------|-----------------------|---------|---------|
| Operation|    Functional Unit    |    FF   |   LUT   |
|----------|-----------------------|---------|---------|
|   icmp   |    addr_cmp_fu_160    |    0    |    29   |
|          |   icmp_ln123_fu_171   |    0    |    8    |
|----------|-----------------------|---------|---------|
|    add   |    add_ln124_fu_151   |    0    |    10   |
|----------|-----------------------|---------|---------|
|  select  |  reuse_select_fu_185  |    0    |    8    |
|----------|-----------------------|---------|---------|
|    xor   |  xor_ln124_99_fu_192  |    0    |    8    |
|----------|-----------------------|---------|---------|
|   read   |  r_1_read_read_fu_60  |    0    |    0    |
|----------|-----------------------|---------|---------|
|bitconcatenate|     or_ln4_fu_114     |    0    |    0    |
|          |   or_ln121_s_fu_134   |    0    |    0    |
|----------|-----------------------|---------|---------|
|    or    |    or_ln121_fu_123    |    0    |    0    |
|----------|-----------------------|---------|---------|
|   zext   |   zext_ln121_fu_129   |    0    |    0    |
|          | zext_ln121_278_fu_146 |    0    |    0    |
|----------|-----------------------|---------|---------|
|   sext   |   sext_ln121_fu_142   |    0    |    0    |
|----------|-----------------------|---------|---------|
|   Total  |                       |    0    |    63   |
|----------|-----------------------|---------|---------|

Memories:
N/A

* Register list:
+----------------------+--------+
|                      |   FF   |
+----------------------+--------+
|   addr_cmp_reg_241   |    1   |
|  icmp_ln123_reg_246  |    1   |
|  idx101_i358_reg_218 |    2   |
|   r_1_read_reg_225   |    5   |
|reuse_addr_reg_reg_204|   64   |
|   reuse_reg_reg_211  |    8   |
|  rin_1_addr_reg_235  |    4   |
|    rk_addr_reg_230   |    8   |
+----------------------+--------+
|         Total        |   93   |
+----------------------+--------+

* Multiplexer (MUX) list: 
|------------------|------|------|------|--------||---------||---------|
|       Comp       |  Pin | Size |  BW  | S x BW ||  Delay  ||   LUT   |
|------------------|------|------|------|--------||---------||---------|
| grp_access_fu_80 |  p2  |   2  |   0  |    0   ||    9    |
| grp_access_fu_90 |  p0  |   2  |   8  |   16   ||    9    |
|------------------|------|------|------|--------||---------||---------|
|       Total      |      |      |      |   16   ||  3.176  ||    18   |
|------------------|------|------|------|--------||---------||---------|



* Summary:
+-----------+--------+--------+--------+
|           |  Delay |   FF   |   LUT  |
+-----------+--------+--------+--------+
|  Function |    -   |    0   |   63   |
|   Memory  |    -   |    -   |    -   |
|Multiplexer|    3   |    -   |   18   |
|  Register |    -   |   93   |    -   |
+-----------+--------+--------+--------+
|   Total   |    3   |   93   |   81   |
+-----------+--------+--------+--------+
