

================================================================
== Vitis HLS Report for 'clefia_Pipeline_ByteXor_label247'
================================================================
* Date:           Mon Dec 12 08:58:44 2022

* Version:        2022.1 (Build 3526262 on Mon Apr 18 15:48:16 MDT 2022)
* Project:        CLEFIA_ip
* Solution:       solution4 (Vivado IP Flow Target)
* Product family: zynq
* Target device:  xc7z020-clg400-1


================================================================
== Performance Estimates
================================================================
+ Timing: 
    * Summary: 
    +--------+----------+----------+------------+
    |  Clock |  Target  | Estimated| Uncertainty|
    +--------+----------+----------+------------+
    |ap_clk  |  10.00 ns|  5.169 ns|     2.70 ns|
    +--------+----------+----------+------------+

+ Latency: 
    * Summary: 
    +---------+---------+----------+----------+-----+-----+---------+
    |  Latency (cycles) |  Latency (absolute) |  Interval | Pipeline|
    |   min   |   max   |    min   |    max   | min | max |   Type  |
    +---------+---------+----------+----------+-----+-----+---------+
    |       19|       19|  0.190 us|  0.190 us|   19|   19|       no|
    +---------+---------+----------+----------+-----+-----+---------+

    + Detail: 
        * Instance: 
        N/A

        * Loop: 
        +------------------+---------+---------+----------+-----------+-----------+------+----------+
        |                  |  Latency (cycles) | Iteration|  Initiation Interval  | Trip |          |
        |     Loop Name    |   min   |   max   |  Latency |  achieved |   target  | Count| Pipelined|
        +------------------+---------+---------+----------+-----------+-----------+------+----------+
        |- ByteXor_label2  |       17|       17|         3|          1|          1|    16|       yes|
        +------------------+---------+---------+----------+-----------+-----------+------+----------+

============================================================
+ Verbose Summary: Synthesis Manager
============================================================
InlineROM: 1
ExposeGlobal: 0
============================================================
+ Verbose Summary: CDFG Model
============================================================
IsTopModel: 0
ResetActiveHigh: 1
IsCombinational: 0
IsDatapathOnly: 0
HasWiredReturn: 1
HasMFsm: 2
HasVarLatency: 1
IsPipeline: 0
IsRtlPipelined: 0
IsInstanceOverlapped: 0
IsDontTouch: 0
HasImplIP: 0
IsGatedGlobalClock: 0

+ Individual pipeline summary: 
  * Pipeline-0: initiation interval (II) = 1, depth = 3


============================================================
+ Verbose Summary: Schedule
============================================================
* Number of FSM states : 3
* Pipeline : 1
  Pipeline-0 : II = 1, D = 3, States = { 1 2 3 }
* Dataflow Pipeline: 0

* FSM state transitions: 
1 --> 2 
2 --> 3 
3 --> 

* FSM state operations: 

State 1 <SV = 0> <Delay = 5.16>
ST_1 : Operation 6 [1/1] (0.00ns)   --->   "%idx_i973 = alloca i32 1"   --->   Operation 6 'alloca' 'idx_i973' <Predicate = true> <Delay = 0.00>
ST_1 : Operation 7 [1/1] (1.58ns)   --->   "%store_ln0 = store i5 0, i5 %idx_i973"   --->   Operation 7 'store' 'store_ln0' <Predicate = true> <Delay = 1.58>
ST_1 : Operation 8 [1/1] (0.00ns)   --->   "%br_ln0 = br void %while.body.i975"   --->   Operation 8 'br' 'br_ln0' <Predicate = true> <Delay = 0.00>
ST_1 : Operation 9 [1/1] (0.00ns)   --->   "%idx_i973_load = load i5 %idx_i973" [clefia.c:124->clefia.c:312->clefia.c:396]   --->   Operation 9 'load' 'idx_i973_load' <Predicate = true> <Delay = 0.00>
ST_1 : Operation 10 [1/1] (0.00ns)   --->   "%specpipeline_ln0 = specpipeline void @_ssdm_op_SpecPipeline, i32 4294967295, i32 0, i32 1, i32 0, void @p_str"   --->   Operation 10 'specpipeline' 'specpipeline_ln0' <Predicate = true> <Delay = 0.00>
ST_1 : Operation 11 [1/1] (1.36ns)   --->   "%icmp_ln123 = icmp_eq  i5 %idx_i973_load, i5 16" [clefia.c:123->clefia.c:312->clefia.c:396]   --->   Operation 11 'icmp' 'icmp_ln123' <Predicate = true> <Delay = 1.36> <CoreInst = "Cmp">   --->   Core 9 'Cmp' <Latency = 0> <II = 1> <Delay = 1.36> <FuncUnit> <Opcode : 'icmp'> <InPorts = 2> <OutPorts = 1>
ST_1 : Operation 12 [1/1] (0.00ns)   --->   "%empty = speclooptripcount i32 @_ssdm_op_SpecLoopTripCount, i64 16, i64 16, i64 16"   --->   Operation 12 'speclooptripcount' 'empty' <Predicate = true> <Delay = 0.00>
ST_1 : Operation 13 [1/1] (1.78ns)   --->   "%add_ln124 = add i5 %idx_i973_load, i5 1" [clefia.c:124->clefia.c:312->clefia.c:396]   --->   Operation 13 'add' 'add_ln124' <Predicate = true> <Delay = 1.78> <CoreInst = "Adder">   --->   Core 1 'Adder' <Latency = 0> <II = 1> <Delay = 1.78> <FuncUnit> <Opcode : 'add' 'sub'> <InPorts = 2> <OutPorts = 1>
ST_1 : Operation 14 [1/1] (0.00ns)   --->   "%br_ln123 = br i1 %icmp_ln123, void %while.body.split.i978, void %ByteXor.exit979.exitStub" [clefia.c:123->clefia.c:312->clefia.c:396]   --->   Operation 14 'br' 'br_ln123' <Predicate = true> <Delay = 0.00>
ST_1 : Operation 15 [1/1] (0.00ns)   --->   "%zext_ln121_15 = zext i5 %idx_i973_load" [clefia.c:121->clefia.c:312->clefia.c:396]   --->   Operation 15 'zext' 'zext_ln121_15' <Predicate = (!icmp_ln123)> <Delay = 0.00>
ST_1 : Operation 16 [1/1] (0.00ns)   --->   "%zext_ln121_233 = zext i5 %idx_i973_load" [clefia.c:121->clefia.c:312->clefia.c:396]   --->   Operation 16 'zext' 'zext_ln121_233' <Predicate = (!icmp_ln123)> <Delay = 0.00>
ST_1 : Operation 17 [1/1] (0.00ns)   --->   "%skey_addr = getelementptr i8 %skey, i64 0, i64 %zext_ln121_15" [clefia.c:121->clefia.c:312->clefia.c:396]   --->   Operation 17 'getelementptr' 'skey_addr' <Predicate = (!icmp_ln123)> <Delay = 0.00>
ST_1 : Operation 18 [1/1] (1.91ns)   --->   "%add_ln121_70 = add i8 %zext_ln121_233, i8 120" [clefia.c:121->clefia.c:312->clefia.c:396]   --->   Operation 18 'add' 'add_ln121_70' <Predicate = (!icmp_ln123)> <Delay = 1.91> <CoreInst = "Adder">   --->   Core 1 'Adder' <Latency = 0> <II = 1> <Delay = 1.91> <FuncUnit> <Opcode : 'add' 'sub'> <InPorts = 2> <OutPorts = 1>
ST_1 : Operation 19 [1/1] (0.00ns)   --->   "%zext_ln121_234 = zext i8 %add_ln121_70" [clefia.c:121->clefia.c:312->clefia.c:396]   --->   Operation 19 'zext' 'zext_ln121_234' <Predicate = (!icmp_ln123)> <Delay = 0.00>
ST_1 : Operation 20 [1/1] (0.00ns)   --->   "%rk_addr_78 = getelementptr i8 %rk, i64 0, i64 %zext_ln121_234" [clefia.c:121->clefia.c:312->clefia.c:396]   --->   Operation 20 'getelementptr' 'rk_addr_78' <Predicate = (!icmp_ln123)> <Delay = 0.00>
ST_1 : Operation 21 [2/2] (3.25ns)   --->   "%rk_load = load i8 %rk_addr_78" [clefia.c:124->clefia.c:312->clefia.c:396]   --->   Operation 21 'load' 'rk_load' <Predicate = (!icmp_ln123)> <Delay = 3.25> <CoreInst = "RAM">   --->   Core 82 'RAM' <Latency = 1> <II = 1> <Delay = 3.25> <Storage> <Opcode : 'load' 'store'> <Ports = 2> <Width = 8> <Depth = 224> <RAM>
ST_1 : Operation 22 [2/2] (2.32ns)   --->   "%skey_load = load i5 %skey_addr" [clefia.c:124->clefia.c:312->clefia.c:396]   --->   Operation 22 'load' 'skey_load' <Predicate = (!icmp_ln123)> <Delay = 2.32> <CoreInst = "ROM">   --->   Core 95 'ROM' <Latency = 1> <II = 1> <Delay = 2.32> <Storage> <Opcode : 'load'> <Ports = 0> <Width = 8> <Depth = 32> <ROM>
ST_1 : Operation 23 [1/1] (1.58ns)   --->   "%store_ln123 = store i5 %add_ln124, i5 %idx_i973" [clefia.c:123->clefia.c:312->clefia.c:396]   --->   Operation 23 'store' 'store_ln123' <Predicate = (!icmp_ln123)> <Delay = 1.58>

State 2 <SV = 1> <Delay = 4.24>
ST_2 : Operation 24 [1/2] (3.25ns)   --->   "%rk_load = load i8 %rk_addr_78" [clefia.c:124->clefia.c:312->clefia.c:396]   --->   Operation 24 'load' 'rk_load' <Predicate = true> <Delay = 3.25> <CoreInst = "RAM">   --->   Core 82 'RAM' <Latency = 1> <II = 1> <Delay = 3.25> <Storage> <Opcode : 'load' 'store'> <Ports = 2> <Width = 8> <Depth = 224> <RAM>
ST_2 : Operation 25 [1/2] (2.32ns)   --->   "%skey_load = load i5 %skey_addr" [clefia.c:124->clefia.c:312->clefia.c:396]   --->   Operation 25 'load' 'skey_load' <Predicate = true> <Delay = 2.32> <CoreInst = "ROM">   --->   Core 95 'ROM' <Latency = 1> <II = 1> <Delay = 2.32> <Storage> <Opcode : 'load'> <Ports = 0> <Width = 8> <Depth = 32> <ROM>
ST_2 : Operation 26 [1/1] (0.99ns)   --->   "%xor_ln124_43 = xor i8 %skey_load, i8 %rk_load" [clefia.c:124->clefia.c:312->clefia.c:396]   --->   Operation 26 'xor' 'xor_ln124_43' <Predicate = true> <Delay = 0.99> <CoreInst = "LogicGate">   --->   Core 74 'LogicGate' <Latency = 0> <II = 1> <Delay = 0.99> <FuncUnit> <Opcode : 'and' 'or' 'xor'> <InPorts = 2> <OutPorts = 1>
ST_2 : Operation 30 [1/1] (0.00ns)   --->   "%ret_ln0 = ret"   --->   Operation 30 'ret' 'ret_ln0' <Predicate = (icmp_ln123)> <Delay = 0.00>

State 3 <SV = 2> <Delay = 3.25>
ST_3 : Operation 27 [1/1] (0.00ns)   --->   "%specloopname_ln121 = specloopname void @_ssdm_op_SpecLoopName, void @empty_8" [clefia.c:121->clefia.c:312->clefia.c:396]   --->   Operation 27 'specloopname' 'specloopname_ln121' <Predicate = true> <Delay = 0.00>
ST_3 : Operation 28 [1/1] (3.25ns)   --->   "%store_ln124 = store i8 %xor_ln124_43, i8 %rk_addr_78" [clefia.c:124->clefia.c:312->clefia.c:396]   --->   Operation 28 'store' 'store_ln124' <Predicate = true> <Delay = 3.25> <CoreInst = "RAM">   --->   Core 82 'RAM' <Latency = 1> <II = 1> <Delay = 3.25> <Storage> <Opcode : 'load' 'store'> <Ports = 2> <Width = 8> <Depth = 224> <RAM>
ST_3 : Operation 29 [1/1] (0.00ns)   --->   "%br_ln123 = br void %while.body.i975" [clefia.c:123->clefia.c:312->clefia.c:396]   --->   Operation 29 'br' 'br_ln123' <Predicate = true> <Delay = 0.00>


============================================================
+ Verbose Summary: Binding
============================================================
STG Binding: 
---------------- STG Properties BEGIN ----------------
- Is combinational: 0
- Is one-state seq: 0
- Is datapath-only: 0
- Is pipelined: 0
- Is top level: 0
Port [ Return ] is wired: 1; IO mode=ap_ctrl_hs:ce=0
Port [ rk]:  wired=1; compound=1; hidden=0; nouse=0; global=0; static=0; extern=0; dir=2; type=1; pingpong=0; private_global=0; MemPort=[01]; IO mode=ap_memory:ce=0
Port [ skey]:  wired=0; compound=1; hidden=1; nouse=0; global=1; static=1; extern=0; dir=0; type=1; pingpong=0; private_global=0; MemPort=[1]; IO mode=ap_memory:ce=0
---------------- STG Properties END ------------------

---------------- Datapath Model BEGIN ----------------

<LifeTime>
<method=bitvector/>
idx_i973           (alloca           ) [ 0100]
store_ln0          (store            ) [ 0000]
br_ln0             (br               ) [ 0000]
idx_i973_load      (load             ) [ 0000]
specpipeline_ln0   (specpipeline     ) [ 0000]
icmp_ln123         (icmp             ) [ 0110]
empty              (speclooptripcount) [ 0000]
add_ln124          (add              ) [ 0000]
br_ln123           (br               ) [ 0000]
zext_ln121_15      (zext             ) [ 0000]
zext_ln121_233     (zext             ) [ 0000]
skey_addr          (getelementptr    ) [ 0110]
add_ln121_70       (add              ) [ 0000]
zext_ln121_234     (zext             ) [ 0000]
rk_addr_78         (getelementptr    ) [ 0111]
store_ln123        (store            ) [ 0000]
rk_load            (load             ) [ 0000]
skey_load          (load             ) [ 0000]
xor_ln124_43       (xor              ) [ 0101]
specloopname_ln121 (specloopname     ) [ 0000]
store_ln124        (store            ) [ 0000]
br_ln123           (br               ) [ 0000]
ret_ln0            (ret              ) [ 0000]
</LifeTime>

<model>

<comp_list>
<comp id="0" class="1000" name="rk">
<pin_list>
<pin id="1" dir="1" index="0" bw="1" slack="0"/>
</pin_list>
<bind>
<StgValue><ssdm name="rk"/><MemPortTyVec>0 1 </MemPortTyVec>
</StgValue>
</bind>
</comp>

<comp id="2" class="1000" name="skey">
<pin_list>
<pin id="3" dir="1" index="0" bw="1" slack="0"/>
</pin_list>
<bind>
<StgValue><ssdm name="skey"/><MemPortTyVec>1 </MemPortTyVec>
</StgValue>
</bind>
</comp>

<comp id="4" class="1001" name="const_4">
<pin_list>
<pin id="5" dir="1" index="0" bw="1" slack="0"/>
</pin_list>
<bind>
<StgValue><ssdm name=""/></StgValue>
</bind>
</comp>

<comp id="6" class="1001" name="const_6">
<pin_list>
<pin id="7" dir="1" index="0" bw="1" slack="0"/>
</pin_list>
<bind>
<StgValue><ssdm name=""/></StgValue>
</bind>
</comp>

<comp id="8" class="1001" name="const_8">
<pin_list>
<pin id="9" dir="1" index="0" bw="1" slack="2147483647"/>
</pin_list>
<bind>
<StgValue><ssdm name="_ssdm_op_SpecPipeline"/></StgValue>
</bind>
</comp>

<comp id="10" class="1001" name="const_10">
<pin_list>
<pin id="11" dir="1" index="0" bw="1" slack="2147483647"/>
</pin_list>
<bind>
<StgValue><ssdm name=""/></StgValue>
</bind>
</comp>

<comp id="12" class="1001" name="const_12">
<pin_list>
<pin id="13" dir="1" index="0" bw="1" slack="2147483647"/>
</pin_list>
<bind>
<StgValue><ssdm name=""/></StgValue>
</bind>
</comp>

<comp id="14" class="1001" name="const_14">
<pin_list>
<pin id="15" dir="1" index="0" bw="1" slack="2147483647"/>
</pin_list>
<bind>
<StgValue><ssdm name="p_str"/></StgValue>
</bind>
</comp>

<comp id="16" class="1001" name="const_16">
<pin_list>
<pin id="17" dir="1" index="0" bw="1" slack="0"/>
</pin_list>
<bind>
<StgValue><ssdm name=""/></StgValue>
</bind>
</comp>

<comp id="18" class="1001" name="const_18">
<pin_list>
<pin id="19" dir="1" index="0" bw="1" slack="2147483647"/>
</pin_list>
<bind>
<StgValue><ssdm name="_ssdm_op_SpecLoopTripCount"/></StgValue>
</bind>
</comp>

<comp id="20" class="1001" name="const_20">
<pin_list>
<pin id="21" dir="1" index="0" bw="1" slack="2147483647"/>
</pin_list>
<bind>
<StgValue><ssdm name=""/></StgValue>
</bind>
</comp>

<comp id="22" class="1001" name="const_22">
<pin_list>
<pin id="23" dir="1" index="0" bw="1" slack="0"/>
</pin_list>
<bind>
<StgValue><ssdm name=""/></StgValue>
</bind>
</comp>

<comp id="24" class="1001" name="const_24">
<pin_list>
<pin id="25" dir="1" index="0" bw="1" slack="0"/>
</pin_list>
<bind>
<StgValue><ssdm name=""/></StgValue>
</bind>
</comp>

<comp id="26" class="1001" name="const_26">
<pin_list>
<pin id="27" dir="1" index="0" bw="1" slack="0"/>
</pin_list>
<bind>
<StgValue><ssdm name=""/></StgValue>
</bind>
</comp>

<comp id="28" class="1001" name="const_28">
<pin_list>
<pin id="29" dir="1" index="0" bw="1" slack="2147483647"/>
</pin_list>
<bind>
<StgValue><ssdm name="_ssdm_op_SpecLoopName"/></StgValue>
</bind>
</comp>

<comp id="30" class="1001" name="const_30">
<pin_list>
<pin id="31" dir="1" index="0" bw="1" slack="2147483647"/>
</pin_list>
<bind>
<StgValue><ssdm name="empty_8"/></StgValue>
</bind>
</comp>

<comp id="32" class="1004" name="idx_i973_fu_32">
<pin_list>
<pin id="33" dir="0" index="0" bw="1" slack="0"/>
<pin id="34" dir="1" index="1" bw="5" slack="0"/>
</pin_list>
<bind>
<opcode="alloca(26) " fcode="alloca"/>
<opset="idx_i973/1 "/>
</bind>
</comp>

<comp id="36" class="1004" name="skey_addr_gep_fu_36">
<pin_list>
<pin id="37" dir="0" index="0" bw="8" slack="0"/>
<pin id="38" dir="0" index="1" bw="1" slack="0"/>
<pin id="39" dir="0" index="2" bw="5" slack="0"/>
<pin id="40" dir="1" index="3" bw="5" slack="0"/>
</pin_list>
<bind>
<opcode="getelementptr(29) " fcode="getelementptr"/>
<opset="skey_addr/1 "/>
</bind>
</comp>

<comp id="43" class="1004" name="rk_addr_78_gep_fu_43">
<pin_list>
<pin id="44" dir="0" index="0" bw="8" slack="0"/>
<pin id="45" dir="0" index="1" bw="1" slack="0"/>
<pin id="46" dir="0" index="2" bw="8" slack="0"/>
<pin id="47" dir="1" index="3" bw="8" slack="0"/>
</pin_list>
<bind>
<opcode="getelementptr(29) " fcode="getelementptr"/>
<opset="rk_addr_78/1 "/>
</bind>
</comp>

<comp id="50" class="1004" name="grp_access_fu_50">
<pin_list>
<pin id="51" dir="0" index="0" bw="8" slack="2"/>
<pin id="52" dir="0" index="1" bw="8" slack="1"/>
<pin id="53" dir="0" index="2" bw="0" slack="0"/>
<pin id="55" dir="0" index="4" bw="8" slack="2147483647"/>
<pin id="56" dir="0" index="5" bw="8" slack="2147483647"/>
<pin id="57" dir="0" index="6" bw="0" slack="2147483647"/>
<pin id="54" dir="1" index="3" bw="8" slack="2147483647"/>
<pin id="58" dir="1" index="7" bw="8" slack="0"/>
</pin_list>
<bind>
<opcode="load(27) store(28) " fcode="store"/>
<opset="rk_load/1 store_ln124/3 "/>
</bind>
</comp>

<comp id="60" class="1004" name="grp_access_fu_60">
<pin_list>
<pin id="61" dir="0" index="0" bw="5" slack="0"/>
<pin id="62" dir="0" index="1" bw="8" slack="2147483647"/>
<pin id="63" dir="0" index="2" bw="0" slack="2147483647"/>
<pin id="64" dir="1" index="3" bw="8" slack="0"/>
</pin_list>
<bind>
<opcode="load(27) " fcode="load"/>
<opset="skey_load/1 "/>
</bind>
</comp>

<comp id="66" class="1004" name="store_ln0_store_fu_66">
<pin_list>
<pin id="67" dir="0" index="0" bw="1" slack="0"/>
<pin id="68" dir="0" index="1" bw="5" slack="0"/>
<pin id="69" dir="1" index="2" bw="0" slack="2147483647"/>
</pin_list>
<bind>
<opcode="store(28) " fcode="store"/>
<opset="store_ln0/1 "/>
</bind>
</comp>

<comp id="71" class="1004" name="idx_i973_load_load_fu_71">
<pin_list>
<pin id="72" dir="0" index="0" bw="5" slack="0"/>
<pin id="73" dir="1" index="1" bw="5" slack="0"/>
</pin_list>
<bind>
<opcode="load(27) " fcode="load"/>
<opset="idx_i973_load/1 "/>
</bind>
</comp>

<comp id="74" class="1004" name="icmp_ln123_fu_74">
<pin_list>
<pin id="75" dir="0" index="0" bw="5" slack="0"/>
<pin id="76" dir="0" index="1" bw="5" slack="0"/>
<pin id="77" dir="1" index="2" bw="1" slack="1"/>
</pin_list>
<bind>
<opcode="icmp(45) " fcode="icmp"/>
<opset="icmp_ln123/1 "/>
</bind>
</comp>

<comp id="80" class="1004" name="add_ln124_fu_80">
<pin_list>
<pin id="81" dir="0" index="0" bw="5" slack="0"/>
<pin id="82" dir="0" index="1" bw="1" slack="0"/>
<pin id="83" dir="1" index="2" bw="5" slack="0"/>
</pin_list>
<bind>
<opcode="add(8) " fcode="add"/>
<opset="add_ln124/1 "/>
</bind>
</comp>

<comp id="86" class="1004" name="zext_ln121_15_fu_86">
<pin_list>
<pin id="87" dir="0" index="0" bw="5" slack="0"/>
<pin id="88" dir="1" index="1" bw="64" slack="0"/>
</pin_list>
<bind>
<opcode="zext(34) " fcode="zext"/>
<opset="zext_ln121_15/1 "/>
</bind>
</comp>

<comp id="91" class="1004" name="zext_ln121_233_fu_91">
<pin_list>
<pin id="92" dir="0" index="0" bw="5" slack="0"/>
<pin id="93" dir="1" index="1" bw="8" slack="0"/>
</pin_list>
<bind>
<opcode="zext(34) " fcode="zext"/>
<opset="zext_ln121_233/1 "/>
</bind>
</comp>

<comp id="95" class="1004" name="add_ln121_70_fu_95">
<pin_list>
<pin id="96" dir="0" index="0" bw="5" slack="0"/>
<pin id="97" dir="0" index="1" bw="8" slack="0"/>
<pin id="98" dir="1" index="2" bw="8" slack="0"/>
</pin_list>
<bind>
<opcode="add(8) " fcode="add"/>
<opset="add_ln121_70/1 "/>
</bind>
</comp>

<comp id="101" class="1004" name="zext_ln121_234_fu_101">
<pin_list>
<pin id="102" dir="0" index="0" bw="8" slack="0"/>
<pin id="103" dir="1" index="1" bw="64" slack="0"/>
</pin_list>
<bind>
<opcode="zext(34) " fcode="zext"/>
<opset="zext_ln121_234/1 "/>
</bind>
</comp>

<comp id="106" class="1004" name="store_ln123_store_fu_106">
<pin_list>
<pin id="107" dir="0" index="0" bw="5" slack="0"/>
<pin id="108" dir="0" index="1" bw="5" slack="0"/>
<pin id="109" dir="1" index="2" bw="0" slack="2147483647"/>
</pin_list>
<bind>
<opcode="store(28) " fcode="store"/>
<opset="store_ln123/1 "/>
</bind>
</comp>

<comp id="111" class="1004" name="xor_ln124_43_fu_111">
<pin_list>
<pin id="112" dir="0" index="0" bw="8" slack="0"/>
<pin id="113" dir="0" index="1" bw="8" slack="0"/>
<pin id="114" dir="1" index="2" bw="8" slack="1"/>
</pin_list>
<bind>
<opcode="xor(25) " fcode="xor"/>
<opset="xor_ln124_43/2 "/>
</bind>
</comp>

<comp id="117" class="1005" name="idx_i973_reg_117">
<pin_list>
<pin id="118" dir="0" index="0" bw="5" slack="0"/>
<pin id="119" dir="1" index="1" bw="5" slack="0"/>
</pin_list>
<bind>
<opset="idx_i973 "/>
</bind>
</comp>

<comp id="124" class="1005" name="icmp_ln123_reg_124">
<pin_list>
<pin id="125" dir="0" index="0" bw="1" slack="1"/>
<pin id="126" dir="1" index="1" bw="1" slack="2147483647"/>
</pin_list>
<bind>
<opset="icmp_ln123 "/>
</bind>
</comp>

<comp id="128" class="1005" name="skey_addr_reg_128">
<pin_list>
<pin id="129" dir="0" index="0" bw="5" slack="1"/>
<pin id="130" dir="1" index="1" bw="5" slack="1"/>
</pin_list>
<bind>
<opset="skey_addr "/>
</bind>
</comp>

<comp id="133" class="1005" name="rk_addr_78_reg_133">
<pin_list>
<pin id="134" dir="0" index="0" bw="8" slack="1"/>
<pin id="135" dir="1" index="1" bw="8" slack="1"/>
</pin_list>
<bind>
<opset="rk_addr_78 "/>
</bind>
</comp>

<comp id="139" class="1005" name="xor_ln124_43_reg_139">
<pin_list>
<pin id="140" dir="0" index="0" bw="8" slack="1"/>
<pin id="141" dir="1" index="1" bw="8" slack="1"/>
</pin_list>
<bind>
<opset="xor_ln124_43 "/>
</bind>
</comp>

</comp_list>

<net_list>
<net id="35"><net_src comp="4" pin="0"/><net_sink comp="32" pin=0"/></net>

<net id="41"><net_src comp="2" pin="0"/><net_sink comp="36" pin=0"/></net>

<net id="42"><net_src comp="24" pin="0"/><net_sink comp="36" pin=1"/></net>

<net id="48"><net_src comp="0" pin="0"/><net_sink comp="43" pin=0"/></net>

<net id="49"><net_src comp="24" pin="0"/><net_sink comp="43" pin=1"/></net>

<net id="59"><net_src comp="43" pin="3"/><net_sink comp="50" pin=2"/></net>

<net id="65"><net_src comp="36" pin="3"/><net_sink comp="60" pin=0"/></net>

<net id="70"><net_src comp="6" pin="0"/><net_sink comp="66" pin=0"/></net>

<net id="78"><net_src comp="71" pin="1"/><net_sink comp="74" pin=0"/></net>

<net id="79"><net_src comp="16" pin="0"/><net_sink comp="74" pin=1"/></net>

<net id="84"><net_src comp="71" pin="1"/><net_sink comp="80" pin=0"/></net>

<net id="85"><net_src comp="22" pin="0"/><net_sink comp="80" pin=1"/></net>

<net id="89"><net_src comp="71" pin="1"/><net_sink comp="86" pin=0"/></net>

<net id="90"><net_src comp="86" pin="1"/><net_sink comp="36" pin=2"/></net>

<net id="94"><net_src comp="71" pin="1"/><net_sink comp="91" pin=0"/></net>

<net id="99"><net_src comp="91" pin="1"/><net_sink comp="95" pin=0"/></net>

<net id="100"><net_src comp="26" pin="0"/><net_sink comp="95" pin=1"/></net>

<net id="104"><net_src comp="95" pin="2"/><net_sink comp="101" pin=0"/></net>

<net id="105"><net_src comp="101" pin="1"/><net_sink comp="43" pin=2"/></net>

<net id="110"><net_src comp="80" pin="2"/><net_sink comp="106" pin=0"/></net>

<net id="115"><net_src comp="60" pin="3"/><net_sink comp="111" pin=0"/></net>

<net id="116"><net_src comp="50" pin="7"/><net_sink comp="111" pin=1"/></net>

<net id="120"><net_src comp="32" pin="1"/><net_sink comp="117" pin=0"/></net>

<net id="121"><net_src comp="117" pin="1"/><net_sink comp="66" pin=1"/></net>

<net id="122"><net_src comp="117" pin="1"/><net_sink comp="71" pin=0"/></net>

<net id="123"><net_src comp="117" pin="1"/><net_sink comp="106" pin=1"/></net>

<net id="127"><net_src comp="74" pin="2"/><net_sink comp="124" pin=0"/></net>

<net id="131"><net_src comp="36" pin="3"/><net_sink comp="128" pin=0"/></net>

<net id="132"><net_src comp="128" pin="1"/><net_sink comp="60" pin=0"/></net>

<net id="136"><net_src comp="43" pin="3"/><net_sink comp="133" pin=0"/></net>

<net id="137"><net_src comp="133" pin="1"/><net_sink comp="50" pin=2"/></net>

<net id="138"><net_src comp="133" pin="1"/><net_sink comp="50" pin=0"/></net>

<net id="142"><net_src comp="111" pin="2"/><net_sink comp="139" pin=0"/></net>

<net id="143"><net_src comp="139" pin="1"/><net_sink comp="50" pin=1"/></net>

</net_list>

</model> 
---------------- Datapath Model END ------------------

* FSMD analyzer results:
  - Output states:
	Port: rk | {3 }
 - Input state : 
	Port: clefia_Pipeline_ByteXor_label247 : rk | {1 2 }
	Port: clefia_Pipeline_ByteXor_label247 : skey | {1 2 }
  - Chain level:
	State 1
		store_ln0 : 1
		idx_i973_load : 1
		icmp_ln123 : 2
		add_ln124 : 2
		br_ln123 : 3
		zext_ln121_15 : 2
		zext_ln121_233 : 2
		skey_addr : 3
		add_ln121_70 : 3
		zext_ln121_234 : 4
		rk_addr_78 : 5
		rk_load : 6
		skey_load : 4
		store_ln123 : 3
	State 2
		xor_ln124_43 : 1
	State 3


============================================================
+ Verbose Summary: Datapath Resource usage 
============================================================

* Functional unit list:
|----------|-----------------------|---------|---------|
| Operation|    Functional Unit    |    FF   |   LUT   |
|----------|-----------------------|---------|---------|
|    add   |    add_ln124_fu_80    |    0    |    13   |
|          |   add_ln121_70_fu_95  |    0    |    15   |
|----------|-----------------------|---------|---------|
|   icmp   |    icmp_ln123_fu_74   |    0    |    9    |
|----------|-----------------------|---------|---------|
|    xor   |  xor_ln124_43_fu_111  |    0    |    8    |
|----------|-----------------------|---------|---------|
|          |  zext_ln121_15_fu_86  |    0    |    0    |
|   zext   |  zext_ln121_233_fu_91 |    0    |    0    |
|          | zext_ln121_234_fu_101 |    0    |    0    |
|----------|-----------------------|---------|---------|
|   Total  |                       |    0    |    45   |
|----------|-----------------------|---------|---------|

Memories:
N/A

* Register list:
+--------------------+--------+
|                    |   FF   |
+--------------------+--------+
| icmp_ln123_reg_124 |    1   |
|  idx_i973_reg_117  |    5   |
| rk_addr_78_reg_133 |    8   |
|  skey_addr_reg_128 |    5   |
|xor_ln124_43_reg_139|    8   |
+--------------------+--------+
|        Total       |   27   |
+--------------------+--------+

* Multiplexer (MUX) list: 
|------------------|------|------|------|--------||---------||---------|
|       Comp       |  Pin | Size |  BW  | S x BW ||  Delay  ||   LUT   |
|------------------|------|------|------|--------||---------||---------|
| grp_access_fu_50 |  p2  |   2  |   0  |    0   ||    9    |
| grp_access_fu_60 |  p0  |   2  |   5  |   10   ||    9    |
|------------------|------|------|------|--------||---------||---------|
|       Total      |      |      |      |   10   ||  3.176  ||    18   |
|------------------|------|------|------|--------||---------||---------|



* Summary:
+-----------+--------+--------+--------+
|           |  Delay |   FF   |   LUT  |
+-----------+--------+--------+--------+
|  Function |    -   |    0   |   45   |
|   Memory  |    -   |    -   |    -   |
|Multiplexer|    3   |    -   |   18   |
|  Register |    -   |   27   |    -   |
+-----------+--------+--------+--------+
|   Total   |    3   |   27   |   63   |
+-----------+--------+--------+--------+
