INFO: [SIM 2] *************** CSIM start ***************
INFO: [SIM 4] CSIM will launch GCC as the compiler.
   Compiling(apcc) ../../../../src/data_transfer_tb.c in debug mode
INFO: [HLS 200-10] Running 'D:/Xilinx/Vitis_HLS/2022.1/bin/unwrapped/win64.o/apcc.exe'
INFO: [HLS 200-10] For user 'iguchi.taiga' on host 'desktop-ctm6dmj' (Windows NT_amd64 version 6.2) on Wed Jan 04 14:46:16 +0900 2023
INFO: [HLS 200-10] In directory 'D:/tmp/CLEFIA/data_trans_speed/data_trans_speed_ip/solution1/csim/build'
INFO: [APCC 202-3] Tmp directory is D:/tmp/apcc_db_iguchi.taiga/110203018806119
INFO: [APCC 202-1] APCC is done.
INFO: [HLS 200-112] Total CPU user time: 0 seconds. Total CPU system time: 0 seconds. Total elapsed time: 6.389 seconds; peak allocated memory: 0.629 MB.
   Compiling(apcc) ../../../../src/data_transfer.c in debug mode
INFO: [HLS 200-10] Running 'D:/Xilinx/Vitis_HLS/2022.1/bin/unwrapped/win64.o/apcc.exe'
INFO: [HLS 200-10] For user 'iguchi.taiga' on host 'desktop-ctm6dmj' (Windows NT_amd64 version 6.2) on Wed Jan 04 14:46:24 +0900 2023
INFO: [HLS 200-10] In directory 'D:/tmp/CLEFIA/data_trans_speed/data_trans_speed_ip/solution1/csim/build'
INFO: [APCC 202-3] Tmp directory is D:/tmp/apcc_db_iguchi.taiga/133843026823154
INFO: [APCC 202-1] APCC is done.
INFO: [HLS 200-112] Total CPU user time: 0 seconds. Total CPU system time: 0 seconds. Total elapsed time: 3.449 seconds; peak allocated memory: 0.676 MB.
   Generating csim.exe
--- CLEFIA ---
ciphertext: 0100000000000000091c400000000000
INFO: [SIM 1] CSim done with 0 errors.
INFO: [SIM 3] *************** CSIM finish ***************
