

================================================================
== Vitis HLS Report for 'ClefiaKeySet256_Pipeline_ByteXor_label24'
================================================================
* Date:           Tue Dec  6 21:01:00 2022

* Version:        2022.1 (Build 3526262 on Mon Apr 18 15:48:16 MDT 2022)
* Project:        CLEFIA_ip
* Solution:       solution2 (Vivado IP Flow Target)
* Product family: zynq
* Target device:  xc7z020-clg400-1


================================================================
== Performance Estimates
================================================================
+ Timing: 
    * Summary: 
    +--------+----------+----------+------------+
    |  Clock |  Target  | Estimated| Uncertainty|
    +--------+----------+----------+------------+
    |ap_clk  |  10.00 ns|  5.169 ns|     2.70 ns|
    +--------+----------+----------+------------+

+ Latency: 
    * Summary: 
    +---------+---------+----------+----------+-----+-----+---------+
    |  Latency (cycles) |  Latency (absolute) |  Interval | Pipeline|
    |   min   |   max   |    min   |    max   | min | max |   Type  |
    +---------+---------+----------+----------+-----+-----+---------+
    |       19|       19|  0.190 us|  0.190 us|   19|   19|       no|
    +---------+---------+----------+----------+-----+-----+---------+

    + Detail: 
        * Instance: 
        N/A

        * Loop: 
        +------------------+---------+---------+----------+-----------+-----------+------+----------+
        |                  |  Latency (cycles) | Iteration|  Initiation Interval  | Trip |          |
        |     Loop Name    |   min   |   max   |  Latency |  achieved |   target  | Count| Pipelined|
        +------------------+---------+---------+----------+-----------+-----------+------+----------+
        |- ByteXor_label2  |       17|       17|         3|          1|          1|    16|       yes|
        +------------------+---------+---------+----------+-----------+-----------+------+----------+

============================================================
+ Verbose Summary: Synthesis Manager
============================================================
InlineROM: 1
ExposeGlobal: 0
============================================================
+ Verbose Summary: CDFG Model
============================================================
IsTopModel: 0
ResetActiveHigh: 1
IsCombinational: 0
IsDatapathOnly: 0
HasWiredReturn: 1
HasMFsm: 2
HasVarLatency: 1
IsPipeline: 0
IsRtlPipelined: 0
IsInstanceOverlapped: 0
IsDontTouch: 0
HasImplIP: 0
IsGatedGlobalClock: 0

+ Individual pipeline summary: 
  * Pipeline-0: initiation interval (II) = 1, depth = 3


============================================================
+ Verbose Summary: Schedule
============================================================
* Number of FSM states : 3
* Pipeline : 1
  Pipeline-0 : II = 1, D = 3, States = { 1 2 3 }
* Dataflow Pipeline: 0

* FSM state transitions: 
1 --> 2 
2 --> 3 
3 --> 

* FSM state operations: 

State 1 <SV = 0> <Delay = 5.16>
ST_1 : Operation 6 [1/1] (0.00ns)   --->   "%idx_i42 = alloca i32 1"   --->   Operation 6 'alloca' 'idx_i42' <Predicate = true> <Delay = 0.00>
ST_1 : Operation 7 [1/1] (0.00ns)   --->   "%or_ln364_read = read i8 @_ssdm_op_Read.ap_auto.i8, i8 %or_ln364"   --->   Operation 7 'read' 'or_ln364_read' <Predicate = true> <Delay = 0.00>
ST_1 : Operation 8 [1/1] (1.58ns)   --->   "%store_ln0 = store i5 0, i5 %idx_i42"   --->   Operation 8 'store' 'store_ln0' <Predicate = true> <Delay = 1.58>
ST_1 : Operation 9 [1/1] (0.00ns)   --->   "%br_ln0 = br void %while.body.i44"   --->   Operation 9 'br' 'br_ln0' <Predicate = true> <Delay = 0.00>
ST_1 : Operation 10 [1/1] (0.00ns)   --->   "%idx_i42_load = load i5 %idx_i42" [clefia.c:124->clefia.c:383]   --->   Operation 10 'load' 'idx_i42_load' <Predicate = true> <Delay = 0.00>
ST_1 : Operation 11 [1/1] (0.00ns)   --->   "%empty = speclooptripcount i32 @_ssdm_op_SpecLoopTripCount, i64 16, i64 16, i64 16"   --->   Operation 11 'speclooptripcount' 'empty' <Predicate = true> <Delay = 0.00>
ST_1 : Operation 12 [1/1] (1.36ns)   --->   "%icmp_ln123 = icmp_eq  i5 %idx_i42_load, i5 16" [clefia.c:123->clefia.c:383]   --->   Operation 12 'icmp' 'icmp_ln123' <Predicate = true> <Delay = 1.36> <CoreInst = "Cmp">   --->   Core 9 'Cmp' <Latency = 0> <II = 1> <Delay = 1.36> <FuncUnit> <Opcode : 'icmp'> <InPorts = 2> <OutPorts = 1>
ST_1 : Operation 13 [1/1] (1.78ns)   --->   "%add_ln124 = add i5 %idx_i42_load, i5 1" [clefia.c:124->clefia.c:383]   --->   Operation 13 'add' 'add_ln124' <Predicate = true> <Delay = 1.78> <CoreInst = "Adder">   --->   Core 1 'Adder' <Latency = 0> <II = 1> <Delay = 1.78> <FuncUnit> <Opcode : 'add' 'sub'> <InPorts = 2> <OutPorts = 1>
ST_1 : Operation 14 [1/1] (0.00ns)   --->   "%br_ln123 = br i1 %icmp_ln123, void %while.body.split.i54, void %if.end26.loopexit.exitStub" [clefia.c:123->clefia.c:383]   --->   Operation 14 'br' 'br_ln123' <Predicate = true> <Delay = 0.00>
ST_1 : Operation 15 [1/1] (0.00ns)   --->   "%zext_ln121 = zext i5 %idx_i42_load" [clefia.c:121->clefia.c:383]   --->   Operation 15 'zext' 'zext_ln121' <Predicate = (!icmp_ln123)> <Delay = 0.00>
ST_1 : Operation 16 [1/1] (0.78ns)   --->   "%xor_ln121 = xor i5 %idx_i42_load, i5 16" [clefia.c:121->clefia.c:383]   --->   Operation 16 'xor' 'xor_ln121' <Predicate = (!icmp_ln123)> <Delay = 0.78> <CoreInst = "LogicGate">   --->   Core 74 'LogicGate' <Latency = 0> <II = 1> <Delay = 0.78> <FuncUnit> <Opcode : 'and' 'or' 'xor'> <InPorts = 2> <OutPorts = 1>
ST_1 : Operation 17 [1/1] (0.00ns)   --->   "%zext_ln121_4 = zext i5 %xor_ln121" [clefia.c:121->clefia.c:383]   --->   Operation 17 'zext' 'zext_ln121_4' <Predicate = (!icmp_ln123)> <Delay = 0.00>
ST_1 : Operation 18 [1/1] (0.00ns)   --->   "%skey_addr = getelementptr i8 %skey, i64 0, i64 %zext_ln121_4" [clefia.c:121->clefia.c:383]   --->   Operation 18 'getelementptr' 'skey_addr' <Predicate = (!icmp_ln123)> <Delay = 0.00>
ST_1 : Operation 19 [1/1] (1.91ns)   --->   "%add_ln121 = add i8 %or_ln364_read, i8 %zext_ln121" [clefia.c:121->clefia.c:383]   --->   Operation 19 'add' 'add_ln121' <Predicate = (!icmp_ln123)> <Delay = 1.91> <CoreInst = "Adder">   --->   Core 1 'Adder' <Latency = 0> <II = 1> <Delay = 1.91> <FuncUnit> <Opcode : 'add' 'sub'> <InPorts = 2> <OutPorts = 1>
ST_1 : Operation 20 [1/1] (0.00ns)   --->   "%zext_ln121_5 = zext i8 %add_ln121" [clefia.c:121->clefia.c:383]   --->   Operation 20 'zext' 'zext_ln121_5' <Predicate = (!icmp_ln123)> <Delay = 0.00>
ST_1 : Operation 21 [1/1] (0.00ns)   --->   "%rk_addr = getelementptr i8 %rk, i64 0, i64 %zext_ln121_5" [clefia.c:121->clefia.c:383]   --->   Operation 21 'getelementptr' 'rk_addr' <Predicate = (!icmp_ln123)> <Delay = 0.00>
ST_1 : Operation 22 [2/2] (3.25ns)   --->   "%rk_load = load i8 %rk_addr" [clefia.c:124->clefia.c:383]   --->   Operation 22 'load' 'rk_load' <Predicate = (!icmp_ln123)> <Delay = 3.25> <CoreInst = "RAM">   --->   Core 82 'RAM' <Latency = 1> <II = 1> <Delay = 3.25> <Storage> <Opcode : 'load' 'store'> <Ports = 2> <Width = 8> <Depth = 224> <RAM>
ST_1 : Operation 23 [2/2] (2.32ns)   --->   "%skey_load = load i5 %skey_addr" [clefia.c:124->clefia.c:383]   --->   Operation 23 'load' 'skey_load' <Predicate = (!icmp_ln123)> <Delay = 2.32> <CoreInst = "ROM">   --->   Core 95 'ROM' <Latency = 1> <II = 1> <Delay = 2.32> <Storage> <Opcode : 'load'> <Ports = 0> <Width = 8> <Depth = 32> <ROM>
ST_1 : Operation 24 [1/1] (1.58ns)   --->   "%store_ln123 = store i5 %add_ln124, i5 %idx_i42" [clefia.c:123->clefia.c:383]   --->   Operation 24 'store' 'store_ln123' <Predicate = (!icmp_ln123)> <Delay = 1.58>

State 2 <SV = 1> <Delay = 4.24>
ST_2 : Operation 25 [1/2] (3.25ns)   --->   "%rk_load = load i8 %rk_addr" [clefia.c:124->clefia.c:383]   --->   Operation 25 'load' 'rk_load' <Predicate = true> <Delay = 3.25> <CoreInst = "RAM">   --->   Core 82 'RAM' <Latency = 1> <II = 1> <Delay = 3.25> <Storage> <Opcode : 'load' 'store'> <Ports = 2> <Width = 8> <Depth = 224> <RAM>
ST_2 : Operation 26 [1/2] (2.32ns)   --->   "%skey_load = load i5 %skey_addr" [clefia.c:124->clefia.c:383]   --->   Operation 26 'load' 'skey_load' <Predicate = true> <Delay = 2.32> <CoreInst = "ROM">   --->   Core 95 'ROM' <Latency = 1> <II = 1> <Delay = 2.32> <Storage> <Opcode : 'load'> <Ports = 0> <Width = 8> <Depth = 32> <ROM>
ST_2 : Operation 27 [1/1] (0.99ns)   --->   "%xor_ln124 = xor i8 %skey_load, i8 %rk_load" [clefia.c:124->clefia.c:383]   --->   Operation 27 'xor' 'xor_ln124' <Predicate = true> <Delay = 0.99> <CoreInst = "LogicGate">   --->   Core 74 'LogicGate' <Latency = 0> <II = 1> <Delay = 0.99> <FuncUnit> <Opcode : 'and' 'or' 'xor'> <InPorts = 2> <OutPorts = 1>
ST_2 : Operation 32 [1/1] (0.00ns)   --->   "%ret_ln0 = ret"   --->   Operation 32 'ret' 'ret_ln0' <Predicate = (icmp_ln123)> <Delay = 0.00>

State 3 <SV = 2> <Delay = 3.25>
ST_3 : Operation 28 [1/1] (0.00ns)   --->   "%specpipeline_ln23 = specpipeline void @_ssdm_op_SpecPipeline, i32 4294967295, i32 0, i32 0, i32 0, void @empty_0" [D:/tmp/CLEFIA_ip/solution2/directives.tcl:23->clefia.c:383]   --->   Operation 28 'specpipeline' 'specpipeline_ln23' <Predicate = true> <Delay = 0.00>
ST_3 : Operation 29 [1/1] (0.00ns)   --->   "%specloopname_ln121 = specloopname void @_ssdm_op_SpecLoopName, void @empty_8" [clefia.c:121->clefia.c:383]   --->   Operation 29 'specloopname' 'specloopname_ln121' <Predicate = true> <Delay = 0.00>
ST_3 : Operation 30 [1/1] (3.25ns)   --->   "%store_ln124 = store i8 %xor_ln124, i8 %rk_addr" [clefia.c:124->clefia.c:383]   --->   Operation 30 'store' 'store_ln124' <Predicate = true> <Delay = 3.25> <CoreInst = "RAM">   --->   Core 82 'RAM' <Latency = 1> <II = 1> <Delay = 3.25> <Storage> <Opcode : 'load' 'store'> <Ports = 2> <Width = 8> <Depth = 224> <RAM>
ST_3 : Operation 31 [1/1] (0.00ns)   --->   "%br_ln123 = br void %while.body.i44" [clefia.c:123->clefia.c:383]   --->   Operation 31 'br' 'br_ln123' <Predicate = true> <Delay = 0.00>


============================================================
+ Verbose Summary: Timing violations
============================================================
Target clock period: 10ns, clock uncertainty: 2.7ns.

 <State 1>: 5.17ns
The critical path consists of the following:
	'alloca' operation ('idx_i42') [4]  (0 ns)
	'load' operation ('idx_i42_load', clefia.c:124->clefia.c:383) on local variable 'idx_i42' [9]  (0 ns)
	'add' operation ('add_ln121', clefia.c:121->clefia.c:383) [21]  (1.92 ns)
	'getelementptr' operation ('a', clefia.c:121->clefia.c:383) [23]  (0 ns)
	'load' operation ('rk_load', clefia.c:124->clefia.c:383) on array 'rk' [24]  (3.25 ns)

 <State 2>: 4.24ns
The critical path consists of the following:
	'load' operation ('rk_load', clefia.c:124->clefia.c:383) on array 'rk' [24]  (3.25 ns)
	'xor' operation ('xor_ln124', clefia.c:124->clefia.c:383) [26]  (0.99 ns)

 <State 3>: 3.25ns
The critical path consists of the following:
	'store' operation ('store_ln124', clefia.c:124->clefia.c:383) of variable 'xor_ln124', clefia.c:124->clefia.c:383 on array 'rk' [27]  (3.25 ns)


============================================================
+ Verbose Summary: Binding
============================================================
N/A
* FSMD analyzer results:
  - Output states:
 - Input state : 
  - Chain level:
	State 1
	State 2
	State 3


============================================================
+ Verbose Summary: Datapath Resource usage 
============================================================
N/A
