

================================================================
== Vitis HLS Report for 'ClefiaKeySet256_Pipeline_ByteXor_label22'
================================================================
* Date:           Tue Dec  6 21:01:02 2022

* Version:        2022.1 (Build 3526262 on Mon Apr 18 15:48:16 MDT 2022)
* Project:        CLEFIA_ip
* Solution:       solution2 (Vivado IP Flow Target)
* Product family: zynq
* Target device:  xc7z020-clg400-1


================================================================
== Performance Estimates
================================================================
+ Timing: 
    * Summary: 
    +--------+----------+----------+------------+
    |  Clock |  Target  | Estimated| Uncertainty|
    +--------+----------+----------+------------+
    |ap_clk  |  10.00 ns|  5.169 ns|     2.70 ns|
    +--------+----------+----------+------------+

+ Latency: 
    * Summary: 
    +---------+---------+----------+----------+-----+-----+---------+
    |  Latency (cycles) |  Latency (absolute) |  Interval | Pipeline|
    |   min   |   max   |    min   |    max   | min | max |   Type  |
    +---------+---------+----------+----------+-----+-----+---------+
    |       19|       19|  0.190 us|  0.190 us|   19|   19|       no|
    +---------+---------+----------+----------+-----+-----+---------+

    + Detail: 
        * Instance: 
        N/A

        * Loop: 
        +------------------+---------+---------+----------+-----------+-----------+------+----------+
        |                  |  Latency (cycles) | Iteration|  Initiation Interval  | Trip |          |
        |     Loop Name    |   min   |   max   |  Latency |  achieved |   target  | Count| Pipelined|
        +------------------+---------+---------+----------+-----------+-----------+------+----------+
        |- ByteXor_label2  |       17|       17|         3|          1|          1|    16|       yes|
        +------------------+---------+---------+----------+-----------+-----------+------+----------+

============================================================
+ Verbose Summary: Synthesis Manager
============================================================
InlineROM: 1
ExposeGlobal: 0
============================================================
+ Verbose Summary: CDFG Model
============================================================
IsTopModel: 0
ResetActiveHigh: 1
IsCombinational: 0
IsDatapathOnly: 0
HasWiredReturn: 1
HasMFsm: 2
HasVarLatency: 1
IsPipeline: 0
IsRtlPipelined: 0
IsInstanceOverlapped: 0
IsDontTouch: 0
HasImplIP: 0
IsGatedGlobalClock: 0

+ Individual pipeline summary: 
  * Pipeline-0: initiation interval (II) = 1, depth = 3


============================================================
+ Verbose Summary: Schedule
============================================================
* Number of FSM states : 3
* Pipeline : 1
  Pipeline-0 : II = 1, D = 3, States = { 1 2 3 }
* Dataflow Pipeline: 0

* FSM state transitions: 
1 --> 2 
2 --> 3 
3 --> 

* FSM state operations: 

State 1 <SV = 0> <Delay = 5.16>
ST_1 : Operation 6 [1/1] (0.00ns)   --->   "%idx_i17 = alloca i32 1"   --->   Operation 6 'alloca' 'idx_i17' <Predicate = true> <Delay = 0.00>
ST_1 : Operation 7 [1/1] (0.00ns)   --->   "%or_ln364_read = read i8 @_ssdm_op_Read.ap_auto.i8, i8 %or_ln364"   --->   Operation 7 'read' 'or_ln364_read' <Predicate = true> <Delay = 0.00>
ST_1 : Operation 8 [1/1] (1.58ns)   --->   "%store_ln0 = store i5 0, i5 %idx_i17"   --->   Operation 8 'store' 'store_ln0' <Predicate = true> <Delay = 1.58>
ST_1 : Operation 9 [1/1] (0.00ns)   --->   "%br_ln0 = br void %while.body.i19"   --->   Operation 9 'br' 'br_ln0' <Predicate = true> <Delay = 0.00>
ST_1 : Operation 10 [1/1] (0.00ns)   --->   "%idx_i17_load = load i5 %idx_i17" [clefia.c:124->clefia.c:377]   --->   Operation 10 'load' 'idx_i17_load' <Predicate = true> <Delay = 0.00>
ST_1 : Operation 11 [1/1] (0.00ns)   --->   "%empty = speclooptripcount i32 @_ssdm_op_SpecLoopTripCount, i64 16, i64 16, i64 16"   --->   Operation 11 'speclooptripcount' 'empty' <Predicate = true> <Delay = 0.00>
ST_1 : Operation 12 [1/1] (1.36ns)   --->   "%icmp_ln123 = icmp_eq  i5 %idx_i17_load, i5 16" [clefia.c:123->clefia.c:377]   --->   Operation 12 'icmp' 'icmp_ln123' <Predicate = true> <Delay = 1.36> <CoreInst = "Cmp">   --->   Core 9 'Cmp' <Latency = 0> <II = 1> <Delay = 1.36> <FuncUnit> <Opcode : 'icmp'> <InPorts = 2> <OutPorts = 1>
ST_1 : Operation 13 [1/1] (1.78ns)   --->   "%add_ln124 = add i5 %idx_i17_load, i5 1" [clefia.c:124->clefia.c:377]   --->   Operation 13 'add' 'add_ln124' <Predicate = true> <Delay = 1.78> <CoreInst = "Adder">   --->   Core 1 'Adder' <Latency = 0> <II = 1> <Delay = 1.78> <FuncUnit> <Opcode : 'add' 'sub'> <InPorts = 2> <OutPorts = 1>
ST_1 : Operation 14 [1/1] (0.00ns)   --->   "%br_ln123 = br i1 %icmp_ln123, void %while.body.split.i26, void %if.end.loopexit.exitStub" [clefia.c:123->clefia.c:377]   --->   Operation 14 'br' 'br_ln123' <Predicate = true> <Delay = 0.00>
ST_1 : Operation 15 [1/1] (0.00ns)   --->   "%zext_ln121_5 = zext i5 %idx_i17_load" [clefia.c:121->clefia.c:377]   --->   Operation 15 'zext' 'zext_ln121_5' <Predicate = (!icmp_ln123)> <Delay = 0.00>
ST_1 : Operation 16 [1/1] (0.00ns)   --->   "%zext_ln121 = zext i5 %idx_i17_load" [clefia.c:121->clefia.c:377]   --->   Operation 16 'zext' 'zext_ln121' <Predicate = (!icmp_ln123)> <Delay = 0.00>
ST_1 : Operation 17 [1/1] (0.00ns)   --->   "%skey_addr = getelementptr i8 %skey, i64 0, i64 %zext_ln121_5" [clefia.c:121->clefia.c:377]   --->   Operation 17 'getelementptr' 'skey_addr' <Predicate = (!icmp_ln123)> <Delay = 0.00>
ST_1 : Operation 18 [1/1] (1.91ns)   --->   "%add_ln121 = add i8 %or_ln364_read, i8 %zext_ln121" [clefia.c:121->clefia.c:377]   --->   Operation 18 'add' 'add_ln121' <Predicate = (!icmp_ln123)> <Delay = 1.91> <CoreInst = "Adder">   --->   Core 1 'Adder' <Latency = 0> <II = 1> <Delay = 1.91> <FuncUnit> <Opcode : 'add' 'sub'> <InPorts = 2> <OutPorts = 1>
ST_1 : Operation 19 [1/1] (0.00ns)   --->   "%zext_ln121_9 = zext i8 %add_ln121" [clefia.c:121->clefia.c:377]   --->   Operation 19 'zext' 'zext_ln121_9' <Predicate = (!icmp_ln123)> <Delay = 0.00>
ST_1 : Operation 20 [1/1] (0.00ns)   --->   "%rk_addr = getelementptr i8 %rk, i64 0, i64 %zext_ln121_9" [clefia.c:121->clefia.c:377]   --->   Operation 20 'getelementptr' 'rk_addr' <Predicate = (!icmp_ln123)> <Delay = 0.00>
ST_1 : Operation 21 [2/2] (3.25ns)   --->   "%rk_load = load i8 %rk_addr" [clefia.c:124->clefia.c:377]   --->   Operation 21 'load' 'rk_load' <Predicate = (!icmp_ln123)> <Delay = 3.25> <CoreInst = "RAM">   --->   Core 82 'RAM' <Latency = 1> <II = 1> <Delay = 3.25> <Storage> <Opcode : 'load' 'store'> <Ports = 2> <Width = 8> <Depth = 224> <RAM>
ST_1 : Operation 22 [2/2] (2.32ns)   --->   "%skey_load = load i5 %skey_addr" [clefia.c:124->clefia.c:377]   --->   Operation 22 'load' 'skey_load' <Predicate = (!icmp_ln123)> <Delay = 2.32> <CoreInst = "ROM">   --->   Core 95 'ROM' <Latency = 1> <II = 1> <Delay = 2.32> <Storage> <Opcode : 'load'> <Ports = 0> <Width = 8> <Depth = 32> <ROM>
ST_1 : Operation 23 [1/1] (1.58ns)   --->   "%store_ln123 = store i5 %add_ln124, i5 %idx_i17" [clefia.c:123->clefia.c:377]   --->   Operation 23 'store' 'store_ln123' <Predicate = (!icmp_ln123)> <Delay = 1.58>

State 2 <SV = 1> <Delay = 4.24>
ST_2 : Operation 24 [1/2] (3.25ns)   --->   "%rk_load = load i8 %rk_addr" [clefia.c:124->clefia.c:377]   --->   Operation 24 'load' 'rk_load' <Predicate = true> <Delay = 3.25> <CoreInst = "RAM">   --->   Core 82 'RAM' <Latency = 1> <II = 1> <Delay = 3.25> <Storage> <Opcode : 'load' 'store'> <Ports = 2> <Width = 8> <Depth = 224> <RAM>
ST_2 : Operation 25 [1/2] (2.32ns)   --->   "%skey_load = load i5 %skey_addr" [clefia.c:124->clefia.c:377]   --->   Operation 25 'load' 'skey_load' <Predicate = true> <Delay = 2.32> <CoreInst = "ROM">   --->   Core 95 'ROM' <Latency = 1> <II = 1> <Delay = 2.32> <Storage> <Opcode : 'load'> <Ports = 0> <Width = 8> <Depth = 32> <ROM>
ST_2 : Operation 26 [1/1] (0.99ns)   --->   "%xor_ln124 = xor i8 %skey_load, i8 %rk_load" [clefia.c:124->clefia.c:377]   --->   Operation 26 'xor' 'xor_ln124' <Predicate = true> <Delay = 0.99> <CoreInst = "LogicGate">   --->   Core 74 'LogicGate' <Latency = 0> <II = 1> <Delay = 0.99> <FuncUnit> <Opcode : 'and' 'or' 'xor'> <InPorts = 2> <OutPorts = 1>
ST_2 : Operation 31 [1/1] (0.00ns)   --->   "%ret_ln0 = ret"   --->   Operation 31 'ret' 'ret_ln0' <Predicate = (icmp_ln123)> <Delay = 0.00>

State 3 <SV = 2> <Delay = 3.25>
ST_3 : Operation 27 [1/1] (0.00ns)   --->   "%specpipeline_ln23 = specpipeline void @_ssdm_op_SpecPipeline, i32 4294967295, i32 0, i32 0, i32 0, void @empty_0" [D:/tmp/CLEFIA_ip/solution2/directives.tcl:23->clefia.c:377]   --->   Operation 27 'specpipeline' 'specpipeline_ln23' <Predicate = true> <Delay = 0.00>
ST_3 : Operation 28 [1/1] (0.00ns)   --->   "%specloopname_ln121 = specloopname void @_ssdm_op_SpecLoopName, void @empty_8" [clefia.c:121->clefia.c:377]   --->   Operation 28 'specloopname' 'specloopname_ln121' <Predicate = true> <Delay = 0.00>
ST_3 : Operation 29 [1/1] (3.25ns)   --->   "%store_ln124 = store i8 %xor_ln124, i8 %rk_addr" [clefia.c:124->clefia.c:377]   --->   Operation 29 'store' 'store_ln124' <Predicate = true> <Delay = 3.25> <CoreInst = "RAM">   --->   Core 82 'RAM' <Latency = 1> <II = 1> <Delay = 3.25> <Storage> <Opcode : 'load' 'store'> <Ports = 2> <Width = 8> <Depth = 224> <RAM>
ST_3 : Operation 30 [1/1] (0.00ns)   --->   "%br_ln123 = br void %while.body.i19" [clefia.c:123->clefia.c:377]   --->   Operation 30 'br' 'br_ln123' <Predicate = true> <Delay = 0.00>


============================================================
+ Verbose Summary: Binding
============================================================
STG Binding: 
---------------- STG Properties BEGIN ----------------
- Is combinational: 0
- Is one-state seq: 0
- Is datapath-only: 0
- Is pipelined: 0
- Is top level: 0
Port [ Return ] is wired: 1; IO mode=ap_ctrl_hs:ce=0
Port [ or_ln364]:  wired=1; compound=0; hidden=0; nouse=0; global=0; static=0; extern=0; dir=0; type=0; pingpong=0; private_global=0; IO mode=ap_none:ce=0
Port [ rk]:  wired=1; compound=1; hidden=0; nouse=0; global=0; static=0; extern=0; dir=2; type=1; pingpong=0; private_global=0; MemPort=[01]; IO mode=ap_memory:ce=0
Port [ skey]:  wired=0; compound=1; hidden=1; nouse=0; global=1; static=1; extern=0; dir=0; type=1; pingpong=0; private_global=0; MemPort=[1]; IO mode=ap_memory:ce=0
---------------- STG Properties END ------------------

---------------- Datapath Model BEGIN ----------------

<LifeTime>
<method=bitvector/>
idx_i17            (alloca           ) [ 0100]
or_ln364_read      (read             ) [ 0000]
store_ln0          (store            ) [ 0000]
br_ln0             (br               ) [ 0000]
idx_i17_load       (load             ) [ 0000]
empty              (speclooptripcount) [ 0000]
icmp_ln123         (icmp             ) [ 0110]
add_ln124          (add              ) [ 0000]
br_ln123           (br               ) [ 0000]
zext_ln121_5       (zext             ) [ 0000]
zext_ln121         (zext             ) [ 0000]
skey_addr          (getelementptr    ) [ 0110]
add_ln121          (add              ) [ 0000]
zext_ln121_9       (zext             ) [ 0000]
rk_addr            (getelementptr    ) [ 0111]
store_ln123        (store            ) [ 0000]
rk_load            (load             ) [ 0000]
skey_load          (load             ) [ 0000]
xor_ln124          (xor              ) [ 0101]
specpipeline_ln23  (specpipeline     ) [ 0000]
specloopname_ln121 (specloopname     ) [ 0000]
store_ln124        (store            ) [ 0000]
br_ln123           (br               ) [ 0000]
ret_ln0            (ret              ) [ 0000]
</LifeTime>

<model>

<comp_list>
<comp id="0" class="1000" name="or_ln364">
<pin_list>
<pin id="1" dir="1" index="0" bw="1" slack="0"/>
</pin_list>
<bind>
<StgValue><ssdm name="or_ln364"/></StgValue>
</bind>
</comp>

<comp id="2" class="1000" name="rk">
<pin_list>
<pin id="3" dir="1" index="0" bw="1" slack="0"/>
</pin_list>
<bind>
<StgValue><ssdm name="rk"/><MemPortTyVec>0 1 </MemPortTyVec>
</StgValue>
</bind>
</comp>

<comp id="4" class="1000" name="skey">
<pin_list>
<pin id="5" dir="1" index="0" bw="1" slack="0"/>
</pin_list>
<bind>
<StgValue><ssdm name="skey"/><MemPortTyVec>1 </MemPortTyVec>
</StgValue>
</bind>
</comp>

<comp id="6" class="1001" name="const_6">
<pin_list>
<pin id="7" dir="1" index="0" bw="1" slack="0"/>
</pin_list>
<bind>
<StgValue><ssdm name=""/></StgValue>
</bind>
</comp>

<comp id="8" class="1001" name="const_8">
<pin_list>
<pin id="9" dir="1" index="0" bw="1" slack="0"/>
</pin_list>
<bind>
<StgValue><ssdm name="_ssdm_op_Read.ap_auto.i8"/></StgValue>
</bind>
</comp>

<comp id="10" class="1001" name="const_10">
<pin_list>
<pin id="11" dir="1" index="0" bw="1" slack="0"/>
</pin_list>
<bind>
<StgValue><ssdm name=""/></StgValue>
</bind>
</comp>

<comp id="12" class="1001" name="const_12">
<pin_list>
<pin id="13" dir="1" index="0" bw="1" slack="2147483647"/>
</pin_list>
<bind>
<StgValue><ssdm name="_ssdm_op_SpecLoopTripCount"/></StgValue>
</bind>
</comp>

<comp id="14" class="1001" name="const_14">
<pin_list>
<pin id="15" dir="1" index="0" bw="1" slack="2147483647"/>
</pin_list>
<bind>
<StgValue><ssdm name=""/></StgValue>
</bind>
</comp>

<comp id="16" class="1001" name="const_16">
<pin_list>
<pin id="17" dir="1" index="0" bw="1" slack="0"/>
</pin_list>
<bind>
<StgValue><ssdm name=""/></StgValue>
</bind>
</comp>

<comp id="18" class="1001" name="const_18">
<pin_list>
<pin id="19" dir="1" index="0" bw="1" slack="0"/>
</pin_list>
<bind>
<StgValue><ssdm name=""/></StgValue>
</bind>
</comp>

<comp id="20" class="1001" name="const_20">
<pin_list>
<pin id="21" dir="1" index="0" bw="1" slack="0"/>
</pin_list>
<bind>
<StgValue><ssdm name=""/></StgValue>
</bind>
</comp>

<comp id="22" class="1001" name="const_22">
<pin_list>
<pin id="23" dir="1" index="0" bw="1" slack="2147483647"/>
</pin_list>
<bind>
<StgValue><ssdm name="_ssdm_op_SpecPipeline"/></StgValue>
</bind>
</comp>

<comp id="24" class="1001" name="const_24">
<pin_list>
<pin id="25" dir="1" index="0" bw="1" slack="2147483647"/>
</pin_list>
<bind>
<StgValue><ssdm name=""/></StgValue>
</bind>
</comp>

<comp id="26" class="1001" name="const_26">
<pin_list>
<pin id="27" dir="1" index="0" bw="1" slack="2147483647"/>
</pin_list>
<bind>
<StgValue><ssdm name=""/></StgValue>
</bind>
</comp>

<comp id="28" class="1001" name="const_28">
<pin_list>
<pin id="29" dir="1" index="0" bw="1" slack="2147483647"/>
</pin_list>
<bind>
<StgValue><ssdm name="empty_0"/></StgValue>
</bind>
</comp>

<comp id="30" class="1001" name="const_30">
<pin_list>
<pin id="31" dir="1" index="0" bw="1" slack="2147483647"/>
</pin_list>
<bind>
<StgValue><ssdm name="_ssdm_op_SpecLoopName"/></StgValue>
</bind>
</comp>

<comp id="32" class="1001" name="const_32">
<pin_list>
<pin id="33" dir="1" index="0" bw="1" slack="2147483647"/>
</pin_list>
<bind>
<StgValue><ssdm name="empty_8"/></StgValue>
</bind>
</comp>

<comp id="34" class="1004" name="idx_i17_fu_34">
<pin_list>
<pin id="35" dir="0" index="0" bw="1" slack="0"/>
<pin id="36" dir="1" index="1" bw="5" slack="0"/>
</pin_list>
<bind>
<opcode="alloca(26) " fcode="alloca"/>
<opset="idx_i17/1 "/>
</bind>
</comp>

<comp id="38" class="1004" name="or_ln364_read_read_fu_38">
<pin_list>
<pin id="39" dir="0" index="0" bw="8" slack="0"/>
<pin id="40" dir="0" index="1" bw="8" slack="0"/>
<pin id="41" dir="1" index="2" bw="8" slack="0"/>
</pin_list>
<bind>
<opcode="read(1150) " fcode="read"/>
<opset="or_ln364_read/1 "/>
</bind>
</comp>

<comp id="44" class="1004" name="skey_addr_gep_fu_44">
<pin_list>
<pin id="45" dir="0" index="0" bw="8" slack="0"/>
<pin id="46" dir="0" index="1" bw="1" slack="0"/>
<pin id="47" dir="0" index="2" bw="5" slack="0"/>
<pin id="48" dir="1" index="3" bw="5" slack="0"/>
</pin_list>
<bind>
<opcode="getelementptr(29) " fcode="getelementptr"/>
<opset="skey_addr/1 "/>
</bind>
</comp>

<comp id="51" class="1004" name="rk_addr_gep_fu_51">
<pin_list>
<pin id="52" dir="0" index="0" bw="8" slack="0"/>
<pin id="53" dir="0" index="1" bw="1" slack="0"/>
<pin id="54" dir="0" index="2" bw="8" slack="0"/>
<pin id="55" dir="1" index="3" bw="8" slack="0"/>
</pin_list>
<bind>
<opcode="getelementptr(29) " fcode="getelementptr"/>
<opset="rk_addr/1 "/>
</bind>
</comp>

<comp id="58" class="1004" name="grp_access_fu_58">
<pin_list>
<pin id="59" dir="0" index="0" bw="8" slack="2"/>
<pin id="60" dir="0" index="1" bw="8" slack="1"/>
<pin id="61" dir="0" index="2" bw="0" slack="0"/>
<pin id="63" dir="0" index="4" bw="8" slack="2147483647"/>
<pin id="64" dir="0" index="5" bw="8" slack="2147483647"/>
<pin id="65" dir="0" index="6" bw="0" slack="2147483647"/>
<pin id="62" dir="1" index="3" bw="8" slack="2147483647"/>
<pin id="66" dir="1" index="7" bw="8" slack="0"/>
</pin_list>
<bind>
<opcode="load(27) store(28) " fcode="store"/>
<opset="rk_load/1 store_ln124/3 "/>
</bind>
</comp>

<comp id="68" class="1004" name="grp_access_fu_68">
<pin_list>
<pin id="69" dir="0" index="0" bw="5" slack="0"/>
<pin id="70" dir="0" index="1" bw="8" slack="2147483647"/>
<pin id="71" dir="0" index="2" bw="0" slack="2147483647"/>
<pin id="72" dir="1" index="3" bw="8" slack="0"/>
</pin_list>
<bind>
<opcode="load(27) " fcode="load"/>
<opset="skey_load/1 "/>
</bind>
</comp>

<comp id="74" class="1004" name="store_ln0_store_fu_74">
<pin_list>
<pin id="75" dir="0" index="0" bw="1" slack="0"/>
<pin id="76" dir="0" index="1" bw="5" slack="0"/>
<pin id="77" dir="1" index="2" bw="0" slack="2147483647"/>
</pin_list>
<bind>
<opcode="store(28) " fcode="store"/>
<opset="store_ln0/1 "/>
</bind>
</comp>

<comp id="79" class="1004" name="idx_i17_load_load_fu_79">
<pin_list>
<pin id="80" dir="0" index="0" bw="5" slack="0"/>
<pin id="81" dir="1" index="1" bw="5" slack="0"/>
</pin_list>
<bind>
<opcode="load(27) " fcode="load"/>
<opset="idx_i17_load/1 "/>
</bind>
</comp>

<comp id="82" class="1004" name="icmp_ln123_fu_82">
<pin_list>
<pin id="83" dir="0" index="0" bw="5" slack="0"/>
<pin id="84" dir="0" index="1" bw="5" slack="0"/>
<pin id="85" dir="1" index="2" bw="1" slack="1"/>
</pin_list>
<bind>
<opcode="icmp(45) " fcode="icmp"/>
<opset="icmp_ln123/1 "/>
</bind>
</comp>

<comp id="88" class="1004" name="add_ln124_fu_88">
<pin_list>
<pin id="89" dir="0" index="0" bw="5" slack="0"/>
<pin id="90" dir="0" index="1" bw="1" slack="0"/>
<pin id="91" dir="1" index="2" bw="5" slack="0"/>
</pin_list>
<bind>
<opcode="add(8) " fcode="add"/>
<opset="add_ln124/1 "/>
</bind>
</comp>

<comp id="94" class="1004" name="zext_ln121_5_fu_94">
<pin_list>
<pin id="95" dir="0" index="0" bw="5" slack="0"/>
<pin id="96" dir="1" index="1" bw="64" slack="0"/>
</pin_list>
<bind>
<opcode="zext(34) " fcode="zext"/>
<opset="zext_ln121_5/1 "/>
</bind>
</comp>

<comp id="99" class="1004" name="zext_ln121_fu_99">
<pin_list>
<pin id="100" dir="0" index="0" bw="5" slack="0"/>
<pin id="101" dir="1" index="1" bw="8" slack="0"/>
</pin_list>
<bind>
<opcode="zext(34) " fcode="zext"/>
<opset="zext_ln121/1 "/>
</bind>
</comp>

<comp id="103" class="1004" name="add_ln121_fu_103">
<pin_list>
<pin id="104" dir="0" index="0" bw="8" slack="0"/>
<pin id="105" dir="0" index="1" bw="5" slack="0"/>
<pin id="106" dir="1" index="2" bw="8" slack="0"/>
</pin_list>
<bind>
<opcode="add(8) " fcode="add"/>
<opset="add_ln121/1 "/>
</bind>
</comp>

<comp id="109" class="1004" name="zext_ln121_9_fu_109">
<pin_list>
<pin id="110" dir="0" index="0" bw="8" slack="0"/>
<pin id="111" dir="1" index="1" bw="64" slack="0"/>
</pin_list>
<bind>
<opcode="zext(34) " fcode="zext"/>
<opset="zext_ln121_9/1 "/>
</bind>
</comp>

<comp id="114" class="1004" name="store_ln123_store_fu_114">
<pin_list>
<pin id="115" dir="0" index="0" bw="5" slack="0"/>
<pin id="116" dir="0" index="1" bw="5" slack="0"/>
<pin id="117" dir="1" index="2" bw="0" slack="2147483647"/>
</pin_list>
<bind>
<opcode="store(28) " fcode="store"/>
<opset="store_ln123/1 "/>
</bind>
</comp>

<comp id="119" class="1004" name="xor_ln124_fu_119">
<pin_list>
<pin id="120" dir="0" index="0" bw="8" slack="0"/>
<pin id="121" dir="0" index="1" bw="8" slack="0"/>
<pin id="122" dir="1" index="2" bw="8" slack="1"/>
</pin_list>
<bind>
<opcode="xor(25) " fcode="xor"/>
<opset="xor_ln124/2 "/>
</bind>
</comp>

<comp id="125" class="1005" name="idx_i17_reg_125">
<pin_list>
<pin id="126" dir="0" index="0" bw="5" slack="0"/>
<pin id="127" dir="1" index="1" bw="5" slack="0"/>
</pin_list>
<bind>
<opset="idx_i17 "/>
</bind>
</comp>

<comp id="132" class="1005" name="icmp_ln123_reg_132">
<pin_list>
<pin id="133" dir="0" index="0" bw="1" slack="1"/>
<pin id="134" dir="1" index="1" bw="1" slack="2147483647"/>
</pin_list>
<bind>
<opset="icmp_ln123 "/>
</bind>
</comp>

<comp id="136" class="1005" name="skey_addr_reg_136">
<pin_list>
<pin id="137" dir="0" index="0" bw="5" slack="1"/>
<pin id="138" dir="1" index="1" bw="5" slack="1"/>
</pin_list>
<bind>
<opset="skey_addr "/>
</bind>
</comp>

<comp id="141" class="1005" name="rk_addr_reg_141">
<pin_list>
<pin id="142" dir="0" index="0" bw="8" slack="1"/>
<pin id="143" dir="1" index="1" bw="8" slack="1"/>
</pin_list>
<bind>
<opset="rk_addr "/>
</bind>
</comp>

<comp id="147" class="1005" name="xor_ln124_reg_147">
<pin_list>
<pin id="148" dir="0" index="0" bw="8" slack="1"/>
<pin id="149" dir="1" index="1" bw="8" slack="1"/>
</pin_list>
<bind>
<opset="xor_ln124 "/>
</bind>
</comp>

</comp_list>

<net_list>
<net id="37"><net_src comp="6" pin="0"/><net_sink comp="34" pin=0"/></net>

<net id="42"><net_src comp="8" pin="0"/><net_sink comp="38" pin=0"/></net>

<net id="43"><net_src comp="0" pin="0"/><net_sink comp="38" pin=1"/></net>

<net id="49"><net_src comp="4" pin="0"/><net_sink comp="44" pin=0"/></net>

<net id="50"><net_src comp="20" pin="0"/><net_sink comp="44" pin=1"/></net>

<net id="56"><net_src comp="2" pin="0"/><net_sink comp="51" pin=0"/></net>

<net id="57"><net_src comp="20" pin="0"/><net_sink comp="51" pin=1"/></net>

<net id="67"><net_src comp="51" pin="3"/><net_sink comp="58" pin=2"/></net>

<net id="73"><net_src comp="44" pin="3"/><net_sink comp="68" pin=0"/></net>

<net id="78"><net_src comp="10" pin="0"/><net_sink comp="74" pin=0"/></net>

<net id="86"><net_src comp="79" pin="1"/><net_sink comp="82" pin=0"/></net>

<net id="87"><net_src comp="16" pin="0"/><net_sink comp="82" pin=1"/></net>

<net id="92"><net_src comp="79" pin="1"/><net_sink comp="88" pin=0"/></net>

<net id="93"><net_src comp="18" pin="0"/><net_sink comp="88" pin=1"/></net>

<net id="97"><net_src comp="79" pin="1"/><net_sink comp="94" pin=0"/></net>

<net id="98"><net_src comp="94" pin="1"/><net_sink comp="44" pin=2"/></net>

<net id="102"><net_src comp="79" pin="1"/><net_sink comp="99" pin=0"/></net>

<net id="107"><net_src comp="38" pin="2"/><net_sink comp="103" pin=0"/></net>

<net id="108"><net_src comp="99" pin="1"/><net_sink comp="103" pin=1"/></net>

<net id="112"><net_src comp="103" pin="2"/><net_sink comp="109" pin=0"/></net>

<net id="113"><net_src comp="109" pin="1"/><net_sink comp="51" pin=2"/></net>

<net id="118"><net_src comp="88" pin="2"/><net_sink comp="114" pin=0"/></net>

<net id="123"><net_src comp="68" pin="3"/><net_sink comp="119" pin=0"/></net>

<net id="124"><net_src comp="58" pin="7"/><net_sink comp="119" pin=1"/></net>

<net id="128"><net_src comp="34" pin="1"/><net_sink comp="125" pin=0"/></net>

<net id="129"><net_src comp="125" pin="1"/><net_sink comp="74" pin=1"/></net>

<net id="130"><net_src comp="125" pin="1"/><net_sink comp="79" pin=0"/></net>

<net id="131"><net_src comp="125" pin="1"/><net_sink comp="114" pin=1"/></net>

<net id="135"><net_src comp="82" pin="2"/><net_sink comp="132" pin=0"/></net>

<net id="139"><net_src comp="44" pin="3"/><net_sink comp="136" pin=0"/></net>

<net id="140"><net_src comp="136" pin="1"/><net_sink comp="68" pin=0"/></net>

<net id="144"><net_src comp="51" pin="3"/><net_sink comp="141" pin=0"/></net>

<net id="145"><net_src comp="141" pin="1"/><net_sink comp="58" pin=2"/></net>

<net id="146"><net_src comp="141" pin="1"/><net_sink comp="58" pin=0"/></net>

<net id="150"><net_src comp="119" pin="2"/><net_sink comp="147" pin=0"/></net>

<net id="151"><net_src comp="147" pin="1"/><net_sink comp="58" pin=1"/></net>

</net_list>

</model> 
---------------- Datapath Model END ------------------

* FSMD analyzer results:
  - Output states:
	Port: rk | {3 }
 - Input state : 
	Port: ClefiaKeySet256_Pipeline_ByteXor_label22 : or_ln364 | {1 }
	Port: ClefiaKeySet256_Pipeline_ByteXor_label22 : rk | {1 2 }
	Port: ClefiaKeySet256_Pipeline_ByteXor_label22 : skey | {1 2 }
  - Chain level:
	State 1
		store_ln0 : 1
		idx_i17_load : 1
		icmp_ln123 : 2
		add_ln124 : 2
		br_ln123 : 3
		zext_ln121_5 : 2
		zext_ln121 : 2
		skey_addr : 3
		add_ln121 : 3
		zext_ln121_9 : 4
		rk_addr : 5
		rk_load : 6
		skey_load : 4
		store_ln123 : 3
	State 2
		xor_ln124 : 1
	State 3


============================================================
+ Verbose Summary: Datapath Resource usage 
============================================================

* Functional unit list:
|----------|--------------------------|---------|---------|
| Operation|      Functional Unit     |    FF   |   LUT   |
|----------|--------------------------|---------|---------|
|    add   |      add_ln124_fu_88     |    0    |    13   |
|          |     add_ln121_fu_103     |    0    |    15   |
|----------|--------------------------|---------|---------|
|   icmp   |     icmp_ln123_fu_82     |    0    |    9    |
|----------|--------------------------|---------|---------|
|    xor   |     xor_ln124_fu_119     |    0    |    8    |
|----------|--------------------------|---------|---------|
|   read   | or_ln364_read_read_fu_38 |    0    |    0    |
|----------|--------------------------|---------|---------|
|          |    zext_ln121_5_fu_94    |    0    |    0    |
|   zext   |     zext_ln121_fu_99     |    0    |    0    |
|          |    zext_ln121_9_fu_109   |    0    |    0    |
|----------|--------------------------|---------|---------|
|   Total  |                          |    0    |    45   |
|----------|--------------------------|---------|---------|

Memories:
N/A

* Register list:
+------------------+--------+
|                  |   FF   |
+------------------+--------+
|icmp_ln123_reg_132|    1   |
|  idx_i17_reg_125 |    5   |
|  rk_addr_reg_141 |    8   |
| skey_addr_reg_136|    5   |
| xor_ln124_reg_147|    8   |
+------------------+--------+
|       Total      |   27   |
+------------------+--------+

* Multiplexer (MUX) list: 
|------------------|------|------|------|--------||---------||---------|
|       Comp       |  Pin | Size |  BW  | S x BW ||  Delay  ||   LUT   |
|------------------|------|------|------|--------||---------||---------|
| grp_access_fu_58 |  p2  |   2  |   0  |    0   ||    9    |
| grp_access_fu_68 |  p0  |   2  |   5  |   10   ||    9    |
|------------------|------|------|------|--------||---------||---------|
|       Total      |      |      |      |   10   ||  3.176  ||    18   |
|------------------|------|------|------|--------||---------||---------|



* Summary:
+-----------+--------+--------+--------+
|           |  Delay |   FF   |   LUT  |
+-----------+--------+--------+--------+
|  Function |    -   |    0   |   45   |
|   Memory  |    -   |    -   |    -   |
|Multiplexer|    3   |    -   |   18   |
|  Register |    -   |   27   |    -   |
+-----------+--------+--------+--------+
|   Total   |    3   |   27   |   63   |
+-----------+--------+--------+--------+
