

================================================================
== Vitis HLS Report for 'ClefiaKeySet128_Pipeline_ClefiaGfn4_label3'
================================================================
* Date:           Tue Dec  6 21:01:13 2022

* Version:        2022.1 (Build 3526262 on Mon Apr 18 15:48:16 MDT 2022)
* Project:        CLEFIA_ip
* Solution:       solution2 (Vivado IP Flow Target)
* Product family: zynq
* Target device:  xc7z020-clg400-1


================================================================
== Performance Estimates
================================================================
+ Timing: 
    * Summary: 
    +--------+----------+----------+------------+
    |  Clock |  Target  | Estimated| Uncertainty|
    +--------+----------+----------+------------+
    |ap_clk  |  10.00 ns|  6.998 ns|     2.70 ns|
    +--------+----------+----------+------------+

+ Latency: 
    * Summary: 
    +---------+---------+----------+----------+-----+-----+---------+
    |  Latency (cycles) |  Latency (absolute) |  Interval | Pipeline|
    |   min   |   max   |    min   |    max   | min | max |   Type  |
    +---------+---------+----------+----------+-----+-----+---------+
    |       80|       80|  0.800 us|  0.800 us|   80|   80|       no|
    +---------+---------+----------+----------+-----+-----+---------+

    + Detail: 
        * Instance: 
        N/A

        * Loop: 
        +---------------------+---------+---------+----------+-----------+-----------+------+----------+
        |                     |  Latency (cycles) | Iteration|  Initiation Interval  | Trip |          |
        |      Loop Name      |   min   |   max   |  Latency |  achieved |   target  | Count| Pipelined|
        +---------------------+---------+---------+----------+-----------+-----------+------+----------+
        |- ClefiaGfn4_label3  |       78|       78|         7|          6|          1|    12|       yes|
        +---------------------+---------+---------+----------+-----------+-----------+------+----------+

============================================================
+ Verbose Summary: Synthesis Manager
============================================================
InlineROM: 1
ExposeGlobal: 0
============================================================
+ Verbose Summary: CDFG Model
============================================================
IsTopModel: 0
ResetActiveHigh: 1
IsCombinational: 0
IsDatapathOnly: 0
HasWiredReturn: 1
HasMFsm: 2
HasVarLatency: 1
IsPipeline: 0
IsRtlPipelined: 0
IsInstanceOverlapped: 0
IsDontTouch: 0
HasImplIP: 0
IsGatedGlobalClock: 0

+ Individual pipeline summary: 
  * Pipeline-0: initiation interval (II) = 6, depth = 7


============================================================
+ Verbose Summary: Schedule
============================================================
* Number of FSM states : 7
* Pipeline : 1
  Pipeline-0 : II = 6, D = 7, States = { 1 2 3 4 5 6 7 }
* Dataflow Pipeline: 0

* FSM state transitions: 
1 --> 2 
2 --> 3 
3 --> 4 
4 --> 5 
5 --> 6 
6 --> 7 
7 --> 

* FSM state operations: 

State 1 <SV = 0> <Delay = 1.58>
ST_1 : Operation 10 [1/1] (0.00ns)   --->   "%idx = alloca i32 1"   --->   Operation 10 'alloca' 'idx' <Predicate = true> <Delay = 0.00>
ST_1 : Operation 11 [1/1] (0.00ns)   --->   "%r_assign = alloca i32 1"   --->   Operation 11 'alloca' 'r_assign' <Predicate = true> <Delay = 0.00>
ST_1 : Operation 12 [1/1] (0.00ns)   --->   "%fin_0_1_0 = alloca i32 1"   --->   Operation 12 'alloca' 'fin_0_1_0' <Predicate = true> <Delay = 0.00>
ST_1 : Operation 13 [1/1] (0.00ns)   --->   "%fin_1_1_0 = alloca i32 1"   --->   Operation 13 'alloca' 'fin_1_1_0' <Predicate = true> <Delay = 0.00>
ST_1 : Operation 14 [1/1] (0.00ns)   --->   "%fin_2_1_0 = alloca i32 1"   --->   Operation 14 'alloca' 'fin_2_1_0' <Predicate = true> <Delay = 0.00>
ST_1 : Operation 15 [1/1] (0.00ns)   --->   "%fin_3_1_0 = alloca i32 1"   --->   Operation 15 'alloca' 'fin_3_1_0' <Predicate = true> <Delay = 0.00>
ST_1 : Operation 16 [1/1] (0.00ns)   --->   "%fin_4_1_0 = alloca i32 1"   --->   Operation 16 'alloca' 'fin_4_1_0' <Predicate = true> <Delay = 0.00>
ST_1 : Operation 17 [1/1] (0.00ns)   --->   "%fin_5_1_0 = alloca i32 1"   --->   Operation 17 'alloca' 'fin_5_1_0' <Predicate = true> <Delay = 0.00>
ST_1 : Operation 18 [1/1] (0.00ns)   --->   "%fin_6_1_0 = alloca i32 1"   --->   Operation 18 'alloca' 'fin_6_1_0' <Predicate = true> <Delay = 0.00>
ST_1 : Operation 19 [1/1] (0.00ns)   --->   "%fin_7_1_0 = alloca i32 1"   --->   Operation 19 'alloca' 'fin_7_1_0' <Predicate = true> <Delay = 0.00>
ST_1 : Operation 20 [1/1] (0.00ns)   --->   "%fin_8_1_0 = alloca i32 1"   --->   Operation 20 'alloca' 'fin_8_1_0' <Predicate = true> <Delay = 0.00>
ST_1 : Operation 21 [1/1] (0.00ns)   --->   "%fin_9_1_0 = alloca i32 1"   --->   Operation 21 'alloca' 'fin_9_1_0' <Predicate = true> <Delay = 0.00>
ST_1 : Operation 22 [1/1] (0.00ns)   --->   "%fin_10_1_0 = alloca i32 1"   --->   Operation 22 'alloca' 'fin_10_1_0' <Predicate = true> <Delay = 0.00>
ST_1 : Operation 23 [1/1] (0.00ns)   --->   "%fin_11_1_0 = alloca i32 1"   --->   Operation 23 'alloca' 'fin_11_1_0' <Predicate = true> <Delay = 0.00>
ST_1 : Operation 24 [1/1] (0.00ns)   --->   "%fin_12_1_0 = alloca i32 1"   --->   Operation 24 'alloca' 'fin_12_1_0' <Predicate = true> <Delay = 0.00>
ST_1 : Operation 25 [1/1] (0.00ns)   --->   "%fin_13_1_0 = alloca i32 1"   --->   Operation 25 'alloca' 'fin_13_1_0' <Predicate = true> <Delay = 0.00>
ST_1 : Operation 26 [1/1] (0.00ns)   --->   "%fin_14_1_0 = alloca i32 1"   --->   Operation 26 'alloca' 'fin_14_1_0' <Predicate = true> <Delay = 0.00>
ST_1 : Operation 27 [1/1] (0.00ns)   --->   "%fin_15_1_0 = alloca i32 1"   --->   Operation 27 'alloca' 'fin_15_1_0' <Predicate = true> <Delay = 0.00>
ST_1 : Operation 28 [1/1] (1.58ns)   --->   "%store_ln0 = store i8 0, i8 %fin_15_1_0"   --->   Operation 28 'store' 'store_ln0' <Predicate = true> <Delay = 1.58>
ST_1 : Operation 29 [1/1] (1.58ns)   --->   "%store_ln0 = store i8 17, i8 %fin_14_1_0"   --->   Operation 29 'store' 'store_ln0' <Predicate = true> <Delay = 1.58>
ST_1 : Operation 30 [1/1] (1.58ns)   --->   "%store_ln0 = store i8 34, i8 %fin_13_1_0"   --->   Operation 30 'store' 'store_ln0' <Predicate = true> <Delay = 1.58>
ST_1 : Operation 31 [1/1] (1.58ns)   --->   "%store_ln0 = store i8 51, i8 %fin_12_1_0"   --->   Operation 31 'store' 'store_ln0' <Predicate = true> <Delay = 1.58>
ST_1 : Operation 32 [1/1] (1.58ns)   --->   "%store_ln0 = store i8 68, i8 %fin_11_1_0"   --->   Operation 32 'store' 'store_ln0' <Predicate = true> <Delay = 1.58>
ST_1 : Operation 33 [1/1] (1.58ns)   --->   "%store_ln0 = store i8 85, i8 %fin_10_1_0"   --->   Operation 33 'store' 'store_ln0' <Predicate = true> <Delay = 1.58>
ST_1 : Operation 34 [1/1] (1.58ns)   --->   "%store_ln0 = store i8 102, i8 %fin_9_1_0"   --->   Operation 34 'store' 'store_ln0' <Predicate = true> <Delay = 1.58>
ST_1 : Operation 35 [1/1] (1.58ns)   --->   "%store_ln0 = store i8 119, i8 %fin_8_1_0"   --->   Operation 35 'store' 'store_ln0' <Predicate = true> <Delay = 1.58>
ST_1 : Operation 36 [1/1] (1.58ns)   --->   "%store_ln0 = store i8 136, i8 %fin_7_1_0"   --->   Operation 36 'store' 'store_ln0' <Predicate = true> <Delay = 1.58>
ST_1 : Operation 37 [1/1] (1.58ns)   --->   "%store_ln0 = store i8 153, i8 %fin_6_1_0"   --->   Operation 37 'store' 'store_ln0' <Predicate = true> <Delay = 1.58>
ST_1 : Operation 38 [1/1] (1.58ns)   --->   "%store_ln0 = store i8 170, i8 %fin_5_1_0"   --->   Operation 38 'store' 'store_ln0' <Predicate = true> <Delay = 1.58>
ST_1 : Operation 39 [1/1] (1.58ns)   --->   "%store_ln0 = store i8 187, i8 %fin_4_1_0"   --->   Operation 39 'store' 'store_ln0' <Predicate = true> <Delay = 1.58>
ST_1 : Operation 40 [1/1] (1.58ns)   --->   "%store_ln0 = store i8 204, i8 %fin_3_1_0"   --->   Operation 40 'store' 'store_ln0' <Predicate = true> <Delay = 1.58>
ST_1 : Operation 41 [1/1] (1.58ns)   --->   "%store_ln0 = store i8 221, i8 %fin_2_1_0"   --->   Operation 41 'store' 'store_ln0' <Predicate = true> <Delay = 1.58>
ST_1 : Operation 42 [1/1] (1.58ns)   --->   "%store_ln0 = store i8 238, i8 %fin_1_1_0"   --->   Operation 42 'store' 'store_ln0' <Predicate = true> <Delay = 1.58>
ST_1 : Operation 43 [1/1] (1.58ns)   --->   "%store_ln0 = store i8 255, i8 %fin_0_1_0"   --->   Operation 43 'store' 'store_ln0' <Predicate = true> <Delay = 1.58>
ST_1 : Operation 44 [1/1] (1.58ns)   --->   "%store_ln0 = store i4 11, i4 %r_assign"   --->   Operation 44 'store' 'store_ln0' <Predicate = true> <Delay = 1.58>
ST_1 : Operation 45 [1/1] (1.58ns)   --->   "%store_ln0 = store i7 0, i7 %idx"   --->   Operation 45 'store' 'store_ln0' <Predicate = true> <Delay = 1.58>
ST_1 : Operation 46 [1/1] (0.00ns)   --->   "%br_ln0 = br void %while.body.i"   --->   Operation 46 'br' 'br_ln0' <Predicate = true> <Delay = 0.00>

State 2 <SV = 1> <Delay = 5.12>
ST_2 : Operation 47 [1/1] (0.00ns)   --->   "%idx_load = load i7 %idx" [clefia.c:196]   --->   Operation 47 'load' 'idx_load' <Predicate = true> <Delay = 0.00>
ST_2 : Operation 48 [1/1] (0.00ns)   --->   "%fin_0_1_0_load = load i8 %fin_0_1_0" [clefia.c:194]   --->   Operation 48 'load' 'fin_0_1_0_load' <Predicate = true> <Delay = 0.00>
ST_2 : Operation 49 [1/1] (0.00ns)   --->   "%fin_1_1_0_load = load i8 %fin_1_1_0" [clefia.c:194]   --->   Operation 49 'load' 'fin_1_1_0_load' <Predicate = true> <Delay = 0.00>
ST_2 : Operation 50 [1/1] (0.00ns)   --->   "%fin_2_1_0_load = load i8 %fin_2_1_0" [clefia.c:194]   --->   Operation 50 'load' 'fin_2_1_0_load' <Predicate = true> <Delay = 0.00>
ST_2 : Operation 51 [1/1] (0.00ns)   --->   "%fin_3_1_0_load = load i8 %fin_3_1_0" [clefia.c:194]   --->   Operation 51 'load' 'fin_3_1_0_load' <Predicate = true> <Delay = 0.00>
ST_2 : Operation 52 [1/1] (0.00ns)   --->   "%fin_4_1_0_load = load i8 %fin_4_1_0" [clefia.c:194]   --->   Operation 52 'load' 'fin_4_1_0_load' <Predicate = true> <Delay = 0.00>
ST_2 : Operation 53 [1/1] (0.00ns)   --->   "%fin_5_1_0_load = load i8 %fin_5_1_0" [clefia.c:194]   --->   Operation 53 'load' 'fin_5_1_0_load' <Predicate = true> <Delay = 0.00>
ST_2 : Operation 54 [1/1] (0.00ns)   --->   "%fin_6_1_0_load = load i8 %fin_6_1_0" [clefia.c:194]   --->   Operation 54 'load' 'fin_6_1_0_load' <Predicate = true> <Delay = 0.00>
ST_2 : Operation 55 [1/1] (0.00ns)   --->   "%fin_7_1_0_load = load i8 %fin_7_1_0" [clefia.c:194]   --->   Operation 55 'load' 'fin_7_1_0_load' <Predicate = true> <Delay = 0.00>
ST_2 : Operation 56 [5/5] (5.12ns)   --->   "%call_ret1 = call i64 @ClefiaF0Xor.121, i8 %fin_0_1_0_load, i8 %fin_1_1_0_load, i8 %fin_2_1_0_load, i8 %fin_3_1_0_load, i8 %fin_4_1_0_load, i8 %fin_5_1_0_load, i8 %fin_6_1_0_load, i8 %fin_7_1_0_load, i8 %con128, i7 %idx_load, i8 %clefia_s0, i8 %clefia_s1" [clefia.c:194]   --->   Operation 56 'call' 'call_ret1' <Predicate = true> <Delay = 5.12> <CoreType = "Generic">   --->   Core 0 '' <Latency = 0> <II = 1> <Delay = 1.00> <Generic> <Opcode : >

State 3 <SV = 2> <Delay = 6.74>
ST_3 : Operation 57 [1/1] (0.00ns)   --->   "%fin_8_1_0_load = load i8 %fin_8_1_0" [clefia.c:195]   --->   Operation 57 'load' 'fin_8_1_0_load' <Predicate = true> <Delay = 0.00>
ST_3 : Operation 58 [1/1] (0.00ns)   --->   "%fin_9_1_0_load = load i8 %fin_9_1_0" [clefia.c:195]   --->   Operation 58 'load' 'fin_9_1_0_load' <Predicate = true> <Delay = 0.00>
ST_3 : Operation 59 [1/1] (0.00ns)   --->   "%fin_10_1_0_load = load i8 %fin_10_1_0" [clefia.c:195]   --->   Operation 59 'load' 'fin_10_1_0_load' <Predicate = true> <Delay = 0.00>
ST_3 : Operation 60 [1/1] (0.00ns)   --->   "%fin_11_1_0_load = load i8 %fin_11_1_0" [clefia.c:195]   --->   Operation 60 'load' 'fin_11_1_0_load' <Predicate = true> <Delay = 0.00>
ST_3 : Operation 61 [1/1] (0.00ns)   --->   "%fin_12_1_0_load = load i8 %fin_12_1_0" [clefia.c:195]   --->   Operation 61 'load' 'fin_12_1_0_load' <Predicate = true> <Delay = 0.00>
ST_3 : Operation 62 [1/1] (0.00ns)   --->   "%fin_13_1_0_load = load i8 %fin_13_1_0" [clefia.c:195]   --->   Operation 62 'load' 'fin_13_1_0_load' <Predicate = true> <Delay = 0.00>
ST_3 : Operation 63 [1/1] (0.00ns)   --->   "%fin_14_1_0_load = load i8 %fin_14_1_0" [clefia.c:195]   --->   Operation 63 'load' 'fin_14_1_0_load' <Predicate = true> <Delay = 0.00>
ST_3 : Operation 64 [1/1] (0.00ns)   --->   "%fin_15_1_0_load = load i8 %fin_15_1_0" [clefia.c:195]   --->   Operation 64 'load' 'fin_15_1_0_load' <Predicate = true> <Delay = 0.00>
ST_3 : Operation 65 [4/5] (6.74ns)   --->   "%call_ret1 = call i64 @ClefiaF0Xor.121, i8 %fin_0_1_0_load, i8 %fin_1_1_0_load, i8 %fin_2_1_0_load, i8 %fin_3_1_0_load, i8 %fin_4_1_0_load, i8 %fin_5_1_0_load, i8 %fin_6_1_0_load, i8 %fin_7_1_0_load, i8 %con128, i7 %idx_load, i8 %clefia_s0, i8 %clefia_s1" [clefia.c:194]   --->   Operation 65 'call' 'call_ret1' <Predicate = true> <Delay = 6.74> <CoreType = "Generic">   --->   Core 0 '' <Latency = 0> <II = 1> <Delay = 1.00> <Generic> <Opcode : >
ST_3 : Operation 66 [1/1] (0.00ns)   --->   "%or_ln195 = or i7 %idx_load, i7 4" [clefia.c:195]   --->   Operation 66 'or' 'or_ln195' <Predicate = true> <Delay = 0.00>
ST_3 : Operation 67 [5/5] (5.12ns)   --->   "%call_ret = call i64 @ClefiaF1Xor, i8 %fin_8_1_0_load, i8 %fin_9_1_0_load, i8 %fin_10_1_0_load, i8 %fin_11_1_0_load, i8 %fin_12_1_0_load, i8 %fin_13_1_0_load, i8 %fin_14_1_0_load, i8 %fin_15_1_0_load, i8 %con128, i7 %or_ln195, i8 %clefia_s1, i8 %clefia_s0" [clefia.c:195]   --->   Operation 67 'call' 'call_ret' <Predicate = true> <Delay = 5.12> <CoreType = "Generic">   --->   Core 0 '' <Latency = 0> <II = 1> <Delay = 1.00> <Generic> <Opcode : >

State 4 <SV = 3> <Delay = 6.99>
ST_4 : Operation 68 [3/5] (6.74ns)   --->   "%call_ret1 = call i64 @ClefiaF0Xor.121, i8 %fin_0_1_0_load, i8 %fin_1_1_0_load, i8 %fin_2_1_0_load, i8 %fin_3_1_0_load, i8 %fin_4_1_0_load, i8 %fin_5_1_0_load, i8 %fin_6_1_0_load, i8 %fin_7_1_0_load, i8 %con128, i7 %idx_load, i8 %clefia_s0, i8 %clefia_s1" [clefia.c:194]   --->   Operation 68 'call' 'call_ret1' <Predicate = true> <Delay = 6.74> <CoreType = "Generic">   --->   Core 0 '' <Latency = 0> <II = 1> <Delay = 1.00> <Generic> <Opcode : >
ST_4 : Operation 69 [4/5] (6.99ns)   --->   "%call_ret = call i64 @ClefiaF1Xor, i8 %fin_8_1_0_load, i8 %fin_9_1_0_load, i8 %fin_10_1_0_load, i8 %fin_11_1_0_load, i8 %fin_12_1_0_load, i8 %fin_13_1_0_load, i8 %fin_14_1_0_load, i8 %fin_15_1_0_load, i8 %con128, i7 %or_ln195, i8 %clefia_s1, i8 %clefia_s0" [clefia.c:195]   --->   Operation 69 'call' 'call_ret' <Predicate = true> <Delay = 6.99> <CoreType = "Generic">   --->   Core 0 '' <Latency = 0> <II = 1> <Delay = 1.00> <Generic> <Opcode : >

State 5 <SV = 4> <Delay = 6.99>
ST_5 : Operation 70 [2/5] (6.74ns)   --->   "%call_ret1 = call i64 @ClefiaF0Xor.121, i8 %fin_0_1_0_load, i8 %fin_1_1_0_load, i8 %fin_2_1_0_load, i8 %fin_3_1_0_load, i8 %fin_4_1_0_load, i8 %fin_5_1_0_load, i8 %fin_6_1_0_load, i8 %fin_7_1_0_load, i8 %con128, i7 %idx_load, i8 %clefia_s0, i8 %clefia_s1" [clefia.c:194]   --->   Operation 70 'call' 'call_ret1' <Predicate = true> <Delay = 6.74> <CoreType = "Generic">   --->   Core 0 '' <Latency = 0> <II = 1> <Delay = 1.00> <Generic> <Opcode : >
ST_5 : Operation 71 [3/5] (6.99ns)   --->   "%call_ret = call i64 @ClefiaF1Xor, i8 %fin_8_1_0_load, i8 %fin_9_1_0_load, i8 %fin_10_1_0_load, i8 %fin_11_1_0_load, i8 %fin_12_1_0_load, i8 %fin_13_1_0_load, i8 %fin_14_1_0_load, i8 %fin_15_1_0_load, i8 %con128, i7 %or_ln195, i8 %clefia_s1, i8 %clefia_s0" [clefia.c:195]   --->   Operation 71 'call' 'call_ret' <Predicate = true> <Delay = 6.99> <CoreType = "Generic">   --->   Core 0 '' <Latency = 0> <II = 1> <Delay = 1.00> <Generic> <Opcode : >

State 6 <SV = 5> <Delay = 6.99>
ST_6 : Operation 72 [1/1] (0.00ns)   --->   "%r_assign_load = load i4 %r_assign" [clefia.c:193]   --->   Operation 72 'load' 'r_assign_load' <Predicate = true> <Delay = 0.00>
ST_6 : Operation 73 [1/5] (6.74ns)   --->   "%call_ret1 = call i64 @ClefiaF0Xor.121, i8 %fin_0_1_0_load, i8 %fin_1_1_0_load, i8 %fin_2_1_0_load, i8 %fin_3_1_0_load, i8 %fin_4_1_0_load, i8 %fin_5_1_0_load, i8 %fin_6_1_0_load, i8 %fin_7_1_0_load, i8 %con128, i7 %idx_load, i8 %clefia_s0, i8 %clefia_s1" [clefia.c:194]   --->   Operation 73 'call' 'call_ret1' <Predicate = true> <Delay = 6.74> <CoreType = "Generic">   --->   Core 0 '' <Latency = 0> <II = 1> <Delay = 1.00> <Generic> <Opcode : >
ST_6 : Operation 74 [1/1] (0.00ns)   --->   "%fin_12 = extractvalue i64 %call_ret1" [clefia.c:194]   --->   Operation 74 'extractvalue' 'fin_12' <Predicate = true> <Delay = 0.00>
ST_6 : Operation 75 [1/1] (0.00ns)   --->   "%fin_13 = extractvalue i64 %call_ret1" [clefia.c:194]   --->   Operation 75 'extractvalue' 'fin_13' <Predicate = true> <Delay = 0.00>
ST_6 : Operation 76 [1/1] (0.00ns)   --->   "%fin_14 = extractvalue i64 %call_ret1" [clefia.c:194]   --->   Operation 76 'extractvalue' 'fin_14' <Predicate = true> <Delay = 0.00>
ST_6 : Operation 77 [1/1] (0.00ns)   --->   "%fin_15 = extractvalue i64 %call_ret1" [clefia.c:194]   --->   Operation 77 'extractvalue' 'fin_15' <Predicate = true> <Delay = 0.00>
ST_6 : Operation 78 [1/1] (0.00ns)   --->   "%fin_0 = extractvalue i64 %call_ret1" [clefia.c:194]   --->   Operation 78 'extractvalue' 'fin_0' <Predicate = true> <Delay = 0.00>
ST_6 : Operation 79 [1/1] (0.00ns)   --->   "%fin_1 = extractvalue i64 %call_ret1" [clefia.c:194]   --->   Operation 79 'extractvalue' 'fin_1' <Predicate = true> <Delay = 0.00>
ST_6 : Operation 80 [1/1] (0.00ns)   --->   "%fin_2 = extractvalue i64 %call_ret1" [clefia.c:194]   --->   Operation 80 'extractvalue' 'fin_2' <Predicate = true> <Delay = 0.00>
ST_6 : Operation 81 [1/1] (0.00ns)   --->   "%fin_3 = extractvalue i64 %call_ret1" [clefia.c:194]   --->   Operation 81 'extractvalue' 'fin_3' <Predicate = true> <Delay = 0.00>
ST_6 : Operation 82 [2/5] (6.99ns)   --->   "%call_ret = call i64 @ClefiaF1Xor, i8 %fin_8_1_0_load, i8 %fin_9_1_0_load, i8 %fin_10_1_0_load, i8 %fin_11_1_0_load, i8 %fin_12_1_0_load, i8 %fin_13_1_0_load, i8 %fin_14_1_0_load, i8 %fin_15_1_0_load, i8 %con128, i7 %or_ln195, i8 %clefia_s1, i8 %clefia_s0" [clefia.c:195]   --->   Operation 82 'call' 'call_ret' <Predicate = true> <Delay = 6.99> <CoreType = "Generic">   --->   Core 0 '' <Latency = 0> <II = 1> <Delay = 1.00> <Generic> <Opcode : >
ST_6 : Operation 83 [1/1] (1.30ns)   --->   "%icmp_ln197 = icmp_eq  i4 %r_assign_load, i4 0" [clefia.c:197]   --->   Operation 83 'icmp' 'icmp_ln197' <Predicate = true> <Delay = 1.30> <CoreInst = "Cmp">   --->   Core 9 'Cmp' <Latency = 0> <II = 1> <Delay = 1.30> <FuncUnit> <Opcode : 'icmp'> <InPorts = 2> <OutPorts = 1>
ST_6 : Operation 84 [1/1] (0.00ns)   --->   "%br_ln193 = br i1 %icmp_ln197, void %while.body.i.while.body.i_crit_edge, void %while.body.i7.exitStub" [clefia.c:193]   --->   Operation 84 'br' 'br_ln193' <Predicate = true> <Delay = 0.00>

State 7 <SV = 6> <Delay = 4.81>
ST_7 : Operation 85 [1/1] (0.00ns)   --->   "%specpipeline_ln14 = specpipeline void @_ssdm_op_SpecPipeline, i32 4294967295, i32 0, i32 0, i32 0, void @empty_0" [D:/tmp/CLEFIA_ip/solution2/directives.tcl:14]   --->   Operation 85 'specpipeline' 'specpipeline_ln14' <Predicate = true> <Delay = 0.00>
ST_7 : Operation 86 [1/1] (0.00ns)   --->   "%specloopname_ln188 = specloopname void @_ssdm_op_SpecLoopName, void @empty_10" [clefia.c:188]   --->   Operation 86 'specloopname' 'specloopname_ln188' <Predicate = true> <Delay = 0.00>
ST_7 : Operation 87 [1/5] (1.98ns)   --->   "%call_ret = call i64 @ClefiaF1Xor, i8 %fin_8_1_0_load, i8 %fin_9_1_0_load, i8 %fin_10_1_0_load, i8 %fin_11_1_0_load, i8 %fin_12_1_0_load, i8 %fin_13_1_0_load, i8 %fin_14_1_0_load, i8 %fin_15_1_0_load, i8 %con128, i7 %or_ln195, i8 %clefia_s1, i8 %clefia_s0" [clefia.c:195]   --->   Operation 87 'call' 'call_ret' <Predicate = true> <Delay = 1.98> <CoreType = "Generic">   --->   Core 0 '' <Latency = 0> <II = 1> <Delay = 1.00> <Generic> <Opcode : >
ST_7 : Operation 88 [1/1] (0.00ns)   --->   "%fin_4 = extractvalue i64 %call_ret" [clefia.c:195]   --->   Operation 88 'extractvalue' 'fin_4' <Predicate = true> <Delay = 0.00>
ST_7 : Operation 89 [1/1] (0.00ns)   --->   "%fin_5 = extractvalue i64 %call_ret" [clefia.c:195]   --->   Operation 89 'extractvalue' 'fin_5' <Predicate = true> <Delay = 0.00>
ST_7 : Operation 90 [1/1] (0.00ns)   --->   "%fin_6 = extractvalue i64 %call_ret" [clefia.c:195]   --->   Operation 90 'extractvalue' 'fin_6' <Predicate = true> <Delay = 0.00>
ST_7 : Operation 91 [1/1] (0.00ns)   --->   "%fin_7 = extractvalue i64 %call_ret" [clefia.c:195]   --->   Operation 91 'extractvalue' 'fin_7' <Predicate = true> <Delay = 0.00>
ST_7 : Operation 92 [1/1] (0.00ns)   --->   "%fin_8 = extractvalue i64 %call_ret" [clefia.c:195]   --->   Operation 92 'extractvalue' 'fin_8' <Predicate = true> <Delay = 0.00>
ST_7 : Operation 93 [1/1] (0.00ns)   --->   "%fin_9 = extractvalue i64 %call_ret" [clefia.c:195]   --->   Operation 93 'extractvalue' 'fin_9' <Predicate = true> <Delay = 0.00>
ST_7 : Operation 94 [1/1] (0.00ns)   --->   "%fin_10 = extractvalue i64 %call_ret" [clefia.c:195]   --->   Operation 94 'extractvalue' 'fin_10' <Predicate = true> <Delay = 0.00>
ST_7 : Operation 95 [1/1] (0.00ns)   --->   "%fin_11 = extractvalue i64 %call_ret" [clefia.c:195]   --->   Operation 95 'extractvalue' 'fin_11' <Predicate = true> <Delay = 0.00>
ST_7 : Operation 96 [1/1] (1.87ns)   --->   "%add_ln196 = add i7 %idx_load, i7 8" [clefia.c:196]   --->   Operation 96 'add' 'add_ln196' <Predicate = true> <Delay = 1.87> <CoreInst = "Adder">   --->   Core 1 'Adder' <Latency = 0> <II = 1> <Delay = 1.87> <FuncUnit> <Opcode : 'add' 'sub'> <InPorts = 2> <OutPorts = 1>
ST_7 : Operation 97 [1/1] (0.00ns)   --->   "%empty = speclooptripcount i32 @_ssdm_op_SpecLoopTripCount, i64 12, i64 12, i64 12"   --->   Operation 97 'speclooptripcount' 'empty' <Predicate = true> <Delay = 0.00>
ST_7 : Operation 98 [1/1] (1.24ns)   --->   "%select_ln197 = select i1 %icmp_ln197, i8 %fin_15_1_0_load, i8 %fin_15" [clefia.c:197]   --->   Operation 98 'select' 'select_ln197' <Predicate = true> <Delay = 1.24> <CoreInst = "Sel">   --->   Core 73 'Sel' <Latency = 0> <II = 1> <Delay = 1.24> <FuncUnit> <Opcode : 'select'> <InPorts = 3> <OutPorts = 1>
ST_7 : Operation 99 [1/1] (1.24ns)   --->   "%select_ln197_1 = select i1 %icmp_ln197, i8 %fin_14_1_0_load, i8 %fin_14" [clefia.c:197]   --->   Operation 99 'select' 'select_ln197_1' <Predicate = true> <Delay = 1.24> <CoreInst = "Sel">   --->   Core 73 'Sel' <Latency = 0> <II = 1> <Delay = 1.24> <FuncUnit> <Opcode : 'select'> <InPorts = 3> <OutPorts = 1>
ST_7 : Operation 100 [1/1] (1.24ns)   --->   "%select_ln197_2 = select i1 %icmp_ln197, i8 %fin_13_1_0_load, i8 %fin_13" [clefia.c:197]   --->   Operation 100 'select' 'select_ln197_2' <Predicate = true> <Delay = 1.24> <CoreInst = "Sel">   --->   Core 73 'Sel' <Latency = 0> <II = 1> <Delay = 1.24> <FuncUnit> <Opcode : 'select'> <InPorts = 3> <OutPorts = 1>
ST_7 : Operation 101 [1/1] (1.24ns)   --->   "%select_ln197_3 = select i1 %icmp_ln197, i8 %fin_12_1_0_load, i8 %fin_12" [clefia.c:197]   --->   Operation 101 'select' 'select_ln197_3' <Predicate = true> <Delay = 1.24> <CoreInst = "Sel">   --->   Core 73 'Sel' <Latency = 0> <II = 1> <Delay = 1.24> <FuncUnit> <Opcode : 'select'> <InPorts = 3> <OutPorts = 1>
ST_7 : Operation 102 [1/1] (1.24ns)   --->   "%select_ln197_4 = select i1 %icmp_ln197, i8 %fin_11_1_0_load, i8 %fin_11" [clefia.c:197]   --->   Operation 102 'select' 'select_ln197_4' <Predicate = true> <Delay = 1.24> <CoreInst = "Sel">   --->   Core 73 'Sel' <Latency = 0> <II = 1> <Delay = 1.24> <FuncUnit> <Opcode : 'select'> <InPorts = 3> <OutPorts = 1>
ST_7 : Operation 103 [1/1] (1.24ns)   --->   "%select_ln197_5 = select i1 %icmp_ln197, i8 %fin_10_1_0_load, i8 %fin_10" [clefia.c:197]   --->   Operation 103 'select' 'select_ln197_5' <Predicate = true> <Delay = 1.24> <CoreInst = "Sel">   --->   Core 73 'Sel' <Latency = 0> <II = 1> <Delay = 1.24> <FuncUnit> <Opcode : 'select'> <InPorts = 3> <OutPorts = 1>
ST_7 : Operation 104 [1/1] (1.24ns)   --->   "%select_ln197_6 = select i1 %icmp_ln197, i8 %fin_9_1_0_load, i8 %fin_9" [clefia.c:197]   --->   Operation 104 'select' 'select_ln197_6' <Predicate = true> <Delay = 1.24> <CoreInst = "Sel">   --->   Core 73 'Sel' <Latency = 0> <II = 1> <Delay = 1.24> <FuncUnit> <Opcode : 'select'> <InPorts = 3> <OutPorts = 1>
ST_7 : Operation 105 [1/1] (1.24ns)   --->   "%select_ln197_7 = select i1 %icmp_ln197, i8 %fin_8_1_0_load, i8 %fin_8" [clefia.c:197]   --->   Operation 105 'select' 'select_ln197_7' <Predicate = true> <Delay = 1.24> <CoreInst = "Sel">   --->   Core 73 'Sel' <Latency = 0> <II = 1> <Delay = 1.24> <FuncUnit> <Opcode : 'select'> <InPorts = 3> <OutPorts = 1>
ST_7 : Operation 106 [1/1] (1.24ns)   --->   "%select_ln197_8 = select i1 %icmp_ln197, i8 %fin_7_1_0_load, i8 %fin_7" [clefia.c:197]   --->   Operation 106 'select' 'select_ln197_8' <Predicate = true> <Delay = 1.24> <CoreInst = "Sel">   --->   Core 73 'Sel' <Latency = 0> <II = 1> <Delay = 1.24> <FuncUnit> <Opcode : 'select'> <InPorts = 3> <OutPorts = 1>
ST_7 : Operation 107 [1/1] (1.24ns)   --->   "%select_ln197_9 = select i1 %icmp_ln197, i8 %fin_6_1_0_load, i8 %fin_6" [clefia.c:197]   --->   Operation 107 'select' 'select_ln197_9' <Predicate = true> <Delay = 1.24> <CoreInst = "Sel">   --->   Core 73 'Sel' <Latency = 0> <II = 1> <Delay = 1.24> <FuncUnit> <Opcode : 'select'> <InPorts = 3> <OutPorts = 1>
ST_7 : Operation 108 [1/1] (1.24ns)   --->   "%select_ln197_10 = select i1 %icmp_ln197, i8 %fin_5_1_0_load, i8 %fin_5" [clefia.c:197]   --->   Operation 108 'select' 'select_ln197_10' <Predicate = true> <Delay = 1.24> <CoreInst = "Sel">   --->   Core 73 'Sel' <Latency = 0> <II = 1> <Delay = 1.24> <FuncUnit> <Opcode : 'select'> <InPorts = 3> <OutPorts = 1>
ST_7 : Operation 109 [1/1] (1.24ns)   --->   "%select_ln197_11 = select i1 %icmp_ln197, i8 %fin_4_1_0_load, i8 %fin_4" [clefia.c:197]   --->   Operation 109 'select' 'select_ln197_11' <Predicate = true> <Delay = 1.24> <CoreInst = "Sel">   --->   Core 73 'Sel' <Latency = 0> <II = 1> <Delay = 1.24> <FuncUnit> <Opcode : 'select'> <InPorts = 3> <OutPorts = 1>
ST_7 : Operation 110 [1/1] (1.24ns)   --->   "%select_ln197_12 = select i1 %icmp_ln197, i8 %fin_3_1_0_load, i8 %fin_3" [clefia.c:197]   --->   Operation 110 'select' 'select_ln197_12' <Predicate = true> <Delay = 1.24> <CoreInst = "Sel">   --->   Core 73 'Sel' <Latency = 0> <II = 1> <Delay = 1.24> <FuncUnit> <Opcode : 'select'> <InPorts = 3> <OutPorts = 1>
ST_7 : Operation 111 [1/1] (1.24ns)   --->   "%select_ln197_13 = select i1 %icmp_ln197, i8 %fin_2_1_0_load, i8 %fin_2" [clefia.c:197]   --->   Operation 111 'select' 'select_ln197_13' <Predicate = true> <Delay = 1.24> <CoreInst = "Sel">   --->   Core 73 'Sel' <Latency = 0> <II = 1> <Delay = 1.24> <FuncUnit> <Opcode : 'select'> <InPorts = 3> <OutPorts = 1>
ST_7 : Operation 112 [1/1] (1.24ns)   --->   "%select_ln197_14 = select i1 %icmp_ln197, i8 %fin_1_1_0_load, i8 %fin_1" [clefia.c:197]   --->   Operation 112 'select' 'select_ln197_14' <Predicate = true> <Delay = 1.24> <CoreInst = "Sel">   --->   Core 73 'Sel' <Latency = 0> <II = 1> <Delay = 1.24> <FuncUnit> <Opcode : 'select'> <InPorts = 3> <OutPorts = 1>
ST_7 : Operation 113 [1/1] (1.24ns)   --->   "%select_ln197_15 = select i1 %icmp_ln197, i8 %fin_0_1_0_load, i8 %fin_0" [clefia.c:197]   --->   Operation 113 'select' 'select_ln197_15' <Predicate = true> <Delay = 1.24> <CoreInst = "Sel">   --->   Core 73 'Sel' <Latency = 0> <II = 1> <Delay = 1.24> <FuncUnit> <Opcode : 'select'> <InPorts = 3> <OutPorts = 1>
ST_7 : Operation 114 [1/1] (1.73ns)   --->   "%add_ln193 = add i4 %r_assign_load, i4 15" [clefia.c:193]   --->   Operation 114 'add' 'add_ln193' <Predicate = true> <Delay = 1.73> <CoreInst = "Adder">   --->   Core 1 'Adder' <Latency = 0> <II = 1> <Delay = 1.73> <FuncUnit> <Opcode : 'add' 'sub'> <InPorts = 2> <OutPorts = 1>
ST_7 : Operation 115 [1/1] (1.58ns)   --->   "%store_ln193 = store i8 %select_ln197, i8 %fin_15_1_0" [clefia.c:193]   --->   Operation 115 'store' 'store_ln193' <Predicate = (!icmp_ln197)> <Delay = 1.58>
ST_7 : Operation 116 [1/1] (1.58ns)   --->   "%store_ln193 = store i8 %select_ln197_1, i8 %fin_14_1_0" [clefia.c:193]   --->   Operation 116 'store' 'store_ln193' <Predicate = (!icmp_ln197)> <Delay = 1.58>
ST_7 : Operation 117 [1/1] (1.58ns)   --->   "%store_ln193 = store i8 %select_ln197_2, i8 %fin_13_1_0" [clefia.c:193]   --->   Operation 117 'store' 'store_ln193' <Predicate = (!icmp_ln197)> <Delay = 1.58>
ST_7 : Operation 118 [1/1] (1.58ns)   --->   "%store_ln193 = store i8 %select_ln197_3, i8 %fin_12_1_0" [clefia.c:193]   --->   Operation 118 'store' 'store_ln193' <Predicate = (!icmp_ln197)> <Delay = 1.58>
ST_7 : Operation 119 [1/1] (1.58ns)   --->   "%store_ln193 = store i8 %select_ln197_4, i8 %fin_11_1_0" [clefia.c:193]   --->   Operation 119 'store' 'store_ln193' <Predicate = (!icmp_ln197)> <Delay = 1.58>
ST_7 : Operation 120 [1/1] (1.58ns)   --->   "%store_ln193 = store i8 %select_ln197_5, i8 %fin_10_1_0" [clefia.c:193]   --->   Operation 120 'store' 'store_ln193' <Predicate = (!icmp_ln197)> <Delay = 1.58>
ST_7 : Operation 121 [1/1] (1.58ns)   --->   "%store_ln193 = store i8 %select_ln197_6, i8 %fin_9_1_0" [clefia.c:193]   --->   Operation 121 'store' 'store_ln193' <Predicate = (!icmp_ln197)> <Delay = 1.58>
ST_7 : Operation 122 [1/1] (1.58ns)   --->   "%store_ln193 = store i8 %select_ln197_7, i8 %fin_8_1_0" [clefia.c:193]   --->   Operation 122 'store' 'store_ln193' <Predicate = (!icmp_ln197)> <Delay = 1.58>
ST_7 : Operation 123 [1/1] (1.58ns)   --->   "%store_ln193 = store i8 %select_ln197_8, i8 %fin_7_1_0" [clefia.c:193]   --->   Operation 123 'store' 'store_ln193' <Predicate = (!icmp_ln197)> <Delay = 1.58>
ST_7 : Operation 124 [1/1] (1.58ns)   --->   "%store_ln193 = store i8 %select_ln197_9, i8 %fin_6_1_0" [clefia.c:193]   --->   Operation 124 'store' 'store_ln193' <Predicate = (!icmp_ln197)> <Delay = 1.58>
ST_7 : Operation 125 [1/1] (1.58ns)   --->   "%store_ln193 = store i8 %select_ln197_10, i8 %fin_5_1_0" [clefia.c:193]   --->   Operation 125 'store' 'store_ln193' <Predicate = (!icmp_ln197)> <Delay = 1.58>
ST_7 : Operation 126 [1/1] (1.58ns)   --->   "%store_ln193 = store i8 %select_ln197_11, i8 %fin_4_1_0" [clefia.c:193]   --->   Operation 126 'store' 'store_ln193' <Predicate = (!icmp_ln197)> <Delay = 1.58>
ST_7 : Operation 127 [1/1] (1.58ns)   --->   "%store_ln193 = store i8 %select_ln197_12, i8 %fin_3_1_0" [clefia.c:193]   --->   Operation 127 'store' 'store_ln193' <Predicate = (!icmp_ln197)> <Delay = 1.58>
ST_7 : Operation 128 [1/1] (1.58ns)   --->   "%store_ln193 = store i8 %select_ln197_13, i8 %fin_2_1_0" [clefia.c:193]   --->   Operation 128 'store' 'store_ln193' <Predicate = (!icmp_ln197)> <Delay = 1.58>
ST_7 : Operation 129 [1/1] (1.58ns)   --->   "%store_ln193 = store i8 %select_ln197_14, i8 %fin_1_1_0" [clefia.c:193]   --->   Operation 129 'store' 'store_ln193' <Predicate = (!icmp_ln197)> <Delay = 1.58>
ST_7 : Operation 130 [1/1] (1.58ns)   --->   "%store_ln193 = store i8 %select_ln197_15, i8 %fin_0_1_0" [clefia.c:193]   --->   Operation 130 'store' 'store_ln193' <Predicate = (!icmp_ln197)> <Delay = 1.58>
ST_7 : Operation 131 [1/1] (1.58ns)   --->   "%store_ln193 = store i4 %add_ln193, i4 %r_assign" [clefia.c:193]   --->   Operation 131 'store' 'store_ln193' <Predicate = (!icmp_ln197)> <Delay = 1.58>
ST_7 : Operation 132 [1/1] (1.58ns)   --->   "%store_ln193 = store i7 %add_ln196, i7 %idx" [clefia.c:193]   --->   Operation 132 'store' 'store_ln193' <Predicate = (!icmp_ln197)> <Delay = 1.58>
ST_7 : Operation 133 [1/1] (0.00ns)   --->   "%br_ln193 = br void %while.body.i" [clefia.c:193]   --->   Operation 133 'br' 'br_ln193' <Predicate = (!icmp_ln197)> <Delay = 0.00>
ST_7 : Operation 134 [1/1] (0.00ns)   --->   "%write_ln194 = write void @_ssdm_op_Write.ap_auto.i8P0A, i8 %fin_12_out, i8 %fin_12" [clefia.c:194]   --->   Operation 134 'write' 'write_ln194' <Predicate = (icmp_ln197)> <Delay = 0.00>
ST_7 : Operation 135 [1/1] (0.00ns)   --->   "%write_ln194 = write void @_ssdm_op_Write.ap_auto.i8P0A, i8 %fin_13_out, i8 %fin_13" [clefia.c:194]   --->   Operation 135 'write' 'write_ln194' <Predicate = (icmp_ln197)> <Delay = 0.00>
ST_7 : Operation 136 [1/1] (0.00ns)   --->   "%write_ln194 = write void @_ssdm_op_Write.ap_auto.i8P0A, i8 %fin_14_out, i8 %fin_14" [clefia.c:194]   --->   Operation 136 'write' 'write_ln194' <Predicate = (icmp_ln197)> <Delay = 0.00>
ST_7 : Operation 137 [1/1] (0.00ns)   --->   "%write_ln194 = write void @_ssdm_op_Write.ap_auto.i8P0A, i8 %fin_15_out, i8 %fin_15" [clefia.c:194]   --->   Operation 137 'write' 'write_ln194' <Predicate = (icmp_ln197)> <Delay = 0.00>
ST_7 : Operation 138 [1/1] (0.00ns)   --->   "%write_ln194 = write void @_ssdm_op_Write.ap_auto.i8P0A, i8 %fin_0_out, i8 %fin_0" [clefia.c:194]   --->   Operation 138 'write' 'write_ln194' <Predicate = (icmp_ln197)> <Delay = 0.00>
ST_7 : Operation 139 [1/1] (0.00ns)   --->   "%write_ln194 = write void @_ssdm_op_Write.ap_auto.i8P0A, i8 %fin_1_out, i8 %fin_1" [clefia.c:194]   --->   Operation 139 'write' 'write_ln194' <Predicate = (icmp_ln197)> <Delay = 0.00>
ST_7 : Operation 140 [1/1] (0.00ns)   --->   "%write_ln194 = write void @_ssdm_op_Write.ap_auto.i8P0A, i8 %fin_2_out, i8 %fin_2" [clefia.c:194]   --->   Operation 140 'write' 'write_ln194' <Predicate = (icmp_ln197)> <Delay = 0.00>
ST_7 : Operation 141 [1/1] (0.00ns)   --->   "%write_ln194 = write void @_ssdm_op_Write.ap_auto.i8P0A, i8 %fin_3_out, i8 %fin_3" [clefia.c:194]   --->   Operation 141 'write' 'write_ln194' <Predicate = (icmp_ln197)> <Delay = 0.00>
ST_7 : Operation 142 [1/1] (0.00ns)   --->   "%write_ln195 = write void @_ssdm_op_Write.ap_auto.i8P0A, i8 %fin_4_out, i8 %fin_4" [clefia.c:195]   --->   Operation 142 'write' 'write_ln195' <Predicate = (icmp_ln197)> <Delay = 0.00>
ST_7 : Operation 143 [1/1] (0.00ns)   --->   "%write_ln195 = write void @_ssdm_op_Write.ap_auto.i8P0A, i8 %fin_5_out, i8 %fin_5" [clefia.c:195]   --->   Operation 143 'write' 'write_ln195' <Predicate = (icmp_ln197)> <Delay = 0.00>
ST_7 : Operation 144 [1/1] (0.00ns)   --->   "%write_ln195 = write void @_ssdm_op_Write.ap_auto.i8P0A, i8 %fin_6_out, i8 %fin_6" [clefia.c:195]   --->   Operation 144 'write' 'write_ln195' <Predicate = (icmp_ln197)> <Delay = 0.00>
ST_7 : Operation 145 [1/1] (0.00ns)   --->   "%write_ln195 = write void @_ssdm_op_Write.ap_auto.i8P0A, i8 %fin_7_out, i8 %fin_7" [clefia.c:195]   --->   Operation 145 'write' 'write_ln195' <Predicate = (icmp_ln197)> <Delay = 0.00>
ST_7 : Operation 146 [1/1] (0.00ns)   --->   "%write_ln195 = write void @_ssdm_op_Write.ap_auto.i8P0A, i8 %fin_8_out, i8 %fin_8" [clefia.c:195]   --->   Operation 146 'write' 'write_ln195' <Predicate = (icmp_ln197)> <Delay = 0.00>
ST_7 : Operation 147 [1/1] (0.00ns)   --->   "%write_ln195 = write void @_ssdm_op_Write.ap_auto.i8P0A, i8 %fin_9_out, i8 %fin_9" [clefia.c:195]   --->   Operation 147 'write' 'write_ln195' <Predicate = (icmp_ln197)> <Delay = 0.00>
ST_7 : Operation 148 [1/1] (0.00ns)   --->   "%write_ln195 = write void @_ssdm_op_Write.ap_auto.i8P0A, i8 %fin_10_out, i8 %fin_10" [clefia.c:195]   --->   Operation 148 'write' 'write_ln195' <Predicate = (icmp_ln197)> <Delay = 0.00>
ST_7 : Operation 149 [1/1] (0.00ns)   --->   "%write_ln195 = write void @_ssdm_op_Write.ap_auto.i8P0A, i8 %fin_11_out, i8 %fin_11" [clefia.c:195]   --->   Operation 149 'write' 'write_ln195' <Predicate = (icmp_ln197)> <Delay = 0.00>
ST_7 : Operation 150 [1/1] (0.00ns)   --->   "%ret_ln0 = ret"   --->   Operation 150 'ret' 'ret_ln0' <Predicate = (icmp_ln197)> <Delay = 0.00>


============================================================
+ Verbose Summary: Timing violations
============================================================
Target clock period: 10ns, clock uncertainty: 2.7ns.

 <State 1>: 1.59ns
The critical path consists of the following:
	'store' operation ('store_ln0') of constant 0 on local variable 'fin_15_1_0' [38]  (1.59 ns)

 <State 2>: 5.12ns
The critical path consists of the following:
	'load' operation ('idx_load', clefia.c:196) on local variable 'idx' [58]  (0 ns)
	'call' operation ('call_ret1', clefia.c:194) to 'ClefiaF0Xor.121' [78]  (5.12 ns)

 <State 3>: 6.74ns
The critical path consists of the following:
	'call' operation ('call_ret1', clefia.c:194) to 'ClefiaF0Xor.121' [78]  (6.74 ns)

 <State 4>: 7ns
The critical path consists of the following:
	'call' operation ('call_ret', clefia.c:195) to 'ClefiaF1Xor' [88]  (7 ns)

 <State 5>: 7ns
The critical path consists of the following:
	'call' operation ('call_ret', clefia.c:195) to 'ClefiaF1Xor' [88]  (7 ns)

 <State 6>: 7ns
The critical path consists of the following:
	'call' operation ('call_ret', clefia.c:195) to 'ClefiaF1Xor' [88]  (7 ns)

 <State 7>: 4.82ns
The critical path consists of the following:
	'call' operation ('call_ret', clefia.c:195) to 'ClefiaF1Xor' [88]  (1.98 ns)
	'select' operation ('select_ln197_4', clefia.c:197) [104]  (1.25 ns)
	'store' operation ('store_ln193', clefia.c:193) of variable 'select_ln197_4', clefia.c:197 on local variable 'fin_11_1_0' [123]  (1.59 ns)


============================================================
+ Verbose Summary: Binding
============================================================
N/A
* FSMD analyzer results:
  - Output states:
 - Input state : 
  - Chain level:
	State 1
	State 2
	State 3
	State 4
	State 5
	State 6
	State 7


============================================================
+ Verbose Summary: Datapath Resource usage 
============================================================
N/A
