

================================================================
== Vitis HLS Report for 'clefia_Pipeline_ClefiaKeySet256_label10111'
================================================================
* Date:           Mon Dec 12 09:00:34 2022

* Version:        2022.1 (Build 3526262 on Mon Apr 18 15:48:16 MDT 2022)
* Project:        CLEFIA_ip
* Solution:       solution4 (Vivado IP Flow Target)
* Product family: zynq
* Target device:  xc7z020-clg400-1


================================================================
== Performance Estimates
================================================================
+ Timing: 
    * Summary: 
    +--------+----------+----------+------------+
    |  Clock |  Target  | Estimated| Uncertainty|
    +--------+----------+----------+------------+
    |ap_clk  |  10.00 ns|  5.169 ns|     2.70 ns|
    +--------+----------+----------+------------+

+ Latency: 
    * Summary: 
    +---------+---------+----------+----------+-----+-----+---------+
    |  Latency (cycles) |  Latency (absolute) |  Interval | Pipeline|
    |   min   |   max   |    min   |    max   | min | max |   Type  |
    +---------+---------+----------+----------+-----+-----+---------+
    |      217|      217|  2.170 us|  2.170 us|  217|  217|       no|
    +---------+---------+----------+----------+-----+-----+---------+

    + Detail: 
        * Instance: 
        N/A

        * Loop: 
        +---------------------------+---------+---------+----------+-----------+-----------+------+----------+
        |                           |  Latency (cycles) | Iteration|  Initiation Interval  | Trip |          |
        |         Loop Name         |   min   |   max   |  Latency |  achieved |   target  | Count| Pipelined|
        +---------------------------+---------+---------+----------+-----------+-----------+------+----------+
        |- ClefiaKeySet256_label10  |      215|      215|        18|         16|          1|    13|       yes|
        +---------------------------+---------+---------+----------+-----------+-----------+------+----------+



================================================================
== Utilization Estimates
================================================================
* Summary: 
+-----------------+---------+-----+--------+-------+-----+
|       Name      | BRAM_18K| DSP |   FF   |  LUT  | URAM|
+-----------------+---------+-----+--------+-------+-----+
|DSP              |        -|    -|       -|      -|    -|
|Expression       |        -|    -|       0|    904|    -|
|FIFO             |        -|    -|       -|      -|    -|
|Instance         |        -|    -|       -|      -|    -|
|Memory           |        -|    -|       -|      -|    -|
|Multiplexer      |        -|    -|       -|   1257|    -|
|Register         |        -|    -|     595|      -|    -|
+-----------------+---------+-----+--------+-------+-----+
|Total            |        0|    0|     595|   2161|    0|
+-----------------+---------+-----+--------+-------+-----+
|Available        |      280|  220|  106400|  53200|    0|
+-----------------+---------+-----+--------+-------+-----+
|Utilization (%)  |        0|    0|      ~0|      4|    0|
+-----------------+---------+-----+--------+-------+-----+

+ Detail: 
    * Instance: 
    N/A

    * DSP: 
    N/A

    * Memory: 
    N/A

    * FIFO: 
    N/A

    * Expression: 
    +-------------------------+----------+----+---+----+------------+------------+
    |      Variable Name      | Operation| DSP| FF| LUT| Bitwidth P0| Bitwidth P1|
    +-------------------------+----------+----+---+----+------------+------------+
    |add_ln121_fu_1620_p2     |         +|   0|  0|  14|           9|           8|
    |add_ln373_fu_1589_p2     |         +|   0|  0|  13|           4|           1|
    |add_ln387_fu_2556_p2     |         +|   0|  0|  15|           8|           5|
    |grp_fu_1035_p2           |         +|   0|  0|  14|           9|           8|
    |grp_fu_1040_p2           |         +|   0|  0|  14|           9|           8|
    |grp_fu_1045_p2           |         +|   0|  0|  14|           9|           8|
    |grp_fu_1059_p2           |         +|   0|  0|  14|           9|           8|
    |grp_fu_1064_p2           |         +|   0|  0|  14|           9|           8|
    |grp_fu_1079_p2           |         +|   0|  0|  14|           9|           8|
    |grp_fu_1084_p2           |         +|   0|  0|  14|           9|           8|
    |grp_fu_1099_p2           |         +|   0|  0|  14|           9|           8|
    |grp_fu_1104_p2           |         +|   0|  0|  14|           9|           8|
    |grp_fu_1119_p2           |         +|   0|  0|  14|           9|           8|
    |grp_fu_1124_p2           |         +|   0|  0|  14|           9|           8|
    |grp_fu_1129_p2           |         +|   0|  0|  15|           8|           4|
    |grp_fu_1134_p2           |         +|   0|  0|  15|           8|           4|
    |grp_fu_1139_p2           |         +|   0|  0|  14|           9|           8|
    |grp_fu_1144_p2           |         +|   0|  0|  14|           9|           8|
    |grp_fu_1149_p2           |         +|   0|  0|  15|           8|           4|
    |grp_fu_1154_p2           |         +|   0|  0|  15|           8|           4|
    |grp_fu_1159_p2           |         +|   0|  0|  14|           9|           8|
    |grp_fu_1164_p2           |         +|   0|  0|  14|           9|           8|
    |grp_fu_1169_p2           |         +|   0|  0|  15|           8|           4|
    |grp_fu_1174_p2           |         +|   0|  0|  15|           8|           4|
    |grp_fu_1193_p2           |         +|   0|  0|  15|           8|           4|
    |grp_fu_1198_p2           |         +|   0|  0|  15|           8|           4|
    |ap_condition_2018        |       and|   0|  0|   2|           1|           1|
    |ap_condition_2023        |       and|   0|  0|   2|           1|           1|
    |ap_condition_2028        |       and|   0|  0|   2|           1|           1|
    |ap_condition_2031        |       and|   0|  0|   2|           1|           1|
    |ap_condition_2036        |       and|   0|  0|   2|           1|           1|
    |ap_condition_2039        |       and|   0|  0|   2|           1|           1|
    |ap_condition_2044        |       and|   0|  0|   2|           1|           1|
    |ap_condition_2047        |       and|   0|  0|   2|           1|           1|
    |ap_condition_2052        |       and|   0|  0|   2|           1|           1|
    |ap_condition_2055        |       and|   0|  0|   2|           1|           1|
    |ap_condition_2060        |       and|   0|  0|   2|           1|           1|
    |ap_condition_2063        |       and|   0|  0|   2|           1|           1|
    |ap_condition_2068        |       and|   0|  0|   2|           1|           1|
    |ap_condition_2071        |       and|   0|  0|   2|           1|           1|
    |ap_condition_2076        |       and|   0|  0|   2|           1|           1|
    |ap_condition_2079        |       and|   0|  0|   2|           1|           1|
    |ap_condition_2084        |       and|   0|  0|   2|           1|           1|
    |ap_condition_2087        |       and|   0|  0|   2|           1|           1|
    |ap_condition_2092        |       and|   0|  0|   2|           1|           1|
    |ap_condition_2095        |       and|   0|  0|   2|           1|           1|
    |ap_condition_2100        |       and|   0|  0|   2|           1|           1|
    |ap_condition_2103        |       and|   0|  0|   2|           1|           1|
    |ap_condition_2108        |       and|   0|  0|   2|           1|           1|
    |ap_condition_2111        |       and|   0|  0|   2|           1|           1|
    |ap_condition_2116        |       and|   0|  0|   2|           1|           1|
    |ap_condition_2119        |       and|   0|  0|   2|           1|           1|
    |ap_condition_2124        |       and|   0|  0|   2|           1|           1|
    |ap_condition_2127        |       and|   0|  0|   2|           1|           1|
    |ap_condition_2132        |       and|   0|  0|   2|           1|           1|
    |ap_condition_2135        |       and|   0|  0|   2|           1|           1|
    |ap_condition_2140        |       and|   0|  0|   2|           1|           1|
    |ap_condition_2143        |       and|   0|  0|   2|           1|           1|
    |ap_condition_2148        |       and|   0|  0|   2|           1|           1|
    |ap_condition_2151        |       and|   0|  0|   2|           1|           1|
    |ap_condition_2155        |       and|   0|  0|   2|           1|           1|
    |ap_condition_2158        |       and|   0|  0|   2|           1|           1|
    |ap_condition_2162        |       and|   0|  0|   2|           1|           1|
    |ap_condition_2165        |       and|   0|  0|   2|           1|           1|
    |ap_condition_2169        |       and|   0|  0|   2|           1|           1|
    |ap_condition_2172        |       and|   0|  0|   2|           1|           1|
    |ap_condition_2176        |       and|   0|  0|   2|           1|           1|
    |ap_condition_2179        |       and|   0|  0|   2|           1|           1|
    |ap_condition_2183        |       and|   0|  0|   2|           1|           1|
    |ap_condition_2186        |       and|   0|  0|   2|           1|           1|
    |ap_condition_2190        |       and|   0|  0|   2|           1|           1|
    |ap_condition_2193        |       and|   0|  0|   2|           1|           1|
    |ap_condition_2197        |       and|   0|  0|   2|           1|           1|
    |ap_condition_2200        |       and|   0|  0|   2|           1|           1|
    |icmp_ln373_fu_1583_p2    |      icmp|   0|  0|   9|           4|           3|
    |grp_fu_1053_p2           |        or|   0|  0|   8|           8|           4|
    |grp_fu_1069_p2           |        or|   0|  0|   8|           8|           4|
    |grp_fu_1074_p2           |        or|   0|  0|   8|           8|           4|
    |grp_fu_1089_p2           |        or|   0|  0|   8|           8|           4|
    |grp_fu_1094_p2           |        or|   0|  0|   8|           8|           4|
    |grp_fu_1109_p2           |        or|   0|  0|   8|           8|           4|
    |grp_fu_1114_p2           |        or|   0|  0|   8|           8|           4|
    |or_ln364_fu_1661_p2      |        or|   0|  0|   8|           8|           4|
    |ap_enable_pp0            |       xor|   0|  0|   2|           1|           2|
    |grp_fu_1179_p2           |       xor|   0|  0|   8|           8|           8|
    |grp_fu_1272_p2           |       xor|   0|  0|   8|           8|           8|
    |grp_fu_1279_p2           |       xor|   0|  0|   8|           8|           8|
    |grp_fu_1286_p2           |       xor|   0|  0|   8|           8|           8|
    |grp_fu_1293_p2           |       xor|   0|  0|   8|           8|           8|
    |grp_fu_1300_p2           |       xor|   0|  0|   8|           8|           8|
    |grp_fu_1307_p2           |       xor|   0|  0|   8|           8|           8|
    |grp_fu_1314_p2           |       xor|   0|  0|   8|           8|           8|
    |grp_fu_1321_p2           |       xor|   0|  0|   8|           8|           8|
    |grp_fu_1328_p2           |       xor|   0|  0|   8|           8|           8|
    |grp_fu_1335_p2           |       xor|   0|  0|   8|           8|           8|
    |grp_fu_1342_p2           |       xor|   0|  0|   8|           8|           8|
    |grp_fu_1349_p2           |       xor|   0|  0|   8|           8|           8|
    |grp_fu_1356_p2           |       xor|   0|  0|   8|           8|           8|
    |grp_fu_1363_p2           |       xor|   0|  0|   8|           8|           8|
    |xor_ln124_32_fu_2099_p2  |       xor|   0|  0|   8|           8|           2|
    |xor_ln124_33_fu_2106_p2  |       xor|   0|  0|   8|           8|           6|
    |xor_ln124_34_fu_2172_p2  |       xor|   0|  0|   8|           8|           7|
    |xor_ln124_35_fu_2179_p2  |       xor|   0|  0|   8|           8|           7|
    |xor_ln124_36_fu_2246_p2  |       xor|   0|  0|   8|           8|           8|
    |xor_ln124_37_fu_2253_p2  |       xor|   0|  0|   8|           8|           8|
    |xor_ln124_38_fu_2325_p2  |       xor|   0|  0|   8|           8|           8|
    |xor_ln124_39_fu_2332_p2  |       xor|   0|  0|   8|           8|           8|
    |xor_ln124_40_fu_2403_p2  |       xor|   0|  0|   8|           8|           7|
    |xor_ln124_41_fu_2410_p2  |       xor|   0|  0|   8|           8|           7|
    |xor_ln124_42_fu_2476_p2  |       xor|   0|  0|   8|           8|           7|
    |xor_ln124_43_fu_2483_p2  |       xor|   0|  0|   8|           8|           7|
    |xor_ln124_44_fu_2528_p2  |       xor|   0|  0|   8|           8|           6|
    |xor_ln124_45_fu_2535_p2  |       xor|   0|  0|   8|           8|           6|
    |xor_ln124_46_fu_2549_p2  |       xor|   0|  0|   8|           8|           5|
    |xor_ln124_47_fu_2060_p2  |       xor|   0|  0|   8|           8|           6|
    |xor_ln124_48_fu_2067_p2  |       xor|   0|  0|   8|           8|           7|
    |xor_ln124_49_fu_2138_p2  |       xor|   0|  0|   8|           8|           7|
    |xor_ln124_50_fu_2145_p2  |       xor|   0|  0|   8|           8|           8|
    |xor_ln124_51_fu_2206_p2  |       xor|   0|  0|   8|           8|           8|
    |xor_ln124_52_fu_2213_p2  |       xor|   0|  0|   8|           8|           8|
    |xor_ln124_53_fu_2286_p2  |       xor|   0|  0|   8|           8|           8|
    |xor_ln124_54_fu_2293_p2  |       xor|   0|  0|   9|           8|           9|
    |xor_ln124_55_fu_2364_p2  |       xor|   0|  0|   8|           8|           7|
    |xor_ln124_56_fu_2371_p2  |       xor|   0|  0|   8|           8|           7|
    |xor_ln124_57_fu_2442_p2  |       xor|   0|  0|   8|           8|           7|
    |xor_ln124_58_fu_2449_p2  |       xor|   0|  0|   8|           8|           7|
    |xor_ln124_59_fu_2514_p2  |       xor|   0|  0|   8|           8|           6|
    |xor_ln124_60_fu_2521_p2  |       xor|   0|  0|   8|           8|           6|
    |xor_ln124_61_fu_2542_p2  |       xor|   0|  0|   8|           8|           5|
    +-------------------------+----------+----+---+----+------------+------------+
    |Total                    |          |   0|  0| 904|         697|         576|
    +-------------------------+----------+----+---+----+------------+------------+

    * Multiplexer: 
    +-----------------------------+-----+-----------+-----+-----------+
    |             Name            | LUT | Input Size| Bits| Total Bits|
    +-----------------------------+-----+-----------+-----+-----------+
    |ap_NS_fsm                    |   81|         17|    1|         17|
    |ap_done_int                  |    9|          2|    1|          2|
    |ap_enable_reg_pp0_iter0      |    9|          2|    1|          2|
    |ap_enable_reg_pp0_iter0_reg  |    9|          2|    1|          2|
    |ap_enable_reg_pp0_iter1      |    9|          2|    1|          2|
    |ap_sig_allocacmp_i_1         |    9|          2|    4|          8|
    |con256_address0              |   81|         17|    9|        153|
    |con256_address1              |   65|         16|    9|        144|
    |i_fu_220                     |    9|          2|    4|          8|
    |idx35_i312_fu_216            |    9|          2|    8|         16|
    |lk_1_address0                |  147|         33|    5|        165|
    |lk_1_address1                |  147|         33|    5|        165|
    |lk_1_d0                      |   81|         17|    8|        136|
    |lk_1_d1                      |   81|         17|    8|        136|
    |rk_address0                  |  147|         33|    8|        264|
    |rk_address1                  |  138|         31|    8|        248|
    |rk_d0                        |  113|         23|    8|        184|
    |rk_d1                        |  113|         24|    8|        192|
    +-----------------------------+-----+-----------+-----+-----------+
    |Total                        | 1257|        275|   97|       1844|
    +-----------------------------+-----+-----------+-----+-----------+

    * Register: 
    +------------------------------------+----+----+-----+-----------+
    |                Name                | FF | LUT| Bits| Const Bits|
    +------------------------------------+----+----+-----+-----------+
    |add_ln373_reg_2605                  |   4|   0|    4|          0|
    |ap_CS_fsm                           |  16|   0|   16|          0|
    |ap_done_reg                         |   1|   0|    1|          0|
    |ap_enable_reg_pp0_iter0_reg         |   1|   0|    1|          0|
    |ap_enable_reg_pp0_iter1             |   1|   0|    1|          0|
    |i_fu_220                            |   4|   0|    4|          0|
    |icmp_ln373_reg_2601                 |   1|   0|    1|          0|
    |idx35_i312_fu_216                   |   8|   0|    8|          0|
    |idx35_i312_load_1_reg_2711          |   8|   0|    8|          0|
    |or_ln364_reg_2721                   |   7|   0|    8|          1|
    |reg_1203                            |   8|   0|    8|          0|
    |reg_1207                            |   8|   0|    8|          0|
    |reg_1211                            |   8|   0|    8|          0|
    |reg_1215                            |   8|   0|    8|          0|
    |reg_1219                            |   8|   0|    8|          0|
    |reg_1223                            |   8|   0|    8|          0|
    |reg_1227                            |   8|   0|    8|          0|
    |reg_1231                            |   8|   0|    8|          0|
    |reg_1235                            |   8|   0|    8|          0|
    |reg_1239                            |   8|   0|    8|          0|
    |reg_1243                            |   8|   0|    8|          0|
    |reg_1247                            |   8|   0|    8|          0|
    |reg_1251                            |   8|   0|    8|          0|
    |reg_1255                            |   8|   0|    8|          0|
    |reg_1259                            |   8|   0|    8|          0|
    |reg_1263                            |   8|   0|    8|          0|
    |reg_1267                            |   8|   0|    8|          0|
    |reg_1506                            |   8|   0|    8|          0|
    |reg_1510                            |   8|   0|    8|          0|
    |reg_1514                            |   8|   0|    8|          0|
    |reg_1518                            |   8|   0|    8|          0|
    |reg_1522                            |   8|   0|    8|          0|
    |reg_1526                            |   8|   0|    8|          0|
    |reg_1530                            |   8|   0|    8|          0|
    |reg_1534                            |   8|   0|    8|          0|
    |reg_1538                            |   8|   0|    8|          0|
    |reg_1542                            |   8|   0|    8|          0|
    |reg_1546                            |   8|   0|    8|          0|
    |reg_1550                            |   8|   0|    8|          0|
    |reg_1554                            |   8|   0|    8|          0|
    |reg_1558                            |   8|   0|    8|          0|
    |reg_1562                            |   7|   0|    7|          0|
    |reg_1566                            |   8|   0|    8|          0|
    |rk_addr_10_reg_3048                 |   8|   0|    8|          0|
    |rk_addr_11_reg_3053                 |   8|   0|    8|          0|
    |rk_addr_12_reg_3093                 |   8|   0|    8|          0|
    |rk_addr_13_reg_3098                 |   8|   0|    8|          0|
    |rk_addr_14_reg_3133                 |   8|   0|    8|          0|
    |rk_addr_15_reg_3138                 |   8|   0|    8|          0|
    |rk_addr_16_reg_2738                 |   6|   0|    8|          2|
    |rk_addr_17_reg_2788                 |   6|   0|    8|          2|
    |rk_addr_18_reg_2793                 |   5|   0|    8|          3|
    |rk_addr_19_reg_2848                 |   6|   0|    8|          2|
    |rk_addr_1_reg_2753                  |   6|   0|    8|          2|
    |rk_addr_20_reg_2853                 |   5|   0|    8|          3|
    |rk_addr_21_reg_2908                 |   5|   0|    8|          3|
    |rk_addr_22_reg_2913                 |   4|   0|    8|          4|
    |rk_addr_23_reg_2968                 |   8|   0|    8|          0|
    |rk_addr_24_reg_2973                 |   8|   0|    8|          0|
    |rk_addr_25_reg_3028                 |   8|   0|    8|          0|
    |rk_addr_26_reg_3033                 |   8|   0|    8|          0|
    |rk_addr_27_reg_3068                 |   8|   0|    8|          0|
    |rk_addr_28_reg_3073                 |   8|   0|    8|          0|
    |rk_addr_29_reg_3118                 |   8|   0|    8|          0|
    |rk_addr_2_reg_2808                  |   6|   0|    8|          2|
    |rk_addr_30_reg_3123                 |   8|   0|    8|          0|
    |rk_addr_3_reg_2813                  |   5|   0|    8|          3|
    |rk_addr_4_reg_2868                  |   6|   0|    8|          2|
    |rk_addr_5_reg_2873                  |   5|   0|    8|          3|
    |rk_addr_6_reg_2928                  |   5|   0|    8|          3|
    |rk_addr_7_reg_2933                  |   4|   0|    8|          4|
    |rk_addr_8_reg_2988                  |   8|   0|    8|          0|
    |rk_addr_9_reg_2993                  |   8|   0|    8|          0|
    |rk_addr_reg_2733                    |   7|   0|    8|          1|
    |tmp_17_reg_3088                     |   1|   0|    1|          0|
    |tmp_8_reg_3113                      |   1|   0|    1|          0|
    |tmp_reg_2614                        |   1|   0|    1|          0|
    |tmp_reg_2614_pp0_iter1_reg          |   1|   0|    1|          0|
    |trunc_ln124_1_reg_3078              |   7|   0|    7|          0|
    |trunc_ln124_reg_3103                |   7|   0|    7|          0|
    |trunc_ln248_1_reg_3083              |   1|   0|    1|          0|
    |trunc_ln248_reg_3108                |   1|   0|    1|          0|
    |trunc_ln250_1_reg_3128              |   1|   0|    1|          0|
    |trunc_ln250_reg_3143                |   1|   0|    1|          0|
    |trunc_ln252_1_reg_3148              |   1|   0|    1|          0|
    |trunc_ln252_reg_3153                |   1|   0|    1|          0|
    |trunc_ln257_1_reg_3158              |   7|   0|    7|          0|
    |trunc_ln257_reg_3163                |   7|   0|    7|          0|
    |trunc_ln259_1_reg_3168              |   7|   0|    7|          0|
    |trunc_ln259_reg_3173                |   7|   0|    7|          0|
    |trunc_ln261_1_reg_3178              |   7|   0|    7|          0|
    |trunc_ln261_reg_3183                |   7|   0|    7|          0|
    |trunc_ln374_reg_2610                |   1|   0|    1|          0|
    |trunc_ln374_reg_2610_pp0_iter1_reg  |   1|   0|    1|          0|
    |zext_ln374_reg_2618                 |   4|   0|    9|          5|
    +------------------------------------+----+----+-----+-----------+
    |Total                               | 595|   0|  640|         45|
    +------------------------------------+----+----+-----+-----------+



================================================================
== Interface
================================================================
* Summary: 
+-----------------+-----+-----+------------+--------------------------------------------+--------------+
|    RTL Ports    | Dir | Bits|  Protocol  |                Source Object               |    C Type    |
+-----------------+-----+-----+------------+--------------------------------------------+--------------+
|ap_clk           |   in|    1|  ap_ctrl_hs|  clefia_Pipeline_ClefiaKeySet256_label10111|  return value|
|ap_rst           |   in|    1|  ap_ctrl_hs|  clefia_Pipeline_ClefiaKeySet256_label10111|  return value|
|ap_start         |   in|    1|  ap_ctrl_hs|  clefia_Pipeline_ClefiaKeySet256_label10111|  return value|
|ap_done          |  out|    1|  ap_ctrl_hs|  clefia_Pipeline_ClefiaKeySet256_label10111|  return value|
|ap_idle          |  out|    1|  ap_ctrl_hs|  clefia_Pipeline_ClefiaKeySet256_label10111|  return value|
|ap_ready         |  out|    1|  ap_ctrl_hs|  clefia_Pipeline_ClefiaKeySet256_label10111|  return value|
|lk_1_address0    |  out|    5|   ap_memory|                                        lk_1|         array|
|lk_1_ce0         |  out|    1|   ap_memory|                                        lk_1|         array|
|lk_1_we0         |  out|    1|   ap_memory|                                        lk_1|         array|
|lk_1_d0          |  out|    8|   ap_memory|                                        lk_1|         array|
|lk_1_q0          |   in|    8|   ap_memory|                                        lk_1|         array|
|lk_1_address1    |  out|    5|   ap_memory|                                        lk_1|         array|
|lk_1_ce1         |  out|    1|   ap_memory|                                        lk_1|         array|
|lk_1_we1         |  out|    1|   ap_memory|                                        lk_1|         array|
|lk_1_d1          |  out|    8|   ap_memory|                                        lk_1|         array|
|lk_1_q1          |   in|    8|   ap_memory|                                        lk_1|         array|
|rk_address0      |  out|    8|   ap_memory|                                          rk|         array|
|rk_ce0           |  out|    1|   ap_memory|                                          rk|         array|
|rk_we0           |  out|    1|   ap_memory|                                          rk|         array|
|rk_d0            |  out|    8|   ap_memory|                                          rk|         array|
|rk_address1      |  out|    8|   ap_memory|                                          rk|         array|
|rk_ce1           |  out|    1|   ap_memory|                                          rk|         array|
|rk_we1           |  out|    1|   ap_memory|                                          rk|         array|
|rk_d1            |  out|    8|   ap_memory|                                          rk|         array|
|con256_address0  |  out|    9|   ap_memory|                                      con256|         array|
|con256_ce0       |  out|    1|   ap_memory|                                      con256|         array|
|con256_q0        |   in|    8|   ap_memory|                                      con256|         array|
|con256_address1  |  out|    9|   ap_memory|                                      con256|         array|
|con256_ce1       |  out|    1|   ap_memory|                                      con256|         array|
|con256_q1        |   in|    8|   ap_memory|                                      con256|         array|
+-----------------+-----+-----+------------+--------------------------------------------+--------------+

