

================================================================
== Vitis HLS Report for 'clefia_Pipeline_ByteCpy_label1101'
================================================================
* Date:           Mon Dec 12 09:00:37 2022

* Version:        2022.1 (Build 3526262 on Mon Apr 18 15:48:16 MDT 2022)
* Project:        CLEFIA_ip
* Solution:       solution4 (Vivado IP Flow Target)
* Product family: zynq
* Target device:  xc7z020-clg400-1


================================================================
== Performance Estimates
================================================================
+ Timing: 
    * Summary: 
    +--------+----------+----------+------------+
    |  Clock |  Target  | Estimated| Uncertainty|
    +--------+----------+----------+------------+
    |ap_clk  |  10.00 ns|  4.644 ns|     2.70 ns|
    +--------+----------+----------+------------+

+ Latency: 
    * Summary: 
    +---------+---------+----------+----------+-----+-----+---------+
    |  Latency (cycles) |  Latency (absolute) |  Interval | Pipeline|
    |   min   |   max   |    min   |    max   | min | max |   Type  |
    +---------+---------+----------+----------+-----+-----+---------+
    |       35|       35|  0.350 us|  0.350 us|   35|   35|       no|
    +---------+---------+----------+----------+-----+-----+---------+

    + Detail: 
        * Instance: 
        N/A

        * Loop: 
        +------------------+---------+---------+----------+-----------+-----------+------+----------+
        |                  |  Latency (cycles) | Iteration|  Initiation Interval  | Trip |          |
        |     Loop Name    |   min   |   max   |  Latency |  achieved |   target  | Count| Pipelined|
        +------------------+---------+---------+----------+-----------+-----------+------+----------+
        |- ByteCpy_label1  |       33|       33|         2|          1|          1|    32|       yes|
        +------------------+---------+---------+----------+-----------+-----------+------+----------+



================================================================
== Utilization Estimates
================================================================
* Summary: 
+-----------------+---------+-----+--------+-------+-----+
|       Name      | BRAM_18K| DSP |   FF   |  LUT  | URAM|
+-----------------+---------+-----+--------+-------+-----+
|DSP              |        -|    -|       -|      -|    -|
|Expression       |        -|    -|       0|     24|    -|
|FIFO             |        -|    -|       -|      -|    -|
|Instance         |        -|    -|       -|      -|    -|
|Memory           |        -|    -|       -|      -|    -|
|Multiplexer      |        -|    -|       -|     36|    -|
|Register         |        -|    -|      14|      -|    -|
+-----------------+---------+-----+--------+-------+-----+
|Total            |        0|    0|      14|     60|    0|
+-----------------+---------+-----+--------+-------+-----+
|Available        |      280|  220|  106400|  53200|    0|
+-----------------+---------+-----+--------+-------+-----+
|Utilization (%)  |        0|    0|      ~0|     ~0|    0|
+-----------------+---------+-----+--------+-------+-----+

+ Detail: 
    * Instance: 
    N/A

    * DSP: 
    N/A

    * Memory: 
    N/A

    * FIFO: 
    N/A

    * Expression: 
    +---------------------+----------+----+---+----+------------+------------+
    |    Variable Name    | Operation| DSP| FF| LUT| Bitwidth P0| Bitwidth P1|
    +---------------------+----------+----+---+----+------------+------------+
    |add_ln117_fu_74_p2   |         +|   0|  0|  13|           5|           1|
    |icmp_ln116_fu_80_p2  |      icmp|   0|  0|   9|           5|           2|
    |ap_enable_pp0        |       xor|   0|  0|   2|           1|           2|
    +---------------------+----------+----+---+----+------------+------------+
    |Total                |          |   0|  0|  24|          11|           5|
    +---------------------+----------+----+---+----+------------+------------+

    * Multiplexer: 
    +----------------------------------+----+-----------+-----+-----------+
    |               Name               | LUT| Input Size| Bits| Total Bits|
    +----------------------------------+----+-----------+-----+-----------+
    |ap_done_int                       |   9|          2|    1|          2|
    |ap_loop_exit_ready_pp0_iter1_reg  |   9|          2|    1|          2|
    |ap_sig_allocacmp_idx37_i175_load  |   9|          2|    5|         10|
    |idx37_i175_fu_30                  |   9|          2|    5|         10|
    +----------------------------------+----+-----------+-----+-----------+
    |Total                             |  36|          8|   12|         24|
    +----------------------------------+----+-----------+-----+-----------+

    * Register: 
    +----------------------------------+---+----+-----+-----------+
    |               Name               | FF| LUT| Bits| Const Bits|
    +----------------------------------+---+----+-----+-----------+
    |ap_CS_fsm                         |  1|   0|    1|          0|
    |ap_done_reg                       |  1|   0|    1|          0|
    |ap_enable_reg_pp0_iter1           |  1|   0|    1|          0|
    |ap_loop_exit_ready_pp0_iter1_reg  |  1|   0|    1|          0|
    |idx37_i175_fu_30                  |  5|   0|    5|          0|
    |zext_ln114_reg_98                 |  5|   0|   64|         59|
    +----------------------------------+---+----+-----+-----------+
    |Total                             | 14|   0|   73|         59|
    +----------------------------------+---+----+-----+-----------+



================================================================
== Interface
================================================================
* Summary: 
+--------------------+-----+-----+------------+-----------------------------------+--------------+
|      RTL Ports     | Dir | Bits|  Protocol  |           Source Object           |    C Type    |
+--------------------+-----+-----+------------+-----------------------------------+--------------+
|ap_clk              |   in|    1|  ap_ctrl_hs|  clefia_Pipeline_ByteCpy_label1101|  return value|
|ap_rst              |   in|    1|  ap_ctrl_hs|  clefia_Pipeline_ByteCpy_label1101|  return value|
|ap_start            |   in|    1|  ap_ctrl_hs|  clefia_Pipeline_ByteCpy_label1101|  return value|
|ap_done             |  out|    1|  ap_ctrl_hs|  clefia_Pipeline_ByteCpy_label1101|  return value|
|ap_idle             |  out|    1|  ap_ctrl_hs|  clefia_Pipeline_ByteCpy_label1101|  return value|
|ap_ready            |  out|    1|  ap_ctrl_hs|  clefia_Pipeline_ByteCpy_label1101|  return value|
|skey256_1_address0  |  out|    5|   ap_memory|                          skey256_1|         array|
|skey256_1_ce0       |  out|    1|   ap_memory|                          skey256_1|         array|
|skey256_1_q0        |   in|    8|   ap_memory|                          skey256_1|         array|
|fin_5_address0      |  out|    5|   ap_memory|                              fin_5|         array|
|fin_5_ce0           |  out|    1|   ap_memory|                              fin_5|         array|
|fin_5_we0           |  out|    1|   ap_memory|                              fin_5|         array|
|fin_5_d0            |  out|    8|   ap_memory|                              fin_5|         array|
+--------------------+-----+-----+------------+-----------------------------------+--------------+

