

================================================================
== Vitis HLS Report for 'clefia_Pipeline_ClefiaKeySet192_label9105'
================================================================
* Date:           Mon Dec 12 09:00:41 2022

* Version:        2022.1 (Build 3526262 on Mon Apr 18 15:48:16 MDT 2022)
* Project:        CLEFIA_ip
* Solution:       solution4 (Vivado IP Flow Target)
* Product family: zynq
* Target device:  xc7z020-clg400-1


================================================================
== Performance Estimates
================================================================
+ Timing: 
    * Summary: 
    +--------+----------+----------+------------+
    |  Clock |  Target  | Estimated| Uncertainty|
    +--------+----------+----------+------------+
    |ap_clk  |  10.00 ns|  5.169 ns|     2.70 ns|
    +--------+----------+----------+------------+

+ Latency: 
    * Summary: 
    +---------+---------+----------+----------+-----+-----+---------+
    |  Latency (cycles) |  Latency (absolute) |  Interval | Pipeline|
    |   min   |   max   |    min   |    max   | min | max |   Type  |
    +---------+---------+----------+----------+-----+-----+---------+
    |      185|      185|  1.850 us|  1.850 us|  185|  185|       no|
    +---------+---------+----------+----------+-----+-----+---------+

    + Detail: 
        * Instance: 
        N/A

        * Loop: 
        +--------------------------+---------+---------+----------+-----------+-----------+------+----------+
        |                          |  Latency (cycles) | Iteration|  Initiation Interval  | Trip |          |
        |         Loop Name        |   min   |   max   |  Latency |  achieved |   target  | Count| Pipelined|
        +--------------------------+---------+---------+----------+-----------+-----------+------+----------+
        |- ClefiaKeySet192_label9  |      183|      183|        18|         16|          1|    11|       yes|
        +--------------------------+---------+---------+----------+-----------+-----------+------+----------+



================================================================
== Utilization Estimates
================================================================
* Summary: 
+-----------------+---------+-----+--------+-------+-----+
|       Name      | BRAM_18K| DSP |   FF   |  LUT  | URAM|
+-----------------+---------+-----+--------+-------+-----+
|DSP              |        -|    -|       -|      -|    -|
|Expression       |        -|    -|       0|    823|    -|
|FIFO             |        -|    -|       -|      -|    -|
|Instance         |        -|    -|       -|      -|    -|
|Memory           |        -|    -|       -|      -|    -|
|Multiplexer      |        -|    -|       -|   1211|    -|
|Register         |        -|    -|     731|      -|    -|
+-----------------+---------+-----+--------+-------+-----+
|Total            |        0|    0|     731|   2034|    0|
+-----------------+---------+-----+--------+-------+-----+
|Available        |      280|  220|  106400|  53200|    0|
+-----------------+---------+-----+--------+-------+-----+
|Utilization (%)  |        0|    0|      ~0|      3|    0|
+-----------------+---------+-----+--------+-------+-----+

+ Detail: 
    * Instance: 
    N/A

    * DSP: 
    N/A

    * Memory: 
    N/A

    * FIFO: 
    N/A

    * Expression: 
    +--------------------------+----------+----+---+----+------------+------------+
    |       Variable Name      | Operation| DSP| FF| LUT| Bitwidth P0| Bitwidth P1|
    +--------------------------+----------+----+---+----+------------+------------+
    |add_ln121_fu_1665_p2      |         +|   0|  0|  14|           9|           8|
    |add_ln340_fu_1634_p2      |         +|   0|  0|  13|           4|           1|
    |add_ln354_fu_2557_p2      |         +|   0|  0|  15|           8|           5|
    |grp_fu_1235_p2            |         +|   0|  0|  14|           9|           8|
    |grp_fu_1246_p2            |         +|   0|  0|  14|           9|           8|
    |grp_fu_1251_p2            |         +|   0|  0|  14|           9|           8|
    |grp_fu_1271_p2            |         +|   0|  0|  14|           9|           8|
    |grp_fu_1276_p2            |         +|   0|  0|  14|           9|           8|
    |grp_fu_1291_p2            |         +|   0|  0|  14|           9|           8|
    |grp_fu_1296_p2            |         +|   0|  0|  14|           9|           8|
    |grp_fu_1311_p2            |         +|   0|  0|  14|           9|           8|
    |grp_fu_1316_p2            |         +|   0|  0|  14|           9|           8|
    |grp_fu_1331_p2            |         +|   0|  0|  14|           9|           8|
    |grp_fu_1336_p2            |         +|   0|  0|  14|           9|           8|
    |grp_fu_1341_p2            |         +|   0|  0|  15|           8|           4|
    |grp_fu_1346_p2            |         +|   0|  0|  15|           8|           4|
    |grp_fu_1351_p2            |         +|   0|  0|  14|           9|           8|
    |grp_fu_1356_p2            |         +|   0|  0|  14|           9|           8|
    |grp_fu_1361_p2            |         +|   0|  0|  15|           8|           4|
    |grp_fu_1366_p2            |         +|   0|  0|  15|           8|           4|
    |grp_fu_1371_p2            |         +|   0|  0|  14|           9|           8|
    |grp_fu_1376_p2            |         +|   0|  0|  14|           9|           8|
    |grp_fu_1381_p2            |         +|   0|  0|  15|           8|           4|
    |grp_fu_1386_p2            |         +|   0|  0|  15|           8|           4|
    |grp_fu_1399_p2            |         +|   0|  0|  15|           8|           4|
    |grp_fu_1404_p2            |         +|   0|  0|  15|           8|           4|
    |ap_condition_2143         |       and|   0|  0|   2|           1|           1|
    |ap_condition_2148         |       and|   0|  0|   2|           1|           1|
    |ap_condition_2153         |       and|   0|  0|   2|           1|           1|
    |ap_condition_2156         |       and|   0|  0|   2|           1|           1|
    |ap_condition_2161         |       and|   0|  0|   2|           1|           1|
    |ap_condition_2164         |       and|   0|  0|   2|           1|           1|
    |ap_condition_2169         |       and|   0|  0|   2|           1|           1|
    |ap_condition_2172         |       and|   0|  0|   2|           1|           1|
    |ap_condition_2177         |       and|   0|  0|   2|           1|           1|
    |ap_condition_2180         |       and|   0|  0|   2|           1|           1|
    |ap_condition_2185         |       and|   0|  0|   2|           1|           1|
    |ap_condition_2188         |       and|   0|  0|   2|           1|           1|
    |ap_condition_2193         |       and|   0|  0|   2|           1|           1|
    |ap_condition_2196         |       and|   0|  0|   2|           1|           1|
    |ap_condition_2201         |       and|   0|  0|   2|           1|           1|
    |ap_condition_2204         |       and|   0|  0|   2|           1|           1|
    |ap_condition_2209         |       and|   0|  0|   2|           1|           1|
    |ap_condition_2212         |       and|   0|  0|   2|           1|           1|
    |ap_condition_2217         |       and|   0|  0|   2|           1|           1|
    |ap_condition_2220         |       and|   0|  0|   2|           1|           1|
    |ap_condition_2225         |       and|   0|  0|   2|           1|           1|
    |ap_condition_2228         |       and|   0|  0|   2|           1|           1|
    |ap_condition_2233         |       and|   0|  0|   2|           1|           1|
    |ap_condition_2236         |       and|   0|  0|   2|           1|           1|
    |ap_condition_2241         |       and|   0|  0|   2|           1|           1|
    |ap_condition_2244         |       and|   0|  0|   2|           1|           1|
    |ap_condition_2249         |       and|   0|  0|   2|           1|           1|
    |ap_condition_2252         |       and|   0|  0|   2|           1|           1|
    |ap_condition_2257         |       and|   0|  0|   2|           1|           1|
    |ap_condition_2260         |       and|   0|  0|   2|           1|           1|
    |ap_condition_2265         |       and|   0|  0|   2|           1|           1|
    |ap_condition_2268         |       and|   0|  0|   2|           1|           1|
    |ap_condition_2273         |       and|   0|  0|   2|           1|           1|
    |ap_condition_2276         |       and|   0|  0|   2|           1|           1|
    |ap_condition_2280         |       and|   0|  0|   2|           1|           1|
    |ap_condition_2283         |       and|   0|  0|   2|           1|           1|
    |ap_condition_2287         |       and|   0|  0|   2|           1|           1|
    |ap_condition_2290         |       and|   0|  0|   2|           1|           1|
    |ap_condition_2294         |       and|   0|  0|   2|           1|           1|
    |ap_condition_2297         |       and|   0|  0|   2|           1|           1|
    |ap_condition_2301         |       and|   0|  0|   2|           1|           1|
    |ap_condition_2304         |       and|   0|  0|   2|           1|           1|
    |ap_condition_2308         |       and|   0|  0|   2|           1|           1|
    |ap_condition_2311         |       and|   0|  0|   2|           1|           1|
    |ap_condition_2315         |       and|   0|  0|   2|           1|           1|
    |ap_condition_2318         |       and|   0|  0|   2|           1|           1|
    |ap_condition_2322         |       and|   0|  0|   2|           1|           1|
    |ap_condition_2325         |       and|   0|  0|   2|           1|           1|
    |icmp_ln340_fu_1628_p2     |      icmp|   0|  0|   9|           4|           4|
    |grp_fu_1265_p2            |        or|   0|  0|   8|           8|           4|
    |grp_fu_1281_p2            |        or|   0|  0|   8|           8|           4|
    |grp_fu_1286_p2            |        or|   0|  0|   8|           8|           4|
    |grp_fu_1301_p2            |        or|   0|  0|   8|           8|           4|
    |grp_fu_1306_p2            |        or|   0|  0|   8|           8|           4|
    |grp_fu_1321_p2            |        or|   0|  0|   8|           8|           4|
    |grp_fu_1326_p2            |        or|   0|  0|   8|           8|           4|
    |or_ln326_fu_1706_p2       |        or|   0|  0|   8|           8|           4|
    |ap_enable_pp0             |       xor|   0|  0|   2|           1|           2|
    |grp_fu_1240_p2            |       xor|   0|  0|   8|           8|           8|
    |grp_fu_1256_p2            |       xor|   0|  0|   8|           8|           8|
    |xor_ln124_138_fu_1717_p2  |       xor|   0|  0|   8|           8|           8|
    |xor_ln124_154_fu_1763_p2  |       xor|   0|  0|   8|           8|           8|
    |xor_ln124_155_fu_1768_p2  |       xor|   0|  0|   8|           8|           8|
    |xor_ln124_156_fu_1823_p2  |       xor|   0|  0|   8|           8|           8|
    |xor_ln124_157_fu_1828_p2  |       xor|   0|  0|   8|           8|           8|
    |xor_ln124_158_fu_1883_p2  |       xor|   0|  0|   8|           8|           8|
    |xor_ln124_159_fu_1888_p2  |       xor|   0|  0|   8|           8|           8|
    |xor_ln124_160_fu_1943_p2  |       xor|   0|  0|   8|           8|           8|
    |xor_ln124_161_fu_1948_p2  |       xor|   0|  0|   8|           8|           8|
    |xor_ln124_162_fu_2003_p2  |       xor|   0|  0|   8|           8|           8|
    |xor_ln124_163_fu_2008_p2  |       xor|   0|  0|   8|           8|           8|
    |xor_ln124_164_fu_2063_p2  |       xor|   0|  0|   8|           8|           8|
    |xor_ln124_165_fu_2068_p2  |       xor|   0|  0|   8|           8|           8|
    |xor_ln124_166_fu_2141_p2  |       xor|   0|  0|   8|           8|           8|
    |xor_ln124_167_fu_2146_p2  |       xor|   0|  0|   8|           8|           8|
    |xor_ln124_168_fu_2236_p2  |       xor|   0|  0|   8|           8|           8|
    |xor_ln124_169_fu_2241_p2  |       xor|   0|  0|   8|           8|           8|
    |xor_ln124_170_fu_1738_p2  |       xor|   0|  0|   8|           8|           8|
    |xor_ln124_171_fu_1743_p2  |       xor|   0|  0|   8|           8|           8|
    |xor_ln124_172_fu_1793_p2  |       xor|   0|  0|   8|           8|           8|
    |xor_ln124_173_fu_1798_p2  |       xor|   0|  0|   8|           8|           8|
    |xor_ln124_174_fu_1853_p2  |       xor|   0|  0|   8|           8|           8|
    |xor_ln124_175_fu_1858_p2  |       xor|   0|  0|   8|           8|           8|
    |xor_ln124_176_fu_1913_p2  |       xor|   0|  0|   8|           8|           8|
    |xor_ln124_177_fu_1918_p2  |       xor|   0|  0|   8|           8|           8|
    |xor_ln124_178_fu_1973_p2  |       xor|   0|  0|   8|           8|           8|
    |xor_ln124_179_fu_1978_p2  |       xor|   0|  0|   8|           8|           8|
    |xor_ln124_180_fu_2033_p2  |       xor|   0|  0|   8|           8|           8|
    |xor_ln124_181_fu_2038_p2  |       xor|   0|  0|   8|           8|           8|
    |xor_ln124_182_fu_2087_p2  |       xor|   0|  0|   8|           8|           8|
    |xor_ln124_183_fu_2092_p2  |       xor|   0|  0|   8|           8|           8|
    |xor_ln124_184_fu_2191_p2  |       xor|   0|  0|   8|           8|           8|
    |xor_ln124_185_fu_2196_p2  |       xor|   0|  0|   8|           8|           8|
    +--------------------------+----------+----+---+----+------------+------------+
    |Total                     |          |   0|  0| 823|         617|         532|
    +--------------------------+----------+----+---+----+------------+------------+

    * Multiplexer: 
    +-----------------------------+-----+-----------+-----+-----------+
    |             Name            | LUT | Input Size| Bits| Total Bits|
    +-----------------------------+-----+-----------+-----+-----------+
    |ap_NS_fsm                    |   81|         17|    1|         17|
    |ap_done_int                  |    9|          2|    1|          2|
    |ap_enable_reg_pp0_iter0      |    9|          2|    1|          2|
    |ap_enable_reg_pp0_iter0_reg  |    9|          2|    1|          2|
    |ap_enable_reg_pp0_iter1      |    9|          2|    1|          2|
    |ap_sig_allocacmp_i_2         |    9|          2|    4|          8|
    |con192_address0              |   81|         17|    9|        153|
    |con192_address1              |   65|         16|    9|        144|
    |i_fu_228                     |    9|          2|    4|          8|
    |idx55_i230_fu_224            |    9|          2|    8|         16|
    |lk_2_address0                |  147|         33|    5|        165|
    |lk_2_address1                |  147|         33|    5|        165|
    |lk_2_d0                      |   81|         17|    8|        136|
    |lk_2_d1                      |   81|         17|    8|        136|
    |rk_address0                  |  147|         33|    8|        264|
    |rk_address1                  |  138|         31|    8|        248|
    |rk_d0                        |   87|         18|    8|        144|
    |rk_d1                        |   93|         19|    8|        152|
    +-----------------------------+-----+-----------+-----+-----------+
    |Total                        | 1211|        265|   97|       1764|
    +-----------------------------+-----+-----------+-----+-----------+

    * Register: 
    +------------------------------------+----+----+-----+-----------+
    |                Name                | FF | LUT| Bits| Const Bits|
    +------------------------------------+----+----+-----+-----------+
    |add_ln340_reg_2766                  |   4|   0|    4|          0|
    |ap_CS_fsm                           |  16|   0|   16|          0|
    |ap_done_reg                         |   1|   0|    1|          0|
    |ap_enable_reg_pp0_iter0_reg         |   1|   0|    1|          0|
    |ap_enable_reg_pp0_iter1             |   1|   0|    1|          0|
    |con192_load_16_reg_2832             |   8|   0|    8|          0|
    |i_fu_228                            |   4|   0|    4|          0|
    |icmp_ln340_reg_2762                 |   1|   0|    1|          0|
    |idx55_i230_fu_224                   |   8|   0|    8|          0|
    |idx55_i230_load_1_reg_2877          |   8|   0|    8|          0|
    |or_ln326_reg_2887                   |   7|   0|    8|          1|
    |reg_1409                            |   8|   0|    8|          0|
    |reg_1413                            |   8|   0|    8|          0|
    |reg_1417                            |   8|   0|    8|          0|
    |reg_1422                            |   8|   0|    8|          0|
    |reg_1427                            |   8|   0|    8|          0|
    |reg_1431                            |   8|   0|    8|          0|
    |reg_1435                            |   8|   0|    8|          0|
    |reg_1439                            |   8|   0|    8|          0|
    |reg_1443                            |   8|   0|    8|          0|
    |reg_1447                            |   8|   0|    8|          0|
    |reg_1451                            |   8|   0|    8|          0|
    |reg_1455                            |   8|   0|    8|          0|
    |reg_1459                            |   8|   0|    8|          0|
    |reg_1463                            |   8|   0|    8|          0|
    |reg_1467                            |   8|   0|    8|          0|
    |reg_1471                            |   8|   0|    8|          0|
    |reg_1611                            |   7|   0|    7|          0|
    |rk_addr_32_reg_2929                 |   6|   0|    8|          2|
    |rk_addr_33_reg_3004                 |   6|   0|    8|          2|
    |rk_addr_34_reg_3009                 |   5|   0|    8|          3|
    |rk_addr_35_reg_3084                 |   6|   0|    8|          2|
    |rk_addr_36_reg_3089                 |   5|   0|    8|          3|
    |rk_addr_37_reg_3164                 |   5|   0|    8|          3|
    |rk_addr_38_reg_3169                 |   4|   0|    8|          4|
    |rk_addr_39_reg_3244                 |   8|   0|    8|          0|
    |rk_addr_40_reg_3249                 |   8|   0|    8|          0|
    |rk_addr_41_reg_3324                 |   8|   0|    8|          0|
    |rk_addr_42_reg_3329                 |   8|   0|    8|          0|
    |rk_addr_43_reg_3389                 |   8|   0|    8|          0|
    |rk_addr_44_reg_3394                 |   8|   0|    8|          0|
    |rk_addr_45_reg_3449                 |   8|   0|    8|          0|
    |rk_addr_46_reg_3454                 |   8|   0|    8|          0|
    |rk_addr_47_reg_2904                 |   6|   0|    8|          2|
    |rk_addr_48_reg_2974                 |   6|   0|    8|          2|
    |rk_addr_49_reg_2979                 |   5|   0|    8|          3|
    |rk_addr_50_reg_3054                 |   6|   0|    8|          2|
    |rk_addr_51_reg_3059                 |   5|   0|    8|          3|
    |rk_addr_52_reg_3134                 |   5|   0|    8|          3|
    |rk_addr_53_reg_3139                 |   4|   0|    8|          4|
    |rk_addr_54_reg_3214                 |   8|   0|    8|          0|
    |rk_addr_55_reg_3219                 |   8|   0|    8|          0|
    |rk_addr_56_reg_3294                 |   8|   0|    8|          0|
    |rk_addr_57_reg_3299                 |   8|   0|    8|          0|
    |rk_addr_58_reg_3354                 |   8|   0|    8|          0|
    |rk_addr_59_reg_3359                 |   8|   0|    8|          0|
    |rk_addr_60_reg_3424                 |   8|   0|    8|          0|
    |rk_addr_61_reg_3429                 |   8|   0|    8|          0|
    |rk_addr_reg_2899                    |   7|   0|    8|          1|
    |tmp_41_reg_3419                     |   1|   0|    1|          0|
    |tmp_49_reg_3384                     |   1|   0|    1|          0|
    |tmp_reg_2775                        |   1|   0|    1|          0|
    |tmp_reg_2775_pp0_iter1_reg          |   1|   0|    1|          0|
    |trunc_ln124_3_reg_3364              |   7|   0|    7|          0|
    |trunc_ln124_reg_3399                |   7|   0|    7|          0|
    |trunc_ln248_3_reg_3379              |   1|   0|    1|          0|
    |trunc_ln248_reg_3414                |   1|   0|    1|          0|
    |trunc_ln250_3_reg_3444              |   1|   0|    1|          0|
    |trunc_ln250_reg_3469                |   1|   0|    1|          0|
    |trunc_ln252_3_reg_3474              |   1|   0|    1|          0|
    |trunc_ln252_reg_3479                |   1|   0|    1|          0|
    |trunc_ln257_3_reg_3484              |   7|   0|    7|          0|
    |trunc_ln257_reg_3489                |   7|   0|    7|          0|
    |trunc_ln259_3_reg_3494              |   7|   0|    7|          0|
    |trunc_ln259_reg_3499                |   7|   0|    7|          0|
    |trunc_ln261_3_reg_3504              |   7|   0|    7|          0|
    |trunc_ln261_reg_3509                |   7|   0|    7|          0|
    |trunc_ln341_reg_2771                |   1|   0|    1|          0|
    |trunc_ln341_reg_2771_pp0_iter1_reg  |   1|   0|    1|          0|
    |xor_ln124_154_reg_2944              |   8|   0|    8|          0|
    |xor_ln124_155_reg_2949              |   8|   0|    8|          0|
    |xor_ln124_156_reg_3024              |   8|   0|    8|          0|
    |xor_ln124_157_reg_3029              |   8|   0|    8|          0|
    |xor_ln124_158_reg_3104              |   8|   0|    8|          0|
    |xor_ln124_159_reg_3109              |   8|   0|    8|          0|
    |xor_ln124_160_reg_3184              |   8|   0|    8|          0|
    |xor_ln124_161_reg_3189              |   8|   0|    8|          0|
    |xor_ln124_162_reg_3264              |   8|   0|    8|          0|
    |xor_ln124_163_reg_3269              |   8|   0|    8|          0|
    |xor_ln124_164_reg_3344              |   8|   0|    8|          0|
    |xor_ln124_165_reg_3349              |   8|   0|    8|          0|
    |xor_ln124_166_reg_3404              |   8|   0|    8|          0|
    |xor_ln124_167_reg_3409              |   8|   0|    8|          0|
    |xor_ln124_168_reg_3459              |   8|   0|    8|          0|
    |xor_ln124_169_reg_3464              |   8|   0|    8|          0|
    |xor_ln124_170_reg_2919              |   8|   0|    8|          0|
    |xor_ln124_171_reg_2924              |   8|   0|    8|          0|
    |xor_ln124_172_reg_2994              |   8|   0|    8|          0|
    |xor_ln124_173_reg_2999              |   8|   0|    8|          0|
    |xor_ln124_174_reg_3074              |   8|   0|    8|          0|
    |xor_ln124_175_reg_3079              |   8|   0|    8|          0|
    |xor_ln124_176_reg_3154              |   8|   0|    8|          0|
    |xor_ln124_177_reg_3159              |   8|   0|    8|          0|
    |xor_ln124_178_reg_3234              |   8|   0|    8|          0|
    |xor_ln124_179_reg_3239              |   8|   0|    8|          0|
    |xor_ln124_180_reg_3314              |   8|   0|    8|          0|
    |xor_ln124_181_reg_3319              |   8|   0|    8|          0|
    |xor_ln124_182_reg_3369              |   8|   0|    8|          0|
    |xor_ln124_183_reg_3374              |   8|   0|    8|          0|
    |xor_ln124_184_reg_3434              |   8|   0|    8|          0|
    |xor_ln124_185_reg_3439              |   8|   0|    8|          0|
    |zext_ln341_reg_2779                 |   4|   0|    9|          5|
    +------------------------------------+----+----+-----+-----------+
    |Total                               | 731|   0|  776|         45|
    +------------------------------------+----+----+-----+-----------+



================================================================
== Interface
================================================================
* Summary: 
+-------------------+-----+-----+------------+-------------------------------------------+--------------+
|     RTL Ports     | Dir | Bits|  Protocol  |               Source Object               |    C Type    |
+-------------------+-----+-----+------------+-------------------------------------------+--------------+
|ap_clk             |   in|    1|  ap_ctrl_hs|  clefia_Pipeline_ClefiaKeySet192_label9105|  return value|
|ap_rst             |   in|    1|  ap_ctrl_hs|  clefia_Pipeline_ClefiaKeySet192_label9105|  return value|
|ap_start           |   in|    1|  ap_ctrl_hs|  clefia_Pipeline_ClefiaKeySet192_label9105|  return value|
|ap_done            |  out|    1|  ap_ctrl_hs|  clefia_Pipeline_ClefiaKeySet192_label9105|  return value|
|ap_idle            |  out|    1|  ap_ctrl_hs|  clefia_Pipeline_ClefiaKeySet192_label9105|  return value|
|ap_ready           |  out|    1|  ap_ctrl_hs|  clefia_Pipeline_ClefiaKeySet192_label9105|  return value|
|lk_2_address0      |  out|    5|   ap_memory|                                       lk_2|         array|
|lk_2_ce0           |  out|    1|   ap_memory|                                       lk_2|         array|
|lk_2_we0           |  out|    1|   ap_memory|                                       lk_2|         array|
|lk_2_d0            |  out|    8|   ap_memory|                                       lk_2|         array|
|lk_2_q0            |   in|    8|   ap_memory|                                       lk_2|         array|
|lk_2_address1      |  out|    5|   ap_memory|                                       lk_2|         array|
|lk_2_ce1           |  out|    1|   ap_memory|                                       lk_2|         array|
|lk_2_we1           |  out|    1|   ap_memory|                                       lk_2|         array|
|lk_2_d1            |  out|    8|   ap_memory|                                       lk_2|         array|
|lk_2_q1            |   in|    8|   ap_memory|                                       lk_2|         array|
|rk_address0        |  out|    8|   ap_memory|                                         rk|         array|
|rk_ce0             |  out|    1|   ap_memory|                                         rk|         array|
|rk_we0             |  out|    1|   ap_memory|                                         rk|         array|
|rk_d0              |  out|    8|   ap_memory|                                         rk|         array|
|rk_address1        |  out|    8|   ap_memory|                                         rk|         array|
|rk_ce1             |  out|    1|   ap_memory|                                         rk|         array|
|rk_we1             |  out|    1|   ap_memory|                                         rk|         array|
|rk_d1              |  out|    8|   ap_memory|                                         rk|         array|
|skey256_1_load_16  |   in|    8|     ap_none|                          skey256_1_load_16|        scalar|
|skey256_1_load_17  |   in|    8|     ap_none|                          skey256_1_load_17|        scalar|
|skey256_1_load_18  |   in|    8|     ap_none|                          skey256_1_load_18|        scalar|
|skey256_1_load_19  |   in|    8|     ap_none|                          skey256_1_load_19|        scalar|
|skey256_1_load_20  |   in|    8|     ap_none|                          skey256_1_load_20|        scalar|
|skey256_1_load_21  |   in|    8|     ap_none|                          skey256_1_load_21|        scalar|
|skey256_1_load_22  |   in|    8|     ap_none|                          skey256_1_load_22|        scalar|
|skey256_1_load_23  |   in|    8|     ap_none|                          skey256_1_load_23|        scalar|
|skey256_1_load_24  |   in|    8|     ap_none|                          skey256_1_load_24|        scalar|
|skey256_1_load_25  |   in|    8|     ap_none|                          skey256_1_load_25|        scalar|
|skey256_1_load_26  |   in|    8|     ap_none|                          skey256_1_load_26|        scalar|
|skey256_1_load_27  |   in|    8|     ap_none|                          skey256_1_load_27|        scalar|
|skey256_1_load_28  |   in|    8|     ap_none|                          skey256_1_load_28|        scalar|
|skey256_1_load_29  |   in|    8|     ap_none|                          skey256_1_load_29|        scalar|
|skey256_1_load_30  |   in|    8|     ap_none|                          skey256_1_load_30|        scalar|
|skey256_1_load_31  |   in|    8|     ap_none|                          skey256_1_load_31|        scalar|
|skey256_1_load     |   in|    8|     ap_none|                             skey256_1_load|        scalar|
|skey256_1_load_1   |   in|    8|     ap_none|                           skey256_1_load_1|        scalar|
|skey256_1_load_2   |   in|    8|     ap_none|                           skey256_1_load_2|        scalar|
|skey256_1_load_3   |   in|    8|     ap_none|                           skey256_1_load_3|        scalar|
|skey256_1_load_4   |   in|    8|     ap_none|                           skey256_1_load_4|        scalar|
|skey256_1_load_5   |   in|    8|     ap_none|                           skey256_1_load_5|        scalar|
|skey256_1_load_6   |   in|    8|     ap_none|                           skey256_1_load_6|        scalar|
|skey256_1_load_7   |   in|    8|     ap_none|                           skey256_1_load_7|        scalar|
|skey256_1_load_8   |   in|    8|     ap_none|                           skey256_1_load_8|        scalar|
|skey256_1_load_9   |   in|    8|     ap_none|                           skey256_1_load_9|        scalar|
|skey256_1_load_10  |   in|    8|     ap_none|                          skey256_1_load_10|        scalar|
|skey256_1_load_11  |   in|    8|     ap_none|                          skey256_1_load_11|        scalar|
|skey256_1_load_12  |   in|    8|     ap_none|                          skey256_1_load_12|        scalar|
|skey256_1_load_13  |   in|    8|     ap_none|                          skey256_1_load_13|        scalar|
|skey256_1_load_14  |   in|    8|     ap_none|                          skey256_1_load_14|        scalar|
|skey256_1_load_15  |   in|    8|     ap_none|                          skey256_1_load_15|        scalar|
|con192_address0    |  out|    9|   ap_memory|                                     con192|         array|
|con192_ce0         |  out|    1|   ap_memory|                                     con192|         array|
|con192_q0          |   in|    8|   ap_memory|                                     con192|         array|
|con192_address1    |  out|    9|   ap_memory|                                     con192|         array|
|con192_ce1         |  out|    1|   ap_memory|                                     con192|         array|
|con192_q1          |   in|    8|   ap_memory|                                     con192|         array|
+-------------------+-----+-----+------------+-------------------------------------------+--------------+

