

================================================================
== Vitis HLS Report for 'clefia_Pipeline_ClefiaGfn8_label4108'
================================================================
* Date:           Mon Dec 12 09:00:30 2022

* Version:        2022.1 (Build 3526262 on Mon Apr 18 15:48:16 MDT 2022)
* Project:        CLEFIA_ip
* Solution:       solution4 (Vivado IP Flow Target)
* Product family: zynq
* Target device:  xc7z020-clg400-1


================================================================
== Performance Estimates
================================================================
+ Timing: 
    * Summary: 
    +--------+----------+----------+------------+
    |  Clock |  Target  | Estimated| Uncertainty|
    +--------+----------+----------+------------+
    |ap_clk  |  10.00 ns|  6.998 ns|     2.70 ns|
    +--------+----------+----------+------------+

+ Latency: 
    * Summary: 
    +---------+---------+----------+----------+-----+-----+---------+
    |  Latency (cycles) |  Latency (absolute) |  Interval | Pipeline|
    |   min   |   max   |    min   |    max   | min | max |   Type  |
    +---------+---------+----------+----------+-----+-----+---------+
    |      265|      265|  2.650 us|  2.650 us|  265|  265|       no|
    +---------+---------+----------+----------+-----+-----+---------+

    + Detail: 
        * Instance: 
        N/A

        * Loop: 
        +---------------------+---------+---------+----------+-----------+-----------+------+----------+
        |                     |  Latency (cycles) | Iteration|  Initiation Interval  | Trip |          |
        |      Loop Name      |   min   |   max   |  Latency |  achieved |   target  | Count| Pipelined|
        +---------------------+---------+---------+----------+-----------+-----------+------+----------+
        |- ClefiaGfn8_label4  |      263|      263|        24|         24|          1|    10|       yes|
        +---------------------+---------+---------+----------+-----------+-----------+------+----------+



================================================================
== Utilization Estimates
================================================================
* Summary: 
+-----------------+---------+-----+--------+-------+-----+
|       Name      | BRAM_18K| DSP |   FF   |  LUT  | URAM|
+-----------------+---------+-----+--------+-------+-----+
|DSP              |        -|    -|       -|      -|    -|
|Expression       |        -|    -|       0|   1549|    -|
|FIFO             |        -|    -|       -|      -|    -|
|Instance         |        -|    -|       -|      -|    -|
|Memory           |        -|    -|       -|      -|    -|
|Multiplexer      |        -|    -|       -|    714|    -|
|Register         |        -|    -|     674|      -|    -|
+-----------------+---------+-----+--------+-------+-----+
|Total            |        0|    0|     674|   2263|    0|
+-----------------+---------+-----+--------+-------+-----+
|Available        |      280|  220|  106400|  53200|    0|
+-----------------+---------+-----+--------+-------+-----+
|Utilization (%)  |        0|    0|      ~0|      4|    0|
+-----------------+---------+-----+--------+-------+-----+

+ Detail: 
    * Instance: 
    N/A

    * DSP: 
    N/A

    * Memory: 
    N/A

    * FIFO: 
    N/A

    * Expression: 
    +----------------------------+----------+----+---+----+------------+------------+
    |        Variable Name       | Operation| DSP| FF| LUT| Bitwidth P0| Bitwidth P1|
    +----------------------------+----------+----+---+----+------------+------------+
    |add_ln210_fu_3455_p2        |         +|   0|  0|  13|           4|           2|
    |add_ln215_fu_3450_p2        |         +|   0|  0|  15|           8|           5|
    |icmp_ln216_fu_1746_p2       |      icmp|   0|  0|   9|           4|           1|
    |or_ln121_53_fu_1063_p2      |        or|   0|  0|   8|           8|           2|
    |or_ln121_54_fu_1083_p2      |        or|   0|  0|   8|           8|           2|
    |or_ln121_55_fu_1356_p2      |        or|   0|  0|   8|           8|           3|
    |or_ln121_56_fu_1447_p2      |        or|   0|  0|   8|           8|           3|
    |or_ln121_57_fu_1467_p2      |        or|   0|  0|   8|           8|           3|
    |or_ln121_58_fu_1948_p2      |        or|   0|  0|   8|           8|           4|
    |or_ln121_59_fu_2149_p2      |        or|   0|  0|   8|           8|           4|
    |or_ln121_60_fu_2247_p2      |        or|   0|  0|   8|           8|           4|
    |or_ln121_61_fu_2562_p2      |        or|   0|  0|   8|           8|           4|
    |or_ln121_62_fu_2793_p2      |        or|   0|  0|   8|           8|           4|
    |or_ln121_63_fu_2813_p2      |        or|   0|  0|   8|           8|           4|
    |or_ln121_fu_1048_p2         |        or|   0|  0|   8|           8|           1|
    |or_ln212_fu_1260_p2         |        or|   0|  0|   8|           8|           3|
    |or_ln213_fu_1736_p2         |        or|   0|  0|   8|           8|           4|
    |or_ln214_fu_2466_p2         |        or|   0|  0|   8|           8|           4|
    |select_ln131_40_fu_1294_p3  |    select|   0|  0|   8|           1|           8|
    |select_ln131_41_fu_1336_p3  |    select|   0|  0|   8|           1|           8|
    |select_ln131_42_fu_1380_p3  |    select|   0|  0|   8|           1|           8|
    |select_ln131_43_fu_1422_p3  |    select|   0|  0|   8|           1|           8|
    |select_ln131_44_fu_1112_p3  |    select|   0|  0|   8|           1|           8|
    |select_ln131_45_fu_1154_p3  |    select|   0|  0|   8|           1|           8|
    |select_ln131_46_fu_1240_p3  |    select|   0|  0|   8|           1|           8|
    |select_ln131_47_fu_1627_p3  |    select|   0|  0|   8|           1|           8|
    |select_ln131_48_fu_1669_p3  |    select|   0|  0|   8|           1|           8|
    |select_ln131_49_fu_1711_p3  |    select|   0|  0|   8|           1|           8|
    |select_ln131_50_fu_1844_p3  |    select|   0|  0|   8|           1|           8|
    |select_ln131_51_fu_2040_p3  |    select|   0|  0|   8|           1|           8|
    |select_ln131_52_fu_2082_p3  |    select|   0|  0|   8|           1|           8|
    |select_ln131_53_fu_2124_p3  |    select|   0|  0|   8|           1|           8|
    |select_ln131_54_fu_1496_p3  |    select|   0|  0|   8|           1|           8|
    |select_ln131_55_fu_1538_p3  |    select|   0|  0|   8|           1|           8|
    |select_ln131_56_fu_1580_p3  |    select|   0|  0|   8|           1|           8|
    |select_ln131_57_fu_1886_p3  |    select|   0|  0|   8|           1|           8|
    |select_ln131_58_fu_1928_p3  |    select|   0|  0|   8|           1|           8|
    |select_ln131_59_fu_2404_p3  |    select|   0|  0|   8|           1|           8|
    |select_ln131_60_fu_2500_p3  |    select|   0|  0|   8|           1|           8|
    |select_ln131_61_fu_2542_p3  |    select|   0|  0|   8|           1|           8|
    |select_ln131_62_fu_2592_p3  |    select|   0|  0|   8|           1|           8|
    |select_ln131_63_fu_2634_p3  |    select|   0|  0|   8|           1|           8|
    |select_ln131_64_fu_2276_p3  |    select|   0|  0|   8|           1|           8|
    |select_ln131_65_fu_2318_p3  |    select|   0|  0|   8|           1|           8|
    |select_ln131_66_fu_2446_p3  |    select|   0|  0|   8|           1|           8|
    |select_ln131_67_fu_2970_p3  |    select|   0|  0|   8|           1|           8|
    |select_ln131_68_fu_3012_p3  |    select|   0|  0|   8|           1|           8|
    |select_ln131_69_fu_3054_p3  |    select|   0|  0|   8|           1|           8|
    |select_ln131_70_fu_3103_p3  |    select|   0|  0|   8|           1|           8|
    |select_ln131_71_fu_3221_p3  |    select|   0|  0|   8|           1|           8|
    |select_ln131_72_fu_3263_p3  |    select|   0|  0|   8|           1|           8|
    |select_ln131_73_fu_3305_p3  |    select|   0|  0|   8|           1|           8|
    |select_ln131_74_fu_2842_p3  |    select|   0|  0|   8|           1|           8|
    |select_ln131_75_fu_2884_p3  |    select|   0|  0|   8|           1|           8|
    |select_ln131_76_fu_2926_p3  |    select|   0|  0|   8|           1|           8|
    |select_ln131_77_fu_3145_p3  |    select|   0|  0|   8|           1|           8|
    |select_ln131_78_fu_3187_p3  |    select|   0|  0|   8|           1|           8|
    |select_ln131_fu_1198_p3     |    select|   0|  0|   8|           1|           8|
    |xor_ln124_276_fu_1078_p2    |       xor|   0|  0|   8|           8|           8|
    |xor_ln124_277_fu_1174_p2    |       xor|   0|  0|   8|           8|           8|
    |xor_ln124_278_fu_1270_p2    |       xor|   0|  0|   8|           8|           8|
    |xor_ln124_279_fu_1764_p2    |       xor|   0|  0|   8|           8|           8|
    |xor_ln124_280_fu_1769_p2    |       xor|   0|  0|   8|           8|           8|
    |xor_ln124_281_fu_1775_p2    |       xor|   0|  0|   8|           8|           8|
    |xor_ln124_282_fu_1780_p2    |       xor|   0|  0|   8|           8|           8|
    |xor_ln124_283_fu_1786_p2    |       xor|   0|  0|   8|           8|           8|
    |xor_ln124_284_fu_1792_p2    |       xor|   0|  0|   8|           8|           8|
    |xor_ln124_285_fu_1814_p2    |       xor|   0|  0|   8|           8|           8|
    |xor_ln124_286_fu_1992_p2    |       xor|   0|  0|   8|           8|           8|
    |xor_ln124_287_fu_2020_p2    |       xor|   0|  0|   8|           8|           8|
    |xor_ln124_288_fu_1442_p2    |       xor|   0|  0|   8|           8|           8|
    |xor_ln124_289_fu_1462_p2    |       xor|   0|  0|   8|           8|           8|
    |xor_ln124_290_fu_1603_p2    |       xor|   0|  0|   8|           8|           8|
    |xor_ln124_291_fu_1820_p2    |       xor|   0|  0|   8|           8|           8|
    |xor_ln124_292_fu_2209_p2    |       xor|   0|  0|   8|           8|           8|
    |xor_ln124_293_fu_2236_p2    |       xor|   0|  0|   8|           8|           8|
    |xor_ln124_294_fu_2353_p2    |       xor|   0|  0|   8|           8|           8|
    |xor_ln124_295_fu_2374_p2    |       xor|   0|  0|   8|           8|           8|
    |xor_ln124_296_fu_2144_p2    |       xor|   0|  0|   8|           8|           8|
    |xor_ln124_297_fu_2242_p2    |       xor|   0|  0|   8|           8|           8|
    |xor_ln124_298_fu_2380_p2    |       xor|   0|  0|   8|           8|           8|
    |xor_ln124_299_fu_2476_p2    |       xor|   0|  0|   8|           8|           8|
    |xor_ln124_300_fu_2697_p2    |       xor|   0|  0|   8|           8|           8|
    |xor_ln124_301_fu_2725_p2    |       xor|   0|  0|   8|           8|           8|
    |xor_ln124_302_fu_2754_p2    |       xor|   0|  0|   8|           8|           8|
    |xor_ln124_303_fu_2782_p2    |       xor|   0|  0|   8|           8|           8|
    |xor_ln124_304_fu_2788_p2    |       xor|   0|  0|   8|           8|           8|
    |xor_ln124_305_fu_2808_p2    |       xor|   0|  0|   8|           8|           8|
    |xor_ln124_306_fu_2946_p2    |       xor|   0|  0|   8|           8|           8|
    |xor_ln124_307_fu_3079_p2    |       xor|   0|  0|   8|           8|           8|
    |xor_ln124_308_fu_3422_p2    |       xor|   0|  0|   8|           8|           8|
    |xor_ln124_309_fu_3360_p2    |       xor|   0|  0|   8|           8|           8|
    |xor_ln124_310_fu_3444_p2    |       xor|   0|  0|   8|           8|           8|
    |xor_ln124_311_fu_3382_p2    |       xor|   0|  0|   8|           8|           8|
    |xor_ln124_312_fu_1798_p2    |       xor|   0|  0|   8|           8|           8|
    |xor_ln124_313_fu_1804_p2    |       xor|   0|  0|   8|           8|           8|
    |xor_ln124_314_fu_1808_p2    |       xor|   0|  0|   8|           8|           8|
    |xor_ln124_315_fu_1970_p2    |       xor|   0|  0|   8|           8|           8|
    |xor_ln124_316_fu_1976_p2    |       xor|   0|  0|   8|           8|           8|
    |xor_ln124_317_fu_1982_p2    |       xor|   0|  0|   8|           8|           8|
    |xor_ln124_318_fu_1987_p2    |       xor|   0|  0|   8|           8|           8|
    |xor_ln124_319_fu_1998_p2    |       xor|   0|  0|   8|           8|           8|
    |xor_ln124_320_fu_2004_p2    |       xor|   0|  0|   8|           8|           8|
    |xor_ln124_321_fu_2010_p2    |       xor|   0|  0|   8|           8|           8|
    |xor_ln124_322_fu_2015_p2    |       xor|   0|  0|   8|           8|           8|
    |xor_ln124_323_fu_2188_p2    |       xor|   0|  0|   8|           8|           8|
    |xor_ln124_324_fu_2193_p2    |       xor|   0|  0|   8|           8|           8|
    |xor_ln124_325_fu_2198_p2    |       xor|   0|  0|   8|           8|           8|
    |xor_ln124_326_fu_2203_p2    |       xor|   0|  0|   8|           8|           8|
    |xor_ln124_327_fu_2215_p2    |       xor|   0|  0|   8|           8|           8|
    |xor_ln124_328_fu_2220_p2    |       xor|   0|  0|   8|           8|           8|
    |xor_ln124_329_fu_2225_p2    |       xor|   0|  0|   8|           8|           8|
    |xor_ln124_330_fu_2230_p2    |       xor|   0|  0|   8|           8|           8|
    |xor_ln124_331_fu_2338_p2    |       xor|   0|  0|   8|           8|           8|
    |xor_ln124_332_fu_2344_p2    |       xor|   0|  0|   8|           8|           8|
    |xor_ln124_333_fu_2348_p2    |       xor|   0|  0|   8|           8|           8|
    |xor_ln124_334_fu_2359_p2    |       xor|   0|  0|   8|           8|           8|
    |xor_ln124_335_fu_2365_p2    |       xor|   0|  0|   8|           8|           8|
    |xor_ln124_336_fu_2369_p2    |       xor|   0|  0|   8|           8|           8|
    |xor_ln124_337_fu_2674_p2    |       xor|   0|  0|   8|           8|           8|
    |xor_ln124_338_fu_2680_p2    |       xor|   0|  0|   8|           8|           8|
    |xor_ln124_339_fu_2686_p2    |       xor|   0|  0|   8|           8|           8|
    |xor_ln124_340_fu_2691_p2    |       xor|   0|  0|   8|           8|           8|
    |xor_ln124_341_fu_2703_p2    |       xor|   0|  0|   8|           8|           8|
    |xor_ln124_342_fu_2709_p2    |       xor|   0|  0|   8|           8|           8|
    |xor_ln124_343_fu_2715_p2    |       xor|   0|  0|   8|           8|           8|
    |xor_ln124_344_fu_2719_p2    |       xor|   0|  0|   8|           8|           8|
    |xor_ln124_345_fu_2731_p2    |       xor|   0|  0|   8|           8|           8|
    |xor_ln124_346_fu_2737_p2    |       xor|   0|  0|   8|           8|           8|
    |xor_ln124_347_fu_2743_p2    |       xor|   0|  0|   8|           8|           8|
    |xor_ln124_348_fu_2748_p2    |       xor|   0|  0|   8|           8|           8|
    |xor_ln124_349_fu_2760_p2    |       xor|   0|  0|   8|           8|           8|
    |xor_ln124_350_fu_2766_p2    |       xor|   0|  0|   8|           8|           8|
    |xor_ln124_351_fu_2772_p2    |       xor|   0|  0|   8|           8|           8|
    |xor_ln124_352_fu_2777_p2    |       xor|   0|  0|   8|           8|           8|
    |xor_ln124_353_fu_3400_p2    |       xor|   0|  0|   8|           8|           8|
    |xor_ln124_354_fu_3405_p2    |       xor|   0|  0|   8|           8|           8|
    |xor_ln124_355_fu_3411_p2    |       xor|   0|  0|   8|           8|           8|
    |xor_ln124_356_fu_3416_p2    |       xor|   0|  0|   8|           8|           8|
    |xor_ln124_357_fu_3337_p2    |       xor|   0|  0|   8|           8|           8|
    |xor_ln124_358_fu_3343_p2    |       xor|   0|  0|   8|           8|           8|
    |xor_ln124_359_fu_3349_p2    |       xor|   0|  0|   8|           8|           8|
    |xor_ln124_360_fu_3354_p2    |       xor|   0|  0|   8|           8|           8|
    |xor_ln124_361_fu_3428_p2    |       xor|   0|  0|   8|           8|           8|
    |xor_ln124_362_fu_3433_p2    |       xor|   0|  0|   8|           8|           8|
    |xor_ln124_363_fu_3438_p2    |       xor|   0|  0|   8|           8|           8|
    |xor_ln124_364_fu_3366_p2    |       xor|   0|  0|   8|           8|           8|
    |xor_ln124_365_fu_3371_p2    |       xor|   0|  0|   8|           8|           8|
    |xor_ln124_366_fu_3376_p2    |       xor|   0|  0|   8|           8|           8|
    |xor_ln124_fu_1058_p2        |       xor|   0|  0|   8|           8|           8|
    |xor_ln132_40_fu_1288_p2     |       xor|   0|  0|   8|           8|           4|
    |xor_ln132_41_fu_1330_p2     |       xor|   0|  0|   8|           8|           4|
    |xor_ln132_42_fu_1374_p2     |       xor|   0|  0|   8|           8|           4|
    |xor_ln132_43_fu_1416_p2     |       xor|   0|  0|   8|           8|           4|
    |xor_ln132_44_fu_1106_p2     |       xor|   0|  0|   8|           8|           4|
    |xor_ln132_45_fu_1148_p2     |       xor|   0|  0|   8|           8|           4|
    |xor_ln132_46_fu_1234_p2     |       xor|   0|  0|   8|           8|           4|
    |xor_ln132_47_fu_1621_p2     |       xor|   0|  0|   8|           8|           4|
    |xor_ln132_48_fu_1663_p2     |       xor|   0|  0|   8|           8|           4|
    |xor_ln132_49_fu_1705_p2     |       xor|   0|  0|   8|           8|           4|
    |xor_ln132_50_fu_1838_p2     |       xor|   0|  0|   8|           8|           4|
    |xor_ln132_51_fu_2034_p2     |       xor|   0|  0|   8|           8|           4|
    |xor_ln132_52_fu_2076_p2     |       xor|   0|  0|   8|           8|           4|
    |xor_ln132_53_fu_2118_p2     |       xor|   0|  0|   8|           8|           4|
    |xor_ln132_54_fu_1490_p2     |       xor|   0|  0|   8|           8|           4|
    |xor_ln132_55_fu_1532_p2     |       xor|   0|  0|   8|           8|           4|
    |xor_ln132_56_fu_1574_p2     |       xor|   0|  0|   8|           8|           4|
    |xor_ln132_57_fu_1880_p2     |       xor|   0|  0|   8|           8|           4|
    |xor_ln132_58_fu_1922_p2     |       xor|   0|  0|   8|           8|           4|
    |xor_ln132_59_fu_2398_p2     |       xor|   0|  0|   8|           8|           4|
    |xor_ln132_60_fu_2494_p2     |       xor|   0|  0|   8|           8|           4|
    |xor_ln132_61_fu_2536_p2     |       xor|   0|  0|   8|           8|           4|
    |xor_ln132_62_fu_2586_p2     |       xor|   0|  0|   8|           8|           4|
    |xor_ln132_63_fu_2628_p2     |       xor|   0|  0|   8|           8|           4|
    |xor_ln132_64_fu_2270_p2     |       xor|   0|  0|   8|           8|           4|
    |xor_ln132_65_fu_2312_p2     |       xor|   0|  0|   8|           8|           4|
    |xor_ln132_66_fu_2440_p2     |       xor|   0|  0|   8|           8|           4|
    |xor_ln132_67_fu_2964_p2     |       xor|   0|  0|   8|           8|           4|
    |xor_ln132_68_fu_3006_p2     |       xor|   0|  0|   8|           8|           4|
    |xor_ln132_69_fu_3048_p2     |       xor|   0|  0|   8|           8|           4|
    |xor_ln132_70_fu_3097_p2     |       xor|   0|  0|   8|           8|           4|
    |xor_ln132_71_fu_3215_p2     |       xor|   0|  0|   8|           8|           4|
    |xor_ln132_72_fu_3257_p2     |       xor|   0|  0|   8|           8|           4|
    |xor_ln132_73_fu_3299_p2     |       xor|   0|  0|   8|           8|           4|
    |xor_ln132_74_fu_2836_p2     |       xor|   0|  0|   8|           8|           4|
    |xor_ln132_75_fu_2878_p2     |       xor|   0|  0|   8|           8|           4|
    |xor_ln132_76_fu_2920_p2     |       xor|   0|  0|   8|           8|           4|
    |xor_ln132_77_fu_3139_p2     |       xor|   0|  0|   8|           8|           4|
    |xor_ln132_78_fu_3181_p2     |       xor|   0|  0|   8|           8|           4|
    |xor_ln132_fu_1192_p2        |       xor|   0|  0|   8|           8|           4|
    |xor_ln180_2_fu_3074_p2      |       xor|   0|  0|   8|           8|           8|
    |xor_ln180_fu_1731_p2        |       xor|   0|  0|   8|           8|           8|
    +----------------------------+----------+----+---+----+------------+------------+
    |Total                       |          |   0|  0|1549|        1248|        1289|
    +----------------------------+----------+----+---+----+------------+------------+

    * Multiplexer: 
    +----------------------------------+-----+-----------+-----+-----------+
    |               Name               | LUT | Input Size| Bits| Total Bits|
    +----------------------------------+-----+-----------+-----+-----------+
    |ap_NS_fsm                         |  113|         25|    1|         25|
    |ap_done_int                       |    9|          2|    1|          2|
    |ap_sig_allocacmp_idx21_i275_load  |    9|          2|    8|         16|
    |clefia_s0_address0                |   48|          9|    8|         72|
    |clefia_s1_address0                |   48|          9|    8|         72|
    |con256_address0                   |   81|         17|    9|        153|
    |fin_6_address0                    |  113|         25|    5|        125|
    |fin_6_address1                    |  113|         25|    5|        125|
    |fin_6_d0                          |   81|         17|    8|        136|
    |fin_6_d1                          |   81|         17|    8|        136|
    |idx21_i275_fu_202                 |    9|          2|    8|         16|
    |r_assign_9_fu_206                 |    9|          2|    4|          8|
    +----------------------------------+-----+-----------+-----+-----------+
    |Total                             |  714|        152|   73|        886|
    +----------------------------------+-----+-----------+-----+-----------+

    * Register: 
    +--------------------------+----+----+-----+-----------+
    |           Name           | FF | LUT| Bits| Const Bits|
    +--------------------------+----+----+-----+-----------+
    |add_ln215_reg_4317        |   8|   0|    8|          0|
    |ap_CS_fsm                 |  24|   0|   24|          0|
    |ap_done_reg               |   1|   0|    1|          0|
    |fin_6_load_10_reg_3667    |   8|   0|    8|          0|
    |fin_6_load_11_reg_3674    |   8|   0|    8|          0|
    |fin_6_load_16_reg_3717    |   8|   0|    8|          0|
    |fin_6_load_17_reg_3724    |   8|   0|    8|          0|
    |fin_6_load_18_reg_3767    |   8|   0|    8|          0|
    |fin_6_load_19_reg_3774    |   8|   0|    8|          0|
    |fin_6_load_1_reg_3540     |   8|   0|    8|          0|
    |fin_6_load_24_reg_3821    |   8|   0|    8|          0|
    |fin_6_load_25_reg_3828    |   8|   0|    8|          0|
    |fin_6_load_26_reg_3881    |   8|   0|    8|          0|
    |fin_6_load_27_reg_3888    |   8|   0|    8|          0|
    |fin_6_load_2_reg_3562     |   8|   0|    8|          0|
    |fin_6_load_30_reg_4247    |   8|   0|    8|          0|
    |fin_6_load_31_reg_4252    |   8|   0|    8|          0|
    |fin_6_load_3_reg_3569     |   8|   0|    8|          0|
    |fin_6_load_8_reg_3617     |   8|   0|    8|          0|
    |fin_6_load_9_reg_3624     |   8|   0|    8|          0|
    |fin_6_load_reg_3528       |   8|   0|    8|          0|
    |icmp_ln216_reg_3895       |   1|   0|    1|          0|
    |idx21_i275_fu_202         |   8|   0|    8|          0|
    |idx21_i275_load_reg_3483  |   8|   0|    8|          0|
    |or_ln134_19_reg_4005      |   8|   0|    8|          0|
    |or_ln134_20_reg_4010      |   8|   0|    8|          0|
    |or_ln134_21_reg_4015      |   8|   0|    8|          0|
    |or_ln134_22_reg_4020      |   8|   0|    8|          0|
    |r_assign_9_fu_206         |   4|   0|    4|          0|
    |r_assign_9_load_reg_3835  |   4|   0|    4|          0|
    |reg_1002                  |   8|   0|    8|          0|
    |reg_1006                  |   8|   0|    8|          0|
    |reg_1010                  |   8|   0|    8|          0|
    |reg_1014                  |   8|   0|    8|          0|
    |reg_1018                  |   8|   0|    8|          0|
    |reg_1022                  |   8|   0|    8|          0|
    |reg_1026                  |   8|   0|    8|          0|
    |tmp_149_reg_3707          |   1|   0|    1|          0|
    |tmp_153_reg_3752          |   1|   0|    1|          0|
    |tmp_157_reg_3612          |   1|   0|    1|          0|
    |tmp_159_reg_3657          |   1|   0|    1|          0|
    |tmp_165_reg_3865          |   1|   0|    1|          0|
    |tmp_173_reg_3980          |   1|   0|    1|          0|
    |tmp_179_reg_3816          |   1|   0|    1|          0|
    |tmp_183_reg_3937          |   1|   0|    1|          0|
    |tmp_189_reg_4137          |   1|   0|    1|          0|
    |tmp_197_reg_4058          |   1|   0|    1|          0|
    |tmp_199_reg_4101          |   1|   0|    1|          0|
    |tmp_205_reg_4236          |   1|   0|    1|          0|
    |tmp_213_reg_4288          |   1|   0|    1|          0|
    |tmp_219_reg_4221          |   1|   0|    1|          0|
    |tmp_223_reg_4273          |   1|   0|    1|          0|
    |trunc_ln134_41_reg_3702   |   7|   0|    7|          0|
    |trunc_ln134_43_reg_3747   |   7|   0|    7|          0|
    |trunc_ln134_45_reg_3607   |   7|   0|    7|          0|
    |trunc_ln134_46_reg_3652   |   7|   0|    7|          0|
    |trunc_ln134_49_reg_3860   |   7|   0|    7|          0|
    |trunc_ln134_53_reg_3975   |   7|   0|    7|          0|
    |trunc_ln134_56_reg_3811   |   7|   0|    7|          0|
    |trunc_ln134_58_reg_3932   |   7|   0|    7|          0|
    |trunc_ln134_61_reg_4132   |   7|   0|    7|          0|
    |trunc_ln134_65_reg_4053   |   7|   0|    7|          0|
    |trunc_ln134_66_reg_4096   |   7|   0|    7|          0|
    |trunc_ln134_69_reg_4231   |   7|   0|    7|          0|
    |trunc_ln134_73_reg_4283   |   7|   0|    7|          0|
    |trunc_ln134_76_reg_4216   |   7|   0|    7|          0|
    |trunc_ln134_78_reg_4268   |   7|   0|    7|          0|
    |x_assign_24_reg_3696      |   8|   0|    8|          0|
    |x_assign_25_reg_3741      |   8|   0|    8|          0|
    |x_assign_26_reg_3601      |   8|   0|    8|          0|
    |x_assign_29_reg_3926      |   8|   0|    8|          0|
    |x_assign_30_reg_3969      |   8|   0|    8|          0|
    |x_assign_32_reg_3806      |   8|   0|    8|          0|
    |x_assign_35_reg_4090      |   8|   0|    8|          0|
    |x_assign_36_reg_4126      |   8|   0|    8|          0|
    |x_assign_38_reg_4047      |   8|   0|    8|          0|
    |x_assign_41_reg_4262      |   8|   0|    8|          0|
    |x_assign_42_reg_4278      |   8|   0|    8|          0|
    |x_assign_44_reg_4211      |   8|   0|    8|          0|
    |x_assign_s_reg_3646       |   8|   0|    8|          0|
    |xor_ln124_283_reg_3909    |   8|   0|    8|          0|
    |xor_ln124_285_reg_3915    |   8|   0|    8|          0|
    |xor_ln124_286_reg_3957    |   8|   0|    8|          0|
    |xor_ln124_287_reg_3963    |   8|   0|    8|          0|
    |xor_ln124_292_reg_4025    |   8|   0|    8|          0|
    |xor_ln124_293_reg_4031    |   8|   0|    8|          0|
    |xor_ln124_294_reg_4073    |   8|   0|    8|          0|
    |xor_ln124_295_reg_4079    |   8|   0|    8|          0|
    |xor_ln124_300_reg_4157    |   8|   0|    8|          0|
    |xor_ln124_301_reg_4163    |   8|   0|    8|          0|
    |xor_ln124_302_reg_4169    |   8|   0|    8|          0|
    |xor_ln124_303_reg_4175    |   8|   0|    8|          0|
    |xor_ln124_308_reg_4305    |   8|   0|    8|          0|
    |xor_ln124_309_reg_4293    |   8|   0|    8|          0|
    |xor_ln124_310_reg_4311    |   8|   0|    8|          0|
    |xor_ln124_311_reg_4299    |   8|   0|    8|          0|
    |xor_ln180_2_reg_4241      |   8|   0|    8|          0|
    |xor_ln180_reg_3870        |   8|   0|    8|          0|
    |z_19_reg_3796             |   8|   0|    8|          0|
    |z_20_reg_3850             |   8|   0|    8|          0|
    +--------------------------+----+----+-----+-----------+
    |Total                     | 674|   0|  674|          0|
    +--------------------------+----+----+-----+-----------+



================================================================
== Interface
================================================================
* Summary: 
+--------------------------+-----+-----+------------+--------------------------------------+--------------+
|         RTL Ports        | Dir | Bits|  Protocol  |             Source Object            |    C Type    |
+--------------------------+-----+-----+------------+--------------------------------------+--------------+
|ap_clk                    |   in|    1|  ap_ctrl_hs|  clefia_Pipeline_ClefiaGfn8_label4108|  return value|
|ap_rst                    |   in|    1|  ap_ctrl_hs|  clefia_Pipeline_ClefiaGfn8_label4108|  return value|
|ap_start                  |   in|    1|  ap_ctrl_hs|  clefia_Pipeline_ClefiaGfn8_label4108|  return value|
|ap_done                   |  out|    1|  ap_ctrl_hs|  clefia_Pipeline_ClefiaGfn8_label4108|  return value|
|ap_idle                   |  out|    1|  ap_ctrl_hs|  clefia_Pipeline_ClefiaGfn8_label4108|  return value|
|ap_ready                  |  out|    1|  ap_ctrl_hs|  clefia_Pipeline_ClefiaGfn8_label4108|  return value|
|fin_6_address0            |  out|    5|   ap_memory|                                 fin_6|         array|
|fin_6_ce0                 |  out|    1|   ap_memory|                                 fin_6|         array|
|fin_6_we0                 |  out|    1|   ap_memory|                                 fin_6|         array|
|fin_6_d0                  |  out|    8|   ap_memory|                                 fin_6|         array|
|fin_6_q0                  |   in|    8|   ap_memory|                                 fin_6|         array|
|fin_6_address1            |  out|    5|   ap_memory|                                 fin_6|         array|
|fin_6_ce1                 |  out|    1|   ap_memory|                                 fin_6|         array|
|fin_6_we1                 |  out|    1|   ap_memory|                                 fin_6|         array|
|fin_6_d1                  |  out|    8|   ap_memory|                                 fin_6|         array|
|fin_6_q1                  |   in|    8|   ap_memory|                                 fin_6|         array|
|fin_6_load_out            |  out|    8|      ap_vld|                        fin_6_load_out|       pointer|
|fin_6_load_out_ap_vld     |  out|    1|      ap_vld|                        fin_6_load_out|       pointer|
|fin_6_load_1_out          |  out|    8|      ap_vld|                      fin_6_load_1_out|       pointer|
|fin_6_load_1_out_ap_vld   |  out|    1|      ap_vld|                      fin_6_load_1_out|       pointer|
|fin_6_load_2_out          |  out|    8|      ap_vld|                      fin_6_load_2_out|       pointer|
|fin_6_load_2_out_ap_vld   |  out|    1|      ap_vld|                      fin_6_load_2_out|       pointer|
|fin_6_load_3_out          |  out|    8|      ap_vld|                      fin_6_load_3_out|       pointer|
|fin_6_load_3_out_ap_vld   |  out|    1|      ap_vld|                      fin_6_load_3_out|       pointer|
|xor_ln124_284_out         |  out|    8|      ap_vld|                     xor_ln124_284_out|       pointer|
|xor_ln124_284_out_ap_vld  |  out|    1|      ap_vld|                     xor_ln124_284_out|       pointer|
|xor_ln124_285_out         |  out|    8|      ap_vld|                     xor_ln124_285_out|       pointer|
|xor_ln124_285_out_ap_vld  |  out|    1|      ap_vld|                     xor_ln124_285_out|       pointer|
|xor_ln124_286_out         |  out|    8|      ap_vld|                     xor_ln124_286_out|       pointer|
|xor_ln124_286_out_ap_vld  |  out|    1|      ap_vld|                     xor_ln124_286_out|       pointer|
|xor_ln124_287_out         |  out|    8|      ap_vld|                     xor_ln124_287_out|       pointer|
|xor_ln124_287_out_ap_vld  |  out|    1|      ap_vld|                     xor_ln124_287_out|       pointer|
|fin_6_load_8_out          |  out|    8|      ap_vld|                      fin_6_load_8_out|       pointer|
|fin_6_load_8_out_ap_vld   |  out|    1|      ap_vld|                      fin_6_load_8_out|       pointer|
|fin_6_load_9_out          |  out|    8|      ap_vld|                      fin_6_load_9_out|       pointer|
|fin_6_load_9_out_ap_vld   |  out|    1|      ap_vld|                      fin_6_load_9_out|       pointer|
|fin_6_load_10_out         |  out|    8|      ap_vld|                     fin_6_load_10_out|       pointer|
|fin_6_load_10_out_ap_vld  |  out|    1|      ap_vld|                     fin_6_load_10_out|       pointer|
|fin_6_load_11_out         |  out|    8|      ap_vld|                     fin_6_load_11_out|       pointer|
|fin_6_load_11_out_ap_vld  |  out|    1|      ap_vld|                     fin_6_load_11_out|       pointer|
|xor_ln124_292_out         |  out|    8|      ap_vld|                     xor_ln124_292_out|       pointer|
|xor_ln124_292_out_ap_vld  |  out|    1|      ap_vld|                     xor_ln124_292_out|       pointer|
|xor_ln124_293_out         |  out|    8|      ap_vld|                     xor_ln124_293_out|       pointer|
|xor_ln124_293_out_ap_vld  |  out|    1|      ap_vld|                     xor_ln124_293_out|       pointer|
|xor_ln124_294_out         |  out|    8|      ap_vld|                     xor_ln124_294_out|       pointer|
|xor_ln124_294_out_ap_vld  |  out|    1|      ap_vld|                     xor_ln124_294_out|       pointer|
|xor_ln124_295_out         |  out|    8|      ap_vld|                     xor_ln124_295_out|       pointer|
|xor_ln124_295_out_ap_vld  |  out|    1|      ap_vld|                     xor_ln124_295_out|       pointer|
|fin_6_load_16_out         |  out|    8|      ap_vld|                     fin_6_load_16_out|       pointer|
|fin_6_load_16_out_ap_vld  |  out|    1|      ap_vld|                     fin_6_load_16_out|       pointer|
|fin_6_load_17_out         |  out|    8|      ap_vld|                     fin_6_load_17_out|       pointer|
|fin_6_load_17_out_ap_vld  |  out|    1|      ap_vld|                     fin_6_load_17_out|       pointer|
|fin_6_load_18_out         |  out|    8|      ap_vld|                     fin_6_load_18_out|       pointer|
|fin_6_load_18_out_ap_vld  |  out|    1|      ap_vld|                     fin_6_load_18_out|       pointer|
|fin_6_load_19_out         |  out|    8|      ap_vld|                     fin_6_load_19_out|       pointer|
|fin_6_load_19_out_ap_vld  |  out|    1|      ap_vld|                     fin_6_load_19_out|       pointer|
|xor_ln124_300_out         |  out|    8|      ap_vld|                     xor_ln124_300_out|       pointer|
|xor_ln124_300_out_ap_vld  |  out|    1|      ap_vld|                     xor_ln124_300_out|       pointer|
|xor_ln124_301_out         |  out|    8|      ap_vld|                     xor_ln124_301_out|       pointer|
|xor_ln124_301_out_ap_vld  |  out|    1|      ap_vld|                     xor_ln124_301_out|       pointer|
|xor_ln124_302_out         |  out|    8|      ap_vld|                     xor_ln124_302_out|       pointer|
|xor_ln124_302_out_ap_vld  |  out|    1|      ap_vld|                     xor_ln124_302_out|       pointer|
|xor_ln124_303_out         |  out|    8|      ap_vld|                     xor_ln124_303_out|       pointer|
|xor_ln124_303_out_ap_vld  |  out|    1|      ap_vld|                     xor_ln124_303_out|       pointer|
|fin_6_load_24_out         |  out|    8|      ap_vld|                     fin_6_load_24_out|       pointer|
|fin_6_load_24_out_ap_vld  |  out|    1|      ap_vld|                     fin_6_load_24_out|       pointer|
|fin_6_load_25_out         |  out|    8|      ap_vld|                     fin_6_load_25_out|       pointer|
|fin_6_load_25_out_ap_vld  |  out|    1|      ap_vld|                     fin_6_load_25_out|       pointer|
|fin_6_load_26_out         |  out|    8|      ap_vld|                     fin_6_load_26_out|       pointer|
|fin_6_load_26_out_ap_vld  |  out|    1|      ap_vld|                     fin_6_load_26_out|       pointer|
|fin_6_load_27_out         |  out|    8|      ap_vld|                     fin_6_load_27_out|       pointer|
|fin_6_load_27_out_ap_vld  |  out|    1|      ap_vld|                     fin_6_load_27_out|       pointer|
|xor_ln124_308_out         |  out|    8|      ap_vld|                     xor_ln124_308_out|       pointer|
|xor_ln124_308_out_ap_vld  |  out|    1|      ap_vld|                     xor_ln124_308_out|       pointer|
|xor_ln124_309_out         |  out|    8|      ap_vld|                     xor_ln124_309_out|       pointer|
|xor_ln124_309_out_ap_vld  |  out|    1|      ap_vld|                     xor_ln124_309_out|       pointer|
|xor_ln124_310_out         |  out|    8|      ap_vld|                     xor_ln124_310_out|       pointer|
|xor_ln124_310_out_ap_vld  |  out|    1|      ap_vld|                     xor_ln124_310_out|       pointer|
|xor_ln124_311_out         |  out|    8|      ap_vld|                     xor_ln124_311_out|       pointer|
|xor_ln124_311_out_ap_vld  |  out|    1|      ap_vld|                     xor_ln124_311_out|       pointer|
|con256_address0           |  out|    9|   ap_memory|                                con256|         array|
|con256_ce0                |  out|    1|   ap_memory|                                con256|         array|
|con256_q0                 |   in|    8|   ap_memory|                                con256|         array|
|clefia_s0_address0        |  out|    8|   ap_memory|                             clefia_s0|         array|
|clefia_s0_ce0             |  out|    1|   ap_memory|                             clefia_s0|         array|
|clefia_s0_q0              |   in|    8|   ap_memory|                             clefia_s0|         array|
|clefia_s1_address0        |  out|    8|   ap_memory|                             clefia_s1|         array|
|clefia_s1_ce0             |  out|    1|   ap_memory|                             clefia_s1|         array|
|clefia_s1_q0              |   in|    8|   ap_memory|                             clefia_s1|         array|
+--------------------------+-----+-----+------------+--------------------------------------+--------------+

