INFO: [SIM 2] *************** CSIM start ***************
INFO: [SIM 4] CSIM will launch GCC as the compiler.
   Compiling(apcc) ../../../../clefia_tb.c in debug mode
INFO: [HLS 200-10] Running 'D:/Xilinx/Vitis_HLS/2022.1/bin/unwrapped/win64.o/apcc.exe'
INFO: [HLS 200-10] For user 'iguchi.taiga' on host 'desktop-ctm6dmj' (Windows NT_amd64 version 6.2) on Thu Dec 08 00:29:44 +0900 2022
INFO: [HLS 200-10] In directory 'D:/tmp/CLEFIA_ip/solution3/csim/build'
INFO: [APCC 202-3] Tmp directory is D:/tmp/apcc_db_iguchi.taiga/27442533985017
INFO: [APCC 202-1] APCC is done.
INFO: [HLS 200-112] Total CPU user time: 0 seconds. Total CPU system time: 0 seconds. Total elapsed time: 7.635 seconds; peak allocated memory: 0.715 MB.
   Compiling(apcc) ../../../../clefia.c in debug mode
INFO: [HLS 200-10] Running 'D:/Xilinx/Vitis_HLS/2022.1/bin/unwrapped/win64.o/apcc.exe'
INFO: [HLS 200-10] For user 'iguchi.taiga' on host 'desktop-ctm6dmj' (Windows NT_amd64 version 6.2) on Thu Dec 08 00:29:53 +0900 2022
INFO: [HLS 200-10] In directory 'D:/tmp/CLEFIA_ip/solution3/csim/build'
INFO: [APCC 202-3] Tmp directory is D:/tmp/apcc_db_iguchi.taiga/10562543251657
INFO: [APCC 202-1] APCC is done.
INFO: [HLS 200-112] Total CPU user time: 0 seconds. Total CPU system time: 0 seconds. Total elapsed time: 4.107 seconds; peak allocated memory: 1.125 MB.
   Generating csim.exe
--- CLEFIA ---
ciphertext: de2bf2fd9b74aacdf1298555459494fd
plaintext : 000102030405060708090a0b0c0d0e0f
INFO: [SIM 1] CSim done with 0 errors.
INFO: [SIM 3] *************** CSIM finish ***************
