INFO: [SIM 2] *************** CSIM start ***************
INFO: [SIM 4] CSIM will launch GCC as the compiler.
   Compiling(apcc) ../../../../src/dec_tb.c in debug mode
INFO: [HLS 200-10] Running 'D:/Xilinx/Vitis_HLS/2022.1/bin/unwrapped/win64.o/apcc.exe'
INFO: [HLS 200-10] For user 'iguchi.taiga' on host 'desktop-ctm6dmj' (Windows NT_amd64 version 6.2) on Mon Dec 26 15:15:57 +0900 2022
INFO: [HLS 200-10] In directory 'D:/tmp/CLEFIA/CLEFIA_128/dec_ip/solution2/csim/build'
INFO: [APCC 202-3] Tmp directory is D:/tmp/apcc_db_iguchi.taiga/8132294234883
INFO: [APCC 202-1] APCC is done.
INFO: [HLS 200-112] Total CPU user time: 0 seconds. Total CPU system time: 0 seconds. Total elapsed time: 3.567 seconds; peak allocated memory: 0.816 MB.
   Compiling(apcc) ../../../../src/dec.c in debug mode
INFO: [HLS 200-10] Running 'D:/Xilinx/Vitis_HLS/2022.1/bin/unwrapped/win64.o/apcc.exe'
INFO: [HLS 200-10] For user 'iguchi.taiga' on host 'desktop-ctm6dmj' (Windows NT_amd64 version 6.2) on Mon Dec 26 15:16:02 +0900 2022
INFO: [HLS 200-10] In directory 'D:/tmp/CLEFIA/CLEFIA_128/dec_ip/solution2/csim/build'
INFO: [APCC 202-3] Tmp directory is D:/tmp/apcc_db_iguchi.taiga/5300299582340
INFO: [APCC 202-1] APCC is done.
INFO: [HLS 200-112] Total CPU user time: 0 seconds. Total CPU system time: 0 seconds. Total elapsed time: 3.847 seconds; peak allocated memory: 0.754 MB.
   Generating csim.exe
--- CLEFIA ---
plaintext : 000102030405060708090a0b0c0d0e0f
INFO: [SIM 1] CSim done with 0 errors.
INFO: [SIM 3] *************** CSIM finish ***************
