Copyright 1986-2022 Xilinx, Inc. All Rights Reserved.
-----------------------------------------------------------------------------------------------
| Tool Version : Vivado v.2022.1 (win64) Build 3526262 Mon Apr 18 15:48:16 MDT 2022
| Date         : Mon Dec 26 15:11:41 2022
| Host         : DESKTOP-CTM6DMJ running 64-bit major release  (build 9200)
| Command      : report_control_sets -verbose -file design_enc_wrapper_control_sets_placed.rpt
| Design       : design_enc_wrapper
| Device       : xc7z020
-----------------------------------------------------------------------------------------------

Control Set Information

Table of Contents
-----------------
1. Summary
2. Histogram
3. Flip-Flop Distribution
4. Detailed Control Set Information

1. Summary
----------

+----------------------------------------------------------+-------+
|                          Status                          | Count |
+----------------------------------------------------------+-------+
| Total control sets                                       |   198 |
|    Minimum number of control sets                        |   198 |
|    Addition due to synthesis replication                 |     0 |
|    Addition due to physical synthesis replication        |     0 |
| Unused register locations in slices containing registers |   208 |
+----------------------------------------------------------+-------+
* Control sets can be merged at opt_design using control_set_merge or merge_equivalent_drivers
** Run report_qor_suggestions for automated merging and remapping suggestions


2. Histogram
------------

+--------------------+-------+
|       Fanout       | Count |
+--------------------+-------+
| Total control sets |   198 |
| >= 0 to < 4        |     2 |
| >= 4 to < 6        |     6 |
| >= 6 to < 8        |     3 |
| >= 8 to < 10       |    41 |
| >= 10 to < 12      |     1 |
| >= 12 to < 14      |     1 |
| >= 14 to < 16      |     2 |
| >= 16              |   142 |
+--------------------+-------+
* Control sets can be remapped at either synth_design or opt_design


3. Flip-Flop Distribution
-------------------------

+--------------+-----------------------+------------------------+-----------------+--------------+
| Clock Enable | Synchronous Set/Reset | Asynchronous Set/Reset | Total Registers | Total Slices |
+--------------+-----------------------+------------------------+-----------------+--------------+
| No           | No                    | No                     |             114 |           31 |
| No           | No                    | Yes                    |               0 |            0 |
| No           | Yes                   | No                     |             282 |          132 |
| Yes          | No                    | No                     |            7333 |         2371 |
| Yes          | No                    | Yes                    |               0 |            0 |
| Yes          | Yes                   | No                     |              55 |           17 |
+--------------+-----------------------+------------------------+-----------------+--------------+


4. Detailed Control Set Information
-----------------------------------

+---------------------------------------------------+------------------------------------------------------------------------------------------------------------------------------------------------------------------+---------------------------------------------------------------------------------------------------------------------------------------------------------+------------------+----------------+--------------+
|                    Clock Signal                   |                                                                           Enable Signal                                                                          |                                                                     Set/Reset Signal                                                                    | Slice Load Count | Bel Load Count | Bels / Slice |
+---------------------------------------------------+------------------------------------------------------------------------------------------------------------------------------------------------------------------+---------------------------------------------------------------------------------------------------------------------------------------------------------+------------------+----------------+--------------+
|  design_enc_i/processing_system7_0/inst/FCLK_CLK0 | design_enc_i/ps7_0_axi_periph/s00_couplers/auto_pc/inst/gen_axilite.gen_b2s_conv.axilite_b2s/WR.aw_channel_0/aw_cmd_fsm_0/FSM_sequential_state_reg[0]_1          | design_enc_i/ps7_0_axi_periph/s00_couplers/auto_pc/inst/gen_axilite.gen_b2s_conv.axilite_b2s/WR.aw_channel_0/aw_cmd_fsm_0/FSM_sequential_state_reg[0]_0 |                1 |              1 |         1.00 |
|  design_enc_i/processing_system7_0/inst/FCLK_CLK0 | design_enc_i/ps7_0_axi_periph/s00_couplers/auto_pc/inst/gen_axilite.gen_b2s_conv.axilite_b2s/WR.b_channel_0/bid_fifo_0/sel                                       |                                                                                                                                                         |                1 |              2 |         2.00 |
|  design_enc_i/processing_system7_0/inst/FCLK_CLK0 | design_enc_i/ps7_0_axi_periph/s00_couplers/auto_pc/inst/gen_axilite.gen_b2s_conv.axilite_b2s/RD.ar_channel_0/ar_cmd_fsm_0/m_axi_arready_2                        | design_enc_i/ps7_0_axi_periph/s00_couplers/auto_pc/inst/gen_axilite.gen_b2s_conv.axilite_b2s/RD.ar_channel_0/ar_cmd_fsm_0/FSM_sequential_state_reg[1]_0 |                2 |              4 |         2.00 |
|  design_enc_i/processing_system7_0/inst/FCLK_CLK0 |                                                                                                                                                                  | design_enc_i/rst_ps7_0_100M/U0/EXT_LPF/lpf_int                                                                                                          |                2 |              4 |         2.00 |
|  design_enc_i/processing_system7_0/inst/FCLK_CLK0 |                                                                                                                                                                  | design_enc_i/ps7_0_axi_periph/s00_couplers/auto_pc/inst/gen_axilite.gen_b2s_conv.axilite_b2s/SI_REG/aw.aw_pipe/aresetn_d_reg[0]_0                       |                2 |              4 |         2.00 |
|  design_enc_i/processing_system7_0/inst/FCLK_CLK0 |                                                                                                                                                                  | design_enc_i/ps7_0_axi_periph/s00_couplers/auto_pc/inst/gen_axilite.gen_b2s_conv.axilite_b2s/SI_REG/ar.ar_pipe/aresetn_d_reg[1]_inv_0                   |                2 |              4 |         2.00 |
|  design_enc_i/processing_system7_0/inst/FCLK_CLK0 | design_enc_i/ps7_0_axi_periph/s00_couplers/auto_pc/inst/gen_axilite.gen_b2s_conv.axilite_b2s/RD.r_channel_0/transaction_fifo_0/cnt_read[4]_i_1_n_0               | design_enc_i/ps7_0_axi_periph/s00_couplers/auto_pc/inst/gen_axilite.gen_b2s_conv.axilite_b2s/areset_d1                                                  |                1 |              5 |         5.00 |
|  design_enc_i/processing_system7_0/inst/FCLK_CLK0 | design_enc_i/ps7_0_axi_periph/s00_couplers/auto_pc/inst/gen_axilite.gen_b2s_conv.axilite_b2s/RD.r_channel_0/rd_data_fifo_0/cnt_read[4]_i_1__0_n_0                | design_enc_i/ps7_0_axi_periph/s00_couplers/auto_pc/inst/gen_axilite.gen_b2s_conv.axilite_b2s/areset_d1                                                  |                1 |              5 |         5.00 |
|  design_enc_i/processing_system7_0/inst/FCLK_CLK0 | design_enc_i/rst_ps7_0_100M/U0/SEQ/seq_cnt_en                                                                                                                    | design_enc_i/rst_ps7_0_100M/U0/SEQ/SEQ_COUNTER/clear                                                                                                    |                1 |              6 |         6.00 |
|  design_enc_i/processing_system7_0/inst/FCLK_CLK0 | design_enc_i/clefia_enc_0/inst/control_s_axi_U/rdata[31]_i_2_n_0                                                                                                 |                                                                                                                                                         |                3 |              6 |         2.00 |
|  design_enc_i/processing_system7_0/inst/FCLK_CLK0 | design_enc_i/clefia_enc_0/inst/control_s_axi_U/aw_hs                                                                                                             |                                                                                                                                                         |                3 |              7 |         2.33 |
|  design_enc_i/processing_system7_0/inst/FCLK_CLK0 | design_enc_i/clefia_enc_0/inst/ap_CS_fsm_state54                                                                                                                 |                                                                                                                                                         |                4 |              8 |         2.00 |
|  design_enc_i/processing_system7_0/inst/FCLK_CLK0 | design_enc_i/clefia_enc_0/inst/ap_CS_fsm_state57                                                                                                                 |                                                                                                                                                         |                4 |              8 |         2.00 |
|  design_enc_i/processing_system7_0/inst/FCLK_CLK0 | design_enc_i/clefia_enc_0/inst/ap_CS_fsm_state53                                                                                                                 |                                                                                                                                                         |                3 |              8 |         2.67 |
|  design_enc_i/processing_system7_0/inst/FCLK_CLK0 | design_enc_i/clefia_enc_0/inst/ap_CS_fsm_state56                                                                                                                 |                                                                                                                                                         |                3 |              8 |         2.67 |
|  design_enc_i/processing_system7_0/inst/FCLK_CLK0 | design_enc_i/ps7_0_axi_periph/s00_couplers/auto_pc/inst/gen_axilite.gen_b2s_conv.axilite_b2s/RD.ar_channel_0/ar_cmd_fsm_0/sel_first_reg[0]                       |                                                                                                                                                         |                2 |              8 |         4.00 |
|  design_enc_i/processing_system7_0/inst/FCLK_CLK0 | design_enc_i/ps7_0_axi_periph/s00_couplers/auto_pc/inst/gen_axilite.gen_b2s_conv.axilite_b2s/RD.ar_channel_0/ar_cmd_fsm_0/E[0]                                   |                                                                                                                                                         |                3 |              8 |         2.67 |
|  design_enc_i/processing_system7_0/inst/FCLK_CLK0 | design_enc_i/clefia_enc_0/inst/ap_CS_fsm_state13                                                                                                                 |                                                                                                                                                         |                3 |              8 |         2.67 |
|  design_enc_i/processing_system7_0/inst/FCLK_CLK0 | design_enc_i/clefia_enc_0/inst/ap_CS_fsm_state52                                                                                                                 |                                                                                                                                                         |                4 |              8 |         2.00 |
|  design_enc_i/processing_system7_0/inst/FCLK_CLK0 | design_enc_i/clefia_enc_0/inst/ap_CS_fsm_state5                                                                                                                  |                                                                                                                                                         |                2 |              8 |         4.00 |
|  design_enc_i/processing_system7_0/inst/FCLK_CLK0 | design_enc_i/clefia_enc_0/inst/reg_5777[7]_i_1_n_0                                                                                                               |                                                                                                                                                         |                2 |              8 |         4.00 |
|  design_enc_i/processing_system7_0/inst/FCLK_CLK0 | design_enc_i/clefia_enc_0/inst/reg_5763[7]_i_1_n_0                                                                                                               |                                                                                                                                                         |                4 |              8 |         2.00 |
|  design_enc_i/processing_system7_0/inst/FCLK_CLK0 | design_enc_i/clefia_enc_0/inst/reg_57730                                                                                                                         |                                                                                                                                                         |                3 |              8 |         2.67 |
|  design_enc_i/processing_system7_0/inst/FCLK_CLK0 | design_enc_i/ps7_0_axi_periph/s00_couplers/auto_pc/inst/gen_axilite.gen_b2s_conv.axilite_b2s/WR.b_channel_0/mhandshake_r                                         | design_enc_i/ps7_0_axi_periph/s00_couplers/auto_pc/inst/gen_axilite.gen_b2s_conv.axilite_b2s/WR.b_channel_0/bid_fifo_0/SR[0]                            |                2 |              8 |         4.00 |
|  design_enc_i/processing_system7_0/inst/FCLK_CLK0 | design_enc_i/clefia_enc_0/inst/reg_5758[7]_i_1_n_0                                                                                                               |                                                                                                                                                         |                4 |              8 |         2.00 |
|  design_enc_i/processing_system7_0/inst/FCLK_CLK0 | design_enc_i/ps7_0_axi_periph/s00_couplers/auto_pc/inst/gen_axilite.gen_b2s_conv.axilite_b2s/WR.aw_channel_0/cmd_translator_0/incr_cmd_0/axaddr_incr[11]_i_1_n_0 |                                                                                                                                                         |                1 |              8 |         8.00 |
|  design_enc_i/processing_system7_0/inst/FCLK_CLK0 | design_enc_i/clefia_enc_0/inst/reg_5768[7]_i_1_n_0                                                                                                               |                                                                                                                                                         |                3 |              8 |         2.67 |
|  design_enc_i/processing_system7_0/inst/FCLK_CLK0 | design_enc_i/clefia_enc_0/inst/reg_57900                                                                                                                         |                                                                                                                                                         |                4 |              8 |         2.00 |
|  design_enc_i/processing_system7_0/inst/FCLK_CLK0 | design_enc_i/clefia_enc_0/inst/reg_5722[7]_i_1_n_0                                                                                                               |                                                                                                                                                         |                3 |              8 |         2.67 |
|  design_enc_i/processing_system7_0/inst/FCLK_CLK0 | design_enc_i/ps7_0_axi_periph/s00_couplers/auto_pc/inst/gen_axilite.gen_b2s_conv.axilite_b2s/WR.aw_channel_0/aw_cmd_fsm_0/m_valid_i_reg[0]                       |                                                                                                                                                         |                3 |              8 |         2.67 |
|  design_enc_i/processing_system7_0/inst/FCLK_CLK0 | design_enc_i/clefia_enc_0/inst/ap_CS_fsm_state2                                                                                                                  |                                                                                                                                                         |                2 |              8 |         4.00 |
|  design_enc_i/processing_system7_0/inst/FCLK_CLK0 | design_enc_i/clefia_enc_0/inst/ap_CS_fsm_state11                                                                                                                 |                                                                                                                                                         |                3 |              8 |         2.67 |
|  design_enc_i/processing_system7_0/inst/FCLK_CLK0 | design_enc_i/clefia_enc_0/inst/reg_5709[7]_i_1_n_0                                                                                                               |                                                                                                                                                         |                6 |              8 |         1.33 |
|  design_enc_i/processing_system7_0/inst/FCLK_CLK0 | design_enc_i/clefia_enc_0/inst/ap_CS_fsm_state3                                                                                                                  |                                                                                                                                                         |                3 |              8 |         2.67 |
|  design_enc_i/processing_system7_0/inst/FCLK_CLK0 | design_enc_i/clefia_enc_0/inst/reg_5753[7]_i_1_n_0                                                                                                               |                                                                                                                                                         |                3 |              8 |         2.67 |
|  design_enc_i/processing_system7_0/inst/FCLK_CLK0 | design_enc_i/clefia_enc_0/inst/ap_CS_fsm_state185                                                                                                                |                                                                                                                                                         |                5 |              8 |         1.60 |
|  design_enc_i/processing_system7_0/inst/FCLK_CLK0 | design_enc_i/clefia_enc_0/inst/reg_5733[7]_i_1_n_0                                                                                                               |                                                                                                                                                         |                2 |              8 |         4.00 |
|  design_enc_i/processing_system7_0/inst/FCLK_CLK0 | design_enc_i/clefia_enc_0/inst/reg_5748[7]_i_1_n_0                                                                                                               |                                                                                                                                                         |                4 |              8 |         2.00 |
|  design_enc_i/processing_system7_0/inst/FCLK_CLK0 | design_enc_i/clefia_enc_0/inst/reg_5743[7]_i_1_n_0                                                                                                               |                                                                                                                                                         |                6 |              8 |         1.33 |
|  design_enc_i/processing_system7_0/inst/FCLK_CLK0 | design_enc_i/clefia_enc_0/inst/ap_CS_fsm_state12                                                                                                                 |                                                                                                                                                         |                3 |              8 |         2.67 |
|  design_enc_i/processing_system7_0/inst/FCLK_CLK0 | design_enc_i/clefia_enc_0/inst/reg_57281                                                                                                                         |                                                                                                                                                         |                2 |              8 |         4.00 |
|  design_enc_i/processing_system7_0/inst/FCLK_CLK0 | design_enc_i/clefia_enc_0/inst/reg_5716[7]_i_1_n_0                                                                                                               |                                                                                                                                                         |                4 |              8 |         2.00 |
|  design_enc_i/processing_system7_0/inst/FCLK_CLK0 | design_enc_i/clefia_enc_0/inst/reg_5728[7]_i_1_n_0                                                                                                               |                                                                                                                                                         |                4 |              8 |         2.00 |
|  design_enc_i/processing_system7_0/inst/FCLK_CLK0 | design_enc_i/clefia_enc_0/inst/reg_5696[7]_i_1_n_0                                                                                                               |                                                                                                                                                         |                5 |              8 |         1.60 |
|  design_enc_i/processing_system7_0/inst/FCLK_CLK0 | design_enc_i/clefia_enc_0/inst/ap_CS_fsm_state209                                                                                                                |                                                                                                                                                         |                7 |              8 |         1.14 |
|  design_enc_i/processing_system7_0/inst/FCLK_CLK0 | design_enc_i/clefia_enc_0/inst/reg_5703[7]_i_1_n_0                                                                                                               |                                                                                                                                                         |                4 |              8 |         2.00 |
|  design_enc_i/processing_system7_0/inst/FCLK_CLK0 | design_enc_i/clefia_enc_0/inst/ap_CS_fsm_state62                                                                                                                 |                                                                                                                                                         |                6 |              8 |         1.33 |
|  design_enc_i/processing_system7_0/inst/FCLK_CLK0 | design_enc_i/clefia_enc_0/inst/ap_CS_fsm_state55                                                                                                                 |                                                                                                                                                         |                3 |              8 |         2.67 |
|  design_enc_i/processing_system7_0/inst/FCLK_CLK0 | design_enc_i/clefia_enc_0/inst/ap_CS_fsm_state60                                                                                                                 |                                                                                                                                                         |                4 |              8 |         2.00 |
|  design_enc_i/processing_system7_0/inst/FCLK_CLK0 | design_enc_i/clefia_enc_0/inst/ap_CS_fsm_state58                                                                                                                 |                                                                                                                                                         |                4 |              8 |         2.00 |
|  design_enc_i/processing_system7_0/inst/FCLK_CLK0 | design_enc_i/clefia_enc_0/inst/ap_CS_fsm_state4                                                                                                                  |                                                                                                                                                         |                2 |              8 |         4.00 |
|  design_enc_i/processing_system7_0/inst/FCLK_CLK0 | design_enc_i/clefia_enc_0/inst/ap_CS_fsm_state14                                                                                                                 |                                                                                                                                                         |                3 |              8 |         2.67 |
|  design_enc_i/processing_system7_0/inst/FCLK_CLK0 |                                                                                                                                                                  | design_enc_i/ps7_0_axi_periph/s00_couplers/auto_pc/inst/gen_axilite.gen_b2s_conv.axilite_b2s/areset_d1                                                  |                6 |             10 |         1.67 |
|  design_enc_i/processing_system7_0/inst/FCLK_CLK0 | design_enc_i/ps7_0_axi_periph/s00_couplers/auto_pc/inst/gen_axilite.gen_b2s_conv.axilite_b2s/RD.r_channel_0/r_push_r                                             |                                                                                                                                                         |                4 |             13 |         3.25 |
|  design_enc_i/processing_system7_0/inst/FCLK_CLK0 | design_enc_i/ps7_0_axi_periph/s00_couplers/auto_pc/inst/gen_axilite.gen_b2s_conv.axilite_b2s/SI_REG/b.b_pipe/s_ready_i_reg_0                                     |                                                                                                                                                         |                3 |             14 |         4.67 |
|  design_enc_i/processing_system7_0/inst/FCLK_CLK0 | design_enc_i/ps7_0_axi_periph/s00_couplers/auto_pc/inst/gen_axilite.gen_b2s_conv.axilite_b2s/SI_REG/b.b_pipe/p_1_in                                              |                                                                                                                                                         |                2 |             14 |         7.00 |
|  design_enc_i/processing_system7_0/inst/FCLK_CLK0 | design_enc_i/clefia_enc_0/inst/ap_CS_fsm_state220                                                                                                                |                                                                                                                                                         |               10 |             16 |         1.60 |
|  design_enc_i/processing_system7_0/inst/FCLK_CLK0 | design_enc_i/clefia_enc_0/inst/ap_CS_fsm_state224                                                                                                                |                                                                                                                                                         |                9 |             16 |         1.78 |
|  design_enc_i/processing_system7_0/inst/FCLK_CLK0 | design_enc_i/clefia_enc_0/inst/ap_CS_fsm_state59                                                                                                                 |                                                                                                                                                         |               10 |             16 |         1.60 |
|  design_enc_i/processing_system7_0/inst/FCLK_CLK0 | design_enc_i/clefia_enc_0/inst/ap_CS_fsm_state66                                                                                                                 |                                                                                                                                                         |                7 |             16 |         2.29 |
|  design_enc_i/processing_system7_0/inst/FCLK_CLK0 | design_enc_i/clefia_enc_0/inst/control_s_axi_U/int_pt/p_0_in0_out__1[16]                                                                                         |                                                                                                                                                         |                2 |             16 |         8.00 |
|  design_enc_i/processing_system7_0/inst/FCLK_CLK0 | design_enc_i/clefia_enc_0/inst/control_s_axi_U/int_pt/p_0_in0_out__1[0]                                                                                          |                                                                                                                                                         |                2 |             16 |         8.00 |
|  design_enc_i/processing_system7_0/inst/FCLK_CLK0 | design_enc_i/clefia_enc_0/inst/control_s_axi_U/int_pt/p_0_in0_out__1[24]                                                                                         |                                                                                                                                                         |                2 |             16 |         8.00 |
|  design_enc_i/processing_system7_0/inst/FCLK_CLK0 | design_enc_i/clefia_enc_0/inst/control_s_axi_U/int_pt/p_0_in0_out__1[8]                                                                                          |                                                                                                                                                         |                2 |             16 |         8.00 |
|  design_enc_i/processing_system7_0/inst/FCLK_CLK0 | design_enc_i/clefia_enc_0/inst/control_s_axi_U/int_ct/p_0_in0_out[0]                                                                                             |                                                                                                                                                         |                2 |             16 |         8.00 |
|  design_enc_i/processing_system7_0/inst/FCLK_CLK0 | design_enc_i/clefia_enc_0/inst/control_s_axi_U/int_ct/p_0_in0_out[16]                                                                                            |                                                                                                                                                         |                2 |             16 |         8.00 |
|  design_enc_i/processing_system7_0/inst/FCLK_CLK0 | design_enc_i/clefia_enc_0/inst/control_s_axi_U/int_skey/p_0_in0_out__0[0]                                                                                        |                                                                                                                                                         |                2 |             16 |         8.00 |
|  design_enc_i/processing_system7_0/inst/FCLK_CLK0 | design_enc_i/clefia_enc_0/inst/control_s_axi_U/int_skey/p_0_in0_out__0[16]                                                                                       |                                                                                                                                                         |                2 |             16 |         8.00 |
|  design_enc_i/processing_system7_0/inst/FCLK_CLK0 | design_enc_i/clefia_enc_0/inst/control_s_axi_U/int_skey/p_0_in0_out__0[8]                                                                                        |                                                                                                                                                         |                2 |             16 |         8.00 |
|  design_enc_i/processing_system7_0/inst/FCLK_CLK0 | design_enc_i/clefia_enc_0/inst/control_s_axi_U/int_skey/p_0_in0_out__0[24]                                                                                       |                                                                                                                                                         |                2 |             16 |         8.00 |
|  design_enc_i/processing_system7_0/inst/FCLK_CLK0 | design_enc_i/clefia_enc_0/inst/rk_U/E[0]                                                                                                                         |                                                                                                                                                         |                7 |             16 |         2.29 |
|  design_enc_i/processing_system7_0/inst/FCLK_CLK0 | design_enc_i/clefia_enc_0/inst/control_s_axi_U/int_ct/p_0_in0_out[24]                                                                                            |                                                                                                                                                         |                2 |             16 |         8.00 |
|  design_enc_i/processing_system7_0/inst/FCLK_CLK0 | design_enc_i/ps7_0_axi_periph/s00_couplers/auto_pc/inst/gen_axilite.gen_b2s_conv.axilite_b2s/WR.aw_channel_0/aw_cmd_fsm_0/m_axi_awready_0                        |                                                                                                                                                         |                3 |             16 |         5.33 |
|  design_enc_i/processing_system7_0/inst/FCLK_CLK0 | design_enc_i/clefia_enc_0/inst/control_s_axi_U/int_ct/p_0_in0_out[8]                                                                                             |                                                                                                                                                         |                2 |             16 |         8.00 |
|  design_enc_i/processing_system7_0/inst/FCLK_CLK0 | design_enc_i/ps7_0_axi_periph/s00_couplers/auto_pc/inst/gen_axilite.gen_b2s_conv.axilite_b2s/RD.ar_channel_0/ar_cmd_fsm_0/m_axi_arready_2                        |                                                                                                                                                         |                7 |             17 |         2.43 |
|  design_enc_i/processing_system7_0/inst/FCLK_CLK0 | design_enc_i/clefia_enc_0/inst/ap_CS_fsm_state19                                                                                                                 |                                                                                                                                                         |                9 |             20 |         2.22 |
|  design_enc_i/processing_system7_0/inst/FCLK_CLK0 | design_enc_i/ps7_0_axi_periph/s00_couplers/auto_pc/inst/gen_axilite.gen_b2s_conv.axilite_b2s/WR.aw_channel_0/aw_cmd_fsm_0/FSM_sequential_state_reg[0]_1          |                                                                                                                                                         |                8 |             20 |         2.50 |
|  design_enc_i/processing_system7_0/inst/FCLK_CLK0 | design_enc_i/clefia_enc_0/inst/ap_CS_fsm_state25                                                                                                                 |                                                                                                                                                         |                9 |             23 |         2.56 |
|  design_enc_i/processing_system7_0/inst/FCLK_CLK0 | design_enc_i/clefia_enc_0/inst/ap_CS_fsm_state21                                                                                                                 |                                                                                                                                                         |                6 |             24 |         4.00 |
|  design_enc_i/processing_system7_0/inst/FCLK_CLK0 | design_enc_i/clefia_enc_0/inst/ap_CS_fsm_state49                                                                                                                 |                                                                                                                                                         |                7 |             24 |         3.43 |
|  design_enc_i/processing_system7_0/inst/FCLK_CLK0 | design_enc_i/clefia_enc_0/inst/ap_CS_fsm_state15                                                                                                                 |                                                                                                                                                         |                4 |             24 |         6.00 |
|  design_enc_i/processing_system7_0/inst/FCLK_CLK0 | design_enc_i/clefia_enc_0/inst/ap_CS_fsm_state6                                                                                                                  |                                                                                                                                                         |                6 |             24 |         4.00 |
|  design_enc_i/processing_system7_0/inst/FCLK_CLK0 | design_enc_i/clefia_enc_0/inst/control_s_axi_U/rdata[31]_i_2_n_0                                                                                                 | design_enc_i/clefia_enc_0/inst/control_s_axi_U/rdata[31]_i_1_n_0                                                                                        |                9 |             26 |         2.89 |
|  design_enc_i/processing_system7_0/inst/FCLK_CLK0 | design_enc_i/ps7_0_axi_periph/s00_couplers/auto_pc/inst/gen_axilite.gen_b2s_conv.axilite_b2s/SI_REG/ar.ar_pipe/s_ready_i_reg_0                                   |                                                                                                                                                         |                7 |             28 |         4.00 |
|  design_enc_i/processing_system7_0/inst/FCLK_CLK0 | design_enc_i/ps7_0_axi_periph/s00_couplers/auto_pc/inst/gen_axilite.gen_b2s_conv.axilite_b2s/WR.aw_channel_0/aw_cmd_fsm_0/E[0]                                   |                                                                                                                                                         |                6 |             28 |         4.67 |
|  design_enc_i/processing_system7_0/inst/FCLK_CLK0 | design_enc_i/clefia_enc_0/inst/ap_CS_fsm_state18                                                                                                                 |                                                                                                                                                         |                9 |             28 |         3.11 |
|  design_enc_i/processing_system7_0/inst/FCLK_CLK0 | design_enc_i/ps7_0_axi_periph/s00_couplers/auto_pc/inst/gen_axilite.gen_b2s_conv.axilite_b2s/SI_REG/aw.aw_pipe/s_ready_i_reg_0                                   |                                                                                                                                                         |                6 |             28 |         4.67 |
|  design_enc_i/processing_system7_0/inst/FCLK_CLK0 | design_enc_i/ps7_0_axi_periph/s00_couplers/auto_pc/inst/gen_axilite.gen_b2s_conv.axilite_b2s/RD.ar_channel_0/ar_cmd_fsm_0/m_valid_i_reg[0]                       |                                                                                                                                                         |                6 |             28 |         4.67 |
|  design_enc_i/processing_system7_0/inst/FCLK_CLK0 | design_enc_i/clefia_enc_0/inst/ap_CS_fsm_state24                                                                                                                 |                                                                                                                                                         |               10 |             31 |         3.10 |
|  design_enc_i/processing_system7_0/inst/FCLK_CLK0 | design_enc_i/clefia_enc_0/inst/control_s_axi_U/int_skey/int_skey_ce1                                                                                             |                                                                                                                                                         |                9 |             32 |         3.56 |
|  design_enc_i/processing_system7_0/inst/FCLK_CLK0 | design_enc_i/clefia_enc_0/inst/control_s_axi_U/int_skey/E[0]                                                                                                     |                                                                                                                                                         |                8 |             32 |         4.00 |
|  design_enc_i/processing_system7_0/inst/FCLK_CLK0 | design_enc_i/clefia_enc_0/inst/ap_CS_fsm_state110                                                                                                                |                                                                                                                                                         |               12 |             32 |         2.67 |
|  design_enc_i/processing_system7_0/inst/FCLK_CLK0 | design_enc_i/clefia_enc_0/inst/ap_CS_fsm_state10                                                                                                                 |                                                                                                                                                         |               17 |             32 |         1.88 |
|  design_enc_i/processing_system7_0/inst/FCLK_CLK0 | design_enc_i/clefia_enc_0/inst/ap_CS_fsm_state198                                                                                                                |                                                                                                                                                         |               11 |             32 |         2.91 |
|  design_enc_i/processing_system7_0/inst/FCLK_CLK0 | design_enc_i/clefia_enc_0/inst/ap_CS_fsm_state102                                                                                                                |                                                                                                                                                         |               11 |             32 |         2.91 |
|  design_enc_i/processing_system7_0/inst/FCLK_CLK0 | design_enc_i/clefia_enc_0/inst/ap_CS_fsm_state118                                                                                                                |                                                                                                                                                         |               11 |             32 |         2.91 |
|  design_enc_i/processing_system7_0/inst/FCLK_CLK0 | design_enc_i/clefia_enc_0/inst/ap_CS_fsm_state214                                                                                                                |                                                                                                                                                         |                9 |             32 |         3.56 |
|  design_enc_i/processing_system7_0/inst/FCLK_CLK0 | design_enc_i/clefia_enc_0/inst/ap_CS_fsm_state126                                                                                                                |                                                                                                                                                         |               11 |             32 |         2.91 |
|  design_enc_i/processing_system7_0/inst/FCLK_CLK0 | design_enc_i/clefia_enc_0/inst/ap_CS_fsm_state187                                                                                                                |                                                                                                                                                         |               21 |             32 |         1.52 |
|  design_enc_i/processing_system7_0/inst/FCLK_CLK0 | design_enc_i/clefia_enc_0/inst/ap_CS_fsm_state219                                                                                                                |                                                                                                                                                         |               18 |             32 |         1.78 |
|  design_enc_i/processing_system7_0/inst/FCLK_CLK0 | design_enc_i/clefia_enc_0/inst/ap_CS_fsm_state179                                                                                                                |                                                                                                                                                         |               21 |             32 |         1.52 |
|  design_enc_i/processing_system7_0/inst/FCLK_CLK0 | design_enc_i/clefia_enc_0/inst/ap_CS_fsm_state147                                                                                                                |                                                                                                                                                         |               24 |             32 |         1.33 |
|  design_enc_i/processing_system7_0/inst/FCLK_CLK0 | design_enc_i/clefia_enc_0/inst/ap_CS_fsm_state171                                                                                                                |                                                                                                                                                         |               14 |             32 |         2.29 |
|  design_enc_i/processing_system7_0/inst/FCLK_CLK0 | design_enc_i/clefia_enc_0/inst/ap_CS_fsm_state134                                                                                                                |                                                                                                                                                         |               11 |             32 |         2.91 |
|  design_enc_i/processing_system7_0/inst/FCLK_CLK0 | design_enc_i/clefia_enc_0/inst/ap_CS_fsm_state163                                                                                                                |                                                                                                                                                         |               19 |             32 |         1.68 |
|  design_enc_i/processing_system7_0/inst/FCLK_CLK0 | design_enc_i/clefia_enc_0/inst/ap_CS_fsm_state131                                                                                                                |                                                                                                                                                         |               19 |             32 |         1.68 |
|  design_enc_i/processing_system7_0/inst/FCLK_CLK0 | design_enc_i/clefia_enc_0/inst/ap_CS_fsm_state182                                                                                                                |                                                                                                                                                         |               11 |             32 |         2.91 |
|  design_enc_i/processing_system7_0/inst/FCLK_CLK0 | design_enc_i/clefia_enc_0/inst/ap_CS_fsm_state222                                                                                                                |                                                                                                                                                         |                9 |             32 |         3.56 |
|  design_enc_i/processing_system7_0/inst/FCLK_CLK0 | design_enc_i/clefia_enc_0/inst/ap_CS_fsm_state195                                                                                                                |                                                                                                                                                         |               23 |             32 |         1.39 |
|  design_enc_i/processing_system7_0/inst/FCLK_CLK0 | design_enc_i/clefia_enc_0/inst/ap_CS_fsm_state64                                                                                                                 |                                                                                                                                                         |                8 |             32 |         4.00 |
|  design_enc_i/processing_system7_0/inst/FCLK_CLK0 | design_enc_i/clefia_enc_0/inst/ap_CS_fsm_state203                                                                                                                |                                                                                                                                                         |               12 |             32 |         2.67 |
|  design_enc_i/processing_system7_0/inst/FCLK_CLK0 | design_enc_i/clefia_enc_0/inst/ap_CS_fsm_state206                                                                                                                |                                                                                                                                                         |               10 |             32 |         3.20 |
|  design_enc_i/processing_system7_0/inst/FCLK_CLK0 | design_enc_i/clefia_enc_0/inst/ap_CS_fsm_state190                                                                                                                |                                                                                                                                                         |               12 |             32 |         2.67 |
|  design_enc_i/processing_system7_0/inst/FCLK_CLK0 | design_enc_i/clefia_enc_0/inst/ap_CS_fsm_state91                                                                                                                 |                                                                                                                                                         |               19 |             32 |         1.68 |
|  design_enc_i/processing_system7_0/inst/FCLK_CLK0 | design_enc_i/clefia_enc_0/inst/ap_CS_fsm_state99                                                                                                                 |                                                                                                                                                         |               18 |             32 |         1.78 |
|  design_enc_i/processing_system7_0/inst/FCLK_CLK0 | design_enc_i/clefia_enc_0/inst/ap_CS_fsm_state123                                                                                                                |                                                                                                                                                         |               26 |             32 |         1.23 |
|  design_enc_i/processing_system7_0/inst/FCLK_CLK0 | design_enc_i/clefia_enc_0/inst/ap_CS_fsm_state226                                                                                                                |                                                                                                                                                         |               12 |             32 |         2.67 |
|  design_enc_i/processing_system7_0/inst/FCLK_CLK0 | design_enc_i/clefia_enc_0/inst/ap_CS_fsm_state94                                                                                                                 |                                                                                                                                                         |                9 |             32 |         3.56 |
|  design_enc_i/processing_system7_0/inst/FCLK_CLK0 | design_enc_i/clefia_enc_0/inst/ap_CS_fsm_state88                                                                                                                 |                                                                                                                                                         |               10 |             32 |         3.20 |
|  design_enc_i/processing_system7_0/inst/FCLK_CLK0 | design_enc_i/clefia_enc_0/inst/ap_CS_fsm_state158                                                                                                                |                                                                                                                                                         |               13 |             32 |         2.46 |
|  design_enc_i/processing_system7_0/inst/FCLK_CLK0 | design_enc_i/clefia_enc_0/inst/ap_CS_fsm_state174                                                                                                                |                                                                                                                                                         |                8 |             32 |         4.00 |
|  design_enc_i/processing_system7_0/inst/FCLK_CLK0 | design_enc_i/clefia_enc_0/inst/ap_CS_fsm_state80                                                                                                                 |                                                                                                                                                         |               10 |             32 |         3.20 |
|  design_enc_i/processing_system7_0/inst/FCLK_CLK0 | design_enc_i/ps7_0_axi_periph/s00_couplers/auto_pc/inst/gen_axilite.gen_b2s_conv.axilite_b2s/RD.r_channel_0/rd_data_fifo_0/wr_en0                                |                                                                                                                                                         |               10 |             32 |         3.20 |
|  design_enc_i/processing_system7_0/inst/FCLK_CLK0 | design_enc_i/clefia_enc_0/inst/ap_CS_fsm_state155                                                                                                                |                                                                                                                                                         |               22 |             32 |         1.45 |
|  design_enc_i/processing_system7_0/inst/FCLK_CLK0 | design_enc_i/clefia_enc_0/inst/ap_CS_fsm_state142                                                                                                                |                                                                                                                                                         |               10 |             32 |         3.20 |
|  design_enc_i/processing_system7_0/inst/FCLK_CLK0 | design_enc_i/clefia_enc_0/inst/control_s_axi_U/int_pt/int_pt_ce1                                                                                                 |                                                                                                                                                         |                6 |             32 |         5.33 |
|  design_enc_i/processing_system7_0/inst/FCLK_CLK0 | design_enc_i/clefia_enc_0/inst/ap_CS_fsm_state166                                                                                                                |                                                                                                                                                         |                8 |             32 |         4.00 |
|  design_enc_i/processing_system7_0/inst/FCLK_CLK0 | design_enc_i/clefia_enc_0/inst/control_s_axi_U/int_pt/E[0]                                                                                                       |                                                                                                                                                         |                8 |             32 |         4.00 |
|  design_enc_i/processing_system7_0/inst/FCLK_CLK0 | design_enc_i/clefia_enc_0/inst/control_s_axi_U/int_ct/ar_hs                                                                                                      |                                                                                                                                                         |                8 |             32 |         4.00 |
|  design_enc_i/processing_system7_0/inst/FCLK_CLK0 | design_enc_i/clefia_enc_0/inst/ap_CS_fsm_state72                                                                                                                 |                                                                                                                                                         |               10 |             32 |         3.20 |
|  design_enc_i/processing_system7_0/inst/FCLK_CLK0 | design_enc_i/clefia_enc_0/inst/ap_CS_fsm_state23                                                                                                                 |                                                                                                                                                         |               10 |             34 |         3.40 |
|  design_enc_i/processing_system7_0/inst/FCLK_CLK0 | design_enc_i/clefia_enc_0/inst/ap_CS_fsm_state17                                                                                                                 |                                                                                                                                                         |                9 |             36 |         4.00 |
|  design_enc_i/processing_system7_0/inst/FCLK_CLK0 | design_enc_i/clefia_enc_0/inst/ap_CS_fsm_state65                                                                                                                 |                                                                                                                                                         |                9 |             40 |         4.44 |
|  design_enc_i/processing_system7_0/inst/FCLK_CLK0 | design_enc_i/clefia_enc_0/inst/ap_CS_fsm_state139                                                                                                                |                                                                                                                                                         |               24 |             40 |         1.67 |
|  design_enc_i/processing_system7_0/inst/FCLK_CLK0 | design_enc_i/clefia_enc_0/inst/ap_CS_fsm_state69                                                                                                                 |                                                                                                                                                         |               19 |             40 |         2.11 |
|  design_enc_i/processing_system7_0/inst/FCLK_CLK0 | design_enc_i/clefia_enc_0/inst/ap_CS_fsm_state107                                                                                                                |                                                                                                                                                         |               24 |             40 |         1.67 |
|  design_enc_i/processing_system7_0/inst/FCLK_CLK0 | design_enc_i/clefia_enc_0/inst/ap_CS_fsm_state7                                                                                                                  |                                                                                                                                                         |               11 |             43 |         3.91 |
|  design_enc_i/processing_system7_0/inst/FCLK_CLK0 | design_enc_i/ps7_0_axi_periph/s00_couplers/auto_pc/inst/gen_axilite.gen_b2s_conv.axilite_b2s/SI_REG/r.r_pipe/s_ready_i_reg_0                                     |                                                                                                                                                         |                7 |             45 |         6.43 |
|  design_enc_i/processing_system7_0/inst/FCLK_CLK0 | design_enc_i/ps7_0_axi_periph/s00_couplers/auto_pc/inst/gen_axilite.gen_b2s_conv.axilite_b2s/SI_REG/r.r_pipe/p_1_in                                              |                                                                                                                                                         |                7 |             45 |         6.43 |
|  design_enc_i/processing_system7_0/inst/FCLK_CLK0 | design_enc_i/clefia_enc_0/inst/ap_CS_fsm_state189                                                                                                                |                                                                                                                                                         |                9 |             48 |         5.33 |
|  design_enc_i/processing_system7_0/inst/FCLK_CLK0 | design_enc_i/clefia_enc_0/inst/ap_CS_fsm_state181                                                                                                                |                                                                                                                                                         |                8 |             48 |         6.00 |
|  design_enc_i/processing_system7_0/inst/FCLK_CLK0 | design_enc_i/clefia_enc_0/inst/ap_CS_fsm_state157                                                                                                                |                                                                                                                                                         |               13 |             48 |         3.69 |
|  design_enc_i/processing_system7_0/inst/FCLK_CLK0 | design_enc_i/clefia_enc_0/inst/ap_CS_fsm_state115                                                                                                                |                                                                                                                                                         |               27 |             48 |         1.78 |
|  design_enc_i/processing_system7_0/inst/FCLK_CLK0 | design_enc_i/clefia_enc_0/inst/ap_CS_fsm_state117                                                                                                                |                                                                                                                                                         |                8 |             48 |         6.00 |
|  design_enc_i/processing_system7_0/inst/FCLK_CLK0 | design_enc_i/clefia_enc_0/inst/ap_CS_fsm_state141                                                                                                                |                                                                                                                                                         |               11 |             48 |         4.36 |
|  design_enc_i/processing_system7_0/inst/FCLK_CLK0 | design_enc_i/clefia_enc_0/inst/ap_CS_fsm_state125                                                                                                                |                                                                                                                                                         |               10 |             48 |         4.80 |
|  design_enc_i/processing_system7_0/inst/FCLK_CLK0 | design_enc_i/clefia_enc_0/inst/ap_CS_fsm_state109                                                                                                                |                                                                                                                                                         |               13 |             48 |         3.69 |
|  design_enc_i/processing_system7_0/inst/FCLK_CLK0 | design_enc_i/clefia_enc_0/inst/ap_CS_fsm_state173                                                                                                                |                                                                                                                                                         |                9 |             48 |         5.33 |
|  design_enc_i/processing_system7_0/inst/FCLK_CLK0 | design_enc_i/clefia_enc_0/inst/ap_CS_fsm_state101                                                                                                                |                                                                                                                                                         |               12 |             48 |         4.00 |
|  design_enc_i/processing_system7_0/inst/FCLK_CLK0 | design_enc_i/clefia_enc_0/inst/ap_CS_fsm_state149                                                                                                                |                                                                                                                                                         |               12 |             48 |         4.00 |
|  design_enc_i/processing_system7_0/inst/FCLK_CLK0 | design_enc_i/clefia_enc_0/inst/ap_CS_fsm_state150                                                                                                                |                                                                                                                                                         |               19 |             48 |         2.53 |
|  design_enc_i/processing_system7_0/inst/FCLK_CLK0 | design_enc_i/clefia_enc_0/inst/ap_CS_fsm_state197                                                                                                                |                                                                                                                                                         |               10 |             48 |         4.80 |
|  design_enc_i/processing_system7_0/inst/FCLK_CLK0 | design_enc_i/clefia_enc_0/inst/ap_CS_fsm_state133                                                                                                                |                                                                                                                                                         |               11 |             48 |         4.36 |
|  design_enc_i/processing_system7_0/inst/FCLK_CLK0 | design_enc_i/clefia_enc_0/inst/ap_CS_fsm_state85                                                                                                                 |                                                                                                                                                         |               22 |             48 |         2.18 |
|  design_enc_i/processing_system7_0/inst/FCLK_CLK0 | design_enc_i/clefia_enc_0/inst/ap_CS_fsm_state205                                                                                                                |                                                                                                                                                         |               11 |             48 |         4.36 |
|  design_enc_i/processing_system7_0/inst/FCLK_CLK0 | design_enc_i/clefia_enc_0/inst/ap_CS_fsm_state165                                                                                                                |                                                                                                                                                         |               10 |             48 |         4.80 |
|  design_enc_i/processing_system7_0/inst/FCLK_CLK0 | design_enc_i/clefia_enc_0/inst/ap_CS_fsm_state87                                                                                                                 |                                                                                                                                                         |                9 |             48 |         5.33 |
|  design_enc_i/processing_system7_0/inst/FCLK_CLK0 | design_enc_i/clefia_enc_0/inst/ap_CS_fsm_state93                                                                                                                 |                                                                                                                                                         |               11 |             48 |         4.36 |
|  design_enc_i/processing_system7_0/inst/FCLK_CLK0 | design_enc_i/clefia_enc_0/inst/ap_CS_fsm_state61                                                                                                                 |                                                                                                                                                         |               18 |             51 |         2.83 |
|  design_enc_i/processing_system7_0/inst/FCLK_CLK0 | design_enc_i/clefia_enc_0/inst/ap_CS_fsm_state71                                                                                                                 |                                                                                                                                                         |               17 |             56 |         3.29 |
|  design_enc_i/processing_system7_0/inst/FCLK_CLK0 | design_enc_i/clefia_enc_0/inst/ap_CS_fsm_state221                                                                                                                |                                                                                                                                                         |               13 |             56 |         4.31 |
|  design_enc_i/processing_system7_0/inst/FCLK_CLK0 | design_enc_i/clefia_enc_0/inst/ap_CS_fsm_state28                                                                                                                 |                                                                                                                                                         |               17 |             57 |         3.35 |
|  design_enc_i/processing_system7_0/inst/FCLK_CLK0 | design_enc_i/clefia_enc_0/inst/ap_CS_fsm_state22                                                                                                                 |                                                                                                                                                         |               11 |             59 |         5.36 |
|  design_enc_i/processing_system7_0/inst/FCLK_CLK0 | design_enc_i/clefia_enc_0/inst/ap_CS_fsm_state16                                                                                                                 |                                                                                                                                                         |               19 |             61 |         3.21 |
|  design_enc_i/processing_system7_0/inst/FCLK_CLK0 | design_enc_i/clefia_enc_0/inst/ap_CS_fsm_state29                                                                                                                 |                                                                                                                                                         |               18 |             64 |         3.56 |
|  design_enc_i/processing_system7_0/inst/FCLK_CLK0 | design_enc_i/clefia_enc_0/inst/ap_CS_fsm_state40                                                                                                                 |                                                                                                                                                         |               22 |             64 |         2.91 |
|  design_enc_i/processing_system7_0/inst/FCLK_CLK0 | design_enc_i/clefia_enc_0/inst/ap_CS_fsm_state223                                                                                                                |                                                                                                                                                         |               22 |             64 |         2.91 |
|  design_enc_i/processing_system7_0/inst/FCLK_CLK0 | design_enc_i/clefia_enc_0/inst/ap_CS_fsm_state225                                                                                                                |                                                                                                                                                         |               17 |             64 |         3.76 |
|  design_enc_i/processing_system7_0/inst/FCLK_CLK0 | design_enc_i/clefia_enc_0/inst/ap_CS_fsm_state50                                                                                                                 |                                                                                                                                                         |               16 |             72 |         4.50 |
|  design_enc_i/processing_system7_0/inst/FCLK_CLK0 | design_enc_i/clefia_enc_0/inst/ap_CS_fsm_state8                                                                                                                  |                                                                                                                                                         |               18 |             76 |         4.22 |
|  design_enc_i/processing_system7_0/inst/FCLK_CLK0 | design_enc_i/clefia_enc_0/inst/ap_CS_fsm_state27                                                                                                                 |                                                                                                                                                         |               19 |             77 |         4.05 |
|  design_enc_i/processing_system7_0/inst/FCLK_CLK0 | design_enc_i/clefia_enc_0/inst/ap_CS_fsm_state26                                                                                                                 |                                                                                                                                                         |               14 |             78 |         5.57 |
|  design_enc_i/processing_system7_0/inst/FCLK_CLK0 | design_enc_i/clefia_enc_0/inst/ap_CS_fsm_state45                                                                                                                 |                                                                                                                                                         |               20 |             78 |         3.90 |
|  design_enc_i/processing_system7_0/inst/FCLK_CLK0 | design_enc_i/clefia_enc_0/inst/ap_CS_fsm_state213                                                                                                                |                                                                                                                                                         |               22 |             80 |         3.64 |
|  design_enc_i/processing_system7_0/inst/FCLK_CLK0 | design_enc_i/clefia_enc_0/inst/ap_CS_fsm_state77                                                                                                                 |                                                                                                                                                         |               41 |             80 |         1.95 |
|  design_enc_i/processing_system7_0/inst/FCLK_CLK0 | design_enc_i/clefia_enc_0/inst/ap_CS_fsm_state31                                                                                                                 |                                                                                                                                                         |               33 |             80 |         2.42 |
|  design_enc_i/processing_system7_0/inst/FCLK_CLK0 | design_enc_i/clefia_enc_0/inst/ap_CS_fsm_state30                                                                                                                 |                                                                                                                                                         |               20 |             86 |         4.30 |
|  design_enc_i/processing_system7_0/inst/FCLK_CLK0 | design_enc_i/clefia_enc_0/inst/ap_CS_fsm_state39                                                                                                                 |                                                                                                                                                         |               32 |             90 |         2.81 |
|  design_enc_i/processing_system7_0/inst/FCLK_CLK0 | design_enc_i/clefia_enc_0/inst/ap_CS_fsm_state37                                                                                                                 |                                                                                                                                                         |               24 |             93 |         3.88 |
|  design_enc_i/processing_system7_0/inst/FCLK_CLK0 | design_enc_i/clefia_enc_0/inst/ap_CS_fsm_state36                                                                                                                 |                                                                                                                                                         |               33 |             99 |         3.00 |
|  design_enc_i/processing_system7_0/inst/FCLK_CLK0 | design_enc_i/clefia_enc_0/inst/ap_CS_fsm_state9                                                                                                                  |                                                                                                                                                         |               27 |            102 |         3.78 |
|  design_enc_i/processing_system7_0/inst/FCLK_CLK0 | design_enc_i/clefia_enc_0/inst/ap_CS_fsm_state34                                                                                                                 |                                                                                                                                                         |               26 |            104 |         4.00 |
|  design_enc_i/processing_system7_0/inst/FCLK_CLK0 | design_enc_i/clefia_enc_0/inst/ap_CS_fsm_state42                                                                                                                 |                                                                                                                                                         |               42 |            104 |         2.48 |
|  design_enc_i/processing_system7_0/inst/FCLK_CLK0 | design_enc_i/clefia_enc_0/inst/ap_CS_fsm_state43                                                                                                                 |                                                                                                                                                         |               26 |            111 |         4.27 |
|  design_enc_i/processing_system7_0/inst/FCLK_CLK0 | design_enc_i/clefia_enc_0/inst/ap_CS_fsm_state41                                                                                                                 |                                                                                                                                                         |               27 |            114 |         4.22 |
|  design_enc_i/processing_system7_0/inst/FCLK_CLK0 |                                                                                                                                                                  |                                                                                                                                                         |               32 |            115 |         3.59 |
|  design_enc_i/processing_system7_0/inst/FCLK_CLK0 | design_enc_i/clefia_enc_0/inst/ap_CS_fsm_state33                                                                                                                 |                                                                                                                                                         |               49 |            116 |         2.37 |
|  design_enc_i/processing_system7_0/inst/FCLK_CLK0 | design_enc_i/clefia_enc_0/inst/ap_CS_fsm_state78                                                                                                                 |                                                                                                                                                         |               29 |            117 |         4.03 |
|  design_enc_i/processing_system7_0/inst/FCLK_CLK0 | design_enc_i/clefia_enc_0/inst/ap_CS_fsm_state44                                                                                                                 |                                                                                                                                                         |               39 |            125 |         3.21 |
|  design_enc_i/processing_system7_0/inst/FCLK_CLK0 | design_enc_i/clefia_enc_0/inst/ap_CS_fsm_state32                                                                                                                 |                                                                                                                                                         |               25 |            128 |         5.12 |
|  design_enc_i/processing_system7_0/inst/FCLK_CLK0 | design_enc_i/clefia_enc_0/inst/ap_CS_fsm_state48                                                                                                                 |                                                                                                                                                         |               55 |            133 |         2.42 |
|  design_enc_i/processing_system7_0/inst/FCLK_CLK0 | design_enc_i/clefia_enc_0/inst/ap_CS_fsm_state38                                                                                                                 |                                                                                                                                                         |               40 |            148 |         3.70 |
|  design_enc_i/processing_system7_0/inst/FCLK_CLK0 | design_enc_i/clefia_enc_0/inst/ap_CS_fsm_state35                                                                                                                 |                                                                                                                                                         |               39 |            153 |         3.92 |
|  design_enc_i/processing_system7_0/inst/FCLK_CLK0 | design_enc_i/clefia_enc_0/inst/ap_CS_fsm_state46                                                                                                                 |                                                                                                                                                         |               43 |            178 |         4.14 |
|  design_enc_i/processing_system7_0/inst/FCLK_CLK0 | design_enc_i/clefia_enc_0/inst/ap_CS_fsm_state79                                                                                                                 |                                                                                                                                                         |               80 |            232 |         2.90 |
|  design_enc_i/processing_system7_0/inst/FCLK_CLK0 | design_enc_i/clefia_enc_0/inst/ap_CS_fsm_state47                                                                                                                 |                                                                                                                                                         |               85 |            260 |         3.06 |
|  design_enc_i/processing_system7_0/inst/FCLK_CLK0 |                                                                                                                                                                  | design_enc_i/clefia_enc_0/inst/control_s_axi_U/ap_rst_n_inv                                                                                             |              120 |            260 |         2.17 |
|  design_enc_i/processing_system7_0/inst/FCLK_CLK0 | design_enc_i/clefia_enc_0/inst/ap_CS_fsm_state51                                                                                                                 |                                                                                                                                                         |               96 |            280 |         2.92 |
+---------------------------------------------------+------------------------------------------------------------------------------------------------------------------------------------------------------------------+---------------------------------------------------------------------------------------------------------------------------------------------------------+------------------+----------------+--------------+


